2025-01-19 11:40:44,631 - INFO - Starting new training session. Logging to: logs/training_20250119_114044.log
2025-01-19 11:40:44,631 - INFO - Starting new training session. Logging to: logs/training_20250119_114044.log
2025-01-19 11:40:46,089 - INFO - Processing APLT - 2025-01-08 15:50:40 UTC
2025-01-19 11:40:46,096 - INFO - Processing APLS - 2025-01-13 22:23:46 UTC
2025-01-19 11:40:47,251 - INFO - Retrieved article length: 5634 characters
2025-01-19 11:40:47,275 - INFO - Retrieved article length: 533 characters
2025-01-19 11:40:47,377 - INFO - APLT: 1h change of -21.99%
2025-01-19 11:40:47,393 - INFO - APLS: 1h change of -3.25%
2025-01-19 11:40:47,484 - INFO - APLS: 1wk change of -10.53%
2025-01-19 11:40:47,539 - INFO - APLT: 1wk change of -19.88%
2025-01-19 11:40:47,581 - INFO - APLS: 1mo change of -14.52%
2025-01-19 11:40:47,630 - INFO - APLT: 1mo change of -52.68%
2025-01-19 11:40:48,082 - INFO - Processing APLS - 2025-01-13 17:00:00 UTC
2025-01-19 11:40:48,135 - INFO - Processing APLT - 2025-01-06 17:13:26 UTC
2025-01-19 11:40:49,296 - INFO - Retrieved article length: 21204 characters
2025-01-19 11:40:49,304 - INFO - APLS: 1h change of -3.25%
2025-01-19 11:40:49,339 - INFO - Retrieved article length: 7732 characters
2025-01-19 11:40:49,345 - INFO - APLS: 1wk change of -10.53%
2025-01-19 11:40:49,409 - INFO - APLS: 1mo change of -14.52%
2025-01-19 11:40:49,430 - INFO - APLT: 1h change of -13.31%
2025-01-19 11:40:49,518 - INFO - APLT: 1wk change of -22.74%
2025-01-19 11:40:49,611 - INFO - APLT: 1mo change of -62.69%
2025-01-19 11:40:49,910 - INFO - Processing APLS - 2025-01-10 15:00:00 UTC
2025-01-19 11:40:50,115 - INFO - Processing APLT - 2024-12-23 15:11:40 UTC
2025-01-19 11:40:51,068 - INFO - Retrieved article length: 4623 characters
2025-01-19 11:40:51,172 - INFO - APLS: 1h change of -19.13%
2025-01-19 11:40:51,261 - INFO - APLS: 1wk change of -6.19%
2025-01-19 11:40:51,276 - INFO - Retrieved article length: 517 characters
2025-01-19 11:40:51,368 - INFO - APLS: 1mo change of -10.62%
2025-01-19 11:40:51,372 - INFO - APLT: 1h change of 3.30%
2025-01-19 11:40:51,456 - INFO - APLT: 1wk change of -25.57%
2025-01-19 11:40:51,551 - INFO - APLT: 1mo change of -92.45%
2025-01-19 11:40:51,871 - INFO - Processing APLS - 2025-01-08 00:05:00 UTC
2025-01-19 11:40:52,059 - INFO - Processing APLT - 2024-12-21 01:15:51 UTC
2025-01-19 11:40:53,120 - INFO - Retrieved article length: 3677 characters
2025-01-19 11:40:53,210 - INFO - Retrieved article length: 3621 characters
2025-01-19 11:40:53,210 - INFO - APLS: 1h change of -4.11%
2025-01-19 11:40:53,301 - INFO - APLT: 1h change of -11.99%
2025-01-19 11:40:53,314 - INFO - APLS: 1wk change of -6.16%
2025-01-19 11:40:53,390 - INFO - APLT: 1wk change of -34.27%
2025-01-19 11:40:53,406 - INFO - APLS: 1mo change of -12.29%
2025-01-19 11:40:53,519 - INFO - APLT: 1mo change of -92.45%
2025-01-19 11:40:53,907 - INFO - Processing APLS - 2025-01-07 15:56:05 UTC
2025-01-19 11:40:54,034 - INFO - Processing APLT - 2024-12-20 15:45:34 UTC
2025-01-19 11:40:55,076 - INFO - Retrieved article length: 531 characters
2025-01-19 11:40:55,160 - INFO - APLS: 1h change of -4.11%
2025-01-19 11:40:55,202 - INFO - Retrieved article length: 527 characters
2025-01-19 11:40:55,259 - INFO - APLS: 1wk change of -6.80%
2025-01-19 11:40:55,286 - INFO - APLT: 1h change of -11.99%
2025-01-19 11:40:55,345 - INFO - APLS: 1mo change of -13.56%
2025-01-19 11:40:55,377 - INFO - APLT: 1wk change of -29.50%
2025-01-19 11:40:55,477 - INFO - APLT: 1mo change of -92.49%
2025-01-19 11:40:55,851 - INFO - Processing APLS - 2025-01-06 15:00:00 UTC
2025-01-19 11:40:55,983 - INFO - Processing APLT - 2024-12-20 15:40:10 UTC
2025-01-19 11:40:57,092 - INFO - Retrieved article length: 1506 characters
2025-01-19 11:40:57,177 - INFO - Retrieved article length: 540 characters
2025-01-19 11:40:57,184 - INFO - APLT: 1h change of -11.99%
2025-01-19 11:40:57,190 - INFO - APLT: 1wk change of -29.50%
2025-01-19 11:40:57,238 - INFO - APLT: 1mo change of -92.49%
2025-01-19 11:40:57,273 - INFO - APLS: 1wk change of -11.17%
2025-01-19 11:40:57,416 - INFO - APLS: 1mo change of -15.49%
2025-01-19 11:40:57,743 - INFO - Processing APLT - 2024-12-20 15:00:00 UTC
2025-01-19 11:40:57,917 - INFO - Processing APLS - 2025-01-03 21:02:45 UTC
