2025-01-19 15:05:43,136 - INFO - Starting new training session. Logging to: logs/training_20250119_150543.log
2025-01-19 15:05:43,136 - INFO -  Starting Market ML Training...
2025-01-19 15:05:43,136 - INFO - Loaded 3826 symbols
2025-01-19 15:05:43,136 - INFO -  Starting training process...
2025-01-19 15:05:43,136 - INFO - 
Processing chunk 1/77
2025-01-19 15:07:10,034 - INFO - Total samples collected so far: 323
2025-01-19 15:07:10,064 - INFO - Taking a break between chunks...
2025-01-19 15:07:20,065 - INFO - 
Processing chunk 2/77
2025-01-19 15:08:48,208 - INFO - Total samples collected so far: 636
2025-01-19 15:08:48,251 - INFO - Taking a break between chunks...
2025-01-19 15:08:58,251 - INFO - 
Processing chunk 3/77
2025-01-19 15:10:28,515 - INFO - Total samples collected so far: 935
2025-01-19 15:10:28,540 - INFO - Taking a break between chunks...
2025-01-19 15:10:38,541 - INFO - 
Processing chunk 4/77
2025-01-19 15:12:33,990 - INFO - Total samples collected so far: 1271
2025-01-19 15:12:34,017 - INFO - Taking a break between chunks...
2025-01-19 15:12:44,018 - INFO - 
Processing chunk 5/77
2025-01-19 15:14:33,571 - INFO - Total samples collected so far: 1595
2025-01-19 15:14:33,596 - INFO - Taking a break between chunks...
2025-01-19 15:14:43,597 - INFO - 
Processing chunk 6/77
2025-01-19 15:16:33,723 - INFO - Total samples collected so far: 1898
2025-01-19 15:16:33,746 - INFO - Taking a break between chunks...
2025-01-19 15:16:43,746 - INFO - 
Processing chunk 7/77
2025-01-19 15:18:37,813 - INFO - Total samples collected so far: 2202
2025-01-19 15:18:37,839 - INFO - Taking a break between chunks...
2025-01-19 15:18:47,840 - INFO - 
Processing chunk 8/77
2025-01-19 15:19:03,532 - INFO - Total samples collected so far: 2202
2025-01-19 15:19:03,568 - INFO - Taking a break between chunks...
2025-01-19 15:19:13,570 - INFO - 
Processing chunk 9/77
2025-01-19 15:20:28,474 - INFO - Total samples collected so far: 2448
2025-01-19 15:20:28,509 - INFO - Taking a break between chunks...
2025-01-19 15:20:38,511 - INFO - 
Processing chunk 10/77
2025-01-19 15:21:58,424 - INFO - Total samples collected so far: 2624
2025-01-19 15:21:58,453 - INFO - Taking a break between chunks...
2025-01-19 15:22:08,455 - INFO - 
Processing chunk 11/77
2025-01-19 15:23:23,498 - INFO - Total samples collected so far: 2871
2025-01-19 15:23:23,526 - INFO - Taking a break between chunks...
2025-01-19 15:23:33,526 - INFO - 
Processing chunk 12/77
2025-01-19 15:25:17,601 - INFO - Total samples collected so far: 3211
2025-01-19 15:25:17,628 - INFO - Taking a break between chunks...
2025-01-19 15:25:27,630 - INFO - 
Processing chunk 13/77
2025-01-19 15:27:00,175 - INFO - Total samples collected so far: 3412
2025-01-19 15:27:00,201 - INFO - Taking a break between chunks...
2025-01-19 15:27:10,202 - INFO - 
Processing chunk 14/77
2025-01-19 15:27:26,062 - INFO - Total samples collected so far: 3412
2025-01-19 15:27:26,091 - INFO - Taking a break between chunks...
2025-01-19 15:27:36,092 - INFO - 
Processing chunk 15/77
2025-01-19 15:27:51,459 - INFO - Total samples collected so far: 3412
2025-01-19 15:27:51,492 - INFO - Taking a break between chunks...
2025-01-19 15:28:01,492 - INFO - 
Processing chunk 16/77
2025-01-19 15:29:34,586 - INFO - Total samples collected so far: 3741
2025-01-19 15:29:34,611 - INFO - Taking a break between chunks...
2025-01-19 15:29:44,613 - INFO - 
Processing chunk 17/77
2025-01-19 15:30:31,594 - INFO - Total samples collected so far: 3817
2025-01-19 15:30:31,631 - INFO - Taking a break between chunks...
2025-01-19 15:30:41,632 - INFO - 
Processing chunk 18/77
2025-01-19 15:31:50,997 - INFO - Total samples collected so far: 3975
2025-01-19 15:31:51,030 - INFO - Taking a break between chunks...
2025-01-19 15:32:01,031 - INFO - 
Processing chunk 19/77
2025-01-19 15:33:24,356 - INFO - Total samples collected so far: 4270
2025-01-19 15:33:24,398 - INFO - Taking a break between chunks...
2025-01-19 15:33:34,399 - INFO - 
Processing chunk 20/77
2025-01-19 15:35:06,368 - INFO - Total samples collected so far: 4579
2025-01-19 15:35:06,399 - INFO - Taking a break between chunks...
2025-01-19 15:35:16,400 - INFO - 
Processing chunk 21/77
2025-01-19 15:36:50,036 - INFO - Total samples collected so far: 4856
2025-01-19 15:36:50,074 - INFO - Taking a break between chunks...
2025-01-19 15:37:00,075 - INFO - 
Processing chunk 22/77
2025-01-19 15:37:17,128 - INFO - Total samples collected so far: 4856
2025-01-19 15:37:17,169 - INFO - Taking a break between chunks...
2025-01-19 15:37:27,170 - INFO - 
Processing chunk 23/77
2025-01-19 15:37:43,190 - INFO - Total samples collected so far: 4856
2025-01-19 15:37:43,237 - INFO - Taking a break between chunks...
2025-01-19 15:37:53,239 - INFO - 
Processing chunk 24/77
2025-01-19 15:38:09,913 - INFO - Total samples collected so far: 4856
2025-01-19 15:38:09,961 - INFO - Taking a break between chunks...
2025-01-19 15:38:19,962 - INFO - 
Processing chunk 25/77
2025-01-19 15:38:34,676 - INFO - Total samples collected so far: 4856
2025-01-19 15:38:34,713 - INFO - Taking a break between chunks...
2025-01-19 15:38:44,714 - INFO - 
Processing chunk 26/77
2025-01-19 15:39:01,354 - INFO - Total samples collected so far: 4856
2025-01-19 15:39:01,382 - INFO - Taking a break between chunks...
2025-01-19 15:39:11,383 - INFO - 
Processing chunk 27/77
2025-01-19 15:39:27,127 - INFO - Total samples collected so far: 4856
2025-01-19 15:39:27,160 - INFO - Taking a break between chunks...
2025-01-19 15:39:37,161 - INFO - 
Processing chunk 28/77
2025-01-19 15:39:54,245 - INFO - Total samples collected so far: 4856
2025-01-19 15:39:54,283 - INFO - Taking a break between chunks...
2025-01-19 15:40:04,284 - INFO - 
Processing chunk 29/77
2025-01-19 15:41:30,450 - INFO - Total samples collected so far: 5159
2025-01-19 15:41:30,477 - INFO - Taking a break between chunks...
2025-01-19 15:41:40,478 - INFO - 
Processing chunk 30/77
2025-01-19 15:43:06,242 - INFO - Total samples collected so far: 5449
2025-01-19 15:43:06,266 - INFO - Taking a break between chunks...
2025-01-19 15:43:16,267 - INFO - 
Processing chunk 31/77
2025-01-19 15:44:20,419 - INFO - Total samples collected so far: 5621
2025-01-19 15:44:20,450 - INFO - Taking a break between chunks...
2025-01-19 15:44:30,451 - INFO - 
Processing chunk 32/77
2025-01-19 15:45:00,934 - INFO - Total samples collected so far: 5663
2025-01-19 15:45:00,957 - INFO - Taking a break between chunks...
2025-01-19 15:45:10,959 - INFO - 
Processing chunk 33/77
2025-01-19 15:46:25,324 - INFO - Total samples collected so far: 5917
2025-01-19 15:46:25,355 - INFO - Taking a break between chunks...
2025-01-19 15:46:35,357 - INFO - 
Processing chunk 34/77
2025-01-19 15:47:30,725 - INFO - Total samples collected so far: 6102
2025-01-19 15:47:30,753 - INFO - Taking a break between chunks...
2025-01-19 15:47:40,753 - INFO - 
Processing chunk 35/77
2025-01-19 15:49:15,858 - INFO - Total samples collected so far: 6415
2025-01-19 15:49:15,889 - INFO - Taking a break between chunks...
2025-01-19 15:49:25,889 - INFO - 
Processing chunk 36/77
2025-01-19 15:51:05,811 - INFO - Total samples collected so far: 6692
2025-01-19 15:51:05,838 - INFO - Taking a break between chunks...
2025-01-19 15:51:15,839 - INFO - 
Processing chunk 37/77
2025-01-19 15:52:31,777 - INFO - Total samples collected so far: 6893
2025-01-19 15:52:31,805 - INFO - Taking a break between chunks...
2025-01-19 15:52:41,806 - INFO - 
Processing chunk 38/77
2025-01-19 15:54:22,174 - INFO - Total samples collected so far: 7014
2025-01-19 15:54:22,212 - INFO - Taking a break between chunks...
2025-01-19 15:54:32,213 - INFO - 
Processing chunk 39/77
2025-01-19 15:56:22,007 - INFO - Total samples collected so far: 7217
2025-01-19 15:56:22,033 - INFO - Taking a break between chunks...
2025-01-19 15:56:32,034 - INFO - 
Processing chunk 40/77
2025-01-19 15:58:13,153 - INFO - Total samples collected so far: 7562
2025-01-19 15:58:13,184 - INFO - Taking a break between chunks...
2025-01-19 15:58:23,185 - INFO - 
Processing chunk 41/77
2025-01-19 16:00:14,220 - INFO - Total samples collected so far: 7846
2025-01-19 16:00:14,246 - INFO - Taking a break between chunks...
2025-01-19 16:00:24,248 - INFO - 
Processing chunk 42/77
2025-01-19 16:01:52,558 - INFO - Total samples collected so far: 8148
2025-01-19 16:01:52,589 - INFO - Taking a break between chunks...
2025-01-19 16:02:02,591 - INFO - 
Processing chunk 43/77
2025-01-19 16:03:38,041 - INFO - Total samples collected so far: 8348
2025-01-19 16:03:38,063 - INFO - Taking a break between chunks...
2025-01-19 16:03:48,064 - INFO - 
Processing chunk 44/77
2025-01-19 16:05:19,624 - INFO - Total samples collected so far: 8624
2025-01-19 16:05:19,654 - INFO - Taking a break between chunks...
2025-01-19 16:05:29,655 - INFO - 
Processing chunk 45/77
2025-01-19 16:07:01,228 - INFO - Total samples collected so far: 8934
2025-01-19 16:07:01,252 - INFO - Taking a break between chunks...
2025-01-19 16:07:11,253 - INFO - 
Processing chunk 46/77
2025-01-19 16:08:53,023 - INFO - Total samples collected so far: 9218
2025-01-19 16:08:53,050 - INFO - Taking a break between chunks...
2025-01-19 16:09:03,051 - INFO - 
Processing chunk 47/77
2025-01-19 16:11:07,456 - INFO - Total samples collected so far: 9436
2025-01-19 16:11:07,485 - INFO - Taking a break between chunks...
2025-01-19 16:11:17,486 - INFO - 
Processing chunk 48/77
2025-01-19 16:12:57,649 - INFO - Total samples collected so far: 9719
2025-01-19 16:12:57,684 - INFO - Taking a break between chunks...
2025-01-19 16:13:07,685 - INFO - 
Processing chunk 49/77
2025-01-19 16:14:53,368 - INFO - Total samples collected so far: 9897
2025-01-19 16:14:53,394 - INFO - Taking a break between chunks...
2025-01-19 16:15:03,396 - INFO - 
Processing chunk 50/77
2025-01-19 16:16:32,473 - INFO - Total samples collected so far: 10209
2025-01-19 16:16:32,502 - INFO - Taking a break between chunks...
2025-01-19 16:16:42,503 - INFO - 
Processing chunk 51/77
2025-01-19 16:18:47,686 - INFO - Total samples collected so far: 10521
2025-01-19 16:18:47,734 - INFO - Taking a break between chunks...
2025-01-19 16:18:57,735 - INFO - 
Processing chunk 52/77
2025-01-19 16:20:55,210 - INFO - Total samples collected so far: 10684
2025-01-19 16:20:55,246 - INFO - Taking a break between chunks...
2025-01-19 16:21:05,248 - INFO - 
Processing chunk 53/77
2025-01-19 16:23:18,457 - INFO - Total samples collected so far: 10736
2025-01-19 16:23:18,487 - INFO - Taking a break between chunks...
2025-01-19 16:23:28,489 - INFO - 
Processing chunk 54/77
2025-01-19 16:25:37,932 - INFO - Total samples collected so far: 10931
2025-01-19 16:25:37,969 - INFO - Taking a break between chunks...
2025-01-19 16:25:47,969 - INFO - 
Processing chunk 55/77
2025-01-19 16:27:29,398 - INFO - Total samples collected so far: 11221
2025-01-19 16:27:29,439 - INFO - Taking a break between chunks...
2025-01-19 16:27:39,440 - INFO - 
Processing chunk 56/77
2025-01-19 16:29:20,284 - INFO - Total samples collected so far: 11476
2025-01-19 16:29:20,311 - INFO - Taking a break between chunks...
2025-01-19 16:29:30,312 - INFO - 
Processing chunk 57/77
2025-01-19 16:31:05,648 - INFO - Total samples collected so far: 11800
2025-01-19 16:31:05,676 - INFO - Taking a break between chunks...
2025-01-19 16:31:15,676 - INFO - 
Processing chunk 58/77
2025-01-19 16:33:22,511 - INFO - Total samples collected so far: 11958
2025-01-19 16:33:22,539 - INFO - Taking a break between chunks...
2025-01-19 16:33:32,540 - INFO - 
Processing chunk 59/77
2025-01-19 16:35:34,769 - INFO - Total samples collected so far: 12179
2025-01-19 16:35:34,807 - INFO - Taking a break between chunks...
2025-01-19 16:35:44,808 - INFO - 
Processing chunk 60/77
2025-01-19 16:37:25,490 - INFO - Total samples collected so far: 12387
2025-01-19 16:37:25,517 - INFO - Taking a break between chunks...
2025-01-19 16:37:35,518 - INFO - 
Processing chunk 61/77
2025-01-19 16:39:22,680 - INFO - Total samples collected so far: 12558
2025-01-19 16:39:22,705 - INFO - Taking a break between chunks...
2025-01-19 16:39:32,707 - INFO - 
Processing chunk 62/77
2025-01-19 16:41:03,253 - INFO - Total samples collected so far: 12889
2025-01-19 16:41:03,278 - INFO - Taking a break between chunks...
2025-01-19 16:41:13,280 - INFO - 
Processing chunk 63/77
2025-01-19 16:42:22,755 - INFO - Total samples collected so far: 13123
2025-01-19 16:42:22,784 - INFO - Taking a break between chunks...
2025-01-19 16:42:32,785 - INFO - 
Processing chunk 64/77
2025-01-19 16:43:45,368 - INFO - Total samples collected so far: 13334
2025-01-19 16:43:45,391 - INFO - Taking a break between chunks...
2025-01-19 16:43:55,392 - INFO - 
Processing chunk 65/77
2025-01-19 16:46:03,301 - INFO - Total samples collected so far: 13652
2025-01-19 16:46:03,339 - INFO - Taking a break between chunks...
2025-01-19 16:46:13,340 - INFO - 
Processing chunk 66/77
2025-01-19 16:47:49,174 - INFO - Total samples collected so far: 13818
2025-01-19 16:47:49,199 - INFO - Taking a break between chunks...
2025-01-19 16:47:59,200 - INFO - 
Processing chunk 67/77
2025-01-19 16:49:47,939 - INFO - Total samples collected so far: 14094
2025-01-19 16:49:47,968 - INFO - Taking a break between chunks...
2025-01-19 16:49:57,969 - INFO - 
Processing chunk 68/77
2025-01-19 16:51:20,537 - INFO - Total samples collected so far: 14352
2025-01-19 16:51:20,576 - INFO - Taking a break between chunks...
2025-01-19 16:51:30,576 - INFO - 
Processing chunk 69/77
2025-01-19 16:53:07,975 - INFO - Total samples collected so far: 14680
2025-01-19 16:53:07,999 - INFO - Taking a break between chunks...
2025-01-19 16:53:18,000 - INFO - 
Processing chunk 70/77
2025-01-19 16:55:02,716 - INFO - Total samples collected so far: 14908
2025-01-19 16:55:02,746 - INFO - Taking a break between chunks...
2025-01-19 16:55:12,747 - INFO - 
Processing chunk 71/77
2025-01-19 16:56:19,861 - INFO - Total samples collected so far: 15143
2025-01-19 16:56:19,888 - INFO - Taking a break between chunks...
2025-01-19 16:56:29,889 - INFO - 
Processing chunk 72/77
2025-01-19 16:58:06,492 - INFO - Total samples collected so far: 15458
2025-01-19 16:58:06,515 - INFO - Taking a break between chunks...
2025-01-19 16:58:16,516 - INFO - 
Processing chunk 73/77
2025-01-19 16:59:45,781 - INFO - Total samples collected so far: 15713
2025-01-19 16:59:45,803 - INFO - Taking a break between chunks...
2025-01-19 16:59:55,805 - INFO - 
Processing chunk 74/77
2025-01-19 17:01:34,961 - INFO - Total samples collected so far: 15924
2025-01-19 17:01:34,988 - INFO - Taking a break between chunks...
2025-01-19 17:01:44,990 - INFO - 
Processing chunk 75/77
2025-01-19 17:03:38,635 - INFO - Total samples collected so far: 16147
2025-01-19 17:03:38,665 - INFO - Taking a break between chunks...
2025-01-19 17:03:48,667 - INFO - 
Processing chunk 76/77
2025-01-19 17:04:55,450 - INFO - Total samples collected so far: 16371
2025-01-19 17:04:55,484 - INFO - Taking a break between chunks...
2025-01-19 17:05:05,485 - INFO - 
Processing chunk 77/77
2025-01-19 17:05:53,777 - INFO - Total samples collected so far: 16521
2025-01-19 17:05:53,804 - INFO - Taking a break between chunks...
2025-01-19 17:06:03,804 - INFO - 
Preparing to train models...
2025-01-19 17:06:03,805 - INFO - Total training samples collected: 16671
2025-01-19 17:06:03,805 - INFO - 
Sample training data:
2025-01-19 17:06:03,806 - INFO - 
Symbol: AADI
2025-01-19 17:06:03,806 - INFO - News Text: Aadi Bioscience Leads 3 Promising US Penny Stocks

Aadi Bioscience Leads 3 Promising US Penny Stocks editorial-team@simplywallst.com (Simply Wall St) Mon, Dec 23, 2024, 3:09 AM 4 min read In This Arti...
2025-01-19 17:06:03,807 - INFO - Price Changes: {'1h': -5.592107842998853, '1wk': 30.91285722101095, '1mo': 38.60464590185095}
2025-01-19 17:06:03,807 - INFO - 
Symbol: AADI
2025-01-19 17:06:03,807 - INFO - News Text: Aadi Bioscience’s Strategic Agreements and Funding Moves

Aadi Bioscience’s Strategic Agreements and Funding Moves TipRanks Sat, Dec 21, 2024, 2:31 PM 1 min read In This Article: AADI -4.79% https://w...
2025-01-19 17:06:03,807 - INFO - Price Changes: {'1h': 49.565222979944124, '1wk': 22.314047306973567, '1mo': 38.60464590185095}
2025-01-19 17:06:03,807 - INFO - 
Symbol: AADI
2025-01-19 17:06:03,808 - INFO - News Text: Aadi Bioscience Transforms with In-Licensing of Novel ADC Portfolio, $100 Million Sale of FYARRO® and $100 Million PIPE Financing

Aadi Bioscience Transforms with In-Licensing of Novel ADC Portfolio, ...
2025-01-19 17:06:03,808 - INFO - Price Changes: {'1h': 46.10941958987831, '1wk': 34.30961913182322, '1mo': 41.232235413838744}
2025-01-19 17:06:08,343 - INFO - 
Text features shape: (16671, 77561)
2025-01-19 17:06:08,343 - INFO - 
Training 1h model...
2025-01-19 17:06:08,357 - INFO - Valid samples for 1h: 16669
2025-01-19 17:06:08,843 - INFO - 
Sample predictions vs actual:
2025-01-19 17:06:08,843 - INFO - Predicted: 6.80% | Actual: -5.59%
2025-01-19 17:06:08,844 - INFO - Predicted: 10.20% | Actual: 49.57%
2025-01-19 17:06:08,844 - INFO - Predicted: 8.52% | Actual: 46.11%
2025-01-19 17:06:08,844 - INFO - Predicted: 7.06% | Actual: 4.07%
2025-01-19 17:06:08,844 - INFO - Predicted: 1.56% | Actual: 8.12%
2025-01-19 17:06:08,844 - INFO - 
Training 1wk model...
2025-01-19 17:06:08,860 - INFO - Valid samples for 1wk: 16671
2025-01-19 17:06:09,234 - INFO - 
Sample predictions vs actual:
2025-01-19 17:06:09,235 - INFO - Predicted: 12.95% | Actual: 30.91%
2025-01-19 17:06:09,235 - INFO - Predicted: 7.47% | Actual: 22.31%
2025-01-19 17:06:09,236 - INFO - Predicted: 10.91% | Actual: 34.31%
2025-01-19 17:06:09,236 - INFO - Predicted: 14.37% | Actual: 16.33%
2025-01-19 17:06:09,236 - INFO - Predicted: 12.20% | Actual: 3.94%
2025-01-19 17:06:09,236 - INFO - 
Training 1mo model...
2025-01-19 17:06:09,250 - INFO - Valid samples for 1mo: 16671
2025-01-19 17:06:09,957 - INFO - 
Sample predictions vs actual:
2025-01-19 17:06:09,957 - INFO - Predicted: 14.35% | Actual: 38.60%
2025-01-19 17:06:09,957 - INFO - Predicted: 22.59% | Actual: 38.60%
2025-01-19 17:06:09,958 - INFO - Predicted: 14.90% | Actual: 41.23%
2025-01-19 17:06:09,958 - INFO - Predicted: 23.10% | Actual: 22.05%
2025-01-19 17:06:09,958 - INFO - Predicted: 21.84% | Actual: 21.94%
2025-01-19 17:06:09,958 - INFO - 
Training Complete!
2025-01-19 17:06:09,958 - INFO - Total symbols processed: 3826
2025-01-19 17:06:09,958 - INFO - Total training samples: 16671
2025-01-19 17:06:09,972 - INFO -  Training completed successfully!
2025-01-19 17:06:09,990 - INFO - Saved 1h model to app/models/market_model_1h.joblib
2025-01-19 17:06:09,991 - INFO - Saved 1wk model to app/models/market_model_1wk.joblib
2025-01-19 17:06:09,992 - INFO - Saved 1mo model to app/models/market_model_1mo.joblib
2025-01-19 17:06:10,215 - INFO - Saved vectorizer to app/models/vectorizer.joblib
2025-01-19 17:06:10,215 - INFO -  Models saved!
