2025-01-19 14:55:18,909 - INFO - Starting new training session. Logging to: logs/training_20250119_145518.log
2025-01-19 14:55:18,910 - INFO - Starting new training session. Logging to: logs/training_20250119_145518.log
2025-01-19 14:55:18,911 - INFO - Starting new training session. Logging to: logs/training_20250119_145518.log
2025-01-19 14:55:18,944 - INFO - Starting new training session. Logging to: logs/training_20250119_145518.log
2025-01-19 14:55:19,917 - ERROR - Error getting news for ADC: ('Connection aborted.', ConnectionResetError(10054, 'An existing connection was forcibly closed by the remote host', None, 10054, None))
2025-01-19 14:55:20,831 - ERROR - Error getting news for ACXP: Expecting value: line 1 column 1 (char 0)
2025-01-19 14:55:20,854 - ERROR - Error getting news for ACWX: Expecting value: line 1 column 1 (char 0)
2025-01-19 14:55:21,018 - ERROR - Error getting news for ADBE: Expecting value: line 1 column 1 (char 0)
2025-01-19 14:55:21,666 - ERROR - Error getting news for ADGM: Expecting value: line 1 column 1 (char 0)
2025-01-19 14:55:21,752 - ERROR - Error getting news for ADI: Expecting value: line 1 column 1 (char 0)
2025-01-19 14:55:21,789 - ERROR - Error getting news for ADIL: Expecting value: line 1 column 1 (char 0)
2025-01-19 14:55:22,164 - ERROR - Error getting news for ADD: Expecting value: line 1 column 1 (char 0)
2025-01-19 14:55:22,500 - ERROR - Error getting news for ADM: Expecting value: line 1 column 1 (char 0)
2025-01-19 14:55:22,700 - ERROR - Error getting news for ADN: Expecting value: line 1 column 1 (char 0)
2025-01-19 14:55:22,753 - ERROR - Error getting news for ADMA: Expecting value: line 1 column 1 (char 0)
2025-01-19 14:55:23,091 - ERROR - Error getting news for ADNT: Expecting value: line 1 column 1 (char 0)
2025-01-19 14:55:23,532 - ERROR - Error getting news for ADP: Expecting value: line 1 column 1 (char 0)
2025-01-19 14:55:23,607 - ERROR - Error getting news for ADSE: Expecting value: line 1 column 1 (char 0)
2025-01-19 14:55:23,625 - ERROR - Error getting news for ADPT: Expecting value: line 1 column 1 (char 0)
2025-01-19 14:55:24,339 - ERROR - Error getting news for ADT: Expecting value: line 1 column 1 (char 0)
2025-01-19 14:55:24,461 - ERROR - Error getting news for ADTN: Expecting value: line 1 column 1 (char 0)
2025-01-19 14:55:24,675 - ERROR - Error getting news for ADTX: Expecting value: line 1 column 1 (char 0)
2025-01-19 14:55:25,366 - ERROR - Error getting news for ADVM: Expecting value: line 1 column 1 (char 0)
2025-01-19 14:55:25,390 - ERROR - Error getting news for ADUR: Expecting value: line 1 column 1 (char 0)
2025-01-19 14:55:25,614 - ERROR - Error getting news for ADSK: Response ended prematurely
2025-01-19 14:55:25,734 - ERROR - Error getting news for ADXN: Expecting value: line 1 column 1 (char 0)
2025-01-19 14:55:26,201 - ERROR - Error getting news for AEAEU: Expecting value: line 1 column 1 (char 0)
2025-01-19 14:55:26,382 - ERROR - Error getting news for AEAE: Expecting value: line 1 column 1 (char 0)
2025-01-19 14:55:26,732 - ERROR - Error getting news for AEHL: Expecting value: line 1 column 1 (char 0)
2025-01-19 14:55:27,023 - ERROR - Error getting news for AEHR: Expecting value: line 1 column 1 (char 0)
2025-01-19 14:55:27,308 - ERROR - Error getting news for AEE: Expecting value: line 1 column 1 (char 0)
2025-01-19 14:55:27,308 - ERROR - Error getting news for AEI: Expecting value: line 1 column 1 (char 0)
2025-01-19 14:55:27,556 - ERROR - Error getting news for AEMD: Expecting value: line 1 column 1 (char 0)
2025-01-19 14:55:28,134 - ERROR - Error getting news for AENT: Expecting value: line 1 column 1 (char 0)
2025-01-19 14:55:28,315 - ERROR - Error getting news for AEO: Expecting value: line 1 column 1 (char 0)
2025-01-19 14:55:28,441 - ERROR - Error getting news for AEP: Expecting value: line 1 column 1 (char 0)
2025-01-19 14:55:28,595 - ERROR - Error getting news for AERT: Expecting value: line 1 column 1 (char 0)
2025-01-19 14:55:29,067 - ERROR - Error getting news for AES: Expecting value: line 1 column 1 (char 0)
2025-01-19 14:55:29,229 - ERROR - Error getting news for AESI: Expecting value: line 1 column 1 (char 0)
2025-01-19 14:55:29,462 - ERROR - Error getting news for AEYE: Expecting value: line 1 column 1 (char 0)
