2025-01-19 14:08:54,434 - INFO - Starting new training session. Logging to: logs/training_20250119_140854.log
2025-01-19 14:08:54,442 - INFO - Starting new training session. Logging to: logs/training_20250119_140854.log
2025-01-19 14:08:56,073 - INFO - Processing FHB - 2025-01-11 00:00:00 UTC
2025-01-19 14:08:56,114 - INFO - Processing FHI - 2025-01-15 17:09:00 UTC
2025-01-19 14:08:57,228 - INFO - Retrieved article length: 1757 characters
2025-01-19 14:08:57,246 - INFO - Retrieved article length: 2095 characters
2025-01-19 14:08:57,377 - INFO - FHB: 1h change of 1.54%
2025-01-19 14:08:57,484 - INFO - FHB: 1wk change of 2.03%
2025-01-19 14:08:57,512 - INFO - FHI: 1wk change of -5.91%
2025-01-19 14:08:57,572 - INFO - FHB: 1mo change of -4.75%
2025-01-19 14:08:57,627 - INFO - FHI: 1mo change of -10.58%
2025-01-19 14:08:58,074 - INFO - Processing FHB - 2025-01-09 18:15:00 UTC
2025-01-19 14:08:58,129 - INFO - Processing FHI - 2025-01-10 18:43:00 UTC
2025-01-19 14:08:59,334 - INFO - Retrieved article length: 2802 characters
2025-01-19 14:08:59,424 - INFO - FHB: 1h change of -2.52%
2025-01-19 14:08:59,496 - INFO - Retrieved article length: 5632 characters
2025-01-19 14:08:59,589 - INFO - FHI: 1h change of -1.31%
2025-01-19 14:08:59,613 - INFO - FHB: 1mo change of -4.64%
2025-01-19 14:08:59,709 - INFO - FHI: 1wk change of -7.10%
2025-01-19 14:08:59,823 - INFO - FHI: 1mo change of -10.75%
2025-01-19 14:09:00,115 - INFO - Processing FHB - 2024-12-27 11:03:00 UTC
2025-01-19 14:09:00,324 - INFO - Processing FHI - 2025-01-10 17:04:00 UTC
2025-01-19 14:09:01,364 - INFO - Retrieved article length: 2638 characters
2025-01-19 14:09:01,544 - INFO - FHB: 1wk change of -3.07%
2025-01-19 14:09:01,635 - INFO - FHB: 1mo change of -6.49%
2025-01-19 14:09:02,007 - INFO - Retrieved article length: 1760 characters
2025-01-19 14:09:02,018 - INFO - FHI: 1h change of -1.31%
2025-01-19 14:09:02,074 - INFO - FHI: 1wk change of -7.10%
2025-01-19 14:09:02,131 - INFO - FHI: 1mo change of -10.75%
2025-01-19 14:09:02,137 - INFO - Processing FHB - 2024-12-27 00:15:01 UTC
2025-01-19 14:09:02,631 - INFO - Processing FHI - 2025-01-10 00:17:00 UTC
2025-01-19 14:09:03,562 - INFO - Retrieved article length: 481 characters
2025-01-19 14:09:03,596 - INFO - FHB: 1wk change of -3.07%
2025-01-19 14:09:03,654 - INFO - FHB: 1mo change of -6.49%
2025-01-19 14:09:03,964 - INFO - Retrieved article length: 2298 characters
2025-01-19 14:09:03,978 - INFO - FHI: 1h change of -1.31%
2025-01-19 14:09:04,034 - INFO - FHI: 1wk change of -7.10%
2025-01-19 14:09:04,087 - INFO - FHI: 1mo change of -10.75%
2025-01-19 14:09:04,155 - INFO - Processing FHB - 2024-12-27 00:00:00 UTC
2025-01-19 14:09:04,588 - INFO - Processing FHI - 2025-01-08 20:32:00 UTC
2025-01-19 14:09:05,577 - INFO - Retrieved article length: 2996 characters
2025-01-19 14:09:05,603 - INFO - FHB: 1wk change of -3.07%
2025-01-19 14:09:05,659 - INFO - FHB: 1mo change of -6.49%
2025-01-19 14:09:05,990 - INFO - Retrieved article length: 4696 characters
2025-01-19 14:09:06,084 - INFO - FHI: 1h change of -4.83%
2025-01-19 14:09:06,161 - INFO - Processing FHB - 2024-12-23 15:00:00 UTC
2025-01-19 14:09:06,241 - INFO - FHI: 1wk change of -6.69%
2025-01-19 14:09:06,352 - INFO - FHI: 1mo change of -10.77%
2025-01-19 14:09:06,853 - INFO - Processing FHI - 2025-01-08 15:08:42 UTC
2025-01-19 14:09:07,565 - INFO - Retrieved article length: 2560 characters
2025-01-19 14:09:07,652 - INFO - FHB: 1h change of 1.62%
2025-01-19 14:09:07,749 - INFO - FHB: 1wk change of -4.10%
2025-01-19 14:09:07,845 - INFO - FHB: 1mo change of -3.05%
2025-01-19 14:09:08,145 - INFO - Retrieved article length: 530 characters
2025-01-19 14:09:08,163 - INFO - FHI: 1h change of -4.83%
2025-01-19 14:09:08,174 - INFO - FHI: 1wk change of -6.69%
2025-01-19 14:09:08,238 - INFO - FHI: 1mo change of -10.77%
2025-01-19 14:09:08,346 - INFO - Processing FHB - 2024-12-11 15:20:16 UTC
2025-01-19 14:09:08,739 - INFO - Processing FHI - 2025-01-07 16:17:33 UTC
2025-01-19 14:09:09,603 - INFO - Retrieved article length: 1276 characters
2025-01-19 14:09:09,805 - INFO - FHB: 1wk change of -7.01%
2025-01-19 14:09:09,901 - INFO - FHB: 1mo change of -8.56%
2025-01-19 14:09:09,966 - INFO - Retrieved article length: 537 characters
2025-01-19 14:09:10,056 - INFO - FHI: 1h change of -4.83%
2025-01-19 14:09:10,178 - INFO - FHI: 1wk change of -6.55%
2025-01-19 14:09:10,327 - INFO - FHI: 1mo change of -10.06%
2025-01-19 14:09:10,402 - INFO - Processing FHB - 2024-12-10 17:37:46 UTC
2025-01-19 14:09:10,828 - INFO - Processing FHI - 2025-01-06 19:40:08 UTC
2025-01-19 14:09:11,628 - INFO - Retrieved article length: 1774 characters
2025-01-19 14:09:11,820 - INFO - FHB: 1wk change of -8.03%
2025-01-19 14:09:12,351 - INFO - Retrieved article length: 2828 characters
2025-01-19 14:09:12,446 - INFO - FHI: 1h change of -4.83%
2025-01-19 14:09:12,560 - INFO - FHI: 1wk change of -7.17%
2025-01-19 14:09:12,675 - INFO - FHI: 1mo change of -10.58%
2025-01-19 14:09:13,542 - INFO - Processing FHN - 2025-01-17 20:20:00 UTC
2025-01-19 14:09:14,302 - INFO - Processing FI - 2025-01-18 17:30:07 UTC
2025-01-19 14:09:14,804 - INFO - Retrieved article length: 157 characters
2025-01-19 14:09:15,035 - INFO - FHN: 1wk change of 5.38%
2025-01-19 14:09:15,177 - INFO - FHN: 1mo change of 6.79%
2025-01-19 14:09:15,518 - INFO - Retrieved article length: 4928 characters
2025-01-19 14:09:15,678 - INFO - Processing FHN - 2025-01-17 10:02:08 UTC
2025-01-19 14:09:15,714 - INFO - FI: 1wk change of 1.63%
2025-01-19 14:09:15,843 - INFO - FI: 1mo change of 2.56%
2025-01-19 14:09:16,344 - INFO - Processing FI - 2025-01-17 23:54:06 UTC
2025-01-19 14:09:16,972 - INFO - Retrieved article length: 5492 characters
2025-01-19 14:09:17,049 - INFO - FHN: 1wk change of 5.38%
2025-01-19 14:09:17,110 - INFO - FHN: 1mo change of 6.79%
2025-01-19 14:09:17,611 - INFO - Processing FHN - 2025-01-16 17:50:11 UTC
2025-01-19 14:09:17,782 - INFO - Retrieved article length: 1085 characters
2025-01-19 14:09:17,885 - INFO - FI: 1h change of 1.51%
2025-01-19 14:09:17,972 - INFO - FI: 1wk change of 2.34%
2025-01-19 14:09:18,070 - INFO - FI: 1mo change of 1.92%
2025-01-19 14:09:18,571 - INFO - Processing FI - 2025-01-17 19:03:00 UTC
2025-01-19 14:09:18,833 - INFO - Retrieved article length: 2928 characters
2025-01-19 14:09:18,938 - INFO - FHN: 1h change of 4.94%
2025-01-19 14:09:19,099 - INFO - FHN: 1wk change of 5.38%
2025-01-19 14:09:19,242 - INFO - FHN: 1mo change of 6.21%
2025-01-19 14:09:19,743 - INFO - Processing FHN - 2025-01-16 17:30:11 UTC
2025-01-19 14:09:19,819 - INFO - Retrieved article length: 4683 characters
2025-01-19 14:09:19,838 - INFO - FI: 1h change of 1.51%
2025-01-19 14:09:19,893 - INFO - FI: 1wk change of 2.34%
2025-01-19 14:09:19,948 - INFO - FI: 1mo change of 1.92%
2025-01-19 14:09:20,448 - INFO - Processing FI - 2025-01-17 03:20:00 UTC
2025-01-19 14:09:20,927 - INFO - Retrieved article length: 3064 characters
2025-01-19 14:09:20,947 - INFO - FHN: 1h change of 4.94%
2025-01-19 14:09:21,004 - INFO - FHN: 1wk change of 5.38%
2025-01-19 14:09:21,067 - INFO - FHN: 1mo change of 6.21%
2025-01-19 14:09:21,568 - INFO - Processing FHN - 2025-01-16 15:45:02 UTC
2025-01-19 14:09:21,728 - INFO - Retrieved article length: 2079 characters
2025-01-19 14:09:21,748 - INFO - FI: 1h change of 1.51%
2025-01-19 14:09:21,802 - INFO - FI: 1wk change of 2.34%
2025-01-19 14:09:21,856 - INFO - FI: 1mo change of 1.92%
2025-01-19 14:09:22,357 - INFO - Processing FI - 2025-01-16 18:38:51 UTC
2025-01-19 14:09:22,769 - INFO - Retrieved article length: 4209 characters
2025-01-19 14:09:22,790 - INFO - FHN: 1h change of 4.94%
2025-01-19 14:09:22,852 - INFO - FHN: 1wk change of 5.38%
2025-01-19 14:09:22,911 - INFO - FHN: 1mo change of 6.21%
2025-01-19 14:09:23,412 - INFO - Processing FHN - 2025-01-16 14:56:18 UTC
2025-01-19 14:09:23,730 - INFO - Retrieved article length: 522 characters
2025-01-19 14:09:23,830 - INFO - FI: 1h change of 1.68%
2025-01-19 14:09:23,912 - INFO - FI: 1wk change of 1.43%
2025-01-19 14:09:23,996 - INFO - FI: 1mo change of 1.82%
2025-01-19 14:09:24,498 - INFO - Processing FI - 2025-01-16 17:50:12 UTC
2025-01-19 14:09:24,708 - INFO - Retrieved article length: 1190 characters
2025-01-19 14:09:24,727 - INFO - FHN: 1h change of 4.94%
2025-01-19 14:09:24,788 - INFO - FHN: 1wk change of 5.38%
2025-01-19 14:09:24,844 - INFO - FHN: 1mo change of 6.21%
2025-01-19 14:09:25,345 - INFO - Processing FHN - 2025-01-16 14:30:00 UTC
2025-01-19 14:09:25,860 - INFO - Retrieved article length: 3492 characters
2025-01-19 14:09:25,879 - INFO - FI: 1h change of 1.68%
2025-01-19 14:09:25,938 - INFO - FI: 1wk change of 1.43%
2025-01-19 14:09:25,994 - INFO - FI: 1mo change of 1.82%
2025-01-19 14:09:26,495 - INFO - Processing FI - 2025-01-16 17:00:12 UTC
2025-01-19 14:09:26,511 - ERROR - Error fetching article content: ('Connection broken: IncompleteRead(9100 bytes read, 1140 more expected)', IncompleteRead(9100 bytes read, 1140 more expected))
2025-01-19 14:09:26,525 - INFO - FHN: 1h change of 4.94%
2025-01-19 14:09:26,591 - INFO - FHN: 1wk change of 5.38%
2025-01-19 14:09:26,649 - INFO - FHN: 1mo change of 6.21%
2025-01-19 14:09:27,150 - INFO - Processing FHN - 2025-01-15 15:04:16 UTC
2025-01-19 14:09:27,745 - INFO - Retrieved article length: 3098 characters
2025-01-19 14:09:27,769 - INFO - FI: 1h change of 1.68%
2025-01-19 14:09:27,827 - INFO - FI: 1wk change of 1.43%
2025-01-19 14:09:27,889 - INFO - FI: 1mo change of 1.82%
2025-01-19 14:09:28,390 - INFO - Processing FI - 2025-01-16 16:00:00 UTC
2025-01-19 14:09:28,438 - INFO - Retrieved article length: 3176 characters
2025-01-19 14:09:28,532 - INFO - FHN: 1h change of 6.31%
2025-01-19 14:09:28,660 - INFO - FHN: 1wk change of 5.38%
2025-01-19 14:09:28,789 - INFO - FHN: 1mo change of 5.43%
2025-01-19 14:09:29,856 - INFO - Retrieved article length: 1968 characters
2025-01-19 14:09:29,881 - INFO - FI: 1h change of 1.68%
2025-01-19 14:09:29,937 - INFO - FI: 1wk change of 1.43%
2025-01-19 14:09:29,991 - INFO - FI: 1mo change of 1.82%
2025-01-19 14:09:30,530 - INFO - Processing FIBK - 2025-01-07 00:00:00 UTC
2025-01-19 14:09:31,654 - INFO - Processing FIGS - 2024-12-28 15:40:59 UTC
2025-01-19 14:09:31,891 - INFO - Retrieved article length: 2313 characters
2025-01-19 14:09:31,979 - INFO - FIBK: 1h change of -1.29%
2025-01-19 14:09:32,193 - INFO - FIBK: 1mo change of -5.16%
2025-01-19 14:09:32,695 - INFO - Processing FIBK - 2024-12-25 14:07:41 UTC
2025-01-19 14:09:32,864 - INFO - Retrieved article length: 4743 characters
2025-01-19 14:09:32,958 - INFO - FIGS: 1h change of 3.88%
2025-01-19 14:09:33,046 - INFO - FIGS: 1wk change of 4.76%
2025-01-19 14:09:33,135 - INFO - FIGS: 1mo change of 19.28%
2025-01-19 14:09:33,635 - INFO - Processing FIGS - 2024-12-19 14:50:00 UTC
2025-01-19 14:09:34,072 - INFO - Retrieved article length: 6721 characters
2025-01-19 14:09:34,163 - INFO - FIBK: 1h change of 1.71%
2025-01-19 14:09:34,272 - INFO - FIBK: 1wk change of -6.14%
2025-01-19 14:09:34,380 - INFO - FIBK: 1mo change of -2.55%
2025-01-19 14:09:34,881 - INFO - Processing FIBK - 2024-12-17 17:38:36 UTC
2025-01-19 14:09:35,061 - INFO - Retrieved article length: 8018 characters
2025-01-19 14:09:35,157 - INFO - FIGS: 1h change of -5.73%
2025-01-19 14:09:35,246 - INFO - FIGS: 1wk change of 14.91%
2025-01-19 14:09:35,335 - INFO - FIGS: 1mo change of 18.56%
2025-01-19 14:09:35,836 - INFO - Processing FIGS - 2024-12-13 18:04:03 UTC
2025-01-19 14:09:36,289 - INFO - Retrieved article length: 529 characters
2025-01-19 14:09:36,589 - INFO - FIBK: 1h change of -5.81%
2025-01-19 14:09:36,692 - INFO - FIBK: 1wk change of -3.74%
2025-01-19 14:09:36,796 - INFO - FIBK: 1mo change of -3.56%
2025-01-19 14:09:37,074 - INFO - Retrieved article length: 5971 characters
2025-01-19 14:09:37,266 - INFO - FIGS: 1wk change of 10.79%
2025-01-19 14:09:37,297 - INFO - Processing FIBK - 2024-11-26 16:11:17 UTC
2025-01-19 14:09:37,357 - INFO - FIGS: 1mo change of 28.03%
2025-01-19 14:09:37,859 - INFO - Processing FIGS - 2024-12-11 20:30:01 UTC
2025-01-19 14:09:38,761 - INFO - Retrieved article length: 537 characters
2025-01-19 14:09:38,860 - INFO - FIBK: 1h change of -1.46%
2025-01-19 14:09:38,954 - INFO - FIBK: 1wk change of 2.30%
2025-01-19 14:09:39,052 - INFO - FIBK: 1mo change of 4.48%
2025-01-19 14:09:39,118 - INFO - Retrieved article length: 2755 characters
2025-01-19 14:09:39,217 - INFO - FIGS: 1h change of 11.59%
2025-01-19 14:09:39,303 - INFO - FIGS: 1wk change of 6.28%
2025-01-19 14:09:39,391 - INFO - FIGS: 1mo change of -9.83%
2025-01-19 14:09:39,553 - INFO - Processing FIBK - 2024-11-22 14:04:02 UTC
2025-01-19 14:09:39,892 - INFO - Processing FIGS - 2024-12-11 19:52:53 UTC
2025-01-19 14:09:40,869 - INFO - Retrieved article length: 6431 characters
2025-01-19 14:09:40,973 - INFO - FIBK: 1h change of 4.15%
2025-01-19 14:09:41,077 - INFO - FIBK: 1wk change of 3.65%
2025-01-19 14:09:41,116 - INFO - Retrieved article length: 1165 characters
2025-01-19 14:09:41,135 - INFO - FIGS: 1h change of 11.59%
2025-01-19 14:09:41,152 - INFO - FIGS: 1wk change of 6.28%
2025-01-19 14:09:41,162 - INFO - FIGS: 1mo change of -9.83%
2025-01-19 14:09:41,181 - INFO - FIBK: 1mo change of 3.95%
2025-01-19 14:09:41,663 - INFO - Processing FIGS - 2024-12-11 14:42:11 UTC
2025-01-19 14:09:41,682 - INFO - Processing FIBK - 2024-11-13 11:33:33 UTC
2025-01-19 14:09:42,982 - INFO - Retrieved article length: 3649 characters
2025-01-19 14:09:42,999 - INFO - FIGS: 1h change of 11.59%
2025-01-19 14:09:43,014 - INFO - FIGS: 1wk change of 6.28%
2025-01-19 14:09:43,028 - INFO - FIGS: 1mo change of -9.83%
2025-01-19 14:09:43,077 - INFO - Retrieved article length: 535 characters
2025-01-19 14:09:43,178 - INFO - FIBK: 1h change of -1.63%
2025-01-19 14:09:43,288 - INFO - FIBK: 1wk change of 15.17%
2025-01-19 14:09:43,408 - INFO - FIBK: 1mo change of 15.30%
2025-01-19 14:09:43,529 - INFO - Processing FIGS - 2024-12-11 14:37:01 UTC
2025-01-19 14:09:43,910 - INFO - Processing FIBK - 2024-11-01 18:42:17 UTC
2025-01-19 14:09:44,907 - INFO - Retrieved article length: 2315 characters
2025-01-19 14:09:44,929 - INFO - FIGS: 1h change of 11.59%
2025-01-19 14:09:44,939 - INFO - FIGS: 1wk change of 6.28%
2025-01-19 14:09:44,951 - INFO - FIGS: 1mo change of -9.83%
2025-01-19 14:09:45,246 - INFO - Retrieved article length: 3304 characters
2025-01-19 14:09:45,348 - INFO - FIBK: 1h change of -3.97%
2025-01-19 14:09:45,452 - INFO - Processing FIGS - 2024-12-11 01:30:00 UTC
2025-01-19 14:09:45,461 - INFO - FIBK: 1wk change of 5.31%
2025-01-19 14:09:45,569 - INFO - FIBK: 1mo change of 14.62%
2025-01-19 14:09:46,071 - INFO - Processing FIBK - 2024-10-31 14:46:40 UTC
2025-01-19 14:09:46,818 - INFO - Retrieved article length: 432 characters
2025-01-19 14:09:46,834 - INFO - FIGS: 1h change of 11.59%
2025-01-19 14:09:46,844 - INFO - FIGS: 1wk change of 6.28%
2025-01-19 14:09:46,854 - INFO - FIGS: 1mo change of -9.83%
2025-01-19 14:09:47,483 - INFO - Retrieved article length: 572 characters
2025-01-19 14:09:47,574 - INFO - FIBK: 1h change of -2.57%
2025-01-19 14:09:47,681 - INFO - FIBK: 1wk change of 6.49%
2025-01-19 14:09:47,782 - INFO - FIBK: 1mo change of 15.93%
2025-01-19 14:09:48,507 - INFO - Processing FINT - 2024-12-20 16:00:00 UTC
2025-01-19 14:09:49,408 - INFO - Processing FIP - 2025-01-10 12:06:53 UTC
2025-01-19 14:09:49,632 - INFO - Retrieved article length: 6494 characters
2025-01-19 14:09:50,663 - INFO - Retrieved article length: 3637 characters
2025-01-19 14:09:50,758 - INFO - FIP: 1h change of 2.52%
2025-01-19 14:09:50,850 - INFO - FIP: 1wk change of 2.48%
2025-01-19 14:09:50,947 - INFO - FIP: 1mo change of -9.93%
2025-01-19 14:09:51,448 - INFO - Processing FIP - 2025-01-09 15:19:19 UTC
2025-01-19 14:09:51,566 - INFO - Processing FIS - 2025-01-18 21:54:09 UTC
2025-01-19 14:09:52,639 - INFO - Retrieved article length: 1711 characters
2025-01-19 14:09:52,727 - INFO - FIP: 1h change of 5.88%
2025-01-19 14:09:52,819 - INFO - FIP: 1wk change of 5.23%
2025-01-19 14:09:52,859 - INFO - Retrieved article length: 7251 characters
2025-01-19 14:09:52,907 - INFO - FIP: 1mo change of -14.68%
2025-01-19 14:09:53,180 - INFO - FIS: 1mo change of -5.14%
2025-01-19 14:09:53,409 - INFO - Processing FIP - 2025-01-09 12:05:25 UTC
2025-01-19 14:09:53,681 - INFO - Processing FIS - 2025-01-16 14:01:26 UTC
2025-01-19 14:09:54,564 - INFO - Retrieved article length: 3611 characters
2025-01-19 14:09:54,576 - INFO - FIP: 1h change of 5.88%
2025-01-19 14:09:54,585 - INFO - FIP: 1wk change of 5.23%
2025-01-19 14:09:54,640 - INFO - FIP: 1mo change of -14.68%
2025-01-19 14:09:54,858 - INFO - Retrieved article length: 4731 characters
2025-01-19 14:09:55,142 - INFO - Processing FIP - 2024-12-18 01:21:51 UTC
2025-01-19 14:09:55,171 - INFO - FIS: 1mo change of -7.22%
2025-01-19 14:09:55,673 - INFO - Processing FIS - 2025-01-16 11:32:03 UTC
2025-01-19 14:09:56,333 - INFO - Retrieved article length: 7264 characters
2025-01-19 14:09:56,420 - INFO - FIP: 1h change of -9.93%
2025-01-19 14:09:56,514 - INFO - FIP: 1wk change of -13.61%
2025-01-19 14:09:56,609 - INFO - FIP: 1mo change of -14.19%
2025-01-19 14:09:56,971 - INFO - Retrieved article length: 6440 characters
2025-01-19 14:09:57,100 - INFO - FIS: 1mo change of -7.22%
2025-01-19 14:09:57,111 - INFO - Processing FIP - 2024-11-26 12:20:34 UTC
2025-01-19 14:09:57,601 - INFO - Processing FIS - 2025-01-15 19:01:36 UTC
2025-01-19 14:09:58,341 - INFO - Retrieved article length: 6311 characters
2025-01-19 14:09:58,447 - INFO - FIP: 1h change of -3.63%
2025-01-19 14:09:58,541 - INFO - FIP: 1wk change of 4.43%
2025-01-19 14:09:58,648 - INFO - FIP: 1mo change of -21.20%
2025-01-19 14:09:58,786 - INFO - Retrieved article length: 5298 characters
2025-01-19 14:09:58,875 - INFO - FIS: 1h change of 1.93%
2025-01-19 14:09:59,112 - INFO - FIS: 1mo change of -7.62%
2025-01-19 14:09:59,150 - INFO - Processing FIP - 2024-11-03 17:00:03 UTC
2025-01-19 14:09:59,613 - INFO - Processing FIS - 2025-01-15 03:30:00 UTC
2025-01-19 14:10:00,334 - INFO - Retrieved article length: 4809 characters
2025-01-19 14:10:00,429 - INFO - FIP: 1h change of 3.87%
2025-01-19 14:10:00,523 - INFO - FIP: 1wk change of 1.75%
2025-01-19 14:10:00,610 - INFO - FIP: 1mo change of -11.48%
2025-01-19 14:10:00,854 - INFO - Retrieved article length: 6212 characters
2025-01-19 14:10:00,869 - INFO - FIS: 1h change of 1.93%
2025-01-19 14:10:00,985 - INFO - FIS: 1mo change of -7.62%
2025-01-19 14:10:01,112 - INFO - Processing FIP - 2024-11-01 18:37:42 UTC
2025-01-19 14:10:01,486 - INFO - Processing FIS - 2025-01-15 00:00:00 UTC
2025-01-19 14:10:02,262 - INFO - Retrieved article length: 1997 characters
2025-01-19 14:10:02,347 - INFO - FIP: 1h change of -5.17%
2025-01-19 14:10:02,537 - INFO - FIP: 1mo change of -4.19%
2025-01-19 14:10:02,664 - INFO - Retrieved article length: 3710 characters
2025-01-19 14:10:02,681 - INFO - FIS: 1h change of 1.93%
2025-01-19 14:10:02,798 - INFO - FIS: 1mo change of -7.62%
2025-01-19 14:10:03,037 - INFO - Processing FIP - 2024-10-31 01:00:16 UTC
2025-01-19 14:10:03,300 - INFO - Processing FIS - 2025-01-13 20:00:00 UTC
2025-01-19 14:10:04,416 - INFO - Retrieved article length: 5912 characters
2025-01-19 14:10:04,494 - INFO - Retrieved article length: 2540 characters
2025-01-19 14:10:04,519 - INFO - FIP: 1h change of -4.84%
2025-01-19 14:10:04,585 - INFO - FIS: 1h change of 1.49%
2025-01-19 14:10:04,615 - INFO - FIP: 1wk change of 1.69%
2025-01-19 14:10:04,695 - INFO - FIS: 1wk change of -1.84%
2025-01-19 14:10:04,708 - INFO - FIP: 1mo change of -3.54%
2025-01-19 14:10:04,813 - INFO - FIS: 1mo change of -5.97%
2025-01-19 14:10:05,315 - INFO - Processing FIS - 2025-01-09 17:25:06 UTC
2025-01-19 14:10:06,325 - INFO - Processing FITB - 2025-01-15 18:56:00 UTC
2025-01-19 14:10:06,784 - INFO - Retrieved article length: 551 characters
2025-01-19 14:10:06,870 - INFO - FIS: 1h change of -3.32%
2025-01-19 14:10:06,987 - INFO - FIS: 1wk change of -2.25%
2025-01-19 14:10:07,099 - INFO - FIS: 1mo change of -7.46%
2025-01-19 14:10:07,845 - INFO - Retrieved article length: 7836 characters
2025-01-19 14:10:07,948 - INFO - FITB: 1h change of 5.20%
2025-01-19 14:10:08,074 - INFO - FITB: 1wk change of 3.26%
2025-01-19 14:10:08,209 - INFO - FITB: 1mo change of -2.38%
2025-01-19 14:10:08,710 - INFO - Processing FITB - 2025-01-15 18:00:27 UTC
2025-01-19 14:10:08,761 - INFO - Processing FIVE - 2025-01-18 12:55:00 UTC
2025-01-19 14:10:10,098 - INFO - Retrieved article length: 6499 characters
2025-01-19 14:10:10,113 - INFO - FITB: 1h change of 5.20%
2025-01-19 14:10:10,118 - INFO - Retrieved article length: 6011 characters
2025-01-19 14:10:10,173 - INFO - FITB: 1wk change of 3.26%
2025-01-19 14:10:10,228 - INFO - FITB: 1mo change of -2.38%
2025-01-19 14:10:10,301 - INFO - FIVE: 1wk change of -8.92%
2025-01-19 14:10:10,387 - INFO - FIVE: 1mo change of -13.68%
2025-01-19 14:10:10,729 - INFO - Processing FITB - 2025-01-15 17:15:26 UTC
2025-01-19 14:10:10,889 - INFO - Processing FIVE - 2025-01-17 20:02:25 UTC
2025-01-19 14:10:11,999 - INFO - Retrieved article length: 4104 characters
2025-01-19 14:10:12,019 - INFO - FITB: 1h change of 5.20%
2025-01-19 14:10:12,081 - INFO - FITB: 1wk change of 3.26%
2025-01-19 14:10:12,136 - INFO - FITB: 1mo change of -2.38%
2025-01-19 14:10:12,254 - INFO - Retrieved article length: 1358 characters
2025-01-19 14:10:12,350 - INFO - FIVE: 1h change of -3.46%
2025-01-19 14:10:12,433 - INFO - FIVE: 1wk change of -11.32%
2025-01-19 14:10:12,516 - INFO - FIVE: 1mo change of -12.80%
2025-01-19 14:10:12,637 - INFO - Processing FITB - 2025-01-14 18:00:18 UTC
2025-01-19 14:10:13,018 - INFO - Processing FIVE - 2025-01-14 18:41:00 UTC
2025-01-19 14:10:13,859 - INFO - Retrieved article length: 6533 characters
2025-01-19 14:10:13,949 - INFO - FITB: 1h change of 6.95%
2025-01-19 14:10:14,095 - INFO - FITB: 1wk change of 3.26%
2025-01-19 14:10:14,221 - INFO - FITB: 1mo change of -3.58%
2025-01-19 14:10:14,344 - INFO - Retrieved article length: 4881 characters
2025-01-19 14:10:14,438 - INFO - FIVE: 1h change of -3.70%
2025-01-19 14:10:14,524 - INFO - FIVE: 1wk change of -10.85%
2025-01-19 14:10:14,614 - INFO - FIVE: 1mo change of -17.16%
2025-01-19 14:10:14,722 - INFO - Processing FITB - 2025-01-07 16:26:12 UTC
2025-01-19 14:10:15,116 - INFO - Processing FIVE - 2025-01-14 13:30:00 UTC
2025-01-19 14:10:15,999 - INFO - Retrieved article length: 502 characters
2025-01-19 14:10:16,097 - INFO - FITB: 1h change of -1.40%
2025-01-19 14:10:16,218 - INFO - FITB: 1wk change of 2.17%
2025-01-19 14:10:16,347 - INFO - Retrieved article length: 4984 characters
2025-01-19 14:10:16,354 - INFO - FITB: 1mo change of -4.94%
2025-01-19 14:10:16,365 - INFO - FIVE: 1h change of -3.70%
2025-01-19 14:10:16,427 - INFO - FIVE: 1wk change of -10.85%
2025-01-19 14:10:16,483 - INFO - FIVE: 1mo change of -17.16%
2025-01-19 14:10:16,854 - INFO - Processing FITB - 2025-01-07 16:00:00 UTC
2025-01-19 14:10:16,984 - INFO - Processing FIVE - 2025-01-14 01:41:44 UTC
2025-01-19 14:10:18,118 - INFO - Retrieved article length: 3676 characters
2025-01-19 14:10:18,132 - INFO - FITB: 1h change of -1.40%
2025-01-19 14:10:18,151 - INFO - FITB: 1wk change of 2.17%
2025-01-19 14:10:18,222 - INFO - FITB: 1mo change of -4.94%
2025-01-19 14:10:18,252 - INFO - Retrieved article length: 1820 characters
2025-01-19 14:10:18,267 - INFO - FIVE: 1h change of -3.70%
2025-01-19 14:10:18,323 - INFO - FIVE: 1wk change of -10.85%
2025-01-19 14:10:18,379 - INFO - FIVE: 1mo change of -17.16%
2025-01-19 14:10:18,723 - INFO - Processing FITB - 2025-01-03 20:10:14 UTC
2025-01-19 14:10:18,879 - INFO - Processing FIVE - 2025-01-13 20:56:39 UTC
2025-01-19 14:10:19,945 - INFO - Retrieved article length: 3494 characters
2025-01-19 14:10:20,166 - INFO - FITB: 1wk change of -3.63%
2025-01-19 14:10:20,181 - INFO - Retrieved article length: 3544 characters
2025-01-19 14:10:20,276 - INFO - FIVE: 1h change of -4.10%
2025-01-19 14:10:20,297 - INFO - FITB: 1mo change of -6.93%
2025-01-19 14:10:20,364 - INFO - FIVE: 1wk change of -6.62%
2025-01-19 14:10:20,453 - INFO - FIVE: 1mo change of -19.02%
2025-01-19 14:10:20,798 - INFO - Processing FITB - 2024-12-26 18:03:48 UTC
2025-01-19 14:10:20,953 - INFO - Processing FIVE - 2025-01-13 17:25:28 UTC
2025-01-19 14:10:22,316 - INFO - Retrieved article length: 6698 characters
2025-01-19 14:10:22,373 - INFO - Retrieved article length: 2545 characters
2025-01-19 14:10:22,386 - INFO - FIVE: 1h change of -4.10%
2025-01-19 14:10:22,446 - INFO - FIVE: 1wk change of -6.62%
2025-01-19 14:10:22,504 - INFO - FIVE: 1mo change of -19.02%
2025-01-19 14:10:22,549 - INFO - FITB: 1wk change of -6.25%
2025-01-19 14:10:22,694 - INFO - FITB: 1mo change of -5.08%
2025-01-19 14:10:23,005 - INFO - Processing FIVE - 2025-01-13 15:00:00 UTC
2025-01-19 14:10:24,345 - INFO - Retrieved article length: 10543 characters
2025-01-19 14:10:24,355 - INFO - Processing FIVN - 2025-01-16 21:13:36 UTC
2025-01-19 14:10:24,363 - INFO - FIVE: 1h change of -4.10%
2025-01-19 14:10:24,425 - INFO - FIVE: 1wk change of -6.62%
2025-01-19 14:10:24,483 - INFO - FIVE: 1mo change of -19.02%
2025-01-19 14:10:25,662 - INFO - Retrieved article length: 7274 characters
2025-01-19 14:10:25,755 - INFO - FIVN: 1h change of -1.99%
2025-01-19 14:10:25,839 - INFO - FIVN: 1wk change of -9.18%
2025-01-19 14:10:25,923 - INFO - FIVN: 1mo change of -13.87%
2025-01-19 14:10:26,424 - INFO - Processing FIVN - 2025-01-15 20:00:11 UTC
2025-01-19 14:10:27,254 - INFO - Processing FKWL - 2024-12-24 21:00:00 UTC
2025-01-19 14:10:27,876 - INFO - Retrieved article length: 4519 characters
2025-01-19 14:10:27,969 - INFO - FIVN: 1h change of -2.30%
2025-01-19 14:10:28,056 - INFO - FIVN: 1wk change of -9.18%
2025-01-19 14:10:28,140 - INFO - FIVN: 1mo change of -13.13%
2025-01-19 14:10:28,583 - INFO - Retrieved article length: 2172 characters
2025-01-19 14:10:28,641 - INFO - Processing FIVN - 2025-01-15 12:11:00 UTC
2025-01-19 14:10:28,672 - INFO - FKWL: 1h change of 2.50%
2025-01-19 14:10:28,756 - INFO - FKWL: 1wk change of 19.95%
2025-01-19 14:10:28,848 - INFO - FKWL: 1mo change of 19.85%
2025-01-19 14:10:29,349 - INFO - Processing FKWL - 2024-12-23 23:06:48 UTC
2025-01-19 14:10:29,884 - INFO - Retrieved article length: 10663 characters
2025-01-19 14:10:29,904 - INFO - FIVN: 1h change of -2.30%
2025-01-19 14:10:29,959 - INFO - FIVN: 1wk change of -9.18%
2025-01-19 14:10:30,015 - INFO - FIVN: 1mo change of -13.13%
2025-01-19 14:10:30,516 - INFO - Processing FIVN - 2025-01-14 22:00:00 UTC
2025-01-19 14:10:30,634 - INFO - Retrieved article length: 6814 characters
2025-01-19 14:10:30,724 - INFO - FKWL: 1h change of 2.50%
2025-01-19 14:10:30,807 - INFO - FKWL: 1wk change of 11.62%
2025-01-19 14:10:30,889 - INFO - FKWL: 1mo change of 17.30%
2025-01-19 14:10:31,390 - INFO - Processing FKWL - 2024-11-17 15:31:54 UTC
2025-01-19 14:10:31,686 - INFO - Retrieved article length: 9029 characters
2025-01-19 14:10:31,870 - INFO - FIVN: 1wk change of -9.18%
2025-01-19 14:10:31,961 - INFO - FIVN: 1mo change of -11.48%
2025-01-19 14:10:32,462 - INFO - Processing FIVN - 2025-01-08 16:22:00 UTC
2025-01-19 14:10:32,694 - INFO - Retrieved article length: 1717 characters
2025-01-19 14:10:32,824 - INFO - FKWL: 1h change of -3.44%
2025-01-19 14:10:32,908 - INFO - FKWL: 1wk change of 2.39%
2025-01-19 14:10:33,498 - INFO - Processing FKWL - 2024-11-13 23:07:33 UTC
2025-01-19 14:10:33,727 - INFO - Retrieved article length: 7991 characters
2025-01-19 14:10:33,884 - INFO - FIVN: 1h change of -6.85%
2025-01-19 14:10:34,080 - INFO - FIVN: 1wk change of -8.18%
2025-01-19 14:10:34,167 - INFO - FIVN: 1mo change of -11.94%
2025-01-19 14:10:34,668 - INFO - Processing FIVN - 2025-01-08 12:02:50 UTC
2025-01-19 14:10:35,005 - INFO - Retrieved article length: 7180 characters
2025-01-19 14:10:35,103 - INFO - FKWL: 1h change of 3.13%
2025-01-19 14:10:35,270 - INFO - FKWL: 1mo change of -6.41%
2025-01-19 14:10:35,771 - INFO - Processing FKWL - 2024-10-25 16:11:39 UTC
2025-01-19 14:10:36,090 - INFO - Retrieved article length: 6256 characters
2025-01-19 14:10:36,104 - INFO - FIVN: 1h change of -6.85%
2025-01-19 14:10:36,118 - INFO - FIVN: 1wk change of -8.18%
2025-01-19 14:10:36,178 - INFO - FIVN: 1mo change of -11.94%
2025-01-19 14:10:36,680 - INFO - Processing FIVN - 2025-01-08 00:05:00 UTC
2025-01-19 14:10:37,022 - INFO - Retrieved article length: 1102 characters
2025-01-19 14:10:37,199 - INFO - FKWL: 1wk change of -1.40%
2025-01-19 14:10:37,292 - INFO - FKWL: 1mo change of -6.67%
2025-01-19 14:10:37,793 - INFO - Processing FKWL - 2024-10-22 16:00:00 UTC
2025-01-19 14:10:38,106 - INFO - Retrieved article length: 1601 characters
2025-01-19 14:10:38,125 - INFO - FIVN: 1h change of -6.85%
2025-01-19 14:10:38,138 - INFO - FIVN: 1wk change of -8.18%
2025-01-19 14:10:38,198 - INFO - FIVN: 1mo change of -11.94%
2025-01-19 14:10:38,699 - INFO - Processing FIVN - 2025-01-07 16:32:00 UTC
2025-01-19 14:10:39,101 - INFO - Retrieved article length: 4254 characters
2025-01-19 14:10:39,190 - INFO - FKWL: 1h change of 1.95%
2025-01-19 14:10:39,276 - INFO - FKWL: 1wk change of -4.65%
2025-01-19 14:10:39,368 - INFO - FKWL: 1mo change of 2.87%
2025-01-19 14:10:40,118 - INFO - Retrieved article length: 6274 characters
2025-01-19 14:10:40,204 - INFO - FIVN: 1h change of -6.85%
2025-01-19 14:10:40,289 - INFO - FIVN: 1wk change of -10.12%
2025-01-19 14:10:40,395 - INFO - FIVN: 1mo change of -9.82%
2025-01-19 14:10:40,992 - INFO - Processing FL - 2025-01-17 15:00:00 UTC
2025-01-19 14:10:42,308 - INFO - Retrieved article length: 6961 characters
2025-01-19 14:10:42,404 - INFO - FL: 1h change of -1.75%
2025-01-19 14:10:42,585 - INFO - FL: 1wk change of -3.49%
2025-01-19 14:10:42,774 - INFO - FL: 1mo change of -6.19%
2025-01-19 14:10:43,219 - INFO - Processing FLDD - 2024-12-18 16:30:00 UTC
2025-01-19 14:10:43,275 - INFO - Processing FL - 2025-01-17 12:04:33 UTC
2025-01-19 14:10:44,426 - INFO - Retrieved article length: 5939 characters
2025-01-19 14:10:44,437 - INFO - FL: 1h change of -1.75%
2025-01-19 14:10:44,494 - INFO - FL: 1wk change of -3.49%
2025-01-19 14:10:44,545 - INFO - Retrieved article length: 9030 characters
2025-01-19 14:10:44,548 - INFO - FL: 1mo change of -6.19%
2025-01-19 14:10:44,803 - INFO - FLDD: 1mo change of 3.29%
2025-01-19 14:10:45,049 - INFO - Processing FL - 2025-01-14 14:45:00 UTC
2025-01-19 14:10:46,412 - INFO - Retrieved article length: 5928 characters
2025-01-19 14:10:46,685 - INFO - FL: 1wk change of -3.08%
2025-01-19 14:10:46,847 - INFO - FL: 1mo change of -5.50%
2025-01-19 14:10:47,348 - INFO - Processing FL - 2025-01-13 12:03:37 UTC
2025-01-19 14:10:47,596 - INFO - Processing FLEX - 2025-01-14 00:15:00 UTC
2025-01-19 14:10:48,563 - INFO - Retrieved article length: 6294 characters
2025-01-19 14:10:48,799 - INFO - FL: 1wk change of -5.54%
2025-01-19 14:10:48,909 - INFO - Retrieved article length: 1586 characters
2025-01-19 14:10:48,986 - INFO - FL: 1mo change of -6.28%
2025-01-19 14:10:49,019 - INFO - FLEX: 1h change of 7.68%
2025-01-19 14:10:49,103 - INFO - FLEX: 1wk change of 5.51%
2025-01-19 14:10:49,185 - INFO - FLEX: 1mo change of 12.63%
2025-01-19 14:10:49,487 - INFO - Processing FL - 2025-01-03 19:30:11 UTC
2025-01-19 14:10:49,686 - INFO - Processing FLEX - 2025-01-06 22:11:07 UTC
2025-01-19 14:10:50,761 - INFO - Retrieved article length: 7427 characters
2025-01-19 14:10:50,825 - INFO - Retrieved article length: 5640 characters
2025-01-19 14:10:50,851 - INFO - FL: 1h change of -1.32%
2025-01-19 14:10:50,994 - INFO - FLEX: 1wk change of 7.16%
2025-01-19 14:10:51,033 - INFO - FL: 1wk change of -5.78%
2025-01-19 14:10:51,079 - INFO - FLEX: 1mo change of 8.92%
2025-01-19 14:10:51,251 - INFO - FL: 1mo change of -18.69%
2025-01-19 14:10:51,579 - INFO - Processing FLEX - 2025-01-02 17:40:11 UTC
2025-01-19 14:10:51,752 - INFO - Processing FL - 2024-12-30 19:26:03 UTC
2025-01-19 14:10:52,665 - INFO - Retrieved article length: 2501 characters
2025-01-19 14:10:52,753 - INFO - FLEX: 1h change of 3.41%
2025-01-19 14:10:52,853 - INFO - FLEX: 1wk change of 3.96%
2025-01-19 14:10:52,919 - INFO - Retrieved article length: 7754 characters
2025-01-19 14:10:52,937 - INFO - FLEX: 1mo change of 9.62%
2025-01-19 14:10:53,189 - INFO - FL: 1wk change of -8.26%
2025-01-19 14:10:53,369 - INFO - FL: 1mo change of -16.73%
2025-01-19 14:10:53,438 - INFO - Processing FLEX - 2024-12-23 17:09:00 UTC
2025-01-19 14:10:53,870 - INFO - Processing FL - 2024-12-30 19:00:38 UTC
2025-01-19 14:10:54,659 - INFO - Retrieved article length: 7158 characters
2025-01-19 14:10:54,745 - INFO - FLEX: 1h change of 3.34%
2025-01-19 14:10:54,913 - INFO - FLEX: 1mo change of 15.24%
2025-01-19 14:10:55,123 - INFO - Retrieved article length: 2768 characters
2025-01-19 14:10:55,138 - INFO - FL: 1wk change of -8.26%
2025-01-19 14:10:55,192 - INFO - FL: 1mo change of -16.73%
2025-01-19 14:10:55,414 - INFO - Processing FLEX - 2024-12-19 22:38:00 UTC
2025-01-19 14:10:55,693 - INFO - Processing FL - 2024-12-28 03:10:00 UTC
2025-01-19 14:10:56,635 - INFO - Retrieved article length: 270 characters
2025-01-19 14:10:56,725 - INFO - FLEX: 1h change of 3.73%
2025-01-19 14:10:56,817 - INFO - FLEX: 1wk change of 2.52%
2025-01-19 14:10:56,865 - INFO - Retrieved article length: 7809 characters
2025-01-19 14:10:56,903 - INFO - FLEX: 1mo change of 13.50%
2025-01-19 14:10:56,964 - INFO - FL: 1h change of 1.55%
2025-01-19 14:10:57,136 - INFO - FL: 1wk change of -4.40%
2025-01-19 14:10:57,395 - INFO - FL: 1mo change of -16.73%
2025-01-19 14:10:57,404 - INFO - Processing FLEX - 2024-12-17 17:40:12 UTC
2025-01-19 14:10:58,658 - INFO - Retrieved article length: 2467 characters
2025-01-19 14:10:58,746 - INFO - FLEX: 1h change of -1.66%
2025-01-19 14:10:58,831 - INFO - FLEX: 1wk change of 3.59%
2025-01-19 14:10:58,933 - INFO - FLEX: 1mo change of 12.54%
2025-01-19 14:10:59,060 - INFO - Processing FLG - 2025-01-16 14:18:30 UTC
2025-01-19 14:10:59,434 - INFO - Processing FLEX - 2024-12-17 17:05:00 UTC
2025-01-19 14:11:00,450 - INFO - Retrieved article length: 4873 characters
2025-01-19 14:11:00,546 - INFO - FLG: 1h change of 1.56%
2025-01-19 14:11:00,659 - INFO - Retrieved article length: 3900 characters
2025-01-19 14:11:00,669 - INFO - FLEX: 1h change of -1.66%
2025-01-19 14:11:00,679 - INFO - FLEX: 1wk change of 3.59%
2025-01-19 14:11:00,736 - INFO - FLEX: 1mo change of 12.54%
2025-01-19 14:11:00,801 - INFO - FLG: 1mo change of -14.57%
2025-01-19 14:11:01,237 - INFO - Processing FLEX - 2024-12-12 14:30:12 UTC
2025-01-19 14:11:01,302 - INFO - Processing FLG - 2024-12-14 17:00:22 UTC
2025-01-19 14:11:02,454 - INFO - Retrieved article length: 4564 characters
2025-01-19 14:11:02,474 - INFO - Retrieved article length: 7214 characters
2025-01-19 14:11:02,561 - INFO - FLG: 1h change of -2.24%
2025-01-19 14:11:02,646 - INFO - FLEX: 1wk change of -1.48%
2025-01-19 14:11:02,670 - INFO - FLG: 1wk change of -22.98%
2025-01-19 14:11:02,738 - INFO - FLEX: 1mo change of 4.80%
2025-01-19 14:11:02,790 - INFO - FLG: 1mo change of -17.48%
2025-01-19 14:11:03,292 - INFO - Processing FLG - 2024-12-14 00:30:00 UTC
2025-01-19 14:11:04,385 - INFO - Processing FLGC - 2024-12-18 02:44:00 UTC
2025-01-19 14:11:04,546 - INFO - Retrieved article length: 11330 characters
2025-01-19 14:11:04,559 - INFO - FLG: 1h change of -2.24%
2025-01-19 14:11:04,568 - INFO - FLG: 1wk change of -22.98%
2025-01-19 14:11:04,580 - INFO - FLG: 1mo change of -17.48%
2025-01-19 14:11:05,082 - INFO - Processing FLG - 2024-12-14 00:30:00 UTC
2025-01-19 14:11:05,678 - INFO - Retrieved article length: 2703 characters
2025-01-19 14:11:05,772 - INFO - FLGC: 1h change of -19.44%
2025-01-19 14:11:05,864 - INFO - FLGC: 1wk change of -39.64%
2025-01-19 14:11:05,948 - INFO - FLGC: 1mo change of -15.04%
2025-01-19 14:11:06,276 - INFO - Retrieved article length: 10841 characters
2025-01-19 14:11:06,285 - INFO - FLG: 1h change of -2.24%
2025-01-19 14:11:06,297 - INFO - FLG: 1wk change of -22.98%
2025-01-19 14:11:06,310 - INFO - FLG: 1mo change of -17.48%
2025-01-19 14:11:06,449 - INFO - Processing FLGC - 2024-12-16 21:02:00 UTC
2025-01-19 14:11:06,812 - INFO - Processing FLG - 2024-12-06 13:32:12 UTC
2025-01-19 14:11:07,590 - INFO - Retrieved article length: 4336 characters
2025-01-19 14:11:07,696 - INFO - FLGC: 1h change of -6.46%
2025-01-19 14:11:07,777 - INFO - FLGC: 1wk change of -37.13%
2025-01-19 14:11:07,874 - INFO - FLGC: 1mo change of -19.33%
2025-01-19 14:11:08,138 - INFO - Retrieved article length: 6396 characters
2025-01-19 14:11:08,239 - INFO - FLG: 1h change of -4.28%
2025-01-19 14:11:08,354 - INFO - FLG: 1wk change of -7.37%
2025-01-19 14:11:08,376 - INFO - Processing FLGC - 2024-12-13 17:00:00 UTC
2025-01-19 14:11:08,467 - INFO - FLG: 1mo change of -12.15%
2025-01-19 14:11:08,968 - INFO - Processing FLG - 2024-11-01 23:30:00 UTC
2025-01-19 14:11:09,612 - INFO - Retrieved article length: 4858 characters
2025-01-19 14:11:09,701 - INFO - FLGC: 1h change of -23.53%
2025-01-19 14:11:09,823 - INFO - FLGC: 1wk change of -38.24%
2025-01-19 14:11:09,904 - INFO - FLGC: 1mo change of -26.77%
2025-01-19 14:11:10,159 - INFO - Retrieved article length: 9940 characters
2025-01-19 14:11:10,247 - INFO - FLG: 1h change of -1.09%
2025-01-19 14:11:10,353 - INFO - FLG: 1wk change of -6.28%
2025-01-19 14:11:10,406 - INFO - Processing FLGC - 2024-12-12 16:17:00 UTC
2025-01-19 14:11:10,974 - INFO - Processing FLG - 2024-10-30 15:30:00 UTC
2025-01-19 14:11:11,647 - INFO - Retrieved article length: 5905 characters
2025-01-19 14:11:11,739 - INFO - FLGC: 1h change of -24.86%
2025-01-19 14:11:11,821 - INFO - FLGC: 1wk change of -38.60%
2025-01-19 14:11:11,908 - INFO - FLGC: 1mo change of -29.10%
2025-01-19 14:11:12,409 - INFO - Processing FLGC - 2024-12-11 16:29:00 UTC
2025-01-19 14:11:12,594 - INFO - Retrieved article length: 11322 characters
2025-01-19 14:11:12,683 - INFO - FLG: 1h change of -2.97%
2025-01-19 14:11:12,798 - INFO - FLG: 1wk change of -5.56%
2025-01-19 14:11:12,908 - INFO - FLG: 1mo change of 10.88%
2025-01-19 14:11:13,410 - INFO - Processing FLG - 2024-10-29 23:30:00 UTC
2025-01-19 14:11:13,535 - INFO - Retrieved article length: 4981 characters
2025-01-19 14:11:13,631 - INFO - FLGC: 1h change of 13.31%
2025-01-19 14:11:13,755 - INFO - FLGC: 1wk change of -38.60%
2025-01-19 14:11:13,856 - INFO - FLGC: 1mo change of -27.31%
2025-01-19 14:11:14,357 - INFO - Processing FLGC - 2024-12-10 16:35:00 UTC
2025-01-19 14:11:14,821 - INFO - Retrieved article length: 12009 characters
2025-01-19 14:11:15,030 - INFO - FLG: 1wk change of -5.56%
2025-01-19 14:11:15,154 - INFO - FLG: 1mo change of 9.33%
2025-01-19 14:11:15,625 - INFO - Retrieved article length: 8325 characters
2025-01-19 14:11:15,819 - INFO - FLGC: 1wk change of -40.94%
2025-01-19 14:11:15,906 - INFO - FLGC: 1mo change of -40.45%
2025-01-19 14:11:16,407 - INFO - Processing FLGC - 2024-12-05 17:17:00 UTC
2025-01-19 14:11:16,774 - INFO - Processing FLIC - 2024-12-20 17:06:00 UTC
2025-01-19 14:11:17,618 - INFO - Retrieved article length: 4271 characters
2025-01-19 14:11:17,838 - INFO - FLGC: 1wk change of -13.91%
2025-01-19 14:11:17,974 - INFO - Retrieved article length: 1255 characters
2025-01-19 14:11:17,977 - INFO - FLGC: 1mo change of -29.62%
2025-01-19 14:11:18,069 - INFO - FLIC: 1h change of -7.71%
2025-01-19 14:11:18,193 - INFO - FLIC: 1wk change of -14.30%
2025-01-19 14:11:18,323 - INFO - FLIC: 1mo change of -13.70%
2025-01-19 14:11:18,479 - INFO - Processing FLGC - 2024-12-02 17:17:00 UTC
2025-01-19 14:11:18,824 - INFO - Processing FLIC - 2024-10-25 00:09:07 UTC
2025-01-19 14:11:19,646 - INFO - Retrieved article length: 5238 characters
2025-01-19 14:11:19,735 - INFO - FLGC: 1h change of -7.65%
2025-01-19 14:11:19,824 - INFO - FLGC: 1wk change of 20.98%
2025-01-19 14:11:19,911 - INFO - FLGC: 1mo change of -44.44%
2025-01-19 14:11:20,384 - INFO - Retrieved article length: 916 characters
2025-01-19 14:11:20,481 - INFO - FLIC: 1h change of -5.70%
2025-01-19 14:11:20,627 - INFO - FLIC: 1wk change of -8.08%
2025-01-19 14:11:20,773 - INFO - FLIC: 1mo change of 12.98%
2025-01-19 14:11:21,274 - INFO - Processing FLIC - 2024-10-25 00:00:00 UTC
2025-01-19 14:11:22,697 - INFO - Processing FLL - 2024-12-20 13:15:21 UTC
2025-01-19 14:11:23,255 - INFO - Retrieved article length: 22556 characters
2025-01-19 14:11:23,272 - INFO - FLIC: 1h change of -5.70%
2025-01-19 14:11:23,284 - INFO - FLIC: 1wk change of -8.08%
2025-01-19 14:11:23,300 - INFO - FLIC: 1mo change of 12.98%
2025-01-19 14:11:23,993 - INFO - Retrieved article length: 5920 characters
2025-01-19 14:11:24,092 - INFO - FLL: 1h change of -1.32%
2025-01-19 14:11:24,179 - INFO - FLL: 1wk change of -13.25%
2025-01-19 14:11:24,269 - INFO - FLL: 1mo change of 9.25%
2025-01-19 14:11:24,771 - INFO - Processing FLL - 2024-11-16 00:05:00 UTC
2025-01-19 14:11:24,953 - INFO - Processing FLNC - 2025-01-18 23:35:56 UTC
2025-01-19 14:11:26,041 - INFO - Retrieved article length: 3050 characters
2025-01-19 14:11:26,123 - INFO - Retrieved article length: 5124 characters
2025-01-19 14:11:26,157 - INFO - FLNC: 1h change of -7.44%
2025-01-19 14:11:26,217 - INFO - FLL: 1h change of -5.60%
2025-01-19 14:11:26,244 - INFO - FLNC: 1wk change of -15.51%
2025-01-19 14:11:26,305 - INFO - FLL: 1wk change of -8.05%
2025-01-19 14:11:26,329 - INFO - FLNC: 1mo change of -14.81%
2025-01-19 14:11:26,392 - INFO - FLL: 1mo change of -17.67%
2025-01-19 14:11:26,830 - INFO - Processing FLNC - 2025-01-16 14:49:43 UTC
2025-01-19 14:11:26,893 - INFO - Processing FLL - 2024-11-09 15:41:47 UTC
2025-01-19 14:11:28,026 - INFO - Retrieved article length: 515 characters
2025-01-19 14:11:28,148 - INFO - FLNC: 1h change of -12.11%
2025-01-19 14:11:28,191 - INFO - Retrieved article length: 1971 characters
2025-01-19 14:11:28,242 - INFO - FLNC: 1wk change of -16.96%
2025-01-19 14:11:28,289 - INFO - FLL: 1h change of -6.17%
2025-01-19 14:11:28,325 - INFO - FLNC: 1mo change of -15.41%
2025-01-19 14:11:28,381 - INFO - FLL: 1wk change of -10.58%
2025-01-19 14:11:28,469 - INFO - FLL: 1mo change of -12.00%
2025-01-19 14:11:28,826 - INFO - Processing FLNC - 2025-01-16 07:53:38 UTC
2025-01-19 14:11:28,970 - INFO - Processing FLL - 2024-11-07 10:21:26 UTC
2025-01-19 14:11:30,151 - INFO - Retrieved article length: 3115 characters
2025-01-19 14:11:30,170 - INFO - FLNC: 1h change of -12.11%
2025-01-19 14:11:30,218 - INFO - Retrieved article length: 4914 characters
2025-01-19 14:11:30,234 - INFO - FLNC: 1wk change of -16.96%
2025-01-19 14:11:30,296 - INFO - FLNC: 1mo change of -15.41%
2025-01-19 14:11:30,322 - INFO - FLL: 1h change of -6.17%
2025-01-19 14:11:30,420 - INFO - FLL: 1wk change of -9.20%
2025-01-19 14:11:30,511 - INFO - FLL: 1mo change of -8.07%
2025-01-19 14:11:30,798 - INFO - Processing FLNC - 2025-01-15 14:50:40 UTC
2025-01-19 14:11:31,012 - INFO - Processing FLL - 2024-11-07 02:45:07 UTC
2025-01-19 14:11:31,994 - INFO - Retrieved article length: 530 characters
2025-01-19 14:11:32,084 - INFO - FLNC: 1h change of -2.93%
2025-01-19 14:11:32,175 - INFO - FLNC: 1wk change of -16.96%
2025-01-19 14:11:32,203 - INFO - Retrieved article length: 4283 characters
2025-01-19 14:11:32,221 - INFO - FLL: 1h change of -6.17%
2025-01-19 14:11:32,230 - INFO - FLL: 1wk change of -9.20%
2025-01-19 14:11:32,244 - INFO - FLL: 1mo change of -8.07%
2025-01-19 14:11:32,260 - INFO - FLNC: 1mo change of -13.38%
2025-01-19 14:11:32,744 - INFO - Processing FLL - 2024-11-07 00:05:00 UTC
2025-01-19 14:11:32,761 - INFO - Processing FLNC - 2025-01-13 10:00:00 UTC
2025-01-19 14:11:34,109 - INFO - Retrieved article length: 10527 characters
2025-01-19 14:11:34,296 - INFO - FLNC: 1wk change of -16.77%
2025-01-19 14:11:34,386 - INFO - FLNC: 1mo change of -22.03%
2025-01-19 14:11:34,594 - INFO - Retrieved article length: 26501 characters
2025-01-19 14:11:34,613 - INFO - FLL: 1h change of -6.17%
2025-01-19 14:11:34,626 - INFO - FLL: 1wk change of -9.20%
2025-01-19 14:11:34,640 - INFO - FLL: 1mo change of -8.07%
2025-01-19 14:11:34,887 - INFO - Processing FLNC - 2025-01-07 13:32:30 UTC
2025-01-19 14:11:35,142 - INFO - Processing FLL - 2024-10-30 20:02:19 UTC
2025-01-19 14:11:36,300 - INFO - Retrieved article length: 5046 characters
2025-01-19 14:11:36,398 - INFO - FLNC: 1h change of -6.41%
2025-01-19 14:11:36,398 - INFO - Retrieved article length: 3759 characters
2025-01-19 14:11:36,485 - INFO - FLNC: 1wk change of -5.12%
2025-01-19 14:11:36,524 - INFO - FLL: 1h change of 1.19%
2025-01-19 14:11:36,569 - INFO - FLNC: 1mo change of -21.22%
2025-01-19 14:11:36,703 - INFO - FLL: 1mo change of -4.64%
2025-01-19 14:11:37,070 - INFO - Processing FLNC - 2024-12-24 18:05:20 UTC
2025-01-19 14:11:38,281 - INFO - Retrieved article length: 5338 characters
2025-01-19 14:11:38,358 - INFO - Processing FLNT - 2025-01-17 23:34:00 UTC
2025-01-19 14:11:38,380 - INFO - FLNC: 1h change of 6.77%
2025-01-19 14:11:38,559 - INFO - FLNC: 1mo change of -31.53%
2025-01-19 14:11:39,060 - INFO - Processing FLNC - 2024-12-24 17:15:55 UTC
2025-01-19 14:11:39,636 - INFO - Retrieved article length: 3180 characters
2025-01-19 14:11:39,740 - INFO - FLNT: 1h change of 3.36%
2025-01-19 14:11:39,831 - INFO - FLNT: 1wk change of 2.85%
2025-01-19 14:11:39,923 - INFO - FLNT: 1mo change of 2.48%
2025-01-19 14:11:40,316 - INFO - Retrieved article length: 6723 characters
2025-01-19 14:11:40,405 - INFO - FLNC: 1h change of 6.77%
2025-01-19 14:11:40,424 - INFO - Processing FLNT - 2025-01-07 16:30:00 UTC
2025-01-19 14:11:40,472 - INFO - FLNC: 1mo change of -31.53%
2025-01-19 14:11:41,705 - INFO - Retrieved article length: 4930 characters
2025-01-19 14:11:41,801 - INFO - FLNT: 1h change of 4.21%
2025-01-19 14:11:41,888 - INFO - FLNT: 1wk change of 11.54%
2025-01-19 14:11:41,975 - INFO - FLNT: 1mo change of 8.24%
2025-01-19 14:11:42,125 - INFO - Processing FLO - 2025-01-14 17:00:00 UTC
2025-01-19 14:11:42,476 - INFO - Processing FLNT - 2024-12-06 23:17:09 UTC
2025-01-19 14:11:43,535 - INFO - Retrieved article length: 4217 characters
2025-01-19 14:11:43,631 - INFO - FLO: 1h change of -1.21%
2025-01-19 14:11:43,759 - INFO - FLO: 1wk change of -3.72%
2025-01-19 14:11:43,878 - INFO - Retrieved article length: 6275 characters
2025-01-19 14:11:43,894 - INFO - FLO: 1mo change of -11.30%
2025-01-19 14:11:43,969 - INFO - FLNT: 1h change of 4.51%
2025-01-19 14:11:44,144 - INFO - FLNT: 1mo change of -8.42%
2025-01-19 14:11:44,395 - INFO - Processing FLO - 2025-01-14 15:49:17 UTC
2025-01-19 14:11:44,645 - INFO - Processing FLNT - 2024-11-30 01:58:00 UTC
2025-01-19 14:11:45,746 - INFO - Retrieved article length: 10499 characters
2025-01-19 14:11:45,765 - INFO - FLO: 1h change of -1.21%
2025-01-19 14:11:45,827 - INFO - FLO: 1wk change of -3.72%
2025-01-19 14:11:45,883 - INFO - FLO: 1mo change of -11.30%
2025-01-19 14:11:45,929 - INFO - Retrieved article length: 6643 characters
2025-01-19 14:11:46,208 - INFO - FLNT: 1wk change of -3.06%
2025-01-19 14:11:46,301 - INFO - FLNT: 1mo change of -13.20%
2025-01-19 14:11:46,384 - INFO - Processing FLO - 2025-01-13 17:27:00 UTC
2025-01-19 14:11:46,803 - INFO - Processing FLNT - 2024-11-20 00:00:00 UTC
2025-01-19 14:11:47,584 - INFO - Retrieved article length: 5724 characters
2025-01-19 14:11:47,844 - INFO - FLO: 1wk change of -6.69%
2025-01-19 14:11:48,009 - INFO - FLO: 1mo change of -11.46%
2025-01-19 14:11:48,074 - INFO - Retrieved article length: 3802 characters
2025-01-19 14:11:48,166 - INFO - FLNT: 1h change of -5.02%
2025-01-19 14:11:48,266 - INFO - FLNT: 1wk change of -6.76%
2025-01-19 14:11:48,356 - INFO - FLNT: 1mo change of -14.79%
2025-01-19 14:11:48,510 - INFO - Processing FLO - 2025-01-10 18:00:41 UTC
2025-01-19 14:11:48,857 - INFO - Processing FLNT - 2024-11-15 21:04:26 UTC
2025-01-19 14:11:49,859 - INFO - Retrieved article length: 6814 characters
2025-01-19 14:11:49,955 - INFO - FLO: 1h change of -3.01%
2025-01-19 14:11:50,083 - INFO - FLO: 1wk change of -6.15%
2025-01-19 14:11:50,212 - INFO - FLO: 1mo change of -11.62%
2025-01-19 14:11:50,276 - INFO - Retrieved article length: 35404 characters
2025-01-19 14:11:50,371 - INFO - FLNT: 1h change of -9.90%
2025-01-19 14:11:50,469 - INFO - FLNT: 1wk change of -4.42%
2025-01-19 14:11:50,574 - INFO - FLNT: 1mo change of -4.62%
2025-01-19 14:11:50,713 - INFO - Processing FLO - 2025-01-09 18:01:00 UTC
2025-01-19 14:11:51,076 - INFO - Processing FLNT - 2024-11-15 10:15:45 UTC
2025-01-19 14:11:52,012 - INFO - Retrieved article length: 5746 characters
2025-01-19 14:11:52,101 - INFO - FLO: 1h change of -6.27%
2025-01-19 14:11:52,248 - INFO - FLO: 1wk change of -5.64%
2025-01-19 14:11:52,388 - INFO - FLO: 1mo change of -12.89%
2025-01-19 14:11:52,568 - INFO - Retrieved article length: 3952 characters
2025-01-19 14:11:52,582 - INFO - FLNT: 1h change of -9.90%
2025-01-19 14:11:52,593 - INFO - FLNT: 1wk change of -4.42%
2025-01-19 14:11:52,604 - INFO - FLNT: 1mo change of -4.62%
2025-01-19 14:11:52,889 - INFO - Processing FLO - 2025-01-09 15:59:08 UTC
2025-01-19 14:11:53,105 - INFO - Processing FLNT - 2024-11-15 01:12:33 UTC
2025-01-19 14:11:54,158 - INFO - Retrieved article length: 1973 characters
2025-01-19 14:11:54,173 - INFO - FLO: 1h change of -6.27%
2025-01-19 14:11:54,184 - INFO - FLO: 1wk change of -5.64%
2025-01-19 14:11:54,246 - INFO - FLO: 1mo change of -12.89%
2025-01-19 14:11:54,356 - INFO - Retrieved article length: 764 characters
2025-01-19 14:11:54,373 - INFO - FLNT: 1h change of -9.90%
2025-01-19 14:11:54,380 - INFO - FLNT: 1wk change of -4.42%
2025-01-19 14:11:54,389 - INFO - FLNT: 1mo change of -4.62%
2025-01-19 14:11:54,748 - INFO - Processing FLO - 2025-01-09 15:47:57 UTC
2025-01-19 14:11:55,938 - INFO - Retrieved article length: 520 characters
2025-01-19 14:11:55,950 - INFO - FLO: 1h change of -6.27%
2025-01-19 14:11:55,960 - INFO - FLO: 1wk change of -5.64%
2025-01-19 14:11:56,016 - INFO - FLO: 1mo change of -12.89%
2025-01-19 14:11:56,041 - INFO - Processing FLOT - 2024-12-06 21:00:00 UTC
2025-01-19 14:11:56,517 - INFO - Processing FLO - 2025-01-09 12:00:00 UTC
2025-01-19 14:11:57,432 - INFO - Retrieved article length: 1989 characters
2025-01-19 14:11:57,792 - INFO - FLOT: 1mo change of 1.06%
2025-01-19 14:11:58,003 - INFO - Retrieved article length: 3296 characters
2025-01-19 14:11:58,021 - INFO - FLO: 1h change of -6.27%
2025-01-19 14:11:58,033 - INFO - FLO: 1wk change of -5.64%
2025-01-19 14:11:58,089 - INFO - FLO: 1mo change of -12.89%
2025-01-19 14:11:59,453 - INFO - Processing FLR - 2025-01-19 01:34:46 UTC
2025-01-19 14:11:59,739 - INFO - Processing FLRN - 2024-12-06 21:00:00 UTC
2025-01-19 14:12:00,891 - INFO - Retrieved article length: 8399 characters
2025-01-19 14:12:00,988 - INFO - Retrieved article length: 1989 characters
2025-01-19 14:12:00,992 - INFO - FLR: 1h change of 2.78%
2025-01-19 14:12:01,106 - INFO - FLR: 1wk change of 4.48%
2025-01-19 14:12:01,321 - INFO - FLR: 1mo change of -7.76%
2025-01-19 14:12:01,370 - INFO - FLRN: 1mo change of 1.03%
2025-01-19 14:12:01,823 - INFO - Processing FLR - 2025-01-17 18:36:11 UTC
2025-01-19 14:12:02,985 - INFO - Processing FLS - 2025-01-14 20:43:31 UTC
2025-01-19 14:12:03,098 - INFO - Retrieved article length: 210 characters
2025-01-19 14:12:03,204 - INFO - FLR: 1h change of 1.35%
2025-01-19 14:12:03,433 - INFO - FLR: 1mo change of -7.78%
2025-01-19 14:12:03,934 - INFO - Processing FLR - 2025-01-10 15:48:15 UTC
2025-01-19 14:12:04,238 - INFO - Retrieved article length: 516 characters
2025-01-19 14:12:04,335 - INFO - FLS: 1h change of 3.51%
2025-01-19 14:12:04,468 - INFO - FLS: 1wk change of 7.15%
2025-01-19 14:12:04,601 - INFO - FLS: 1mo change of 5.23%
2025-01-19 14:12:05,102 - INFO - Processing FLS - 2025-01-14 18:00:00 UTC
2025-01-19 14:12:05,262 - INFO - Retrieved article length: 3548 characters
2025-01-19 14:12:05,354 - INFO - FLR: 1h change of -1.21%
2025-01-19 14:12:05,465 - INFO - FLR: 1wk change of 2.17%
2025-01-19 14:12:05,568 - INFO - FLR: 1mo change of -9.68%
2025-01-19 14:12:06,070 - INFO - Processing FLR - 2025-01-06 15:00:00 UTC
2025-01-19 14:12:06,328 - INFO - Retrieved article length: 10041 characters
2025-01-19 14:12:06,339 - INFO - FLS: 1h change of 3.51%
2025-01-19 14:12:06,398 - INFO - FLS: 1wk change of 7.15%
2025-01-19 14:12:06,458 - INFO - FLS: 1mo change of 5.23%
2025-01-19 14:12:06,959 - INFO - Processing FLS - 2025-01-03 15:40:37 UTC
2025-01-19 14:12:07,441 - INFO - Retrieved article length: 1853 characters
2025-01-19 14:12:07,531 - INFO - FLR: 1h change of -3.61%
2025-01-19 14:12:07,639 - INFO - FLR: 1wk change of -1.56%
2025-01-19 14:12:07,754 - INFO - FLR: 1mo change of -8.56%
2025-01-19 14:12:08,256 - INFO - Processing FLR - 2024-12-26 23:16:09 UTC
2025-01-19 14:12:08,259 - INFO - Retrieved article length: 3526 characters
2025-01-19 14:12:08,613 - INFO - FLS: 1mo change of 4.44%
2025-01-19 14:12:09,114 - INFO - Processing FLS - 2024-12-31 18:12:00 UTC
2025-01-19 14:12:09,662 - INFO - Retrieved article length: 6421 characters
2025-01-19 14:12:09,863 - INFO - FLR: 1wk change of -6.64%
2025-01-19 14:12:09,978 - INFO - FLR: 1mo change of -7.91%
2025-01-19 14:12:10,440 - INFO - Retrieved article length: 4197 characters
2025-01-19 14:12:10,479 - INFO - Processing FLR - 2024-12-23 14:13:45 UTC
2025-01-19 14:12:10,540 - INFO - FLS: 1h change of 1.07%
2025-01-19 14:12:10,672 - INFO - FLS: 1wk change of 1.95%
2025-01-19 14:12:10,805 - INFO - FLS: 1mo change of 3.95%
2025-01-19 14:12:11,306 - INFO - Processing FLS - 2024-12-20 14:32:07 UTC
2025-01-19 14:12:11,727 - INFO - Retrieved article length: 4317 characters
2025-01-19 14:12:11,821 - INFO - FLR: 1h change of 1.39%
2025-01-19 14:12:11,932 - INFO - FLR: 1wk change of -9.74%
2025-01-19 14:12:12,039 - INFO - FLR: 1mo change of -4.83%
2025-01-19 14:12:12,540 - INFO - Processing FLR - 2024-12-08 17:41:18 UTC
2025-01-19 14:12:12,620 - INFO - Retrieved article length: 3844 characters
2025-01-19 14:12:12,722 - INFO - FLS: 1h change of -2.95%
2025-01-19 14:12:12,860 - INFO - FLS: 1wk change of -4.25%
2025-01-19 14:12:12,993 - INFO - FLS: 1mo change of 7.60%
2025-01-19 14:12:13,494 - INFO - Processing FLS - 2024-12-16 22:00:00 UTC
2025-01-19 14:12:13,921 - INFO - Retrieved article length: 4077 characters
2025-01-19 14:12:14,129 - INFO - FLR: 1wk change of -4.77%
2025-01-19 14:12:14,238 - INFO - FLR: 1mo change of -8.67%
2025-01-19 14:12:14,740 - INFO - Processing FLR - 2024-12-05 18:38:00 UTC
2025-01-19 14:12:14,794 - INFO - Retrieved article length: 7584 characters
2025-01-19 14:12:14,912 - INFO - FLS: 1h change of -2.58%
2025-01-19 14:12:15,051 - INFO - FLS: 1wk change of -3.91%
2025-01-19 14:12:15,190 - INFO - FLS: 1mo change of 4.22%
2025-01-19 14:12:15,691 - INFO - Processing FLS - 2024-12-12 19:43:10 UTC
2025-01-19 14:12:15,938 - INFO - Retrieved article length: 4185 characters
2025-01-19 14:12:16,032 - INFO - FLR: 1h change of 3.91%
2025-01-19 14:12:16,143 - INFO - FLR: 1wk change of -2.50%
2025-01-19 14:12:16,258 - INFO - FLR: 1mo change of -5.66%
2025-01-19 14:12:16,950 - INFO - Retrieved article length: 4188 characters
2025-01-19 14:12:17,341 - INFO - FLS: 1wk change of -4.60%
2025-01-19 14:12:17,492 - INFO - FLS: 1mo change of 3.80%
2025-01-19 14:12:17,993 - INFO - Processing FLS - 2024-12-12 16:15:45 UTC
2025-01-19 14:12:19,035 - INFO - Processing FLUT - 2025-01-17 15:43:40 UTC
2025-01-19 14:12:19,541 - INFO - Retrieved article length: 528 characters
2025-01-19 14:12:19,579 - INFO - FLS: 1wk change of -4.60%
2025-01-19 14:12:19,593 - INFO - FLS: 1mo change of 3.80%
2025-01-19 14:12:20,329 - INFO - Retrieved article length: 506 characters
2025-01-19 14:12:20,524 - INFO - FLUT: 1wk change of 4.46%
2025-01-19 14:12:20,613 - INFO - FLUT: 1mo change of -5.26%
2025-01-19 14:12:21,114 - INFO - Processing FLUT - 2025-01-17 15:25:00 UTC
2025-01-19 14:12:21,218 - INFO - Processing FLUX - 2025-01-07 16:31:00 UTC
2025-01-19 14:12:22,557 - INFO - Retrieved article length: 2984 characters
2025-01-19 14:12:22,567 - INFO - Retrieved article length: 4654 characters
2025-01-19 14:12:22,630 - INFO - FLUT: 1wk change of 4.46%
2025-01-19 14:12:22,664 - INFO - FLUX: 1h change of -7.49%
2025-01-19 14:12:22,686 - INFO - FLUT: 1mo change of -5.26%
2025-01-19 14:12:22,749 - INFO - FLUX: 1wk change of 5.95%
2025-01-19 14:12:22,837 - INFO - FLUX: 1mo change of 4.05%
2025-01-19 14:12:23,187 - INFO - Processing FLUT - 2025-01-16 17:10:00 UTC
2025-01-19 14:12:23,338 - INFO - Processing FLUX - 2024-11-26 00:01:00 UTC
2025-01-19 14:12:24,410 - INFO - Retrieved article length: 4678 characters
2025-01-19 14:12:24,598 - INFO - FLUT: 1wk change of 3.13%
2025-01-19 14:12:24,670 - INFO - Retrieved article length: 5851 characters
2025-01-19 14:12:24,696 - INFO - FLUT: 1mo change of -6.42%
2025-01-19 14:12:24,766 - INFO - FLUX: 1h change of -24.17%
2025-01-19 14:12:24,855 - INFO - FLUX: 1wk change of -14.98%
2025-01-19 14:12:24,944 - INFO - FLUX: 1mo change of -47.17%
2025-01-19 14:12:25,197 - INFO - Processing FLUT - 2025-01-15 17:53:00 UTC
2025-01-19 14:12:25,445 - INFO - Processing FLUX - 2024-11-22 00:01:00 UTC
2025-01-19 14:12:26,470 - INFO - Retrieved article length: 3078 characters
2025-01-19 14:12:26,570 - INFO - FLUT: 1h change of 1.51%
2025-01-19 14:12:26,660 - INFO - FLUT: 1wk change of 3.13%
2025-01-19 14:12:26,675 - INFO - Retrieved article length: 7149 characters
2025-01-19 14:12:26,754 - INFO - FLUT: 1mo change of -5.18%
2025-01-19 14:12:26,773 - INFO - FLUX: 1h change of -1.91%
2025-01-19 14:12:26,859 - INFO - FLUX: 1wk change of -25.20%
2025-01-19 14:12:26,950 - INFO - FLUX: 1mo change of -48.11%
2025-01-19 14:12:27,256 - INFO - Processing FLUT - 2025-01-14 13:03:21 UTC
2025-01-19 14:12:27,451 - INFO - Processing FLUX - 2024-11-16 00:05:00 UTC
2025-01-19 14:12:28,524 - INFO - Retrieved article length: 6535 characters
2025-01-19 14:12:28,705 - INFO - FLUT: 1wk change of 3.13%
2025-01-19 14:12:28,794 - INFO - FLUT: 1mo change of -4.23%
2025-01-19 14:12:28,797 - INFO - Retrieved article length: 7489 characters
2025-01-19 14:12:28,901 - INFO - FLUX: 1h change of -5.88%
2025-01-19 14:12:29,026 - INFO - FLUX: 1wk change of -21.18%
2025-01-19 14:12:29,112 - INFO - FLUX: 1mo change of -44.12%
2025-01-19 14:12:29,295 - INFO - Processing FLUT - 2025-01-10 16:50:00 UTC
2025-01-19 14:12:30,506 - INFO - Retrieved article length: 9958 characters
2025-01-19 14:12:30,710 - INFO - FLUT: 1wk change of 1.80%
2025-01-19 14:12:30,768 - INFO - Processing FLYE - 2024-12-23 16:00:00 UTC
2025-01-19 14:12:30,803 - INFO - FLUT: 1mo change of -6.16%
2025-01-19 14:12:31,304 - INFO - Processing FLUT - 2025-01-09 17:40:00 UTC
2025-01-19 14:12:32,148 - INFO - Retrieved article length: 4592 characters
2025-01-19 14:12:32,244 - INFO - FLYE: 1h change of 2.90%
2025-01-19 14:12:32,329 - INFO - FLYE: 1wk change of 91.78%
2025-01-19 14:12:32,421 - INFO - FLYE: 1mo change of 15.58%
2025-01-19 14:12:32,535 - INFO - Retrieved article length: 7898 characters
2025-01-19 14:12:32,627 - INFO - FLUT: 1h change of -1.64%
2025-01-19 14:12:32,717 - INFO - FLUT: 1wk change of 1.96%
2025-01-19 14:12:32,807 - INFO - FLUT: 1mo change of -5.90%
2025-01-19 14:12:32,922 - INFO - Processing FLYE - 2024-12-05 16:00:00 UTC
2025-01-19 14:12:33,308 - INFO - Processing FLUT - 2025-01-08 18:53:06 UTC
2025-01-19 14:12:34,206 - INFO - Retrieved article length: 3979 characters
2025-01-19 14:12:34,295 - INFO - FLYE: 1h change of 4.38%
2025-01-19 14:12:34,383 - INFO - FLYE: 1wk change of -2.67%
2025-01-19 14:12:34,469 - INFO - FLYE: 1mo change of -14.57%
2025-01-19 14:12:34,644 - INFO - Retrieved article length: 1910 characters
2025-01-19 14:12:34,734 - INFO - FLUT: 1h change of -1.28%
2025-01-19 14:12:34,819 - INFO - FLUT: 1wk change of 1.96%
2025-01-19 14:12:34,904 - INFO - FLUT: 1mo change of -5.37%
2025-01-19 14:12:34,970 - INFO - Processing FLYE - 2024-11-21 01:20:00 UTC
2025-01-19 14:12:36,607 - INFO - Processing FLYW - 2025-01-14 15:43:56 UTC
2025-01-19 14:12:36,763 - INFO - Retrieved article length: 28846 characters
2025-01-19 14:12:36,855 - INFO - FLYE: 1h change of -14.55%
2025-01-19 14:12:36,947 - INFO - FLYE: 1wk change of -33.44%
2025-01-19 14:12:37,042 - INFO - FLYE: 1mo change of -32.26%
2025-01-19 14:12:37,962 - INFO - Retrieved article length: 484 characters
2025-01-19 14:12:38,061 - INFO - FLYW: 1h change of 10.71%
2025-01-19 14:12:38,154 - INFO - FLYW: 1wk change of 2.88%
2025-01-19 14:12:38,249 - INFO - FLYW: 1mo change of -1.86%
2025-01-19 14:12:38,703 - INFO - Processing FMAO - 2025-01-14 00:30:00 UTC
2025-01-19 14:12:38,750 - INFO - Processing FLYW - 2024-12-16 11:32:00 UTC
2025-01-19 14:12:40,084 - INFO - Retrieved article length: 6125 characters
2025-01-19 14:12:40,176 - INFO - Retrieved article length: 4594 characters
2025-01-19 14:12:40,253 - INFO - FLYW: 1h change of 5.01%
2025-01-19 14:12:40,273 - INFO - FMAO: 1h change of 6.74%
2025-01-19 14:12:40,339 - INFO - FLYW: 1wk change of -5.73%
2025-01-19 14:12:40,408 - INFO - FMAO: 1wk change of -2.94%
2025-01-19 14:12:40,478 - INFO - FLYW: 1mo change of -13.55%
2025-01-19 14:12:40,523 - INFO - FMAO: 1mo change of -18.28%
2025-01-19 14:12:40,979 - INFO - Processing FLYW - 2024-12-12 12:14:27 UTC
2025-01-19 14:12:41,025 - INFO - Processing FMAO - 2024-12-18 01:25:00 UTC
2025-01-19 14:12:42,280 - INFO - Retrieved article length: 6633 characters
2025-01-19 14:12:42,287 - INFO - Retrieved article length: 2907 characters
2025-01-19 14:12:42,385 - INFO - FLYW: 1h change of -4.06%
2025-01-19 14:12:42,389 - INFO - FMAO: 1h change of -7.94%
2025-01-19 14:12:42,478 - INFO - FLYW: 1wk change of -13.01%
2025-01-19 14:12:42,519 - INFO - FMAO: 1wk change of -10.58%
2025-01-19 14:12:42,564 - INFO - FLYW: 1mo change of 9.02%
2025-01-19 14:12:42,661 - INFO - FMAO: 1mo change of -17.20%
2025-01-19 14:12:43,066 - INFO - Processing FLYW - 2024-12-11 14:53:57 UTC
2025-01-19 14:12:43,162 - INFO - Processing FMAO - 2024-12-18 01:00:00 UTC
2025-01-19 14:12:44,381 - INFO - Retrieved article length: 6367 characters
2025-01-19 14:12:44,477 - INFO - FLYW: 1h change of -5.14%
2025-01-19 14:12:44,569 - INFO - FLYW: 1wk change of -13.01%
2025-01-19 14:12:44,624 - INFO - Retrieved article length: 3443 characters
2025-01-19 14:12:44,639 - INFO - FMAO: 1h change of -7.94%
2025-01-19 14:12:44,650 - INFO - FMAO: 1wk change of -10.58%
2025-01-19 14:12:44,662 - INFO - FLYW: 1mo change of 6.02%
2025-01-19 14:12:44,714 - INFO - FMAO: 1mo change of -17.20%
2025-01-19 14:12:45,164 - INFO - Processing FLYW - 2024-12-03 15:22:33 UTC
2025-01-19 14:12:45,216 - INFO - Processing FMAO - 2024-11-01 16:01:00 UTC
2025-01-19 14:12:46,413 - INFO - Retrieved article length: 1641 characters
2025-01-19 14:12:46,508 - INFO - FLYW: 1h change of -4.03%
2025-01-19 14:12:46,564 - INFO - Retrieved article length: 3046 characters
2025-01-19 14:12:46,594 - INFO - FLYW: 1wk change of -11.98%
2025-01-19 14:12:46,654 - INFO - FMAO: 1h change of 1.64%
2025-01-19 14:12:46,684 - INFO - FLYW: 1mo change of 11.13%
2025-01-19 14:12:46,758 - INFO - FMAO: 1wk change of 17.85%
2025-01-19 14:12:46,878 - INFO - FMAO: 1mo change of 19.10%
2025-01-19 14:12:47,185 - INFO - Processing FLYW - 2024-12-02 15:56:00 UTC
2025-01-19 14:12:47,380 - INFO - Processing FMAO - 2024-10-31 01:25:00 UTC
2025-01-19 14:12:48,463 - INFO - Retrieved article length: 516 characters
2025-01-19 14:12:48,569 - INFO - FLYW: 1h change of -1.13%
2025-01-19 14:12:48,663 - INFO - FLYW: 1wk change of -11.17%
2025-01-19 14:12:48,756 - INFO - FLYW: 1mo change of 19.10%
2025-01-19 14:12:49,257 - INFO - Processing FLYW - 2024-11-22 16:48:00 UTC
2025-01-19 14:12:49,901 - INFO - Retrieved article length: 29316 characters
2025-01-19 14:12:49,999 - INFO - FMAO: 1h change of 1.68%
2025-01-19 14:12:50,113 - INFO - FMAO: 1wk change of 17.16%
2025-01-19 14:12:50,233 - INFO - FMAO: 1mo change of 20.91%
2025-01-19 14:12:50,606 - INFO - Retrieved article length: 5680 characters
2025-01-19 14:12:50,698 - INFO - FLYW: 1h change of 2.92%
2025-01-19 14:12:50,734 - INFO - Processing FMAO - 2024-10-24 17:48:00 UTC
2025-01-19 14:12:50,888 - INFO - FLYW: 1mo change of 15.73%
2025-01-19 14:12:51,390 - INFO - Processing FLYW - 2024-11-21 18:03:46 UTC
2025-01-19 14:12:52,148 - INFO - Retrieved article length: 4658 characters
2025-01-19 14:12:52,255 - INFO - FMAO: 1h change of -4.11%
2025-01-19 14:12:52,479 - INFO - FMAO: 1mo change of 19.13%
2025-01-19 14:12:52,713 - INFO - Retrieved article length: 522 characters
2025-01-19 14:12:52,811 - INFO - FLYW: 1h change of 5.09%
2025-01-19 14:12:52,898 - INFO - FLYW: 1wk change of -1.99%
2025-01-19 14:12:52,985 - INFO - FLYW: 1mo change of 18.71%
2025-01-19 14:12:54,104 - INFO - Processing FMC - 2025-01-19 13:49:16 UTC
2025-01-19 14:12:54,616 - INFO - Processing FMNB - 2025-01-15 16:30:00 UTC
2025-01-19 14:12:55,539 - INFO - Retrieved article length: 5212 characters
2025-01-19 14:12:55,762 - INFO - FMC: 1wk change of 7.74%
2025-01-19 14:12:55,893 - INFO - FMC: 1mo change of 4.18%
2025-01-19 14:12:56,098 - INFO - Retrieved article length: 3229 characters
2025-01-19 14:12:56,198 - INFO - FMNB: 1h change of 3.35%
2025-01-19 14:12:56,311 - INFO - FMNB: 1wk change of -2.42%
2025-01-19 14:12:56,395 - INFO - Processing FMC - 2025-01-02 15:39:46 UTC
2025-01-19 14:12:56,428 - INFO - FMNB: 1mo change of -15.36%
2025-01-19 14:12:56,929 - INFO - Processing FMNB - 2024-12-17 17:49:45 UTC
2025-01-19 14:12:57,704 - INFO - Retrieved article length: 3131 characters
2025-01-19 14:12:58,082 - INFO - FMC: 1mo change of -8.48%
2025-01-19 14:12:58,211 - INFO - Retrieved article length: 515 characters
2025-01-19 14:12:58,310 - INFO - FMNB: 1h change of -6.56%
2025-01-19 14:12:58,435 - INFO - FMNB: 1wk change of -7.26%
2025-01-19 14:12:58,539 - INFO - FMNB: 1mo change of -14.17%
2025-01-19 14:12:58,583 - INFO - Processing FMC - 2024-12-20 14:41:45 UTC
2025-01-19 14:12:59,040 - INFO - Processing FMNB - 2024-12-17 17:25:00 UTC
2025-01-19 14:12:59,981 - INFO - Retrieved article length: 3745 characters
2025-01-19 14:13:00,078 - INFO - FMC: 1h change of -2.19%
2025-01-19 14:13:00,222 - INFO - FMC: 1wk change of -14.39%
2025-01-19 14:13:00,316 - INFO - Retrieved article length: 3456 characters
2025-01-19 14:13:00,332 - INFO - FMNB: 1h change of -6.56%
2025-01-19 14:13:00,346 - INFO - FMNB: 1wk change of -7.26%
2025-01-19 14:13:00,407 - INFO - FMNB: 1mo change of -14.17%
2025-01-19 14:13:00,852 - INFO - Processing FMC - 2024-12-20 00:30:00 UTC
2025-01-19 14:13:00,909 - INFO - Processing FMNB - 2024-12-11 14:06:56 UTC
2025-01-19 14:13:02,077 - INFO - Retrieved article length: 2680 characters
2025-01-19 14:13:02,094 - INFO - FMC: 1h change of -2.19%
2025-01-19 14:13:02,107 - INFO - FMC: 1wk change of -14.39%
2025-01-19 14:13:02,162 - INFO - Retrieved article length: 6777 characters
2025-01-19 14:13:02,253 - INFO - FMNB: 1h change of -1.53%
2025-01-19 14:13:02,367 - INFO - FMNB: 1wk change of -7.19%
2025-01-19 14:13:02,488 - INFO - FMNB: 1mo change of -16.42%
2025-01-19 14:13:02,672 - INFO - Processing FMC - 2024-12-13 15:30:00 UTC
2025-01-19 14:13:02,990 - INFO - Processing FMNB - 2024-11-30 15:33:21 UTC
2025-01-19 14:13:03,995 - INFO - Retrieved article length: 3875 characters
2025-01-19 14:13:04,093 - INFO - FMC: 1h change of -7.21%
2025-01-19 14:13:04,235 - INFO - FMC: 1wk change of -15.76%
2025-01-19 14:13:04,283 - INFO - Retrieved article length: 4068 characters
2025-01-19 14:13:04,380 - INFO - FMC: 1mo change of -9.25%
2025-01-19 14:13:04,489 - INFO - FMNB: 1wk change of 2.90%
2025-01-19 14:13:04,881 - INFO - Processing FMC - 2024-12-13 00:30:00 UTC
2025-01-19 14:13:05,114 - INFO - Processing FMNB - 2024-11-27 00:05:00 UTC
2025-01-19 14:13:06,103 - INFO - Retrieved article length: 2884 characters
2025-01-19 14:13:06,117 - INFO - FMC: 1h change of -7.21%
2025-01-19 14:13:06,126 - INFO - FMC: 1wk change of -15.76%
2025-01-19 14:13:06,143 - INFO - FMC: 1mo change of -9.25%
2025-01-19 14:13:06,562 - INFO - Retrieved article length: 1739 characters
2025-01-19 14:13:06,644 - INFO - Processing FMC - 2024-12-06 20:53:00 UTC
2025-01-19 14:13:06,665 - INFO - FMNB: 1h change of -3.21%
2025-01-19 14:13:06,788 - INFO - FMNB: 1wk change of 3.10%
2025-01-19 14:13:06,905 - INFO - FMNB: 1mo change of 1.54%
2025-01-19 14:13:07,406 - INFO - Processing FMNB - 2024-11-22 14:36:34 UTC
2025-01-19 14:13:08,379 - INFO - Retrieved article length: 195 characters
2025-01-19 14:13:08,485 - INFO - FMC: 1h change of -2.96%
2025-01-19 14:13:08,603 - INFO - FMC: 1wk change of -10.79%
2025-01-19 14:13:08,734 - INFO - FMC: 1mo change of -19.37%
2025-01-19 14:13:08,808 - INFO - Retrieved article length: 1188 characters
2025-01-19 14:13:08,904 - INFO - FMNB: 1h change of 6.12%
2025-01-19 14:13:09,162 - INFO - FMNB: 1mo change of -4.12%
2025-01-19 14:13:09,236 - INFO - Processing FMC - 2024-12-04 22:10:06 UTC
2025-01-19 14:13:09,663 - INFO - Processing FMNB - 2024-11-12 18:04:57 UTC
2025-01-19 14:13:10,548 - INFO - Retrieved article length: 6468 characters
2025-01-19 14:13:10,642 - INFO - FMC: 1h change of -2.26%
2025-01-19 14:13:10,769 - INFO - FMC: 1wk change of -11.75%
2025-01-19 14:13:10,891 - INFO - Retrieved article length: 6426 characters
2025-01-19 14:13:10,906 - INFO - FMC: 1mo change of -22.32%
2025-01-19 14:13:10,984 - INFO - FMNB: 1h change of -1.59%
2025-01-19 14:13:11,111 - INFO - FMNB: 1wk change of 11.97%
2025-01-19 14:13:11,233 - INFO - FMNB: 1mo change of 11.10%
2025-01-19 14:13:12,568 - INFO - Processing FMST - 2025-01-13 16:30:00 UTC
2025-01-19 14:13:13,890 - INFO - Retrieved article length: 7902 characters
2025-01-19 14:13:14,072 - INFO - FMST: 1wk change of -1.06%
2025-01-19 14:13:14,159 - INFO - FMST: 1mo change of -5.72%
2025-01-19 14:13:14,660 - INFO - Processing FMST - 2024-12-23 16:30:00 UTC
2025-01-19 14:13:16,014 - INFO - Retrieved article length: 12010 characters
2025-01-19 14:13:16,118 - INFO - FMST: 1h change of 2.70%
2025-01-19 14:13:16,212 - INFO - FMST: 1wk change of -9.80%
2025-01-19 14:13:16,304 - INFO - FMST: 1mo change of -20.77%
2025-01-19 14:13:16,805 - INFO - Processing FMST - 2024-12-11 16:30:00 UTC
2025-01-19 14:13:18,126 - INFO - Retrieved article length: 19788 characters
2025-01-19 14:13:18,223 - INFO - FMST: 1h change of 3.08%
2025-01-19 14:13:18,311 - INFO - FMST: 1wk change of 16.79%
2025-01-19 14:13:18,400 - INFO - FMST: 1mo change of -37.77%
2025-01-19 14:13:18,901 - INFO - Processing FMST - 2024-12-02 16:30:00 UTC
2025-01-19 14:13:20,162 - INFO - Retrieved article length: 11817 characters
2025-01-19 14:13:20,260 - INFO - FMST: 1h change of -5.06%
2025-01-19 14:13:20,360 - INFO - FMST: 1wk change of -2.70%
2025-01-19 14:13:20,448 - INFO - FMST: 1mo change of -40.79%
2025-01-19 14:13:20,949 - INFO - Processing FMST - 2024-11-20 16:30:00 UTC
2025-01-19 14:13:22,404 - INFO - Retrieved article length: 9879 characters
2025-01-19 14:13:22,498 - INFO - FMST: 1h change of -12.11%
2025-01-19 14:13:22,584 - INFO - FMST: 1wk change of -28.41%
2025-01-19 14:13:22,672 - INFO - FMST: 1mo change of -40.18%
2025-01-19 14:13:23,173 - INFO - Processing FMST - 2024-11-18 16:30:00 UTC
2025-01-19 14:13:24,628 - INFO - Retrieved article length: 9421 characters
2025-01-19 14:13:24,726 - INFO - FMST: 1h change of 1.54%
2025-01-19 14:13:24,860 - INFO - FMST: 1wk change of -23.08%
2025-01-19 14:13:24,954 - INFO - FMST: 1mo change of -34.69%
2025-01-19 14:13:25,455 - INFO - Processing FMST - 2024-11-15 16:30:00 UTC
2025-01-19 14:13:26,986 - INFO - Retrieved article length: 12695 characters
2025-01-19 14:13:27,164 - INFO - FMST: 1wk change of -30.74%
2025-01-19 14:13:27,257 - INFO - FMST: 1mo change of -38.76%
2025-01-19 14:13:27,758 - INFO - Processing FMST - 2024-11-15 14:30:00 UTC
2025-01-19 14:13:28,983 - INFO - Retrieved article length: 10030 characters
2025-01-19 14:13:29,024 - INFO - FMST: 1wk change of -30.74%
2025-01-19 14:13:29,035 - INFO - FMST: 1mo change of -38.76%
