2025-01-19 16:18:59,137 - INFO - Starting new training session. Logging to: logs/training_20250119_161859.log
2025-01-19 16:18:59,141 - INFO - Starting new training session. Logging to: logs/training_20250119_161859.log
2025-01-19 16:18:59,151 - INFO - Starting new training session. Logging to: logs/training_20250119_161859.log
2025-01-19 16:18:59,176 - INFO - Starting new training session. Logging to: logs/training_20250119_161859.log
2025-01-19 16:19:01,061 - ERROR - Error getting news for PARA: JSON decode error
2025-01-19 16:19:01,062 - INFO - Retrying PARA (Attempt 2/3)
2025-01-19 16:19:01,142 - ERROR - Error getting news for PANL: JSON decode error
2025-01-19 16:19:01,142 - INFO - Retrying PANL (Attempt 2/3)
2025-01-19 16:19:01,188 - ERROR - Error getting news for PANW: JSON decode error
2025-01-19 16:19:01,188 - INFO - Retrying PANW (Attempt 2/3)
2025-01-19 16:19:01,495 - ERROR - Error getting news for PARR: JSON decode error
2025-01-19 16:19:01,496 - INFO - Retrying PARR (Attempt 2/3)
2025-01-19 16:19:06,077 - ERROR - Error getting news for PARA: JSON decode error
2025-01-19 16:19:06,079 - INFO - Retrying PARA (Attempt 3/3)
2025-01-19 16:19:06,143 - ERROR - Error getting news for PANL: JSON decode error
2025-01-19 16:19:06,144 - INFO - Retrying PANL (Attempt 3/3)
2025-01-19 16:19:06,189 - ERROR - Error getting news for PANW: JSON decode error
2025-01-19 16:19:06,191 - INFO - Retrying PANW (Attempt 3/3)
2025-01-19 16:19:06,499 - ERROR - Error getting news for PARR: JSON decode error
2025-01-19 16:19:06,501 - INFO - Retrying PARR (Attempt 3/3)
2025-01-19 16:19:11,080 - ERROR - Error getting news for PARA: JSON decode error
2025-01-19 16:19:11,082 - ERROR - Failed to get news for PARA after 3 attempts
2025-01-19 16:19:11,146 - ERROR - Error getting news for PANL: JSON decode error
2025-01-19 16:19:11,147 - ERROR - Failed to get news for PANL after 3 attempts
2025-01-19 16:19:11,192 - ERROR - Error getting news for PANW: JSON decode error
2025-01-19 16:19:11,192 - ERROR - Failed to get news for PANW after 3 attempts
2025-01-19 16:19:11,503 - ERROR - Error getting news for PARR: JSON decode error
2025-01-19 16:19:11,504 - ERROR - Failed to get news for PARR after 3 attempts
2025-01-19 16:19:12,265 - ERROR - Error getting news for PATH: JSON decode error
2025-01-19 16:19:12,265 - INFO - Retrying PATH (Attempt 2/3)
2025-01-19 16:19:12,321 - ERROR - Error getting news for PAVE: JSON decode error
2025-01-19 16:19:12,322 - INFO - Retrying PAVE (Attempt 2/3)
2025-01-19 16:19:12,412 - ERROR - Error getting news for PASG: JSON decode error
2025-01-19 16:19:12,413 - INFO - Retrying PASG (Attempt 2/3)
2025-01-19 16:19:12,778 - ERROR - Error getting news for PAVM: JSON decode error
2025-01-19 16:19:12,779 - INFO - Retrying PAVM (Attempt 2/3)
2025-01-19 16:19:17,266 - ERROR - Error getting news for PATH: JSON decode error
2025-01-19 16:19:17,267 - INFO - Retrying PATH (Attempt 3/3)
2025-01-19 16:19:17,323 - ERROR - Error getting news for PAVE: JSON decode error
2025-01-19 16:19:17,324 - INFO - Retrying PAVE (Attempt 3/3)
2025-01-19 16:19:17,414 - ERROR - Error getting news for PASG: JSON decode error
2025-01-19 16:19:17,416 - INFO - Retrying PASG (Attempt 3/3)
2025-01-19 16:19:17,782 - ERROR - Error getting news for PAVM: JSON decode error
2025-01-19 16:19:17,784 - INFO - Retrying PAVM (Attempt 3/3)
2025-01-19 16:19:22,269 - ERROR - Error getting news for PATH: JSON decode error
2025-01-19 16:19:22,270 - ERROR - Failed to get news for PATH after 3 attempts
2025-01-19 16:19:22,325 - ERROR - Error getting news for PAVE: JSON decode error
2025-01-19 16:19:22,325 - ERROR - Failed to get news for PAVE after 3 attempts
2025-01-19 16:19:22,419 - ERROR - Error getting news for PASG: JSON decode error
2025-01-19 16:19:22,420 - ERROR - Failed to get news for PASG after 3 attempts
2025-01-19 16:19:22,785 - ERROR - Error getting news for PAVM: JSON decode error
2025-01-19 16:19:22,786 - ERROR - Failed to get news for PAVM after 3 attempts
2025-01-19 16:19:23,540 - ERROR - Error getting news for PAVS: JSON decode error
2025-01-19 16:19:23,541 - INFO - Retrying PAVS (Attempt 2/3)
2025-01-19 16:19:23,588 - ERROR - Error getting news for PAYC: JSON decode error
2025-01-19 16:19:23,588 - INFO - Retrying PAYC (Attempt 2/3)
2025-01-19 16:19:23,602 - ERROR - Error getting news for PAVMZ: JSON decode error
2025-01-19 16:19:23,602 - INFO - Retrying PAVMZ (Attempt 2/3)
2025-01-19 16:19:23,887 - ERROR - Error getting news for PAYO: JSON decode error
2025-01-19 16:19:23,887 - INFO - Retrying PAYO (Attempt 2/3)
2025-01-19 16:19:28,541 - ERROR - Error getting news for PAVS: JSON decode error
2025-01-19 16:19:28,543 - INFO - Retrying PAVS (Attempt 3/3)
2025-01-19 16:19:28,589 - ERROR - Error getting news for PAYC: JSON decode error
2025-01-19 16:19:28,590 - INFO - Retrying PAYC (Attempt 3/3)
2025-01-19 16:19:28,603 - ERROR - Error getting news for PAVMZ: JSON decode error
2025-01-19 16:19:28,604 - INFO - Retrying PAVMZ (Attempt 3/3)
2025-01-19 16:19:28,888 - ERROR - Error getting news for PAYO: JSON decode error
2025-01-19 16:19:28,889 - INFO - Retrying PAYO (Attempt 3/3)
2025-01-19 16:19:33,545 - ERROR - Error getting news for PAVS: JSON decode error
2025-01-19 16:19:33,546 - ERROR - Failed to get news for PAVS after 3 attempts
2025-01-19 16:19:33,591 - ERROR - Error getting news for PAYC: JSON decode error
2025-01-19 16:19:33,591 - ERROR - Failed to get news for PAYC after 3 attempts
2025-01-19 16:19:33,605 - ERROR - Error getting news for PAVMZ: JSON decode error
2025-01-19 16:19:33,605 - ERROR - Failed to get news for PAVMZ after 3 attempts
2025-01-19 16:19:33,891 - ERROR - Error getting news for PAYO: JSON decode error
2025-01-19 16:19:33,892 - ERROR - Failed to get news for PAYO after 3 attempts
2025-01-19 16:19:34,651 - ERROR - Error getting news for PAYX: JSON decode error
2025-01-19 16:19:34,651 - INFO - Retrying PAYX (Attempt 2/3)
2025-01-19 16:19:34,697 - ERROR - Error getting news for PB: JSON decode error
2025-01-19 16:19:34,697 - INFO - Retrying PB (Attempt 2/3)
2025-01-19 16:19:34,949 - ERROR - Error getting news for PBBK: JSON decode error
2025-01-19 16:19:34,949 - ERROR - Error getting news for PAYS: JSON decode error
2025-01-19 16:19:34,950 - INFO - Retrying PBBK (Attempt 2/3)
2025-01-19 16:19:34,951 - INFO - Retrying PAYS (Attempt 2/3)
2025-01-19 16:19:39,653 - ERROR - Error getting news for PAYX: JSON decode error
2025-01-19 16:19:39,655 - INFO - Retrying PAYX (Attempt 3/3)
2025-01-19 16:19:39,698 - ERROR - Error getting news for PB: JSON decode error
2025-01-19 16:19:39,699 - INFO - Retrying PB (Attempt 3/3)
2025-01-19 16:19:39,951 - ERROR - Error getting news for PBBK: JSON decode error
2025-01-19 16:19:39,953 - ERROR - Error getting news for PAYS: JSON decode error
2025-01-19 16:19:39,953 - INFO - Retrying PBBK (Attempt 3/3)
2025-01-19 16:19:39,954 - INFO - Retrying PAYS (Attempt 3/3)
2025-01-19 16:19:44,657 - ERROR - Error getting news for PAYX: JSON decode error
2025-01-19 16:19:44,657 - ERROR - Failed to get news for PAYX after 3 attempts
2025-01-19 16:19:44,700 - ERROR - Error getting news for PB: JSON decode error
2025-01-19 16:19:44,700 - ERROR - Failed to get news for PB after 3 attempts
2025-01-19 16:19:44,955 - ERROR - Error getting news for PBBK: JSON decode error
2025-01-19 16:19:44,956 - ERROR - Error getting news for PAYS: JSON decode error
2025-01-19 16:19:44,956 - ERROR - Failed to get news for PBBK after 3 attempts
2025-01-19 16:19:44,957 - ERROR - Failed to get news for PAYS after 3 attempts
2025-01-19 16:19:45,798 - ERROR - Error getting news for PBFS: JSON decode error
2025-01-19 16:19:45,799 - INFO - Retrying PBFS (Attempt 2/3)
2025-01-19 16:19:45,934 - ERROR - Error getting news for PBF: JSON decode error
2025-01-19 16:19:45,936 - INFO - Retrying PBF (Attempt 2/3)
2025-01-19 16:19:45,997 - ERROR - Error getting news for PBHC: JSON decode error
2025-01-19 16:19:45,998 - INFO - Retrying PBHC (Attempt 2/3)
2025-01-19 16:19:46,000 - ERROR - Error getting news for PBI: JSON decode error
2025-01-19 16:19:46,001 - INFO - Retrying PBI (Attempt 2/3)
2025-01-19 16:19:50,800 - ERROR - Error getting news for PBFS: JSON decode error
2025-01-19 16:19:50,802 - INFO - Retrying PBFS (Attempt 3/3)
2025-01-19 16:19:50,938 - ERROR - Error getting news for PBF: JSON decode error
2025-01-19 16:19:50,939 - INFO - Retrying PBF (Attempt 3/3)
2025-01-19 16:19:51,000 - ERROR - Error getting news for PBHC: JSON decode error
2025-01-19 16:19:51,000 - INFO - Retrying PBHC (Attempt 3/3)
2025-01-19 16:19:51,002 - ERROR - Error getting news for PBI: JSON decode error
2025-01-19 16:19:51,002 - INFO - Retrying PBI (Attempt 3/3)
2025-01-19 16:19:55,804 - ERROR - Error getting news for PBFS: JSON decode error
2025-01-19 16:19:55,806 - ERROR - Failed to get news for PBFS after 3 attempts
2025-01-19 16:19:55,941 - ERROR - Error getting news for PBF: JSON decode error
2025-01-19 16:19:55,942 - ERROR - Failed to get news for PBF after 3 attempts
2025-01-19 16:19:56,001 - ERROR - Error getting news for PBHC: JSON decode error
2025-01-19 16:19:56,002 - ERROR - Failed to get news for PBHC after 3 attempts
2025-01-19 16:19:56,004 - ERROR - Error getting news for PBI: JSON decode error
2025-01-19 16:19:56,004 - ERROR - Failed to get news for PBI after 3 attempts
2025-01-19 16:19:56,984 - ERROR - Error getting news for PC: JSON decode error
2025-01-19 16:19:56,985 - INFO - Retrying PC (Attempt 2/3)
2025-01-19 16:19:57,004 - ERROR - Error getting news for PBM: JSON decode error
2025-01-19 16:19:57,004 - INFO - Retrying PBM (Attempt 2/3)
2025-01-19 16:19:57,048 - ERROR - Error getting news for PCG: JSON decode error
2025-01-19 16:19:57,048 - INFO - Retrying PCG (Attempt 2/3)
2025-01-19 16:19:57,436 - ERROR - Error getting news for PCAR: JSON decode error
2025-01-19 16:19:57,438 - INFO - Retrying PCAR (Attempt 2/3)
2025-01-19 16:20:01,988 - ERROR - Error getting news for PC: JSON decode error
2025-01-19 16:20:01,989 - INFO - Retrying PC (Attempt 3/3)
2025-01-19 16:20:02,006 - ERROR - Error getting news for PBM: JSON decode error
2025-01-19 16:20:02,007 - INFO - Retrying PBM (Attempt 3/3)
2025-01-19 16:20:02,049 - ERROR - Error getting news for PCG: JSON decode error
2025-01-19 16:20:02,049 - INFO - Retrying PCG (Attempt 3/3)
2025-01-19 16:20:02,440 - ERROR - Error getting news for PCAR: JSON decode error
2025-01-19 16:20:02,440 - INFO - Retrying PCAR (Attempt 3/3)
2025-01-19 16:20:06,991 - ERROR - Error getting news for PC: JSON decode error
2025-01-19 16:20:06,992 - ERROR - Failed to get news for PC after 3 attempts
2025-01-19 16:20:07,009 - ERROR - Error getting news for PBM: JSON decode error
2025-01-19 16:20:07,009 - ERROR - Failed to get news for PBM after 3 attempts
2025-01-19 16:20:07,050 - ERROR - Error getting news for PCG: JSON decode error
2025-01-19 16:20:07,050 - ERROR - Failed to get news for PCG after 3 attempts
2025-01-19 16:20:07,312 - INFO - Processing PCOR - 2025-01-17 12:04:09 UTC
2025-01-19 16:20:07,343 - INFO - Processing PCRX - 2025-01-17 17:50:12 UTC
2025-01-19 16:20:07,441 - ERROR - Error getting news for PCAR: JSON decode error
2025-01-19 16:20:07,443 - ERROR - Failed to get news for PCAR after 3 attempts
2025-01-19 16:20:07,663 - INFO - Processing PCT - 2024-11-21 13:21:24 UTC
2025-01-19 16:20:08,058 - INFO - Retrieved article length: 6443 characters
2025-01-19 16:20:08,162 - INFO - Retrieved article length: 2500 characters
2025-01-19 16:20:08,260 - INFO - PCOR: 1wk change of 1.49%
2025-01-19 16:20:08,295 - INFO - PCRX: 1h change of 6.99%
2025-01-19 16:20:08,345 - INFO - PCOR: 1mo change of -2.33%
2025-01-19 16:20:08,346 - INFO - Processing PCOR - 2025-01-06 17:09:40 UTC
2025-01-19 16:20:08,378 - INFO - PCRX: 1wk change of 19.70%
2025-01-19 16:20:08,458 - INFO - PCRX: 1mo change of 12.59%
2025-01-19 16:20:08,459 - INFO - Processing PCRX - 2025-01-13 19:43:00 UTC
2025-01-19 16:20:08,460 - INFO - Retrieved article length: 500 characters
2025-01-19 16:20:08,573 - INFO - PCT: 1h change of 3.56%
2025-01-19 16:20:08,662 - INFO - PCT: 1wk change of 3.02%
2025-01-19 16:20:08,747 - INFO - PCT: 1mo change of 7.21%
2025-01-19 16:20:08,747 - INFO - Processing PCT - 2024-11-20 03:25:53 UTC
2025-01-19 16:20:09,096 - INFO - Retrieved article length: 5406 characters
2025-01-19 16:20:09,184 - INFO - PCRX: 1h change of -2.16%
2025-01-19 16:20:09,234 - INFO - Retrieved article length: 532 characters
2025-01-19 16:20:09,267 - INFO - PCRX: 1wk change of 21.52%
2025-01-19 16:20:09,329 - INFO - Processing PCSA - 2024-10-30 23:15:00 UTC
2025-01-19 16:20:09,334 - INFO - PCOR: 1h change of -4.17%
2025-01-19 16:20:09,348 - INFO - PCRX: 1mo change of 17.13%
2025-01-19 16:20:09,348 - INFO - Processing PCRX - 2025-01-10 16:00:00 UTC
2025-01-19 16:20:09,540 - INFO - PCOR: 1mo change of -4.75%
2025-01-19 16:20:09,540 - INFO - Processing PCOR - 2024-12-30 12:08:45 UTC
2025-01-19 16:20:09,573 - INFO - Retrieved article length: 6228 characters
2025-01-19 16:20:09,665 - INFO - PCT: 1h change of 5.80%
2025-01-19 16:20:09,750 - INFO - PCT: 1wk change of 3.02%
2025-01-19 16:20:09,836 - INFO - PCT: 1mo change of 3.98%
2025-01-19 16:20:09,837 - INFO - Processing PCT - 2024-11-09 00:01:16 UTC
2025-01-19 16:20:10,137 - INFO - Retrieved article length: 9501 characters
2025-01-19 16:20:10,253 - INFO - PCSA: 1h change of -14.20%
2025-01-19 16:20:10,264 - INFO - Retrieved article length: 18245 characters
2025-01-19 16:20:10,337 - INFO - PCSA: 1wk change of -21.99%
2025-01-19 16:20:10,349 - INFO - PCRX: 1h change of 10.93%
2025-01-19 16:20:10,423 - INFO - PCSA: 1mo change of -19.55%
2025-01-19 16:20:10,431 - INFO - PCRX: 1wk change of 18.68%
2025-01-19 16:20:10,448 - INFO - Retrieved article length: 3944 characters
2025-01-19 16:20:10,517 - INFO - PCRX: 1mo change of 16.04%
2025-01-19 16:20:10,518 - INFO - Processing PCRX - 2025-01-07 19:49:48 UTC
2025-01-19 16:20:10,557 - INFO - Processing PCTTU - 2024-11-21 13:21:24 UTC
2025-01-19 16:20:10,615 - INFO - Retrieved article length: 4544 characters
2025-01-19 16:20:10,702 - INFO - PCOR: 1mo change of -4.03%
2025-01-19 16:20:10,702 - INFO - Processing PCOR - 2024-12-12 14:39:41 UTC
2025-01-19 16:20:10,704 - INFO - PCT: 1h change of -10.82%
2025-01-19 16:20:10,789 - INFO - PCT: 1wk change of -13.95%
2025-01-19 16:20:10,873 - INFO - PCT: 1mo change of 29.55%
2025-01-19 16:20:10,873 - INFO - Processing PCT - 2024-11-07 23:21:28 UTC
2025-01-19 16:20:11,256 - INFO - Retrieved article length: 3440 characters
2025-01-19 16:20:11,281 - INFO - Retrieved article length: 500 characters
2025-01-19 16:20:11,342 - INFO - PCRX: 1h change of -1.25%
2025-01-19 16:20:11,366 - INFO - PCTTU: 1h change of -8.38%
2025-01-19 16:20:11,384 - INFO - Retrieved article length: 4230 characters
2025-01-19 16:20:11,422 - INFO - PCRX: 1wk change of 16.47%
2025-01-19 16:20:11,450 - INFO - PCTTU: 1wk change of -3.76%
2025-01-19 16:20:11,469 - INFO - PCOR: 1h change of -4.22%
2025-01-19 16:20:11,501 - INFO - PCRX: 1mo change of 34.05%
2025-01-19 16:20:11,501 - INFO - Processing PCRX - 2025-01-07 16:00:00 UTC
2025-01-19 16:20:11,531 - INFO - PCTTU: 1mo change of 27.70%
2025-01-19 16:20:11,532 - INFO - Processing PCTTU - 2024-11-20 03:25:53 UTC
2025-01-19 16:20:11,550 - INFO - PCOR: 1wk change of -5.31%
2025-01-19 16:20:11,634 - INFO - PCOR: 1mo change of 7.88%
2025-01-19 16:20:11,634 - INFO - Processing PCOR - 2024-12-11 17:32:42 UTC
2025-01-19 16:20:11,772 - INFO - Retrieved article length: 6316 characters
2025-01-19 16:20:11,859 - INFO - PCT: 1h change of -4.63%
2025-01-19 16:20:11,946 - INFO - PCT: 1wk change of -20.69%
2025-01-19 16:20:12,037 - INFO - PCT: 1mo change of 38.18%
2025-01-19 16:20:12,038 - INFO - Processing PCT - 2024-11-07 16:30:00 UTC
2025-01-19 16:20:12,209 - INFO - Retrieved article length: 6228 characters
2025-01-19 16:20:12,295 - INFO - PCTTU: 1h change of -5.38%
2025-01-19 16:20:12,326 - INFO - Retrieved article length: 11368 characters
2025-01-19 16:20:12,335 - INFO - PCRX: 1h change of -1.25%
2025-01-19 16:20:12,341 - INFO - PCRX: 1wk change of 16.47%
2025-01-19 16:20:12,344 - INFO - Retrieved article length: 3296 characters
2025-01-19 16:20:12,376 - INFO - PCTTU: 1wk change of -3.76%
2025-01-19 16:20:12,395 - INFO - PCRX: 1mo change of 34.05%
2025-01-19 16:20:12,395 - INFO - Processing PCRX - 2025-01-03 00:01:00 UTC
2025-01-19 16:20:12,429 - INFO - PCOR: 1h change of -2.22%
2025-01-19 16:20:12,461 - INFO - PCTTU: 1mo change of 31.00%
2025-01-19 16:20:12,461 - INFO - Processing PCTTU - 2024-11-09 00:01:16 UTC
2025-01-19 16:20:12,513 - INFO - PCOR: 1wk change of -5.31%
2025-01-19 16:20:12,602 - INFO - PCOR: 1mo change of 4.82%
2025-01-19 16:20:12,603 - INFO - Processing PCOR - 2024-12-04 23:32:00 UTC
2025-01-19 16:20:12,948 - INFO - Retrieved article length: 11862 characters
2025-01-19 16:20:12,957 - INFO - PCT: 1h change of -4.63%
2025-01-19 16:20:12,963 - INFO - PCT: 1wk change of -20.69%
2025-01-19 16:20:12,969 - INFO - PCT: 1mo change of 38.18%
2025-01-19 16:20:12,969 - INFO - Processing PCT - 2024-10-24 15:30:00 UTC
2025-01-19 16:20:13,175 - INFO - Retrieved article length: 4544 characters
2025-01-19 16:20:13,265 - INFO - PCTTU: 1h change of -13.49%
2025-01-19 16:20:13,348 - INFO - PCTTU: 1wk change of -9.87%
2025-01-19 16:20:13,368 - INFO - Retrieved article length: 261 characters
2025-01-19 16:20:13,429 - INFO - PCTTU: 1mo change of 32.21%
2025-01-19 16:20:13,430 - INFO - Processing PCTTU - 2024-11-07 23:21:28 UTC
2025-01-19 16:20:13,432 - INFO - Retrieved article length: 1793 characters
2025-01-19 16:20:13,457 - INFO - PCOR: 1h change of 3.81%
2025-01-19 16:20:13,521 - INFO - PCRX: 1h change of -4.93%
2025-01-19 16:20:13,539 - INFO - PCOR: 1wk change of -1.73%
2025-01-19 16:20:13,607 - INFO - PCRX: 1wk change of 6.01%
2025-01-19 16:20:13,627 - INFO - PCOR: 1mo change of 21.07%
2025-01-19 16:20:13,627 - INFO - Processing PCOR - 2024-12-02 21:32:12 UTC
2025-01-19 16:20:13,688 - INFO - PCRX: 1mo change of 32.23%
2025-01-19 16:20:13,689 - INFO - Processing PCRX - 2024-12-18 17:50:10 UTC
2025-01-19 16:20:13,707 - INFO - Retrieved article length: 8501 characters
2025-01-19 16:20:13,790 - INFO - PCT: 1h change of 29.19%
2025-01-19 16:20:13,875 - INFO - PCT: 1wk change of 37.35%
2025-01-19 16:20:13,960 - INFO - PCT: 1mo change of 42.24%
2025-01-19 16:20:14,042 - INFO - Retrieved article length: 6316 characters
2025-01-19 16:20:14,139 - INFO - Processing PCVX - 2025-01-19 01:50:30 UTC
2025-01-19 16:20:14,148 - INFO - PCTTU: 1h change of -9.09%
2025-01-19 16:20:14,236 - INFO - PCTTU: 1wk change of -6.37%
2025-01-19 16:20:14,324 - INFO - PCTTU: 1mo change of 69.03%
2025-01-19 16:20:14,324 - INFO - Processing PCTTU - 2024-11-07 16:30:00 UTC
2025-01-19 16:20:14,436 - INFO - Retrieved article length: 2654 characters
2025-01-19 16:20:14,437 - INFO - Retrieved article length: 1956 characters
2025-01-19 16:20:14,526 - INFO - PCOR: 1h change of 1.55%
2025-01-19 16:20:14,616 - INFO - PCRX: 1wk change of 2.93%
2025-01-19 16:20:14,617 - INFO - PCOR: 1wk change of 5.86%
2025-01-19 16:20:14,700 - INFO - PCRX: 1mo change of 35.93%
2025-01-19 16:20:14,700 - INFO - Processing PCRX - 2024-12-11 16:05:00 UTC
2025-01-19 16:20:14,700 - INFO - PCOR: 1mo change of 24.48%
2025-01-19 16:20:14,700 - INFO - Processing PCOR - 2024-11-25 11:14:27 UTC
2025-01-19 16:20:14,838 - INFO - Retrieved article length: 8051 characters
2025-01-19 16:20:14,931 - INFO - PCVX: 1h change of -3.95%
2025-01-19 16:20:14,945 - INFO - Retrieved article length: 11862 characters
2025-01-19 16:20:14,954 - INFO - PCTTU: 1h change of -9.09%
2025-01-19 16:20:14,959 - INFO - PCTTU: 1wk change of -6.37%
2025-01-19 16:20:14,964 - INFO - PCTTU: 1mo change of 69.03%
2025-01-19 16:20:14,965 - INFO - Processing PCTTU - 2024-10-24 15:30:00 UTC
2025-01-19 16:20:15,015 - INFO - PCVX: 1wk change of 5.20%
2025-01-19 16:20:15,111 - INFO - PCVX: 1mo change of -4.68%
2025-01-19 16:20:15,111 - INFO - Processing PCVX - 2025-01-08 00:37:45 UTC
2025-01-19 16:20:15,561 - INFO - Retrieved article length: 4533 characters
2025-01-19 16:20:15,586 - INFO - Retrieved article length: 8501 characters
2025-01-19 16:20:15,588 - INFO - Retrieved article length: 438 characters
2025-01-19 16:20:15,674 - INFO - PCTTU: 1h change of 43.36%
2025-01-19 16:20:15,676 - INFO - PCOR: 1h change of 1.95%
2025-01-19 16:20:15,736 - INFO - PCRX: 1wk change of 6.57%
2025-01-19 16:20:15,767 - INFO - PCTTU: 1wk change of 32.92%
2025-01-19 16:20:15,767 - INFO - PCOR: 1wk change of 23.96%
2025-01-19 16:20:15,820 - INFO - PCRX: 1mo change of 16.30%
2025-01-19 16:20:15,852 - INFO - PCTTU: 1mo change of 51.96%
2025-01-19 16:20:15,864 - INFO - PCOR: 1mo change of 21.21%
2025-01-19 16:20:15,900 - INFO - Retrieved article length: 514 characters
2025-01-19 16:20:15,972 - INFO - Processing PD - 2025-01-13 20:00:13 UTC
2025-01-19 16:20:15,991 - INFO - PCVX: 1h change of -4.62%
2025-01-19 16:20:16,000 - INFO - Processing PCYO - 2025-01-11 18:18:51 UTC
2025-01-19 16:20:16,076 - INFO - PCVX: 1wk change of 4.04%
2025-01-19 16:20:16,163 - INFO - PCVX: 1mo change of -8.32%
2025-01-19 16:20:16,163 - INFO - Processing PCVX - 2024-12-23 20:42:00 UTC
2025-01-19 16:20:16,189 - INFO - Processing PDCO - 2025-01-14 16:40:54 UTC
2025-01-19 16:20:16,682 - INFO - Retrieved article length: 4556 characters
2025-01-19 16:20:16,783 - INFO - PD: 1h change of 5.65%
2025-01-19 16:20:16,889 - INFO - Retrieved article length: 2046 characters
2025-01-19 16:20:16,952 - INFO - PD: 1mo change of -11.81%
2025-01-19 16:20:16,953 - INFO - Processing PD - 2025-01-10 00:05:00 UTC
2025-01-19 16:20:16,980 - INFO - PCYO: 1h change of -2.03%
2025-01-19 16:20:16,996 - INFO - Retrieved article length: 3008 characters
2025-01-19 16:20:17,064 - INFO - PCYO: 1wk change of -7.15%
2025-01-19 16:20:17,080 - INFO - PCVX: 1h change of -1.03%
2025-01-19 16:20:17,150 - INFO - PCYO: 1mo change of -15.07%
2025-01-19 16:20:17,151 - INFO - Processing PCYO - 2025-01-11 16:30:26 UTC
2025-01-19 16:20:17,159 - INFO - PCVX: 1wk change of -6.68%
2025-01-19 16:20:17,241 - INFO - PCVX: 1mo change of -1.38%
2025-01-19 16:20:17,241 - INFO - Processing PCVX - 2024-12-23 18:11:16 UTC
2025-01-19 16:20:17,291 - INFO - PDCO: 1mo change of 33.71%
2025-01-19 16:20:17,291 - INFO - Processing PDCO - 2024-12-17 18:29:49 UTC
2025-01-19 16:20:17,783 - INFO - Retrieved article length: 2037 characters
2025-01-19 16:20:17,873 - INFO - PD: 1h change of 1.21%
2025-01-19 16:20:18,044 - INFO - Retrieved article length: 7032 characters
2025-01-19 16:20:18,053 - INFO - PCVX: 1h change of -1.03%
2025-01-19 16:20:18,055 - INFO - PD: 1mo change of -13.96%
2025-01-19 16:20:18,055 - INFO - Processing PD - 2025-01-03 12:03:40 UTC
2025-01-19 16:20:18,060 - INFO - PCVX: 1wk change of -6.68%
2025-01-19 16:20:18,111 - INFO - PCVX: 1mo change of -1.38%
2025-01-19 16:20:18,111 - INFO - Processing PCVX - 2024-12-20 00:11:54 UTC
2025-01-19 16:20:18,249 - INFO - Retrieved article length: 514 characters
2025-01-19 16:20:18,493 - INFO - PDCO: 1wk change of 34.30%
2025-01-19 16:20:18,607 - INFO - PDCO: 1mo change of 48.84%
2025-01-19 16:20:18,607 - INFO - Processing PDCO - 2024-12-17 17:42:05 UTC
2025-01-19 16:20:18,807 - INFO - Retrieved article length: 6213 characters
2025-01-19 16:20:18,895 - INFO - Retrieved article length: 514 characters
2025-01-19 16:20:18,980 - INFO - PD: 1wk change of -4.45%
2025-01-19 16:20:18,989 - INFO - PCVX: 1h change of -2.51%
2025-01-19 16:20:19,009 - INFO - Retrieved article length: 1657 characters
2025-01-19 16:20:19,017 - INFO - PCYO: 1h change of -2.03%
2025-01-19 16:20:19,068 - INFO - PD: 1mo change of -13.84%
2025-01-19 16:20:19,068 - INFO - Processing PD - 2025-01-02 12:07:07 UTC
2025-01-19 16:20:19,071 - INFO - PCYO: 1wk change of -7.15%
2025-01-19 16:20:19,072 - INFO - PCVX: 1wk change of -10.46%
2025-01-19 16:20:19,125 - INFO - PCYO: 1mo change of -15.07%
2025-01-19 16:20:19,125 - INFO - Processing PCYO - 2025-01-10 10:05:57 UTC
2025-01-19 16:20:19,154 - INFO - PCVX: 1mo change of -1.76%
2025-01-19 16:20:19,154 - INFO - Processing PCVX - 2024-12-09 15:57:51 UTC
2025-01-19 16:20:19,528 - INFO - Retrieved article length: 525 characters
2025-01-19 16:20:19,540 - INFO - PDCO: 1wk change of 34.30%
2025-01-19 16:20:19,594 - INFO - PDCO: 1mo change of 48.84%
2025-01-19 16:20:19,594 - INFO - Processing PDCO - 2024-12-16 15:55:00 UTC
2025-01-19 16:20:19,855 - INFO - Retrieved article length: 3588 characters
2025-01-19 16:20:19,873 - INFO - Retrieved article length: 6547 characters
2025-01-19 16:20:19,911 - INFO - Retrieved article length: 58035 characters
2025-01-19 16:20:19,942 - INFO - PCVX: 1h change of -1.63%
2025-01-19 16:20:20,003 - INFO - PCYO: 1h change of -2.71%
2025-01-19 16:20:20,021 - INFO - PCVX: 1wk change of -9.11%
2025-01-19 16:20:20,040 - INFO - PD: 1wk change of -4.24%
2025-01-19 16:20:20,089 - INFO - PCYO: 1wk change of -8.91%
2025-01-19 16:20:20,101 - INFO - PCVX: 1mo change of -23.86%
2025-01-19 16:20:20,101 - INFO - Processing PCVX - 2024-12-04 18:03:42 UTC
2025-01-19 16:20:20,123 - INFO - PD: 1mo change of -13.84%
2025-01-19 16:20:20,123 - INFO - Processing PD - 2024-12-31 20:59:00 UTC
2025-01-19 16:20:20,171 - INFO - PCYO: 1mo change of -15.38%
2025-01-19 16:20:20,172 - INFO - Processing PCYO - 2025-01-10 10:00:33 UTC
2025-01-19 16:20:20,467 - INFO - Retrieved article length: 4784 characters
2025-01-19 16:20:20,678 - INFO - PDCO: 1wk change of 34.82%
2025-01-19 16:20:20,789 - INFO - PDCO: 1mo change of 46.79%
2025-01-19 16:20:20,789 - INFO - Processing PDCO - 2024-12-15 18:00:38 UTC
2025-01-19 16:20:20,889 - INFO - Retrieved article length: 4415 characters
2025-01-19 16:20:20,897 - INFO - PCYO: 1h change of -2.71%
2025-01-19 16:20:20,926 - INFO - Retrieved article length: 3006 characters
2025-01-19 16:20:20,950 - INFO - PCYO: 1wk change of -8.91%
2025-01-19 16:20:21,002 - INFO - PCYO: 1mo change of -15.38%
2025-01-19 16:20:21,002 - INFO - Processing PCYO - 2025-01-09 00:10:30 UTC
2025-01-19 16:20:21,017 - INFO - PCVX: 1h change of -3.59%
2025-01-19 16:20:21,026 - INFO - Retrieved article length: 3603 characters
2025-01-19 16:20:21,104 - INFO - PCVX: 1wk change of -4.34%
2025-01-19 16:20:21,115 - INFO - PD: 1h change of 4.05%
2025-01-19 16:20:21,191 - INFO - PCVX: 1mo change of -17.74%
2025-01-19 16:20:21,191 - INFO - Processing PCVX - 2024-12-03 16:00:00 UTC
2025-01-19 16:20:21,197 - INFO - PD: 1wk change of -3.70%
2025-01-19 16:20:21,285 - INFO - PD: 1mo change of -12.48%
2025-01-19 16:20:21,286 - INFO - Processing PD - 2024-12-25 15:02:17 UTC
2025-01-19 16:20:21,534 - INFO - Retrieved article length: 3219 characters
2025-01-19 16:20:21,729 - INFO - PDCO: 1wk change of 35.35%
2025-01-19 16:20:21,781 - INFO - Retrieved article length: 724 characters
2025-01-19 16:20:21,832 - INFO - PDCO: 1mo change of 46.79%
2025-01-19 16:20:21,832 - INFO - Processing PDCO - 2024-12-12 22:32:59 UTC
2025-01-19 16:20:21,870 - INFO - PCYO: 1h change of -4.33%
2025-01-19 16:20:21,954 - INFO - PCYO: 1wk change of -10.05%
2025-01-19 16:20:22,035 - INFO - PCYO: 1mo change of -16.12%
2025-01-19 16:20:22,035 - INFO - Processing PCYO - 2025-01-09 00:00:00 UTC
2025-01-19 16:20:22,042 - INFO - Retrieved article length: 7407 characters
2025-01-19 16:20:22,106 - INFO - Retrieved article length: 12953 characters
2025-01-19 16:20:22,209 - INFO - PD: 1wk change of -10.09%
2025-01-19 16:20:22,287 - INFO - PCVX: 1wk change of -4.18%
2025-01-19 16:20:22,291 - INFO - PD: 1mo change of -2.87%
2025-01-19 16:20:22,292 - INFO - Processing PD - 2024-12-18 18:26:00 UTC
2025-01-19 16:20:22,375 - INFO - PCVX: 1mo change of -18.54%
2025-01-19 16:20:22,482 - INFO - Processing PDEX - 2025-01-13 19:35:47 UTC
2025-01-19 16:20:22,803 - INFO - Retrieved article length: 3490 characters
2025-01-19 16:20:22,890 - INFO - PDCO: 1h change of 35.62%
2025-01-19 16:20:22,988 - INFO - PDCO: 1wk change of 40.98%
2025-01-19 16:20:23,020 - INFO - Retrieved article length: 15368 characters
2025-01-19 16:20:23,028 - INFO - PCYO: 1h change of -4.33%
2025-01-19 16:20:23,033 - INFO - PCYO: 1wk change of -10.05%
2025-01-19 16:20:23,087 - INFO - PCYO: 1mo change of -16.12%
2025-01-19 16:20:23,088 - INFO - Processing PCYO - 2025-01-06 16:30:00 UTC
2025-01-19 16:20:23,105 - INFO - PDCO: 1mo change of 44.68%
2025-01-19 16:20:23,105 - INFO - Processing PDCO - 2024-12-12 00:10:17 UTC
2025-01-19 16:20:23,351 - INFO - Retrieved article length: 5500 characters
2025-01-19 16:20:23,402 - INFO - Retrieved article length: 3633 characters
2025-01-19 16:20:23,442 - INFO - PD: 1h change of -8.13%
2025-01-19 16:20:23,488 - INFO - PDEX: 1h change of -3.54%
2025-01-19 16:20:23,525 - INFO - PD: 1wk change of -14.07%
2025-01-19 16:20:23,574 - INFO - PDEX: 1wk change of -5.62%
2025-01-19 16:20:23,609 - INFO - PD: 1mo change of -8.68%
2025-01-19 16:20:23,609 - INFO - Processing PD - 2024-12-11 20:53:27 UTC
2025-01-19 16:20:23,658 - INFO - PDEX: 1mo change of -6.28%
2025-01-19 16:20:23,658 - INFO - Processing PDEX - 2025-01-07 15:12:00 UTC
2025-01-19 16:20:23,831 - INFO - Retrieved article length: 2190 characters
2025-01-19 16:20:23,915 - INFO - PCYO: 1h change of -2.82%
2025-01-19 16:20:23,990 - INFO - Retrieved article length: 167 characters
2025-01-19 16:20:23,996 - INFO - PCYO: 1wk change of -6.85%
2025-01-19 16:20:23,998 - INFO - PDCO: 1h change of 35.62%
2025-01-19 16:20:24,003 - INFO - PDCO: 1wk change of 40.98%
2025-01-19 16:20:24,009 - INFO - PDCO: 1mo change of 44.68%
2025-01-19 16:20:24,010 - INFO - Processing PDCO - 2024-12-11 22:09:06 UTC
2025-01-19 16:20:24,124 - INFO - PCYO: 1mo change of -21.05%
2025-01-19 16:20:24,124 - INFO - Processing PCYO - 2024-12-30 16:30:00 UTC
2025-01-19 16:20:24,382 - INFO - Retrieved article length: 1961 characters
2025-01-19 16:20:24,475 - INFO - PD: 1h change of -4.21%
2025-01-19 16:20:24,565 - INFO - PD: 1wk change of -14.60%
2025-01-19 16:20:24,618 - INFO - Retrieved article length: 2705 characters
2025-01-19 16:20:24,649 - INFO - PD: 1mo change of -7.66%
2025-01-19 16:20:24,700 - INFO - PDEX: 1h change of -10.07%
2025-01-19 16:20:24,718 - INFO - Retrieved article length: 1264 characters
2025-01-19 16:20:24,782 - INFO - PDEX: 1wk change of -3.44%
2025-01-19 16:20:24,803 - INFO - PDCO: 1h change of 34.83%
2025-01-19 16:20:24,866 - INFO - PDEX: 1mo change of -17.60%
2025-01-19 16:20:24,866 - INFO - Processing PDEX - 2025-01-07 13:34:00 UTC
2025-01-19 16:20:24,912 - INFO - PDCO: 1wk change of 40.98%
2025-01-19 16:20:24,984 - INFO - Retrieved article length: 1985 characters
2025-01-19 16:20:24,989 - INFO - Processing PDM - 2025-01-16 15:50:47 UTC
2025-01-19 16:20:25,008 - INFO - PDCO: 1mo change of 40.47%
2025-01-19 16:20:25,073 - INFO - PCYO: 1h change of 1.49%
2025-01-19 16:20:25,157 - INFO - PCYO: 1wk change of -7.49%
2025-01-19 16:20:25,242 - INFO - PCYO: 1mo change of -19.23%
2025-01-19 16:20:25,358 - INFO - Processing PDSB - 2024-12-06 16:00:00 UTC
2025-01-19 16:20:25,399 - INFO - Processing PDYN - 2025-01-15 17:00:00 UTC
2025-01-19 16:20:25,663 - INFO - Retrieved article length: 2802 characters
2025-01-19 16:20:25,670 - INFO - PDEX: 1h change of -10.07%
2025-01-19 16:20:25,676 - INFO - PDEX: 1wk change of -3.44%
2025-01-19 16:20:25,729 - INFO - PDEX: 1mo change of -17.60%
2025-01-19 16:20:25,729 - INFO - Processing PDEX - 2025-01-06 18:15:00 UTC
2025-01-19 16:20:25,865 - INFO - Retrieved article length: 545 characters
2025-01-19 16:20:25,961 - INFO - PDM: 1h change of 3.46%
2025-01-19 16:20:26,176 - INFO - PDM: 1mo change of -4.85%
2025-01-19 16:20:26,176 - INFO - Processing PDM - 2025-01-14 00:15:00 UTC
2025-01-19 16:20:26,224 - INFO - Retrieved article length: 8953 characters
2025-01-19 16:20:26,228 - INFO - Retrieved article length: 7219 characters
2025-01-19 16:20:26,312 - INFO - PDYN: 1h change of 22.19%
2025-01-19 16:20:26,316 - INFO - PDSB: 1h change of -3.78%
2025-01-19 16:20:26,399 - INFO - PDYN: 1wk change of -19.64%
2025-01-19 16:20:26,400 - INFO - PDSB: 1wk change of -12.80%
2025-01-19 16:20:26,485 - INFO - PDSB: 1mo change of -50.94%
2025-01-19 16:20:26,485 - INFO - PDYN: 1mo change of 94.19%
2025-01-19 16:20:26,486 - INFO - Processing PDSB - 2024-12-03 16:00:00 UTC
2025-01-19 16:20:26,486 - INFO - Processing PDYN - 2025-01-13 17:00:00 UTC
2025-01-19 16:20:26,496 - INFO - Retrieved article length: 2702 characters
2025-01-19 16:20:26,589 - INFO - PDEX: 1h change of -5.81%
2025-01-19 16:20:26,676 - INFO - PDEX: 1wk change of -8.11%
2025-01-19 16:20:26,778 - INFO - PDEX: 1mo change of -9.51%
2025-01-19 16:20:26,779 - INFO - Processing PDEX - 2024-12-24 13:18:37 UTC
2025-01-19 16:20:26,977 - INFO - Retrieved article length: 2860 characters
2025-01-19 16:20:27,072 - INFO - PDM: 1h change of 7.02%
2025-01-19 16:20:27,247 - INFO - Retrieved article length: 7898 characters
2025-01-19 16:20:27,280 - INFO - PDM: 1mo change of -4.03%
2025-01-19 16:20:27,280 - INFO - Processing PDM - 2024-11-04 16:00:00 UTC
2025-01-19 16:20:27,284 - INFO - Retrieved article length: 9315 characters
2025-01-19 16:20:27,335 - INFO - PDYN: 1h change of 22.06%
2025-01-19 16:20:27,429 - INFO - PDYN: 1wk change of -25.41%
2025-01-19 16:20:27,466 - INFO - PDSB: 1wk change of -12.44%
2025-01-19 16:20:27,511 - INFO - PDYN: 1mo change of 94.68%
2025-01-19 16:20:27,512 - INFO - Processing PDYN - 2025-01-07 20:40:04 UTC
2025-01-19 16:20:27,550 - INFO - PDSB: 1mo change of -46.89%
2025-01-19 16:20:27,551 - INFO - Processing PDSB - 2024-11-25 15:42:20 UTC
2025-01-19 16:20:27,597 - INFO - Retrieved article length: 3819 characters
2025-01-19 16:20:27,687 - INFO - PDEX: 1h change of 1.78%
2025-01-19 16:20:27,785 - INFO - PDEX: 1wk change of -4.37%
2025-01-19 16:20:27,871 - INFO - PDEX: 1mo change of -1.90%
2025-01-19 16:20:27,872 - INFO - Processing PDEX - 2024-12-03 19:25:12 UTC
2025-01-19 16:20:27,969 - INFO - Retrieved article length: 10486 characters
2025-01-19 16:20:28,168 - INFO - PDM: 1wk change of -5.81%
2025-01-19 16:20:28,268 - INFO - PDM: 1mo change of -7.10%
2025-01-19 16:20:28,268 - INFO - Processing PDM - 2024-10-26 10:05:45 UTC
2025-01-19 16:20:28,301 - INFO - Retrieved article length: 2581 characters
2025-01-19 16:20:28,316 - INFO - Retrieved article length: 500 characters
2025-01-19 16:20:28,406 - INFO - PDSB: 1h change of -3.23%
2025-01-19 16:20:28,416 - INFO - PDYN: 1h change of -27.83%
2025-01-19 16:20:28,495 - INFO - PDSB: 1wk change of 6.97%
2025-01-19 16:20:28,497 - INFO - PDYN: 1wk change of -31.25%
2025-01-19 16:20:28,576 - INFO - PDYN: 1mo change of 42.41%
2025-01-19 16:20:28,576 - INFO - Processing PDYN - 2024-12-27 15:04:22 UTC
2025-01-19 16:20:28,578 - INFO - PDSB: 1mo change of -45.19%
2025-01-19 16:20:28,578 - INFO - Processing PDSB - 2024-11-20 17:35:05 UTC
2025-01-19 16:20:28,666 - INFO - Retrieved article length: 5047 characters
2025-01-19 16:20:28,758 - INFO - PDEX: 1h change of 2.92%
2025-01-19 16:20:28,841 - INFO - PDEX: 1wk change of 1.55%
2025-01-19 16:20:28,924 - INFO - PDEX: 1mo change of 91.26%
2025-01-19 16:20:28,924 - INFO - Processing PDEX - 2024-11-13 13:16:09 UTC
2025-01-19 16:20:29,166 - INFO - Retrieved article length: 4982 characters
2025-01-19 16:20:29,250 - INFO - PDM: 1h change of -4.09%
2025-01-19 16:20:29,297 - INFO - Retrieved article length: 3007 characters
2025-01-19 16:20:29,344 - INFO - PDM: 1wk change of -7.40%
2025-01-19 16:20:29,371 - INFO - Retrieved article length: 5801 characters
2025-01-19 16:20:29,391 - INFO - PDSB: 1h change of 9.48%
2025-01-19 16:20:29,442 - INFO - PDM: 1mo change of -2.16%
2025-01-19 16:20:29,442 - INFO - Processing PDM - 2024-10-26 07:38:34 UTC
2025-01-19 16:20:29,457 - INFO - PDYN: 1h change of 48.86%
2025-01-19 16:20:29,475 - INFO - PDSB: 1wk change of -32.62%
2025-01-19 16:20:29,539 - INFO - PDYN: 1wk change of 191.24%
2025-01-19 16:20:29,557 - INFO - PDSB: 1mo change of -48.26%
2025-01-19 16:20:29,557 - INFO - Processing PDSB - 2024-11-15 10:08:14 UTC
2025-01-19 16:20:29,631 - INFO - PDYN: 1mo change of 67.17%
2025-01-19 16:20:29,631 - INFO - Processing PDYN - 2024-12-23 17:00:00 UTC
2025-01-19 16:20:29,821 - INFO - Retrieved article length: 4066 characters
2025-01-19 16:20:30,007 - INFO - PDEX: 1wk change of 15.06%
2025-01-19 16:20:30,096 - INFO - PDEX: 1mo change of 65.64%
2025-01-19 16:20:30,097 - INFO - Processing PDEX - 2024-11-08 13:21:16 UTC
2025-01-19 16:20:30,218 - INFO - Retrieved article length: 51188 characters
2025-01-19 16:20:30,226 - INFO - PDM: 1h change of -4.09%
2025-01-19 16:20:30,232 - INFO - PDM: 1wk change of -7.40%
2025-01-19 16:20:30,239 - INFO - PDM: 1mo change of -2.16%
2025-01-19 16:20:30,240 - INFO - Processing PDM - 2024-10-24 23:30:18 UTC
2025-01-19 16:20:30,315 - INFO - Retrieved article length: 5027 characters
2025-01-19 16:20:30,407 - INFO - PDSB: 1h change of -29.77%
2025-01-19 16:20:30,480 - INFO - Retrieved article length: 7605 characters
2025-01-19 16:20:30,492 - INFO - PDSB: 1wk change of -35.59%
2025-01-19 16:20:30,566 - INFO - PDYN: 1h change of 26.44%
2025-01-19 16:20:30,573 - INFO - PDSB: 1mo change of -48.83%
2025-01-19 16:20:30,573 - INFO - Processing PDSB - 2024-11-14 16:07:24 UTC
2025-01-19 16:20:30,653 - INFO - PDYN: 1wk change of 253.60%
2025-01-19 16:20:30,738 - INFO - PDYN: 1mo change of 332.02%
2025-01-19 16:20:30,738 - INFO - Processing PDYN - 2024-11-20 17:00:00 UTC
2025-01-19 16:20:30,987 - INFO - Retrieved article length: 3295 characters
2025-01-19 16:20:31,080 - INFO - PDEX: 1h change of 5.34%
2025-01-19 16:20:31,161 - INFO - PDEX: 1wk change of 52.63%
2025-01-19 16:20:31,268 - INFO - Retrieved article length: 1116 characters
2025-01-19 16:20:31,284 - INFO - PDEX: 1mo change of 60.31%
2025-01-19 16:20:31,352 - INFO - PDM: 1h change of -3.64%
2025-01-19 16:20:31,371 - INFO - Retrieved article length: 820 characters
2025-01-19 16:20:31,412 - INFO - Processing PEB - 2025-01-14 00:15:00 UTC
2025-01-19 16:20:31,447 - INFO - PDM: 1wk change of -3.70%
2025-01-19 16:20:31,473 - INFO - PDSB: 1h change of -35.21%
2025-01-19 16:20:31,542 - INFO - PDM: 1mo change of -3.36%
2025-01-19 16:20:31,542 - INFO - Processing PDM - 2024-10-24 23:15:00 UTC
2025-01-19 16:20:31,558 - INFO - PDSB: 1wk change of -35.29%
2025-01-19 16:20:31,645 - INFO - PDSB: 1mo change of -45.47%
2025-01-19 16:20:31,646 - INFO - Processing PDSB - 2024-11-14 16:00:00 UTC
2025-01-19 16:20:32,243 - INFO - Retrieved article length: 2081 characters
2025-01-19 16:20:32,328 - INFO - PEB: 1h change of 6.04%
2025-01-19 16:20:32,423 - INFO - PEB: 1wk change of 2.23%
2025-01-19 16:20:32,436 - INFO - Retrieved article length: 14031 characters
2025-01-19 16:20:32,445 - INFO - PDSB: 1h change of -35.21%
2025-01-19 16:20:32,451 - INFO - PDSB: 1wk change of -35.29%
2025-01-19 16:20:32,456 - INFO - PDSB: 1mo change of -45.47%
2025-01-19 16:20:32,456 - INFO - Processing PDSB - 2024-11-06 16:00:00 UTC
2025-01-19 16:20:32,514 - INFO - PEB: 1mo change of -7.90%
2025-01-19 16:20:32,514 - INFO - Processing PEB - 2025-01-07 13:02:03 UTC
2025-01-19 16:20:32,723 - INFO - Retrieved article length: 8856 characters
2025-01-19 16:20:32,815 - INFO - PDYN: 1h change of 9.89%
2025-01-19 16:20:32,900 - INFO - PDYN: 1wk change of 173.73%
2025-01-19 16:20:32,989 - INFO - PDYN: 1mo change of 118.58%
2025-01-19 16:20:32,990 - INFO - Processing PDYN - 2024-11-16 16:28:52 UTC
2025-01-19 16:20:33,277 - INFO - Retrieved article length: 7557 characters
2025-01-19 16:20:33,319 - INFO - Retrieved article length: 7431 characters
2025-01-19 16:20:33,407 - INFO - PEB: 1h change of -2.44%
2025-01-19 16:20:33,446 - INFO - PDSB: 1wk change of -39.09%
2025-01-19 16:20:33,511 - INFO - PEB: 1wk change of 1.71%
2025-01-19 16:20:33,530 - INFO - PDSB: 1mo change of -47.93%
2025-01-19 16:20:33,610 - INFO - PEB: 1mo change of -6.58%
2025-01-19 16:20:33,610 - INFO - Processing PEB - 2025-01-02 14:29:12 UTC
2025-01-19 16:20:33,649 - INFO - Processing PECO - 2025-01-18 00:05:00 UTC
2025-01-19 16:20:33,747 - INFO - Retrieved article length: 1658 characters
2025-01-19 16:20:33,824 - INFO - Retrieved article length: 21451 characters
2025-01-19 16:20:33,831 - INFO - PDYN: 1h change of -6.45%
2025-01-19 16:20:33,833 - INFO - PDM: 1h change of -3.64%
2025-01-19 16:20:33,838 - INFO - PDM: 1wk change of -3.70%
2025-01-19 16:20:33,844 - INFO - PDM: 1mo change of -3.36%
2025-01-19 16:20:33,844 - INFO - Processing PDM - 2024-10-24 16:05:51 UTC
2025-01-19 16:20:33,919 - INFO - PDYN: 1wk change of 101.37%
2025-01-19 16:20:34,006 - INFO - PDYN: 1mo change of 44.08%
2025-01-19 16:20:34,007 - INFO - Processing PDYN - 2024-10-31 15:00:00 UTC
2025-01-19 16:20:34,493 - INFO - Retrieved article length: 534 characters
2025-01-19 16:20:34,520 - INFO - Retrieved article length: 3769 characters
2025-01-19 16:20:34,582 - INFO - PEB: 1h change of -1.61%
2025-01-19 16:20:34,674 - INFO - PEB: 1wk change of -2.89%
2025-01-19 16:20:34,697 - INFO - PECO: 1wk change of -1.93%
2025-01-19 16:20:34,705 - INFO - Retrieved article length: 3411 characters
2025-01-19 16:20:34,714 - INFO - PDM: 1h change of -3.64%
2025-01-19 16:20:34,719 - INFO - PDM: 1wk change of -3.70%
2025-01-19 16:20:34,725 - INFO - PDM: 1mo change of -3.36%
2025-01-19 16:20:34,764 - INFO - Processing PEB - 2024-12-16 15:00:00 UTC
2025-01-19 16:20:34,775 - INFO - Retrieved article length: 7678 characters
2025-01-19 16:20:34,783 - INFO - PECO: 1mo change of -8.62%
2025-01-19 16:20:34,784 - INFO - Processing PECO - 2025-01-10 00:33:17 UTC
2025-01-19 16:20:34,848 - INFO - Processing PEG - 2025-01-16 17:25:00 UTC
2025-01-19 16:20:34,862 - INFO - PDYN: 1h change of -11.11%
2025-01-19 16:20:35,035 - INFO - PDYN: 1mo change of 170.56%
2025-01-19 16:20:35,156 - INFO - Processing PEGA - 2025-01-16 20:10:16 UTC
2025-01-19 16:20:35,527 - INFO - Retrieved article length: 3906 characters
2025-01-19 16:20:35,552 - INFO - Retrieved article length: 503 characters
2025-01-19 16:20:35,634 - INFO - PECO: 1h change of -3.16%
2025-01-19 16:20:35,708 - INFO - PEB: 1wk change of -5.69%
2025-01-19 16:20:35,721 - INFO - PECO: 1wk change of -4.18%
2025-01-19 16:20:35,743 - INFO - Retrieved article length: 3728 characters
2025-01-19 16:20:35,802 - INFO - PEB: 1mo change of 7.08%
2025-01-19 16:20:35,802 - INFO - Processing PEB - 2024-12-09 13:01:51 UTC
2025-01-19 16:20:35,807 - INFO - PECO: 1mo change of -8.36%
2025-01-19 16:20:35,807 - INFO - Processing PECO - 2025-01-10 00:05:00 UTC
2025-01-19 16:20:35,834 - INFO - PEG: 1h change of 3.58%
2025-01-19 16:20:35,962 - INFO - PEG: 1wk change of 2.85%
2025-01-19 16:20:35,975 - INFO - Retrieved article length: 3366 characters
2025-01-19 16:20:36,070 - INFO - PEGA: 1h change of 8.91%
2025-01-19 16:20:36,117 - INFO - PEG: 1mo change of 2.55%
2025-01-19 16:20:36,117 - INFO - Processing PEG - 2025-01-14 17:20:00 UTC
2025-01-19 16:20:36,172 - INFO - PEGA: 1wk change of 10.35%
2025-01-19 16:20:36,270 - INFO - PEGA: 1mo change of 7.32%
2025-01-19 16:20:36,270 - INFO - Processing PEGA - 2025-01-16 12:38:00 UTC
2025-01-19 16:20:36,697 - INFO - Retrieved article length: 9221 characters
2025-01-19 16:20:36,705 - INFO - PECO: 1h change of -3.16%
2025-01-19 16:20:36,706 - INFO - Retrieved article length: 7280 characters
2025-01-19 16:20:36,761 - INFO - PECO: 1wk change of -4.18%
2025-01-19 16:20:36,814 - INFO - PECO: 1mo change of -8.36%
2025-01-19 16:20:36,814 - INFO - Processing PECO - 2025-01-09 00:06:00 UTC
2025-01-19 16:20:36,887 - INFO - PEB: 1wk change of -2.89%
2025-01-19 16:20:36,897 - INFO - Retrieved article length: 1272 characters
2025-01-19 16:20:36,982 - INFO - PEB: 1mo change of 8.51%
2025-01-19 16:20:36,983 - INFO - Processing PEB - 2024-11-30 15:20:45 UTC
2025-01-19 16:20:36,986 - INFO - PEG: 1h change of 3.43%
2025-01-19 16:20:37,132 - INFO - PEG: 1wk change of 2.85%
2025-01-19 16:20:37,146 - INFO - Retrieved article length: 2801 characters
2025-01-19 16:20:37,156 - INFO - PEGA: 1h change of 8.91%
2025-01-19 16:20:37,211 - INFO - PEGA: 1wk change of 10.35%
2025-01-19 16:20:37,265 - INFO - PEGA: 1mo change of 7.32%
2025-01-19 16:20:37,266 - INFO - Processing PEGA - 2025-01-15 17:54:00 UTC
2025-01-19 16:20:37,320 - INFO - PEG: 1mo change of 2.04%
2025-01-19 16:20:37,320 - INFO - Processing PEG - 2025-01-13 19:35:44 UTC
2025-01-19 16:20:37,596 - INFO - Retrieved article length: 3285 characters
2025-01-19 16:20:37,688 - INFO - PECO: 1h change of -2.25%
2025-01-19 16:20:37,775 - INFO - PECO: 1wk change of -3.51%
2025-01-19 16:20:37,817 - INFO - Retrieved article length: 1340 characters
2025-01-19 16:20:37,864 - INFO - PECO: 1mo change of -8.50%
2025-01-19 16:20:37,865 - INFO - Processing PECO - 2025-01-08 00:05:00 UTC
2025-01-19 16:20:38,004 - INFO - PEB: 1wk change of 19.24%
2025-01-19 16:20:38,077 - INFO - Retrieved article length: 5219 characters
2025-01-19 16:20:38,099 - INFO - PEB: 1mo change of 7.68%
2025-01-19 16:20:38,099 - INFO - Processing PEB - 2024-11-22 23:18:12 UTC
2025-01-19 16:20:38,163 - INFO - PEGA: 1h change of 12.44%
2025-01-19 16:20:38,270 - INFO - PEGA: 1wk change of 10.35%
2025-01-19 16:20:38,381 - INFO - PEGA: 1mo change of 7.67%
2025-01-19 16:20:38,381 - INFO - Processing PEGA - 2025-01-14 23:35:35 UTC
2025-01-19 16:20:38,606 - INFO - Retrieved article length: 8385 characters
2025-01-19 16:20:38,695 - INFO - PECO: 1h change of -2.06%
2025-01-19 16:20:38,786 - INFO - PECO: 1wk change of -3.51%
2025-01-19 16:20:38,873 - INFO - PECO: 1mo change of -8.15%
2025-01-19 16:20:38,873 - INFO - Processing PECO - 2024-12-29 13:34:49 UTC
2025-01-19 16:20:38,959 - INFO - Retrieved article length: 502 characters
2025-01-19 16:20:39,043 - INFO - PEB: 1h change of 7.83%
2025-01-19 16:20:39,045 - INFO - Retrieved article length: 517 characters
2025-01-19 16:20:39,131 - INFO - PEG: 1h change of 1.98%
2025-01-19 16:20:39,134 - INFO - Retrieved article length: 1621 characters
2025-01-19 16:20:39,139 - INFO - PEB: 1wk change of 8.71%
2025-01-19 16:20:39,226 - INFO - PEGA: 1h change of 9.77%
2025-01-19 16:20:39,235 - INFO - PEB: 1mo change of 9.57%
2025-01-19 16:20:39,236 - INFO - Processing PEB - 2024-11-22 22:59:41 UTC
2025-01-19 16:20:39,273 - INFO - PEG: 1wk change of 2.19%
2025-01-19 16:20:39,330 - INFO - PEGA: 1wk change of 10.35%
2025-01-19 16:20:39,413 - INFO - Processing PEG - 2025-01-10 10:29:46 UTC
2025-01-19 16:20:39,429 - INFO - PEGA: 1mo change of 9.92%
2025-01-19 16:20:39,429 - INFO - Processing PEGA - 2025-01-14 17:00:00 UTC
2025-01-19 16:20:39,670 - INFO - Retrieved article length: 8382 characters
2025-01-19 16:20:39,762 - INFO - PECO: 1h change of -2.49%
2025-01-19 16:20:39,858 - INFO - PECO: 1wk change of -2.93%
2025-01-19 16:20:39,945 - INFO - PECO: 1mo change of -8.52%
2025-01-19 16:20:39,946 - INFO - Processing PECO - 2024-12-24 20:00:10 UTC
2025-01-19 16:20:39,957 - INFO - Retrieved article length: 2265 characters
2025-01-19 16:20:39,965 - INFO - PEB: 1h change of 7.83%
2025-01-19 16:20:39,970 - INFO - PEB: 1wk change of 8.71%
2025-01-19 16:20:39,976 - INFO - PEB: 1mo change of 9.57%
2025-01-19 16:20:40,166 - INFO - Processing PENG - 2025-01-10 03:07:00 UTC
2025-01-19 16:20:40,243 - INFO - Retrieved article length: 4322 characters
2025-01-19 16:20:40,250 - INFO - Retrieved article length: 4576 characters
2025-01-19 16:20:40,258 - INFO - PEGA: 1h change of 9.77%
2025-01-19 16:20:40,313 - INFO - PEGA: 1wk change of 10.35%
2025-01-19 16:20:40,366 - INFO - PEGA: 1mo change of 9.92%
2025-01-19 16:20:40,367 - INFO - Processing PEGA - 2025-01-13 20:45:34 UTC
2025-01-19 16:20:40,473 - INFO - PEG: 1wk change of 4.32%
2025-01-19 16:20:40,608 - INFO - PEG: 1mo change of -1.39%
2025-01-19 16:20:40,609 - INFO - Processing PEG - 2025-01-06 16:00:00 UTC
2025-01-19 16:20:40,732 - INFO - Retrieved article length: 4724 characters
2025-01-19 16:20:40,819 - INFO - PECO: 1h change of 1.12%
2025-01-19 16:20:40,907 - INFO - PECO: 1wk change of -5.93%
2025-01-19 16:20:40,996 - INFO - PECO: 1mo change of -8.31%
2025-01-19 16:20:40,996 - INFO - Processing PECO - 2024-12-11 00:05:00 UTC
2025-01-19 16:20:41,035 - INFO - Retrieved article length: 6789 characters
2025-01-19 16:20:41,085 - INFO - Retrieved article length: 5963 characters
2025-01-19 16:20:41,124 - INFO - PENG: 1h change of 7.42%
2025-01-19 16:20:41,176 - INFO - PEGA: 1h change of 2.94%
2025-01-19 16:20:41,205 - INFO - PENG: 1wk change of 6.88%
2025-01-19 16:20:41,284 - INFO - PEGA: 1wk change of 9.30%
2025-01-19 16:20:41,286 - INFO - PENG: 1mo change of 3.22%
2025-01-19 16:20:41,286 - INFO - Processing PENG - 2025-01-09 00:05:00 UTC
2025-01-19 16:20:41,396 - INFO - PEGA: 1mo change of 9.44%
2025-01-19 16:20:41,397 - INFO - Processing PEGA - 2025-01-09 17:06:35 UTC
2025-01-19 16:20:41,431 - INFO - Retrieved article length: 5708 characters
2025-01-19 16:20:41,658 - INFO - PEG: 1wk change of 1.58%
2025-01-19 16:20:41,750 - INFO - Retrieved article length: 7690 characters
2025-01-19 16:20:41,790 - INFO - PEG: 1mo change of -3.82%
2025-01-19 16:20:41,790 - INFO - Processing PEG - 2025-01-03 20:09:00 UTC
2025-01-19 16:20:41,928 - INFO - PECO: 1wk change of -2.75%
2025-01-19 16:20:42,029 - INFO - PECO: 1mo change of -7.80%
2025-01-19 16:20:42,142 - INFO - Retrieved article length: 7496 characters
2025-01-19 16:20:42,153 - INFO - Processing PENN - 2025-01-16 07:50:47 UTC
2025-01-19 16:20:42,335 - INFO - PEGA: 1wk change of 10.75%
2025-01-19 16:20:42,435 - INFO - PEGA: 1mo change of 7.15%
2025-01-19 16:20:42,435 - INFO - Processing PEGA - 2025-01-09 17:04:48 UTC
2025-01-19 16:20:42,523 - INFO - Retrieved article length: 23333 characters
2025-01-19 16:20:42,571 - INFO - Retrieved article length: 164 characters
2025-01-19 16:20:42,606 - INFO - PENG: 1h change of 3.28%
2025-01-19 16:20:42,657 - INFO - PEG: 1h change of 1.70%
2025-01-19 16:20:42,687 - INFO - PENG: 1wk change of 8.86%
2025-01-19 16:20:42,773 - INFO - PENG: 1mo change of 5.40%
2025-01-19 16:20:42,773 - INFO - Processing PENG - 2025-01-07 15:03:46 UTC
2025-01-19 16:20:42,798 - INFO - PEG: 1wk change of -1.82%
2025-01-19 16:20:42,939 - INFO - PEG: 1mo change of -5.89%
2025-01-19 16:20:42,939 - INFO - Processing PEG - 2024-12-27 14:29:00 UTC
2025-01-19 16:20:43,018 - INFO - Retrieved article length: 2907 characters
2025-01-19 16:20:43,114 - INFO - PENN: 1h change of 3.36%
2025-01-19 16:20:43,195 - INFO - PENN: 1wk change of 1.78%
2025-01-19 16:20:43,225 - INFO - Retrieved article length: 6578 characters
2025-01-19 16:20:43,238 - INFO - PEGA: 1wk change of 10.75%
2025-01-19 16:20:43,278 - INFO - Processing PENN - 2025-01-15 01:45:00 UTC
2025-01-19 16:20:43,292 - INFO - PEGA: 1mo change of 7.15%
2025-01-19 16:20:43,416 - INFO - Processing PEP - 2025-01-19 13:05:00 UTC
2025-01-19 16:20:43,591 - INFO - Retrieved article length: 3291 characters
2025-01-19 16:20:43,631 - INFO - Retrieved article length: 3596 characters
2025-01-19 16:20:43,674 - INFO - PENG: 1h change of -3.72%
2025-01-19 16:20:43,757 - INFO - PENG: 1wk change of 6.79%
2025-01-19 16:20:43,840 - INFO - PENG: 1mo change of 5.29%
2025-01-19 16:20:43,841 - INFO - Processing PENG - 2024-12-19 18:15:00 UTC
2025-01-19 16:20:43,999 - INFO - PEG: 1mo change of -3.95%
2025-01-19 16:20:44,000 - INFO - Processing PEG - 2024-12-25 19:40:10 UTC
2025-01-19 16:20:44,009 - INFO - Retrieved article length: 5852 characters
2025-01-19 16:20:44,097 - INFO - PENN: 1h change of 6.76%
2025-01-19 16:20:44,098 - INFO - Retrieved article length: 5781 characters
2025-01-19 16:20:44,186 - INFO - PENN: 1wk change of 1.78%
2025-01-19 16:20:44,272 - INFO - PENN: 1mo change of 3.04%
2025-01-19 16:20:44,272 - INFO - Processing PENN - 2025-01-15 01:44:00 UTC
2025-01-19 16:20:44,327 - INFO - PEP: 1wk change of 3.93%
2025-01-19 16:20:44,467 - INFO - PEP: 1mo change of -4.98%
2025-01-19 16:20:44,467 - INFO - Processing PEP - 2025-01-19 01:01:19 UTC
2025-01-19 16:20:44,556 - INFO - Retrieved article length: 2521 characters
2025-01-19 16:20:44,645 - INFO - PENG: 1h change of -5.31%
2025-01-19 16:20:44,725 - INFO - PENG: 1wk change of -6.96%
2025-01-19 16:20:44,764 - INFO - Retrieved article length: 2837 characters
2025-01-19 16:20:44,810 - INFO - PENG: 1mo change of 19.66%
2025-01-19 16:20:44,812 - INFO - Processing PENG - 2024-12-17 18:15:00 UTC
2025-01-19 16:20:45,033 - INFO - Retrieved article length: 7488 characters
2025-01-19 16:20:45,042 - INFO - PENN: 1h change of 6.76%
2025-01-19 16:20:45,096 - INFO - PENN: 1wk change of 1.78%
2025-01-19 16:20:45,148 - INFO - PENN: 1mo change of 3.04%
2025-01-19 16:20:45,149 - INFO - Processing PENN - 2025-01-11 21:14:39 UTC
2025-01-19 16:20:45,173 - INFO - PEG: 1mo change of -1.93%
2025-01-19 16:20:45,281 - INFO - Retrieved article length: 5850 characters
2025-01-19 16:20:45,286 - INFO - Processing PESI - 2025-01-15 12:02:50 UTC
2025-01-19 16:20:45,395 - INFO - PEP: 1wk change of 3.93%
2025-01-19 16:20:45,446 - INFO - PEP: 1mo change of -4.98%
2025-01-19 16:20:45,446 - INFO - Processing PEP - 2025-01-18 19:07:24 UTC
2025-01-19 16:20:45,559 - INFO - Retrieved article length: 3610 characters
2025-01-19 16:20:45,653 - INFO - PENG: 1h change of -1.76%
2025-01-19 16:20:45,746 - INFO - PENG: 1wk change of -4.03%
2025-01-19 16:20:45,833 - INFO - PENG: 1mo change of 18.62%
2025-01-19 16:20:45,834 - INFO - Processing PENG - 2024-12-16 17:10:00 UTC
2025-01-19 16:20:45,939 - INFO - Retrieved article length: 2774 characters
2025-01-19 16:20:46,026 - INFO - PENN: 1h change of 7.71%
2025-01-19 16:20:46,088 - INFO - Retrieved article length: 6499 characters
2025-01-19 16:20:46,113 - INFO - PENN: 1wk change of 4.05%
2025-01-19 16:20:46,177 - INFO - PESI: 1h change of 3.75%
2025-01-19 16:20:46,177 - INFO - Retrieved article length: 5592 characters
2025-01-19 16:20:46,202 - INFO - Processing PENN - 2024-12-19 12:07:16 UTC
2025-01-19 16:20:46,265 - INFO - PESI: 1wk change of 2.24%
2025-01-19 16:20:46,270 - INFO - PEP: 1h change of 2.73%
2025-01-19 16:20:46,388 - INFO - PESI: 1mo change of -7.98%
2025-01-19 16:20:46,389 - INFO - Processing PESI - 2025-01-08 12:05:53 UTC
2025-01-19 16:20:46,412 - INFO - PEP: 1wk change of 1.17%
2025-01-19 16:20:46,558 - INFO - PEP: 1mo change of -4.98%
2025-01-19 16:20:46,558 - INFO - Processing PEP - 2025-01-18 15:07:00 UTC
2025-01-19 16:20:47,011 - INFO - Retrieved article length: 6804 characters
2025-01-19 16:20:47,089 - INFO - Retrieved article length: 5902 characters
2025-01-19 16:20:47,096 - INFO - PENN: 1h change of -3.57%
2025-01-19 16:20:47,175 - INFO - PESI: 1h change of -3.36%
2025-01-19 16:20:47,177 - INFO - PENN: 1wk change of -5.89%
2025-01-19 16:20:47,262 - INFO - PENN: 1mo change of -4.39%
2025-01-19 16:20:47,262 - INFO - Processing PENN - 2024-12-17 02:10:00 UTC
2025-01-19 16:20:47,342 - INFO - PESI: 1mo change of -12.96%
2025-01-19 16:20:47,343 - INFO - Processing PESI - 2025-01-07 12:03:35 UTC
2025-01-19 16:20:47,381 - INFO - Retrieved article length: 5224 characters
2025-01-19 16:20:47,437 - INFO - PEP: 1h change of 2.73%
2025-01-19 16:20:47,497 - INFO - PEP: 1wk change of 1.17%
2025-01-19 16:20:47,549 - INFO - PEP: 1mo change of -4.98%
2025-01-19 16:20:47,549 - INFO - Processing PEP - 2025-01-18 12:45:00 UTC
2025-01-19 16:20:47,603 - INFO - Retrieved article length: 9020 characters
2025-01-19 16:20:47,688 - INFO - PENG: 1h change of 3.57%
2025-01-19 16:20:47,776 - INFO - PENG: 1wk change of -2.01%
2025-01-19 16:20:47,863 - INFO - PENG: 1mo change of 19.66%
2025-01-19 16:20:47,863 - INFO - Processing PENG - 2024-12-16 17:05:00 UTC
2025-01-19 16:20:48,091 - INFO - Retrieved article length: 1269 characters
2025-01-19 16:20:48,179 - INFO - PENN: 1h change of -9.51%
2025-01-19 16:20:48,219 - INFO - Retrieved article length: 6308 characters
2025-01-19 16:20:48,251 - INFO - Retrieved article length: 6485 characters
2025-01-19 16:20:48,270 - INFO - PENN: 1wk change of -5.84%
2025-01-19 16:20:48,274 - INFO - PEP: 1h change of 2.73%
2025-01-19 16:20:48,330 - INFO - PEP: 1wk change of 1.17%
2025-01-19 16:20:48,336 - INFO - PESI: 1h change of -3.36%
2025-01-19 16:20:48,352 - INFO - PENN: 1mo change of -7.06%
2025-01-19 16:20:48,352 - INFO - Processing PENN - 2024-12-13 21:16:28 UTC
2025-01-19 16:20:48,384 - INFO - PEP: 1mo change of -4.98%
2025-01-19 16:20:48,385 - INFO - Processing PEP - 2025-01-18 05:00:00 UTC
2025-01-19 16:20:48,509 - INFO - PESI: 1mo change of -16.09%
2025-01-19 16:20:48,510 - INFO - Processing PESI - 2025-01-06 15:07:16 UTC
2025-01-19 16:20:48,576 - INFO - Retrieved article length: 2262 characters
2025-01-19 16:20:48,584 - INFO - PENG: 1h change of 3.57%
2025-01-19 16:20:48,589 - INFO - PENG: 1wk change of -2.01%
2025-01-19 16:20:48,643 - INFO - PENG: 1mo change of 19.66%
2025-01-19 16:20:48,644 - INFO - Processing PENG - 2024-11-26 13:24:23 UTC
2025-01-19 16:20:49,099 - INFO - Retrieved article length: 171 characters
2025-01-19 16:20:49,154 - INFO - PEP: 1h change of 2.73%
2025-01-19 16:20:49,180 - INFO - Retrieved article length: 1590 characters
2025-01-19 16:20:49,205 - INFO - PEP: 1wk change of 1.17%
2025-01-19 16:20:49,232 - INFO - Retrieved article length: 6252 characters
2025-01-19 16:20:49,257 - INFO - PEP: 1mo change of -4.98%
2025-01-19 16:20:49,257 - INFO - Processing PEP - 2025-01-18 03:44:59 UTC
2025-01-19 16:20:49,265 - INFO - PENN: 1h change of 6.27%
2025-01-19 16:20:49,332 - INFO - PESI: 1h change of -5.59%
2025-01-19 16:20:49,344 - INFO - PENN: 1wk change of -13.44%
2025-01-19 16:20:49,433 - INFO - Processing PENN - 2024-12-13 19:45:23 UTC
2025-01-19 16:20:49,448 - INFO - Retrieved article length: 4086 characters
2025-01-19 16:20:49,501 - INFO - PESI: 1mo change of -19.96%
2025-01-19 16:20:49,501 - INFO - Processing PESI - 2024-12-31 12:02:19 UTC
2025-01-19 16:20:49,553 - INFO - PENG: 1h change of -3.12%
2025-01-19 16:20:49,638 - INFO - PENG: 1wk change of 15.97%
2025-01-19 16:20:49,724 - INFO - PENG: 1mo change of 20.77%
2025-01-19 16:20:49,846 - INFO - Processing PET - 2024-11-16 15:38:51 UTC
2025-01-19 16:20:50,024 - INFO - Retrieved article length: 2269 characters
2025-01-19 16:20:50,081 - INFO - PEP: 1h change of 2.73%
2025-01-19 16:20:50,133 - INFO - PEP: 1wk change of 1.17%
2025-01-19 16:20:50,141 - INFO - Retrieved article length: 1640 characters
2025-01-19 16:20:50,150 - INFO - PENN: 1h change of 6.27%
2025-01-19 16:20:50,155 - INFO - PENN: 1wk change of -13.44%
2025-01-19 16:20:50,187 - INFO - PEP: 1mo change of -4.98%
2025-01-19 16:20:50,187 - INFO - Processing PEP - 2025-01-17 23:43:04 UTC
2025-01-19 16:20:50,277 - INFO - Processing PETZ - 2024-12-17 16:00:00 UTC
2025-01-19 16:20:50,361 - INFO - Retrieved article length: 5922 characters
2025-01-19 16:20:50,451 - INFO - PESI: 1h change of 4.35%
2025-01-19 16:20:50,620 - INFO - PESI: 1mo change of -18.71%
2025-01-19 16:20:50,620 - INFO - Processing PESI - 2024-12-20 12:05:14 UTC
2025-01-19 16:20:50,650 - INFO - Retrieved article length: 2001 characters
2025-01-19 16:20:50,742 - INFO - PET: 1h change of -11.09%
2025-01-19 16:20:50,831 - INFO - PET: 1wk change of -66.23%
2025-01-19 16:20:50,916 - INFO - PET: 1mo change of -71.32%
2025-01-19 16:20:50,916 - INFO - Processing PET - 2024-11-15 15:18:04 UTC
2025-01-19 16:20:51,279 - INFO - Retrieved article length: 19136 characters
2025-01-19 16:20:51,314 - INFO - Retrieved article length: 3975 characters
2025-01-19 16:20:51,398 - INFO - PESI: 1h change of -6.05%
2025-01-19 16:20:51,446 - INFO - PETZ: 1wk change of 2.56%
2025-01-19 16:20:51,479 - INFO - PESI: 1wk change of -9.51%
2025-01-19 16:20:51,530 - INFO - PETZ: 1mo change of -7.94%
2025-01-19 16:20:51,563 - INFO - PESI: 1mo change of -16.41%
2025-01-19 16:20:51,563 - INFO - Processing PESI - 2024-12-18 16:02:32 UTC
2025-01-19 16:20:51,679 - INFO - Retrieved article length: 3848 characters
2025-01-19 16:20:51,769 - INFO - PET: 1h change of -13.89%
2025-01-19 16:20:51,847 - INFO - PET: 1wk change of -67.14%
2025-01-19 16:20:51,856 - INFO - Retrieved article length: 523 characters
2025-01-19 16:20:51,933 - INFO - PET: 1mo change of -75.81%
2025-01-19 16:20:51,934 - INFO - Processing PET - 2024-11-14 10:10:19 UTC
2025-01-19 16:20:51,949 - INFO - PEP: 1h change of 2.31%
2025-01-19 16:20:52,098 - INFO - PEP: 1wk change of 1.96%
2025-01-19 16:20:52,255 - INFO - PEP: 1mo change of -6.15%
2025-01-19 16:20:52,355 - INFO - Retrieved article length: 481 characters
2025-01-19 16:20:52,439 - INFO - PESI: 1h change of -11.27%
2025-01-19 16:20:52,527 - INFO - PESI: 1wk change of -9.66%
2025-01-19 16:20:52,614 - INFO - PESI: 1mo change of -19.84%
2025-01-19 16:20:52,614 - INFO - Processing PESI - 2024-12-18 15:30:00 UTC
2025-01-19 16:20:52,667 - INFO - Retrieved article length: 4138 characters
2025-01-19 16:20:52,756 - INFO - PET: 1h change of -75.41%
2025-01-19 16:20:52,840 - INFO - PET: 1wk change of -67.50%
2025-01-19 16:20:52,938 - INFO - PET: 1mo change of -74.61%
2025-01-19 16:20:52,939 - INFO - Processing PET - 2024-11-13 15:00:00 UTC
2025-01-19 16:20:53,587 - INFO - Retrieved article length: 6170 characters
2025-01-19 16:20:53,594 - INFO - PESI: 1h change of -11.27%
2025-01-19 16:20:53,600 - INFO - PESI: 1wk change of -9.66%
2025-01-19 16:20:53,656 - INFO - PESI: 1mo change of -19.84%
2025-01-19 16:20:53,839 - INFO - Retrieved article length: 17864 characters
2025-01-19 16:20:53,929 - INFO - PET: 1h change of -72.98%
2025-01-19 16:20:54,013 - INFO - PET: 1wk change of -67.50%
2025-01-19 16:20:54,100 - INFO - PET: 1mo change of -76.95%
2025-01-19 16:20:54,101 - INFO - Processing PET - 2024-10-30 23:05:00 UTC
2025-01-19 16:20:54,935 - INFO - Retrieved article length: 2116 characters
2025-01-19 16:20:55,026 - INFO - PET: 1h change of -11.11%
2025-01-19 16:20:55,123 - INFO - PET: 1wk change of -21.95%
2025-01-19 16:20:55,209 - INFO - PET: 1mo change of -74.43%
