2025-01-19 15:08:59,683 - INFO - Starting new training session. Logging to: logs/training_20250119_150859.log
2025-01-19 15:08:59,683 - INFO - Starting new training session. Logging to: logs/training_20250119_150859.log
2025-01-19 15:08:59,683 - INFO - Starting new training session. Logging to: logs/training_20250119_150859.log
2025-01-19 15:09:00,413 - INFO - Processing AGRI - 2025-01-10 17:00:00 UTC
2025-01-19 15:09:00,417 - INFO - Processing AGR - 2025-01-17 19:43:07 UTC
2025-01-19 15:09:00,437 - INFO - Processing AHCO - 2024-12-17 14:10:46 UTC
2025-01-19 15:09:00,568 - INFO - Processing AHG - 2024-11-15 14:47:59 UTC
2025-01-19 15:09:01,302 - INFO - Retrieved article length: 2788 characters
2025-01-19 15:09:01,303 - INFO - Retrieved article length: 4098 characters
2025-01-19 15:09:01,319 - INFO - Retrieved article length: 515 characters
2025-01-19 15:09:01,325 - INFO - Retrieved article length: 7665 characters
2025-01-19 15:09:01,418 - INFO - AGRI: 1h change of -6.31%
2025-01-19 15:09:01,426 - INFO - AHCO: 1h change of -2.47%
2025-01-19 15:09:01,442 - INFO - AHG: 1h change of 20.36%
2025-01-19 15:09:01,457 - ERROR - AGR: No price data found, symbol may be delisted (1h 2025-01-15 -> 2025-01-19)
2025-01-19 15:09:01,503 - INFO - AGRI: 1wk change of 9.28%
2025-01-19 15:09:01,506 - INFO - AHCO: 1wk change of 3.38%
2025-01-19 15:09:01,522 - INFO - AHG: 1wk change of -4.24%
2025-01-19 15:09:01,541 - ERROR - AGR: No price data found, symbol may be delisted (1d 2025-01-07 -> 2025-01-27)
2025-01-19 15:09:01,583 - INFO - AGRI: 1mo change of -10.69%
2025-01-19 15:09:01,584 - INFO - Processing AGRI - 2024-12-03 17:00:00 UTC
2025-01-19 15:09:01,586 - INFO - AHCO: 1mo change of -1.59%
2025-01-19 15:09:01,587 - INFO - Processing AHCO - 2024-12-03 16:00:00 UTC
2025-01-19 15:09:01,607 - INFO - AHG: 1mo change of 12.26%
2025-01-19 15:09:01,636 - INFO - AGR: 1mo change of 1.21%
2025-01-19 15:09:01,636 - INFO - Processing AGR - 2025-01-17 16:57:00 UTC
2025-01-19 15:09:01,766 - INFO - Processing AHH - 2025-01-14 20:57:00 UTC
2025-01-19 15:09:02,341 - INFO - Retrieved article length: 3515 characters
2025-01-19 15:09:02,387 - INFO - Retrieved article length: 12067 characters
2025-01-19 15:09:02,388 - ERROR - AGR: No price data found, symbol may be delisted (1h 2025-01-15 -> 2025-01-19)
2025-01-19 15:09:02,389 - INFO - Retrieved article length: 6036 characters
2025-01-19 15:09:02,430 - INFO - AHCO: 1h change of -1.93%
2025-01-19 15:09:02,434 - ERROR - AGR: No price data found, symbol may be delisted (1d 2025-01-07 -> 2025-01-27)
2025-01-19 15:09:02,482 - INFO - AGRI: 1h change of -18.42%
2025-01-19 15:09:02,485 - INFO - AGR: 1mo change of 1.21%
2025-01-19 15:09:02,485 - INFO - Processing AGR - 2025-01-16 16:13:11 UTC
2025-01-19 15:09:02,514 - INFO - AHCO: 1wk change of -8.20%
2025-01-19 15:09:02,567 - INFO - AGRI: 1wk change of -44.10%
2025-01-19 15:09:02,596 - INFO - AHCO: 1mo change of -12.07%
2025-01-19 15:09:02,596 - INFO - Processing AHCO - 2024-11-27 00:05:00 UTC
2025-01-19 15:09:02,652 - INFO - AGRI: 1mo change of -57.24%
2025-01-19 15:09:02,652 - INFO - Processing AGRI - 2024-12-03 15:30:00 UTC
2025-01-19 15:09:02,967 - INFO - Retrieved article length: 3478 characters
2025-01-19 15:09:03,152 - INFO - AHH: 1wk change of -1.91%
2025-01-19 15:09:03,172 - INFO - Retrieved article length: 516 characters
2025-01-19 15:09:03,244 - INFO - AHH: 1mo change of -9.24%
2025-01-19 15:09:03,244 - INFO - Processing AHH - 2025-01-13 14:00:00 UTC
2025-01-19 15:09:03,254 - ERROR - AGR: No price data found, symbol may be delisted (1h 2025-01-14 -> 2025-01-18)
2025-01-19 15:09:03,336 - ERROR - AGR: No price data found, symbol may be delisted (1d 2025-01-06 -> 2025-01-26)
2025-01-19 15:09:03,431 - INFO - AGR: 1mo change of 1.29%
2025-01-19 15:09:03,431 - INFO - Processing AGR - 2025-01-15 00:05:00 UTC
2025-01-19 15:09:03,539 - INFO - Retrieved article length: 3038 characters
2025-01-19 15:09:03,550 - INFO - AGRI: 1h change of -18.42%
2025-01-19 15:09:03,558 - INFO - AGRI: 1wk change of -44.10%
2025-01-19 15:09:03,566 - INFO - AGRI: 1mo change of -57.24%
2025-01-19 15:09:03,566 - INFO - Processing AGRI - 2024-10-22 16:00:00 UTC
2025-01-19 15:09:03,615 - INFO - Retrieved article length: 2515 characters
2025-01-19 15:09:03,704 - INFO - AHCO: 1h change of 1.42%
2025-01-19 15:09:03,785 - INFO - AHCO: 1wk change of 1.67%
2025-01-19 15:09:03,868 - INFO - AHCO: 1mo change of -10.44%
2025-01-19 15:09:03,868 - INFO - Processing AHCO - 2024-11-26 16:34:00 UTC
2025-01-19 15:09:04,077 - INFO - Retrieved article length: 4996 characters
2025-01-19 15:09:04,150 - INFO - Retrieved article length: 2044 characters
2025-01-19 15:09:04,163 - INFO - AHH: 1h change of -2.35%
2025-01-19 15:09:04,230 - ERROR - AGR: No price data found, symbol may be delisted (1h 2025-01-13 -> 2025-01-17)
2025-01-19 15:09:04,258 - INFO - AHH: 1wk change of -4.31%
2025-01-19 15:09:04,322 - ERROR - AGR: No price data found, symbol may be delisted (1d 2025-01-05 -> 2025-01-25)
2025-01-19 15:09:04,359 - INFO - AHH: 1mo change of -8.57%
2025-01-19 15:09:04,360 - INFO - Processing AHH - 2025-01-10 14:00:00 UTC
2025-01-19 15:09:04,413 - INFO - AGR: 1mo change of 1.12%
2025-01-19 15:09:04,414 - INFO - Processing AGR - 2025-01-08 15:25:17 UTC
2025-01-19 15:09:04,487 - INFO - Retrieved article length: 3296 characters
2025-01-19 15:09:04,576 - INFO - AGRI: 1h change of 2.03%
2025-01-19 15:09:04,662 - INFO - AGRI: 1wk change of -16.13%
2025-01-19 15:09:04,743 - INFO - AGRI: 1mo change of -29.09%
2025-01-19 15:09:04,771 - INFO - Retrieved article length: 2500 characters
2025-01-19 15:09:04,861 - INFO - AHCO: 1h change of 1.42%
2025-01-19 15:09:04,926 - INFO - Processing AHR - 2025-01-17 18:34:25 UTC
2025-01-19 15:09:04,946 - INFO - AHCO: 1wk change of 1.57%
2025-01-19 15:09:05,033 - INFO - AHCO: 1mo change of -14.52%
2025-01-19 15:09:05,033 - INFO - Processing AHCO - 2024-11-19 14:23:54 UTC
2025-01-19 15:09:05,117 - INFO - Retrieved article length: 2951 characters
2025-01-19 15:09:05,140 - INFO - Retrieved article length: 1628 characters
2025-01-19 15:09:05,220 - ERROR - AGR: No price data found, symbol may be delisted (1h 2025-01-06 -> 2025-01-10)
2025-01-19 15:09:05,297 - INFO - AHH: 1wk change of -4.59%
2025-01-19 15:09:05,305 - ERROR - AGR: No price data found, symbol may be delisted (1d 2024-12-29 -> 2025-01-18)
2025-01-19 15:09:05,395 - INFO - AHH: 1mo change of -8.40%
2025-01-19 15:09:05,396 - INFO - Processing AHH - 2025-01-07 00:15:00 UTC
2025-01-19 15:09:05,453 - INFO - AGR: 1mo change of 1.49%
2025-01-19 15:09:05,453 - INFO - Processing AGR - 2025-01-08 00:05:00 UTC
2025-01-19 15:09:05,653 - INFO - Retrieved article length: 538 characters
2025-01-19 15:09:05,889 - INFO - Retrieved article length: 492 characters
2025-01-19 15:09:05,923 - INFO - AHR: 1mo change of -1.13%
2025-01-19 15:09:05,923 - INFO - Processing AHR - 2025-01-16 00:15:00 UTC
2025-01-19 15:09:05,985 - INFO - AHCO: 1h change of 2.64%
2025-01-19 15:09:06,072 - INFO - AHCO: 1wk change of -4.40%
2025-01-19 15:09:06,123 - INFO - Retrieved article length: 2179 characters
2025-01-19 15:09:06,124 - ERROR - AGR: No price data found, symbol may be delisted (1h 2025-01-06 -> 2025-01-10)
2025-01-19 15:09:06,125 - ERROR - AGR: No price data found, symbol may be delisted (1d 2024-12-29 -> 2025-01-18)
2025-01-19 15:09:06,154 - INFO - AHCO: 1mo change of -3.88%
2025-01-19 15:09:06,155 - INFO - Processing AHCO - 2024-11-15 15:35:48 UTC
2025-01-19 15:09:06,176 - INFO - AGR: 1mo change of 1.49%
2025-01-19 15:09:06,176 - INFO - Processing AGR - 2025-01-07 14:49:34 UTC
2025-01-19 15:09:06,279 - INFO - Retrieved article length: 4552 characters
2025-01-19 15:09:06,364 - INFO - AHH: 1h change of -3.35%
2025-01-19 15:09:06,458 - INFO - AHH: 1wk change of -2.68%
2025-01-19 15:09:06,554 - INFO - AHH: 1mo change of -9.32%
2025-01-19 15:09:06,555 - INFO - Processing AHH - 2024-12-29 17:10:52 UTC
2025-01-19 15:09:06,762 - INFO - Retrieved article length: 2620 characters
2025-01-19 15:09:06,858 - INFO - AHR: 1h change of 2.16%
2025-01-19 15:09:06,970 - INFO - Retrieved article length: 496 characters
2025-01-19 15:09:06,995 - INFO - Retrieved article length: 515 characters
2025-01-19 15:09:07,028 - INFO - Processing AHR - 2024-12-31 13:35:40 UTC
2025-01-19 15:09:07,059 - INFO - AHCO: 1h change of -11.71%
2025-01-19 15:09:07,076 - ERROR - AGR: No price data found, symbol may be delisted (1h 2025-01-05 -> 2025-01-09)
2025-01-19 15:09:07,145 - INFO - AHCO: 1wk change of 7.35%
2025-01-19 15:09:07,159 - ERROR - AGR: No price data found, symbol may be delisted (1d 2024-12-28 -> 2025-01-17)
2025-01-19 15:09:07,237 - INFO - AHCO: 1mo change of -3.96%
2025-01-19 15:09:07,237 - INFO - Processing AHCO - 2024-11-13 00:05:00 UTC
2025-01-19 15:09:07,250 - INFO - Processing AGR - 2025-01-07 00:32:49 UTC
2025-01-19 15:09:07,421 - INFO - Retrieved article length: 4622 characters
2025-01-19 15:09:07,609 - INFO - AHH: 1wk change of -1.56%
2025-01-19 15:09:07,705 - INFO - AHH: 1mo change of -9.48%
2025-01-19 15:09:07,706 - INFO - Processing AHH - 2024-12-19 01:06:00 UTC
2025-01-19 15:09:07,829 - INFO - Retrieved article length: 541 characters
2025-01-19 15:09:07,914 - INFO - AHR: 1h change of 1.61%
2025-01-19 15:09:07,917 - INFO - Retrieved article length: 491 characters
2025-01-19 15:09:07,917 - ERROR - AGR: No price data found, symbol may be delisted (1h 2025-01-05 -> 2025-01-09)
2025-01-19 15:09:07,918 - ERROR - AGR: No price data found, symbol may be delisted (1d 2024-12-28 -> 2025-01-17)
2025-01-19 15:09:07,998 - INFO - AHR: 1wk change of 1.72%
2025-01-19 15:09:08,080 - INFO - AHR: 1mo change of -4.13%
2025-01-19 15:09:08,081 - INFO - Processing AHR - 2024-12-24 17:37:00 UTC
2025-01-19 15:09:08,081 - INFO - Processing AI - 2025-01-18 23:43:27 UTC
2025-01-19 15:09:08,085 - INFO - Retrieved article length: 2472 characters
2025-01-19 15:09:08,173 - INFO - AHCO: 1h change of 1.21%
2025-01-19 15:09:08,269 - INFO - AHCO: 1wk change of -2.91%
2025-01-19 15:09:08,392 - INFO - AHCO: 1mo change of -2.05%
2025-01-19 15:09:08,392 - INFO - Processing AHCO - 2024-11-06 18:15:14 UTC
2025-01-19 15:09:08,458 - INFO - Retrieved article length: 2293 characters
2025-01-19 15:09:08,544 - INFO - AHH: 1h change of -5.52%
2025-01-19 15:09:08,642 - INFO - AHH: 1wk change of -5.76%
2025-01-19 15:09:08,735 - INFO - AHH: 1mo change of -8.40%
2025-01-19 15:09:08,735 - INFO - Processing AHH - 2024-12-14 00:15:00 UTC
2025-01-19 15:09:08,826 - INFO - Retrieved article length: 8764 characters
2025-01-19 15:09:08,883 - INFO - Retrieved article length: 6919 characters
2025-01-19 15:09:08,970 - INFO - AHR: 1h change of 4.05%
2025-01-19 15:09:09,003 - INFO - AI: 1wk change of -3.87%
2025-01-19 15:09:09,085 - INFO - AI: 1mo change of -25.45%
2025-01-19 15:09:09,085 - INFO - Processing AI - 2025-01-18 14:20:00 UTC
2025-01-19 15:09:09,151 - INFO - Processing AHR - 2024-12-22 18:00:20 UTC
2025-01-19 15:09:09,255 - INFO - Retrieved article length: 491 characters
2025-01-19 15:09:09,341 - INFO - AHCO: 1h change of -5.03%
2025-01-19 15:09:09,426 - INFO - AHCO: 1wk change of -10.91%
2025-01-19 15:09:09,511 - INFO - AHCO: 1mo change of -11.83%
2025-01-19 15:09:09,586 - INFO - Retrieved article length: 1612 characters
2025-01-19 15:09:09,617 - INFO - Processing AIEV - 2024-11-29 22:02:00 UTC
2025-01-19 15:09:09,702 - INFO - AHH: 1h change of 1.02%
2025-01-19 15:09:09,798 - INFO - AHH: 1wk change of -7.00%
2025-01-19 15:09:09,896 - INFO - AHH: 1mo change of -10.14%
2025-01-19 15:09:09,897 - INFO - Processing AHH - 2024-12-05 20:02:00 UTC
2025-01-19 15:09:10,121 - INFO - Retrieved article length: 5619 characters
2025-01-19 15:09:10,210 - INFO - AHR: 1h change of 4.09%
2025-01-19 15:09:10,297 - INFO - AHR: 1wk change of 1.18%
2025-01-19 15:09:10,387 - INFO - AHR: 1mo change of 2.54%
2025-01-19 15:09:10,387 - INFO - Processing AHR - 2024-12-19 00:15:00 UTC
2025-01-19 15:09:10,478 - INFO - Retrieved article length: 173 characters
2025-01-19 15:09:10,564 - INFO - AIEV: 1h change of 54.53%
2025-01-19 15:09:10,648 - INFO - AIEV: 1wk change of -8.48%
2025-01-19 15:09:10,736 - INFO - AIEV: 1mo change of 12.22%
2025-01-19 15:09:10,736 - INFO - Processing AIEV - 2024-11-15 00:05:00 UTC
2025-01-19 15:09:10,833 - INFO - Retrieved article length: 2575 characters
2025-01-19 15:09:10,921 - INFO - AHH: 1h change of -1.59%
2025-01-19 15:09:11,119 - INFO - AHH: 1mo change of -7.50%
2025-01-19 15:09:11,160 - INFO - Retrieved article length: 1570 characters
2025-01-19 15:09:11,248 - INFO - AHR: 1h change of -1.28%
2025-01-19 15:09:11,277 - INFO - Processing AIFF - 2025-01-14 15:45:00 UTC
2025-01-19 15:09:11,445 - INFO - AHR: 1mo change of 7.35%
2025-01-19 15:09:11,445 - INFO - Processing AHR - 2024-12-18 12:11:00 UTC
2025-01-19 15:09:11,500 - INFO - Retrieved article length: 6191 characters
2025-01-19 15:09:11,611 - INFO - AI: 1wk change of -3.87%
2025-01-19 15:09:11,663 - INFO - AI: 1mo change of -25.45%
2025-01-19 15:09:11,663 - INFO - Processing AI - 2025-01-18 13:15:00 UTC
2025-01-19 15:09:11,785 - INFO - Retrieved article length: 12998 characters
2025-01-19 15:09:11,870 - INFO - AIEV: 1h change of -12.09%
2025-01-19 15:09:11,951 - INFO - AIEV: 1wk change of -16.41%
2025-01-19 15:09:12,033 - INFO - AIEV: 1mo change of -37.71%
2025-01-19 15:09:12,035 - INFO - Retrieved article length: 6789 characters
2025-01-19 15:09:12,104 - INFO - Retrieved article length: 12883 characters
2025-01-19 15:09:12,119 - INFO - AIFF: 1h change of 88.38%
2025-01-19 15:09:12,156 - INFO - Processing AIG - 2025-01-15 19:15:40 UTC
2025-01-19 15:09:12,190 - INFO - AHR: 1h change of -4.93%
2025-01-19 15:09:12,205 - INFO - AIFF: 1wk change of 48.65%
2025-01-19 15:09:12,286 - INFO - AIFF: 1mo change of 30.51%
2025-01-19 15:09:12,286 - INFO - Processing AIFF - 2024-12-31 17:00:00 UTC
2025-01-19 15:09:12,361 - INFO - AHR: 1mo change of 5.03%
2025-01-19 15:09:12,361 - INFO - Processing AHR - 2024-12-17 22:37:00 UTC
2025-01-19 15:09:12,421 - INFO - Retrieved article length: 6652 characters
2025-01-19 15:09:12,533 - INFO - AI: 1wk change of -3.87%
2025-01-19 15:09:12,588 - INFO - AI: 1mo change of -25.45%
2025-01-19 15:09:12,588 - INFO - Processing AI - 2025-01-17 00:47:08 UTC
2025-01-19 15:09:12,905 - INFO - Retrieved article length: 1624 characters
2025-01-19 15:09:12,990 - INFO - Retrieved article length: 6335 characters
2025-01-19 15:09:12,991 - INFO - AIG: 1h change of 5.72%
2025-01-19 15:09:13,077 - INFO - AIFF: 1h change of -2.21%
2025-01-19 15:09:13,097 - INFO - Retrieved article length: 360 characters
2025-01-19 15:09:13,116 - INFO - AIG: 1wk change of 3.62%
2025-01-19 15:09:13,169 - INFO - AIFF: 1wk change of -3.67%
2025-01-19 15:09:13,180 - INFO - AHR: 1h change of -4.30%
2025-01-19 15:09:13,247 - INFO - AIG: 1mo change of 2.53%
2025-01-19 15:09:13,248 - INFO - Processing AIG - 2025-01-14 16:54:42 UTC
2025-01-19 15:09:13,251 - INFO - AIFF: 1mo change of 28.33%
2025-01-19 15:09:13,252 - INFO - Processing AIFF - 2024-12-04 17:00:00 UTC
2025-01-19 15:09:13,268 - INFO - AHR: 1wk change of 1.52%
2025-01-19 15:09:13,352 - INFO - AHR: 1mo change of 8.64%
2025-01-19 15:09:13,379 - INFO - Retrieved article length: 6454 characters
2025-01-19 15:09:13,489 - INFO - AI: 1h change of -1.70%
2025-01-19 15:09:13,492 - INFO - Processing AIHS - 2024-12-20 23:07:46 UTC
2025-01-19 15:09:13,577 - INFO - AI: 1wk change of -10.64%
2025-01-19 15:09:13,664 - INFO - AI: 1mo change of -18.88%
2025-01-19 15:09:13,664 - INFO - Processing AI - 2025-01-16 20:21:12 UTC
2025-01-19 15:09:14,077 - INFO - Retrieved article length: 542 characters
2025-01-19 15:09:14,162 - INFO - AIG: 1h change of 3.48%
2025-01-19 15:09:14,289 - INFO - AIG: 1wk change of 3.62%
2025-01-19 15:09:14,328 - INFO - Retrieved article length: 7398 characters
2025-01-19 15:09:14,330 - INFO - Retrieved article length: 6830 characters
2025-01-19 15:09:14,418 - INFO - AIG: 1mo change of 3.43%
2025-01-19 15:09:14,418 - INFO - Processing AIG - 2025-01-13 21:40:13 UTC
2025-01-19 15:09:14,420 - INFO - AIHS: 1h change of -1.91%
2025-01-19 15:09:14,472 - INFO - Retrieved article length: 6469 characters
2025-01-19 15:09:14,500 - INFO - AIHS: 1wk change of 11.24%
2025-01-19 15:09:14,500 - INFO - AIFF: 1wk change of -5.15%
2025-01-19 15:09:14,573 - INFO - AI: 1h change of 3.16%
2025-01-19 15:09:14,581 - INFO - AIFF: 1mo change of -22.92%
2025-01-19 15:09:14,581 - INFO - Processing AIFF - 2024-11-16 16:40:39 UTC
2025-01-19 15:09:14,587 - INFO - AIHS: 1mo change of 4.07%
2025-01-19 15:09:14,588 - INFO - Processing AIHS - 2024-11-17 16:30:49 UTC
2025-01-19 15:09:14,656 - INFO - AI: 1wk change of -13.32%
2025-01-19 15:09:14,742 - INFO - AI: 1mo change of -16.31%
2025-01-19 15:09:14,742 - INFO - Processing AI - 2025-01-16 12:15:00 UTC
2025-01-19 15:09:15,178 - INFO - Retrieved article length: 4149 characters
2025-01-19 15:09:15,267 - INFO - AIG: 1h change of 2.85%
2025-01-19 15:09:15,391 - INFO - AIG: 1wk change of 3.13%
2025-01-19 15:09:15,408 - INFO - Retrieved article length: 1643 characters
2025-01-19 15:09:15,412 - INFO - Retrieved article length: 1662 characters
2025-01-19 15:09:15,499 - INFO - AIFF: 1h change of -2.48%
2025-01-19 15:09:15,500 - INFO - AIHS: 1h change of 6.40%
2025-01-19 15:09:15,514 - INFO - AIG: 1mo change of 1.92%
2025-01-19 15:09:15,514 - INFO - Processing AIG - 2025-01-13 19:29:37 UTC
2025-01-19 15:09:15,580 - INFO - AIHS: 1wk change of -6.41%
2025-01-19 15:09:15,602 - INFO - Retrieved article length: 5290 characters
2025-01-19 15:09:15,612 - INFO - AI: 1h change of 3.16%
2025-01-19 15:09:15,665 - INFO - AI: 1wk change of -13.32%
2025-01-19 15:09:15,668 - INFO - AIFF: 1mo change of -26.50%
2025-01-19 15:09:15,668 - INFO - Processing AIFF - 2024-11-15 01:30:00 UTC
2025-01-19 15:09:15,669 - INFO - AIHS: 1mo change of -2.39%
2025-01-19 15:09:15,718 - INFO - AI: 1mo change of -16.31%
2025-01-19 15:09:15,719 - INFO - Processing AI - 2025-01-15 21:23:01 UTC
2025-01-19 15:09:15,819 - INFO - Processing AILE - 2024-12-28 17:17:33 UTC
2025-01-19 15:09:16,308 - INFO - Retrieved article length: 2343 characters
2025-01-19 15:09:16,316 - INFO - AIG: 1h change of 2.85%
2025-01-19 15:09:16,368 - INFO - AIG: 1wk change of 3.13%
2025-01-19 15:09:16,421 - INFO - AIG: 1mo change of 1.92%
2025-01-19 15:09:16,422 - INFO - Processing AIG - 2025-01-12 13:30:00 UTC
2025-01-19 15:09:16,472 - INFO - Retrieved article length: 8473 characters
2025-01-19 15:09:16,512 - INFO - Retrieved article length: 4285 characters
2025-01-19 15:09:16,554 - INFO - AIFF: 1h change of -8.63%
2025-01-19 15:09:16,556 - INFO - Retrieved article length: 1576 characters
2025-01-19 15:09:16,601 - INFO - AI: 1h change of 5.21%
2025-01-19 15:09:16,638 - INFO - AILE: 1h change of 200.93%
2025-01-19 15:09:16,688 - INFO - AI: 1wk change of -13.32%
2025-01-19 15:09:16,716 - INFO - AIFF: 1mo change of -23.57%
2025-01-19 15:09:16,716 - INFO - Processing AIFF - 2024-11-06 17:00:00 UTC
2025-01-19 15:09:16,718 - INFO - AILE: 1wk change of -55.55%
2025-01-19 15:09:16,769 - INFO - AI: 1mo change of -16.16%
2025-01-19 15:09:16,770 - INFO - Processing AI - 2025-01-15 01:50:20 UTC
2025-01-19 15:09:16,853 - INFO - AILE: 1mo change of -72.55%
2025-01-19 15:09:16,853 - INFO - Processing AILE - 2024-12-23 16:00:00 UTC
2025-01-19 15:09:17,139 - INFO - Retrieved article length: 158 characters
2025-01-19 15:09:17,356 - INFO - AIG: 1wk change of 2.89%
2025-01-19 15:09:17,454 - INFO - Retrieved article length: 2869 characters
2025-01-19 15:09:17,482 - INFO - AIG: 1mo change of 1.92%
2025-01-19 15:09:17,482 - INFO - Processing AIG - 2025-01-10 21:00:00 UTC
2025-01-19 15:09:17,538 - INFO - AIFF: 1h change of 9.50%
2025-01-19 15:09:17,560 - INFO - Retrieved article length: 8656 characters
2025-01-19 15:09:17,564 - INFO - Retrieved article length: 3024 characters
2025-01-19 15:09:17,572 - INFO - AI: 1h change of 5.21%
2025-01-19 15:09:17,620 - INFO - AIFF: 1wk change of -5.36%
2025-01-19 15:09:17,629 - INFO - AI: 1wk change of -13.32%
2025-01-19 15:09:17,644 - INFO - AILE: 1h change of -29.92%
2025-01-19 15:09:17,683 - INFO - AI: 1mo change of -16.16%
2025-01-19 15:09:17,700 - INFO - AIFF: 1mo change of -2.96%
2025-01-19 15:09:17,700 - INFO - Processing AIFF - 2024-10-25 23:10:00 UTC
2025-01-19 15:09:17,731 - INFO - AILE: 1wk change of -60.75%
2025-01-19 15:09:17,818 - INFO - AILE: 1mo change of -61.64%
2025-01-19 15:09:17,818 - INFO - Processing AILE - 2024-12-10 15:30:00 UTC
2025-01-19 15:09:17,840 - INFO - Processing AIMD - 2025-01-17 17:00:00 UTC
2025-01-19 15:09:18,284 - INFO - Retrieved article length: 144 characters
2025-01-19 15:09:18,377 - INFO - Retrieved article length: 6173 characters
2025-01-19 15:09:18,466 - INFO - AIFF: 1h change of 2.29%
2025-01-19 15:09:18,507 - INFO - AIG: 1wk change of 3.15%
2025-01-19 15:09:18,549 - INFO - AIFF: 1wk change of -3.83%
2025-01-19 15:09:18,605 - INFO - Retrieved article length: 11100 characters
2025-01-19 15:09:18,623 - INFO - Processing AIG - 2025-01-10 19:42:00 UTC
2025-01-19 15:09:18,629 - INFO - AIFF: 1mo change of -27.62%
2025-01-19 15:09:18,629 - INFO - Processing AIFF - 2024-10-21 15:30:00 UTC
2025-01-19 15:09:18,648 - INFO - Retrieved article length: 6856 characters
2025-01-19 15:09:18,689 - INFO - AILE: 1h change of -15.33%
2025-01-19 15:09:18,739 - INFO - AIMD: 1h change of -10.63%
2025-01-19 15:09:18,773 - INFO - AILE: 1wk change of -27.65%
2025-01-19 15:09:18,823 - INFO - AIMD: 1wk change of -4.57%
2025-01-19 15:09:18,856 - INFO - AILE: 1mo change of -69.57%
2025-01-19 15:09:18,856 - INFO - Processing AILE - 2024-11-18 17:30:00 UTC
2025-01-19 15:09:18,905 - INFO - AIMD: 1mo change of 42.27%
2025-01-19 15:09:18,905 - INFO - Processing AIMD - 2025-01-13 18:00:00 UTC
2025-01-19 15:09:19,349 - INFO - Retrieved article length: 9186 characters
2025-01-19 15:09:19,406 - INFO - Retrieved article length: 2485 characters
2025-01-19 15:09:19,442 - INFO - AIFF: 1h change of -13.08%
2025-01-19 15:09:19,464 - INFO - AIG: 1wk change of 3.15%
2025-01-19 15:09:19,516 - INFO - Processing AIG - 2025-01-10 16:27:00 UTC
2025-01-19 15:09:19,521 - INFO - Retrieved article length: 12702 characters
2025-01-19 15:09:19,524 - INFO - AIFF: 1wk change of 7.01%
2025-01-19 15:09:19,608 - INFO - AIFF: 1mo change of -19.14%
2025-01-19 15:09:19,614 - INFO - AILE: 1h change of 33.14%
2025-01-19 15:09:19,692 - INFO - Retrieved article length: 10149 characters
2025-01-19 15:09:19,695 - INFO - AILE: 1wk change of -8.55%
2025-01-19 15:09:19,782 - INFO - AILE: 1mo change of -45.03%
2025-01-19 15:09:19,784 - INFO - AIMD: 1h change of 6.03%
2025-01-19 15:09:19,794 - INFO - Processing AIOT - 2025-01-10 16:00:00 UTC
2025-01-19 15:09:19,880 - INFO - AIMD: 1wk change of 18.34%
2025-01-19 15:09:19,964 - INFO - Processing AIRE - 2024-12-30 18:18:00 UTC
2025-01-19 15:09:19,970 - INFO - AIMD: 1mo change of 44.57%
2025-01-19 15:09:19,970 - INFO - Processing AIMD - 2024-12-18 20:05:00 UTC
2025-01-19 15:09:20,307 - INFO - Retrieved article length: 222 characters
2025-01-19 15:09:20,369 - INFO - AIG: 1wk change of 3.15%
2025-01-19 15:09:20,577 - INFO - Processing AIRG - 2025-01-17 01:00:00 UTC
2025-01-19 15:09:20,600 - INFO - Retrieved article length: 2113 characters
2025-01-19 15:09:20,675 - INFO - Retrieved article length: 11366 characters
2025-01-19 15:09:20,693 - INFO - AIOT: 1h change of -4.64%
2025-01-19 15:09:20,758 - INFO - AIMD: 1h change of 1.20%
2025-01-19 15:09:20,774 - INFO - AIOT: 1wk change of -9.31%
2025-01-19 15:09:20,837 - INFO - AIMD: 1wk change of 4.85%
2025-01-19 15:09:20,841 - INFO - Retrieved article length: 4753 characters
2025-01-19 15:09:20,853 - INFO - AIOT: 1mo change of -12.46%
2025-01-19 15:09:20,853 - INFO - Processing AIOT - 2025-01-08 00:05:00 UTC
2025-01-19 15:09:20,925 - INFO - AIMD: 1mo change of 27.49%
2025-01-19 15:09:20,925 - INFO - Processing AIMD - 2024-12-18 16:00:00 UTC
2025-01-19 15:09:20,931 - INFO - AIRE: 1h change of 9.84%
2025-01-19 15:09:21,017 - INFO - AIRE: 1wk change of 46.72%
2025-01-19 15:09:21,107 - INFO - AIRE: 1mo change of 67.01%
2025-01-19 15:09:21,107 - INFO - Processing AIRE - 2024-12-28 16:54:42 UTC
2025-01-19 15:09:21,449 - INFO - Retrieved article length: 2415 characters
2025-01-19 15:09:21,538 - INFO - AIRG: 1h change of 10.78%
2025-01-19 15:09:21,555 - INFO - Retrieved article length: 5139 characters
2025-01-19 15:09:21,623 - INFO - AIRG: 1wk change of 13.46%
2025-01-19 15:09:21,643 - INFO - AIOT: 1h change of -7.66%
2025-01-19 15:09:21,704 - INFO - AIRG: 1mo change of -7.86%
2025-01-19 15:09:21,704 - INFO - Processing AIRG - 2024-12-26 13:45:33 UTC
2025-01-19 15:09:21,725 - INFO - AIOT: 1wk change of -9.31%
2025-01-19 15:09:21,779 - INFO - Retrieved article length: 11310 characters
2025-01-19 15:09:21,787 - INFO - AIMD: 1h change of 1.20%
2025-01-19 15:09:21,794 - INFO - AIMD: 1wk change of 4.85%
2025-01-19 15:09:21,806 - INFO - AIOT: 1mo change of -15.41%
2025-01-19 15:09:21,806 - INFO - Processing AIOT - 2025-01-05 15:53:24 UTC
2025-01-19 15:09:21,845 - INFO - AIMD: 1mo change of 27.49%
2025-01-19 15:09:21,845 - INFO - Processing AIMD - 2024-12-13 16:00:00 UTC
2025-01-19 15:09:22,422 - INFO - Retrieved article length: 4688 characters
2025-01-19 15:09:22,509 - INFO - AIRG: 1h change of 3.18%
2025-01-19 15:09:22,589 - INFO - AIRG: 1wk change of -12.61%
2025-01-19 15:09:22,628 - INFO - Retrieved article length: 5805 characters
2025-01-19 15:09:22,671 - INFO - AIRG: 1mo change of -12.59%
2025-01-19 15:09:22,671 - INFO - Processing AIRG - 2024-11-30 12:24:27 UTC
2025-01-19 15:09:22,673 - INFO - Retrieved article length: 7577 characters
2025-01-19 15:09:22,719 - INFO - AIOT: 1h change of -4.86%
2025-01-19 15:09:22,761 - INFO - AIMD: 1h change of 7.98%
2025-01-19 15:09:22,800 - INFO - AIOT: 1wk change of -21.69%
2025-01-19 15:09:22,841 - INFO - AIMD: 1wk change of 2.97%
2025-01-19 15:09:22,886 - INFO - AIOT: 1mo change of -13.09%
2025-01-19 15:09:22,887 - INFO - Processing AIOT - 2024-12-09 15:01:02 UTC
2025-01-19 15:09:22,928 - INFO - AIMD: 1mo change of 35.42%
2025-01-19 15:09:22,928 - INFO - Processing AIMD - 2024-12-04 16:00:00 UTC
2025-01-19 15:09:23,429 - INFO - Retrieved article length: 6734 characters
2025-01-19 15:09:23,527 - INFO - AIRG: 1h change of -1.44%
2025-01-19 15:09:23,610 - INFO - AIRG: 1wk change of 3.77%
2025-01-19 15:09:23,691 - INFO - AIRG: 1mo change of -27.61%
2025-01-19 15:09:23,691 - INFO - Processing AIRG - 2024-11-15 13:55:45 UTC
2025-01-19 15:09:23,704 - INFO - Retrieved article length: 3866 characters
2025-01-19 15:09:23,744 - INFO - Retrieved article length: 8069 characters
2025-01-19 15:09:23,788 - INFO - AIOT: 1h change of -4.80%
2025-01-19 15:09:23,832 - INFO - AIMD: 1h change of -8.65%
2025-01-19 15:09:23,866 - INFO - AIOT: 1wk change of -9.66%
2025-01-19 15:09:23,919 - INFO - AIMD: 1wk change of -2.44%
2025-01-19 15:09:23,949 - INFO - AIOT: 1mo change of 15.24%
2025-01-19 15:09:23,949 - INFO - Processing AIOT - 2024-12-06 19:30:00 UTC
2025-01-19 15:09:24,008 - INFO - AIMD: 1mo change of 35.82%
2025-01-19 15:09:24,009 - INFO - Processing AIMD - 2024-12-02 16:00:00 UTC
2025-01-19 15:09:24,504 - INFO - Retrieved article length: 4854 characters
2025-01-19 15:09:24,601 - INFO - AIRG: 1h change of -1.38%
2025-01-19 15:09:24,689 - INFO - AIRG: 1wk change of -2.61%
2025-01-19 15:09:24,770 - INFO - AIRG: 1mo change of -25.83%
2025-01-19 15:09:24,770 - INFO - Processing AIRG - 2024-11-13 10:22:07 UTC
2025-01-19 15:09:24,778 - INFO - Retrieved article length: 2114 characters
2025-01-19 15:09:24,780 - INFO - Retrieved article length: 9486 characters
2025-01-19 15:09:24,865 - INFO - AIOT: 1h change of -3.37%
2025-01-19 15:09:24,866 - INFO - AIMD: 1h change of -5.87%
2025-01-19 15:09:24,902 - INFO - Retrieved article length: 5729 characters
2025-01-19 15:09:24,948 - INFO - AIOT: 1wk change of -7.55%
2025-01-19 15:09:24,990 - INFO - AIRE: 1h change of 33.25%
2025-01-19 15:09:25,033 - INFO - AIMD: 1mo change of -2.94%
2025-01-19 15:09:25,033 - INFO - Processing AIMD - 2024-11-13 16:00:00 UTC
2025-01-19 15:09:25,033 - INFO - AIOT: 1mo change of 24.95%
2025-01-19 15:09:25,034 - INFO - Processing AIOT - 2024-11-18 17:07:43 UTC
2025-01-19 15:09:25,073 - INFO - AIRE: 1wk change of 96.43%
2025-01-19 15:09:25,162 - INFO - AIRE: 1mo change of 67.01%
2025-01-19 15:09:25,163 - INFO - Processing AIRE - 2024-12-20 16:00:00 UTC
2025-01-19 15:09:25,577 - INFO - Retrieved article length: 4154 characters
2025-01-19 15:09:25,667 - INFO - AIRG: 1h change of -3.11%
2025-01-19 15:09:25,749 - INFO - AIRG: 1wk change of -2.72%
2025-01-19 15:09:25,833 - INFO - AIRG: 1mo change of -20.02%
2025-01-19 15:09:25,834 - INFO - Processing AIRG - 2024-11-13 02:20:05 UTC
2025-01-19 15:09:25,851 - INFO - Retrieved article length: 7881 characters
2025-01-19 15:09:25,860 - INFO - Retrieved article length: 6934 characters
2025-01-19 15:09:25,904 - INFO - Retrieved article length: 8958 characters
2025-01-19 15:09:25,935 - INFO - AIMD: 1h change of -1.41%
2025-01-19 15:09:25,943 - INFO - AIOT: 1h change of 7.96%
2025-01-19 15:09:25,996 - INFO - AIRE: 1h change of 2.10%
2025-01-19 15:09:26,015 - INFO - AIMD: 1wk change of 5.91%
2025-01-19 15:09:26,021 - INFO - AIOT: 1wk change of 32.78%
2025-01-19 15:09:26,081 - INFO - AIRE: 1wk change of 117.09%
2025-01-19 15:09:26,102 - INFO - AIOT: 1mo change of 24.86%
2025-01-19 15:09:26,102 - INFO - Processing AIOT - 2024-11-15 13:08:04 UTC
2025-01-19 15:09:26,103 - INFO - AIMD: 1mo change of -8.71%
2025-01-19 15:09:26,163 - INFO - AIRE: 1mo change of 62.00%
2025-01-19 15:09:26,163 - INFO - Processing AIRE - 2024-12-19 16:00:00 UTC
2025-01-19 15:09:26,255 - INFO - Processing AIRJ - 2024-11-18 13:07:11 UTC
2025-01-19 15:09:26,579 - INFO - Retrieved article length: 4113 characters
2025-01-19 15:09:26,588 - INFO - AIRG: 1h change of -3.11%
2025-01-19 15:09:26,593 - INFO - AIRG: 1wk change of -2.72%
2025-01-19 15:09:26,599 - INFO - AIRG: 1mo change of -20.02%
2025-01-19 15:09:26,599 - INFO - Processing AIRG - 2024-11-13 01:24:58 UTC
2025-01-19 15:09:26,959 - INFO - Retrieved article length: 1953 characters
2025-01-19 15:09:27,008 - INFO - Retrieved article length: 9612 characters
2025-01-19 15:09:27,046 - INFO - AIOT: 1h change of 4.95%
2025-01-19 15:09:27,093 - INFO - AIRE: 1h change of 3.85%
2025-01-19 15:09:27,132 - INFO - AIOT: 1wk change of 40.51%
2025-01-19 15:09:27,168 - INFO - Retrieved article length: 7108 characters
2025-01-19 15:09:27,173 - INFO - AIRE: 1wk change of 115.25%
2025-01-19 15:09:27,218 - INFO - AIOT: 1mo change of 18.59%
2025-01-19 15:09:27,218 - INFO - Processing AIOT - 2024-11-12 15:00:00 UTC
2025-01-19 15:09:27,255 - INFO - AIRJ: 1h change of 2.77%
2025-01-19 15:09:27,258 - INFO - AIRE: 1mo change of 65.31%
2025-01-19 15:09:27,258 - INFO - Processing AIRE - 2024-11-21 16:00:00 UTC
2025-01-19 15:09:27,337 - INFO - AIRJ: 1wk change of 29.41%
2025-01-19 15:09:27,423 - INFO - AIRJ: 1mo change of 63.51%
2025-01-19 15:09:27,424 - INFO - Processing AIRJ - 2024-11-16 16:14:20 UTC
2025-01-19 15:09:27,459 - INFO - Retrieved article length: 1160 characters
2025-01-19 15:09:27,467 - INFO - AIRG: 1h change of -3.11%
2025-01-19 15:09:27,472 - INFO - AIRG: 1wk change of -2.72%
2025-01-19 15:09:27,478 - INFO - AIRG: 1mo change of -20.02%
2025-01-19 15:09:27,478 - INFO - Processing AIRG - 2024-11-13 00:14:00 UTC
2025-01-19 15:09:28,086 - INFO - Retrieved article length: 8980 characters
2025-01-19 15:09:28,122 - INFO - Retrieved article length: 5943 characters
2025-01-19 15:09:28,175 - INFO - AIRE: 1h change of 11.98%
2025-01-19 15:09:28,208 - INFO - AIRJ: 1h change of 12.26%
2025-01-19 15:09:28,260 - INFO - AIRE: 1wk change of 16.00%
2025-01-19 15:09:28,294 - INFO - AIRJ: 1wk change of 36.75%
2025-01-19 15:09:28,344 - INFO - AIRE: 1mo change of 16.10%
2025-01-19 15:09:28,344 - INFO - Processing AIRE - 2024-11-12 15:30:00 UTC
2025-01-19 15:09:28,378 - INFO - AIRJ: 1mo change of 63.51%
2025-01-19 15:09:28,379 - INFO - Processing AIRJ - 2024-11-14 00:01:00 UTC
2025-01-19 15:09:28,502 - INFO - Retrieved article length: 24458 characters
2025-01-19 15:09:28,511 - INFO - AIRG: 1h change of -3.11%
2025-01-19 15:09:28,516 - INFO - AIRG: 1wk change of -2.72%
2025-01-19 15:09:28,522 - INFO - AIRG: 1mo change of -20.02%
2025-01-19 15:09:28,703 - INFO - Processing AIRT - 2024-12-10 13:00:00 UTC
2025-01-19 15:09:28,766 - INFO - Retrieved article length: 39035 characters
2025-01-19 15:09:28,858 - INFO - AIOT: 1h change of 14.80%
2025-01-19 15:09:28,941 - INFO - AIOT: 1wk change of 34.96%
2025-01-19 15:09:29,027 - INFO - AIOT: 1mo change of 38.45%
2025-01-19 15:09:29,143 - INFO - Processing AISP - 2025-01-13 23:42:30 UTC
2025-01-19 15:09:29,301 - INFO - Retrieved article length: 15306 characters
2025-01-19 15:09:29,395 - INFO - AIRJ: 1h change of 19.82%
2025-01-19 15:09:29,409 - INFO - Retrieved article length: 6571 characters
2025-01-19 15:09:29,474 - INFO - AIRJ: 1wk change of 32.40%
2025-01-19 15:09:29,482 - INFO - Retrieved article length: 21028 characters
2025-01-19 15:09:29,494 - INFO - AIRT: 1h change of -1.54%
2025-01-19 15:09:29,561 - INFO - AIRJ: 1mo change of 64.52%
2025-01-19 15:09:29,561 - INFO - Processing AIRJ - 2024-11-13 16:50:00 UTC
2025-01-19 15:09:29,566 - INFO - AIRE: 1h change of -1.90%
2025-01-19 15:09:29,603 - INFO - AIRT: 1wk change of -6.80%
2025-01-19 15:09:29,651 - INFO - AIRE: 1wk change of -2.78%
2025-01-19 15:09:29,710 - INFO - AIRT: 1mo change of 25.03%
2025-01-19 15:09:29,711 - INFO - Processing AIRT - 2024-11-14 20:20:00 UTC
2025-01-19 15:09:29,748 - INFO - AIRE: 1mo change of -1.67%
2025-01-19 15:09:29,748 - INFO - Processing AIRE - 2024-10-25 00:47:00 UTC
2025-01-19 15:09:30,017 - INFO - Retrieved article length: 2855 characters
2025-01-19 15:09:30,103 - INFO - AISP: 1h change of 9.35%
2025-01-19 15:09:30,191 - INFO - AISP: 1wk change of -13.92%
2025-01-19 15:09:30,279 - INFO - AISP: 1mo change of 50.89%
2025-01-19 15:09:30,279 - INFO - Processing AISP - 2025-01-07 19:18:26 UTC
2025-01-19 15:09:30,347 - INFO - Retrieved article length: 2669 characters
2025-01-19 15:09:30,444 - INFO - AIRJ: 1h change of 14.51%
2025-01-19 15:09:30,517 - INFO - Retrieved article length: 4605 characters
2025-01-19 15:09:30,524 - INFO - AIRJ: 1wk change of 32.40%
2025-01-19 15:09:30,602 - INFO - AIRT: 1h change of 14.08%
2025-01-19 15:09:30,604 - INFO - Retrieved article length: 7014 characters
2025-01-19 15:09:30,605 - INFO - AIRJ: 1mo change of 77.22%
2025-01-19 15:09:30,606 - INFO - Processing AIRJ - 2024-11-12 17:17:00 UTC
2025-01-19 15:09:30,697 - INFO - AIRE: 1h change of 3.21%
2025-01-19 15:09:30,704 - INFO - AIRT: 1wk change of 25.02%
2025-01-19 15:09:30,781 - INFO - AIRE: 1wk change of -9.01%
2025-01-19 15:09:30,809 - INFO - AIRT: 1mo change of 14.63%
2025-01-19 15:09:30,809 - INFO - Processing AIRT - 2024-11-13 00:35:00 UTC
2025-01-19 15:09:30,865 - INFO - AIRE: 1mo change of -19.23%
2025-01-19 15:09:31,007 - INFO - Processing AITR - 2024-11-30 00:05:00 UTC
2025-01-19 15:09:31,108 - INFO - Retrieved article length: 2766 characters
2025-01-19 15:09:31,202 - INFO - AISP: 1h change of -23.08%
2025-01-19 15:09:31,289 - INFO - AISP: 1wk change of -22.50%
2025-01-19 15:09:31,371 - INFO - AISP: 1mo change of 69.00%
2025-01-19 15:09:31,372 - INFO - Processing AISP - 2024-12-26 15:28:30 UTC
2025-01-19 15:09:31,390 - INFO - Retrieved article length: 1718 characters
2025-01-19 15:09:31,483 - INFO - AIRJ: 1h change of 9.18%
2025-01-19 15:09:31,567 - INFO - AIRJ: 1wk change of 39.05%
2025-01-19 15:09:31,652 - INFO - AIRJ: 1mo change of 89.93%
2025-01-19 15:09:31,789 - INFO - Processing AITRR - 2024-11-30 00:05:00 UTC
2025-01-19 15:09:31,831 - INFO - Retrieved article length: 15356 characters
2025-01-19 15:09:31,896 - INFO - Retrieved article length: 3307 characters
2025-01-19 15:09:31,914 - INFO - AIRT: 1h change of 23.03%
2025-01-19 15:09:32,066 - INFO - AIRT: 1wk change of 25.02%
2025-01-19 15:09:32,068 - INFO - AITR: 1wk change of 1.13%
2025-01-19 15:09:32,155 - INFO - AITR: 1mo change of 1.80%
2025-01-19 15:09:32,155 - INFO - Processing AITR - 2024-11-09 00:05:00 UTC
2025-01-19 15:09:32,171 - INFO - AIRT: 1mo change of 17.09%
2025-01-19 15:09:32,172 - INFO - Processing AIRT - 2024-11-12 17:00:00 UTC
2025-01-19 15:09:32,236 - INFO - Retrieved article length: 7754 characters
2025-01-19 15:09:32,412 - INFO - AISP: 1wk change of 96.33%
2025-01-19 15:09:32,490 - INFO - AISP: 1mo change of 107.79%
2025-01-19 15:09:32,490 - INFO - Processing AISP - 2024-11-15 15:09:14 UTC
2025-01-19 15:09:32,513 - INFO - Retrieved article length: 3307 characters
2025-01-19 15:09:32,591 - ERROR -  Error processing AITRR for 1h: index 0 is out of bounds for axis 0 with size 0
2025-01-19 15:09:32,670 - ERROR - AITRR: Period '1mo' is invalid, must be one of ['1d', '5d']
2025-01-19 15:09:32,752 - ERROR - AITRR: Period '1mo' is invalid, must be one of ['1d', '5d']
2025-01-19 15:09:32,754 - INFO - Processing AITRR - 2024-11-09 00:05:00 UTC
2025-01-19 15:09:32,918 - INFO - Retrieved article length: 4570 characters
2025-01-19 15:09:33,083 - INFO - Retrieved article length: 4686 characters
2025-01-19 15:09:33,167 - INFO - AIRT: 1h change of 32.13%
2025-01-19 15:09:33,170 - INFO - AITR: 1mo change of 1.57%
2025-01-19 15:09:33,238 - INFO - Retrieved article length: 6057 characters
2025-01-19 15:09:33,275 - INFO - AIRT: 1wk change of 18.12%
2025-01-19 15:09:33,322 - INFO - Processing AITRU - 2024-11-30 00:05:00 UTC
2025-01-19 15:09:33,334 - INFO - AISP: 1h change of -19.49%
2025-01-19 15:09:33,380 - INFO - AIRT: 1mo change of 16.75%
2025-01-19 15:09:33,380 - INFO - Processing AIRT - 2024-11-08 15:00:00 UTC
2025-01-19 15:09:33,417 - INFO - AISP: 1wk change of 15.09%
2025-01-19 15:09:33,464 - INFO - Retrieved article length: 4570 characters
2025-01-19 15:09:33,499 - INFO - AISP: 1mo change of 83.48%
2025-01-19 15:09:33,499 - INFO - Processing AISP - 2024-11-15 00:05:00 UTC
2025-01-19 15:09:33,548 - INFO - AITRR: 1h change of 9.89%
2025-01-19 15:09:33,634 - ERROR - AITRR: Period '1mo' is invalid, must be one of ['1d', '5d']
2025-01-19 15:09:33,720 - ERROR - AITRR: Period '1mo' is invalid, must be one of ['1d', '5d']
2025-01-19 15:09:33,893 - INFO - Processing AIV - 2025-01-13 18:54:00 UTC
2025-01-19 15:09:33,979 - INFO - Retrieved article length: 3307 characters
2025-01-19 15:09:34,062 - ERROR - AITRU: No price data found, symbol may be delisted (1h 2024-11-28 -> 2024-12-02)
2025-01-19 15:09:34,167 - INFO - Retrieved article length: 3978 characters
2025-01-19 15:09:34,235 - INFO - AITRU: 1mo change of 1.29%
2025-01-19 15:09:34,235 - INFO - Processing AITRU - 2024-11-09 00:05:00 UTC
2025-01-19 15:09:34,290 - INFO - AIRT: 1h change of -10.01%
2025-01-19 15:09:34,399 - INFO - AIRT: 1wk change of 2.42%
2025-01-19 15:09:34,503 - INFO - AIRT: 1mo change of 15.69%
2025-01-19 15:09:34,503 - INFO - Processing AIRT - 2024-10-30 15:00:00 UTC
2025-01-19 15:09:34,566 - INFO - Retrieved article length: 21051 characters
2025-01-19 15:09:34,576 - INFO - AISP: 1h change of -19.49%
2025-01-19 15:09:34,582 - INFO - AISP: 1wk change of 15.09%
2025-01-19 15:09:34,587 - INFO - AISP: 1mo change of 83.48%
2025-01-19 15:09:34,655 - INFO - Retrieved article length: 3003 characters
2025-01-19 15:09:34,707 - INFO - Processing AJG - 2025-01-19 01:16:19 UTC
2025-01-19 15:09:34,860 - INFO - AIV: 1wk change of 7.38%
2025-01-19 15:09:34,898 - INFO - Retrieved article length: 4570 characters
2025-01-19 15:09:34,974 - ERROR - AITRU: No price data found, symbol may be delisted (1h 2024-11-07 -> 2024-11-11)
2025-01-19 15:09:34,978 - INFO - AIV: 1mo change of 11.22%
2025-01-19 15:09:34,979 - INFO - Processing AIV - 2025-01-09 22:34:21 UTC
2025-01-19 15:09:35,150 - INFO - AITRU: 1mo change of 1.00%
2025-01-19 15:09:35,200 - INFO - Retrieved article length: 3903 characters
2025-01-19 15:09:35,288 - INFO - AIRT: 1h change of -6.56%
2025-01-19 15:09:35,302 - INFO - Processing AKAM - 2025-01-18 02:15:21 UTC
2025-01-19 15:09:35,316 - INFO - Retrieved article length: 6212 characters
2025-01-19 15:09:35,397 - INFO - AIRT: 1wk change of -14.20%
2025-01-19 15:09:35,513 - INFO - AJG: 1wk change of 2.72%
2025-01-19 15:09:35,530 - INFO - AIRT: 1mo change of 16.87%
2025-01-19 15:09:35,530 - INFO - Processing AIRT - 2024-10-22 23:25:00 UTC
2025-01-19 15:09:35,627 - INFO - AJG: 1mo change of 3.08%
2025-01-19 15:09:35,627 - INFO - Processing AJG - 2025-01-13 16:00:12 UTC
2025-01-19 15:09:35,770 - INFO - Retrieved article length: 526 characters
2025-01-19 15:09:35,861 - INFO - AIV: 1h change of 2.67%
2025-01-19 15:09:35,992 - INFO - AIV: 1wk change of 15.06%
2025-01-19 15:09:36,067 - INFO - Retrieved article length: 3478 characters
2025-01-19 15:09:36,156 - INFO - AIV: 1mo change of 11.73%
2025-01-19 15:09:36,157 - INFO - Processing AIV - 2025-01-09 21:30:00 UTC
2025-01-19 15:09:36,232 - INFO - Retrieved article length: 6289 characters
2025-01-19 15:09:36,241 - INFO - AKAM: 1wk change of -2.52%
2025-01-19 15:09:36,256 - INFO - Retrieved article length: 5799 characters
2025-01-19 15:09:36,319 - INFO - AIRT: 1h change of -2.85%
2025-01-19 15:09:36,321 - INFO - AKAM: 1mo change of -6.46%
2025-01-19 15:09:36,321 - INFO - Processing AKAM - 2025-01-17 18:21:41 UTC
2025-01-19 15:09:36,422 - INFO - AIRT: 1wk change of -6.76%
2025-01-19 15:09:36,485 - INFO - AJG: 1wk change of 5.14%
2025-01-19 15:09:36,626 - INFO - AJG: 1mo change of 1.02%
2025-01-19 15:09:36,628 - INFO - Processing AJG - 2025-01-12 13:30:00 UTC
2025-01-19 15:09:36,677 - INFO - Processing AKAN - 2024-11-12 16:30:00 UTC
2025-01-19 15:09:37,053 - INFO - Retrieved article length: 532 characters
2025-01-19 15:09:37,081 - INFO - Retrieved article length: 6644 characters
2025-01-19 15:09:37,089 - INFO - AIV: 1h change of 2.67%
2025-01-19 15:09:37,095 - INFO - AIV: 1wk change of 15.06%
2025-01-19 15:09:37,146 - INFO - AIV: 1mo change of 11.73%
2025-01-19 15:09:37,146 - INFO - Processing AIV - 2024-12-20 00:30:00 UTC
2025-01-19 15:09:37,227 - INFO - AKAM: 1wk change of -1.65%
2025-01-19 15:09:37,315 - INFO - AKAM: 1mo change of -8.29%
2025-01-19 15:09:37,315 - INFO - Processing AKAM - 2025-01-16 14:31:44 UTC
2025-01-19 15:09:37,399 - INFO - Retrieved article length: 158 characters
2025-01-19 15:09:37,493 - INFO - Retrieved article length: 7898 characters
2025-01-19 15:09:37,579 - INFO - AKAN: 1h change of -14.96%
2025-01-19 15:09:37,599 - INFO - AJG: 1wk change of 6.86%
2025-01-19 15:09:37,671 - INFO - AKAN: 1wk change of -12.99%
2025-01-19 15:09:37,716 - INFO - AJG: 1mo change of 1.02%
2025-01-19 15:09:37,716 - INFO - Processing AJG - 2025-01-10 19:24:28 UTC
2025-01-19 15:09:37,755 - INFO - AKAN: 1mo change of -39.19%
2025-01-19 15:09:37,805 - INFO - Retrieved article length: 2445 characters
2025-01-19 15:09:37,898 - INFO - AIV: 1h change of -4.56%
2025-01-19 15:09:37,905 - INFO - Processing AKBA - 2025-01-14 16:28:06 UTC
2025-01-19 15:09:37,998 - INFO - Retrieved article length: 544 characters
2025-01-19 15:09:38,010 - INFO - AIV: 1wk change of -4.70%
2025-01-19 15:09:38,129 - INFO - AIV: 1mo change of 11.86%
2025-01-19 15:09:38,129 - INFO - Processing AIV - 2024-11-08 18:45:00 UTC
2025-01-19 15:09:38,175 - INFO - AKAM: 1wk change of -2.55%
2025-01-19 15:09:38,266 - INFO - AKAM: 1mo change of -8.99%
2025-01-19 15:09:38,267 - INFO - Processing AKAM - 2025-01-14 12:01:08 UTC
2025-01-19 15:09:38,518 - INFO - Retrieved article length: 492 characters
2025-01-19 15:09:38,573 - INFO - Retrieved article length: 1570 characters
2025-01-19 15:09:38,607 - INFO - AJG: 1h change of 2.02%
2025-01-19 15:09:38,660 - INFO - AKBA: 1h change of 1.32%
2025-01-19 15:09:38,731 - INFO - AJG: 1wk change of 3.86%
2025-01-19 15:09:38,745 - INFO - AKBA: 1wk change of 10.70%
2025-01-19 15:09:38,830 - INFO - AKBA: 1mo change of 4.55%
2025-01-19 15:09:38,830 - INFO - Processing AKBA - 2025-01-13 16:00:00 UTC
2025-01-19 15:09:38,837 - INFO - Retrieved article length: 3307 characters
2025-01-19 15:09:38,852 - INFO - Processing AJG - 2025-01-10 19:00:00 UTC
2025-01-19 15:09:38,890 - INFO - Retrieved article length: 6316 characters
2025-01-19 15:09:38,986 - INFO - AKAM: 1h change of 1.08%
2025-01-19 15:09:39,068 - INFO - AKAM: 1wk change of -2.55%
2025-01-19 15:09:39,154 - INFO - AKAM: 1mo change of -7.87%
2025-01-19 15:09:39,155 - INFO - Processing AKAM - 2025-01-10 02:15:22 UTC
2025-01-19 15:09:39,156 - INFO - Processing AIV - 2024-11-08 00:32:37 UTC
2025-01-19 15:09:39,507 - INFO - Retrieved article length: 1910 characters
2025-01-19 15:09:39,515 - INFO - AJG: 1h change of 2.02%
2025-01-19 15:09:39,566 - INFO - AJG: 1wk change of 3.86%
2025-01-19 15:09:39,594 - INFO - Retrieved article length: 15607 characters
2025-01-19 15:09:39,617 - INFO - Processing AJG - 2025-01-10 14:05:42 UTC
2025-01-19 15:09:39,771 - INFO - AKBA: 1wk change of 7.81%
2025-01-19 15:09:39,823 - INFO - Retrieved article length: 1041 characters
2025-01-19 15:09:39,840 - INFO - Processing AIV - 2024-11-08 00:15:00 UTC
2025-01-19 15:09:39,854 - INFO - AKBA: 1mo change of 1.47%
2025-01-19 15:09:39,854 - INFO - Processing AKBA - 2025-01-03 12:52:00 UTC
2025-01-19 15:09:39,920 - INFO - Retrieved article length: 3489 characters
2025-01-19 15:09:40,009 - INFO - AKAM: 1h change of -3.57%
2025-01-19 15:09:40,092 - INFO - AKAM: 1wk change of -4.85%
2025-01-19 15:09:40,178 - INFO - AKAM: 1mo change of -7.19%
2025-01-19 15:09:40,178 - INFO - Processing AKAM - 2025-01-08 12:01:01 UTC
2025-01-19 15:09:40,327 - INFO - Retrieved article length: 531 characters
2025-01-19 15:09:40,334 - INFO - AJG: 1h change of 2.02%
2025-01-19 15:09:40,388 - INFO - AJG: 1wk change of 3.86%
2025-01-19 15:09:40,443 - INFO - Processing AJG - 2025-01-10 13:39:05 UTC
2025-01-19 15:09:40,621 - INFO - Retrieved article length: 1256 characters
2025-01-19 15:09:40,739 - INFO - Retrieved article length: 29936 characters
2025-01-19 15:09:40,758 - INFO - Processing AIV - 2024-11-06 15:22:49 UTC
2025-01-19 15:09:40,792 - INFO - AKBA: 1wk change of -5.91%
2025-01-19 15:09:40,803 - INFO - Retrieved article length: 6588 characters
2025-01-19 15:09:40,877 - INFO - Processing AKBA - 2025-01-03 00:05:00 UTC
2025-01-19 15:09:40,888 - INFO - AKAM: 1h change of -1.40%
2025-01-19 15:09:40,970 - INFO - AKAM: 1wk change of -4.76%
2025-01-19 15:09:41,056 - INFO - AKAM: 1mo change of -7.42%
2025-01-19 15:09:41,057 - INFO - Processing AKAM - 2025-01-07 12:30:00 UTC
2025-01-19 15:09:41,141 - INFO - Retrieved article length: 554 characters
2025-01-19 15:09:41,149 - INFO - AJG: 1h change of 2.02%
2025-01-19 15:09:41,201 - INFO - AJG: 1wk change of 3.86%
2025-01-19 15:09:41,255 - INFO - Processing AJG - 2025-01-10 00:15:00 UTC
2025-01-19 15:09:41,583 - INFO - Retrieved article length: 2161 characters
2025-01-19 15:09:41,595 - INFO - AKBA: 1wk change of -5.91%
2025-01-19 15:09:41,596 - INFO - Retrieved article length: 3502 characters
2025-01-19 15:09:41,647 - INFO - Processing AKBA - 2024-12-20 21:02:51 UTC
2025-01-19 15:09:41,680 - INFO - AIV: 1h change of 2.72%
2025-01-19 15:09:41,864 - INFO - Retrieved article length: 4888 characters
2025-01-19 15:09:41,902 - INFO - AIV: 1mo change of -2.78%
2025-01-19 15:09:41,951 - INFO - AKAM: 1h change of -1.40%
2025-01-19 15:09:42,003 - INFO - Processing AKLI - 2025-01-19 15:05:00 UTC
2025-01-19 15:09:42,031 - INFO - AKAM: 1wk change of -5.30%
2025-01-19 15:09:42,048 - INFO - Retrieved article length: 1633 characters
2025-01-19 15:09:42,057 - INFO - AJG: 1h change of 2.02%
2025-01-19 15:09:42,107 - INFO - AJG: 1wk change of 3.86%
2025-01-19 15:09:42,121 - INFO - AKAM: 1mo change of -6.69%
2025-01-19 15:09:42,121 - INFO - Processing AKAM - 2025-01-07 12:06:12 UTC
2025-01-19 15:09:42,334 - INFO - Processing AKR - 2025-01-17 18:34:50 UTC
2025-01-19 15:09:42,427 - INFO - Retrieved article length: 7450 characters
2025-01-19 15:09:42,518 - INFO - AKBA: 1h change of -2.40%
2025-01-19 15:09:42,604 - INFO - AKBA: 1wk change of -1.52%
2025-01-19 15:09:42,685 - INFO - AKBA: 1mo change of 15.64%
2025-01-19 15:09:42,685 - INFO - Processing AKBA - 2024-12-20 15:27:05 UTC
2025-01-19 15:09:42,693 - INFO - Retrieved article length: 6584 characters
2025-01-19 15:09:42,775 - INFO - Retrieved article length: 3952 characters
2025-01-19 15:09:42,782 - INFO - AKAM: 1h change of -1.40%
2025-01-19 15:09:42,787 - INFO - AKAM: 1wk change of -5.30%
2025-01-19 15:09:42,839 - INFO - AKAM: 1mo change of -6.69%
2025-01-19 15:09:42,946 - INFO - Retrieved article length: 531 characters
2025-01-19 15:09:43,003 - INFO - Processing AKRO - 2025-01-13 15:00:00 UTC
2025-01-19 15:09:43,043 - INFO - AKR: 1h change of 1.30%
2025-01-19 15:09:43,174 - INFO - AKR: 1wk change of -1.99%
2025-01-19 15:09:43,300 - INFO - AKR: 1mo change of -9.94%
2025-01-19 15:09:43,300 - INFO - Processing AKR - 2025-01-14 00:15:00 UTC
2025-01-19 15:09:43,356 - INFO - Retrieved article length: 3833 characters
2025-01-19 15:09:43,364 - INFO - AKBA: 1h change of -2.40%
2025-01-19 15:09:43,370 - INFO - AKBA: 1wk change of -1.52%
2025-01-19 15:09:43,423 - INFO - AKBA: 1mo change of 15.64%
2025-01-19 15:09:43,423 - INFO - Processing AKBA - 2024-12-18 16:00:00 UTC
2025-01-19 15:09:43,726 - INFO - Retrieved article length: 7287 characters
2025-01-19 15:09:43,817 - INFO - AKRO: 1h change of -4.37%
2025-01-19 15:09:43,908 - INFO - AKRO: 1wk change of -10.98%
2025-01-19 15:09:43,913 - ERROR - AKLI: No timezone found, symbol may be delisted
2025-01-19 15:09:43,914 - ERROR - AKLI: No timezone found, symbol may be delisted
2025-01-19 15:09:43,915 - ERROR - AKLI: No timezone found, symbol may be delisted
2025-01-19 15:09:43,916 - INFO - Processing AKLI - 2025-01-19 15:00:22 UTC
2025-01-19 15:09:43,996 - INFO - AKRO: 1mo change of -19.22%
2025-01-19 15:09:43,997 - INFO - Processing AKRO - 2025-01-07 15:00:00 UTC
2025-01-19 15:09:44,130 - INFO - Retrieved article length: 6764 characters
2025-01-19 15:09:44,215 - INFO - AKR: 1h change of 2.23%
2025-01-19 15:09:44,226 - INFO - Retrieved article length: 1811 characters
2025-01-19 15:09:44,314 - INFO - AKBA: 1h change of -5.04%
2025-01-19 15:09:44,347 - INFO - AKR: 1wk change of -3.29%
2025-01-19 15:09:44,407 - INFO - AKBA: 1wk change of -4.41%
2025-01-19 15:09:44,484 - INFO - AKR: 1mo change of -8.46%
2025-01-19 15:09:44,485 - INFO - Processing AKR - 2025-01-07 16:44:00 UTC
2025-01-19 15:09:44,488 - INFO - AKBA: 1mo change of 7.81%
2025-01-19 15:09:44,488 - INFO - Processing AKBA - 2024-12-05 13:46:00 UTC
2025-01-19 15:09:44,711 - INFO - Retrieved article length: 1997 characters
2025-01-19 15:09:44,751 - INFO - Retrieved article length: 3842 characters
2025-01-19 15:09:44,752 - ERROR - AKLI: No timezone found, symbol may be delisted
2025-01-19 15:09:44,753 - ERROR - AKLI: No timezone found, symbol may be delisted
2025-01-19 15:09:44,753 - ERROR - AKLI: No timezone found, symbol may be delisted
2025-01-19 15:09:44,754 - INFO - Processing AKLI - 2025-01-19 15:00:21 UTC
2025-01-19 15:09:44,795 - INFO - AKRO: 1h change of -8.33%
2025-01-19 15:09:44,883 - INFO - AKRO: 1wk change of -14.13%
2025-01-19 15:09:44,967 - INFO - AKRO: 1mo change of -18.24%
2025-01-19 15:09:44,967 - INFO - Processing AKRO - 2025-01-06 22:13:56 UTC
2025-01-19 15:09:45,227 - INFO - Retrieved article length: 2503 characters
2025-01-19 15:09:45,280 - INFO - Retrieved article length: 1264 characters
2025-01-19 15:09:45,310 - INFO - AKR: 1h change of -3.88%
2025-01-19 15:09:45,365 - INFO - AKBA: 1h change of -4.65%
2025-01-19 15:09:45,431 - INFO - AKR: 1wk change of -3.78%
2025-01-19 15:09:45,447 - INFO - AKBA: 1wk change of -4.15%
2025-01-19 15:09:45,510 - INFO - Retrieved article length: 5268 characters
2025-01-19 15:09:45,511 - ERROR - AKLI: No timezone found, symbol may be delisted
2025-01-19 15:09:45,512 - ERROR - AKLI: No timezone found, symbol may be delisted
2025-01-19 15:09:45,512 - ERROR - AKLI: No timezone found, symbol may be delisted
2025-01-19 15:09:45,513 - INFO - Processing AKLI - 2025-01-19 15:00:00 UTC
2025-01-19 15:09:45,527 - INFO - AKBA: 1mo change of 7.83%
2025-01-19 15:09:45,548 - INFO - AKR: 1mo change of -9.90%
2025-01-19 15:09:45,548 - INFO - Processing AKR - 2024-12-05 15:10:46 UTC
2025-01-19 15:09:45,665 - INFO - Retrieved article length: 525 characters
2025-01-19 15:09:45,715 - INFO - Processing AKTS - 2024-12-16 11:56:05 UTC
2025-01-19 15:09:45,793 - INFO - AKRO: 1h change of -6.75%
2025-01-19 15:09:45,888 - INFO - AKRO: 1wk change of -21.03%
2025-01-19 15:09:45,971 - INFO - AKRO: 1mo change of -21.46%
2025-01-19 15:09:45,972 - INFO - Processing AKRO - 2024-12-04 20:59:34 UTC
2025-01-19 15:09:46,163 - INFO - Retrieved article length: 3489 characters
2025-01-19 15:09:46,164 - ERROR - AKLI: No timezone found, symbol may be delisted
2025-01-19 15:09:46,165 - ERROR - AKLI: No timezone found, symbol may be delisted
2025-01-19 15:09:46,166 - ERROR - AKLI: No timezone found, symbol may be delisted
2025-01-19 15:09:46,166 - INFO - Processing AKLI - 2025-01-19 15:00:00 UTC
2025-01-19 15:09:46,249 - INFO - Retrieved article length: 520 characters
2025-01-19 15:09:46,413 - INFO - Retrieved article length: 503 characters
2025-01-19 15:09:46,502 - INFO - AKTS: 1h change of -21.02%
2025-01-19 15:09:46,574 - INFO - AKR: 1mo change of -6.12%
2025-01-19 15:09:46,574 - INFO - Processing AKR - 2024-11-08 00:15:00 UTC
2025-01-19 15:09:46,581 - INFO - AKTS: 1wk change of -94.10%
2025-01-19 15:09:46,663 - INFO - AKTS: 1mo change of -86.75%
2025-01-19 15:09:46,664 - INFO - Processing AKTS - 2024-12-16 09:22:00 UTC
2025-01-19 15:09:46,748 - INFO - Retrieved article length: 7736 characters
2025-01-19 15:09:46,836 - INFO - AKRO: 1h change of -8.82%
2025-01-19 15:09:46,839 - INFO - Retrieved article length: 8872 characters
2025-01-19 15:09:46,840 - ERROR - AKLI: No timezone found, symbol may be delisted
2025-01-19 15:09:46,841 - ERROR - AKLI: No timezone found, symbol may be delisted
2025-01-19 15:09:46,842 - ERROR - AKLI: No timezone found, symbol may be delisted
2025-01-19 15:09:46,842 - INFO - Processing AKLI - 2025-01-19 14:57:00 UTC
2025-01-19 15:09:46,921 - INFO - AKRO: 1wk change of -9.07%
2025-01-19 15:09:47,013 - INFO - AKRO: 1mo change of -13.32%
2025-01-19 15:09:47,013 - INFO - Processing AKRO - 2024-11-26 15:00:00 UTC
2025-01-19 15:09:47,294 - INFO - Retrieved article length: 6407 characters
2025-01-19 15:09:47,386 - INFO - Retrieved article length: 10174 characters
2025-01-19 15:09:47,396 - INFO - AKTS: 1h change of -21.02%
2025-01-19 15:09:47,401 - INFO - AKTS: 1wk change of -94.10%
2025-01-19 15:09:47,430 - INFO - Retrieved article length: 4807 characters
2025-01-19 15:09:47,431 - ERROR - AKLI: No timezone found, symbol may be delisted
2025-01-19 15:09:47,431 - ERROR - AKLI: No timezone found, symbol may be delisted
2025-01-19 15:09:47,432 - ERROR - AKLI: No timezone found, symbol may be delisted
2025-01-19 15:09:47,432 - INFO - Processing AKLI - 2025-01-19 14:56:00 UTC
2025-01-19 15:09:47,452 - INFO - AKTS: 1mo change of -86.75%
2025-01-19 15:09:47,452 - INFO - Processing AKTS - 2024-12-10 13:00:00 UTC
2025-01-19 15:09:47,491 - INFO - AKR: 1wk change of 1.03%
2025-01-19 15:09:47,602 - INFO - AKR: 1mo change of 9.57%
2025-01-19 15:09:47,603 - INFO - Processing AKR - 2024-10-30 10:29:57 UTC
2025-01-19 15:09:47,780 - INFO - Retrieved article length: 2018 characters
2025-01-19 15:09:47,870 - INFO - AKRO: 1h change of -1.66%
2025-01-19 15:09:48,039 - INFO - AKRO: 1mo change of -5.51%
2025-01-19 15:09:48,040 - INFO - Processing AKRO - 2024-11-18 16:20:56 UTC
2025-01-19 15:09:48,082 - INFO - Retrieved article length: 6335 characters
2025-01-19 15:09:48,083 - ERROR - AKLI: No timezone found, symbol may be delisted
2025-01-19 15:09:48,083 - ERROR - AKLI: No timezone found, symbol may be delisted
2025-01-19 15:09:48,084 - ERROR - AKLI: No timezone found, symbol may be delisted
2025-01-19 15:09:48,084 - INFO - Processing AKLI - 2025-01-19 14:54:53 UTC
2025-01-19 15:09:48,271 - INFO - Retrieved article length: 9235 characters
2025-01-19 15:09:48,323 - INFO - Retrieved article length: 551 characters
2025-01-19 15:09:48,357 - INFO - AKTS: 1h change of -14.09%
2025-01-19 15:09:48,438 - INFO - AKTS: 1wk change of -94.09%
2025-01-19 15:09:48,525 - INFO - AKTS: 1mo change of -89.53%
2025-01-19 15:09:48,525 - INFO - Processing AKTS - 2024-12-09 18:58:00 UTC
2025-01-19 15:09:48,548 - INFO - AKR: 1wk change of 3.35%
2025-01-19 15:09:48,698 - INFO - AKR: 1mo change of 10.27%
2025-01-19 15:09:48,699 - INFO - Processing AKR - 2024-10-29 16:40:14 UTC
2025-01-19 15:09:48,856 - INFO - Retrieved article length: 4436 characters
2025-01-19 15:09:48,857 - ERROR - AKLI: No timezone found, symbol may be delisted
2025-01-19 15:09:48,857 - ERROR - AKLI: No timezone found, symbol may be delisted
2025-01-19 15:09:48,858 - ERROR - AKLI: No timezone found, symbol may be delisted
2025-01-19 15:09:48,863 - INFO - Retrieved article length: 472 characters
2025-01-19 15:09:48,954 - INFO - AKRO: 1h change of 7.00%
2025-01-19 15:09:49,004 - INFO - Processing AKTX - 2024-12-18 19:15:05 UTC
2025-01-19 15:09:49,038 - INFO - AKRO: 1wk change of -6.62%
2025-01-19 15:09:49,121 - INFO - AKRO: 1mo change of -2.23%
2025-01-19 15:09:49,121 - INFO - Processing AKRO - 2024-11-15 19:00:00 UTC
2025-01-19 15:09:49,314 - INFO - Retrieved article length: 7452 characters
2025-01-19 15:09:49,399 - INFO - AKTS: 1h change of -4.43%
2025-01-19 15:09:49,429 - INFO - Retrieved article length: 3146 characters
2025-01-19 15:09:49,485 - INFO - AKTS: 1wk change of -93.57%
2025-01-19 15:09:49,572 - INFO - AKTS: 1mo change of -88.59%
2025-01-19 15:09:49,572 - INFO - Processing AKTS - 2024-11-25 16:10:35 UTC
2025-01-19 15:09:49,639 - INFO - AKR: 1wk change of 3.76%
2025-01-19 15:09:49,754 - INFO - AKR: 1mo change of 11.24%
2025-01-19 15:09:49,754 - INFO - Processing AKR - 2024-10-29 16:00:00 UTC
2025-01-19 15:09:49,765 - INFO - Retrieved article length: 490 characters
2025-01-19 15:09:49,833 - INFO - Retrieved article length: 11310 characters
2025-01-19 15:09:49,850 - INFO - AKTX: 1h change of 3.08%
2025-01-19 15:09:49,919 - INFO - AKRO: 1h change of -12.89%
2025-01-19 15:09:49,935 - INFO - AKTX: 1wk change of -17.26%
2025-01-19 15:09:50,015 - INFO - AKTX: 1mo change of -46.92%
2025-01-19 15:09:50,015 - INFO - Processing AKTX - 2024-12-18 16:51:00 UTC
2025-01-19 15:09:50,085 - INFO - AKRO: 1mo change of -4.15%
2025-01-19 15:09:50,085 - INFO - Processing AKRO - 2024-11-14 00:05:00 UTC
2025-01-19 15:09:50,370 - INFO - Retrieved article length: 504 characters
2025-01-19 15:09:50,467 - INFO - AKTS: 1h change of 12.03%
2025-01-19 15:09:50,557 - INFO - AKTS: 1wk change of 53.70%
2025-01-19 15:09:50,650 - INFO - AKTS: 1mo change of -90.49%
2025-01-19 15:09:50,651 - INFO - Processing AKTS - 2024-11-15 13:30:21 UTC
2025-01-19 15:09:50,680 - INFO - Retrieved article length: 4168 characters
2025-01-19 15:09:50,694 - INFO - AKR: 1wk change of 3.76%
2025-01-19 15:09:50,701 - INFO - AKR: 1mo change of 11.24%
2025-01-19 15:09:50,852 - INFO - Retrieved article length: 11293 characters
2025-01-19 15:09:50,854 - INFO - Processing AL - 2025-01-15 11:55:00 UTC
2025-01-19 15:09:50,861 - INFO - AKTX: 1h change of 3.08%
2025-01-19 15:09:50,866 - INFO - AKTX: 1wk change of -17.26%
2025-01-19 15:09:50,917 - INFO - AKTX: 1mo change of -46.92%
2025-01-19 15:09:50,917 - INFO - Processing AKTX - 2024-12-16 17:05:00 UTC
2025-01-19 15:09:51,020 - INFO - Retrieved article length: 1991 characters
2025-01-19 15:09:51,116 - INFO - AKRO: 1h change of -15.17%
2025-01-19 15:09:51,203 - INFO - AKRO: 1wk change of 2.12%
2025-01-19 15:09:51,287 - INFO - AKRO: 1mo change of -1.27%
2025-01-19 15:09:51,416 - INFO - Processing ALAB - 2025-01-17 22:18:31 UTC
2025-01-19 15:09:51,501 - INFO - Retrieved article length: 791 characters
2025-01-19 15:09:51,507 - INFO - Retrieved article length: 9848 characters
2025-01-19 15:09:51,544 - INFO - Retrieved article length: 8322 characters
2025-01-19 15:09:51,585 - INFO - AKTS: 1h change of 36.13%
2025-01-19 15:09:51,596 - INFO - AL: 1h change of 2.60%
2025-01-19 15:09:51,627 - INFO - AKTX: 1h change of 3.08%
2025-01-19 15:09:51,672 - INFO - AKTS: 1wk change of 69.93%
2025-01-19 15:09:51,698 - INFO - AL: 1wk change of -1.73%
2025-01-19 15:09:51,707 - INFO - AKTX: 1wk change of -24.03%
2025-01-19 15:09:51,754 - INFO - AKTS: 1mo change of -92.12%
2025-01-19 15:09:51,792 - INFO - AL: 1mo change of -6.38%
2025-01-19 15:09:51,793 - INFO - Processing AL - 2025-01-14 23:06:00 UTC
2025-01-19 15:09:51,797 - INFO - AKTX: 1mo change of -48.30%
2025-01-19 15:09:51,797 - INFO - Processing AKTX - 2024-11-19 16:00:00 UTC
2025-01-19 15:09:51,909 - INFO - Processing ALAR - 2024-11-27 15:00:47 UTC
2025-01-19 15:09:52,104 - INFO - Retrieved article length: 162 characters
2025-01-19 15:09:52,198 - INFO - ALAB: 1h change of -1.61%
2025-01-19 15:09:52,369 - INFO - Processing ALAB - 2025-01-15 18:29:13 UTC
2025-01-19 15:09:52,506 - INFO - Retrieved article length: 8069 characters
2025-01-19 15:09:52,527 - INFO - Retrieved article length: 7222 characters
2025-01-19 15:09:52,590 - INFO - AL: 1h change of 4.91%
2025-01-19 15:09:52,609 - INFO - AKTX: 1h change of -35.96%
2025-01-19 15:09:52,632 - INFO - Retrieved article length: 1478 characters
2025-01-19 15:09:52,694 - INFO - AKTX: 1wk change of -51.30%
2025-01-19 15:09:52,699 - INFO - AL: 1wk change of -1.73%
2025-01-19 15:09:52,717 - INFO - ALAR: 1h change of -3.67%
2025-01-19 15:09:52,779 - INFO - AKTX: 1mo change of -62.76%
2025-01-19 15:09:52,779 - INFO - Processing AKTX - 2024-11-15 16:39:15 UTC
2025-01-19 15:09:52,794 - INFO - AL: 1mo change of -6.47%
2025-01-19 15:09:52,794 - INFO - Processing AL - 2025-01-13 14:24:58 UTC
2025-01-19 15:09:52,798 - INFO - ALAR: 1wk change of -9.58%
2025-01-19 15:09:52,883 - INFO - ALAR: 1mo change of -32.33%
2025-01-19 15:09:52,883 - INFO - Processing ALAR - 2024-11-26 10:00:27 UTC
2025-01-19 15:09:53,078 - INFO - Retrieved article length: 6441 characters
2025-01-19 15:09:53,170 - INFO - ALAB: 1h change of 4.18%
2025-01-19 15:09:53,252 - INFO - ALAB: 1wk change of -7.20%
2025-01-19 15:09:53,338 - INFO - ALAB: 1mo change of 8.71%
2025-01-19 15:09:53,338 - INFO - Processing ALAB - 2025-01-10 02:30:00 UTC
2025-01-19 15:09:53,521 - INFO - Retrieved article length: 4489 characters
2025-01-19 15:09:53,531 - INFO - Retrieved article length: 918 characters
2025-01-19 15:09:53,604 - INFO - AKTX: 1h change of -11.49%
2025-01-19 15:09:53,638 - INFO - AL: 1h change of 2.82%
2025-01-19 15:09:53,639 - INFO - Retrieved article length: 3773 characters
2025-01-19 15:09:53,688 - INFO - AKTX: 1wk change of -46.50%
2025-01-19 15:09:53,725 - INFO - ALAR: 1h change of -3.67%
2025-01-19 15:09:53,730 - INFO - AL: 1wk change of -2.34%
2025-01-19 15:09:53,769 - INFO - AKTX: 1mo change of -62.96%
2025-01-19 15:09:53,769 - INFO - Processing AKTX - 2024-11-15 00:15:00 UTC
2025-01-19 15:09:53,804 - INFO - ALAR: 1wk change of -9.44%
2025-01-19 15:09:53,838 - INFO - AL: 1mo change of -6.68%
2025-01-19 15:09:53,838 - INFO - Processing AL - 2025-01-09 16:29:00 UTC
2025-01-19 15:09:53,888 - INFO - ALAR: 1mo change of -38.93%
2025-01-19 15:09:53,888 - INFO - Processing ALAR - 2024-11-25 15:30:00 UTC
2025-01-19 15:09:54,090 - INFO - Retrieved article length: 1897 characters
2025-01-19 15:09:54,348 - INFO - ALAB: 1mo change of 10.71%
2025-01-19 15:09:54,348 - INFO - Processing ALAB - 2025-01-07 16:00:42 UTC
2025-01-19 15:09:54,561 - INFO - Retrieved article length: 10764 characters
2025-01-19 15:09:54,568 - INFO - AKTX: 1h change of -11.49%
2025-01-19 15:09:54,576 - INFO - AKTX: 1wk change of -46.50%
2025-01-19 15:09:54,582 - INFO - AKTX: 1mo change of -62.96%
2025-01-19 15:09:54,582 - INFO - Processing AKTX - 2024-11-08 16:00:00 UTC
2025-01-19 15:09:54,619 - INFO - Retrieved article length: 2945 characters
2025-01-19 15:09:54,707 - INFO - AL: 1h change of -5.36%
2025-01-19 15:09:54,799 - INFO - AL: 1wk change of -2.87%
2025-01-19 15:09:54,898 - INFO - AL: 1mo change of -7.38%
2025-01-19 15:09:54,898 - INFO - Processing AL - 2025-01-09 12:05:50 UTC
2025-01-19 15:09:54,960 - INFO - Retrieved article length: 20702 characters
2025-01-19 15:09:55,109 - INFO - Retrieved article length: 156 characters
2025-01-19 15:09:55,129 - INFO - ALAR: 1wk change of -9.18%
2025-01-19 15:09:55,196 - INFO - ALAB: 1h change of -10.82%
2025-01-19 15:09:55,209 - INFO - ALAR: 1mo change of -37.87%
2025-01-19 15:09:55,209 - INFO - Processing ALAR - 2024-11-11 16:00:00 UTC
2025-01-19 15:09:55,278 - INFO - ALAB: 1wk change of -6.25%
2025-01-19 15:09:55,363 - INFO - ALAB: 1mo change of 14.41%
2025-01-19 15:09:55,363 - INFO - Processing ALAB - 2025-01-03 14:55:13 UTC
2025-01-19 15:09:55,414 - INFO - Retrieved article length: 15222 characters
2025-01-19 15:09:55,585 - INFO - AKTX: 1wk change of -16.80%
2025-01-19 15:09:55,665 - INFO - AKTX: 1mo change of -68.40%
2025-01-19 15:09:55,692 - INFO - Retrieved article length: 5986 characters
2025-01-19 15:09:55,700 - INFO - AL: 1h change of -5.36%
2025-01-19 15:09:55,706 - INFO - AL: 1wk change of -2.87%
2025-01-19 15:09:55,760 - INFO - AL: 1mo change of -7.38%
2025-01-19 15:09:55,760 - INFO - Processing AL - 2025-01-08 15:20:23 UTC
2025-01-19 15:09:55,799 - INFO - Processing ALB - 2025-01-14 17:00:15 UTC
2025-01-19 15:09:55,934 - INFO - Retrieved article length: 3955 characters
2025-01-19 15:09:56,027 - INFO - ALAR: 1h change of 11.45%
2025-01-19 15:09:56,076 - INFO - Retrieved article length: 1453 characters
2025-01-19 15:09:56,110 - INFO - ALAR: 1wk change of 1.46%
2025-01-19 15:09:56,162 - INFO - ALAB: 1h change of 6.52%
2025-01-19 15:09:56,201 - INFO - ALAR: 1mo change of 25.08%
2025-01-19 15:09:56,201 - INFO - Processing ALAR - 2024-11-04 16:00:00 UTC
2025-01-19 15:09:56,248 - INFO - ALAB: 1wk change of -8.40%
2025-01-19 15:09:56,332 - INFO - ALAB: 1mo change of 29.10%
2025-01-19 15:09:56,332 - INFO - Processing ALAB - 2025-01-01 02:52:59 UTC
2025-01-19 15:09:56,396 - INFO - Retrieved article length: 5923 characters
2025-01-19 15:09:56,470 - INFO - Retrieved article length: 493 characters
2025-01-19 15:09:56,477 - INFO - ALB: 1h change of 10.30%
2025-01-19 15:09:56,560 - INFO - AL: 1h change of -1.87%
2025-01-19 15:09:56,590 - INFO - ALB: 1wk change of 8.09%
2025-01-19 15:09:56,660 - INFO - AL: 1wk change of -2.87%
2025-01-19 15:09:56,716 - INFO - ALB: 1mo change of -5.87%
2025-01-19 15:09:56,716 - INFO - Processing ALB - 2025-01-10 00:15:00 UTC
2025-01-19 15:09:56,761 - INFO - AL: 1mo change of -8.77%
2025-01-19 15:09:56,762 - INFO - Processing AL - 2025-01-08 14:33:00 UTC
2025-01-19 15:09:56,877 - INFO - Retrieved article length: 6241 characters
2025-01-19 15:09:56,966 - INFO - ALAR: 1h change of 6.51%
2025-01-19 15:09:57,048 - INFO - ALAR: 1wk change of -9.42%
2025-01-19 15:09:57,132 - INFO - ALAR: 1mo change of 16.17%
2025-01-19 15:09:57,183 - INFO - Retrieved article length: 171 characters
2025-01-19 15:09:57,237 - INFO - Processing ALBT - 2024-12-26 22:14:39 UTC
2025-01-19 15:09:57,424 - INFO - ALAB: 1wk change of -4.33%
2025-01-19 15:09:57,539 - INFO - ALAB: 1mo change of 33.84%
2025-01-19 15:09:57,540 - INFO - Processing ALAB - 2024-12-27 22:03:07 UTC
2025-01-19 15:09:57,564 - INFO - Retrieved article length: 2964 characters
2025-01-19 15:09:57,564 - INFO - Retrieved article length: 2715 characters
2025-01-19 15:09:57,572 - INFO - AL: 1h change of -1.87%
2025-01-19 15:09:57,578 - INFO - AL: 1wk change of -2.87%
2025-01-19 15:09:57,629 - INFO - AL: 1mo change of -8.77%
2025-01-19 15:09:57,629 - INFO - Processing AL - 2025-01-07 12:05:39 UTC
2025-01-19 15:09:57,651 - INFO - ALB: 1h change of -2.00%
2025-01-19 15:09:57,799 - INFO - ALB: 1wk change of 13.26%
2025-01-19 15:09:57,927 - INFO - Retrieved article length: 543 characters
2025-01-19 15:09:57,930 - INFO - ALB: 1mo change of -6.75%
2025-01-19 15:09:57,930 - INFO - Processing ALB - 2025-01-08 15:56:35 UTC
2025-01-19 15:09:58,020 - INFO - ALBT: 1h change of -18.72%
2025-01-19 15:09:58,106 - INFO - ALBT: 1wk change of -5.18%
2025-01-19 15:09:58,193 - INFO - ALBT: 1mo change of 38.11%
2025-01-19 15:09:58,193 - INFO - Processing ALBT - 2024-11-21 17:00:00 UTC
2025-01-19 15:09:58,236 - INFO - Retrieved article length: 166 characters
2025-01-19 15:09:58,323 - INFO - ALAB: 1h change of -1.81%
2025-01-19 15:09:58,375 - INFO - Retrieved article length: 5555 characters
2025-01-19 15:09:58,405 - INFO - ALAB: 1wk change of 10.15%
2025-01-19 15:09:58,461 - INFO - AL: 1h change of -1.87%
2025-01-19 15:09:58,487 - INFO - ALAB: 1mo change of 30.33%
2025-01-19 15:09:58,488 - INFO - Processing ALAB - 2024-12-27 16:08:30 UTC
2025-01-19 15:09:58,565 - INFO - AL: 1wk change of -4.16%
2025-01-19 15:09:58,670 - INFO - AL: 1mo change of -7.07%
2025-01-19 15:09:58,775 - INFO - Retrieved article length: 1803 characters
2025-01-19 15:09:58,811 - INFO - Processing ALCE - 2025-01-16 16:30:00 UTC
2025-01-19 15:09:58,859 - INFO - ALB: 1h change of -5.75%
2025-01-19 15:09:58,922 - INFO - Retrieved article length: 4273 characters
2025-01-19 15:09:58,991 - INFO - ALB: 1wk change of 13.18%
2025-01-19 15:09:59,005 - INFO - ALBT: 1h change of -8.09%
2025-01-19 15:09:59,093 - INFO - ALBT: 1wk change of -18.13%
2025-01-19 15:09:59,108 - INFO - ALB: 1mo change of -4.62%
2025-01-19 15:09:59,109 - INFO - Processing ALB - 2024-12-31 17:00:13 UTC
2025-01-19 15:09:59,179 - INFO - ALBT: 1mo change of 55.30%
2025-01-19 15:09:59,179 - INFO - Processing ALBT - 2024-11-18 17:00:00 UTC
2025-01-19 15:09:59,384 - INFO - Retrieved article length: 164 characters
2025-01-19 15:09:59,392 - INFO - ALAB: 1h change of -1.81%
2025-01-19 15:09:59,398 - INFO - ALAB: 1wk change of 10.15%
2025-01-19 15:09:59,452 - INFO - ALAB: 1mo change of 30.33%
2025-01-19 15:09:59,543 - INFO - Retrieved article length: 3909 characters
2025-01-19 15:09:59,639 - INFO - ALCE: 1h change of -2.62%
2025-01-19 15:09:59,803 - INFO - ALCE: 1wk change of -24.82%
2025-01-19 15:09:59,896 - INFO - Processing ALDX - 2025-01-01 03:09:16 UTC
2025-01-19 15:09:59,909 - INFO - ALCE: 1mo change of -46.77%
2025-01-19 15:09:59,909 - INFO - Processing ALCE - 2025-01-08 17:35:00 UTC
2025-01-19 15:09:59,915 - INFO - Retrieved article length: 5908 characters
2025-01-19 15:09:59,931 - INFO - Retrieved article length: 6134 characters
2025-01-19 15:10:00,101 - INFO - ALBT: 1wk change of -14.37%
2025-01-19 15:10:00,119 - INFO - ALB: 1wk change of -2.04%
2025-01-19 15:10:00,183 - INFO - ALBT: 1mo change of 6.05%
2025-01-19 15:10:00,183 - INFO - Processing ALBT - 2024-11-15 15:31:34 UTC
2025-01-19 15:10:00,232 - INFO - ALB: 1mo change of -8.35%
2025-01-19 15:10:00,233 - INFO - Processing ALB - 2024-12-23 19:13:00 UTC
2025-01-19 15:10:00,674 - INFO - Retrieved article length: 6909 characters
2025-01-19 15:10:00,768 - INFO - ALDX: 1h change of 9.19%
2025-01-19 15:10:00,849 - INFO - ALDX: 1wk change of 3.13%
2025-01-19 15:10:00,877 - INFO - Retrieved article length: 5202 characters
2025-01-19 15:10:00,927 - INFO - ALDX: 1mo change of -2.02%
2025-01-19 15:10:00,929 - INFO - Processing ALDX - 2024-12-20 21:02:51 UTC
2025-01-19 15:10:00,961 - INFO - ALCE: 1h change of -27.77%
2025-01-19 15:10:00,983 - INFO - Retrieved article length: 1563 characters
2025-01-19 15:10:00,995 - INFO - Retrieved article length: 8643 characters
2025-01-19 15:10:01,041 - INFO - ALCE: 1wk change of -42.72%
2025-01-19 15:10:01,070 - INFO - ALBT: 1h change of -1.27%
2025-01-19 15:10:01,131 - INFO - ALCE: 1mo change of -50.28%
2025-01-19 15:10:01,131 - INFO - Processing ALCE - 2024-12-12 19:00:00 UTC
2025-01-19 15:10:01,151 - INFO - ALBT: 1wk change of -30.83%
2025-01-19 15:10:01,193 - INFO - ALB: 1wk change of -13.38%
2025-01-19 15:10:01,235 - INFO - ALBT: 1mo change of 20.62%
2025-01-19 15:10:01,235 - INFO - Processing ALBT - 2024-11-05 15:46:42 UTC
2025-01-19 15:10:01,306 - INFO - ALB: 1mo change of -5.92%
2025-01-19 15:10:01,307 - INFO - Processing ALB - 2024-12-20 16:00:00 UTC
2025-01-19 15:10:01,548 - INFO - Retrieved article length: 7450 characters
2025-01-19 15:10:01,635 - INFO - ALDX: 1h change of -5.46%
2025-01-19 15:10:01,724 - INFO - ALDX: 1wk change of -6.62%
2025-01-19 15:10:01,805 - INFO - ALDX: 1mo change of 14.96%
2025-01-19 15:10:01,805 - INFO - Processing ALDX - 2024-12-09 18:05:00 UTC
2025-01-19 15:10:01,816 - INFO - Retrieved article length: 7828 characters
2025-01-19 15:10:01,901 - INFO - ALCE: 1h change of -17.09%
2025-01-19 15:10:01,949 - INFO - Retrieved article length: 403 characters
2025-01-19 15:10:01,984 - INFO - Retrieved article length: 7187 characters
2025-01-19 15:10:01,989 - INFO - ALCE: 1wk change of -28.90%
2025-01-19 15:10:02,037 - INFO - ALBT: 1h change of 37.17%
2025-01-19 15:10:02,067 - INFO - ALB: 1h change of -7.66%
2025-01-19 15:10:02,069 - INFO - ALCE: 1mo change of -74.52%
2025-01-19 15:10:02,069 - INFO - Processing ALCE - 2024-11-25 17:14:00 UTC
2025-01-19 15:10:02,125 - INFO - ALBT: 1wk change of -29.77%
2025-01-19 15:10:02,188 - INFO - ALB: 1wk change of -14.76%
2025-01-19 15:10:02,208 - INFO - ALBT: 1mo change of 33.00%
2025-01-19 15:10:02,209 - INFO - Processing ALBT - 2024-11-04 15:55:00 UTC
2025-01-19 15:10:02,308 - INFO - ALB: 1mo change of -5.46%
2025-01-19 15:10:02,308 - INFO - Processing ALB - 2024-12-16 23:24:25 UTC
2025-01-19 15:10:02,584 - INFO - Retrieved article length: 2565 characters
2025-01-19 15:10:02,613 - INFO - ALB: 1h change of -1.77%
2025-01-19 15:10:02,671 - INFO - ALDX: 1h change of 4.02%
2025-01-19 15:10:02,733 - INFO - ALB: 1wk change of -13.93%
2025-01-19 15:10:02,734 - INFO - Retrieved article length: 7675 characters
2025-01-19 15:10:02,822 - INFO - ALCE: 1h change of 5.69%
2025-01-19 15:10:02,831 - INFO - ALDX: 1mo change of -4.63%
2025-01-19 15:10:02,832 - INFO - Processing ALDX - 2024-12-02 15:00:00 UTC
2025-01-19 15:10:02,882 - INFO - ALB: 1mo change of -11.42%
2025-01-19 15:10:02,882 - INFO - Processing ALB - 2024-12-07 11:19:49 UTC
2025-01-19 15:10:02,906 - INFO - ALCE: 1wk change of -39.43%
2025-01-19 15:10:02,984 - INFO - Retrieved article length: 394 characters
2025-01-19 15:10:02,989 - INFO - ALCE: 1mo change of -65.59%
2025-01-19 15:10:02,989 - INFO - Processing ALCE - 2024-11-12 18:00:00 UTC
2025-01-19 15:10:03,070 - INFO - ALBT: 1h change of 59.29%
2025-01-19 15:10:03,159 - INFO - ALBT: 1wk change of -9.57%
2025-01-19 15:10:03,245 - INFO - ALBT: 1mo change of 32.05%
2025-01-19 15:10:03,245 - INFO - Processing ALBT - 2024-10-31 16:00:00 UTC
2025-01-19 15:10:03,567 - INFO - Retrieved article length: 2168 characters
2025-01-19 15:10:03,651 - INFO - ALDX: 1h change of -3.07%
2025-01-19 15:10:03,652 - INFO - Retrieved article length: 7348 characters
2025-01-19 15:10:03,679 - INFO - Retrieved article length: 4662 characters
2025-01-19 15:10:03,733 - INFO - ALDX: 1wk change of 10.72%
2025-01-19 15:10:03,735 - INFO - ALB: 1h change of 3.07%
2025-01-19 15:10:03,769 - INFO - ALCE: 1h change of -11.79%
2025-01-19 15:10:03,818 - INFO - ALDX: 1mo change of -3.02%
2025-01-19 15:10:03,818 - INFO - Processing ALDX - 2024-11-20 16:06:09 UTC
2025-01-19 15:10:03,849 - INFO - ALCE: 1wk change of -40.17%
2025-01-19 15:10:03,854 - INFO - ALB: 1wk change of -7.45%
2025-01-19 15:10:03,936 - INFO - ALCE: 1mo change of -78.56%
2025-01-19 15:10:03,936 - INFO - Processing ALCE - 2024-10-23 15:30:00 UTC
2025-01-19 15:10:03,970 - INFO - ALB: 1mo change of -13.62%
2025-01-19 15:10:04,042 - INFO - Retrieved article length: 6676 characters
2025-01-19 15:10:04,136 - INFO - ALBT: 1h change of -18.19%
2025-01-19 15:10:04,143 - INFO - Processing ALEC - 2025-01-13 16:00:00 UTC
2025-01-19 15:10:04,223 - INFO - ALBT: 1wk change of 9.00%
2025-01-19 15:10:04,309 - INFO - ALBT: 1mo change of -22.68%
2025-01-19 15:10:04,309 - INFO - Processing ALBT - 2024-10-25 22:50:16 UTC
2025-01-19 15:10:04,616 - INFO - Retrieved article length: 7122 characters
2025-01-19 15:10:04,662 - INFO - Retrieved article length: 4248 characters
2025-01-19 15:10:04,754 - INFO - ALCE: 1h change of -2.27%
2025-01-19 15:10:04,785 - INFO - ALDX: 1wk change of -10.75%
2025-01-19 15:10:04,868 - INFO - ALDX: 1mo change of -14.48%
2025-01-19 15:10:04,868 - INFO - Processing ALDX - 2024-11-19 18:00:00 UTC
2025-01-19 15:10:04,911 - INFO - Retrieved article length: 11110 characters
2025-01-19 15:10:04,917 - INFO - ALCE: 1mo change of -71.27%
2025-01-19 15:10:05,000 - INFO - ALEC: 1h change of -4.54%
2025-01-19 15:10:05,028 - INFO - Processing ALGM - 2025-01-11 16:48:03 UTC
2025-01-19 15:10:05,045 - INFO - Retrieved article length: 479 characters
2025-01-19 15:10:05,082 - INFO - ALEC: 1wk change of -16.99%
2025-01-19 15:10:05,129 - INFO - ALBT: 1h change of 2.50%
2025-01-19 15:10:05,164 - INFO - ALEC: 1mo change of -25.97%
2025-01-19 15:10:05,164 - INFO - Processing ALEC - 2024-12-17 14:46:11 UTC
2025-01-19 15:10:05,208 - INFO - ALBT: 1wk change of -9.68%
2025-01-19 15:10:05,297 - INFO - ALBT: 1mo change of -8.94%
2025-01-19 15:10:05,416 - INFO - Processing ALGN - 2025-01-16 19:41:00 UTC
2025-01-19 15:10:05,728 - INFO - ALDX: 1wk change of -10.02%
2025-01-19 15:10:05,823 - INFO - ALDX: 1mo change of -10.63%
2025-01-19 15:10:05,823 - INFO - Processing ALDX - 2024-11-18 16:01:03 UTC
2025-01-19 15:10:05,921 - INFO - ALEC: 1h change of -8.25%
2025-01-19 15:10:06,008 - INFO - ALEC: 1wk change of -21.21%
2025-01-19 15:10:06,102 - INFO - ALEC: 1mo change of -69.19%
2025-01-19 15:10:06,102 - INFO - Processing ALEC - 2024-12-16 15:38:18 UTC
2025-01-19 15:10:06,208 - INFO - ALGN: 1h change of 5.62%
2025-01-19 15:10:06,250 - INFO - Retrieved article length: 1443 characters
2025-01-19 15:10:06,290 - INFO - ALGN: 1wk change of 2.44%
2025-01-19 15:10:06,378 - INFO - ALGN: 1mo change of -4.87%
2025-01-19 15:10:06,379 - INFO - Processing ALGN - 2025-01-16 16:30:00 UTC
2025-01-19 15:10:06,426 - INFO - ALGM: 1wk change of 8.90%
2025-01-19 15:10:06,515 - INFO - ALGM: 1mo change of 16.29%
2025-01-19 15:10:06,515 - INFO - Processing ALGM - 2025-01-10 12:05:10 UTC
2025-01-19 15:10:06,603 - INFO - ALDX: 1h change of 3.45%
2025-01-19 15:10:06,696 - INFO - ALDX: 1wk change of -10.51%
2025-01-19 15:10:06,786 - INFO - ALDX: 1mo change of -10.29%
2025-01-19 15:10:06,786 - INFO - Processing ALDX - 2024-11-18 15:00:00 UTC
2025-01-19 15:10:06,946 - INFO - ALEC: 1h change of -3.09%
2025-01-19 15:10:07,039 - INFO - ALEC: 1wk change of -14.35%
2025-01-19 15:10:07,127 - INFO - ALEC: 1mo change of -71.78%
2025-01-19 15:10:07,128 - INFO - Processing ALEC - 2024-12-04 15:24:11 UTC
2025-01-19 15:10:07,508 - INFO - ALDX: 1h change of 3.45%
2025-01-19 15:10:07,514 - INFO - ALDX: 1wk change of -10.51%
2025-01-19 15:10:07,519 - INFO - ALDX: 1mo change of -10.29%
2025-01-19 15:10:07,591 - INFO - Retrieved article length: 4477 characters
2025-01-19 15:10:07,599 - INFO - ALGN: 1h change of 5.62%
2025-01-19 15:10:07,650 - INFO - ALGN: 1wk change of 2.44%
2025-01-19 15:10:07,666 - INFO - Processing ALGS - 2025-01-14 00:32:51 UTC
2025-01-19 15:10:07,701 - INFO - ALGN: 1mo change of -4.87%
2025-01-19 15:10:07,701 - INFO - Processing ALGN - 2025-01-14 23:30:01 UTC
2025-01-19 15:10:07,702 - INFO - Retrieved article length: 6316 characters
2025-01-19 15:10:07,882 - INFO - ALGM: 1wk change of 13.63%
2025-01-19 15:10:07,930 - INFO - ALEC: 1h change of -14.06%
2025-01-19 15:10:07,966 - INFO - ALGM: 1mo change of 17.11%
2025-01-19 15:10:07,966 - INFO - Processing ALGM - 2025-01-09 16:00:00 UTC
2025-01-19 15:10:08,014 - INFO - ALEC: 1wk change of -50.25%
2025-01-19 15:10:08,102 - INFO - ALEC: 1mo change of -61.18%
2025-01-19 15:10:08,103 - INFO - Processing ALEC - 2024-11-27 17:42:00 UTC
2025-01-19 15:10:08,519 - INFO - ALEC: 1h change of -37.39%
2025-01-19 15:10:08,604 - INFO - ALEC: 1wk change of -42.55%
2025-01-19 15:10:08,686 - INFO - ALEC: 1mo change of -59.53%
2025-01-19 15:10:08,686 - INFO - Processing ALEC - 2024-11-27 14:50:53 UTC
2025-01-19 15:10:08,883 - INFO - Retrieved article length: 2756 characters
2025-01-19 15:10:08,898 - INFO - Retrieved article length: 8046 characters
2025-01-19 15:10:08,975 - INFO - ALGS: 1h change of -4.49%
2025-01-19 15:10:08,980 - INFO - ALGN: 1h change of 3.54%
2025-01-19 15:10:09,062 - INFO - ALGS: 1wk change of -24.95%
2025-01-19 15:10:09,063 - INFO - ALGN: 1wk change of 2.44%
2025-01-19 15:10:09,142 - INFO - ALGN: 1mo change of -5.45%
2025-01-19 15:10:09,143 - INFO - Processing ALGN - 2025-01-10 16:17:00 UTC
2025-01-19 15:10:09,146 - INFO - ALGS: 1mo change of 11.10%
2025-01-19 15:10:09,146 - INFO - Processing ALGS - 2024-12-21 16:43:09 UTC
2025-01-19 15:10:09,148 - INFO - Retrieved article length: 2099 characters
2025-01-19 15:10:09,236 - INFO - ALGM: 1h change of -9.85%
2025-01-19 15:10:09,320 - INFO - ALGM: 1wk change of 15.11%
2025-01-19 15:10:09,392 - INFO - ALEC: 1h change of -37.39%
2025-01-19 15:10:09,398 - INFO - ALEC: 1wk change of -42.55%
2025-01-19 15:10:09,401 - INFO - ALGM: 1mo change of 19.25%
2025-01-19 15:10:09,401 - INFO - Processing ALGM - 2025-01-09 12:00:58 UTC
2025-01-19 15:10:09,403 - INFO - ALEC: 1mo change of -59.53%
2025-01-19 15:10:09,403 - INFO - Processing ALEC - 2024-11-26 17:00:51 UTC
2025-01-19 15:10:10,188 - INFO - ALEC: 1h change of -37.39%
2025-01-19 15:10:10,274 - INFO - ALEC: 1wk change of -41.49%
2025-01-19 15:10:10,313 - INFO - Retrieved article length: 6634 characters
2025-01-19 15:10:10,333 - INFO - Retrieved article length: 7178 characters
2025-01-19 15:10:10,357 - INFO - ALEC: 1mo change of -63.40%
2025-01-19 15:10:10,358 - INFO - Processing ALEC - 2024-11-26 11:44:00 UTC
2025-01-19 15:10:10,400 - INFO - ALGS: 1h change of 7.15%
2025-01-19 15:10:10,485 - INFO - ALGS: 1wk change of 17.20%
2025-01-19 15:10:10,510 - INFO - ALGN: 1wk change of 7.54%
2025-01-19 15:10:10,571 - INFO - ALGS: 1mo change of 70.18%
2025-01-19 15:10:10,571 - INFO - Processing ALGS - 2024-12-13 16:00:00 UTC
2025-01-19 15:10:10,594 - INFO - ALGN: 1mo change of -3.49%
2025-01-19 15:10:10,594 - INFO - Processing ALGN - 2025-01-09 17:00:00 UTC
2025-01-19 15:10:10,600 - INFO - Retrieved article length: 6479 characters
2025-01-19 15:10:10,609 - INFO - ALGM: 1h change of -9.85%
2025-01-19 15:10:10,614 - INFO - ALGM: 1wk change of 15.11%
2025-01-19 15:10:10,665 - INFO - ALGM: 1mo change of 19.25%
2025-01-19 15:10:10,666 - INFO - Processing ALGM - 2025-01-08 16:00:00 UTC
2025-01-19 15:10:11,038 - INFO - ALEC: 1h change of -37.39%
2025-01-19 15:10:11,043 - INFO - ALEC: 1wk change of -41.49%
2025-01-19 15:10:11,049 - INFO - ALEC: 1mo change of -63.40%
2025-01-19 15:10:11,208 - INFO - Processing ALHC - 2025-01-18 00:58:56 UTC
2025-01-19 15:10:11,345 - INFO - ALGS: 1h change of 2.51%
2025-01-19 15:10:11,430 - INFO - ALGS: 1wk change of 48.93%
2025-01-19 15:10:11,458 - INFO - ALGM: 1h change of -3.58%
2025-01-19 15:10:11,516 - INFO - ALGS: 1mo change of 210.21%
2025-01-19 15:10:11,516 - INFO - Processing ALGS - 2024-11-26 16:00:00 UTC
2025-01-19 15:10:11,552 - INFO - ALGM: 1wk change of 15.11%
2025-01-19 15:10:11,682 - INFO - ALGM: 1mo change of 16.89%
2025-01-19 15:10:11,682 - INFO - Processing ALGM - 2025-01-07 15:29:44 UTC
2025-01-19 15:10:11,766 - INFO - Retrieved article length: 5589 characters
2025-01-19 15:10:11,859 - INFO - ALGN: 1h change of -4.70%
2025-01-19 15:10:11,965 - INFO - ALGN: 1wk change of 8.54%
2025-01-19 15:10:12,062 - INFO - ALGN: 1mo change of -1.57%
2025-01-19 15:10:12,063 - INFO - Processing ALGN - 2025-01-06 22:12:57 UTC
2025-01-19 15:10:12,308 - INFO - ALGS: 1h change of 11.83%
2025-01-19 15:10:12,388 - INFO - ALGS: 1wk change of 39.02%
2025-01-19 15:10:12,443 - INFO - Retrieved article length: 527 characters
2025-01-19 15:10:12,454 - INFO - ALGM: 1h change of -3.58%
2025-01-19 15:10:12,469 - INFO - ALGS: 1mo change of 451.36%
2025-01-19 15:10:12,469 - INFO - Processing ALGS - 2024-11-19 21:30:00 UTC
2025-01-19 15:10:12,532 - INFO - ALGM: 1wk change of 9.87%
2025-01-19 15:10:12,534 - INFO - ALHC: 1h change of 6.35%
2025-01-19 15:10:12,620 - INFO - ALGM: 1mo change of 13.53%
2025-01-19 15:10:12,620 - INFO - Processing ALGM - 2025-01-03 00:05:00 UTC
2025-01-19 15:10:12,625 - INFO - ALHC: 1wk change of 21.91%
2025-01-19 15:10:12,708 - INFO - ALHC: 1mo change of 30.06%
2025-01-19 15:10:12,709 - INFO - Processing ALHC - 2025-01-15 13:27:53 UTC
2025-01-19 15:10:12,931 - INFO - ALGN: 1wk change of 2.06%
2025-01-19 15:10:13,012 - INFO - ALGN: 1mo change of -4.23%
2025-01-19 15:10:13,012 - INFO - Processing ALGN - 2025-01-06 14:24:03 UTC
2025-01-19 15:10:13,239 - INFO - ALGS: 1h change of -3.35%
2025-01-19 15:10:13,358 - INFO - ALGS: 1wk change of 64.33%
2025-01-19 15:10:13,442 - INFO - ALGS: 1mo change of 434.39%
2025-01-19 15:10:13,442 - INFO - Processing ALGS - 2024-11-10 15:51:41 UTC
2025-01-19 15:10:13,484 - INFO - ALHC: 1h change of 15.04%
2025-01-19 15:10:13,568 - INFO - ALHC: 1wk change of 28.80%
2025-01-19 15:10:13,660 - INFO - ALHC: 1mo change of 24.30%
2025-01-19 15:10:13,660 - INFO - Processing ALHC - 2025-01-14 11:15:21 UTC
2025-01-19 15:10:13,827 - INFO - Retrieved article length: 1633 characters
2025-01-19 15:10:13,919 - INFO - ALGM: 1h change of 4.33%
2025-01-19 15:10:14,004 - INFO - ALGM: 1wk change of 3.14%
2025-01-19 15:10:14,090 - INFO - ALGM: 1mo change of 14.31%
2025-01-19 15:10:14,090 - INFO - Processing ALGM - 2024-12-24 01:14:02 UTC
2025-01-19 15:10:14,235 - INFO - ALGS: 1h change of 38.79%
2025-01-19 15:10:14,242 - INFO - Retrieved article length: 4519 characters
2025-01-19 15:10:14,256 - INFO - ALGN: 1wk change of 2.06%
2025-01-19 15:10:14,315 - INFO - ALGN: 1mo change of -4.23%
2025-01-19 15:10:14,315 - INFO - Processing ALGN - 2025-01-02 19:40:09 UTC
2025-01-19 15:10:14,315 - INFO - ALGS: 1wk change of 89.16%
2025-01-19 15:10:14,399 - INFO - ALGS: 1mo change of 354.27%
2025-01-19 15:10:14,400 - INFO - Processing ALGS - 2024-11-07 02:05:07 UTC
2025-01-19 15:10:14,840 - INFO - Retrieved article length: 530 characters
2025-01-19 15:10:14,934 - INFO - ALHC: 1h change of 10.13%
2025-01-19 15:10:15,025 - INFO - ALHC: 1wk change of 28.80%
2025-01-19 15:10:15,116 - INFO - ALHC: 1mo change of 25.58%
2025-01-19 15:10:15,116 - INFO - Processing ALHC - 2025-01-13 23:17:48 UTC
2025-01-19 15:10:15,179 - INFO - ALGS: 1h change of 7.25%
2025-01-19 15:10:15,263 - INFO - ALGS: 1wk change of 116.12%
2025-01-19 15:10:15,325 - INFO - Retrieved article length: 510 characters
2025-01-19 15:10:15,345 - INFO - ALGS: 1mo change of 321.61%
2025-01-19 15:10:15,346 - INFO - Processing ALGS - 2024-11-07 00:05:00 UTC
2025-01-19 15:10:15,493 - INFO - Retrieved article length: 2777 characters
2025-01-19 15:10:15,501 - INFO - ALGM: 1wk change of 1.92%
2025-01-19 15:10:15,591 - INFO - ALGM: 1mo change of 27.45%
2025-01-19 15:10:15,666 - INFO - ALGN: 1wk change of 2.19%
2025-01-19 15:10:15,751 - INFO - Processing ALIT - 2025-01-18 20:14:17 UTC
2025-01-19 15:10:15,754 - INFO - ALGN: 1mo change of -3.67%
2025-01-19 15:10:15,872 - INFO - Processing ALK - 2025-01-17 21:14:20 UTC
2025-01-19 15:10:16,035 - INFO - ALGS: 1h change of 7.25%
2025-01-19 15:10:16,040 - INFO - ALGS: 1wk change of 116.12%
2025-01-19 15:10:16,045 - INFO - ALGS: 1mo change of 321.61%
2025-01-19 15:10:16,205 - INFO - Processing ALKT - 2025-01-16 22:34:00 UTC
2025-01-19 15:10:16,295 - INFO - Retrieved article length: 2075 characters
2025-01-19 15:10:16,390 - INFO - ALHC: 1h change of 7.05%
2025-01-19 15:10:16,472 - INFO - ALHC: 1wk change of 24.62%
2025-01-19 15:10:16,560 - INFO - ALHC: 1mo change of 27.56%
2025-01-19 15:10:16,560 - INFO - Processing ALHC - 2025-01-13 16:30:00 UTC
2025-01-19 15:10:16,995 - INFO - Retrieved article length: 7026 characters
2025-01-19 15:10:17,043 - INFO - Retrieved article length: 546 characters
2025-01-19 15:10:17,140 - INFO - ALK: 1h change of -2.40%
2025-01-19 15:10:17,171 - INFO - ALIT: 1wk change of 2.26%
2025-01-19 15:10:17,258 - INFO - ALIT: 1mo change of -4.23%
2025-01-19 15:10:17,258 - INFO - Processing ALIT - 2025-01-15 16:30:00 UTC
2025-01-19 15:10:17,259 - INFO - ALK: 1wk change of 1.25%
2025-01-19 15:10:17,294 - INFO - ALHC: 1h change of 7.05%
2025-01-19 15:10:17,347 - INFO - ALHC: 1wk change of 24.62%
2025-01-19 15:10:17,376 - INFO - ALK: 1mo change of 6.03%
2025-01-19 15:10:17,376 - INFO - Processing ALK - 2025-01-17 18:05:31 UTC
2025-01-19 15:10:17,397 - INFO - ALHC: 1mo change of 27.56%
2025-01-19 15:10:17,397 - INFO - Processing ALHC - 2025-01-07 13:18:00 UTC
2025-01-19 15:10:17,481 - INFO - Retrieved article length: 4942 characters
2025-01-19 15:10:17,577 - INFO - ALKT: 1h change of 4.38%
2025-01-19 15:10:17,660 - INFO - ALKT: 1wk change of -1.06%
2025-01-19 15:10:17,745 - INFO - ALKT: 1mo change of -11.02%
2025-01-19 15:10:17,746 - INFO - Processing ALKT - 2025-01-10 19:36:28 UTC
2025-01-19 15:10:18,430 - INFO - Retrieved article length: 4550 characters
2025-01-19 15:10:18,520 - INFO - ALIT: 1h change of 5.28%
2025-01-19 15:10:18,553 - INFO - Retrieved article length: 5005 characters
2025-01-19 15:10:18,561 - INFO - ALK: 1h change of -2.40%
2025-01-19 15:10:18,601 - INFO - ALIT: 1wk change of -1.16%
2025-01-19 15:10:18,602 - INFO - Retrieved article length: 2664 characters
2025-01-19 15:10:18,613 - INFO - ALK: 1wk change of 1.25%
2025-01-19 15:10:18,666 - INFO - ALK: 1mo change of 6.03%
2025-01-19 15:10:18,666 - INFO - Processing ALK - 2025-01-17 17:40:14 UTC
2025-01-19 15:10:18,687 - INFO - ALIT: 1mo change of -7.87%
2025-01-19 15:10:18,687 - INFO - Processing ALIT - 2025-01-11 01:09:21 UTC
2025-01-19 15:10:18,688 - INFO - ALHC: 1h change of 3.02%
2025-01-19 15:10:18,783 - INFO - ALHC: 1wk change of 30.38%
2025-01-19 15:10:18,872 - INFO - ALHC: 1mo change of 16.18%
2025-01-19 15:10:18,873 - INFO - Processing ALHC - 2024-12-30 16:00:00 UTC
2025-01-19 15:10:18,952 - INFO - Retrieved article length: 524 characters
2025-01-19 15:10:19,036 - INFO - ALKT: 1h change of -2.64%
2025-01-19 15:10:19,125 - INFO - ALKT: 1wk change of -3.16%
2025-01-19 15:10:19,214 - INFO - ALKT: 1mo change of -12.08%
2025-01-19 15:10:19,214 - INFO - Processing ALKT - 2025-01-10 18:00:00 UTC
2025-01-19 15:10:19,896 - INFO - Retrieved article length: 6101 characters
2025-01-19 15:10:19,905 - INFO - ALK: 1h change of -2.40%
2025-01-19 15:10:19,944 - INFO - Retrieved article length: 7241 characters
2025-01-19 15:10:19,955 - INFO - ALK: 1wk change of 1.25%
2025-01-19 15:10:20,006 - INFO - ALK: 1mo change of 6.03%
2025-01-19 15:10:20,006 - INFO - Processing ALK - 2025-01-17 17:15:25 UTC
2025-01-19 15:10:20,028 - INFO - ALIT: 1h change of 1.23%
2025-01-19 15:10:20,165 - INFO - Retrieved article length: 4600 characters
2025-01-19 15:10:20,200 - INFO - ALIT: 1mo change of -9.47%
2025-01-19 15:10:20,200 - INFO - Processing ALIT - 2024-12-30 22:21:22 UTC
2025-01-19 15:10:20,248 - INFO - ALHC: 1h change of 4.46%
2025-01-19 15:10:20,331 - INFO - ALHC: 1wk change of 12.72%
2025-01-19 15:10:20,414 - INFO - ALHC: 1mo change of 17.68%
2025-01-19 15:10:20,415 - INFO - Processing ALHC - 2024-12-20 16:00:00 UTC
2025-01-19 15:10:20,519 - INFO - Retrieved article length: 4572 characters
2025-01-19 15:10:20,527 - INFO - ALKT: 1h change of -2.64%
2025-01-19 15:10:20,578 - INFO - ALKT: 1wk change of -3.16%
2025-01-19 15:10:20,630 - INFO - ALKT: 1mo change of -12.08%
2025-01-19 15:10:20,630 - INFO - Processing ALKT - 2024-12-26 20:51:09 UTC
2025-01-19 15:10:21,224 - INFO - Retrieved article length: 4215 characters
2025-01-19 15:10:21,233 - INFO - ALK: 1h change of -2.40%
2025-01-19 15:10:21,287 - INFO - ALK: 1wk change of 1.25%
2025-01-19 15:10:21,341 - INFO - ALK: 1mo change of 6.03%
2025-01-19 15:10:21,341 - INFO - Processing ALK - 2025-01-16 21:14:00 UTC
2025-01-19 15:10:21,416 - INFO - ALKT: 1h change of -1.67%
2025-01-19 15:10:21,509 - INFO - Retrieved article length: 7468 characters
2025-01-19 15:10:21,592 - INFO - ALKT: 1wk change of -5.49%
2025-01-19 15:10:21,593 - INFO - ALIT: 1h change of 2.44%
2025-01-19 15:10:21,600 - INFO - Retrieved article length: 1593 characters
2025-01-19 15:10:21,677 - INFO - ALIT: 1wk change of -3.21%
2025-01-19 15:10:21,681 - INFO - ALHC: 1h change of -3.55%
2025-01-19 15:10:21,682 - INFO - ALKT: 1mo change of -8.31%
2025-01-19 15:10:21,682 - INFO - Processing ALKT - 2024-12-25 21:02:46 UTC
2025-01-19 15:10:21,765 - INFO - ALHC: 1wk change of -6.80%
2025-01-19 15:10:21,802 - INFO - ALIT: 1mo change of -15.65%
2025-01-19 15:10:21,803 - INFO - Processing ALIT - 2024-12-28 17:48:22 UTC
2025-01-19 15:10:21,845 - INFO - ALHC: 1mo change of 26.95%
2025-01-19 15:10:22,573 - INFO - Retrieved article length: 3892 characters
2025-01-19 15:10:22,674 - INFO - ALK: 1h change of -1.66%
2025-01-19 15:10:22,822 - INFO - ALK: 1wk change of 3.01%
2025-01-19 15:10:22,948 - INFO - Retrieved article length: 7377 characters
2025-01-19 15:10:22,954 - INFO - ALK: 1mo change of 4.60%
2025-01-19 15:10:22,954 - INFO - Processing ALK - 2025-01-16 19:31:15 UTC
2025-01-19 15:10:22,991 - INFO - Retrieved article length: 7434 characters
2025-01-19 15:10:23,038 - INFO - ALKT: 1h change of 4.04%
2025-01-19 15:10:23,077 - INFO - ALIT: 1h change of 1.39%
2025-01-19 15:10:23,126 - INFO - ALKT: 1wk change of -5.49%
2025-01-19 15:10:23,214 - INFO - ALKT: 1mo change of -5.91%
2025-01-19 15:10:23,214 - INFO - Processing ALKT - 2024-12-18 14:33:22 UTC
2025-01-19 15:10:23,239 - INFO - ALIT: 1mo change of -15.65%
2025-01-19 15:10:23,239 - INFO - Processing ALIT - 2024-12-19 16:30:00 UTC
2025-01-19 15:10:23,981 - INFO - ALKT: 1h change of -3.41%
2025-01-19 15:10:24,132 - INFO - Retrieved article length: 5478 characters
2025-01-19 15:10:24,144 - INFO - ALK: 1h change of -1.66%
2025-01-19 15:10:24,146 - INFO - ALKT: 1mo change of -6.01%
2025-01-19 15:10:24,146 - INFO - Processing ALKT - 2024-12-13 17:12:34 UTC
2025-01-19 15:10:24,198 - INFO - ALK: 1wk change of 3.01%
2025-01-19 15:10:24,252 - INFO - ALK: 1mo change of 4.60%
2025-01-19 15:10:24,252 - INFO - Processing ALK - 2025-01-16 18:32:00 UTC
2025-01-19 15:10:24,487 - INFO - Retrieved article length: 6491 characters
2025-01-19 15:10:24,578 - INFO - ALIT: 1h change of -2.70%
2025-01-19 15:10:24,668 - INFO - ALIT: 1wk change of -7.87%
2025-01-19 15:10:24,770 - INFO - ALIT: 1mo change of -13.51%
2025-01-19 15:10:24,770 - INFO - Processing ALIT - 2024-12-19 11:45:57 UTC
2025-01-19 15:10:24,929 - INFO - ALKT: 1h change of 1.90%
2025-01-19 15:10:25,017 - INFO - ALKT: 1wk change of 1.82%
2025-01-19 15:10:25,112 - INFO - ALKT: 1mo change of -7.00%
2025-01-19 15:10:25,112 - INFO - Processing ALKT - 2024-12-12 01:51:12 UTC
2025-01-19 15:10:25,453 - INFO - Retrieved article length: 4014 characters
2025-01-19 15:10:25,462 - INFO - ALK: 1h change of -1.66%
2025-01-19 15:10:25,514 - INFO - ALK: 1wk change of 3.01%
2025-01-19 15:10:25,567 - INFO - ALK: 1mo change of 4.60%
2025-01-19 15:10:25,567 - INFO - Processing ALK - 2025-01-16 18:09:00 UTC
2025-01-19 15:10:25,923 - INFO - ALKT: 1h change of 2.62%
2025-01-19 15:10:25,982 - INFO - Retrieved article length: 7950 characters
2025-01-19 15:10:25,990 - INFO - ALIT: 1h change of -2.70%
2025-01-19 15:10:25,995 - INFO - ALIT: 1wk change of -7.87%
2025-01-19 15:10:26,006 - INFO - ALKT: 1wk change of 2.79%
2025-01-19 15:10:26,047 - INFO - ALIT: 1mo change of -13.51%
2025-01-19 15:10:26,047 - INFO - Processing ALIT - 2024-12-10 16:00:00 UTC
2025-01-19 15:10:26,771 - INFO - Retrieved article length: 4564 characters
2025-01-19 15:10:26,780 - INFO - ALK: 1h change of -1.66%
2025-01-19 15:10:27,383 - INFO - ALKT: 1mo change of -8.00%
2025-01-19 15:10:28,156 - INFO - ALIT: 1h change of -2.90%
2025-01-19 15:10:28,252 - INFO - ALIT: 1wk change of -15.61%
2025-01-19 15:10:28,348 - INFO - ALIT: 1mo change of -4.12%
2025-01-19 15:10:28,384 - INFO - ALK: 1wk change of 3.01%
2025-01-19 15:10:28,515 - INFO - ALK: 1mo change of 4.60%
