2025-01-19 13:31:59,982 - INFO - Starting new training session. Logging to: logs/training_20250119_133159.log
2025-01-19 13:31:59,983 - INFO - Starting new training session. Logging to: logs/training_20250119_133159.log
2025-01-19 13:32:01,624 - INFO - Processing DFLI - 2024-12-20 15:41:10 UTC
2025-01-19 13:32:02,792 - INFO - Processing DFS - 2025-01-17 16:59:00 UTC
2025-01-19 13:32:02,848 - INFO - Retrieved article length: 1795 characters
2025-01-19 13:32:03,029 - INFO - DFLI: 1h change of 7.53%
2025-01-19 13:32:03,145 - INFO - DFLI: 1wk change of -9.59%
2025-01-19 13:32:03,259 - INFO - DFLI: 1mo change of -41.04%
2025-01-19 13:32:03,759 - INFO - Processing DFLI - 2024-12-19 15:30:00 UTC
2025-01-19 13:32:04,096 - INFO - Retrieved article length: 6074 characters
2025-01-19 13:32:04,353 - INFO - DFS: 1wk change of 5.39%
2025-01-19 13:32:04,472 - INFO - DFS: 1mo change of 6.35%
2025-01-19 13:32:04,973 - INFO - Processing DFS - 2025-01-15 18:00:29 UTC
2025-01-19 13:32:04,987 - INFO - Retrieved article length: 8129 characters
2025-01-19 13:32:05,142 - INFO - DFLI: 1h change of -5.42%
2025-01-19 13:32:05,235 - INFO - DFLI: 1wk change of -13.37%
2025-01-19 13:32:05,330 - INFO - DFLI: 1mo change of -46.00%
2025-01-19 13:32:05,833 - INFO - Processing DFLI - 2024-12-18 21:36:41 UTC
2025-01-19 13:32:06,149 - INFO - Retrieved article length: 5579 characters
2025-01-19 13:32:06,245 - INFO - DFS: 1h change of 8.82%
2025-01-19 13:32:06,343 - INFO - DFS: 1wk change of 4.45%
2025-01-19 13:32:06,453 - INFO - DFS: 1mo change of 5.02%
2025-01-19 13:32:06,954 - INFO - Processing DFS - 2025-01-14 17:46:00 UTC
2025-01-19 13:32:07,102 - INFO - Retrieved article length: 510 characters
2025-01-19 13:32:07,194 - INFO - DFLI: 1h change of -6.45%
2025-01-19 13:32:07,299 - INFO - DFLI: 1wk change of -13.37%
2025-01-19 13:32:07,392 - INFO - DFLI: 1mo change of -43.47%
2025-01-19 13:32:07,893 - INFO - Processing DFLI - 2024-11-26 15:40:06 UTC
2025-01-19 13:32:08,284 - INFO - Retrieved article length: 143 characters
2025-01-19 13:32:08,378 - INFO - DFS: 1h change of 10.45%
2025-01-19 13:32:08,496 - INFO - DFS: 1wk change of 4.45%
2025-01-19 13:32:08,599 - INFO - DFS: 1mo change of 6.50%
2025-01-19 13:32:09,058 - INFO - Retrieved article length: 2061 characters
2025-01-19 13:32:09,100 - INFO - Processing DFS - 2025-01-14 14:19:39 UTC
2025-01-19 13:32:09,173 - INFO - DFLI: 1h change of -3.06%
2025-01-19 13:32:09,293 - INFO - DFLI: 1wk change of -30.06%
2025-01-19 13:32:09,393 - INFO - DFLI: 1mo change of -42.10%
2025-01-19 13:32:09,894 - INFO - Processing DFLI - 2024-11-25 15:30:00 UTC
2025-01-19 13:32:10,285 - INFO - Retrieved article length: 528 characters
2025-01-19 13:32:10,295 - INFO - DFS: 1h change of 10.45%
2025-01-19 13:32:10,343 - INFO - DFS: 1wk change of 4.45%
2025-01-19 13:32:10,393 - INFO - DFS: 1mo change of 6.50%
2025-01-19 13:32:10,893 - INFO - Processing DFS - 2025-01-14 13:25:06 UTC
2025-01-19 13:32:11,162 - INFO - Retrieved article length: 5570 characters
2025-01-19 13:32:11,273 - INFO - DFLI: 1h change of -2.50%
2025-01-19 13:32:11,360 - INFO - DFLI: 1wk change of -30.16%
2025-01-19 13:32:11,452 - INFO - DFLI: 1mo change of -42.88%
2025-01-19 13:32:11,953 - INFO - Processing DFLI - 2024-11-20 15:30:00 UTC
2025-01-19 13:32:12,108 - INFO - Retrieved article length: 535 characters
2025-01-19 13:32:12,120 - INFO - DFS: 1h change of 10.45%
2025-01-19 13:32:12,169 - INFO - DFS: 1wk change of 4.45%
2025-01-19 13:32:12,218 - INFO - DFS: 1mo change of 6.50%
2025-01-19 13:32:12,719 - INFO - Processing DFS - 2025-01-13 19:39:56 UTC
2025-01-19 13:32:13,203 - INFO - Retrieved article length: 7028 characters
2025-01-19 13:32:13,294 - INFO - DFLI: 1h change of -28.92%
2025-01-19 13:32:13,401 - INFO - DFLI: 1wk change of -15.69%
2025-01-19 13:32:13,487 - INFO - DFLI: 1mo change of -39.62%
2025-01-19 13:32:13,848 - INFO - Retrieved article length: 567 characters
2025-01-19 13:32:13,945 - INFO - DFS: 1h change of 6.49%
2025-01-19 13:32:13,989 - INFO - Processing DFLI - 2024-11-20 14:09:46 UTC
2025-01-19 13:32:14,047 - INFO - DFS: 1wk change of 6.32%
2025-01-19 13:32:14,156 - INFO - DFS: 1mo change of 5.89%
2025-01-19 13:32:14,657 - INFO - Processing DFS - 2025-01-08 20:10:16 UTC
2025-01-19 13:32:15,203 - INFO - Retrieved article length: 3976 characters
2025-01-19 13:32:15,216 - INFO - DFLI: 1h change of -28.92%
2025-01-19 13:32:15,225 - INFO - DFLI: 1wk change of -15.69%
2025-01-19 13:32:15,236 - INFO - DFLI: 1mo change of -39.62%
2025-01-19 13:32:15,737 - INFO - Processing DFLI - 2024-11-19 18:41:47 UTC
2025-01-19 13:32:15,868 - INFO - Retrieved article length: 3360 characters
2025-01-19 13:32:15,965 - INFO - DFS: 1h change of -2.03%
2025-01-19 13:32:16,084 - INFO - DFS: 1wk change of 8.55%
2025-01-19 13:32:16,201 - INFO - DFS: 1mo change of 6.08%
2025-01-19 13:32:16,702 - INFO - Processing DFS - 2025-01-07 16:19:26 UTC
2025-01-19 13:32:17,043 - INFO - Retrieved article length: 448 characters
2025-01-19 13:32:17,143 - INFO - DFLI: 1h change of -22.79%
2025-01-19 13:32:17,235 - INFO - DFLI: 1wk change of -25.21%
2025-01-19 13:32:17,351 - INFO - DFLI: 1mo change of -40.57%
2025-01-19 13:32:18,117 - INFO - Retrieved article length: 510 characters
2025-01-19 13:32:18,215 - INFO - DFS: 1h change of -2.03%
2025-01-19 13:32:18,322 - INFO - DFS: 1wk change of 7.31%
2025-01-19 13:32:18,429 - INFO - DFS: 1mo change of 4.90%
2025-01-19 13:32:20,109 - INFO - Processing DG - 2025-01-19 12:12:00 UTC
2025-01-19 13:32:20,152 - INFO - Processing DGHI - 2025-01-03 15:15:46 UTC
2025-01-19 13:32:20,994 - INFO - DG: 1wk change of -4.09%
2025-01-19 13:32:21,095 - INFO - DG: 1mo change of -8.36%
2025-01-19 13:32:21,339 - INFO - Retrieved article length: 2372 characters
2025-01-19 13:32:21,431 - INFO - DGHI: 1h change of 6.38%
2025-01-19 13:32:21,516 - INFO - DGHI: 1wk change of -15.47%
2025-01-19 13:32:21,597 - INFO - Processing DG - 2025-01-18 21:54:14 UTC
2025-01-19 13:32:21,611 - INFO - DGHI: 1mo change of 4.72%
2025-01-19 13:32:22,113 - INFO - Processing DGHI - 2024-12-17 16:30:00 UTC
2025-01-19 13:32:22,809 - INFO - Retrieved article length: 6800 characters
2025-01-19 13:32:22,915 - INFO - DG: 1h change of 2.02%
2025-01-19 13:32:23,063 - INFO - DG: 1wk change of -4.44%
2025-01-19 13:32:23,171 - INFO - DG: 1mo change of -8.36%
2025-01-19 13:32:23,379 - INFO - Retrieved article length: 14498 characters
2025-01-19 13:32:23,471 - INFO - DGHI: 1h change of 4.40%
2025-01-19 13:32:23,556 - INFO - DGHI: 1wk change of 9.14%
2025-01-19 13:32:23,642 - INFO - DGHI: 1mo change of 9.90%
2025-01-19 13:32:23,673 - INFO - Processing DG - 2025-01-17 17:24:14 UTC
2025-01-19 13:32:24,143 - INFO - Processing DGHI - 2024-12-13 16:30:00 UTC
2025-01-19 13:32:24,936 - INFO - Retrieved article length: 529 characters
2025-01-19 13:32:25,042 - INFO - DG: 1h change of -1.73%
2025-01-19 13:32:25,143 - INFO - DG: 1wk change of -7.73%
2025-01-19 13:32:25,309 - INFO - DG: 1mo change of -10.35%
2025-01-19 13:32:25,422 - INFO - Retrieved article length: 16630 characters
2025-01-19 13:32:25,517 - INFO - DGHI: 1h change of -9.84%
2025-01-19 13:32:25,602 - INFO - DGHI: 1wk change of -14.08%
2025-01-19 13:32:25,811 - INFO - Processing DG - 2025-01-14 18:17:25 UTC
2025-01-19 13:32:26,184 - INFO - Processing DGHI - 2024-11-17 16:08:27 UTC
2025-01-19 13:32:27,177 - INFO - Retrieved article length: 2092 characters
2025-01-19 13:32:27,268 - INFO - DG: 1h change of -3.58%
2025-01-19 13:32:27,375 - INFO - DG: 1wk change of -9.06%
2025-01-19 13:32:27,449 - INFO - Retrieved article length: 1981 characters
2025-01-19 13:32:27,474 - INFO - DG: 1mo change of -16.28%
2025-01-19 13:32:27,542 - INFO - DGHI: 1h change of -1.67%
2025-01-19 13:32:27,710 - INFO - DGHI: 1mo change of 65.42%
2025-01-19 13:32:27,975 - INFO - Processing DG - 2025-01-14 14:22:15 UTC
2025-01-19 13:32:28,212 - INFO - Processing DGHI - 2024-11-06 17:07:15 UTC
2025-01-19 13:32:29,068 - INFO - Retrieved article length: 544 characters
2025-01-19 13:32:29,078 - INFO - DG: 1h change of -3.58%
2025-01-19 13:32:29,128 - INFO - DG: 1wk change of -9.06%
2025-01-19 13:32:29,181 - INFO - DG: 1mo change of -16.28%
2025-01-19 13:32:29,404 - INFO - Retrieved article length: 4596 characters
2025-01-19 13:32:29,494 - INFO - DGHI: 1h change of 28.17%
2025-01-19 13:32:29,579 - INFO - DGHI: 1wk change of 13.33%
2025-01-19 13:32:29,682 - INFO - Processing DG - 2025-01-14 13:37:57 UTC
2025-01-19 13:32:29,692 - INFO - DGHI: 1mo change of 56.36%
2025-01-19 13:32:30,919 - INFO - Retrieved article length: 3776 characters
2025-01-19 13:32:30,929 - INFO - DG: 1h change of -3.58%
2025-01-19 13:32:30,978 - INFO - DG: 1wk change of -9.06%
2025-01-19 13:32:31,028 - INFO - DG: 1mo change of -16.28%
2025-01-19 13:32:31,352 - INFO - Processing DGLY - 2024-12-31 13:35:15 UTC
2025-01-19 13:32:31,529 - INFO - Processing DG - 2025-01-14 00:19:12 UTC
2025-01-19 13:32:32,544 - INFO - Retrieved article length: 513 characters
2025-01-19 13:32:32,633 - INFO - DGLY: 1h change of -1.87%
2025-01-19 13:32:32,698 - INFO - Retrieved article length: 3020 characters
2025-01-19 13:32:32,710 - INFO - DG: 1h change of -3.58%
2025-01-19 13:32:32,746 - INFO - DGLY: 1wk change of -21.57%
2025-01-19 13:32:32,760 - INFO - DG: 1wk change of -9.06%
2025-01-19 13:32:32,809 - INFO - DG: 1mo change of -16.28%
2025-01-19 13:32:32,834 - INFO - DGLY: 1mo change of -48.19%
2025-01-19 13:32:33,310 - INFO - Processing DG - 2025-01-13 16:04:58 UTC
2025-01-19 13:32:33,335 - INFO - Processing DGLY - 2024-12-26 18:35:41 UTC
2025-01-19 13:32:34,442 - INFO - Retrieved article length: 5676 characters
2025-01-19 13:32:34,511 - INFO - Retrieved article length: 496 characters
2025-01-19 13:32:34,533 - INFO - DG: 1h change of -2.45%
2025-01-19 13:32:34,629 - INFO - DG: 1wk change of -7.62%
2025-01-19 13:32:34,691 - INFO - DGLY: 1wk change of -16.67%
2025-01-19 13:32:34,725 - INFO - DG: 1mo change of -14.63%
2025-01-19 13:32:34,777 - INFO - DGLY: 1mo change of -55.67%
2025-01-19 13:32:35,278 - INFO - Processing DGLY - 2024-12-04 16:20:00 UTC
2025-01-19 13:32:36,561 - INFO - Retrieved article length: 7846 characters
2025-01-19 13:32:36,659 - INFO - DGLY: 1h change of -5.64%
2025-01-19 13:32:36,758 - INFO - DGLY: 1wk change of -14.29%
2025-01-19 13:32:36,844 - INFO - DGLY: 1mo change of -52.13%
2025-01-19 13:32:37,345 - INFO - Processing DGLY - 2024-11-28 00:20:00 UTC
2025-01-19 13:32:38,510 - INFO - Retrieved article length: 4259 characters
2025-01-19 13:32:38,599 - INFO - DGLY: 1h change of -6.88%
2025-01-19 13:32:38,670 - INFO - Processing DGX - 2025-01-17 10:41:00 UTC
2025-01-19 13:32:38,688 - INFO - DGLY: 1wk change of 50.00%
2025-01-19 13:32:38,772 - INFO - DGLY: 1mo change of -49.04%
2025-01-19 13:32:39,274 - INFO - Processing DGLY - 2024-11-19 17:45:00 UTC
2025-01-19 13:32:39,892 - INFO - Retrieved article length: 12675 characters
2025-01-19 13:32:40,103 - INFO - DGX: 1wk change of -1.11%
2025-01-19 13:32:40,233 - INFO - DGX: 1mo change of -1.97%
2025-01-19 13:32:40,469 - INFO - Retrieved article length: 6569 characters
2025-01-19 13:32:40,568 - INFO - DGLY: 1h change of 25.86%
2025-01-19 13:32:40,735 - INFO - Processing DGX - 2025-01-16 18:55:17 UTC
2025-01-19 13:32:40,763 - INFO - DGLY: 1mo change of -50.96%
2025-01-19 13:32:41,265 - INFO - Processing DGLY - 2024-11-08 19:54:50 UTC
2025-01-19 13:32:41,943 - INFO - Retrieved article length: 528 characters
2025-01-19 13:32:42,255 - INFO - DGX: 1mo change of -2.65%
2025-01-19 13:32:42,577 - INFO - Retrieved article length: 515 characters
2025-01-19 13:32:42,670 - INFO - DGLY: 1h change of -20.00%
2025-01-19 13:32:42,755 - INFO - DGLY: 1wk change of -40.62%
2025-01-19 13:32:42,756 - INFO - Processing DGX - 2025-01-16 18:06:00 UTC
2025-01-19 13:32:42,842 - INFO - DGLY: 1mo change of -29.13%
2025-01-19 13:32:43,879 - INFO - Retrieved article length: 11305 characters
2025-01-19 13:32:44,013 - INFO - DGX: 1mo change of -2.65%
2025-01-19 13:32:44,506 - INFO - Processing DHC - 2025-01-16 16:00:00 UTC
2025-01-19 13:32:44,514 - INFO - Processing DGX - 2025-01-08 16:42:00 UTC
2025-01-19 13:32:45,616 - INFO - Retrieved article length: 4075 characters
2025-01-19 13:32:45,699 - INFO - Retrieved article length: 4189 characters
2025-01-19 13:32:45,819 - INFO - DGX: 1h change of 1.44%
2025-01-19 13:32:45,833 - INFO - DHC: 1wk change of -5.96%
2025-01-19 13:32:45,940 - INFO - DHC: 1mo change of -15.64%
2025-01-19 13:32:46,039 - INFO - DGX: 1mo change of -5.18%
2025-01-19 13:32:46,442 - INFO - Processing DHC - 2024-12-27 13:02:49 UTC
2025-01-19 13:32:46,541 - INFO - Processing DGX - 2025-01-06 14:24:30 UTC
2025-01-19 13:32:47,668 - INFO - Retrieved article length: 543 characters
2025-01-19 13:32:47,686 - INFO - Retrieved article length: 7637 characters
2025-01-19 13:32:47,757 - INFO - DGX: 1h change of 1.26%
2025-01-19 13:32:47,774 - INFO - DHC: 1h change of -1.59%
2025-01-19 13:32:47,864 - INFO - DGX: 1wk change of -1.02%
2025-01-19 13:32:47,887 - INFO - DHC: 1wk change of -5.74%
2025-01-19 13:32:47,972 - INFO - DGX: 1mo change of -5.93%
2025-01-19 13:32:48,000 - INFO - DHC: 1mo change of -14.94%
2025-01-19 13:32:48,473 - INFO - Processing DGX - 2025-01-03 20:10:14 UTC
2025-01-19 13:32:48,501 - INFO - Processing DHC - 2024-12-19 00:15:00 UTC
2025-01-19 13:32:49,704 - INFO - Retrieved article length: 2230 characters
2025-01-19 13:32:49,818 - INFO - DHC: 1h change of -3.56%
2025-01-19 13:32:49,925 - INFO - Retrieved article length: 3427 characters
2025-01-19 13:32:49,982 - INFO - DHC: 1wk change of -15.23%
2025-01-19 13:32:50,129 - INFO - DGX: 1wk change of -1.06%
2025-01-19 13:32:50,132 - INFO - DHC: 1mo change of -17.00%
2025-01-19 13:32:50,231 - INFO - DGX: 1mo change of -6.59%
2025-01-19 13:32:50,634 - INFO - Processing DHC - 2024-11-28 13:01:46 UTC
2025-01-19 13:32:50,732 - INFO - Processing DGX - 2025-01-02 19:00:00 UTC
2025-01-19 13:32:51,816 - INFO - Retrieved article length: 7004 characters
2025-01-19 13:32:51,896 - INFO - Retrieved article length: 2759 characters
2025-01-19 13:32:51,914 - INFO - DHC: 1h change of 6.43%
2025-01-19 13:32:52,026 - INFO - DHC: 1wk change of 1.58%
2025-01-19 13:32:52,147 - INFO - DHC: 1mo change of -33.33%
2025-01-19 13:32:52,209 - INFO - DGX: 1mo change of -6.59%
2025-01-19 13:32:52,648 - INFO - Processing DHC - 2024-11-19 15:27:05 UTC
2025-01-19 13:32:52,711 - INFO - Processing DGX - 2024-12-31 14:58:00 UTC
2025-01-19 13:32:53,771 - INFO - Retrieved article length: 1492 characters
2025-01-19 13:32:53,860 - INFO - DHC: 1h change of -3.19%
2025-01-19 13:32:53,885 - INFO - Retrieved article length: 7260 characters
2025-01-19 13:32:54,027 - INFO - DHC: 1wk change of -3.69%
2025-01-19 13:32:54,143 - INFO - DHC: 1mo change of -37.91%
2025-01-19 13:32:54,209 - INFO - DGX: 1mo change of -6.37%
2025-01-19 13:32:54,644 - INFO - Processing DHC - 2024-11-05 00:15:00 UTC
2025-01-19 13:32:55,868 - INFO - Processing DHI - 2025-01-17 22:52:32 UTC
2025-01-19 13:32:56,240 - INFO - Retrieved article length: 2716 characters
2025-01-19 13:32:56,340 - INFO - DHC: 1h change of -18.67%
2025-01-19 13:32:56,458 - INFO - DHC: 1wk change of -28.82%
2025-01-19 13:32:56,568 - INFO - DHC: 1mo change of -37.83%
2025-01-19 13:32:56,998 - INFO - Retrieved article length: 533 characters
2025-01-19 13:32:57,286 - INFO - DHI: 1wk change of 7.12%
2025-01-19 13:32:57,409 - INFO - DHI: 1mo change of -1.48%
2025-01-19 13:32:57,910 - INFO - Processing DHI - 2025-01-16 19:27:10 UTC
2025-01-19 13:32:58,261 - INFO - Processing DHR - 2025-01-17 14:01:41 UTC
2025-01-19 13:32:59,032 - INFO - Retrieved article length: 527 characters
2025-01-19 13:32:59,140 - INFO - DHI: 1h change of 4.07%
2025-01-19 13:32:59,268 - INFO - DHI: 1wk change of 5.95%
2025-01-19 13:32:59,392 - INFO - Retrieved article length: 5672 characters
2025-01-19 13:32:59,450 - INFO - DHI: 1mo change of -2.35%
2025-01-19 13:32:59,727 - INFO - DHR: 1mo change of 1.60%
2025-01-19 13:32:59,951 - INFO - Processing DHI - 2025-01-15 17:15:27 UTC
2025-01-19 13:33:00,228 - INFO - Processing DHR - 2025-01-15 16:30:00 UTC
2025-01-19 13:33:01,158 - INFO - Retrieved article length: 4178 characters
2025-01-19 13:33:01,266 - INFO - DHI: 1h change of 6.98%
2025-01-19 13:33:01,374 - INFO - Retrieved article length: 7820 characters
2025-01-19 13:33:01,398 - INFO - DHI: 1wk change of 5.95%
2025-01-19 13:33:01,470 - INFO - DHR: 1h change of 1.17%
2025-01-19 13:33:01,515 - INFO - DHI: 1mo change of -3.92%
2025-01-19 13:33:01,723 - INFO - DHR: 1mo change of 1.38%
2025-01-19 13:33:02,016 - INFO - Processing DHI - 2025-01-15 05:00:03 UTC
2025-01-19 13:33:02,225 - INFO - Processing DHR - 2025-01-14 00:57:21 UTC
2025-01-19 13:33:03,128 - INFO - Retrieved article length: 3203 characters
2025-01-19 13:33:03,137 - INFO - DHI: 1h change of 6.98%
2025-01-19 13:33:03,186 - INFO - DHI: 1wk change of 5.95%
2025-01-19 13:33:03,238 - INFO - DHI: 1mo change of -3.92%
2025-01-19 13:33:03,354 - INFO - Retrieved article length: 517 characters
2025-01-19 13:33:03,739 - INFO - Processing DHI - 2025-01-14 18:11:15 UTC
2025-01-19 13:33:03,742 - INFO - DHR: 1mo change of 1.83%
2025-01-19 13:33:04,243 - INFO - Processing DHR - 2025-01-14 00:15:00 UTC
2025-01-19 13:33:04,966 - INFO - Retrieved article length: 523 characters
2025-01-19 13:33:05,056 - INFO - DHI: 1h change of 6.10%
2025-01-19 13:33:05,173 - INFO - DHI: 1wk change of 5.95%
2025-01-19 13:33:05,297 - INFO - DHI: 1mo change of -5.96%
2025-01-19 13:33:05,378 - INFO - Retrieved article length: 9199 characters
2025-01-19 13:33:05,481 - INFO - DHR: 1mo change of 1.83%
2025-01-19 13:33:05,798 - INFO - Processing DHI - 2025-01-14 18:00:22 UTC
2025-01-19 13:33:05,983 - INFO - Processing DHR - 2025-01-10 14:01:32 UTC
2025-01-19 13:33:06,967 - INFO - Retrieved article length: 5558 characters
2025-01-19 13:33:06,977 - INFO - DHI: 1h change of 6.10%
2025-01-19 13:33:07,024 - INFO - DHI: 1wk change of 5.95%
2025-01-19 13:33:07,070 - INFO - DHI: 1mo change of -5.96%
2025-01-19 13:33:07,288 - INFO - Retrieved article length: 5678 characters
2025-01-19 13:33:07,502 - INFO - DHR: 1wk change of 3.84%
2025-01-19 13:33:07,572 - INFO - Processing DHI - 2025-01-12 16:00:16 UTC
2025-01-19 13:33:07,621 - INFO - DHR: 1mo change of 3.70%
2025-01-19 13:33:08,122 - INFO - Processing DHR - 2025-01-10 00:15:00 UTC
2025-01-19 13:33:08,713 - INFO - Retrieved article length: 7599 characters
2025-01-19 13:33:08,933 - INFO - DHI: 1wk change of 7.27%
2025-01-19 13:33:09,071 - INFO - DHI: 1mo change of -8.27%
2025-01-19 13:33:09,278 - INFO - Retrieved article length: 7793 characters
2025-01-19 13:33:09,334 - INFO - DHR: 1wk change of 3.84%
2025-01-19 13:33:09,383 - INFO - DHR: 1mo change of 3.70%
2025-01-19 13:33:09,573 - INFO - Processing DHI - 2025-01-10 21:00:00 UTC
2025-01-19 13:33:09,884 - INFO - Processing DHR - 2025-01-07 16:15:59 UTC
2025-01-19 13:33:10,769 - INFO - Retrieved article length: 144 characters
2025-01-19 13:33:10,856 - INFO - DHI: 1h change of -1.23%
2025-01-19 13:33:10,976 - INFO - DHI: 1wk change of 5.60%
2025-01-19 13:33:11,021 - INFO - Retrieved article length: 1659 characters
2025-01-19 13:33:11,103 - INFO - DHI: 1mo change of -6.85%
2025-01-19 13:33:11,278 - INFO - DHR: 1wk change of 5.33%
2025-01-19 13:33:11,898 - INFO - Processing DHR - 2025-01-07 00:15:00 UTC
2025-01-19 13:33:12,764 - INFO - Processing DIA - 2025-01-09 17:54:00 UTC
2025-01-19 13:33:13,144 - INFO - Retrieved article length: 1688 characters
2025-01-19 13:33:13,162 - INFO - DHR: 1wk change of 5.33%
2025-01-19 13:33:13,905 - INFO - Retrieved article length: 4306 characters
2025-01-19 13:33:13,993 - INFO - DIA: 1h change of -2.01%
2025-01-19 13:33:14,129 - INFO - DIA: 1wk change of 2.14%
2025-01-19 13:33:14,262 - INFO - DIA: 1mo change of -2.79%
2025-01-19 13:33:14,763 - INFO - Processing DIA - 2024-12-06 18:28:00 UTC
2025-01-19 13:33:15,920 - INFO - Retrieved article length: 3588 characters
2025-01-19 13:33:16,044 - INFO - Processing DIN - 2025-01-13 16:57:00 UTC
2025-01-19 13:33:16,127 - INFO - DIA: 1wk change of -2.12%
2025-01-19 13:33:16,252 - INFO - DIA: 1mo change of 1.71%
2025-01-19 13:33:16,754 - INFO - Processing DIA - 2024-12-05 18:18:00 UTC
2025-01-19 13:33:17,236 - INFO - Retrieved article length: 2477 characters
2025-01-19 13:33:17,329 - INFO - DIN: 1h change of 2.08%
2025-01-19 13:33:17,435 - INFO - DIN: 1wk change of -12.20%
2025-01-19 13:33:17,550 - INFO - DIN: 1mo change of -13.81%
2025-01-19 13:33:18,051 - INFO - Processing DIN - 2025-01-07 16:45:46 UTC
2025-01-19 13:33:18,182 - INFO - Retrieved article length: 3888 characters
2025-01-19 13:33:18,396 - INFO - DIA: 1wk change of -1.83%
2025-01-19 13:33:18,525 - INFO - DIA: 1mo change of 2.38%
2025-01-19 13:33:19,026 - INFO - Processing DIA - 2024-11-13 17:23:22 UTC
2025-01-19 13:33:19,310 - INFO - Retrieved article length: 524 characters
2025-01-19 13:33:19,397 - INFO - DIN: 1h change of -11.20%
2025-01-19 13:33:19,501 - INFO - DIN: 1wk change of -12.23%
2025-01-19 13:33:19,612 - INFO - DIN: 1mo change of -21.63%
2025-01-19 13:33:20,113 - INFO - Processing DIN - 2025-01-07 15:41:20 UTC
2025-01-19 13:33:20,415 - INFO - Retrieved article length: 2252 characters
2025-01-19 13:33:20,514 - INFO - DIA: 1h change of -1.37%
2025-01-19 13:33:20,644 - INFO - DIA: 1wk change of 6.07%
2025-01-19 13:33:20,771 - INFO - DIA: 1mo change of 2.57%
2025-01-19 13:33:21,271 - INFO - Processing DIA - 2024-11-07 22:34:19 UTC
2025-01-19 13:33:21,310 - INFO - Retrieved article length: 505 characters
2025-01-19 13:33:21,321 - INFO - DIN: 1h change of -11.20%
2025-01-19 13:33:21,328 - INFO - DIN: 1wk change of -12.23%
2025-01-19 13:33:21,378 - INFO - DIN: 1mo change of -21.63%
2025-01-19 13:33:21,880 - INFO - Processing DIN - 2025-01-06 16:00:00 UTC
2025-01-19 13:33:22,470 - INFO - Retrieved article length: 528 characters
2025-01-19 13:33:22,558 - INFO - DIA: 1h change of 4.61%
2025-01-19 13:33:22,675 - INFO - DIA: 1wk change of 2.52%
2025-01-19 13:33:22,820 - INFO - DIA: 1mo change of 5.46%
2025-01-19 13:33:23,098 - INFO - Retrieved article length: 5886 characters
2025-01-19 13:33:23,201 - INFO - DIN: 1h change of -8.41%
2025-01-19 13:33:23,311 - INFO - DIN: 1wk change of -11.38%
2025-01-19 13:33:23,321 - INFO - Processing DIA - 2024-11-07 00:03:03 UTC
2025-01-19 13:33:23,426 - INFO - DIN: 1mo change of -23.47%
2025-01-19 13:33:23,927 - INFO - Processing DIN - 2025-01-01 17:07:56 UTC
2025-01-19 13:33:24,555 - INFO - Retrieved article length: 2354 characters
2025-01-19 13:33:24,570 - INFO - DIA: 1h change of 4.61%
2025-01-19 13:33:24,584 - INFO - DIA: 1wk change of 2.52%
2025-01-19 13:33:24,604 - INFO - DIA: 1mo change of 5.46%
2025-01-19 13:33:25,077 - INFO - Retrieved article length: 4529 characters
2025-01-19 13:33:25,104 - INFO - Processing DIA - 2024-10-31 23:19:19 UTC
2025-01-19 13:33:25,336 - INFO - DIN: 1wk change of -9.99%
2025-01-19 13:33:25,448 - INFO - DIN: 1mo change of -22.73%
2025-01-19 13:33:25,949 - INFO - Processing DIN - 2024-12-20 00:50:26 UTC
2025-01-19 13:33:26,331 - INFO - Retrieved article length: 2244 characters
2025-01-19 13:33:26,546 - INFO - DIA: 1wk change of 2.50%
2025-01-19 13:33:26,662 - INFO - DIA: 1mo change of 7.06%
2025-01-19 13:33:27,163 - INFO - Processing DIA - 2024-10-30 15:44:50 UTC
2025-01-19 13:33:27,580 - INFO - Retrieved article length: 2041 characters
2025-01-19 13:33:27,746 - INFO - DIN: 1h change of -1.59%
2025-01-19 13:33:27,861 - INFO - DIN: 1wk change of -4.01%
2025-01-19 13:33:27,996 - INFO - DIN: 1mo change of -23.23%
2025-01-19 13:33:28,497 - INFO - Processing DIN - 2024-12-18 01:05:48 UTC
2025-01-19 13:33:28,541 - INFO - Retrieved article length: 1014 characters
2025-01-19 13:33:28,632 - INFO - DIA: 1h change of -1.63%
2025-01-19 13:33:28,745 - INFO - DIA: 1wk change of 2.50%
2025-01-19 13:33:28,869 - INFO - DIA: 1mo change of 6.97%
2025-01-19 13:33:29,709 - INFO - Retrieved article length: 2523 characters
2025-01-19 13:33:29,798 - INFO - DIN: 1h change of -5.71%
2025-01-19 13:33:30,014 - INFO - DIN: 1mo change of -22.26%
2025-01-19 13:33:30,514 - INFO - Processing DIN - 2024-12-17 01:44:58 UTC
2025-01-19 13:33:30,541 - INFO - Processing DINO - 2025-01-17 02:11:00 UTC
2025-01-19 13:33:31,707 - INFO - Retrieved article length: 2225 characters
2025-01-19 13:33:31,815 - INFO - DINO: 1h change of -2.31%
2025-01-19 13:33:31,823 - INFO - Retrieved article length: 1930 characters
2025-01-19 13:33:31,913 - INFO - DIN: 1h change of -6.93%
2025-01-19 13:33:31,937 - INFO - DINO: 1wk change of 5.73%
2025-01-19 13:33:32,037 - INFO - DIN: 1wk change of -1.48%
2025-01-19 13:33:32,056 - INFO - DINO: 1mo change of -2.99%
2025-01-19 13:33:32,146 - INFO - DIN: 1mo change of -19.63%
2025-01-19 13:33:32,557 - INFO - Processing DINO - 2025-01-09 12:06:00 UTC
2025-01-19 13:33:33,762 - INFO - Processing DIS - 2025-01-17 22:14:00 UTC
2025-01-19 13:33:33,941 - INFO - Retrieved article length: 557 characters
2025-01-19 13:33:34,030 - INFO - DINO: 1h change of 2.71%
2025-01-19 13:33:34,179 - INFO - DINO: 1wk change of 6.17%
2025-01-19 13:33:34,302 - INFO - DINO: 1mo change of -8.12%
2025-01-19 13:33:34,803 - INFO - Processing DINO - 2025-01-09 03:19:00 UTC
2025-01-19 13:33:35,036 - INFO - Retrieved article length: 209 characters
2025-01-19 13:33:35,157 - INFO - DIS: 1h change of -1.72%
2025-01-19 13:33:35,310 - INFO - DIS: 1wk change of -3.92%
2025-01-19 13:33:35,531 - INFO - DIS: 1mo change of -5.16%
2025-01-19 13:33:36,032 - INFO - Processing DIS - 2025-01-17 21:29:00 UTC
2025-01-19 13:33:36,091 - INFO - Retrieved article length: 17002 characters
2025-01-19 13:33:36,100 - INFO - DINO: 1h change of 2.71%
2025-01-19 13:33:36,109 - INFO - DINO: 1wk change of 6.17%
2025-01-19 13:33:36,159 - INFO - DINO: 1mo change of -8.12%
2025-01-19 13:33:36,660 - INFO - Processing DINO - 2025-01-09 02:13:00 UTC
2025-01-19 13:33:37,224 - INFO - Retrieved article length: 41385 characters
2025-01-19 13:33:37,239 - INFO - DIS: 1h change of -1.72%
2025-01-19 13:33:37,289 - INFO - DIS: 1wk change of -3.92%
2025-01-19 13:33:37,353 - INFO - DIS: 1mo change of -5.16%
2025-01-19 13:33:37,855 - INFO - Processing DIS - 2025-01-17 18:05:42 UTC
2025-01-19 13:33:37,945 - INFO - Retrieved article length: 6295 characters
2025-01-19 13:33:37,957 - INFO - DINO: 1h change of 2.71%
2025-01-19 13:33:37,966 - INFO - DINO: 1wk change of 6.17%
2025-01-19 13:33:38,016 - INFO - DINO: 1mo change of -8.12%
2025-01-19 13:33:38,527 - INFO - Processing DINO - 2025-01-08 18:44:10 UTC
2025-01-19 13:33:39,190 - INFO - Retrieved article length: 1151 characters
2025-01-19 13:33:39,206 - INFO - DIS: 1h change of -1.72%
2025-01-19 13:33:39,256 - INFO - DIS: 1wk change of -3.92%
2025-01-19 13:33:39,306 - INFO - DIS: 1mo change of -5.16%
2025-01-19 13:33:39,704 - INFO - Retrieved article length: 518 characters
2025-01-19 13:33:39,797 - INFO - DINO: 1h change of -3.07%
2025-01-19 13:33:39,807 - INFO - Processing DIS - 2025-01-17 10:53:00 UTC
2025-01-19 13:33:39,915 - INFO - DINO: 1wk change of 6.17%
2025-01-19 13:33:40,048 - INFO - DINO: 1mo change of -8.56%
2025-01-19 13:33:40,549 - INFO - Processing DINO - 2025-01-08 17:35:00 UTC
2025-01-19 13:33:41,054 - INFO - Retrieved article length: 8298 characters
2025-01-19 13:33:41,066 - INFO - DIS: 1h change of -1.72%
2025-01-19 13:33:41,114 - INFO - DIS: 1wk change of -3.92%
2025-01-19 13:33:41,167 - INFO - DIS: 1mo change of -5.16%
2025-01-19 13:33:41,668 - INFO - Processing DIS - 2025-01-17 10:22:00 UTC
2025-01-19 13:33:41,840 - INFO - Retrieved article length: 16705 characters
2025-01-19 13:33:41,851 - INFO - DINO: 1h change of -3.07%
2025-01-19 13:33:41,858 - INFO - DINO: 1wk change of 6.17%
2025-01-19 13:33:41,908 - INFO - DINO: 1mo change of -8.56%
2025-01-19 13:33:42,409 - INFO - Processing DINO - 2024-12-19 15:06:32 UTC
2025-01-19 13:33:42,762 - INFO - Retrieved article length: 9322 characters
2025-01-19 13:33:42,775 - INFO - DIS: 1h change of -1.72%
2025-01-19 13:33:42,825 - INFO - DIS: 1wk change of -3.92%
2025-01-19 13:33:42,875 - INFO - DIS: 1mo change of -5.16%
2025-01-19 13:33:43,377 - INFO - Processing DIS - 2025-01-17 00:58:00 UTC
2025-01-19 13:33:43,630 - INFO - Retrieved article length: 526 characters
2025-01-19 13:33:43,727 - INFO - DINO: 1h change of -5.20%
2025-01-19 13:33:43,857 - INFO - DINO: 1wk change of -12.90%
2025-01-19 13:33:43,994 - INFO - DINO: 1mo change of -13.48%
2025-01-19 13:33:44,495 - INFO - Processing DINO - 2024-12-14 15:11:07 UTC
2025-01-19 13:33:44,723 - INFO - Retrieved article length: 174 characters
2025-01-19 13:33:44,736 - INFO - DIS: 1h change of -1.72%
2025-01-19 13:33:44,784 - INFO - DIS: 1wk change of -3.92%
2025-01-19 13:33:44,836 - INFO - DIS: 1mo change of -5.16%
2025-01-19 13:33:45,337 - INFO - Processing DIS - 2025-01-17 00:29:00 UTC
2025-01-19 13:33:45,743 - INFO - Retrieved article length: 4648 characters
2025-01-19 13:33:45,833 - INFO - DINO: 1h change of -2.37%
2025-01-19 13:33:45,962 - INFO - DINO: 1wk change of -14.10%
2025-01-19 13:33:46,100 - INFO - DINO: 1mo change of -13.35%
2025-01-19 13:33:46,738 - INFO - Retrieved article length: 157 characters
2025-01-19 13:33:46,752 - INFO - DIS: 1h change of -1.72%
2025-01-19 13:33:46,933 - INFO - DIS: 1wk change of -3.92%
2025-01-19 13:33:47,098 - INFO - DIS: 1mo change of -5.16%
2025-01-19 13:33:47,599 - INFO - Processing DIS - 2025-01-16 23:33:09 UTC
2025-01-19 13:33:47,714 - INFO - Processing DJCO - 2025-01-03 20:30:00 UTC
2025-01-19 13:33:48,772 - INFO - Retrieved article length: 1541 characters
2025-01-19 13:33:48,870 - INFO - DIS: 1h change of -1.04%
2025-01-19 13:33:49,008 - INFO - DIS: 1wk change of -3.63%
2025-01-19 13:33:49,162 - INFO - DIS: 1mo change of -6.45%
2025-01-19 13:33:49,224 - INFO - Retrieved article length: 3662 characters
2025-01-19 13:33:49,424 - INFO - DJCO: 1wk change of -9.05%
2025-01-19 13:33:49,509 - INFO - DJCO: 1mo change of -11.83%
2025-01-19 13:33:50,010 - INFO - Processing DJCO - 2024-12-31 02:03:00 UTC
2025-01-19 13:33:50,793 - INFO - Processing DJT - 2025-01-19 06:40:33 UTC
2025-01-19 13:33:51,312 - INFO - Retrieved article length: 5020 characters
2025-01-19 13:33:51,402 - INFO - DJCO: 1h change of 2.64%
2025-01-19 13:33:51,488 - INFO - DJCO: 1wk change of -1.05%
2025-01-19 13:33:51,584 - INFO - DJCO: 1mo change of -13.07%
2025-01-19 13:33:52,085 - INFO - Processing DJCO - 2024-12-06 17:14:48 UTC
2025-01-19 13:33:52,149 - INFO - Retrieved article length: 165 characters
2025-01-19 13:33:52,255 - INFO - DJT: 1h change of -4.90%
2025-01-19 13:33:52,341 - INFO - DJT: 1wk change of 13.37%
2025-01-19 13:33:52,430 - INFO - DJT: 1mo change of 3.97%
2025-01-19 13:33:52,931 - INFO - Processing DJT - 2025-01-18 00:03:58 UTC
2025-01-19 13:33:53,321 - INFO - Retrieved article length: 3664 characters
2025-01-19 13:33:53,424 - INFO - DJCO: 1h change of 1.37%
2025-01-19 13:33:53,510 - INFO - DJCO: 1wk change of -1.33%
2025-01-19 13:33:53,597 - INFO - DJCO: 1mo change of 12.96%
2025-01-19 13:33:54,098 - INFO - Processing DJCO - 2024-11-13 15:03:45 UTC
2025-01-19 13:33:54,214 - INFO - Retrieved article length: 170 characters
2025-01-19 13:33:54,327 - INFO - DJT: 1h change of -1.53%
2025-01-19 13:33:54,417 - INFO - DJT: 1wk change of 15.89%
2025-01-19 13:33:54,508 - INFO - DJT: 1mo change of 3.97%
2025-01-19 13:33:55,009 - INFO - Processing DJT - 2025-01-14 19:20:41 UTC
2025-01-19 13:33:55,414 - INFO - Retrieved article length: 4950 characters
2025-01-19 13:33:55,516 - INFO - DJCO: 1h change of -3.19%
2025-01-19 13:33:55,613 - INFO - DJCO: 1wk change of 17.08%
2025-01-19 13:33:55,704 - INFO - DJCO: 1mo change of 20.56%
2025-01-19 13:33:56,248 - INFO - Retrieved article length: 1386 characters
2025-01-19 13:33:56,339 - INFO - DJT: 1h change of 5.82%
2025-01-19 13:33:56,426 - INFO - DJT: 1wk change of 10.67%
2025-01-19 13:33:56,512 - INFO - DJT: 1mo change of 17.18%
2025-01-19 13:33:57,012 - INFO - Processing DJT - 2025-01-14 18:58:59 UTC
2025-01-19 13:33:57,386 - INFO - Processing DK - 2025-01-14 16:25:56 UTC
2025-01-19 13:33:58,319 - INFO - Retrieved article length: 1087 characters
2025-01-19 13:33:58,330 - INFO - DJT: 1h change of 5.82%
2025-01-19 13:33:58,379 - INFO - DJT: 1wk change of 10.67%
2025-01-19 13:33:58,428 - INFO - DJT: 1mo change of 17.18%
2025-01-19 13:33:58,654 - INFO - Retrieved article length: 2809 characters
2025-01-19 13:33:58,743 - INFO - DK: 1h change of 2.39%
2025-01-19 13:33:58,842 - INFO - DK: 1wk change of 8.25%
2025-01-19 13:33:58,928 - INFO - Processing DJT - 2025-01-14 00:11:43 UTC
2025-01-19 13:33:58,951 - INFO - DK: 1mo change of 7.90%
2025-01-19 13:33:59,452 - INFO - Processing DK - 2025-01-09 13:02:03 UTC
2025-01-19 13:34:00,140 - INFO - Retrieved article length: 161 characters
2025-01-19 13:34:00,150 - INFO - DJT: 1h change of 5.82%
2025-01-19 13:34:00,200 - INFO - DJT: 1wk change of 10.67%
2025-01-19 13:34:00,250 - INFO - DJT: 1mo change of 17.18%
2025-01-19 13:34:00,724 - INFO - Retrieved article length: 7562 characters
2025-01-19 13:34:00,751 - INFO - Processing DJT - 2025-01-09 23:01:50 UTC
2025-01-19 13:34:00,822 - INFO - DK: 1h change of 3.40%
2025-01-19 13:34:00,946 - INFO - DK: 1wk change of 11.67%
2025-01-19 13:34:01,050 - INFO - DK: 1mo change of 6.97%
2025-01-19 13:34:01,552 - INFO - Processing DK - 2025-01-04 14:30:24 UTC
2025-01-19 13:34:01,946 - INFO - Retrieved article length: 3228 characters
2025-01-19 13:34:02,188 - INFO - DJT: 1wk change of 17.32%
2025-01-19 13:34:02,276 - INFO - DJT: 1mo change of 18.64%
2025-01-19 13:34:02,766 - INFO - Retrieved article length: 1835 characters
2025-01-19 13:34:02,777 - INFO - Processing DJT - 2024-12-21 00:02:11 UTC
2025-01-19 13:34:02,962 - INFO - DK: 1wk change of 13.52%
2025-01-19 13:34:03,568 - INFO - Processing DK - 2025-01-03 16:16:00 UTC
2025-01-19 13:34:04,168 - INFO - Retrieved article length: 404 characters
2025-01-19 13:34:04,344 - INFO - DJT: 1h change of -1.62%
2025-01-19 13:34:04,441 - INFO - DJT: 1wk change of -5.82%
2025-01-19 13:34:04,593 - INFO - DJT: 1mo change of 22.12%
2025-01-19 13:34:04,870 - INFO - Retrieved article length: 6639 characters
2025-01-19 13:34:05,094 - INFO - Processing DJT - 2024-12-20 19:59:26 UTC
2025-01-19 13:34:05,098 - INFO - DK: 1wk change of 13.27%
2025-01-19 13:34:05,204 - INFO - DK: 1mo change of 3.99%
2025-01-19 13:34:05,706 - INFO - Processing DK - 2025-01-03 15:34:25 UTC
2025-01-19 13:34:06,471 - INFO - Retrieved article length: 1410 characters
2025-01-19 13:34:06,677 - INFO - DJT: 1h change of -8.49%
2025-01-19 13:34:06,906 - INFO - DJT: 1wk change of 5.62%
2025-01-19 13:34:07,045 - INFO - Retrieved article length: 501 characters
2025-01-19 13:34:07,063 - INFO - DK: 1wk change of 13.27%
2025-01-19 13:34:07,093 - INFO - DJT: 1mo change of 42.46%
2025-01-19 13:34:07,112 - INFO - DK: 1mo change of 3.99%
2025-01-19 13:34:07,614 - INFO - Processing DK - 2024-12-27 15:14:00 UTC
2025-01-19 13:34:08,715 - INFO - Processing DKNG - 2025-01-18 01:50:21 UTC
2025-01-19 13:34:08,834 - INFO - Retrieved article length: 6202 characters
2025-01-19 13:34:08,926 - INFO - DK: 1h change of 2.73%
2025-01-19 13:34:09,036 - INFO - DK: 1wk change of 6.34%
2025-01-19 13:34:09,147 - INFO - DK: 1mo change of 6.51%
2025-01-19 13:34:09,648 - INFO - Processing DK - 2024-12-19 15:02:43 UTC
2025-01-19 13:34:09,870 - INFO - Retrieved article length: 3319 characters
2025-01-19 13:34:10,062 - INFO - DKNG: 1wk change of 2.45%
2025-01-19 13:34:10,661 - INFO - Processing DKNG - 2025-01-17 23:53:09 UTC
2025-01-19 13:34:10,919 - INFO - Retrieved article length: 533 characters
2025-01-19 13:34:11,016 - INFO - DK: 1h change of -4.90%
2025-01-19 13:34:11,120 - INFO - DK: 1wk change of -5.40%
2025-01-19 13:34:11,221 - INFO - DK: 1mo change of 3.77%
2025-01-19 13:34:11,723 - INFO - Processing DK - 2024-12-10 13:01:51 UTC
2025-01-19 13:34:11,960 - INFO - Retrieved article length: 1316 characters
2025-01-19 13:34:12,061 - INFO - DKNG: 1h change of -5.05%
2025-01-19 13:34:12,149 - INFO - DKNG: 1wk change of 5.17%
2025-01-19 13:34:12,239 - INFO - DKNG: 1mo change of -1.48%
2025-01-19 13:34:12,740 - INFO - Processing DKNG - 2025-01-17 01:00:49 UTC
2025-01-19 13:34:12,972 - INFO - Retrieved article length: 7483 characters
2025-01-19 13:34:13,062 - INFO - DK: 1h change of -3.42%
2025-01-19 13:34:13,168 - INFO - DK: 1wk change of -18.94%
2025-01-19 13:34:13,270 - INFO - DK: 1mo change of 23.99%
2025-01-19 13:34:13,993 - INFO - Retrieved article length: 2463 characters
2025-01-19 13:34:14,008 - INFO - DKNG: 1h change of -5.05%
2025-01-19 13:34:14,058 - INFO - DKNG: 1wk change of 5.17%
2025-01-19 13:34:14,110 - INFO - DKNG: 1mo change of -1.48%
2025-01-19 13:34:14,611 - INFO - Processing DKNG - 2025-01-16 08:18:19 UTC
2025-01-19 13:34:14,966 - INFO - Processing DKS - 2025-01-18 02:15:23 UTC
2025-01-19 13:34:15,784 - INFO - Retrieved article length: 2746 characters
2025-01-19 13:34:15,899 - INFO - DKNG: 1h change of -3.54%
2025-01-19 13:34:15,985 - INFO - DKNG: 1wk change of 5.48%
2025-01-19 13:34:16,120 - INFO - DKNG: 1mo change of -5.26%
2025-01-19 13:34:16,357 - INFO - Retrieved article length: 3585 characters
2025-01-19 13:34:16,608 - INFO - DKS: 1wk change of -2.36%
2025-01-19 13:34:16,621 - INFO - Processing DKNG - 2025-01-14 02:00:21 UTC
2025-01-19 13:34:16,709 - INFO - DKS: 1mo change of 1.58%
2025-01-19 13:34:17,210 - INFO - Processing DKS - 2025-01-10 20:21:00 UTC
2025-01-19 13:34:18,066 - INFO - Retrieved article length: 3249 characters
2025-01-19 13:34:18,241 - INFO - DKNG: 1wk change of 5.48%
2025-01-19 13:34:18,329 - INFO - DKNG: 1mo change of -5.78%
2025-01-19 13:34:18,500 - INFO - Retrieved article length: 7011 characters
2025-01-19 13:34:18,792 - INFO - DKS: 1mo change of 5.57%
2025-01-19 13:34:18,830 - INFO - Processing DKNG - 2025-01-13 17:30:17 UTC
2025-01-19 13:34:19,293 - INFO - Processing DKS - 2025-01-06 16:48:38 UTC
2025-01-19 13:34:19,981 - INFO - Retrieved article length: 5244 characters
2025-01-19 13:34:20,084 - INFO - DKNG: 1h change of 3.44%
2025-01-19 13:34:20,171 - INFO - DKNG: 1wk change of 4.91%
2025-01-19 13:34:20,259 - INFO - DKNG: 1mo change of -7.51%
2025-01-19 13:34:20,581 - INFO - Retrieved article length: 3096 characters
2025-01-19 13:34:20,761 - INFO - Processing DKNG - 2025-01-13 11:23:58 UTC
2025-01-19 13:34:20,779 - INFO - DKS: 1wk change of -3.23%
2025-01-19 13:34:20,878 - INFO - DKS: 1mo change of 6.42%
2025-01-19 13:34:21,379 - INFO - Processing DKS - 2025-01-03 21:51:40 UTC
2025-01-19 13:34:21,941 - INFO - Retrieved article length: 520 characters
2025-01-19 13:34:21,952 - INFO - DKNG: 1h change of 3.44%
2025-01-19 13:34:22,003 - INFO - DKNG: 1wk change of 4.91%
2025-01-19 13:34:22,054 - INFO - DKNG: 1mo change of -7.51%
2025-01-19 13:34:22,555 - INFO - Processing DKNG - 2025-01-12 20:00:00 UTC
2025-01-19 13:34:22,669 - INFO - Retrieved article length: 524 characters
2025-01-19 13:34:22,896 - INFO - DKS: 1wk change of 2.05%
2025-01-19 13:34:23,006 - INFO - DKS: 1mo change of 10.59%
2025-01-19 13:34:23,507 - INFO - Processing DKS - 2025-01-03 19:30:10 UTC
2025-01-19 13:34:23,706 - INFO - Retrieved article length: 11901 characters
2025-01-19 13:34:23,802 - INFO - DKNG: 1h change of 1.12%
2025-01-19 13:34:23,886 - INFO - DKNG: 1wk change of 8.27%
2025-01-19 13:34:23,976 - INFO - DKNG: 1mo change of -7.51%
2025-01-19 13:34:24,690 - INFO - Retrieved article length: 8056 characters
2025-01-19 13:34:24,709 - INFO - DKS: 1wk change of 2.05%
2025-01-19 13:34:24,763 - INFO - DKS: 1mo change of 10.59%
2025-01-19 13:34:25,265 - INFO - Processing DKS - 2024-12-31 00:47:17 UTC
2025-01-19 13:34:25,657 - INFO - Processing DLHC - 2025-01-07 16:12:46 UTC
2025-01-19 13:34:26,532 - INFO - Retrieved article length: 1269 characters
2025-01-19 13:34:26,721 - INFO - DKS: 1wk change of 3.65%
2025-01-19 13:34:26,827 - INFO - DKS: 1mo change of 7.99%
2025-01-19 13:34:27,045 - INFO - Retrieved article length: 1524 characters
2025-01-19 13:34:27,162 - INFO - DLHC: 1h change of -1.37%
2025-01-19 13:34:27,256 - INFO - DLHC: 1wk change of 4.61%
2025-01-19 13:34:27,328 - INFO - Processing DKS - 2024-12-30 19:38:52 UTC
2025-01-19 13:34:27,340 - INFO - DLHC: 1mo change of -7.04%
2025-01-19 13:34:27,842 - INFO - Processing DLHC - 2025-01-06 16:00:00 UTC
2025-01-19 13:34:28,694 - INFO - Retrieved article length: 7854 characters
2025-01-19 13:34:28,887 - INFO - DKS: 1wk change of 6.75%
2025-01-19 13:34:28,997 - INFO - DKS: 1mo change of 6.48%
2025-01-19 13:34:29,348 - INFO - Retrieved article length: 5647 characters
2025-01-19 13:34:29,444 - INFO - DLHC: 1h change of -4.48%
2025-01-19 13:34:29,498 - INFO - Processing DKS - 2024-12-30 10:15:00 UTC
2025-01-19 13:34:29,534 - INFO - DLHC: 1wk change of 2.10%
2025-01-19 13:34:29,620 - INFO - DLHC: 1mo change of -9.07%
2025-01-19 13:34:30,121 - INFO - Processing DLHC - 2024-12-30 14:31:49 UTC
2025-01-19 13:34:31,042 - INFO - Retrieved article length: 13144 characters
2025-01-19 13:34:31,062 - INFO - DKS: 1wk change of 6.75%
2025-01-19 13:34:31,114 - INFO - DKS: 1mo change of 6.48%
2025-01-19 13:34:31,455 - INFO - Retrieved article length: 4619 characters
2025-01-19 13:34:31,551 - INFO - DLHC: 1h change of 6.75%
2025-01-19 13:34:31,636 - INFO - DLHC: 1wk change of 2.48%
2025-01-19 13:34:31,720 - INFO - DLHC: 1mo change of -9.28%
2025-01-19 13:34:32,222 - INFO - Processing DLHC - 2024-12-13 15:57:19 UTC
2025-01-19 13:34:32,733 - INFO - Processing DLO - 2025-01-15 00:31:44 UTC
2025-01-19 13:34:33,484 - INFO - Retrieved article length: 8090 characters
2025-01-19 13:34:33,575 - INFO - DLHC: 1h change of -2.53%
2025-01-19 13:34:33,704 - INFO - DLHC: 1wk change of -9.98%
2025-01-19 13:34:33,791 - INFO - DLHC: 1mo change of -12.56%
2025-01-19 13:34:34,088 - INFO - Retrieved article length: 4809 characters
2025-01-19 13:34:34,181 - INFO - DLO: 1h change of 6.66%
2025-01-19 13:34:34,292 - INFO - Processing DLHC - 2024-12-08 17:54:32 UTC
2025-01-19 13:34:34,358 - INFO - DLO: 1mo change of 1.29%
2025-01-19 13:34:34,860 - INFO - Processing DLO - 2025-01-08 18:11:45 UTC
2025-01-19 13:34:35,495 - INFO - Retrieved article length: 4541 characters
2025-01-19 13:34:35,598 - INFO - DLHC: 1h change of -8.56%
2025-01-19 13:34:35,687 - INFO - DLHC: 1wk change of -9.04%
2025-01-19 13:34:35,774 - INFO - DLHC: 1mo change of -6.27%
2025-01-19 13:34:36,077 - INFO - Retrieved article length: 2679 characters
2025-01-19 13:34:36,167 - INFO - DLO: 1h change of -3.21%
2025-01-19 13:34:36,276 - INFO - Processing DLHC - 2024-12-06 10:02:14 UTC
2025-01-19 13:34:36,313 - INFO - DLO: 1wk change of 5.35%
2025-01-19 13:34:36,400 - INFO - DLO: 1mo change of 6.49%
2025-01-19 13:34:36,901 - INFO - Processing DLO - 2024-12-20 15:17:42 UTC
2025-01-19 13:34:37,439 - INFO - Retrieved article length: 5129 characters
2025-01-19 13:34:37,536 - INFO - DLHC: 1h change of -7.33%
2025-01-19 13:34:37,627 - INFO - DLHC: 1wk change of -11.46%
2025-01-19 13:34:37,728 - INFO - DLHC: 1mo change of -2.00%
2025-01-19 13:34:38,108 - INFO - Retrieved article length: 2171 characters
2025-01-19 13:34:38,200 - INFO - DLO: 1h change of -7.49%
2025-01-19 13:34:38,229 - INFO - Processing DLHC - 2024-12-05 00:15:00 UTC
2025-01-19 13:34:38,288 - INFO - DLO: 1wk change of -2.71%
2025-01-19 13:34:38,379 - INFO - DLO: 1mo change of 19.41%
2025-01-19 13:34:38,880 - INFO - Processing DLO - 2024-12-18 20:24:49 UTC
2025-01-19 13:34:39,767 - INFO - Retrieved article length: 21271 characters
2025-01-19 13:34:39,864 - INFO - DLHC: 1h change of -7.17%
2025-01-19 13:34:39,951 - INFO - DLHC: 1wk change of -13.29%
2025-01-19 13:34:40,037 - INFO - DLHC: 1mo change of -2.96%
2025-01-19 13:34:40,306 - INFO - Retrieved article length: 530 characters
2025-01-19 13:34:40,398 - INFO - DLO: 1h change of -4.56%
2025-01-19 13:34:40,485 - INFO - DLO: 1wk change of -2.04%
2025-01-19 13:34:40,539 - INFO - Processing DLHC - 2024-12-04 15:03:31 UTC
2025-01-19 13:34:40,570 - INFO - DLO: 1mo change of 30.64%
2025-01-19 13:34:41,071 - INFO - Processing DLO - 2024-12-18 19:36:40 UTC
2025-01-19 13:34:41,956 - INFO - Retrieved article length: 3198 characters
2025-01-19 13:34:42,045 - INFO - DLHC: 1h change of -1.57%
2025-01-19 13:34:42,130 - INFO - DLHC: 1wk change of -13.29%
2025-01-19 13:34:42,217 - INFO - DLHC: 1mo change of -6.12%
2025-01-19 13:34:42,368 - INFO - Retrieved article length: 2095 characters
2025-01-19 13:34:42,379 - INFO - DLO: 1h change of -4.56%
2025-01-19 13:34:42,385 - INFO - DLO: 1wk change of -2.04%
2025-01-19 13:34:42,437 - INFO - DLO: 1mo change of 30.64%
2025-01-19 13:34:42,938 - INFO - Processing DLO - 2024-12-18 18:18:07 UTC
2025-01-19 13:34:43,874 - INFO - Processing DLPN - 2025-01-16 17:00:00 UTC
2025-01-19 13:34:44,143 - INFO - Retrieved article length: 497 characters
2025-01-19 13:34:44,153 - INFO - DLO: 1h change of -4.56%
2025-01-19 13:34:44,160 - INFO - DLO: 1wk change of -2.04%
2025-01-19 13:34:44,211 - INFO - DLO: 1mo change of 30.64%
2025-01-19 13:34:44,712 - INFO - Processing DLO - 2024-12-18 17:55:05 UTC
2025-01-19 13:34:45,084 - INFO - Retrieved article length: 7118 characters
2025-01-19 13:34:45,261 - INFO - DLPN: 1wk change of -20.00%
2025-01-19 13:34:45,408 - INFO - DLPN: 1mo change of -6.31%
2025-01-19 13:34:45,909 - INFO - Processing DLPN - 2025-01-14 17:00:00 UTC
2025-01-19 13:34:45,965 - INFO - Retrieved article length: 2746 characters
2025-01-19 13:34:45,976 - INFO - DLO: 1h change of -4.56%
2025-01-19 13:34:45,985 - INFO - DLO: 1wk change of -2.04%
2025-01-19 13:34:46,039 - INFO - DLO: 1mo change of 30.64%
2025-01-19 13:34:46,539 - INFO - Processing DLO - 2024-12-14 15:00:00 UTC
2025-01-19 13:34:47,122 - INFO - Retrieved article length: 7323 characters
2025-01-19 13:34:47,354 - INFO - DLPN: 1wk change of -20.00%
2025-01-19 13:34:47,484 - INFO - DLPN: 1mo change of -7.14%
2025-01-19 13:34:47,764 - INFO - Retrieved article length: 10126 characters
2025-01-19 13:34:47,947 - INFO - DLO: 1wk change of 4.60%
2025-01-19 13:34:47,986 - INFO - Processing DLPN - 2025-01-07 17:00:00 UTC
2025-01-19 13:34:48,044 - INFO - DLO: 1mo change of 36.53%
2025-01-19 13:34:49,448 - INFO - Retrieved article length: 5267 characters
2025-01-19 13:34:49,534 - INFO - DLPN: 1h change of -9.25%
2025-01-19 13:34:49,626 - INFO - DLPN: 1wk change of -2.88%
2025-01-19 13:34:49,709 - INFO - Processing DLR - 2025-01-17 18:38:29 UTC
2025-01-19 13:34:49,712 - INFO - DLPN: 1mo change of -19.38%
2025-01-19 13:34:50,213 - INFO - Processing DLPN - 2024-12-23 17:00:00 UTC
2025-01-19 13:34:50,858 - INFO - Retrieved article length: 535 characters
2025-01-19 13:34:51,166 - INFO - DLR: 1mo change of -3.57%
2025-01-19 13:34:51,667 - INFO - Processing DLR - 2025-01-15 19:02:46 UTC
2025-01-19 13:34:51,763 - INFO - Retrieved article length: 10254 characters
2025-01-19 13:34:51,865 - INFO - DLPN: 1h change of -1.84%
2025-01-19 13:34:52,002 - INFO - DLPN: 1wk change of -8.55%
2025-01-19 13:34:52,100 - INFO - DLPN: 1mo change of -4.59%
2025-01-19 13:34:52,602 - INFO - Processing DLPN - 2024-12-17 17:00:00 UTC
2025-01-19 13:34:52,823 - INFO - Retrieved article length: 1234 characters
2025-01-19 13:34:52,911 - INFO - DLR: 1h change of 4.96%
2025-01-19 13:34:53,144 - INFO - DLR: 1mo change of -4.07%
2025-01-19 13:34:53,645 - INFO - Processing DLR - 2025-01-15 17:33:19 UTC
2025-01-19 13:34:53,941 - INFO - Retrieved article length: 6611 characters
2025-01-19 13:34:54,113 - INFO - DLPN: 1wk change of 1.79%
2025-01-19 13:34:54,199 - INFO - DLPN: 1mo change of -16.80%
2025-01-19 13:34:54,701 - INFO - Processing DLPN - 2024-12-10 17:15:00 UTC
2025-01-19 13:34:54,917 - INFO - Retrieved article length: 5322 characters
2025-01-19 13:34:54,932 - INFO - DLR: 1h change of 4.96%
2025-01-19 13:34:55,030 - INFO - DLR: 1mo change of -4.07%
2025-01-19 13:34:55,531 - INFO - Processing DLR - 2025-01-15 13:34:20 UTC
2025-01-19 13:34:55,943 - INFO - Retrieved article length: 8883 characters
2025-01-19 13:34:56,036 - INFO - DLPN: 1h change of 6.36%
2025-01-19 13:34:56,121 - INFO - DLPN: 1wk change of -16.00%
2025-01-19 13:34:56,205 - INFO - DLPN: 1mo change of -12.93%
2025-01-19 13:34:56,666 - INFO - Retrieved article length: 537 characters
2025-01-19 13:34:56,706 - INFO - Processing DLPN - 2024-11-21 17:00:00 UTC
2025-01-19 13:34:56,747 - INFO - DLR: 1h change of 4.96%
2025-01-19 13:34:56,843 - INFO - DLR: 1mo change of -4.07%
2025-01-19 13:34:57,345 - INFO - Processing DLR - 2025-01-15 13:15:28 UTC
2025-01-19 13:34:58,088 - INFO - Retrieved article length: 8261 characters
2025-01-19 13:34:58,186 - INFO - DLPN: 1h change of -1.83%
2025-01-19 13:34:58,271 - INFO - DLPN: 1wk change of -11.81%
2025-01-19 13:34:58,356 - INFO - DLPN: 1mo change of -28.17%
2025-01-19 13:34:58,502 - INFO - Retrieved article length: 2346 characters
2025-01-19 13:34:58,513 - INFO - DLR: 1h change of 4.96%
2025-01-19 13:34:58,611 - INFO - DLR: 1mo change of -4.07%
2025-01-19 13:34:58,858 - INFO - Processing DLPN - 2024-11-19 21:36:18 UTC
2025-01-19 13:34:59,113 - INFO - Processing DLR - 2025-01-14 19:36:08 UTC
2025-01-19 13:35:00,083 - INFO - Retrieved article length: 2036 characters
2025-01-19 13:35:00,251 - INFO - DLPN: 1wk change of -14.17%
2025-01-19 13:35:00,342 - INFO - DLPN: 1mo change of -34.93%
2025-01-19 13:35:00,357 - INFO - Retrieved article length: 5419 characters
2025-01-19 13:35:00,446 - INFO - DLR: 1h change of 1.86%
2025-01-19 13:35:00,700 - INFO - DLR: 1mo change of -3.29%
2025-01-19 13:35:01,201 - INFO - Processing DLR - 2025-01-10 19:36:00 UTC
2025-01-19 13:35:01,993 - INFO - Processing DLTR - 2025-01-18 02:00:20 UTC
2025-01-19 13:35:02,268 - INFO - Retrieved article length: 5043 characters
2025-01-19 13:35:02,361 - INFO - DLR: 1h change of -3.67%
2025-01-19 13:35:02,573 - INFO - DLR: 1mo change of -6.79%
2025-01-19 13:35:03,074 - INFO - Processing DLR - 2025-01-09 08:01:00 UTC
2025-01-19 13:35:03,146 - INFO - Retrieved article length: 3669 characters
2025-01-19 13:35:03,252 - INFO - DLTR: 1h change of 5.57%
2025-01-19 13:35:03,422 - INFO - DLTR: 1mo change of 2.91%
2025-01-19 13:35:03,924 - INFO - Processing DLTR - 2025-01-17 20:02:25 UTC
2025-01-19 13:35:04,372 - INFO - Retrieved article length: 361 characters
2025-01-19 13:35:04,464 - INFO - DLR: 1h change of -2.88%
2025-01-19 13:35:04,574 - INFO - DLR: 1wk change of 1.25%
2025-01-19 13:35:04,681 - INFO - DLR: 1mo change of -6.01%
2025-01-19 13:35:05,159 - INFO - Retrieved article length: 1373 characters
2025-01-19 13:35:05,266 - INFO - DLTR: 1h change of 1.38%
2025-01-19 13:35:05,374 - INFO - DLTR: 1wk change of -3.92%
2025-01-19 13:35:05,470 - INFO - DLTR: 1mo change of 2.82%
2025-01-19 13:35:05,972 - INFO - Processing DLTR - 2025-01-17 17:21:19 UTC
2025-01-19 13:35:06,300 - INFO - Processing DMAC - 2024-12-19 14:34:39 UTC
2025-01-19 13:35:07,101 - INFO - Retrieved article length: 529 characters
2025-01-19 13:35:07,117 - INFO - DLTR: 1h change of 1.38%
2025-01-19 13:35:07,167 - INFO - DLTR: 1wk change of -3.92%
2025-01-19 13:35:07,216 - INFO - DLTR: 1mo change of 2.82%
2025-01-19 13:35:07,427 - INFO - Retrieved article length: 5783 characters
2025-01-19 13:35:07,517 - INFO - DMAC: 1h change of 5.71%
2025-01-19 13:35:07,614 - INFO - DMAC: 1wk change of 1.50%
2025-01-19 13:35:07,717 - INFO - Processing DLTR - 2025-01-17 02:15:23 UTC
2025-01-19 13:35:07,735 - INFO - DMAC: 1mo change of 38.59%
2025-01-19 13:35:08,236 - INFO - Processing DMAC - 2024-12-03 16:25:00 UTC
2025-01-19 13:35:08,850 - INFO - Retrieved article length: 3677 characters
2025-01-19 13:35:08,863 - INFO - DLTR: 1h change of 1.38%
2025-01-19 13:35:08,916 - INFO - DLTR: 1wk change of -3.92%
2025-01-19 13:35:08,964 - INFO - DLTR: 1mo change of 2.82%
2025-01-19 13:35:09,466 - INFO - Processing DLTR - 2025-01-16 17:00:12 UTC
2025-01-19 13:35:09,736 - INFO - Retrieved article length: 14086 characters
2025-01-19 13:35:09,828 - INFO - DMAC: 1h change of -3.72%
2025-01-19 13:35:09,965 - INFO - DMAC: 1wk change of 22.08%
2025-01-19 13:35:10,057 - INFO - DMAC: 1mo change of 25.69%
2025-01-19 13:35:10,558 - INFO - Processing DMAC - 2024-11-16 15:51:14 UTC
2025-01-19 13:35:10,630 - INFO - Retrieved article length: 5937 characters
2025-01-19 13:35:10,722 - INFO - DLTR: 1h change of 2.24%
2025-01-19 13:35:10,808 - INFO - DLTR: 1wk change of -5.93%
2025-01-19 13:35:10,895 - INFO - DLTR: 1mo change of 1.75%
2025-01-19 13:35:11,397 - INFO - Processing DLTR - 2025-01-16 12:08:17 UTC
2025-01-19 13:35:11,706 - INFO - Retrieved article length: 5114 characters
2025-01-19 13:35:11,794 - INFO - DMAC: 1h change of -6.77%
2025-01-19 13:35:11,880 - INFO - DMAC: 1wk change of 6.70%
2025-01-19 13:35:11,967 - INFO - DMAC: 1mo change of 43.72%
2025-01-19 13:35:12,468 - INFO - Processing DMAC - 2024-11-15 10:06:03 UTC
2025-01-19 13:35:12,591 - INFO - Retrieved article length: 4104 characters
2025-01-19 13:35:12,604 - INFO - DLTR: 1h change of 2.24%
2025-01-19 13:35:12,790 - INFO - DLTR: 1wk change of -5.93%
2025-01-19 13:35:12,839 - INFO - DLTR: 1mo change of 1.75%
2025-01-19 13:35:13,340 - INFO - Processing DLTR - 2025-01-14 00:19:12 UTC
2025-01-19 13:35:13,714 - INFO - Retrieved article length: 19578 characters
2025-01-19 13:35:13,826 - INFO - DMAC: 1h change of -7.31%
2025-01-19 13:35:13,913 - INFO - DMAC: 1wk change of 7.55%
2025-01-19 13:35:14,002 - INFO - DMAC: 1mo change of 14.59%
2025-01-19 13:35:14,455 - INFO - Retrieved article length: 3020 characters
2025-01-19 13:35:14,503 - INFO - Processing DMAC - 2024-11-14 00:20:00 UTC
2025-01-19 13:35:14,635 - INFO - DLTR: 1wk change of -5.93%
2025-01-19 13:35:14,776 - INFO - DLTR: 1mo change of -1.00%
2025-01-19 13:35:15,278 - INFO - Processing DLTR - 2025-01-13 16:03:00 UTC
2025-01-19 13:35:15,850 - INFO - Retrieved article length: 23958 characters
2025-01-19 13:35:15,941 - INFO - DMAC: 1h change of -5.68%
2025-01-19 13:35:16,023 - INFO - DMAC: 1wk change of 6.09%
2025-01-19 13:35:16,111 - INFO - DMAC: 1mo change of 9.05%
2025-01-19 13:35:16,558 - INFO - Retrieved article length: 5719 characters
2025-01-19 13:35:16,612 - INFO - Processing DMAC - 2024-11-14 00:05:00 UTC
2025-01-19 13:35:16,649 - INFO - DLTR: 1h change of -1.10%
2025-01-19 13:35:16,736 - INFO - DLTR: 1wk change of -1.76%
2025-01-19 13:35:17,850 - INFO - Retrieved article length: 9506 characters
2025-01-19 13:35:17,860 - INFO - DMAC: 1h change of -5.68%
2025-01-19 13:35:17,867 - INFO - DMAC: 1wk change of 6.09%
2025-01-19 13:35:17,876 - INFO - DMAC: 1mo change of 9.05%
2025-01-19 13:35:18,377 - INFO - Processing DMAC - 2024-11-12 16:23:00 UTC
2025-01-19 13:35:18,492 - INFO - Processing DNA - 2025-01-13 16:01:00 UTC
2025-01-19 13:35:19,567 - INFO - Retrieved article length: 1726 characters
2025-01-19 13:35:19,711 - INFO - Retrieved article length: 8018 characters
2025-01-19 13:35:19,746 - INFO - DMAC: 1wk change of -5.64%
2025-01-19 13:35:19,802 - INFO - DNA: 1h change of -3.48%
2025-01-19 13:35:19,832 - INFO - DMAC: 1mo change of 14.19%
2025-01-19 13:35:19,886 - INFO - DNA: 1wk change of -6.15%
2025-01-19 13:35:19,976 - INFO - DNA: 1mo change of 1.21%
2025-01-19 13:35:20,334 - INFO - Processing DMAC - 2024-11-06 16:32:00 UTC
2025-01-19 13:35:20,477 - INFO - Processing DNA - 2025-01-09 16:00:00 UTC
2025-01-19 13:35:21,598 - INFO - Retrieved article length: 2339 characters
2025-01-19 13:35:21,692 - INFO - DMAC: 1h change of -2.22%
2025-01-19 13:35:21,778 - INFO - DMAC: 1wk change of -6.74%
2025-01-19 13:35:21,790 - INFO - Retrieved article length: 1863 characters
2025-01-19 13:35:21,865 - INFO - DMAC: 1mo change of 15.96%
2025-01-19 13:35:21,901 - INFO - DNA: 1h change of -18.85%
2025-01-19 13:35:21,985 - INFO - DNA: 1wk change of 14.72%
2025-01-19 13:35:22,075 - INFO - DNA: 1mo change of 12.00%
2025-01-19 13:35:22,576 - INFO - Processing DNA - 2024-12-17 20:00:10 UTC
2025-01-19 13:35:23,529 - INFO - Processing DNB - 2024-12-12 00:10:00 UTC
2025-01-19 13:35:23,812 - INFO - Retrieved article length: 4598 characters
2025-01-19 13:35:23,917 - INFO - DNA: 1h change of -11.44%
2025-01-19 13:35:24,011 - INFO - DNA: 1wk change of -4.49%
2025-01-19 13:35:24,096 - INFO - DNA: 1mo change of 29.08%
2025-01-19 13:35:24,597 - INFO - Processing DNA - 2024-12-17 16:11:00 UTC
2025-01-19 13:35:24,939 - INFO - Retrieved article length: 4591 characters
2025-01-19 13:35:25,117 - INFO - DNB: 1wk change of -2.06%
2025-01-19 13:35:25,207 - INFO - DNB: 1mo change of -7.74%
2025-01-19 13:35:25,708 - INFO - Processing DNB - 2024-11-22 19:07:53 UTC
2025-01-19 13:35:25,770 - INFO - Retrieved article length: 8639 characters
2025-01-19 13:35:25,781 - INFO - DNA: 1h change of -11.44%
2025-01-19 13:35:25,788 - INFO - DNA: 1wk change of -4.49%
2025-01-19 13:35:25,839 - INFO - DNA: 1mo change of 29.08%
2025-01-19 13:35:26,340 - INFO - Processing DNA - 2024-11-15 14:37:27 UTC
2025-01-19 13:35:26,878 - INFO - Retrieved article length: 6247 characters
2025-01-19 13:35:26,968 - INFO - DNB: 1h change of 3.28%
2025-01-19 13:35:27,060 - INFO - DNB: 1wk change of 1.68%
2025-01-19 13:35:27,149 - INFO - DNB: 1mo change of 7.27%
2025-01-19 13:35:27,587 - INFO - Retrieved article length: 1986 characters
2025-01-19 13:35:27,651 - INFO - Processing DNB - 2024-11-20 00:10:00 UTC
2025-01-19 13:35:27,676 - INFO - DNA: 1h change of -24.08%
2025-01-19 13:35:27,761 - INFO - DNA: 1wk change of -10.14%
2025-01-19 13:35:27,879 - INFO - DNA: 1mo change of 19.24%
2025-01-19 13:35:28,380 - INFO - Processing DNA - 2024-11-13 01:01:00 UTC
2025-01-19 13:35:28,870 - INFO - Retrieved article length: 6042 characters
2025-01-19 13:35:28,961 - INFO - DNB: 1h change of 2.35%
2025-01-19 13:35:29,142 - INFO - DNB: 1mo change of 7.51%
2025-01-19 13:35:29,643 - INFO - Processing DNB - 2024-11-09 15:14:12 UTC
2025-01-19 13:35:29,956 - INFO - Retrieved article length: 26429 characters
2025-01-19 13:35:30,047 - INFO - DNA: 1h change of -16.36%
2025-01-19 13:35:30,139 - INFO - DNA: 1wk change of -5.90%
2025-01-19 13:35:30,224 - INFO - DNA: 1mo change of 21.49%
2025-01-19 13:35:30,725 - INFO - Processing DNA - 2024-11-12 16:01:00 UTC
2025-01-19 13:35:30,889 - INFO - Retrieved article length: 4058 characters
2025-01-19 13:35:30,977 - INFO - DNB: 1h change of 1.07%
2025-01-19 13:35:31,071 - INFO - DNB: 1wk change of 11.44%
2025-01-19 13:35:31,163 - INFO - DNB: 1mo change of 9.77%
2025-01-19 13:35:31,664 - INFO - Processing DNB - 2024-11-01 13:14:58 UTC
2025-01-19 13:35:31,934 - INFO - Retrieved article length: 5918 characters
2025-01-19 13:35:32,024 - INFO - DNA: 1h change of -1.60%
2025-01-19 13:35:32,110 - INFO - DNA: 1wk change of -13.63%
2025-01-19 13:35:32,195 - INFO - DNA: 1mo change of 13.07%
2025-01-19 13:35:32,696 - INFO - Processing DNA - 2024-11-05 15:00:00 UTC
2025-01-19 13:35:32,956 - INFO - Retrieved article length: 2036 characters
2025-01-19 13:35:33,076 - INFO - DNB: 1h change of 8.27%
2025-01-19 13:35:33,169 - INFO - DNB: 1wk change of 11.38%
2025-01-19 13:35:33,261 - INFO - DNB: 1mo change of 9.28%
2025-01-19 13:35:33,762 - INFO - Processing DNB - 2024-11-01 10:07:24 UTC
2025-01-19 13:35:33,984 - INFO - Retrieved article length: 2118 characters
2025-01-19 13:35:34,078 - INFO - DNA: 1h change of 5.87%
2025-01-19 13:35:34,164 - INFO - DNA: 1wk change of -11.61%
2025-01-19 13:35:34,303 - INFO - DNA: 1mo change of 40.79%
2025-01-19 13:35:35,150 - INFO - Retrieved article length: 5550 characters
2025-01-19 13:35:35,162 - INFO - DNB: 1h change of 8.27%
2025-01-19 13:35:35,170 - INFO - DNB: 1wk change of 11.38%
2025-01-19 13:35:35,180 - INFO - DNB: 1mo change of 9.28%
2025-01-19 13:35:35,681 - INFO - Processing DNB - 2024-11-01 08:47:18 UTC
2025-01-19 13:35:35,981 - INFO - Processing DNLI - 2025-01-17 19:18:02 UTC
2025-01-19 13:35:36,914 - INFO - Retrieved article length: 44603 characters
2025-01-19 13:35:36,927 - INFO - DNB: 1h change of 8.27%
2025-01-19 13:35:36,936 - INFO - DNB: 1wk change of 11.38%
2025-01-19 13:35:36,946 - INFO - DNB: 1mo change of 9.28%
2025-01-19 13:35:37,303 - INFO - Retrieved article length: 6166 characters
2025-01-19 13:35:37,416 - INFO - DNLI: 1h change of 2.72%
2025-01-19 13:35:37,447 - INFO - Processing DNB - 2024-11-01 03:00:02 UTC
2025-01-19 13:35:37,504 - INFO - DNLI: 1wk change of 3.54%
2025-01-19 13:35:37,599 - INFO - DNLI: 1mo change of -4.53%
2025-01-19 13:35:38,101 - INFO - Processing DNLI - 2025-01-13 16:00:00 UTC
2025-01-19 13:35:38,704 - INFO - Retrieved article length: 3353 characters
2025-01-19 13:35:38,715 - INFO - DNB: 1h change of 8.27%
2025-01-19 13:35:38,723 - INFO - DNB: 1wk change of 11.38%
2025-01-19 13:35:38,733 - INFO - DNB: 1mo change of 9.28%
2025-01-19 13:35:39,424 - INFO - Retrieved article length: 13237 characters
2025-01-19 13:35:39,518 - INFO - DNLI: 1h change of -2.19%
2025-01-19 13:35:39,606 - INFO - DNLI: 1wk change of 3.15%
2025-01-19 13:35:39,696 - INFO - DNLI: 1mo change of -12.14%
2025-01-19 13:35:40,197 - INFO - Processing DNLI - 2025-01-09 19:20:00 UTC
2025-01-19 13:35:40,396 - INFO - Processing DNOW - 2025-01-13 12:04:21 UTC
2025-01-19 13:35:41,436 - INFO - Retrieved article length: 5831 characters
2025-01-19 13:35:41,529 - INFO - DNLI: 1h change of -8.34%
2025-01-19 13:35:41,577 - INFO - Retrieved article length: 4084 characters
2025-01-19 13:35:41,622 - INFO - DNLI: 1wk change of 8.35%
2025-01-19 13:35:41,691 - INFO - DNOW: 1h change of 3.27%
2025-01-19 13:35:41,712 - INFO - DNLI: 1mo change of -5.96%
2025-01-19 13:35:41,779 - INFO - DNOW: 1wk change of 4.65%
2025-01-19 13:35:41,864 - INFO - DNOW: 1mo change of -7.05%
2025-01-19 13:35:42,213 - INFO - Processing DNLI - 2025-01-08 18:51:44 UTC
2025-01-19 13:35:42,365 - INFO - Processing DNOW - 2024-11-26 14:45:00 UTC
2025-01-19 13:35:43,559 - INFO - Retrieved article length: 526 characters
2025-01-19 13:35:43,657 - INFO - DNLI: 1h change of 3.73%
2025-01-19 13:35:43,671 - INFO - Retrieved article length: 3435 characters
2025-01-19 13:35:43,812 - INFO - DNLI: 1wk change of 8.35%
2025-01-19 13:35:43,868 - INFO - DNOW: 1wk change of 3.19%
2025-01-19 13:35:43,897 - INFO - DNLI: 1mo change of -7.47%
2025-01-19 13:35:43,959 - INFO - DNOW: 1mo change of 6.87%
2025-01-19 13:35:44,399 - INFO - Processing DNLI - 2025-01-08 16:00:00 UTC
2025-01-19 13:35:44,460 - INFO - Processing DNOW - 2024-11-08 12:17:00 UTC
2025-01-19 13:35:45,682 - INFO - Retrieved article length: 6790 characters
2025-01-19 13:35:45,718 - INFO - Retrieved article length: 8622 characters
2025-01-19 13:35:45,732 - INFO - DNLI: 1h change of 3.73%
2025-01-19 13:35:45,739 - INFO - DNLI: 1wk change of 8.35%
2025-01-19 13:35:45,770 - INFO - DNOW: 1h change of 6.99%
2025-01-19 13:35:45,788 - INFO - DNLI: 1mo change of -7.47%
2025-01-19 13:35:45,861 - INFO - DNOW: 1wk change of 23.35%
2025-01-19 13:35:45,958 - INFO - DNOW: 1mo change of 14.92%
2025-01-19 13:35:46,290 - INFO - Processing DNLI - 2025-01-08 15:25:39 UTC
2025-01-19 13:35:46,459 - INFO - Processing DNOW - 2024-11-07 15:34:06 UTC
2025-01-19 13:35:47,653 - INFO - Retrieved article length: 6800 characters
2025-01-19 13:35:47,741 - INFO - Retrieved article length: 1709 characters
2025-01-19 13:35:47,752 - INFO - DNOW: 1h change of 18.96%
2025-01-19 13:35:47,757 - INFO - DNLI: 1h change of 3.73%
2025-01-19 13:35:47,769 - INFO - DNLI: 1wk change of 8.35%
2025-01-19 13:35:47,817 - INFO - DNLI: 1mo change of -7.47%
2025-01-19 13:35:47,840 - INFO - DNOW: 1wk change of 19.95%
2025-01-19 13:35:47,932 - INFO - DNOW: 1mo change of 18.95%
2025-01-19 13:35:48,318 - INFO - Processing DNLI - 2025-01-08 00:33:00 UTC
2025-01-19 13:35:48,433 - INFO - Processing DNOW - 2024-11-07 14:45:00 UTC
2025-01-19 13:35:49,742 - INFO - Retrieved article length: 11362 characters
2025-01-19 13:35:49,748 - INFO - Retrieved article length: 253 characters
2025-01-19 13:35:49,753 - INFO - DNOW: 1h change of 18.96%
2025-01-19 13:35:49,763 - INFO - DNOW: 1wk change of 19.95%
2025-01-19 13:35:49,771 - INFO - DNOW: 1mo change of 18.95%
2025-01-19 13:35:49,832 - INFO - DNLI: 1h change of 3.73%
2025-01-19 13:35:49,839 - INFO - DNLI: 1wk change of 8.35%
2025-01-19 13:35:49,899 - INFO - DNLI: 1mo change of -7.47%
2025-01-19 13:35:50,273 - INFO - Processing DNOW - 2024-11-06 10:18:16 UTC
2025-01-19 13:35:50,400 - INFO - Processing DNLI - 2025-01-08 00:08:11 UTC
2025-01-19 13:35:51,480 - INFO - Retrieved article length: 2418 characters
2025-01-19 13:35:51,571 - INFO - DNOW: 1h change of 16.05%
2025-01-19 13:35:51,657 - INFO - DNOW: 1wk change of 19.95%
2025-01-19 13:35:51,745 - INFO - DNOW: 1mo change of 16.71%
2025-01-19 13:35:51,785 - INFO - Retrieved article length: 149 characters
2025-01-19 13:35:51,797 - INFO - DNLI: 1h change of 3.73%
2025-01-19 13:35:51,805 - INFO - DNLI: 1wk change of 8.35%
2025-01-19 13:35:51,853 - INFO - DNLI: 1mo change of -7.47%
2025-01-19 13:35:53,441 - INFO - Processing DNP - 2025-01-10 01:00:00 UTC
2025-01-19 13:35:53,508 - INFO - Processing DNTH - 2025-01-08 15:00:00 UTC
2025-01-19 13:35:54,835 - INFO - Retrieved article length: 1644 characters
2025-01-19 13:35:54,841 - INFO - Retrieved article length: 3497 characters
2025-01-19 13:35:54,935 - INFO - DNP: 1h change of 1.55%
2025-01-19 13:35:54,978 - INFO - DNTH: 1h change of -6.21%
2025-01-19 13:35:55,065 - INFO - DNTH: 1wk change of -6.98%
2025-01-19 13:35:55,070 - INFO - DNP: 1wk change of 6.46%
2025-01-19 13:35:55,148 - INFO - DNTH: 1mo change of -18.96%
2025-01-19 13:35:55,650 - INFO - Processing DNTH - 2024-11-10 16:05:43 UTC
2025-01-19 13:35:55,705 - INFO - Processing DNP - 2024-12-17 01:00:00 UTC
2025-01-19 13:35:56,986 - INFO - Retrieved article length: 1915 characters
2025-01-19 13:35:57,053 - INFO - Retrieved article length: 4571 characters
2025-01-19 13:35:57,079 - INFO - DNTH: 1h change of -6.67%
2025-01-19 13:35:57,146 - INFO - DNP: 1h change of -5.05%
2025-01-19 13:35:57,166 - INFO - DNTH: 1wk change of -20.06%
2025-01-19 13:35:57,255 - INFO - DNTH: 1mo change of -10.08%
2025-01-19 13:35:57,278 - INFO - DNP: 1wk change of -4.16%
2025-01-19 13:35:57,432 - INFO - DNP: 1mo change of 1.74%
2025-01-19 13:35:57,756 - INFO - Processing DNTH - 2024-11-08 00:01:00 UTC
2025-01-19 13:35:59,044 - INFO - Retrieved article length: 14885 characters
2025-01-19 13:35:59,104 - INFO - Processing DNUT - 2025-01-17 12:01:45 UTC
2025-01-19 13:35:59,216 - INFO - DNTH: 1wk change of -15.82%
2025-01-19 13:35:59,298 - INFO - DNTH: 1mo change of -16.07%
2025-01-19 13:35:59,799 - INFO - Processing DNTH - 2024-11-04 15:00:00 UTC
2025-01-19 13:36:00,297 - INFO - Retrieved article length: 5992 characters
2025-01-19 13:36:00,397 - INFO - DNUT: 1h change of -4.29%
2025-01-19 13:36:00,485 - INFO - DNUT: 1wk change of -11.55%
2025-01-19 13:36:00,573 - INFO - DNUT: 1mo change of -13.16%
2025-01-19 13:36:01,070 - INFO - Retrieved article length: 1874 characters
2025-01-19 13:36:01,073 - INFO - Processing DNUT - 2025-01-16 12:04:08 UTC
2025-01-19 13:36:01,191 - INFO - DNTH: 1h change of 2.31%
2025-01-19 13:36:01,278 - INFO - DNTH: 1wk change of -4.91%
2025-01-19 13:36:01,364 - INFO - DNTH: 1mo change of -10.92%
2025-01-19 13:36:02,277 - INFO - Retrieved article length: 5933 characters
2025-01-19 13:36:02,380 - INFO - DNUT: 1h change of -3.60%
2025-01-19 13:36:02,468 - INFO - DNUT: 1wk change of -11.46%
2025-01-19 13:36:02,565 - INFO - DNUT: 1mo change of -14.80%
2025-01-19 13:36:03,040 - INFO - Processing DOC - 2025-01-16 00:15:00 UTC
2025-01-19 13:36:03,066 - INFO - Processing DNUT - 2025-01-14 12:01:45 UTC
2025-01-19 13:36:04,457 - INFO - Retrieved article length: 6181 characters
2025-01-19 13:36:04,523 - INFO - Retrieved article length: 3303 characters
2025-01-19 13:36:04,553 - INFO - DNUT: 1h change of -1.11%
2025-01-19 13:36:04,623 - INFO - DOC: 1h change of 3.08%
2025-01-19 13:36:04,650 - INFO - DNUT: 1wk change of -11.46%
2025-01-19 13:36:04,742 - INFO - DNUT: 1mo change of -15.13%
2025-01-19 13:36:04,750 - INFO - DOC: 1wk change of 3.80%
2025-01-19 13:36:05,243 - INFO - Processing DNUT - 2025-01-10 14:23:00 UTC
2025-01-19 13:36:05,375 - INFO - Processing DOC - 2025-01-09 17:00:13 UTC
2025-01-19 13:36:06,589 - INFO - Retrieved article length: 6464 characters
2025-01-19 13:36:06,687 - INFO - DNUT: 1h change of -1.49%
2025-01-19 13:36:06,775 - INFO - DNUT: 1wk change of -13.60%
2025-01-19 13:36:06,792 - INFO - Retrieved article length: 3071 characters
2025-01-19 13:36:06,874 - INFO - DNUT: 1mo change of -16.13%
2025-01-19 13:36:06,936 - INFO - DOC: 1h change of -1.80%
2025-01-19 13:36:07,356 - INFO - DOC: 1wk change of 4.00%
2025-01-19 13:36:07,375 - INFO - Processing DNUT - 2025-01-10 13:02:29 UTC
2025-01-19 13:36:07,511 - INFO - DOC: 1mo change of -3.30%
2025-01-19 13:36:08,012 - INFO - Processing DOC - 2025-01-08 00:15:00 UTC
2025-01-19 13:36:08,681 - INFO - Retrieved article length: 2618 characters
2025-01-19 13:36:08,692 - INFO - DNUT: 1h change of -1.49%
2025-01-19 13:36:08,758 - INFO - DNUT: 1wk change of -13.60%
2025-01-19 13:36:08,805 - INFO - DNUT: 1mo change of -16.13%
2025-01-19 13:36:09,307 - INFO - Processing DNUT - 2025-01-10 12:00:00 UTC
2025-01-19 13:36:09,343 - INFO - Retrieved article length: 1844 characters
2025-01-19 13:36:09,569 - INFO - DOC: 1wk change of 4.00%
2025-01-19 13:36:09,693 - INFO - DOC: 1mo change of -2.44%
2025-01-19 13:36:10,194 - INFO - Processing DOC - 2025-01-02 18:40:33 UTC
2025-01-19 13:36:10,517 - INFO - Retrieved article length: 3488 characters
2025-01-19 13:36:10,528 - INFO - DNUT: 1h change of -1.49%
2025-01-19 13:36:10,577 - INFO - DNUT: 1wk change of -13.60%
2025-01-19 13:36:10,627 - INFO - DNUT: 1mo change of -16.13%
2025-01-19 13:36:11,128 - INFO - Processing DNUT - 2025-01-09 16:48:51 UTC
2025-01-19 13:36:11,552 - INFO - Retrieved article length: 1687 characters
2025-01-19 13:36:11,640 - INFO - DOC: 1h change of 1.06%
2025-01-19 13:36:11,756 - INFO - DOC: 1wk change of -2.58%
2025-01-19 13:36:11,887 - INFO - DOC: 1mo change of -5.50%
2025-01-19 13:36:12,388 - INFO - Processing DOC - 2024-12-11 15:30:53 UTC
2025-01-19 13:36:12,450 - INFO - Retrieved article length: 474 characters
2025-01-19 13:36:12,541 - INFO - DNUT: 1h change of -4.59%
2025-01-19 13:36:12,629 - INFO - DNUT: 1wk change of -10.16%
2025-01-19 13:36:12,717 - INFO - DNUT: 1mo change of -17.74%
2025-01-19 13:36:13,219 - INFO - Processing DNUT - 2025-01-09 16:00:00 UTC
2025-01-19 13:36:13,706 - INFO - Retrieved article length: 1324 characters
2025-01-19 13:36:13,796 - INFO - DOC: 1h change of -2.91%
2025-01-19 13:36:13,932 - INFO - DOC: 1wk change of -7.07%
2025-01-19 13:36:14,054 - INFO - DOC: 1mo change of -9.81%
2025-01-19 13:36:14,555 - INFO - Processing DOC - 2024-12-10 00:15:00 UTC
2025-01-19 13:36:14,592 - INFO - Retrieved article length: 3213 characters
2025-01-19 13:36:14,604 - INFO - DNUT: 1h change of -4.59%
2025-01-19 13:36:14,611 - INFO - DNUT: 1wk change of -10.16%
2025-01-19 13:36:14,663 - INFO - DNUT: 1mo change of -17.74%
2025-01-19 13:36:15,821 - INFO - Retrieved article length: 2362 characters
2025-01-19 13:36:15,911 - INFO - DOC: 1h change of -1.43%
2025-01-19 13:36:16,044 - INFO - DOC: 1wk change of -8.73%
2025-01-19 13:36:16,202 - INFO - DOC: 1mo change of -11.15%
2025-01-19 13:36:16,303 - INFO - Processing DOCN - 2025-01-19 02:49:36 UTC
2025-01-19 13:36:16,703 - INFO - Processing DOC - 2024-11-19 00:15:00 UTC
2025-01-19 13:36:17,507 - INFO - Retrieved article length: 3163 characters
2025-01-19 13:36:17,618 - INFO - DOCN: 1h change of 1.32%
2025-01-19 13:36:17,707 - INFO - DOCN: 1wk change of 6.20%
2025-01-19 13:36:17,795 - INFO - DOCN: 1mo change of -4.34%
2025-01-19 13:36:17,898 - INFO - Retrieved article length: 1672 characters
2025-01-19 13:36:17,990 - INFO - DOC: 1h change of 3.63%
2025-01-19 13:36:18,243 - INFO - DOC: 1mo change of -8.34%
2025-01-19 13:36:18,296 - INFO - Processing DOCN - 2025-01-18 12:25:00 UTC
2025-01-19 13:36:18,744 - INFO - Processing DOC - 2024-11-04 16:00:00 UTC
2025-01-19 13:36:19,533 - INFO - Retrieved article length: 5613 characters
2025-01-19 13:36:19,747 - INFO - DOCN: 1wk change of 4.79%
2025-01-19 13:36:19,833 - INFO - DOCN: 1mo change of -4.34%
2025-01-19 13:36:20,002 - INFO - Retrieved article length: 1089 characters
2025-01-19 13:36:20,156 - INFO - DOC: 1h change of 1.88%
2025-01-19 13:36:20,290 - INFO - DOC: 1wk change of -1.53%
2025-01-19 13:36:20,334 - INFO - Processing DOCN - 2025-01-17 15:26:33 UTC
2025-01-19 13:36:20,452 - INFO - DOC: 1mo change of -5.22%
2025-01-19 13:36:21,522 - INFO - Retrieved article length: 511 characters
2025-01-19 13:36:21,620 - INFO - DOCN: 1h change of 4.57%
2025-01-19 13:36:21,704 - INFO - DOCN: 1wk change of 3.44%
2025-01-19 13:36:21,789 - INFO - DOCN: 1mo change of -5.25%
2025-01-19 13:36:22,121 - INFO - Processing DOCS - 2025-01-17 00:01:00 UTC
2025-01-19 13:36:22,290 - INFO - Processing DOCN - 2025-01-16 19:10:59 UTC
2025-01-19 13:36:23,282 - INFO - Retrieved article length: 1684 characters
2025-01-19 13:36:23,376 - INFO - DOCS: 1h change of 2.44%
2025-01-19 13:36:23,423 - INFO - Retrieved article length: 2399 characters
2025-01-19 13:36:23,461 - INFO - DOCS: 1wk change of -3.17%
2025-01-19 13:36:23,520 - INFO - DOCN: 1h change of 6.16%
2025-01-19 13:36:23,546 - INFO - DOCS: 1mo change of 3.03%
2025-01-19 13:36:23,606 - INFO - DOCN: 1wk change of 1.49%
2025-01-19 13:36:23,692 - INFO - DOCN: 1mo change of -8.23%
2025-01-19 13:36:24,048 - INFO - Processing DOCS - 2025-01-16 16:05:48 UTC
2025-01-19 13:36:24,193 - INFO - Processing DOCN - 2025-01-16 18:40:04 UTC
2025-01-19 13:36:25,193 - INFO - Retrieved article length: 5117 characters
2025-01-19 13:36:25,294 - INFO - DOCS: 1h change of 4.39%
2025-01-19 13:36:25,322 - INFO - Retrieved article length: 2427 characters
2025-01-19 13:36:25,338 - INFO - DOCN: 1h change of 6.16%
2025-01-19 13:36:25,389 - INFO - DOCN: 1wk change of 1.49%
2025-01-19 13:36:25,431 - INFO - DOCS: 1wk change of -3.33%
2025-01-19 13:36:25,438 - INFO - DOCN: 1mo change of -8.23%
2025-01-19 13:36:25,516 - INFO - DOCS: 1mo change of 1.94%
2025-01-19 13:36:25,939 - INFO - Processing DOCN - 2025-01-16 17:12:00 UTC
2025-01-19 13:36:26,017 - INFO - Processing DOCS - 2025-01-14 12:06:44 UTC
2025-01-19 13:36:27,111 - INFO - Retrieved article length: 2712 characters
2025-01-19 13:36:27,124 - INFO - DOCN: 1h change of 6.16%
2025-01-19 13:36:27,182 - INFO - DOCN: 1wk change of 1.49%
2025-01-19 13:36:27,233 - INFO - DOCN: 1mo change of -8.23%
2025-01-19 13:36:27,253 - INFO - Retrieved article length: 5886 characters
2025-01-19 13:36:27,350 - INFO - DOCS: 1h change of 7.21%
2025-01-19 13:36:27,439 - INFO - DOCS: 1wk change of -3.33%
2025-01-19 13:36:27,523 - INFO - DOCS: 1mo change of 1.55%
2025-01-19 13:36:27,734 - INFO - Processing DOCN - 2025-01-16 14:18:45 UTC
2025-01-19 13:36:28,024 - INFO - Processing DOCS - 2025-01-08 15:23:31 UTC
2025-01-19 13:36:28,859 - INFO - Retrieved article length: 550 characters
2025-01-19 13:36:28,871 - INFO - DOCN: 1h change of 6.16%
2025-01-19 13:36:28,925 - INFO - DOCN: 1wk change of 1.49%
2025-01-19 13:36:28,973 - INFO - DOCN: 1mo change of -8.23%
2025-01-19 13:36:29,248 - INFO - Retrieved article length: 515 characters
2025-01-19 13:36:29,474 - INFO - Processing DOCN - 2025-01-14 12:17:00 UTC
2025-01-19 13:36:30,019 - INFO - Processing DOCS - 2025-01-08 02:15:23 UTC
2025-01-19 13:36:30,796 - INFO - Retrieved article length: 5441 characters
2025-01-19 13:36:30,888 - INFO - DOCN: 1h change of 2.61%
2025-01-19 13:36:30,991 - INFO - DOCN: 1wk change of 1.49%
2025-01-19 13:36:31,082 - INFO - DOCN: 1mo change of -5.64%
2025-01-19 13:36:31,282 - INFO - Retrieved article length: 3551 characters
2025-01-19 13:36:31,855 - INFO - Processing DOCS - 2025-01-06 21:28:00 UTC
2025-01-19 13:36:32,707 - INFO - Processing DOCU - 2025-01-18 15:30:00 UTC
2025-01-19 13:36:33,149 - INFO - Retrieved article length: 5309 characters
2025-01-19 13:36:33,330 - INFO - DOCS: 1wk change of -8.32%
2025-01-19 13:36:33,917 - INFO - Processing DOCS - 2025-01-06 19:44:34 UTC
2025-01-19 13:36:33,993 - INFO - Retrieved article length: 9468 characters
2025-01-19 13:36:34,090 - INFO - DOCU: 1h change of -1.06%
2025-01-19 13:36:34,261 - INFO - DOCU: 1mo change of -8.41%
2025-01-19 13:36:34,763 - INFO - Processing DOCU - 2025-01-17 01:50:20 UTC
2025-01-19 13:36:35,291 - INFO - Retrieved article length: 500 characters
2025-01-19 13:36:35,306 - INFO - DOCS: 1wk change of -8.32%
2025-01-19 13:36:35,856 - INFO - Processing DOCS - 2025-01-06 17:34:00 UTC
2025-01-19 13:36:35,933 - INFO - Retrieved article length: 3617 characters
2025-01-19 13:36:36,030 - INFO - DOCU: 1h change of -2.24%
2025-01-19 13:36:36,173 - INFO - DOCU: 1wk change of 1.52%
2025-01-19 13:36:36,260 - INFO - DOCU: 1mo change of -5.17%
2025-01-19 13:36:36,760 - INFO - Processing DOCU - 2025-01-16 17:00:20 UTC
2025-01-19 13:36:36,967 - INFO - Retrieved article length: 12295 characters
2025-01-19 13:36:36,987 - INFO - DOCS: 1wk change of -8.32%
2025-01-19 13:36:37,990 - INFO - Retrieved article length: 5877 characters
2025-01-19 13:36:38,081 - INFO - DOCU: 1h change of -2.83%
2025-01-19 13:36:38,165 - INFO - DOCU: 1wk change of -1.71%
2025-01-19 13:36:38,250 - INFO - DOCU: 1mo change of -5.21%
2025-01-19 13:36:38,751 - INFO - Processing DOCU - 2025-01-13 21:03:40 UTC
2025-01-19 13:36:39,935 - INFO - Retrieved article length: 5863 characters
2025-01-19 13:36:40,200 - INFO - DOCU: 1mo change of -12.38%
2025-01-19 13:36:40,702 - INFO - Processing DOCU - 2025-01-13 16:30:00 UTC
2025-01-19 13:36:41,877 - INFO - Retrieved article length: 6190 characters
2025-01-19 13:36:41,981 - INFO - DOCU: 1mo change of -12.38%
2025-01-19 13:36:42,482 - INFO - Processing DOCU - 2025-01-11 01:50:20 UTC
2025-01-19 13:36:43,700 - INFO - Retrieved article length: 3691 characters
2025-01-19 13:36:43,960 - INFO - DOCU: 1mo change of -12.38%
2025-01-19 13:36:44,461 - INFO - Processing DOCU - 2025-01-08 12:02:50 UTC
2025-01-19 13:36:45,627 - INFO - Retrieved article length: 6256 characters
2025-01-19 13:36:45,724 - INFO - DOCU: 1h change of -3.34%
2025-01-19 13:36:45,817 - INFO - DOCU: 1wk change of -2.29%
2025-01-19 13:36:45,907 - INFO - DOCU: 1mo change of 6.68%
2025-01-19 13:36:46,409 - INFO - Processing DOCU - 2025-01-06 15:52:31 UTC
2025-01-19 13:36:47,613 - INFO - Retrieved article length: 3529 characters
2025-01-19 13:36:47,707 - INFO - DOCU: 1h change of -4.79%
2025-01-19 13:36:47,794 - INFO - DOCU: 1wk change of -1.78%
2025-01-19 13:36:47,878 - INFO - DOCU: 1mo change of 11.64%
