2025-01-19 12:25:55,389 - INFO - Starting new training session. Logging to: logs/training_20250119_122555.log
2025-01-19 12:25:55,389 - INFO - Starting new training session. Logging to: logs/training_20250119_122555.log
2025-01-19 12:25:56,799 - INFO - Processing BARK - 2025-01-17 16:50:06 UTC
2025-01-19 12:25:56,815 - INFO - Processing BAX - 2025-01-06 17:50:04 UTC
2025-01-19 12:25:57,925 - INFO - Retrieved article length: 4454 characters
2025-01-19 12:25:57,972 - INFO - Retrieved article length: 525 characters
2025-01-19 12:25:58,146 - INFO - BARK: 1wk change of -11.11%
2025-01-19 12:25:58,230 - INFO - BARK: 1mo change of -9.09%
2025-01-19 12:25:58,257 - INFO - BAX: 1wk change of 3.46%
2025-01-19 12:25:58,454 - INFO - BAX: 1mo change of -7.66%
2025-01-19 12:25:58,734 - INFO - Processing BARK - 2025-01-13 16:00:00 UTC
2025-01-19 12:25:58,959 - INFO - Processing BAX - 2025-01-02 16:12:57 UTC
2025-01-19 12:25:59,898 - INFO - Retrieved article length: 13274 characters
2025-01-19 12:25:59,989 - INFO - BARK: 1h change of 1.82%
2025-01-19 12:26:00,073 - INFO - BARK: 1wk change of 1.52%
2025-01-19 12:26:00,126 - INFO - Retrieved article length: 508 characters
2025-01-19 12:26:00,170 - INFO - BARK: 1mo change of -16.67%
2025-01-19 12:26:00,215 - INFO - BAX: 1h change of 1.44%
2025-01-19 12:26:00,507 - INFO - BAX: 1mo change of -8.10%
2025-01-19 12:26:00,671 - INFO - Processing BARK - 2025-01-06 23:05:01 UTC
2025-01-19 12:26:01,010 - INFO - Processing BAX - 2024-12-30 15:14:44 UTC
2025-01-19 12:26:01,889 - INFO - Retrieved article length: 7080 characters
2025-01-19 12:26:01,979 - INFO - BARK: 1h change of 14.27%
2025-01-19 12:26:02,050 - INFO - BARK: 1wk change of 7.49%
2025-01-19 12:26:02,124 - INFO - Retrieved article length: 4811 characters
2025-01-19 12:26:02,145 - INFO - BARK: 1mo change of -5.21%
2025-01-19 12:26:02,219 - INFO - BAX: 1h change of 2.82%
2025-01-19 12:26:02,499 - INFO - BAX: 1mo change of -6.83%
2025-01-19 12:26:02,651 - INFO - Processing BARK - 2024-12-19 16:30:00 UTC
2025-01-19 12:26:03,009 - INFO - Processing BAX - 2024-12-23 20:48:57 UTC
2025-01-19 12:26:03,908 - INFO - Retrieved article length: 2152 characters
2025-01-19 12:26:04,003 - INFO - BARK: 1h change of -7.04%
2025-01-19 12:26:04,105 - INFO - BARK: 1wk change of -22.08%
2025-01-19 12:26:04,145 - INFO - Retrieved article length: 8525 characters
2025-01-19 12:26:04,182 - INFO - BARK: 1mo change of 26.58%
2025-01-19 12:26:04,400 - INFO - BAX: 1wk change of -3.83%
2025-01-19 12:26:04,564 - INFO - BAX: 1mo change of -5.70%
2025-01-19 12:26:04,688 - INFO - Processing BARK - 2024-12-05 16:00:00 UTC
2025-01-19 12:26:05,069 - INFO - Processing BAX - 2024-12-19 00:15:00 UTC
2025-01-19 12:26:05,959 - INFO - Retrieved article length: 5905 characters
2025-01-19 12:26:06,043 - INFO - BARK: 1h change of 10.48%
2025-01-19 12:26:06,134 - INFO - BARK: 1wk change of 10.55%
2025-01-19 12:26:06,225 - INFO - BARK: 1mo change of 55.86%
2025-01-19 12:26:06,249 - INFO - Retrieved article length: 1708 characters
2025-01-19 12:26:06,340 - INFO - BAX: 1h change of -1.04%
2025-01-19 12:26:06,474 - INFO - BAX: 1wk change of -8.32%
2025-01-19 12:26:06,614 - INFO - BAX: 1mo change of -1.77%
2025-01-19 12:26:06,725 - INFO - Processing BARK - 2024-12-03 16:50:06 UTC
2025-01-19 12:26:07,115 - INFO - Processing BAX - 2024-12-13 18:20:00 UTC
2025-01-19 12:26:07,950 - INFO - Retrieved article length: 4499 characters
2025-01-19 12:26:08,039 - INFO - BARK: 1h change of -2.30%
2025-01-19 12:26:08,124 - INFO - BARK: 1wk change of 11.06%
2025-01-19 12:26:08,209 - INFO - BARK: 1mo change of 37.50%
2025-01-19 12:26:08,266 - INFO - Retrieved article length: 7201 characters
2025-01-19 12:26:08,365 - INFO - BAX: 1h change of -2.19%
2025-01-19 12:26:08,510 - INFO - BAX: 1wk change of -10.96%
2025-01-19 12:26:08,663 - INFO - BAX: 1mo change of -10.19%
2025-01-19 12:26:08,713 - INFO - Processing BARK - 2024-12-02 03:09:46 UTC
2025-01-19 12:26:09,166 - INFO - Processing BAX - 2024-12-11 17:39:17 UTC
2025-01-19 12:26:09,917 - INFO - Retrieved article length: 7088 characters
2025-01-19 12:26:10,100 - INFO - BARK: 1wk change of 29.94%
2025-01-19 12:26:10,190 - INFO - BARK: 1mo change of 40.71%
2025-01-19 12:26:10,336 - INFO - Retrieved article length: 528 characters
2025-01-19 12:26:10,437 - INFO - BAX: 1h change of -4.39%
2025-01-19 12:26:10,590 - INFO - BAX: 1wk change of -12.07%
2025-01-19 12:26:10,692 - INFO - Processing BARK - 2024-11-09 17:12:58 UTC
2025-01-19 12:26:10,712 - INFO - BAX: 1mo change of -14.77%
2025-01-19 12:26:11,216 - INFO - Processing BAX - 2024-12-11 16:00:00 UTC
2025-01-19 12:26:11,960 - INFO - Retrieved article length: 1921 characters
2025-01-19 12:26:12,051 - INFO - BARK: 1h change of -5.03%
2025-01-19 12:26:12,141 - INFO - BARK: 1wk change of 11.27%
2025-01-19 12:26:12,214 - INFO - BARK: 1mo change of 35.80%
2025-01-19 12:26:12,472 - INFO - Retrieved article length: 32068 characters
2025-01-19 12:26:12,482 - INFO - BAX: 1h change of -4.39%
2025-01-19 12:26:12,487 - INFO - BAX: 1wk change of -12.07%
2025-01-19 12:26:12,494 - INFO - BAX: 1mo change of -14.77%
2025-01-19 12:26:13,863 - INFO - Processing BBAI - 2025-01-16 19:47:12 UTC
2025-01-19 12:26:14,115 - INFO - Processing BBCP - 2025-01-16 14:12:00 UTC
2025-01-19 12:26:15,004 - INFO - Retrieved article length: 2309 characters
2025-01-19 12:26:15,128 - INFO - BBAI: 1h change of 21.74%
2025-01-19 12:26:15,209 - INFO - BBAI: 1wk change of -8.84%
2025-01-19 12:26:15,252 - INFO - Retrieved article length: 3206 characters
2025-01-19 12:26:15,301 - INFO - BBAI: 1mo change of 47.37%
2025-01-19 12:26:15,360 - INFO - BBCP: 1h change of 13.05%
2025-01-19 12:26:15,445 - INFO - BBCP: 1wk change of 32.78%
2025-01-19 12:26:15,537 - INFO - BBCP: 1mo change of 21.24%
2025-01-19 12:26:15,803 - INFO - Processing BBAI - 2025-01-16 00:18:00 UTC
2025-01-19 12:26:16,040 - INFO - Processing BBCP - 2025-01-15 20:20:06 UTC
2025-01-19 12:26:17,052 - INFO - Retrieved article length: 8988 characters
2025-01-19 12:26:17,066 - INFO - BBAI: 1h change of 21.74%
2025-01-19 12:26:17,127 - INFO - BBAI: 1wk change of -8.84%
2025-01-19 12:26:17,173 - INFO - BBAI: 1mo change of 47.37%
2025-01-19 12:26:17,259 - INFO - Retrieved article length: 3159 characters
2025-01-19 12:26:17,349 - INFO - BBCP: 1h change of 17.54%
2025-01-19 12:26:17,434 - INFO - BBCP: 1wk change of 32.78%
2025-01-19 12:26:17,519 - INFO - BBCP: 1mo change of 19.27%
2025-01-19 12:26:17,675 - INFO - Processing BBAI - 2024-12-19 16:05:00 UTC
2025-01-19 12:26:18,023 - INFO - Processing BBCP - 2025-01-15 00:32:00 UTC
2025-01-19 12:26:18,932 - INFO - Retrieved article length: 6097 characters
2025-01-19 12:26:19,026 - INFO - BBAI: 1h change of 3.68%
2025-01-19 12:26:19,119 - INFO - BBAI: 1wk change of 15.03%
2025-01-19 12:26:19,198 - INFO - Retrieved article length: 6033 characters
2025-01-19 12:26:19,198 - INFO - BBAI: 1mo change of 126.59%
2025-01-19 12:26:19,198 - INFO - BBCP: 1h change of 17.54%
2025-01-19 12:26:19,251 - INFO - BBCP: 1wk change of 32.78%
2025-01-19 12:26:19,298 - INFO - BBCP: 1mo change of 19.27%
2025-01-19 12:26:19,702 - INFO - Processing BBAI - 2024-12-19 15:33:00 UTC
2025-01-19 12:26:19,800 - INFO - Processing BBCP - 2025-01-14 21:36:00 UTC
2025-01-19 12:26:20,951 - INFO - Retrieved article length: 13035 characters
2025-01-19 12:26:20,956 - INFO - BBAI: 1h change of 3.68%
2025-01-19 12:26:20,966 - INFO - BBAI: 1wk change of 15.03%
2025-01-19 12:26:20,995 - INFO - Retrieved article length: 2462 characters
2025-01-19 12:26:21,011 - INFO - BBAI: 1mo change of 126.59%
2025-01-19 12:26:21,071 - INFO - BBCP: 1h change of 15.74%
2025-01-19 12:26:21,174 - INFO - BBCP: 1wk change of 32.78%
2025-01-19 12:26:21,247 - INFO - BBCP: 1mo change of 19.75%
2025-01-19 12:26:21,513 - INFO - Processing BBAI - 2024-12-16 17:15:00 UTC
2025-01-19 12:26:21,764 - INFO - Processing BBCP - 2025-01-13 18:51:40 UTC
2025-01-19 12:26:22,660 - INFO - Retrieved article length: 7470 characters
2025-01-19 12:26:22,757 - INFO - BBAI: 1h change of 9.40%
2025-01-19 12:26:22,843 - INFO - BBAI: 1wk change of 10.36%
2025-01-19 12:26:22,895 - INFO - Retrieved article length: 539 characters
2025-01-19 12:26:22,926 - INFO - BBAI: 1mo change of 100.00%
2025-01-19 12:26:22,989 - INFO - BBCP: 1h change of 5.50%
2025-01-19 12:26:23,080 - INFO - BBCP: 1wk change of 29.26%
2025-01-19 12:26:23,169 - INFO - BBCP: 1mo change of 21.07%
2025-01-19 12:26:23,428 - INFO - Processing BBAI - 2024-11-26 17:30:11 UTC
2025-01-19 12:26:23,670 - INFO - Processing BBCP - 2025-01-13 17:55:00 UTC
2025-01-19 12:26:24,704 - INFO - Retrieved article length: 5229 characters
2025-01-19 12:26:24,790 - INFO - BBAI: 1h change of -14.90%
2025-01-19 12:26:24,829 - INFO - Retrieved article length: 5709 characters
2025-01-19 12:26:24,838 - INFO - BBCP: 1h change of 5.50%
2025-01-19 12:26:24,873 - INFO - BBAI: 1wk change of 62.50%
2025-01-19 12:26:24,885 - INFO - BBCP: 1wk change of 29.26%
2025-01-19 12:26:24,927 - INFO - BBCP: 1mo change of 21.07%
2025-01-19 12:26:24,956 - INFO - BBAI: 1mo change of 181.29%
2025-01-19 12:26:25,436 - INFO - Processing BBCP - 2025-01-13 17:40:54 UTC
2025-01-19 12:26:25,456 - INFO - Processing BBAI - 2024-11-07 14:51:10 UTC
2025-01-19 12:26:26,638 - INFO - Retrieved article length: 2851 characters
2025-01-19 12:26:26,654 - INFO - BBCP: 1h change of 5.50%
2025-01-19 12:26:26,703 - INFO - BBCP: 1wk change of 29.26%
2025-01-19 12:26:26,703 - INFO - Retrieved article length: 6531 characters
2025-01-19 12:26:26,753 - INFO - BBCP: 1mo change of 21.07%
2025-01-19 12:26:26,797 - INFO - BBAI: 1h change of 3.52%
2025-01-19 12:26:26,880 - INFO - BBAI: 1wk change of -1.73%
2025-01-19 12:26:26,975 - INFO - BBAI: 1mo change of 100.00%
2025-01-19 12:26:27,254 - INFO - Processing BBCP - 2025-01-10 14:40:09 UTC
2025-01-19 12:26:27,476 - INFO - Processing BBAI - 2024-11-06 00:15:00 UTC
2025-01-19 12:26:28,550 - INFO - Retrieved article length: 27698 characters
2025-01-19 12:26:28,638 - INFO - BBCP: 1h change of 10.94%
2025-01-19 12:26:28,727 - INFO - BBCP: 1wk change of 31.98%
2025-01-19 12:26:28,811 - INFO - BBCP: 1mo change of 22.94%
2025-01-19 12:26:29,200 - INFO - Retrieved article length: 31381 characters
2025-01-19 12:26:29,294 - INFO - BBAI: 1h change of 7.59%
2025-01-19 12:26:29,376 - INFO - BBAI: 1wk change of -1.73%
2025-01-19 12:26:29,464 - INFO - BBAI: 1mo change of 125.36%
2025-01-19 12:26:30,456 - INFO - Processing BBEU - 2024-11-06 17:00:00 UTC
2025-01-19 12:26:31,074 - INFO - Processing BBGI - 2024-11-06 10:22:29 UTC
2025-01-19 12:26:31,692 - INFO - Retrieved article length: 2123 characters
2025-01-19 12:26:31,889 - INFO - BBEU: 1wk change of -5.85%
2025-01-19 12:26:31,984 - INFO - BBEU: 1mo change of -5.11%
2025-01-19 12:26:32,201 - INFO - Retrieved article length: 3468 characters
2025-01-19 12:26:32,299 - INFO - BBGI: 1h change of -26.96%
2025-01-19 12:26:32,400 - INFO - BBGI: 1wk change of -37.78%
2025-01-19 12:26:32,498 - INFO - BBGI: 1mo change of -30.03%
2025-01-19 12:26:33,000 - INFO - Processing BBGI - 2024-11-05 15:17:12 UTC
2025-01-19 12:26:33,608 - INFO - Processing BBIO - 2025-01-15 16:58:28 UTC
2025-01-19 12:26:34,140 - INFO - Retrieved article length: 791 characters
2025-01-19 12:26:34,226 - INFO - BBGI: 1h change of -18.14%
2025-01-19 12:26:34,323 - INFO - BBGI: 1wk change of -37.93%
2025-01-19 12:26:34,438 - INFO - BBGI: 1mo change of -23.63%
2025-01-19 12:26:34,795 - INFO - Retrieved article length: 2877 characters
2025-01-19 12:26:34,881 - INFO - BBIO: 1h change of 13.38%
2025-01-19 12:26:34,939 - INFO - Processing BBGI - 2024-11-05 15:00:00 UTC
2025-01-19 12:26:35,027 - INFO - BBIO: 1wk change of 19.57%
2025-01-19 12:26:35,112 - INFO - BBIO: 1mo change of 16.60%
2025-01-19 12:26:35,613 - INFO - Processing BBIO - 2025-01-14 23:30:00 UTC
2025-01-19 12:26:36,269 - INFO - Retrieved article length: 18095 characters
2025-01-19 12:26:36,269 - INFO - BBGI: 1h change of -18.14%
2025-01-19 12:26:36,282 - INFO - BBGI: 1wk change of -37.93%
2025-01-19 12:26:36,289 - INFO - BBGI: 1mo change of -23.63%
2025-01-19 12:26:36,790 - INFO - Processing BBGI - 2024-11-02 00:58:00 UTC
2025-01-19 12:26:36,852 - INFO - Retrieved article length: 296 characters
2025-01-19 12:26:36,942 - INFO - BBIO: 1h change of 16.30%
2025-01-19 12:26:37,033 - INFO - BBIO: 1wk change of 19.57%
2025-01-19 12:26:37,118 - INFO - BBIO: 1mo change of 16.36%
2025-01-19 12:26:37,631 - INFO - Processing BBIO - 2025-01-14 18:00:56 UTC
2025-01-19 12:26:38,064 - INFO - Retrieved article length: 2844 characters
2025-01-19 12:26:38,149 - INFO - BBGI: 1h change of -2.22%
2025-01-19 12:26:38,251 - INFO - BBGI: 1wk change of -36.12%
2025-01-19 12:26:38,356 - INFO - BBGI: 1mo change of -19.96%
2025-01-19 12:26:38,797 - INFO - Retrieved article length: 2762 characters
2025-01-19 12:26:38,804 - INFO - BBIO: 1h change of 16.30%
2025-01-19 12:26:38,852 - INFO - BBIO: 1wk change of 19.57%
2025-01-19 12:26:38,860 - INFO - Processing BBGI - 2024-10-24 14:00:00 UTC
2025-01-19 12:26:38,904 - INFO - BBIO: 1mo change of 16.36%
2025-01-19 12:26:39,405 - INFO - Processing BBIO - 2025-01-14 12:59:00 UTC
2025-01-19 12:26:40,174 - INFO - Retrieved article length: 3328 characters
2025-01-19 12:26:40,252 - INFO - BBGI: 1h change of 2.40%
2025-01-19 12:26:40,466 - INFO - BBGI: 1mo change of -12.60%
2025-01-19 12:26:40,519 - INFO - Retrieved article length: 2966 characters
2025-01-19 12:26:40,538 - INFO - BBIO: 1h change of 16.30%
2025-01-19 12:26:40,590 - INFO - BBIO: 1wk change of 19.57%
2025-01-19 12:26:40,628 - INFO - BBIO: 1mo change of 16.36%
2025-01-19 12:26:41,141 - INFO - Processing BBIO - 2025-01-14 00:15:10 UTC
2025-01-19 12:26:42,903 - INFO - Retrieved article length: 163 characters
2025-01-19 12:26:42,908 - INFO - BBIO: 1h change of 16.30%
2025-01-19 12:26:42,959 - INFO - BBIO: 1wk change of 19.57%
2025-01-19 12:26:43,006 - INFO - BBIO: 1mo change of 16.36%
2025-01-19 12:26:43,257 - INFO - Processing BBLG - 2024-11-15 14:03:00 UTC
2025-01-19 12:26:43,514 - INFO - Processing BBIO - 2025-01-13 19:00:00 UTC
2025-01-19 12:26:44,469 - INFO - Retrieved article length: 5318 characters
2025-01-19 12:26:44,564 - INFO - BBLG: 1h change of -1.79%
2025-01-19 12:26:44,651 - INFO - BBLG: 1wk change of -10.07%
2025-01-19 12:26:44,702 - INFO - Retrieved article length: 10559 characters
2025-01-19 12:26:44,735 - INFO - BBLG: 1mo change of -37.13%
2025-01-19 12:26:44,791 - INFO - BBIO: 1h change of 18.36%
2025-01-19 12:26:44,884 - INFO - BBIO: 1wk change of 20.16%
2025-01-19 12:26:44,969 - INFO - BBIO: 1mo change of 14.54%
2025-01-19 12:26:45,236 - INFO - Processing BBLG - 2024-10-21 15:00:00 UTC
2025-01-19 12:26:45,470 - INFO - Processing BBIO - 2025-01-08 15:30:00 UTC
2025-01-19 12:26:46,571 - INFO - Retrieved article length: 4340 characters
2025-01-19 12:26:46,583 - INFO - Retrieved article length: 1657 characters
2025-01-19 12:26:46,661 - INFO - BBLG: 1h change of -11.11%
2025-01-19 12:26:46,671 - INFO - BBIO: 1h change of 4.99%
2025-01-19 12:26:46,747 - INFO - BBLG: 1wk change of -19.16%
2025-01-19 12:26:46,756 - INFO - BBIO: 1wk change of 23.68%
2025-01-19 12:26:46,819 - INFO - BBLG: 1mo change of -33.86%
2025-01-19 12:26:46,842 - INFO - BBIO: 1mo change of 24.69%
2025-01-19 12:26:47,343 - INFO - Processing BBIO - 2024-12-24 16:40:56 UTC
2025-01-19 12:26:48,478 - INFO - Retrieved article length: 1623 characters
2025-01-19 12:26:48,520 - INFO - Processing BBWI - 2025-01-02 19:52:41 UTC
2025-01-19 12:26:48,563 - INFO - BBIO: 1h change of 5.24%
2025-01-19 12:26:48,656 - INFO - BBIO: 1wk change of 1.77%
2025-01-19 12:26:48,746 - INFO - BBIO: 1mo change of 49.91%
2025-01-19 12:26:49,685 - INFO - Retrieved article length: 2061 characters
2025-01-19 12:26:49,769 - INFO - BBWI: 1h change of -3.38%
2025-01-19 12:26:49,909 - INFO - BBWI: 1wk change of -6.62%
2025-01-19 12:26:50,046 - INFO - BBWI: 1mo change of 1.41%
2025-01-19 12:26:50,364 - INFO - Processing BBY - 2025-01-02 13:30:00 UTC
2025-01-19 12:26:50,547 - INFO - Processing BBWI - 2024-12-31 00:47:17 UTC
2025-01-19 12:26:51,658 - INFO - Retrieved article length: 647 characters
2025-01-19 12:26:51,746 - INFO - BBY: 1h change of -2.13%
2025-01-19 12:26:51,886 - INFO - BBY: 1wk change of -2.40%
2025-01-19 12:26:51,921 - INFO - Retrieved article length: 1269 characters
2025-01-19 12:26:51,995 - INFO - BBY: 1mo change of -8.02%
2025-01-19 12:26:52,061 - INFO - BBWI: 1h change of 1.04%
2025-01-19 12:26:52,188 - INFO - BBWI: 1wk change of -5.18%
2025-01-19 12:26:52,334 - INFO - BBWI: 1mo change of 4.31%
2025-01-19 12:26:52,498 - INFO - Processing BBY - 2025-01-02 08:11:00 UTC
2025-01-19 12:26:52,836 - INFO - Processing BBWI - 2024-12-12 00:50:00 UTC
2025-01-19 12:26:53,734 - INFO - Retrieved article length: 179 characters
2025-01-19 12:26:53,744 - INFO - BBY: 1h change of -2.13%
2025-01-19 12:26:53,752 - INFO - BBY: 1wk change of -2.40%
2025-01-19 12:26:53,795 - INFO - BBY: 1mo change of -8.02%
2025-01-19 12:26:54,067 - INFO - Retrieved article length: 170 characters
2025-01-19 12:26:54,277 - INFO - BBWI: 1wk change of 4.69%
2025-01-19 12:26:54,302 - INFO - Processing BBY - 2025-01-01 12:08:29 UTC
2025-01-19 12:26:54,413 - INFO - BBWI: 1mo change of 17.08%
2025-01-19 12:26:54,914 - INFO - Processing BBWI - 2024-12-09 17:18:00 UTC
2025-01-19 12:26:55,585 - INFO - Retrieved article length: 3623 characters
2025-01-19 12:26:55,780 - INFO - BBY: 1wk change of -2.40%
2025-01-19 12:26:55,904 - INFO - BBY: 1mo change of -6.11%
2025-01-19 12:26:56,405 - INFO - Processing BBY - 2024-12-31 16:40:00 UTC
2025-01-19 12:26:56,645 - INFO - Retrieved article length: 527 characters
2025-01-19 12:26:56,874 - INFO - BBWI: 1wk change of 6.18%
2025-01-19 12:26:57,019 - INFO - BBWI: 1mo change of 17.16%
2025-01-19 12:26:57,519 - INFO - Processing BBWI - 2024-12-05 23:36:00 UTC
2025-01-19 12:26:57,592 - INFO - Retrieved article length: 2498 characters
2025-01-19 12:26:57,796 - INFO - BBY: 1wk change of -1.32%
2025-01-19 12:26:57,920 - INFO - BBY: 1mo change of -6.44%
2025-01-19 12:26:58,421 - INFO - Processing BBY - 2024-12-31 13:43:19 UTC
2025-01-19 12:26:58,730 - INFO - Retrieved article length: 4017 characters
2025-01-19 12:26:58,826 - INFO - BBWI: 1h change of -1.86%
2025-01-19 12:26:58,961 - INFO - BBWI: 1wk change of 6.82%
2025-01-19 12:26:59,164 - INFO - BBWI: 1mo change of 31.12%
2025-01-19 12:26:59,665 - INFO - Processing BBWI - 2024-12-05 21:55:00 UTC
2025-01-19 12:27:00,202 - INFO - Retrieved article length: 4217 characters
2025-01-19 12:27:00,228 - INFO - BBY: 1wk change of -1.32%
2025-01-19 12:27:00,281 - INFO - BBY: 1mo change of -6.44%
2025-01-19 12:27:00,782 - INFO - Processing BBY - 2024-12-26 19:30:18 UTC
2025-01-19 12:27:00,969 - INFO - Retrieved article length: 1845 characters
2025-01-19 12:27:00,994 - INFO - BBWI: 1h change of -1.86%
2025-01-19 12:27:01,003 - INFO - BBWI: 1wk change of 6.82%
2025-01-19 12:27:01,010 - INFO - BBWI: 1mo change of 31.12%
2025-01-19 12:27:01,516 - INFO - Processing BBWI - 2024-11-27 20:49:30 UTC
2025-01-19 12:27:02,073 - INFO - Retrieved article length: 6263 characters
2025-01-19 12:27:02,173 - INFO - BBY: 1h change of 2.50%
2025-01-19 12:27:02,290 - INFO - BBY: 1wk change of -4.57%
2025-01-19 12:27:02,410 - INFO - BBY: 1mo change of -4.31%
2025-01-19 12:27:02,779 - INFO - Retrieved article length: 1185 characters
2025-01-19 12:27:02,910 - INFO - Processing BBY - 2024-12-24 13:54:20 UTC
2025-01-19 12:27:03,045 - INFO - BBWI: 1wk change of 17.14%
2025-01-19 12:27:03,179 - INFO - BBWI: 1mo change of 32.42%
2025-01-19 12:27:03,681 - INFO - Processing BBWI - 2024-11-27 16:30:00 UTC
2025-01-19 12:27:04,044 - INFO - Retrieved article length: 4668 characters
2025-01-19 12:27:04,134 - INFO - BBY: 1h change of 1.86%
2025-01-19 12:27:04,294 - INFO - BBY: 1wk change of -1.65%
2025-01-19 12:27:04,404 - INFO - BBY: 1mo change of -4.87%
2025-01-19 12:27:04,900 - INFO - Retrieved article length: 1886 characters
2025-01-19 12:27:04,909 - INFO - Processing BBY - 2024-12-23 20:16:00 UTC
2025-01-19 12:27:04,936 - INFO - BBWI: 1wk change of 17.14%
2025-01-19 12:27:04,948 - INFO - BBWI: 1mo change of 32.42%
2025-01-19 12:27:06,217 - INFO - Retrieved article length: 7274 characters
2025-01-19 12:27:06,360 - INFO - BBY: 1h change of 1.86%
2025-01-19 12:27:06,469 - INFO - BBY: 1wk change of -1.00%
2025-01-19 12:27:06,586 - INFO - Processing BC - 2025-01-14 12:05:12 UTC
2025-01-19 12:27:06,603 - INFO - BBY: 1mo change of -6.99%
2025-01-19 12:27:07,839 - INFO - Retrieved article length: 6121 characters
2025-01-19 12:27:07,950 - INFO - BC: 1h change of 6.17%
2025-01-19 12:27:08,081 - INFO - BC: 1wk change of 1.83%
2025-01-19 12:27:08,227 - INFO - Processing BCAB - 2025-01-02 20:00:09 UTC
2025-01-19 12:27:08,241 - INFO - BC: 1mo change of -11.88%
2025-01-19 12:27:08,742 - INFO - Processing BC - 2025-01-13 14:00:00 UTC
2025-01-19 12:27:09,441 - INFO - Retrieved article length: 4559 characters
2025-01-19 12:27:09,536 - INFO - BCAB: 1h change of 12.18%
2025-01-19 12:27:09,649 - INFO - BCAB: 1wk change of -12.93%
2025-01-19 12:27:09,740 - INFO - BCAB: 1mo change of -70.65%
2025-01-19 12:27:09,886 - INFO - Retrieved article length: 7396 characters
2025-01-19 12:27:10,031 - INFO - BC: 1h change of 3.80%
2025-01-19 12:27:10,198 - INFO - BC: 1wk change of 4.57%
2025-01-19 12:27:10,242 - INFO - Processing BCAB - 2024-12-20 18:23:09 UTC
2025-01-19 12:27:10,369 - INFO - BC: 1mo change of -13.25%
2025-01-19 12:27:10,876 - INFO - Processing BC - 2025-01-06 14:00:00 UTC
2025-01-19 12:27:11,548 - INFO - Retrieved article length: 556 characters
2025-01-19 12:27:11,658 - INFO - BCAB: 1h change of -45.51%
2025-01-19 12:27:11,754 - INFO - BCAB: 1wk change of -60.37%
2025-01-19 12:27:11,849 - INFO - BCAB: 1mo change of -68.40%
2025-01-19 12:27:12,196 - INFO - Retrieved article length: 4826 characters
2025-01-19 12:27:12,299 - INFO - BC: 1h change of -1.18%
2025-01-19 12:27:12,350 - INFO - Processing BCAB - 2024-12-20 17:00:00 UTC
2025-01-19 12:27:12,435 - INFO - BC: 1wk change of 4.00%
2025-01-19 12:27:12,569 - INFO - BC: 1mo change of -15.59%
2025-01-19 12:27:13,070 - INFO - Processing BC - 2025-01-03 16:02:00 UTC
2025-01-19 12:27:13,545 - INFO - Retrieved article length: 8617 characters
2025-01-19 12:27:13,559 - INFO - BCAB: 1h change of -45.51%
2025-01-19 12:27:13,569 - INFO - BCAB: 1wk change of -60.37%
2025-01-19 12:27:13,622 - INFO - BCAB: 1mo change of -68.40%
2025-01-19 12:27:14,124 - INFO - Processing BCAB - 2024-12-18 16:38:37 UTC
2025-01-19 12:27:14,315 - INFO - Retrieved article length: 4389 characters
2025-01-19 12:27:14,546 - INFO - BC: 1wk change of -3.99%
2025-01-19 12:27:14,703 - INFO - BC: 1mo change of -16.22%
2025-01-19 12:27:15,207 - INFO - Processing BC - 2024-12-31 12:04:06 UTC
2025-01-19 12:27:15,396 - INFO - Retrieved article length: 4400 characters
2025-01-19 12:27:15,487 - INFO - BCAB: 1h change of -15.36%
2025-01-19 12:27:15,578 - INFO - BCAB: 1wk change of -60.62%
2025-01-19 12:27:15,663 - INFO - BCAB: 1mo change of -75.23%
2025-01-19 12:27:16,167 - INFO - Processing BCAB - 2024-12-16 16:00:00 UTC
2025-01-19 12:27:16,463 - INFO - Retrieved article length: 5623 characters
2025-01-19 12:27:16,552 - INFO - BC: 1h change of 1.17%
2025-01-19 12:27:16,715 - INFO - BC: 1wk change of -1.08%
2025-01-19 12:27:16,891 - INFO - BC: 1mo change of -16.46%
2025-01-19 12:27:17,398 - INFO - Processing BC - 2024-12-19 13:34:49 UTC
2025-01-19 12:27:17,424 - INFO - Retrieved article length: 9267 characters
2025-01-19 12:27:17,524 - INFO - BCAB: 1h change of -6.07%
2025-01-19 12:27:17,614 - INFO - BCAB: 1wk change of -62.13%
2025-01-19 12:27:17,710 - INFO - BCAB: 1mo change of -79.20%
2025-01-19 12:27:18,211 - INFO - Processing BCAB - 2024-12-10 16:00:00 UTC
2025-01-19 12:27:18,602 - INFO - Retrieved article length: 4432 characters
2025-01-19 12:27:18,696 - INFO - BC: 1h change of -7.33%
2025-01-19 12:27:18,832 - INFO - BC: 1wk change of -16.78%
2025-01-19 12:27:18,996 - INFO - BC: 1mo change of -16.16%
2025-01-19 12:27:19,498 - INFO - Processing BC - 2024-12-17 12:11:19 UTC
2025-01-19 12:27:19,523 - INFO - Retrieved article length: 3463 characters
2025-01-19 12:27:19,618 - INFO - BCAB: 1h change of -9.47%
2025-01-19 12:27:19,710 - INFO - BCAB: 1wk change of -28.74%
2025-01-19 12:27:19,815 - INFO - BCAB: 1mo change of -75.89%
2025-01-19 12:27:20,317 - INFO - Processing BCAB - 2024-11-13 15:43:05 UTC
2025-01-19 12:27:20,728 - INFO - Retrieved article length: 5705 characters
2025-01-19 12:27:20,826 - INFO - BC: 1h change of -7.73%
2025-01-19 12:27:20,959 - INFO - BC: 1wk change of -15.45%
2025-01-19 12:27:21,094 - INFO - BC: 1mo change of -15.66%
2025-01-19 12:27:21,511 - INFO - Retrieved article length: 442 characters
2025-01-19 12:27:21,596 - INFO - Processing BC - 2024-12-16 11:35:52 UTC
2025-01-19 12:27:21,615 - INFO - BCAB: 1h change of -24.61%
2025-01-19 12:27:21,713 - INFO - BCAB: 1wk change of -21.50%
2025-01-19 12:27:21,801 - INFO - BCAB: 1mo change of -34.50%
2025-01-19 12:27:22,302 - INFO - Processing BCAB - 2024-11-09 00:03:56 UTC
2025-01-19 12:27:22,838 - INFO - Retrieved article length: 3770 characters
2025-01-19 12:27:22,933 - INFO - BC: 1h change of -3.03%
2025-01-19 12:27:23,097 - INFO - BC: 1wk change of -14.09%
2025-01-19 12:27:23,254 - INFO - BC: 1mo change of -18.61%
2025-01-19 12:27:23,515 - INFO - Retrieved article length: 4932 characters
2025-01-19 12:27:23,616 - INFO - BCAB: 1h change of -2.70%
2025-01-19 12:27:23,705 - INFO - BCAB: 1wk change of -25.25%
2025-01-19 12:27:23,791 - INFO - BCAB: 1mo change of -32.56%
2025-01-19 12:27:24,875 - INFO - Processing BCAL - 2025-01-01 18:08:10 UTC
2025-01-19 12:27:25,408 - INFO - Processing BCAN - 2025-01-06 17:49:01 UTC
2025-01-19 12:27:26,055 - INFO - Retrieved article length: 6790 characters
2025-01-19 12:27:26,148 - INFO - BCAL: 1h change of -2.73%
2025-01-19 12:27:26,236 - INFO - BCAL: 1wk change of -11.09%
2025-01-19 12:27:26,336 - INFO - BCAL: 1mo change of -14.73%
2025-01-19 12:27:26,663 - INFO - Retrieved article length: 6856 characters
2025-01-19 12:27:26,774 - INFO - BCAN: 1h change of -22.85%
2025-01-19 12:27:26,837 - INFO - Processing BCAL - 2024-12-03 18:05:17 UTC
2025-01-19 12:27:26,869 - INFO - BCAN: 1wk change of -43.50%
2025-01-19 12:27:26,962 - INFO - BCAN: 1mo change of -44.50%
2025-01-19 12:27:27,464 - INFO - Processing BCAN - 2025-01-06 16:00:00 UTC
2025-01-19 12:27:28,102 - INFO - Retrieved article length: 7077 characters
2025-01-19 12:27:28,282 - INFO - BCAL: 1wk change of -1.17%
2025-01-19 12:27:28,376 - INFO - BCAL: 1mo change of 11.13%
2025-01-19 12:27:28,648 - INFO - Retrieved article length: 9245 characters
2025-01-19 12:27:28,658 - INFO - BCAN: 1h change of -22.85%
2025-01-19 12:27:28,665 - INFO - BCAN: 1wk change of -43.50%
2025-01-19 12:27:28,731 - INFO - BCAN: 1mo change of -44.50%
2025-01-19 12:27:28,877 - INFO - Processing BCAL - 2024-11-15 00:15:00 UTC
2025-01-19 12:27:30,311 - INFO - Retrieved article length: 2911 characters
2025-01-19 12:27:30,345 - INFO - Processing BCDA - 2024-12-17 15:00:00 UTC
2025-01-19 12:27:30,406 - INFO - BCAL: 1h change of -1.15%
2025-01-19 12:27:30,493 - INFO - BCAL: 1wk change of 16.69%
2025-01-19 12:27:30,589 - INFO - BCAL: 1mo change of 17.38%
2025-01-19 12:27:31,092 - INFO - Processing BCAL - 2024-11-02 16:35:50 UTC
2025-01-19 12:27:31,532 - INFO - Retrieved article length: 4847 characters
2025-01-19 12:27:31,810 - INFO - BCDA: 1mo change of -9.17%
2025-01-19 12:27:32,269 - INFO - Retrieved article length: 4741 characters
2025-01-19 12:27:32,311 - INFO - Processing BCDA - 2024-12-04 16:30:00 UTC
2025-01-19 12:27:32,453 - INFO - BCAL: 1wk change of 20.54%
2025-01-19 12:27:32,551 - INFO - BCAL: 1mo change of 19.27%
2025-01-19 12:27:33,054 - INFO - Processing BCAL - 2024-10-31 18:05:46 UTC
2025-01-19 12:27:33,470 - INFO - Retrieved article length: 4503 characters
2025-01-19 12:27:33,563 - INFO - BCDA: 1h change of -5.20%
2025-01-19 12:27:33,662 - INFO - BCDA: 1wk change of -12.24%
2025-01-19 12:27:33,752 - INFO - BCDA: 1mo change of -2.11%
2025-01-19 12:27:34,242 - INFO - Retrieved article length: 7009 characters
2025-01-19 12:27:34,253 - INFO - Processing BCDA - 2024-11-16 16:04:45 UTC
2025-01-19 12:27:34,327 - INFO - BCAL: 1h change of 1.95%
2025-01-19 12:27:34,425 - INFO - BCAL: 1wk change of 17.84%
2025-01-19 12:27:34,514 - INFO - BCAL: 1mo change of 21.03%
2025-01-19 12:27:35,015 - INFO - Processing BCAL - 2024-10-30 14:50:05 UTC
2025-01-19 12:27:35,541 - INFO - Retrieved article length: 1827 characters
2025-01-19 12:27:35,643 - INFO - BCDA: 1h change of -17.70%
2025-01-19 12:27:35,721 - INFO - BCDA: 1wk change of -1.25%
2025-01-19 12:27:35,871 - INFO - BCDA: 1mo change of -23.94%
2025-01-19 12:27:36,173 - INFO - Retrieved article length: 2098 characters
2025-01-19 12:27:36,263 - INFO - BCAL: 1h change of 2.45%
2025-01-19 12:27:36,364 - INFO - BCAL: 1wk change of 17.84%
2025-01-19 12:27:36,372 - INFO - Processing BCDA - 2024-11-14 10:13:49 UTC
2025-01-19 12:27:36,455 - INFO - BCAL: 1mo change of 21.05%
2025-01-19 12:27:36,958 - INFO - Processing BCAL - 2024-10-29 15:00:00 UTC
2025-01-19 12:27:37,586 - INFO - Retrieved article length: 5048 characters
2025-01-19 12:27:37,687 - INFO - BCDA: 1h change of -22.18%
2025-01-19 12:27:37,770 - INFO - BCDA: 1wk change of -5.04%
2025-01-19 12:27:37,859 - INFO - BCDA: 1mo change of -25.93%
2025-01-19 12:27:38,360 - INFO - Processing BCDA - 2024-11-14 00:05:00 UTC
2025-01-19 12:27:39,103 - INFO - Retrieved article length: 52812 characters
2025-01-19 12:27:39,193 - INFO - BCAL: 1h change of 1.79%
2025-01-19 12:27:39,275 - INFO - BCAL: 1wk change of 16.78%
2025-01-19 12:27:39,364 - INFO - BCAL: 1mo change of 21.87%
2025-01-19 12:27:39,693 - INFO - Retrieved article length: 12516 characters
2025-01-19 12:27:39,705 - INFO - BCDA: 1h change of -22.18%
2025-01-19 12:27:39,715 - INFO - BCDA: 1wk change of -5.04%
2025-01-19 12:27:39,729 - INFO - BCDA: 1mo change of -25.93%
2025-01-19 12:27:40,234 - INFO - Processing BCDA - 2024-11-06 15:00:00 UTC
2025-01-19 12:27:40,979 - INFO - Processing BCLI - 2025-01-06 13:05:00 UTC
2025-01-19 12:27:41,408 - INFO - Retrieved article length: 2636 characters
2025-01-19 12:27:41,510 - INFO - BCDA: 1h change of -1.43%
2025-01-19 12:27:41,601 - INFO - BCDA: 1wk change of -29.66%
2025-01-19 12:27:41,711 - INFO - BCDA: 1mo change of -17.75%
2025-01-19 12:27:42,213 - INFO - Processing BCDA - 2024-10-28 16:00:00 UTC
2025-01-19 12:27:42,221 - INFO - Retrieved article length: 6738 characters
2025-01-19 12:27:42,310 - INFO - BCLI: 1h change of -3.08%
2025-01-19 12:27:42,423 - INFO - BCLI: 1wk change of -16.33%
2025-01-19 12:27:42,526 - INFO - BCLI: 1mo change of 10.53%
2025-01-19 12:27:43,027 - INFO - Processing BCLI - 2024-12-30 16:00:00 UTC
2025-01-19 12:27:43,426 - INFO - Retrieved article length: 8246 characters
2025-01-19 12:27:43,516 - INFO - BCDA: 1h change of -4.37%
2025-01-19 12:27:43,603 - INFO - BCDA: 1wk change of -10.78%
2025-01-19 12:27:43,695 - INFO - BCDA: 1mo change of -7.69%
2025-01-19 12:27:44,289 - INFO - Retrieved article length: 11814 characters
2025-01-19 12:27:44,476 - INFO - BCLI: 1wk change of -8.33%
2025-01-19 12:27:44,575 - INFO - BCLI: 1mo change of 33.10%
2025-01-19 12:27:45,077 - INFO - Processing BCLI - 2024-12-09 15:00:00 UTC
2025-01-19 12:27:45,317 - INFO - Processing BCOV - 2025-01-16 16:58:00 UTC
2025-01-19 12:27:46,266 - INFO - Retrieved article length: 8269 characters
2025-01-19 12:27:46,354 - INFO - BCLI: 1h change of 1.20%
2025-01-19 12:27:46,437 - INFO - BCLI: 1wk change of 29.31%
2025-01-19 12:27:46,443 - INFO - Retrieved article length: 3236 characters
2025-01-19 12:27:46,530 - INFO - BCLI: 1mo change of 12.22%
2025-01-19 12:27:46,620 - INFO - BCOV: 1wk change of 1.14%
2025-01-19 12:27:46,713 - INFO - BCOV: 1mo change of 2.31%
2025-01-19 12:27:47,031 - INFO - Processing BCLI - 2024-12-03 15:00:00 UTC
2025-01-19 12:27:47,217 - INFO - Processing BCOV - 2025-01-10 23:05:13 UTC
2025-01-19 12:27:48,365 - INFO - Retrieved article length: 8860 characters
2025-01-19 12:27:48,476 - INFO - BCLI: 1h change of -7.19%
2025-01-19 12:27:48,565 - INFO - BCLI: 1wk change of 6.34%
2025-01-19 12:27:48,701 - INFO - BCLI: 1mo change of 15.66%
2025-01-19 12:27:48,732 - INFO - Retrieved article length: 7090 characters
2025-01-19 12:27:48,923 - INFO - BCOV: 1wk change of 1.61%
2025-01-19 12:27:49,027 - INFO - BCOV: 1mo change of 1.84%
2025-01-19 12:27:49,203 - INFO - Processing BCLI - 2024-12-02 15:00:00 UTC
2025-01-19 12:27:49,528 - INFO - Processing BCOV - 2024-12-18 18:59:00 UTC
2025-01-19 12:27:50,343 - INFO - Retrieved article length: 7193 characters
2025-01-19 12:27:50,433 - INFO - BCLI: 1h change of -2.10%
2025-01-19 12:27:50,526 - INFO - BCLI: 1wk change of 28.00%
2025-01-19 12:27:50,619 - INFO - BCLI: 1mo change of 10.40%
2025-01-19 12:27:50,755 - INFO - Retrieved article length: 6181 characters
2025-01-19 12:27:51,028 - INFO - BCOV: 1mo change of 48.32%
2025-01-19 12:27:51,121 - INFO - Processing BCLI - 2024-11-15 00:30:00 UTC
2025-01-19 12:27:51,532 - INFO - Processing BCOV - 2024-11-26 03:09:16 UTC
2025-01-19 12:27:52,461 - INFO - Retrieved article length: 12518 characters
2025-01-19 12:27:52,562 - INFO - BCLI: 1h change of 3.25%
2025-01-19 12:27:52,645 - INFO - BCLI: 1wk change of -25.60%
2025-01-19 12:27:52,728 - INFO - BCLI: 1mo change of 4.00%
2025-01-19 12:27:52,787 - INFO - Retrieved article length: 6949 characters
2025-01-19 12:27:52,959 - INFO - BCOV: 1wk change of 41.97%
2025-01-19 12:27:53,043 - INFO - BCOV: 1mo change of 109.62%
2025-01-19 12:27:53,230 - INFO - Processing BCLI - 2024-11-11 14:00:00 UTC
2025-01-19 12:27:53,544 - INFO - Processing BCOV - 2024-11-25 23:22:52 UTC
2025-01-19 12:27:54,484 - INFO - Retrieved article length: 10035 characters
2025-01-19 12:27:54,591 - INFO - BCLI: 1h change of -5.74%
2025-01-19 12:27:54,663 - INFO - BCLI: 1wk change of -32.26%
2025-01-19 12:27:54,758 - INFO - BCLI: 1mo change of -37.23%
2025-01-19 12:27:54,775 - INFO - Retrieved article length: 1380 characters
2025-01-19 12:27:54,987 - INFO - BCOV: 1wk change of 42.43%
2025-01-19 12:27:55,077 - INFO - BCOV: 1mo change of 103.74%
2025-01-19 12:27:55,263 - INFO - Processing BCLI - 2024-10-30 13:00:00 UTC
2025-01-19 12:27:55,579 - INFO - Processing BCOV - 2024-11-25 17:09:04 UTC
2025-01-19 12:27:56,506 - INFO - Retrieved article length: 4361 characters
2025-01-19 12:27:56,598 - INFO - BCLI: 1h change of -14.02%
2025-01-19 12:27:56,683 - INFO - BCLI: 1wk change of -45.21%
2025-01-19 12:27:56,770 - INFO - BCLI: 1mo change of -51.94%
2025-01-19 12:27:56,806 - INFO - Retrieved article length: 547 characters
2025-01-19 12:27:56,817 - INFO - BCOV: 1wk change of 42.43%
2025-01-19 12:27:56,832 - INFO - BCOV: 1mo change of 103.74%
2025-01-19 12:27:57,333 - INFO - Processing BCOV - 2024-11-25 16:46:16 UTC
2025-01-19 12:27:58,381 - INFO - Processing BCRX - 2025-01-14 16:35:49 UTC
2025-01-19 12:27:58,568 - INFO - Retrieved article length: 495 characters
2025-01-19 12:27:58,593 - INFO - BCOV: 1wk change of 42.43%
2025-01-19 12:27:58,603 - INFO - BCOV: 1mo change of 103.74%
2025-01-19 12:27:59,104 - INFO - Processing BCOV - 2024-11-25 16:00:00 UTC
2025-01-19 12:28:00,151 - INFO - Retrieved article length: 1450 characters
2025-01-19 12:28:00,241 - INFO - BCRX: 1h change of -5.37%
2025-01-19 12:28:00,300 - INFO - Retrieved article length: 14632 characters
2025-01-19 12:28:00,315 - INFO - BCOV: 1wk change of 42.43%
2025-01-19 12:28:00,323 - INFO - BCRX: 1wk change of -4.85%
2025-01-19 12:28:00,323 - INFO - BCOV: 1mo change of 103.74%
2025-01-19 12:28:00,409 - INFO - BCRX: 1mo change of -6.05%
2025-01-19 12:28:00,911 - INFO - Processing BCRX - 2025-01-10 21:06:59 UTC
2025-01-19 12:28:01,957 - INFO - Processing BCTX - 2025-01-04 01:05:00 UTC
2025-01-19 12:28:02,054 - INFO - Retrieved article length: 7432 characters
2025-01-19 12:28:02,163 - INFO - BCRX: 1h change of -7.05%
2025-01-19 12:28:02,343 - INFO - BCRX: 1mo change of -2.10%
2025-01-19 12:28:02,845 - INFO - Processing BCRX - 2025-01-10 18:02:55 UTC
2025-01-19 12:28:03,152 - INFO - Retrieved article length: 5572 characters
2025-01-19 12:28:03,240 - INFO - BCTX: 1h change of 14.44%
2025-01-19 12:28:03,335 - INFO - BCTX: 1wk change of -25.93%
2025-01-19 12:28:03,422 - INFO - BCTX: 1mo change of -65.77%
2025-01-19 12:28:03,932 - INFO - Processing BCTX - 2025-01-04 01:05:00 UTC
2025-01-19 12:28:04,088 - INFO - Retrieved article length: 491 characters
2025-01-19 12:28:04,091 - INFO - BCRX: 1h change of -7.05%
2025-01-19 12:28:04,216 - INFO - BCRX: 1mo change of -2.10%
2025-01-19 12:28:04,717 - INFO - Processing BCRX - 2025-01-10 15:00:00 UTC
2025-01-19 12:28:05,224 - INFO - Retrieved article length: 7392 characters
2025-01-19 12:28:05,240 - INFO - BCTX: 1h change of 14.44%
2025-01-19 12:28:05,256 - INFO - BCTX: 1wk change of -25.93%
2025-01-19 12:28:05,304 - INFO - BCTX: 1mo change of -65.77%
2025-01-19 12:28:05,813 - INFO - Processing BCTX - 2024-12-19 16:05:51 UTC
2025-01-19 12:28:05,929 - INFO - Retrieved article length: 10987 characters
2025-01-19 12:28:05,939 - INFO - BCRX: 1h change of -7.05%
2025-01-19 12:28:06,037 - INFO - BCRX: 1mo change of -2.10%
2025-01-19 12:28:06,539 - INFO - Processing BCRX - 2025-01-07 15:00:00 UTC
2025-01-19 12:28:07,016 - INFO - Retrieved article length: 4590 characters
2025-01-19 12:28:07,118 - INFO - BCTX: 1h change of -3.39%
2025-01-19 12:28:07,215 - INFO - BCTX: 1wk change of -52.94%
2025-01-19 12:28:07,305 - INFO - BCTX: 1mo change of -36.67%
2025-01-19 12:28:07,807 - INFO - Processing BCTX - 2024-12-18 00:05:00 UTC
2025-01-19 12:28:07,808 - INFO - Retrieved article length: 1419 characters
2025-01-19 12:28:07,905 - INFO - BCRX: 1h change of 1.13%
2025-01-19 12:28:07,992 - INFO - BCRX: 1wk change of -6.24%
2025-01-19 12:28:08,082 - INFO - BCRX: 1mo change of 3.62%
2025-01-19 12:28:08,584 - INFO - Processing BCRX - 2025-01-06 15:00:00 UTC
2025-01-19 12:28:09,119 - INFO - Retrieved article length: 6416 characters
2025-01-19 12:28:09,225 - INFO - BCTX: 1h change of -4.00%
2025-01-19 12:28:09,310 - INFO - BCTX: 1wk change of -52.94%
2025-01-19 12:28:09,415 - INFO - BCTX: 1mo change of -36.67%
2025-01-19 12:28:09,800 - INFO - Retrieved article length: 2177 characters
2025-01-19 12:28:09,893 - INFO - BCRX: 1h change of 2.39%
2025-01-19 12:28:09,916 - INFO - Processing BCTX - 2024-12-18 00:05:00 UTC
2025-01-19 12:28:09,980 - INFO - BCRX: 1wk change of -6.23%
2025-01-19 12:28:10,576 - INFO - Processing BCRX - 2024-12-27 13:40:48 UTC
2025-01-19 12:28:11,311 - INFO - Retrieved article length: 6742 characters
2025-01-19 12:28:11,326 - INFO - BCTX: 1h change of -4.00%
2025-01-19 12:28:11,334 - INFO - BCTX: 1wk change of -52.94%
2025-01-19 12:28:11,386 - INFO - BCTX: 1mo change of -36.67%
2025-01-19 12:28:11,821 - INFO - Retrieved article length: 4167 characters
2025-01-19 12:28:11,887 - INFO - Processing BCTX - 2024-12-14 00:31:26 UTC
2025-01-19 12:28:12,009 - INFO - BCRX: 1wk change of 2.80%
2025-01-19 12:28:12,144 - INFO - BCRX: 1mo change of -1.97%
2025-01-19 12:28:12,648 - INFO - Processing BCRX - 2024-12-06 21:07:31 UTC
2025-01-19 12:28:13,096 - INFO - Retrieved article length: 526 characters
2025-01-19 12:28:13,193 - INFO - BCTX: 1h change of 1.09%
2025-01-19 12:28:13,303 - INFO - BCTX: 1wk change of -49.04%
2025-01-19 12:28:13,391 - INFO - BCTX: 1mo change of -44.12%
2025-01-19 12:28:13,893 - INFO - Processing BCTX - 2024-12-14 00:05:00 UTC
2025-01-19 12:28:13,894 - INFO - Retrieved article length: 7249 characters
2025-01-19 12:28:14,039 - INFO - BCRX: 1h change of 4.54%
2025-01-19 12:28:14,231 - INFO - BCRX: 1mo change of -4.51%
2025-01-19 12:28:15,155 - INFO - Retrieved article length: 4835 characters
2025-01-19 12:28:15,167 - INFO - BCTX: 1h change of 1.09%
2025-01-19 12:28:15,185 - INFO - BCTX: 1wk change of -49.04%
2025-01-19 12:28:15,199 - INFO - BCTX: 1mo change of -44.12%
2025-01-19 12:28:15,701 - INFO - Processing BCTX - 2024-12-13 15:50:00 UTC
2025-01-19 12:28:15,876 - INFO - Processing BDMD - 2025-01-17 16:44:00 UTC
2025-01-19 12:28:16,863 - INFO - Retrieved article length: 7708 characters
2025-01-19 12:28:16,954 - INFO - BCTX: 1h change of -39.45%
2025-01-19 12:28:17,051 - INFO - BCTX: 1wk change of -51.72%
2025-01-19 12:28:17,138 - INFO - Retrieved article length: 4621 characters
2025-01-19 12:28:17,138 - INFO - BCTX: 1mo change of -44.29%
2025-01-19 12:28:17,272 - INFO - BDMD: 1h change of 25.14%
2025-01-19 12:28:17,357 - INFO - BDMD: 1wk change of 17.69%
2025-01-19 12:28:17,440 - INFO - BDMD: 1mo change of 470.97%
2025-01-19 12:28:17,942 - INFO - Processing BDMD - 2025-01-13 16:44:00 UTC
2025-01-19 12:28:18,778 - INFO - Processing BDN - 2024-12-25 17:10:11 UTC
2025-01-19 12:28:19,043 - INFO - Retrieved article length: 5100 characters
2025-01-19 12:28:19,132 - INFO - BDMD: 1h change of -19.66%
2025-01-19 12:28:19,245 - INFO - BDMD: 1wk change of 46.52%
2025-01-19 12:28:19,326 - INFO - BDMD: 1mo change of 405.71%
2025-01-19 12:28:19,831 - INFO - Processing BDMD - 2025-01-06 16:43:00 UTC
2025-01-19 12:28:20,120 - INFO - Retrieved article length: 2295 characters
2025-01-19 12:28:20,217 - INFO - BDN: 1h change of 5.29%
2025-01-19 12:28:20,332 - INFO - BDN: 1wk change of -2.92%
2025-01-19 12:28:20,454 - INFO - BDN: 1mo change of 2.10%
2025-01-19 12:28:20,955 - INFO - Processing BDN - 2024-12-24 20:20:23 UTC
2025-01-19 12:28:21,097 - INFO - Retrieved article length: 4896 characters
2025-01-19 12:28:21,207 - INFO - BDMD: 1h change of 4.74%
2025-01-19 12:28:21,300 - INFO - BDMD: 1wk change of 284.88%
2025-01-19 12:28:21,387 - INFO - BDMD: 1mo change of 268.75%
2025-01-19 12:28:21,888 - INFO - Processing BDMD - 2025-01-02 13:07:18 UTC
2025-01-19 12:28:22,143 - INFO - Retrieved article length: 506 characters
2025-01-19 12:28:22,242 - INFO - BDN: 1h change of 5.38%
2025-01-19 12:28:22,376 - INFO - BDN: 1wk change of -3.43%
2025-01-19 12:28:22,528 - INFO - BDN: 1mo change of 3.06%
2025-01-19 12:28:23,029 - INFO - Processing BDN - 2024-12-24 17:38:36 UTC
2025-01-19 12:28:23,266 - INFO - Retrieved article length: 7071 characters
2025-01-19 12:28:23,354 - INFO - BDMD: 1h change of 129.62%
2025-01-19 12:28:23,467 - INFO - BDMD: 1wk change of 332.20%
2025-01-19 12:28:23,551 - INFO - BDMD: 1mo change of 261.22%
2025-01-19 12:28:24,058 - INFO - Processing BDMD - 2024-12-30 16:46:00 UTC
2025-01-19 12:28:24,283 - INFO - Retrieved article length: 558 characters
2025-01-19 12:28:24,301 - INFO - BDN: 1h change of 5.38%
2025-01-19 12:28:24,303 - INFO - BDN: 1wk change of -3.43%
2025-01-19 12:28:24,359 - INFO - BDN: 1mo change of 3.06%
2025-01-19 12:28:24,860 - INFO - Processing BDN - 2024-12-24 17:06:00 UTC
2025-01-19 12:28:25,279 - INFO - Retrieved article length: 4998 characters
2025-01-19 12:28:25,377 - INFO - BDMD: 1h change of 359.28%
2025-01-19 12:28:25,460 - INFO - BDMD: 1wk change of 318.03%
2025-01-19 12:28:25,544 - INFO - BDMD: 1mo change of 342.50%
2025-01-19 12:28:26,046 - INFO - Processing BDMD - 2024-12-23 16:44:00 UTC
2025-01-19 12:28:26,067 - INFO - Retrieved article length: 3428 characters
2025-01-19 12:28:26,085 - INFO - BDN: 1h change of 5.38%
2025-01-19 12:28:26,097 - INFO - BDN: 1wk change of -3.43%
2025-01-19 12:28:26,152 - INFO - BDN: 1mo change of 3.06%
2025-01-19 12:28:26,657 - INFO - Processing BDN - 2024-12-10 21:44:00 UTC
2025-01-19 12:28:27,340 - INFO - Retrieved article length: 3242 characters
2025-01-19 12:28:27,449 - INFO - BDMD: 1h change of -10.58%
2025-01-19 12:28:27,538 - INFO - BDMD: 1wk change of 390.32%
2025-01-19 12:28:27,626 - INFO - BDMD: 1mo change of 261.22%
2025-01-19 12:28:27,899 - INFO - Retrieved article length: 5652 characters
2025-01-19 12:28:28,128 - INFO - Processing BDMD - 2024-12-17 16:34:00 UTC
2025-01-19 12:28:28,193 - INFO - BDN: 1wk change of -5.32%
2025-01-19 12:28:28,360 - INFO - BDN: 1mo change of -1.82%
2025-01-19 12:28:28,861 - INFO - Processing BDN - 2024-11-19 18:31:37 UTC
2025-01-19 12:28:29,516 - INFO - Retrieved article length: 2838 characters
2025-01-19 12:28:29,613 - INFO - BDMD: 1h change of 5.44%
2025-01-19 12:28:29,759 - INFO - BDMD: 1wk change of 1.71%
2025-01-19 12:28:29,851 - INFO - BDMD: 1mo change of 198.99%
2025-01-19 12:28:30,201 - INFO - Retrieved article length: 471 characters
2025-01-19 12:28:30,308 - INFO - BDN: 1h change of 3.95%
2025-01-19 12:28:30,352 - INFO - Processing BDMD - 2024-12-16 16:44:00 UTC
2025-01-19 12:28:30,485 - INFO - BDN: 1wk change of 7.45%
2025-01-19 12:28:30,602 - INFO - BDN: 1mo change of -12.74%
2025-01-19 12:28:31,107 - INFO - Processing BDN - 2024-11-19 16:31:00 UTC
2025-01-19 12:28:31,596 - INFO - Retrieved article length: 3059 characters
2025-01-19 12:28:31,687 - INFO - BDMD: 1h change of 4.08%
2025-01-19 12:28:31,777 - INFO - BDMD: 1wk change of -4.28%
2025-01-19 12:28:31,875 - INFO - BDMD: 1mo change of 197.48%
2025-01-19 12:28:32,378 - INFO - Retrieved article length: 3104 characters
2025-01-19 12:28:32,387 - INFO - BDN: 1h change of 3.95%
2025-01-19 12:28:32,393 - INFO - BDN: 1wk change of 7.45%
2025-01-19 12:28:32,406 - INFO - BDN: 1mo change of -12.74%
2025-01-19 12:28:32,907 - INFO - Processing BDN - 2024-11-15 18:32:01 UTC
2025-01-19 12:28:33,496 - INFO - Processing BDRX - 2024-11-22 16:30:00 UTC
2025-01-19 12:28:34,187 - INFO - Retrieved article length: 475 characters
2025-01-19 12:28:34,428 - INFO - BDN: 1wk change of 5.31%
2025-01-19 12:28:34,571 - INFO - BDN: 1mo change of -5.99%
2025-01-19 12:28:34,792 - INFO - Retrieved article length: 5100 characters
2025-01-19 12:28:34,880 - INFO - BDRX: 1h change of 24.18%
2025-01-19 12:28:34,987 - INFO - BDRX: 1wk change of 11.95%
2025-01-19 12:28:35,087 - INFO - BDRX: 1mo change of -17.54%
2025-01-19 12:28:35,588 - INFO - Processing BDRX - 2024-11-21 15:35:00 UTC
2025-01-19 12:28:36,195 - INFO - Processing BDTX - 2025-01-14 03:09:06 UTC
2025-01-19 12:28:36,804 - INFO - Retrieved article length: 7547 characters
2025-01-19 12:28:36,900 - INFO - BDRX: 1h change of 26.24%
2025-01-19 12:28:37,005 - INFO - BDRX: 1wk change of 9.13%
2025-01-19 12:28:37,092 - INFO - BDRX: 1mo change of -26.93%
2025-01-19 12:28:37,366 - INFO - Retrieved article length: 6926 characters
2025-01-19 12:28:37,461 - INFO - BDTX: 1h change of -7.86%
2025-01-19 12:28:37,556 - INFO - BDTX: 1wk change of 3.29%
2025-01-19 12:28:37,594 - INFO - Processing BDRX - 2024-11-12 16:48:00 UTC
2025-01-19 12:28:37,661 - INFO - BDTX: 1mo change of -9.84%
2025-01-19 12:28:38,164 - INFO - Processing BDTX - 2025-01-12 14:05:24 UTC
2025-01-19 12:28:38,743 - INFO - Retrieved article length: 5630 characters
2025-01-19 12:28:38,853 - INFO - BDRX: 1h change of -10.19%
2025-01-19 12:28:38,952 - INFO - BDRX: 1wk change of -22.54%
2025-01-19 12:28:39,097 - INFO - BDRX: 1mo change of -26.16%
2025-01-19 12:28:39,367 - INFO - Retrieved article length: 9702 characters
2025-01-19 12:28:39,456 - INFO - BDTX: 1h change of 18.30%
2025-01-19 12:28:39,557 - INFO - BDTX: 1wk change of 2.80%
2025-01-19 12:28:39,605 - INFO - Processing BDRX - 2024-11-08 00:30:00 UTC
2025-01-19 12:28:39,668 - INFO - BDTX: 1mo change of -7.95%
2025-01-19 12:28:40,170 - INFO - Processing BDTX - 2024-12-12 23:06:46 UTC
2025-01-19 12:28:40,797 - INFO - Retrieved article length: 5950 characters
2025-01-19 12:28:40,893 - INFO - BDRX: 1h change of -9.17%
2025-01-19 12:28:40,988 - INFO - BDRX: 1wk change of -45.65%
2025-01-19 12:28:41,099 - INFO - BDRX: 1mo change of -20.18%
2025-01-19 12:28:41,373 - INFO - Retrieved article length: 7211 characters
2025-01-19 12:28:41,468 - INFO - BDTX: 1h change of 9.15%
2025-01-19 12:28:41,556 - INFO - BDTX: 1wk change of -14.29%
2025-01-19 12:28:41,644 - INFO - BDTX: 1mo change of -33.65%
2025-01-19 12:28:42,157 - INFO - Processing BDTX - 2024-11-05 17:00:15 UTC
2025-01-19 12:28:42,727 - INFO - Processing BDX - 2025-01-17 19:40:10 UTC
2025-01-19 12:28:43,285 - INFO - Retrieved article length: 877 characters
2025-01-19 12:28:43,381 - INFO - BDTX: 1h change of 6.15%
2025-01-19 12:28:43,475 - INFO - BDTX: 1wk change of -2.40%
2025-01-19 12:28:43,554 - INFO - BDTX: 1mo change of -42.69%
2025-01-19 12:28:43,950 - INFO - Retrieved article length: 2717 characters
2025-01-19 12:28:44,060 - INFO - Processing BDTX - 2024-11-05 16:10:31 UTC
2025-01-19 12:28:44,203 - INFO - BDX: 1wk change of 2.25%
2025-01-19 12:28:44,361 - INFO - BDX: 1mo change of 5.24%
2025-01-19 12:28:44,866 - INFO - Processing BDX - 2025-01-17 00:15:00 UTC
2025-01-19 12:28:45,402 - INFO - Retrieved article length: 7104 characters
2025-01-19 12:28:45,402 - INFO - BDTX: 1h change of 6.15%
2025-01-19 12:28:45,415 - INFO - BDTX: 1wk change of -2.40%
2025-01-19 12:28:45,425 - INFO - BDTX: 1mo change of -42.69%
2025-01-19 12:28:45,928 - INFO - Processing BDTX - 2024-11-05 16:00:00 UTC
2025-01-19 12:28:46,086 - INFO - Retrieved article length: 2688 characters
2025-01-19 12:28:46,157 - INFO - BDX: 1wk change of 2.25%
2025-01-19 12:28:46,204 - INFO - BDX: 1mo change of 5.24%
2025-01-19 12:28:46,714 - INFO - Processing BDX - 2025-01-15 18:44:02 UTC
2025-01-19 12:28:47,181 - INFO - Retrieved article length: 10756 characters
2025-01-19 12:28:47,181 - INFO - BDTX: 1h change of 6.15%
2025-01-19 12:28:47,196 - INFO - BDTX: 1wk change of -2.40%
2025-01-19 12:28:47,212 - INFO - BDTX: 1mo change of -42.69%
2025-01-19 12:28:47,715 - INFO - Processing BDTX - 2024-11-01 15:00:00 UTC
2025-01-19 12:28:47,960 - INFO - Retrieved article length: 534 characters
2025-01-19 12:28:48,186 - INFO - BDX: 1wk change of 2.90%
2025-01-19 12:28:48,341 - INFO - BDX: 1mo change of 7.39%
2025-01-19 12:28:48,842 - INFO - Processing BDX - 2025-01-15 17:40:09 UTC
2025-01-19 12:28:48,858 - INFO - Retrieved article length: 1856 characters
2025-01-19 12:28:48,953 - INFO - BDTX: 1h change of -3.01%
2025-01-19 12:28:49,147 - INFO - BDTX: 1mo change of -44.44%
2025-01-19 12:28:49,988 - INFO - Retrieved article length: 2924 characters
2025-01-19 12:28:50,066 - INFO - BDX: 1wk change of 2.90%
2025-01-19 12:28:50,120 - INFO - BDX: 1mo change of 7.39%
2025-01-19 12:28:50,620 - INFO - Processing BDX - 2025-01-15 16:56:47 UTC
2025-01-19 12:28:50,764 - INFO - Processing BE - 2025-01-17 19:40:12 UTC
2025-01-19 12:28:51,803 - INFO - Retrieved article length: 3358 characters
2025-01-19 12:28:51,883 - INFO - BDX: 1wk change of 2.90%
2025-01-19 12:28:51,930 - INFO - BDX: 1mo change of 7.39%
2025-01-19 12:28:51,962 - INFO - Retrieved article length: 2772 characters
2025-01-19 12:28:52,089 - INFO - BE: 1h change of 1.40%
2025-01-19 12:28:52,185 - INFO - BE: 1wk change of -4.55%
2025-01-19 12:28:52,280 - INFO - BE: 1mo change of -6.53%
2025-01-19 12:28:52,439 - INFO - Processing BDX - 2025-01-15 15:35:00 UTC
2025-01-19 12:28:52,783 - INFO - Processing BE - 2025-01-16 15:08:16 UTC
2025-01-19 12:28:53,593 - INFO - Retrieved article length: 6846 characters
2025-01-19 12:28:53,670 - INFO - BDX: 1wk change of 2.90%
2025-01-19 12:28:53,724 - INFO - BDX: 1mo change of 7.39%
2025-01-19 12:28:53,996 - INFO - Retrieved article length: 513 characters
2025-01-19 12:28:54,099 - INFO - BE: 1h change of 2.18%
2025-01-19 12:28:54,194 - INFO - BE: 1wk change of -6.12%
2025-01-19 12:28:54,233 - INFO - Processing BDX - 2025-01-15 14:50:00 UTC
2025-01-19 12:28:54,289 - INFO - BE: 1mo change of -3.59%
2025-01-19 12:28:54,800 - INFO - Processing BE - 2025-01-16 02:15:22 UTC
2025-01-19 12:28:55,438 - INFO - Retrieved article length: 6393 characters
2025-01-19 12:28:55,502 - INFO - BDX: 1wk change of 2.90%
2025-01-19 12:28:55,569 - INFO - BDX: 1mo change of 7.39%
2025-01-19 12:28:56,012 - INFO - Retrieved article length: 3245 characters
2025-01-19 12:28:56,027 - INFO - BE: 1h change of 2.18%
2025-01-19 12:28:56,079 - INFO - Processing BDX - 2025-01-15 14:50:00 UTC
2025-01-19 12:28:56,106 - INFO - BE: 1wk change of -6.12%
2025-01-19 12:28:56,185 - INFO - BE: 1mo change of -3.59%
2025-01-19 12:28:56,687 - INFO - Processing BE - 2025-01-10 15:42:41 UTC
2025-01-19 12:28:57,249 - INFO - Retrieved article length: 5235 characters
2025-01-19 12:28:57,309 - INFO - BDX: 1wk change of 2.90%
2025-01-19 12:28:57,347 - INFO - BDX: 1mo change of 7.39%
2025-01-19 12:28:57,865 - INFO - Retrieved article length: 3490 characters
2025-01-19 12:28:57,957 - INFO - BE: 1h change of -1.26%
2025-01-19 12:28:58,059 - INFO - BE: 1wk change of 7.70%
2025-01-19 12:28:58,142 - INFO - BE: 1mo change of -11.67%
2025-01-19 12:28:58,643 - INFO - Processing BE - 2025-01-09 23:04:28 UTC
2025-01-19 12:28:58,982 - INFO - Processing BEAM - 2025-01-14 00:15:10 UTC
2025-01-19 12:28:59,823 - INFO - Retrieved article length: 5833 characters
2025-01-19 12:28:59,913 - INFO - BE: 1h change of -5.43%
2025-01-19 12:28:59,998 - INFO - BE: 1wk change of 6.26%
2025-01-19 12:29:00,084 - INFO - BE: 1mo change of -7.86%
2025-01-19 12:29:00,200 - INFO - Retrieved article length: 163 characters
2025-01-19 12:29:00,297 - INFO - BEAM: 1h change of -3.15%
2025-01-19 12:29:00,375 - INFO - BEAM: 1wk change of -11.08%
2025-01-19 12:29:00,470 - INFO - BEAM: 1mo change of -22.38%
2025-01-19 12:29:00,586 - INFO - Processing BE - 2025-01-08 02:15:22 UTC
2025-01-19 12:29:00,973 - INFO - Processing BEAM - 2025-01-13 18:29:00 UTC
2025-01-19 12:29:01,790 - INFO - Retrieved article length: 3421 characters
2025-01-19 12:29:01,887 - INFO - BE: 1h change of -1.69%
2025-01-19 12:29:02,008 - INFO - BE: 1wk change of 6.26%
2025-01-19 12:29:02,108 - INFO - BE: 1mo change of -8.98%
2025-01-19 12:29:02,379 - INFO - Retrieved article length: 2424 characters
2025-01-19 12:29:02,469 - INFO - BEAM: 1h change of -3.56%
2025-01-19 12:29:02,556 - INFO - BEAM: 1wk change of -7.64%
2025-01-19 12:29:02,616 - INFO - Processing BE - 2025-01-08 01:26:35 UTC
2025-01-19 12:29:02,646 - INFO - BEAM: 1mo change of -14.81%
2025-01-19 12:29:03,155 - INFO - Processing BEAM - 2025-01-13 15:00:00 UTC
2025-01-19 12:29:04,408 - INFO - Retrieved article length: 12703 characters
2025-01-19 12:29:04,431 - INFO - BEAM: 1h change of -3.56%
2025-01-19 12:29:04,474 - INFO - BEAM: 1wk change of -7.64%
2025-01-19 12:29:04,528 - INFO - BEAM: 1mo change of -14.81%
2025-01-19 12:29:04,638 - INFO - Retrieved article length: 504 characters
2025-01-19 12:29:04,654 - INFO - BE: 1h change of -1.69%
2025-01-19 12:29:04,670 - INFO - BE: 1wk change of 6.26%
2025-01-19 12:29:04,728 - INFO - BE: 1mo change of -8.98%
2025-01-19 12:29:05,040 - INFO - Processing BEAM - 2024-12-30 23:27:35 UTC
2025-01-19 12:29:05,233 - INFO - Processing BE - 2025-01-06 18:27:04 UTC
2025-01-19 12:29:06,305 - INFO - Retrieved article length: 6618 characters
2025-01-19 12:29:06,392 - INFO - BEAM: 1h change of -2.88%
2025-01-19 12:29:06,451 - INFO - Retrieved article length: 3996 characters
2025-01-19 12:29:06,481 - INFO - BEAM: 1wk change of -7.62%
2025-01-19 12:29:06,584 - INFO - BEAM: 1mo change of -12.05%
2025-01-19 12:29:06,649 - INFO - BE: 1wk change of -1.09%
2025-01-19 12:29:06,739 - INFO - BE: 1mo change of -11.14%
2025-01-19 12:29:07,085 - INFO - Processing BEAM - 2024-12-29 14:28:28 UTC
2025-01-19 12:29:08,314 - INFO - Retrieved article length: 6831 characters
2025-01-19 12:29:08,363 - INFO - Processing BEAT - 2024-12-23 16:31:00 UTC
2025-01-19 12:29:08,441 - INFO - BEAM: 1h change of -7.70%
2025-01-19 12:29:08,650 - INFO - BEAM: 1mo change of -12.05%
2025-01-19 12:29:09,152 - INFO - Processing BEAM - 2024-12-23 17:39:00 UTC
2025-01-19 12:29:09,605 - INFO - Retrieved article length: 5326 characters
2025-01-19 12:29:09,703 - INFO - BEAT: 1h change of 1.63%
2025-01-19 12:29:09,788 - INFO - BEAT: 1wk change of -26.28%
2025-01-19 12:29:09,874 - INFO - BEAT: 1mo change of -10.46%
2025-01-19 12:29:10,320 - INFO - Retrieved article length: 9610 characters
2025-01-19 12:29:10,376 - INFO - Processing BEAT - 2024-12-17 12:30:29 UTC
2025-01-19 12:29:10,552 - INFO - BEAM: 1wk change of -11.21%
2025-01-19 12:29:10,666 - INFO - BEAM: 1mo change of -2.82%
2025-01-19 12:29:11,167 - INFO - Processing BEAM - 2024-12-17 15:00:00 UTC
2025-01-19 12:29:11,635 - INFO - Retrieved article length: 2722 characters
2025-01-19 12:29:11,745 - INFO - BEAT: 1h change of 5.06%
2025-01-19 12:29:11,832 - INFO - BEAT: 1wk change of -25.16%
2025-01-19 12:29:11,924 - INFO - BEAT: 1mo change of -9.32%
2025-01-19 12:29:12,360 - INFO - Retrieved article length: 1819 characters
2025-01-19 12:29:12,434 - INFO - Processing BEAT - 2024-12-16 17:07:49 UTC
2025-01-19 12:29:12,453 - INFO - BEAM: 1h change of -8.45%
2025-01-19 12:29:12,538 - INFO - BEAM: 1wk change of 4.31%
2025-01-19 12:29:12,630 - INFO - BEAM: 1mo change of -16.11%
2025-01-19 12:29:13,131 - INFO - Processing BEAM - 2024-12-11 20:01:07 UTC
2025-01-19 12:29:13,698 - INFO - Retrieved article length: 501 characters
2025-01-19 12:29:13,786 - INFO - BEAT: 1h change of 12.56%
2025-01-19 12:29:13,875 - INFO - BEAT: 1wk change of -25.78%
2025-01-19 12:29:13,980 - INFO - BEAT: 1mo change of -11.20%
2025-01-19 12:29:14,403 - INFO - Retrieved article length: 9073 characters
2025-01-19 12:29:14,481 - INFO - Processing BEAT - 2024-12-16 16:31:00 UTC
2025-01-19 12:29:14,506 - INFO - BEAM: 1h change of 3.96%
2025-01-19 12:29:14,619 - INFO - BEAM: 1wk change of 2.53%
2025-01-19 12:29:14,728 - INFO - BEAM: 1mo change of -12.47%
2025-01-19 12:29:15,627 - INFO - Retrieved article length: 7381 characters
2025-01-19 12:29:15,636 - INFO - BEAT: 1h change of 12.56%
2025-01-19 12:29:15,642 - INFO - BEAT: 1wk change of -25.78%
2025-01-19 12:29:15,693 - INFO - BEAT: 1mo change of -11.20%
2025-01-19 12:29:16,194 - INFO - Processing BEAT - 2024-12-04 20:10:37 UTC
2025-01-19 12:29:16,344 - INFO - Processing BECN - 2025-01-19 00:39:03 UTC
2025-01-19 12:29:17,390 - INFO - Retrieved article length: 7216 characters
2025-01-19 12:29:17,469 - INFO - BEAT: 1h change of 2.50%
2025-01-19 12:29:17,485 - INFO - Retrieved article length: 7240 characters
2025-01-19 12:29:17,565 - INFO - BEAT: 1wk change of 10.25%
2025-01-19 12:29:17,650 - INFO - BEAT: 1mo change of -20.00%
2025-01-19 12:29:17,866 - INFO - BECN: 1wk change of 13.54%
2025-01-19 12:29:18,040 - INFO - BECN: 1mo change of 10.09%
2025-01-19 12:29:18,157 - INFO - Processing BEAT - 2024-11-19 16:31:00 UTC
2025-01-19 12:29:18,541 - INFO - Processing BECN - 2025-01-16 18:58:56 UTC
2025-01-19 12:29:19,421 - INFO - Retrieved article length: 7713 characters
2025-01-19 12:29:19,519 - INFO - BEAT: 1h change of 6.40%
2025-01-19 12:29:19,596 - INFO - BEAT: 1wk change of 18.26%
2025-01-19 12:29:19,692 - INFO - BEAT: 1mo change of 6.42%
2025-01-19 12:29:19,740 - INFO - Retrieved article length: 1782 characters
2025-01-19 12:29:19,851 - INFO - BECN: 1h change of 7.35%
2025-01-19 12:29:19,947 - INFO - BECN: 1wk change of 13.67%
2025-01-19 12:29:20,056 - INFO - BECN: 1mo change of 7.38%
2025-01-19 12:29:20,197 - INFO - Processing BEAT - 2024-11-09 02:01:18 UTC
2025-01-19 12:29:20,562 - INFO - Processing BECN - 2025-01-16 15:21:00 UTC
2025-01-19 12:29:21,465 - INFO - Retrieved article length: 4203 characters
2025-01-19 12:29:21,609 - INFO - BEAT: 1h change of 3.60%
2025-01-19 12:29:21,700 - INFO - BEAT: 1wk change of -11.48%
2025-01-19 12:29:21,784 - INFO - BEAT: 1mo change of 45.79%
2025-01-19 12:29:21,885 - INFO - Retrieved article length: 2652 characters
2025-01-19 12:29:21,885 - INFO - BECN: 1h change of 7.35%
2025-01-19 12:29:21,942 - INFO - BECN: 1wk change of 13.67%
2025-01-19 12:29:21,990 - INFO - BECN: 1mo change of 7.38%
2025-01-19 12:29:22,288 - INFO - Processing BEAT - 2024-11-08 00:05:00 UTC
2025-01-19 12:29:22,493 - INFO - Processing BECN - 2025-01-15 23:48:23 UTC
2025-01-19 12:29:23,554 - INFO - Retrieved article length: 14112 characters
2025-01-19 12:29:23,645 - INFO - Retrieved article length: 524 characters
2025-01-19 12:29:23,657 - INFO - BEAT: 1h change of 1.97%
2025-01-19 12:29:23,740 - INFO - BECN: 1h change of 11.47%
2025-01-19 12:29:23,761 - INFO - BEAT: 1wk change of -4.98%
2025-01-19 12:29:23,821 - INFO - BECN: 1wk change of 13.67%
2025-01-19 12:29:23,846 - INFO - BEAT: 1mo change of 39.27%
2025-01-19 12:29:23,906 - INFO - BECN: 1mo change of 6.46%
2025-01-19 12:29:24,410 - INFO - Processing BECN - 2025-01-15 22:17:00 UTC
2025-01-19 12:29:25,501 - INFO - Processing BEEM - 2025-01-16 14:00:00 UTC
2025-01-19 12:29:25,592 - INFO - Retrieved article length: 558 characters
2025-01-19 12:29:25,597 - INFO - BECN: 1h change of 11.47%
2025-01-19 12:29:25,652 - INFO - BECN: 1wk change of 13.67%
2025-01-19 12:29:25,689 - INFO - BECN: 1mo change of 6.46%
2025-01-19 12:29:26,200 - INFO - Processing BECN - 2025-01-15 21:56:28 UTC
2025-01-19 12:29:26,589 - INFO - Retrieved article length: 3971 characters
2025-01-19 12:29:26,707 - INFO - BEEM: 1h change of -2.10%
2025-01-19 12:29:26,796 - INFO - BEEM: 1wk change of -19.20%
2025-01-19 12:29:26,881 - INFO - BEEM: 1mo change of 11.81%
2025-01-19 12:29:27,307 - INFO - Retrieved article length: 506 characters
2025-01-19 12:29:27,317 - INFO - BECN: 1h change of 11.47%
2025-01-19 12:29:27,362 - INFO - BECN: 1wk change of 13.67%
2025-01-19 12:29:27,395 - INFO - Processing BEEM - 2025-01-14 14:00:00 UTC
2025-01-19 12:29:27,411 - INFO - BECN: 1mo change of 6.46%
2025-01-19 12:29:27,913 - INFO - Processing BECN - 2025-01-15 21:32:16 UTC
2025-01-19 12:29:28,600 - INFO - Retrieved article length: 4375 characters
2025-01-19 12:29:28,699 - INFO - BEEM: 1h change of 1.26%
2025-01-19 12:29:28,791 - INFO - BEEM: 1wk change of -19.20%
2025-01-19 12:29:28,876 - INFO - BEEM: 1mo change of 5.21%
2025-01-19 12:29:29,095 - INFO - Retrieved article length: 461 characters
2025-01-19 12:29:29,111 - INFO - BECN: 1h change of 11.47%
2025-01-19 12:29:29,156 - INFO - BECN: 1wk change of 13.67%
2025-01-19 12:29:29,214 - INFO - BECN: 1mo change of 6.46%
2025-01-19 12:29:29,385 - INFO - Processing BEEM - 2025-01-08 14:00:00 UTC
2025-01-19 12:29:29,715 - INFO - Processing BECN - 2025-01-15 21:05:28 UTC
2025-01-19 12:29:30,569 - INFO - Retrieved article length: 3570 characters
2025-01-19 12:29:30,669 - INFO - BEEM: 1h change of -15.38%
2025-01-19 12:29:30,770 - INFO - BEEM: 1wk change of -6.48%
2025-01-19 12:29:30,897 - INFO - Retrieved article length: 520 characters
2025-01-19 12:29:30,904 - INFO - BECN: 1h change of 11.47%
2025-01-19 12:29:30,904 - INFO - BEEM: 1mo change of -8.18%
2025-01-19 12:29:30,944 - INFO - BECN: 1wk change of 13.67%
2025-01-19 12:29:30,998 - INFO - BECN: 1mo change of 6.46%
2025-01-19 12:29:31,408 - INFO - Processing BEEM - 2024-12-10 14:00:00 UTC
2025-01-19 12:29:32,587 - INFO - Retrieved article length: 9256 characters
2025-01-19 12:29:32,650 - INFO - Processing BEN - 2025-01-17 16:46:30 UTC
2025-01-19 12:29:32,678 - INFO - BEEM: 1h change of -2.67%
2025-01-19 12:29:32,763 - INFO - BEEM: 1wk change of -16.71%
2025-01-19 12:29:32,848 - INFO - BEEM: 1mo change of -38.94%
2025-01-19 12:29:33,351 - INFO - Processing BEEM - 2024-12-05 14:00:00 UTC
2025-01-19 12:29:33,957 - INFO - Retrieved article length: 531 characters
2025-01-19 12:29:34,301 - INFO - BEN: 1mo change of -9.57%
2025-01-19 12:29:34,807 - INFO - Processing BEN - 2025-01-16 19:11:04 UTC
2025-01-19 12:29:34,939 - INFO - Retrieved article length: 5098 characters
2025-01-19 12:29:35,036 - INFO - BEEM: 1h change of -18.30%
2025-01-19 12:29:35,130 - INFO - BEEM: 1wk change of -35.41%
2025-01-19 12:29:35,221 - INFO - BEEM: 1mo change of -36.58%
2025-01-19 12:29:35,722 - INFO - Processing BEEM - 2024-11-20 13:47:48 UTC
2025-01-19 12:29:36,025 - INFO - Retrieved article length: 540 characters
2025-01-19 12:29:36,127 - INFO - BEN: 1h change of 2.03%
2025-01-19 12:29:36,249 - INFO - BEN: 1wk change of -2.20%
2025-01-19 12:29:36,395 - INFO - BEN: 1mo change of -10.10%
2025-01-19 12:29:36,877 - INFO - Retrieved article length: 3893 characters
2025-01-19 12:29:36,898 - INFO - Processing BEN - 2025-01-16 19:02:00 UTC
2025-01-19 12:29:36,965 - INFO - BEEM: 1h change of -9.78%
2025-01-19 12:29:37,070 - INFO - BEEM: 1wk change of -14.19%
2025-01-19 12:29:37,165 - INFO - BEEM: 1mo change of -40.55%
2025-01-19 12:29:37,669 - INFO - Processing BEEM - 2024-11-19 02:00:19 UTC
2025-01-19 12:29:38,049 - INFO - Retrieved article length: 7563 characters
2025-01-19 12:29:38,067 - INFO - BEN: 1h change of 2.03%
2025-01-19 12:29:38,112 - INFO - BEN: 1wk change of -2.20%
2025-01-19 12:29:38,162 - INFO - BEN: 1mo change of -10.10%
2025-01-19 12:29:38,664 - INFO - Processing BEN - 2025-01-16 18:30:00 UTC
2025-01-19 12:29:38,853 - INFO - Retrieved article length: 3824 characters
2025-01-19 12:29:38,959 - INFO - BEEM: 1h change of -10.00%
2025-01-19 12:29:39,049 - INFO - BEEM: 1wk change of -16.41%
2025-01-19 12:29:39,127 - INFO - BEEM: 1mo change of -36.50%
2025-01-19 12:29:39,634 - INFO - Processing BEEM - 2024-11-17 15:26:43 UTC
2025-01-19 12:29:39,790 - INFO - Retrieved article length: 7472 characters
2025-01-19 12:29:39,790 - INFO - BEN: 1h change of 2.03%
2025-01-19 12:29:39,852 - INFO - BEN: 1wk change of -2.20%
2025-01-19 12:29:39,902 - INFO - BEN: 1mo change of -10.10%
2025-01-19 12:29:40,403 - INFO - Processing BEN - 2025-01-16 18:14:11 UTC
2025-01-19 12:29:40,781 - INFO - Retrieved article length: 2117 characters
2025-01-19 12:29:40,874 - INFO - BEEM: 1h change of 9.27%
2025-01-19 12:29:40,959 - INFO - BEEM: 1wk change of -18.75%
2025-01-19 12:29:41,044 - INFO - BEEM: 1mo change of -36.42%
2025-01-19 12:29:41,523 - INFO - Retrieved article length: 526 characters
2025-01-19 12:29:41,541 - INFO - BEN: 1h change of 2.03%
2025-01-19 12:29:41,586 - INFO - BEN: 1wk change of -2.20%
2025-01-19 12:29:41,632 - INFO - BEN: 1mo change of -10.10%
2025-01-19 12:29:42,135 - INFO - Processing BEN - 2025-01-16 15:20:46 UTC
2025-01-19 12:29:42,670 - INFO - Processing BENF - 2025-01-06 15:00:00 UTC
2025-01-19 12:29:43,229 - INFO - Retrieved article length: 1569 characters
2025-01-19 12:29:43,234 - INFO - BEN: 1h change of 2.03%
2025-01-19 12:29:43,285 - INFO - BEN: 1wk change of -2.20%
2025-01-19 12:29:43,333 - INFO - BEN: 1mo change of -10.10%
2025-01-19 12:29:43,836 - INFO - Processing BEN - 2025-01-14 18:19:42 UTC
2025-01-19 12:29:43,918 - INFO - Retrieved article length: 12593 characters
2025-01-19 12:29:44,150 - INFO - BENF: 1wk change of -3.86%
2025-01-19 12:29:44,233 - INFO - BENF: 1mo change of -22.79%
2025-01-19 12:29:44,739 - INFO - Processing BENF - 2024-12-31 11:48:21 UTC
2025-01-19 12:29:45,065 - INFO - Retrieved article length: 512 characters
2025-01-19 12:29:45,158 - INFO - BEN: 1h change of 3.26%
2025-01-19 12:29:45,296 - INFO - BEN: 1wk change of -2.20%
2025-01-19 12:29:45,425 - INFO - BEN: 1mo change of -11.11%
2025-01-19 12:29:45,782 - INFO - Retrieved article length: 1740 characters
2025-01-19 12:29:45,869 - INFO - BENF: 1h change of 2.42%
2025-01-19 12:29:45,927 - INFO - Processing BEN - 2025-01-14 17:40:13 UTC
2025-01-19 12:29:45,960 - INFO - BENF: 1wk change of 5.50%
2025-01-19 12:29:46,044 - INFO - BENF: 1mo change of -33.09%
2025-01-19 12:29:46,546 - INFO - Processing BENF - 2024-12-30 18:25:03 UTC
2025-01-19 12:29:47,298 - INFO - Retrieved article length: 535 characters
2025-01-19 12:29:47,315 - INFO - BEN: 1h change of 3.26%
2025-01-19 12:29:47,367 - INFO - BEN: 1wk change of -2.20%
2025-01-19 12:29:47,417 - INFO - BEN: 1mo change of -11.11%
2025-01-19 12:29:47,667 - INFO - Retrieved article length: 2457 characters
2025-01-19 12:29:47,801 - INFO - BENF: 1h change of 2.42%
2025-01-19 12:29:47,887 - INFO - BENF: 1wk change of 20.70%
2025-01-19 12:29:47,985 - INFO - BENF: 1mo change of -36.57%
2025-01-19 12:29:48,487 - INFO - Processing BENF - 2024-12-23 17:00:00 UTC
2025-01-19 12:29:49,056 - INFO - Processing BEPC - 2025-01-07 13:30:05 UTC
2025-01-19 12:29:49,736 - INFO - Retrieved article length: 20511 characters
2025-01-19 12:29:49,830 - INFO - BENF: 1h change of 5.96%
2025-01-19 12:29:49,920 - INFO - BENF: 1wk change of -5.82%
2025-01-19 12:29:50,016 - INFO - BENF: 1mo change of -31.89%
2025-01-19 12:29:50,185 - INFO - Retrieved article length: 5829 characters
2025-01-19 12:29:50,288 - INFO - BEPC: 1h change of -3.93%
2025-01-19 12:29:50,381 - INFO - BEPC: 1wk change of -7.23%
2025-01-19 12:29:50,458 - INFO - BEPC: 1mo change of -20.01%
2025-01-19 12:29:50,517 - INFO - Processing BENF - 2024-12-13 23:05:20 UTC
2025-01-19 12:29:50,969 - INFO - Processing BEPC - 2025-01-04 00:30:00 UTC
2025-01-19 12:29:51,853 - INFO - Retrieved article length: 5029 characters
2025-01-19 12:29:51,933 - INFO - BENF: 1h change of 1.75%
2025-01-19 12:29:52,032 - INFO - BENF: 1wk change of -24.69%
2025-01-19 12:29:52,108 - INFO - BENF: 1mo change of -45.12%
2025-01-19 12:29:52,108 - INFO - Retrieved article length: 2647 characters
2025-01-19 12:29:52,301 - INFO - BEPC: 1wk change of -6.62%
2025-01-19 12:29:52,406 - INFO - BEPC: 1mo change of -20.33%
2025-01-19 12:29:52,620 - INFO - Processing BENF - 2024-12-10 15:00:00 UTC
2025-01-19 12:29:52,908 - INFO - Processing BEPC - 2024-12-21 01:45:00 UTC
2025-01-19 12:29:53,791 - INFO - Retrieved article length: 7491 characters
2025-01-19 12:29:53,883 - INFO - BENF: 1h change of 1.15%
2025-01-19 12:29:53,982 - INFO - BENF: 1wk change of -15.27%
2025-01-19 12:29:54,048 - INFO - Retrieved article length: 4384 characters
2025-01-19 12:29:54,066 - INFO - BENF: 1mo change of -49.77%
2025-01-19 12:29:54,225 - INFO - BEPC: 1wk change of -6.09%
2025-01-19 12:29:54,313 - INFO - BEPC: 1mo change of -14.71%
2025-01-19 12:29:54,568 - INFO - Processing BENF - 2024-12-06 00:05:00 UTC
2025-01-19 12:29:54,825 - INFO - Processing BEPC - 2024-12-14 00:15:00 UTC
2025-01-19 12:29:55,896 - INFO - Retrieved article length: 8304 characters
2025-01-19 12:29:55,991 - INFO - BENF: 1h change of 1.63%
2025-01-19 12:29:56,067 - INFO - BENF: 1wk change of -18.20%
2025-01-19 12:29:56,067 - INFO - Retrieved article length: 12035 characters
2025-01-19 12:29:56,161 - INFO - BENF: 1mo change of -45.60%
2025-01-19 12:29:56,254 - INFO - BEPC: 1wk change of -7.83%
2025-01-19 12:29:56,335 - INFO - BEPC: 1mo change of -16.22%
2025-01-19 12:29:56,662 - INFO - Processing BENF - 2024-12-03 17:15:00 UTC
2025-01-19 12:29:56,846 - INFO - Processing BEPC - 2024-12-06 07:24:00 UTC
2025-01-19 12:29:57,786 - INFO - Retrieved article length: 5077 characters
2025-01-19 12:29:57,968 - INFO - BENF: 1wk change of -20.49%
2025-01-19 12:29:57,968 - INFO - Retrieved article length: 7533 characters
2025-01-19 12:29:58,061 - INFO - BENF: 1mo change of -40.16%
2025-01-19 12:29:58,061 - INFO - BEPC: 1h change of -4.71%
2025-01-19 12:29:58,140 - INFO - BEPC: 1wk change of -5.60%
2025-01-19 12:29:58,241 - INFO - BEPC: 1mo change of -7.00%
2025-01-19 12:29:58,751 - INFO - Processing BEPC - 2024-11-20 01:35:00 UTC
2025-01-19 12:29:59,687 - INFO - Processing BERY - 2025-01-15 17:10:03 UTC
2025-01-19 12:29:59,960 - INFO - Retrieved article length: 6829 characters
2025-01-19 12:30:00,046 - INFO - BEPC: 1h change of 5.37%
2025-01-19 12:30:00,134 - INFO - BEPC: 1wk change of 5.49%
2025-01-19 12:30:00,222 - INFO - BEPC: 1mo change of -11.50%
2025-01-19 12:30:00,723 - INFO - Processing BEPC - 2024-11-10 15:19:03 UTC
2025-01-19 12:30:00,768 - INFO - Retrieved article length: 516 characters
2025-01-19 12:30:00,876 - INFO - BERY: 1h change of 3.71%
2025-01-19 12:30:00,958 - INFO - BERY: 1wk change of 3.84%
2025-01-19 12:30:01,103 - INFO - BERY: 1mo change of -1.63%
2025-01-19 12:30:01,608 - INFO - Processing BERY - 2025-01-15 01:22:43 UTC
2025-01-19 12:30:01,849 - INFO - Retrieved article length: 2026 characters
2025-01-19 12:30:01,940 - INFO - BEPC: 1h change of -3.29%
2025-01-19 12:30:02,126 - INFO - BEPC: 1mo change of -3.48%
2025-01-19 12:30:02,638 - INFO - Processing BEPC - 2024-11-08 18:06:01 UTC
2025-01-19 12:30:02,715 - INFO - Retrieved article length: 495 characters
2025-01-19 12:30:02,734 - INFO - BERY: 1h change of 3.71%
2025-01-19 12:30:02,778 - INFO - BERY: 1wk change of 3.84%
2025-01-19 12:30:02,835 - INFO - BERY: 1mo change of -1.63%
2025-01-19 12:30:03,337 - INFO - Processing BERY - 2025-01-15 00:30:00 UTC
2025-01-19 12:30:03,924 - INFO - Retrieved article length: 5167 characters
2025-01-19 12:30:04,039 - INFO - BEPC: 1h change of 7.33%
2025-01-19 12:30:04,131 - INFO - BEPC: 1wk change of -2.94%
2025-01-19 12:30:04,234 - INFO - BEPC: 1mo change of -6.38%
2025-01-19 12:30:04,507 - INFO - Retrieved article length: 9402 characters
2025-01-19 12:30:04,516 - INFO - BERY: 1h change of 3.71%
2025-01-19 12:30:04,565 - INFO - BERY: 1wk change of 3.84%
2025-01-19 12:30:04,608 - INFO - BERY: 1mo change of -1.63%
2025-01-19 12:30:05,117 - INFO - Processing BERY - 2025-01-14 15:00:00 UTC
2025-01-19 12:30:05,870 - INFO - Processing BF-B - 2025-01-19 12:22:00 UTC
2025-01-19 12:30:06,373 - INFO - Retrieved article length: 4319 characters
2025-01-19 12:30:06,452 - INFO - BERY: 1h change of 2.50%
2025-01-19 12:30:06,556 - INFO - BERY: 1wk change of 3.84%
2025-01-19 12:30:06,651 - INFO - BERY: 1mo change of -2.58%
2025-01-19 12:30:07,031 - INFO - Retrieved article length: 5079 characters
2025-01-19 12:30:07,153 - INFO - Processing BERY - 2025-01-13 12:03:32 UTC
2025-01-19 12:30:07,275 - INFO - BF-B: 1wk change of 1.27%
2025-01-19 12:30:07,399 - INFO - BF-B: 1mo change of -21.53%
2025-01-19 12:30:07,902 - INFO - Processing BF-B - 2025-01-19 12:20:00 UTC
2025-01-19 12:30:08,867 - INFO - Retrieved article length: 6102 characters
2025-01-19 12:30:08,953 - INFO - BERY: 1h change of 1.52%
2025-01-19 12:30:09,041 - INFO - BERY: 1wk change of 5.13%
2025-01-19 12:30:09,093 - INFO - Retrieved article length: 5488 characters
2025-01-19 12:30:09,147 - INFO - BERY: 1mo change of -2.90%
2025-01-19 12:30:09,190 - INFO - BF-B: 1wk change of 1.27%
2025-01-19 12:30:09,238 - INFO - BF-B: 1mo change of -21.53%
2025-01-19 12:30:09,648 - INFO - Processing BERY - 2025-01-10 17:32:04 UTC
2025-01-19 12:30:09,741 - INFO - Processing BF-B - 2025-01-19 12:15:00 UTC
2025-01-19 12:30:10,910 - INFO - Retrieved article length: 519 characters
2025-01-19 12:30:10,955 - INFO - Retrieved article length: 4909 characters
2025-01-19 12:30:11,045 - INFO - BF-B: 1wk change of 1.27%
2025-01-19 12:30:11,101 - INFO - BF-B: 1mo change of -21.53%
2025-01-19 12:30:11,124 - INFO - BERY: 1wk change of 4.61%
2025-01-19 12:30:11,220 - INFO - BERY: 1mo change of -2.87%
2025-01-19 12:30:11,604 - INFO - Processing BF-B - 2025-01-19 12:12:00 UTC
2025-01-19 12:30:11,722 - INFO - Processing BERY - 2025-01-06 15:01:58 UTC
2025-01-19 12:30:12,420 - INFO - BF-B: 1wk change of 1.27%
2025-01-19 12:30:12,474 - INFO - BF-B: 1mo change of -21.53%
2025-01-19 12:30:12,959 - INFO - Retrieved article length: 520 characters
2025-01-19 12:30:12,986 - INFO - Processing BF-B - 2025-01-19 12:10:00 UTC
2025-01-19 12:30:13,152 - INFO - BERY: 1wk change of 2.66%
2025-01-19 12:30:13,246 - INFO - BERY: 1mo change of -5.08%
2025-01-19 12:30:13,748 - INFO - Processing BERY - 2024-12-18 12:39:43 UTC
2025-01-19 12:30:14,313 - INFO - Retrieved article length: 4898 characters
2025-01-19 12:30:14,397 - INFO - BF-B: 1wk change of 1.27%
2025-01-19 12:30:14,450 - INFO - BF-B: 1mo change of -21.53%
2025-01-19 12:30:14,918 - INFO - Retrieved article length: 2541 characters
2025-01-19 12:30:14,958 - INFO - Processing BF-B - 2025-01-19 12:08:00 UTC
2025-01-19 12:30:15,014 - INFO - BERY: 1h change of -4.80%
2025-01-19 12:30:15,116 - INFO - BERY: 1wk change of -6.67%
2025-01-19 12:30:15,204 - INFO - BERY: 1mo change of 1.40%
2025-01-19 12:30:16,184 - INFO - Retrieved article length: 5453 characters
2025-01-19 12:30:16,270 - INFO - BF-B: 1wk change of 1.27%
2025-01-19 12:30:16,325 - INFO - BF-B: 1mo change of -21.53%
2025-01-19 12:30:16,834 - INFO - Processing BF-B - 2025-01-19 12:05:00 UTC
2025-01-19 12:30:16,845 - INFO - Processing BFAM - 2025-01-16 12:06:22 UTC
2025-01-19 12:30:17,915 - INFO - Retrieved article length: 6173 characters
2025-01-19 12:30:18,004 - INFO - BFAM: 1h change of 2.83%
2025-01-19 12:30:18,020 - INFO - Retrieved article length: 5560 characters
2025-01-19 12:30:18,097 - INFO - BFAM: 1wk change of 4.74%
2025-01-19 12:30:18,186 - INFO - BFAM: 1mo change of 6.65%
2025-01-19 12:30:18,271 - INFO - BF-B: 1wk change of 1.27%
2025-01-19 12:30:18,408 - INFO - BF-B: 1mo change of -21.53%
2025-01-19 12:30:18,697 - INFO - Processing BFAM - 2025-01-06 12:04:04 UTC
2025-01-19 12:30:18,910 - INFO - Processing BF-B - 2025-01-19 12:03:26 UTC
2025-01-19 12:30:19,848 - INFO - Retrieved article length: 3854 characters
2025-01-19 12:30:19,950 - INFO - BFAM: 1h change of -1.11%
2025-01-19 12:30:20,038 - INFO - BFAM: 1wk change of 4.77%
2025-01-19 12:30:20,088 - INFO - Retrieved article length: 3749 characters
2025-01-19 12:30:20,126 - INFO - BFAM: 1mo change of 1.83%
2025-01-19 12:30:20,192 - INFO - BF-B: 1wk change of 1.27%
2025-01-19 12:30:20,229 - INFO - BF-B: 1mo change of -21.53%
2025-01-19 12:30:20,628 - INFO - Processing BFAM - 2024-12-28 14:15:14 UTC
2025-01-19 12:30:21,785 - INFO - Retrieved article length: 1562 characters
2025-01-19 12:30:21,866 - INFO - Processing BFC - 2025-01-03 17:05:51 UTC
2025-01-19 12:30:21,978 - INFO - BFAM: 1wk change of 6.85%
2025-01-19 12:30:22,074 - INFO - BFAM: 1mo change of 2.56%
2025-01-19 12:30:22,586 - INFO - Processing BFAM - 2024-12-27 12:04:00 UTC
2025-01-19 12:30:23,051 - INFO - Retrieved article length: 6812 characters
2025-01-19 12:30:23,241 - INFO - BFC: 1wk change of -6.61%
2025-01-19 12:30:23,336 - INFO - BFC: 1mo change of -7.01%
2025-01-19 12:30:23,807 - INFO - Retrieved article length: 6583 characters
2025-01-19 12:30:23,846 - INFO - Processing BFC - 2024-12-18 14:58:26 UTC
2025-01-19 12:30:23,993 - INFO - BFAM: 1wk change of 3.99%
2025-01-19 12:30:24,083 - INFO - BFAM: 1mo change of 3.94%
2025-01-19 12:30:24,588 - INFO - Processing BFAM - 2024-12-19 12:03:18 UTC
2025-01-19 12:30:25,177 - INFO - Retrieved article length: 5796 characters
2025-01-19 12:30:25,267 - INFO - BFC: 1h change of -5.80%
2025-01-19 12:30:25,357 - INFO - BFC: 1wk change of -5.72%
2025-01-19 12:30:25,477 - INFO - BFC: 1mo change of -3.79%
2025-01-19 12:30:25,797 - INFO - Retrieved article length: 5781 characters
2025-01-19 12:30:25,981 - INFO - Processing BFC - 2024-11-21 13:02:59 UTC
2025-01-19 12:30:25,981 - INFO - BFAM: 1wk change of -2.27%
2025-01-19 12:30:26,070 - INFO - BFAM: 1mo change of 9.81%
2025-01-19 12:30:26,571 - INFO - Processing BFAM - 2024-12-06 00:05:00 UTC
2025-01-19 12:30:27,217 - INFO - Retrieved article length: 6874 characters
2025-01-19 12:30:27,305 - INFO - BFC: 1h change of 4.10%
2025-01-19 12:30:27,422 - INFO - BFC: 1wk change of -1.20%
2025-01-19 12:30:27,529 - INFO - BFC: 1mo change of 4.69%
2025-01-19 12:30:27,707 - INFO - Retrieved article length: 4914 characters
2025-01-19 12:30:27,907 - INFO - BFAM: 1wk change of -4.67%
2025-01-19 12:30:27,996 - INFO - BFAM: 1mo change of -13.52%
2025-01-19 12:30:28,031 - INFO - Processing BFC - 2024-11-15 13:45:07 UTC
2025-01-19 12:30:28,506 - INFO - Processing BFAM - 2024-12-05 09:35:30 UTC
2025-01-19 12:30:29,183 - INFO - Retrieved article length: 2026 characters
2025-01-19 12:30:29,281 - INFO - BFC: 1h change of -3.82%
2025-01-19 12:30:29,396 - INFO - BFC: 1wk change of 12.43%
2025-01-19 12:30:29,495 - INFO - BFC: 1mo change of 12.09%
2025-01-19 12:30:29,711 - INFO - Retrieved article length: 6562 characters
2025-01-19 12:30:29,897 - INFO - BFAM: 1wk change of -4.27%
2025-01-19 12:30:29,999 - INFO - BFAM: 1mo change of -13.48%
2025-01-19 12:30:30,007 - INFO - Processing BFC - 2024-10-23 18:04:03 UTC
2025-01-19 12:30:30,502 - INFO - Processing BFAM - 2024-12-04 14:12:33 UTC
2025-01-19 12:30:31,286 - INFO - Retrieved article length: 7143 characters
2025-01-19 12:30:31,365 - INFO - BFC: 1h change of -2.09%
2025-01-19 12:30:31,479 - INFO - BFC: 1wk change of 3.22%
2025-01-19 12:30:31,584 - INFO - BFC: 1mo change of 14.37%
2025-01-19 12:30:31,706 - INFO - Retrieved article length: 4303 characters
2025-01-19 12:30:31,802 - INFO - BFAM: 1h change of 3.97%
2025-01-19 12:30:31,897 - INFO - BFAM: 1wk change of -4.27%
2025-01-19 12:30:31,974 - INFO - BFAM: 1mo change of -15.41%
2025-01-19 12:30:33,224 - INFO - Processing BFH - 2025-01-07 15:30:00 UTC
2025-01-19 12:30:34,451 - INFO - Retrieved article length: 2519 characters
2025-01-19 12:30:34,538 - INFO - BFH: 1h change of -5.80%
2025-01-19 12:30:34,748 - INFO - Processing BFLY - 2025-01-13 16:05:00 UTC
2025-01-19 12:30:35,256 - INFO - Processing BFH - 2025-01-01 00:42:34 UTC
2025-01-19 12:30:35,866 - INFO - Retrieved article length: 5224 characters
2025-01-19 12:30:35,975 - INFO - BFLY: 1h change of 1.17%
2025-01-19 12:30:36,062 - INFO - BFLY: 1wk change of -9.61%
2025-01-19 12:30:36,148 - INFO - BFLY: 1mo change of 11.21%
2025-01-19 12:30:36,654 - INFO - Retrieved article length: 479 characters
2025-01-19 12:30:36,664 - INFO - Processing BFLY - 2025-01-08 15:00:00 UTC
2025-01-19 12:30:36,850 - INFO - BFH: 1wk change of -8.19%
2025-01-19 12:30:36,937 - INFO - BFH: 1mo change of 6.18%
2025-01-19 12:30:37,451 - INFO - Processing BFH - 2024-12-29 02:10:00 UTC
2025-01-19 12:30:37,792 - INFO - Retrieved article length: 8430 characters
2025-01-19 12:30:37,873 - INFO - BFLY: 1h change of -6.56%
2025-01-19 12:30:37,969 - INFO - BFLY: 1wk change of 13.62%
2025-01-19 12:30:38,049 - INFO - BFLY: 1mo change of 10.88%
2025-01-19 12:30:38,559 - INFO - Processing BFLY - 2025-01-07 20:34:53 UTC
2025-01-19 12:30:38,693 - INFO - Retrieved article length: 2234 characters
2025-01-19 12:30:38,792 - INFO - BFH: 1h change of -1.13%
2025-01-19 12:30:38,882 - INFO - BFH: 1wk change of -2.87%
2025-01-19 12:30:38,983 - INFO - BFH: 1mo change of 4.47%
2025-01-19 12:30:39,487 - INFO - Processing BFH - 2024-12-19 16:03:26 UTC
2025-01-19 12:30:39,779 - INFO - Retrieved article length: 2676 characters
2025-01-19 12:30:39,884 - INFO - BFLY: 1h change of -6.56%
2025-01-19 12:30:39,958 - INFO - BFLY: 1wk change of 20.12%
2025-01-19 12:30:40,058 - INFO - BFLY: 1mo change of 10.88%
2025-01-19 12:30:40,561 - INFO - Processing BFLY - 2024-12-26 23:06:28 UTC
2025-01-19 12:30:40,894 - INFO - Retrieved article length: 528 characters
2025-01-19 12:30:41,043 - INFO - BFH: 1h change of -3.44%
2025-01-19 12:30:41,147 - INFO - BFH: 1wk change of -3.90%
2025-01-19 12:30:41,251 - INFO - BFH: 1mo change of 8.52%
2025-01-19 12:30:41,755 - INFO - Processing BFH - 2024-12-11 17:59:00 UTC
2025-01-19 12:30:41,769 - INFO - Retrieved article length: 7009 characters
2025-01-19 12:30:41,849 - INFO - BFLY: 1h change of 9.35%
2025-01-19 12:30:41,950 - INFO - BFLY: 1wk change of 12.78%
2025-01-19 12:30:42,039 - INFO - BFLY: 1mo change of 11.55%
2025-01-19 12:30:42,551 - INFO - Processing BFLY - 2024-12-26 17:40:10 UTC
2025-01-19 12:30:42,980 - INFO - Retrieved article length: 5211 characters
2025-01-19 12:30:43,083 - INFO - BFH: 1h change of 3.64%
2025-01-19 12:30:43,183 - INFO - BFH: 1wk change of 3.87%
2025-01-19 12:30:43,277 - INFO - BFH: 1mo change of -5.49%
2025-01-19 12:30:43,729 - INFO - Retrieved article length: 3042 characters
2025-01-19 12:30:43,729 - INFO - BFLY: 1h change of 9.35%
2025-01-19 12:30:43,741 - INFO - BFLY: 1wk change of 12.78%
2025-01-19 12:30:43,782 - INFO - Processing BFH - 2024-12-11 16:56:04 UTC
2025-01-19 12:30:43,787 - INFO - BFLY: 1mo change of 11.55%
2025-01-19 12:30:44,290 - INFO - Processing BFLY - 2024-12-16 16:05:00 UTC
2025-01-19 12:30:45,089 - INFO - Retrieved article length: 472 characters
2025-01-19 12:30:45,089 - INFO - BFH: 1h change of 3.64%
2025-01-19 12:30:45,109 - INFO - BFH: 1wk change of 3.87%
2025-01-19 12:30:45,116 - INFO - BFH: 1mo change of -5.49%
2025-01-19 12:30:45,525 - INFO - Retrieved article length: 2992 characters
2025-01-19 12:30:45,618 - INFO - Processing BFH - 2024-12-11 16:06:25 UTC
2025-01-19 12:30:45,618 - INFO - BFLY: 1h change of 2.03%
2025-01-19 12:30:45,701 - INFO - BFLY: 1wk change of -4.60%
2025-01-19 12:30:45,787 - INFO - BFLY: 1mo change of 34.43%
2025-01-19 12:30:46,300 - INFO - Processing BFLY - 2024-12-09 17:40:11 UTC
2025-01-19 12:30:46,722 - INFO - Retrieved article length: 495 characters
2025-01-19 12:30:46,738 - INFO - BFH: 1h change of 3.64%
2025-01-19 12:30:46,738 - INFO - BFH: 1wk change of 3.87%
2025-01-19 12:30:46,752 - INFO - BFH: 1mo change of -5.49%
2025-01-19 12:30:47,253 - INFO - Processing BFH - 2024-12-11 15:00:00 UTC
2025-01-19 12:30:47,509 - INFO - Retrieved article length: 2999 characters
2025-01-19 12:30:47,599 - INFO - BFLY: 1h change of 14.25%
2025-01-19 12:30:47,745 - INFO - BFLY: 1wk change of -5.17%
2025-01-19 12:30:47,830 - INFO - BFLY: 1mo change of 75.98%
2025-01-19 12:30:48,339 - INFO - Processing BFLY - 2024-12-05 13:00:00 UTC
2025-01-19 12:30:48,538 - INFO - Retrieved article length: 8593 characters
2025-01-19 12:30:48,558 - INFO - BFH: 1h change of 3.64%
2025-01-19 12:30:48,564 - INFO - BFH: 1wk change of 3.87%
2025-01-19 12:30:48,571 - INFO - BFH: 1mo change of -5.49%
2025-01-19 12:30:49,538 - INFO - Retrieved article length: 10330 characters
2025-01-19 12:30:49,769 - INFO - BFLY: 1wk change of 3.35%
2025-01-19 12:30:49,854 - INFO - BFLY: 1mo change of 124.72%
