2025-01-19 11:37:31,109 - INFO - Starting new training session. Logging to: logs/training_20250119_113731.log
2025-01-19 11:37:31,109 - INFO - Starting new training session. Logging to: logs/training_20250119_113731.log
2025-01-19 11:37:32,592 - INFO - Processing AN - 2024-12-27 15:17:58 UTC
2025-01-19 11:37:32,592 - INFO - Processing ANAB - 2025-01-13 17:42:00 UTC
2025-01-19 11:37:33,825 - INFO - Retrieved article length: 2363 characters
2025-01-19 11:37:33,857 - INFO - Retrieved article length: 7457 characters
2025-01-19 11:37:33,933 - INFO - ANAB: 1h change of 6.20%
2025-01-19 11:37:33,968 - INFO - AN: 1h change of -1.49%
2025-01-19 11:37:34,035 - INFO - ANAB: 1wk change of 8.56%
2025-01-19 11:37:34,121 - INFO - ANAB: 1mo change of -30.73%
2025-01-19 11:37:34,169 - INFO - AN: 1mo change of 7.42%
2025-01-19 11:37:34,636 - INFO - Processing ANAB - 2025-01-12 11:00:00 UTC
2025-01-19 11:37:34,670 - INFO - Processing AN - 2024-12-22 23:27:34 UTC
2025-01-19 11:37:35,824 - INFO - Retrieved article length: 7103 characters
2025-01-19 11:37:36,022 - INFO - AN: 1wk change of -2.90%
2025-01-19 11:37:36,106 - INFO - AN: 1mo change of 12.77%
2025-01-19 11:37:36,224 - INFO - Retrieved article length: 136 characters
2025-01-19 11:37:36,325 - INFO - ANAB: 1h change of 4.20%
2025-01-19 11:37:36,425 - INFO - ANAB: 1wk change of 18.64%
2025-01-19 11:37:36,523 - INFO - ANAB: 1mo change of -30.73%
2025-01-19 11:37:36,616 - INFO - Processing AN - 2024-12-18 14:23:00 UTC
2025-01-19 11:37:37,025 - INFO - Processing ANAB - 2025-01-09 17:40:05 UTC
2025-01-19 11:37:37,836 - INFO - Retrieved article length: 1500 characters
2025-01-19 11:37:37,983 - INFO - AN: 1h change of -1.93%
2025-01-19 11:37:38,132 - INFO - AN: 1wk change of -2.91%
2025-01-19 11:37:38,175 - INFO - Retrieved article length: 3048 characters
2025-01-19 11:37:38,211 - INFO - AN: 1mo change of 10.89%
2025-01-19 11:37:38,266 - INFO - ANAB: 1h change of -3.72%
2025-01-19 11:37:38,351 - INFO - ANAB: 1wk change of 19.89%
2025-01-19 11:37:38,443 - INFO - ANAB: 1mo change of -33.01%
2025-01-19 11:37:38,726 - INFO - Processing AN - 2024-12-03 19:01:56 UTC
2025-01-19 11:37:38,950 - INFO - Processing ANAB - 2025-01-07 17:15:00 UTC
2025-01-19 11:37:39,847 - INFO - Retrieved article length: 4155 characters
2025-01-19 11:37:39,951 - INFO - AN: 1h change of 1.87%
2025-01-19 11:37:40,043 - INFO - AN: 1wk change of -2.60%
2025-01-19 11:37:40,130 - INFO - AN: 1mo change of 10.04%
2025-01-19 11:37:40,175 - INFO - Retrieved article length: 1820 characters
2025-01-19 11:37:40,260 - INFO - ANAB: 1h change of -7.90%
2025-01-19 11:37:40,350 - INFO - ANAB: 1wk change of 13.69%
2025-01-19 11:37:40,450 - INFO - ANAB: 1mo change of -27.95%
2025-01-19 11:37:40,633 - INFO - Processing AN - 2024-11-29 19:31:51 UTC
2025-01-19 11:37:40,951 - INFO - Processing ANAB - 2024-12-18 18:10:48 UTC
2025-01-19 11:37:41,776 - INFO - Retrieved article length: 5934 characters
2025-01-19 11:37:41,983 - INFO - AN: 1wk change of 7.93%
2025-01-19 11:37:42,073 - INFO - AN: 1mo change of 7.13%
2025-01-19 11:37:42,147 - INFO - Retrieved article length: 525 characters
2025-01-19 11:37:42,235 - INFO - ANAB: 1h change of -8.95%
2025-01-19 11:37:42,387 - INFO - ANAB: 1wk change of -43.01%
2025-01-19 11:37:42,468 - INFO - ANAB: 1mo change of -23.61%
2025-01-19 11:37:42,575 - INFO - Processing AN - 2024-11-28 19:31:32 UTC
2025-01-19 11:37:42,978 - INFO - Processing ANAB - 2024-12-13 17:50:15 UTC
2025-01-19 11:37:43,697 - INFO - Retrieved article length: 5701 characters
2025-01-19 11:37:43,798 - INFO - AN: 1h change of 1.48%
2025-01-19 11:37:43,884 - INFO - AN: 1wk change of 8.30%
2025-01-19 11:37:43,987 - INFO - AN: 1mo change of 4.07%
2025-01-19 11:37:44,265 - INFO - Retrieved article length: 514 characters
2025-01-19 11:37:44,352 - INFO - ANAB: 1h change of 4.57%
2025-01-19 11:37:44,452 - INFO - ANAB: 1wk change of -33.86%
2025-01-19 11:37:44,490 - INFO - Processing AN - 2024-11-25 18:00:00 UTC
2025-01-19 11:37:44,535 - INFO - ANAB: 1mo change of -29.47%
2025-01-19 11:37:45,036 - INFO - Processing ANAB - 2024-12-12 17:04:00 UTC
2025-01-19 11:37:45,827 - INFO - Retrieved article length: 3966 characters
2025-01-19 11:37:46,075 - INFO - AN: 1wk change of 10.53%
2025-01-19 11:37:46,161 - INFO - Retrieved article length: 4858 characters
2025-01-19 11:37:46,164 - INFO - AN: 1mo change of 4.73%
2025-01-19 11:37:46,249 - INFO - ANAB: 1h change of -31.36%
2025-01-19 11:37:46,350 - INFO - ANAB: 1wk change of -40.32%
2025-01-19 11:37:46,437 - INFO - ANAB: 1mo change of -28.01%
2025-01-19 11:37:46,666 - INFO - Processing AN - 2024-11-22 14:30:49 UTC
2025-01-19 11:37:46,939 - INFO - Processing ANAB - 2024-12-12 13:23:49 UTC
2025-01-19 11:37:47,760 - INFO - Retrieved article length: 1287 characters
2025-01-19 11:37:47,849 - INFO - AN: 1h change of 4.76%
2025-01-19 11:37:47,951 - INFO - AN: 1wk change of 8.43%
2025-01-19 11:37:48,053 - INFO - AN: 1mo change of 2.64%
2025-01-19 11:37:48,276 - INFO - Retrieved article length: 3030 characters
2025-01-19 11:37:48,282 - INFO - ANAB: 1h change of -31.36%
2025-01-19 11:37:48,293 - INFO - ANAB: 1wk change of -40.32%
2025-01-19 11:37:48,301 - INFO - ANAB: 1mo change of -28.01%
2025-01-19 11:37:49,685 - INFO - Processing ANEB - 2024-12-30 23:04:46 UTC
2025-01-19 11:37:49,926 - INFO - Processing ANET - 2025-01-18 16:20:56 UTC
2025-01-19 11:37:50,864 - INFO - Retrieved article length: 7204 characters
2025-01-19 11:37:50,975 - INFO - Retrieved article length: 1604 characters
2025-01-19 11:37:51,046 - INFO - ANEB: 1wk change of 64.65%
2025-01-19 11:37:51,080 - INFO - ANET: 1h change of 1.31%
2025-01-19 11:37:51,136 - INFO - ANEB: 1mo change of 13.57%
2025-01-19 11:37:51,167 - INFO - ANET: 1wk change of 3.84%
2025-01-19 11:37:51,251 - INFO - ANET: 1mo change of 2.93%
2025-01-19 11:37:51,640 - INFO - Processing ANEB - 2024-12-24 17:25:34 UTC
2025-01-19 11:37:51,753 - INFO - Processing ANET - 2025-01-18 14:00:12 UTC
2025-01-19 11:37:52,838 - INFO - Retrieved article length: 5754 characters
2025-01-19 11:37:52,838 - INFO - Retrieved article length: 2441 characters
2025-01-19 11:37:52,887 - INFO - ANET: 1h change of 1.31%
2025-01-19 11:37:52,931 - INFO - ANEB: 1h change of 62.00%
2025-01-19 11:37:52,933 - INFO - ANET: 1wk change of 3.84%
2025-01-19 11:37:52,981 - INFO - ANET: 1mo change of 2.93%
2025-01-19 11:37:53,017 - INFO - ANEB: 1wk change of 21.54%
2025-01-19 11:37:53,104 - INFO - ANEB: 1mo change of 4.61%
2025-01-19 11:37:53,483 - INFO - Processing ANET - 2025-01-17 18:15:00 UTC
2025-01-19 11:37:53,607 - INFO - Processing ANEB - 2024-12-23 17:15:00 UTC
2025-01-19 11:37:54,632 - INFO - Retrieved article length: 3854 characters
2025-01-19 11:37:54,735 - INFO - ANET: 1h change of 2.47%
2025-01-19 11:37:54,759 - INFO - Retrieved article length: 10957 characters
2025-01-19 11:37:54,814 - INFO - ANET: 1wk change of 4.04%
2025-01-19 11:37:54,845 - INFO - ANEB: 1h change of 62.00%
2025-01-19 11:37:54,914 - INFO - ANET: 1mo change of 6.75%
2025-01-19 11:37:54,931 - INFO - ANEB: 1wk change of 20.00%
2025-01-19 11:37:55,005 - INFO - ANEB: 1mo change of 3.92%
2025-01-19 11:37:55,419 - INFO - Processing ANET - 2025-01-17 14:38:17 UTC
2025-01-19 11:37:55,519 - INFO - Processing ANEB - 2024-11-14 00:05:00 UTC
2025-01-19 11:37:56,627 - INFO - Retrieved article length: 531 characters
2025-01-19 11:37:56,627 - INFO - ANET: 1h change of 2.47%
2025-01-19 11:37:56,673 - INFO - Retrieved article length: 11280 characters
2025-01-19 11:37:56,681 - INFO - ANET: 1wk change of 4.04%
2025-01-19 11:37:56,726 - INFO - ANET: 1mo change of 6.75%
2025-01-19 11:37:56,755 - INFO - ANEB: 1h change of -6.01%
2025-01-19 11:37:56,834 - INFO - ANEB: 1wk change of -22.75%
2025-01-19 11:37:56,938 - INFO - ANEB: 1mo change of -34.22%
2025-01-19 11:37:57,232 - INFO - Processing ANET - 2025-01-16 19:44:19 UTC
2025-01-19 11:37:58,315 - INFO - Retrieved article length: 552 characters
2025-01-19 11:37:58,425 - INFO - ANET: 1h change of 4.85%
2025-01-19 11:37:58,571 - INFO - Processing ANF - 2025-01-18 01:45:19 UTC
2025-01-19 11:37:58,610 - INFO - ANET: 1mo change of 12.23%
2025-01-19 11:37:59,112 - INFO - Processing ANET - 2025-01-16 19:40:07 UTC
2025-01-19 11:37:59,718 - INFO - Retrieved article length: 3386 characters
2025-01-19 11:37:59,819 - INFO - ANF: 1h change of 2.53%
2025-01-19 11:37:59,934 - INFO - ANF: 1wk change of -14.03%
2025-01-19 11:38:00,031 - INFO - ANF: 1mo change of -11.24%
2025-01-19 11:38:00,184 - INFO - Retrieved article length: 2740 characters
2025-01-19 11:38:00,184 - INFO - ANET: 1h change of 4.85%
2025-01-19 11:38:00,282 - INFO - ANET: 1mo change of 12.23%
2025-01-19 11:38:00,538 - INFO - Processing ANF - 2025-01-17 23:00:00 UTC
2025-01-19 11:38:00,792 - INFO - Processing ANET - 2025-01-16 14:00:00 UTC
2025-01-19 11:38:01,623 - INFO - Retrieved article length: 6282 characters
2025-01-19 11:38:01,838 - INFO - ANF: 1wk change of -14.32%
2025-01-19 11:38:01,957 - INFO - ANF: 1mo change of -8.60%
2025-01-19 11:38:02,048 - INFO - Retrieved article length: 5559 characters
2025-01-19 11:38:02,048 - INFO - ANET: 1h change of 4.85%
2025-01-19 11:38:02,150 - INFO - ANET: 1mo change of 12.23%
2025-01-19 11:38:02,459 - INFO - Processing ANF - 2025-01-17 18:22:00 UTC
2025-01-19 11:38:02,664 - INFO - Processing ANET - 2025-01-16 01:45:20 UTC
2025-01-19 11:38:03,648 - INFO - Retrieved article length: 5903 characters
2025-01-19 11:38:03,691 - INFO - ANF: 1wk change of -14.32%
2025-01-19 11:38:03,745 - INFO - ANF: 1mo change of -8.60%
2025-01-19 11:38:03,814 - INFO - Retrieved article length: 3484 characters
2025-01-19 11:38:03,814 - INFO - ANET: 1h change of 4.85%
2025-01-19 11:38:03,915 - INFO - ANET: 1mo change of 12.23%
2025-01-19 11:38:04,251 - INFO - Processing ANF - 2025-01-17 17:30:13 UTC
2025-01-19 11:38:05,526 - INFO - Retrieved article length: 5279 characters
2025-01-19 11:38:05,552 - INFO - Processing ANGI - 2025-01-16 16:22:50 UTC
2025-01-19 11:38:05,588 - INFO - ANF: 1wk change of -14.32%
2025-01-19 11:38:05,640 - INFO - ANF: 1mo change of -8.60%
2025-01-19 11:38:06,142 - INFO - Processing ANF - 2025-01-17 16:14:00 UTC
2025-01-19 11:38:06,617 - INFO - Retrieved article length: 3896 characters
2025-01-19 11:38:06,716 - INFO - ANGI: 1h change of 15.09%
2025-01-19 11:38:06,805 - INFO - ANGI: 1wk change of 10.91%
2025-01-19 11:38:07,210 - INFO - Retrieved article length: 15335 characters
2025-01-19 11:38:07,265 - INFO - ANF: 1wk change of -14.32%
2025-01-19 11:38:07,303 - INFO - ANF: 1mo change of -8.60%
2025-01-19 11:38:07,398 - INFO - Processing ANGI - 2025-01-14 23:47:01 UTC
2025-01-19 11:38:07,816 - INFO - Processing ANF - 2025-01-17 14:10:00 UTC
2025-01-19 11:38:08,657 - INFO - Retrieved article length: 2241 characters
2025-01-19 11:38:08,749 - INFO - ANGI: 1h change of 20.79%
2025-01-19 11:38:08,849 - INFO - ANGI: 1wk change of 10.91%
2025-01-19 11:38:08,936 - INFO - ANGI: 1mo change of -3.17%
2025-01-19 11:38:08,976 - INFO - Retrieved article length: 3422 characters
2025-01-19 11:38:09,047 - INFO - ANF: 1wk change of -14.32%
2025-01-19 11:38:09,095 - INFO - ANF: 1mo change of -8.60%
2025-01-19 11:38:09,438 - INFO - Processing ANGI - 2025-01-14 00:58:00 UTC
2025-01-19 11:38:09,600 - INFO - Processing ANF - 2025-01-16 20:45:05 UTC
2025-01-19 11:38:10,781 - INFO - Retrieved article length: 133 characters
2025-01-19 11:38:10,781 - INFO - ANGI: 1h change of 20.79%
2025-01-19 11:38:10,802 - INFO - Retrieved article length: 4027 characters
2025-01-19 11:38:10,836 - INFO - ANGI: 1wk change of 10.91%
2025-01-19 11:38:10,882 - INFO - ANGI: 1mo change of -3.17%
2025-01-19 11:38:10,905 - INFO - ANF: 1h change of -2.97%
2025-01-19 11:38:11,004 - INFO - ANF: 1wk change of -16.56%
2025-01-19 11:38:11,116 - INFO - ANF: 1mo change of -5.20%
2025-01-19 11:38:11,383 - INFO - Processing ANGI - 2025-01-14 00:01:00 UTC
2025-01-19 11:38:11,619 - INFO - Processing ANF - 2025-01-16 20:36:26 UTC
2025-01-19 11:38:12,521 - INFO - Retrieved article length: 12441 characters
2025-01-19 11:38:12,537 - INFO - ANGI: 1h change of 20.79%
2025-01-19 11:38:12,584 - INFO - ANGI: 1wk change of 10.91%
2025-01-19 11:38:12,636 - INFO - ANGI: 1mo change of -3.17%
2025-01-19 11:38:12,811 - INFO - Retrieved article length: 5108 characters
2025-01-19 11:38:12,818 - INFO - ANF: 1h change of -2.97%
2025-01-19 11:38:12,868 - INFO - ANF: 1wk change of -16.56%
2025-01-19 11:38:12,921 - INFO - ANF: 1mo change of -5.20%
2025-01-19 11:38:13,141 - INFO - Processing ANGI - 2025-01-08 02:15:28 UTC
2025-01-19 11:38:14,428 - INFO - Retrieved article length: 3717 characters
2025-01-19 11:38:14,525 - INFO - ANGI: 1h change of -2.73%
2025-01-19 11:38:14,586 - INFO - Processing ANGL - 2024-12-16 11:06:47 UTC
2025-01-19 11:38:14,666 - INFO - ANGI: 1wk change of 13.66%
2025-01-19 11:38:14,756 - INFO - ANGI: 1mo change of -6.15%
2025-01-19 11:38:15,258 - INFO - Processing ANGI - 2024-12-11 22:22:57 UTC
2025-01-19 11:38:15,929 - INFO - Retrieved article length: 7335 characters
2025-01-19 11:38:16,110 - INFO - ANGL: 1wk change of -1.44%
2025-01-19 11:38:16,421 - INFO - Retrieved article length: 4639 characters
2025-01-19 11:38:16,521 - INFO - ANGI: 1h change of -10.07%
2025-01-19 11:38:16,609 - INFO - ANGI: 1wk change of -15.66%
2025-01-19 11:38:16,692 - INFO - ANGI: 1mo change of -32.81%
2025-01-19 11:38:17,199 - INFO - Processing ANGI - 2024-12-06 11:05:54 UTC
2025-01-19 11:38:17,838 - INFO - Processing ANGO - 2025-01-13 16:00:00 UTC
2025-01-19 11:38:18,341 - INFO - Retrieved article length: 3737 characters
2025-01-19 11:38:18,537 - INFO - ANGI: 1wk change of -6.84%
2025-01-19 11:38:18,627 - INFO - ANGI: 1mo change of -33.19%
2025-01-19 11:38:18,993 - INFO - Retrieved article length: 10420 characters
2025-01-19 11:38:19,085 - INFO - ANGO: 1h change of -1.67%
2025-01-19 11:38:19,128 - INFO - Processing ANGI - 2024-11-22 11:37:11 UTC
2025-01-19 11:38:19,247 - INFO - ANGO: 1wk change of 36.89%
2025-01-19 11:38:19,349 - INFO - ANGO: 1mo change of 44.03%
2025-01-19 11:38:19,852 - INFO - Processing ANGO - 2025-01-09 17:48:00 UTC
2025-01-19 11:38:20,334 - INFO - Retrieved article length: 6068 characters
2025-01-19 11:38:20,489 - INFO - ANGI: 1h change of 2.07%
2025-01-19 11:38:20,589 - INFO - ANGI: 1wk change of -3.63%
2025-01-19 11:38:20,687 - INFO - ANGI: 1mo change of -36.33%
2025-01-19 11:38:21,007 - INFO - Retrieved article length: 9006 characters
2025-01-19 11:38:21,098 - INFO - ANGO: 1h change of 31.98%
2025-01-19 11:38:21,188 - INFO - ANGO: 1wk change of 37.35%
2025-01-19 11:38:21,260 - INFO - ANGO: 1mo change of 75.07%
2025-01-19 11:38:21,775 - INFO - Processing ANGO - 2025-01-09 15:31:09 UTC
2025-01-19 11:38:22,313 - INFO - Processing ANIX - 2025-01-17 16:07:59 UTC
2025-01-19 11:38:22,888 - INFO - Retrieved article length: 1859 characters
2025-01-19 11:38:22,888 - INFO - ANGO: 1h change of 31.98%
2025-01-19 11:38:22,902 - INFO - ANGO: 1wk change of 37.35%
2025-01-19 11:38:22,944 - INFO - ANGO: 1mo change of 75.07%
2025-01-19 11:38:23,363 - INFO - Retrieved article length: 7225 characters
2025-01-19 11:38:23,450 - INFO - Processing ANGO - 2025-01-09 10:00:39 UTC
2025-01-19 11:38:23,456 - INFO - ANIX: 1h change of 7.59%
2025-01-19 11:38:23,543 - INFO - ANIX: 1wk change of 2.12%
2025-01-19 11:38:23,628 - INFO - ANIX: 1mo change of -15.44%
2025-01-19 11:38:24,135 - INFO - Processing ANIX - 2025-01-14 13:07:20 UTC
2025-01-19 11:38:24,503 - INFO - Retrieved article length: 5081 characters
2025-01-19 11:38:24,519 - INFO - ANGO: 1h change of 31.98%
2025-01-19 11:38:24,527 - INFO - ANGO: 1wk change of 37.35%
2025-01-19 11:38:24,575 - INFO - ANGO: 1mo change of 75.07%
2025-01-19 11:38:25,080 - INFO - Processing ANGO - 2025-01-09 08:31:35 UTC
2025-01-19 11:38:25,322 - INFO - Retrieved article length: 5220 characters
2025-01-19 11:38:25,442 - INFO - ANIX: 1h change of 2.73%
2025-01-19 11:38:25,538 - INFO - ANIX: 1wk change of 1.69%
2025-01-19 11:38:25,629 - INFO - ANIX: 1mo change of -18.03%
2025-01-19 11:38:26,133 - INFO - Processing ANIX - 2024-12-06 16:30:00 UTC
2025-01-19 11:38:26,284 - INFO - Retrieved article length: 43811 characters
2025-01-19 11:38:26,286 - INFO - ANGO: 1h change of 31.98%
2025-01-19 11:38:26,297 - INFO - ANGO: 1wk change of 37.35%
2025-01-19 11:38:26,338 - INFO - ANGO: 1mo change of 75.07%
2025-01-19 11:38:26,848 - INFO - Processing ANGO - 2025-01-08 18:05:50 UTC
2025-01-19 11:38:27,362 - INFO - Retrieved article length: 2234 characters
2025-01-19 11:38:27,441 - INFO - ANIX: 1h change of -5.37%
2025-01-19 11:38:27,592 - INFO - ANIX: 1wk change of -14.16%
2025-01-19 11:38:27,689 - INFO - ANIX: 1mo change of -38.52%
2025-01-19 11:38:28,085 - INFO - Retrieved article length: 501 characters
2025-01-19 11:38:28,169 - INFO - ANGO: 1h change of 39.81%
2025-01-19 11:38:28,191 - INFO - Processing ANIX - 2024-12-04 16:30:00 UTC
2025-01-19 11:38:28,268 - INFO - ANGO: 1wk change of 37.35%
2025-01-19 11:38:28,366 - INFO - ANGO: 1mo change of 74.09%
2025-01-19 11:38:28,869 - INFO - Processing ANGO - 2025-01-08 15:45:03 UTC
2025-01-19 11:38:29,379 - INFO - Retrieved article length: 4391 characters
2025-01-19 11:38:29,522 - INFO - ANIX: 1h change of -3.55%
2025-01-19 11:38:29,604 - INFO - ANIX: 1wk change of -11.49%
2025-01-19 11:38:29,686 - INFO - ANIX: 1mo change of -34.26%
2025-01-19 11:38:30,089 - INFO - Retrieved article length: 4220 characters
2025-01-19 11:38:30,110 - INFO - ANGO: 1h change of 39.81%
2025-01-19 11:38:30,116 - INFO - ANGO: 1wk change of 37.35%
2025-01-19 11:38:30,158 - INFO - ANGO: 1mo change of 74.09%
2025-01-19 11:38:30,199 - INFO - Processing ANIX - 2024-12-04 14:17:17 UTC
2025-01-19 11:38:30,666 - INFO - Processing ANGO - 2025-01-08 14:39:13 UTC
2025-01-19 11:38:31,482 - INFO - Retrieved article length: 7325 characters
2025-01-19 11:38:31,488 - INFO - ANIX: 1h change of -3.55%
2025-01-19 11:38:31,498 - INFO - ANIX: 1wk change of -11.49%
2025-01-19 11:38:31,506 - INFO - ANIX: 1mo change of -34.26%
2025-01-19 11:38:31,886 - INFO - Retrieved article length: 1347 characters
2025-01-19 11:38:31,897 - INFO - ANGO: 1h change of 39.81%
2025-01-19 11:38:31,910 - INFO - ANGO: 1wk change of 37.35%
2025-01-19 11:38:31,952 - INFO - ANGO: 1mo change of 74.09%
2025-01-19 11:38:32,008 - INFO - Processing ANIX - 2024-11-22 17:01:54 UTC
2025-01-19 11:38:33,198 - INFO - Retrieved article length: 490 characters
2025-01-19 11:38:33,329 - INFO - ANIX: 1h change of 1.27%
2025-01-19 11:38:33,402 - INFO - ANIX: 1wk change of 1.54%
2025-01-19 11:38:33,494 - INFO - ANIX: 1mo change of -14.62%
2025-01-19 11:38:33,616 - INFO - Processing ANNA - 2024-12-23 16:32:38 UTC
2025-01-19 11:38:34,008 - INFO - Processing ANIX - 2024-11-18 16:20:00 UTC
2025-01-19 11:38:34,787 - INFO - Retrieved article length: 4877 characters
2025-01-19 11:38:34,873 - INFO - ANNA: 1h change of 3.90%
2025-01-19 11:38:34,972 - INFO - ANNA: 1wk change of -35.43%
2025-01-19 11:38:35,062 - INFO - ANNA: 1mo change of -14.18%
2025-01-19 11:38:35,194 - INFO - Retrieved article length: 6106 characters
2025-01-19 11:38:35,377 - INFO - ANIX: 1wk change of -3.78%
2025-01-19 11:38:35,461 - INFO - ANIX: 1mo change of -11.80%
2025-01-19 11:38:35,564 - INFO - Processing ANNA - 2024-12-19 15:00:00 UTC
2025-01-19 11:38:35,969 - INFO - Processing ANIX - 2024-11-08 21:17:00 UTC
2025-01-19 11:38:36,693 - INFO - Retrieved article length: 3619 characters
2025-01-19 11:38:36,788 - INFO - ANNA: 1h change of -8.41%
2025-01-19 11:38:36,899 - INFO - ANNA: 1wk change of -44.37%
2025-01-19 11:38:36,973 - INFO - ANNA: 1mo change of -14.18%
2025-01-19 11:38:37,351 - INFO - Retrieved article length: 12378 characters
2025-01-19 11:38:37,444 - INFO - ANIX: 1h change of -3.20%
2025-01-19 11:38:37,488 - INFO - Processing ANNA - 2024-12-18 15:00:00 UTC
2025-01-19 11:38:37,540 - INFO - ANIX: 1wk change of -22.03%
2025-01-19 11:38:37,633 - INFO - ANIX: 1mo change of -6.98%
2025-01-19 11:38:38,682 - INFO - Retrieved article length: 8321 characters
2025-01-19 11:38:38,778 - INFO - ANNA: 1h change of -62.75%
2025-01-19 11:38:38,864 - INFO - ANNA: 1wk change of -44.37%
2025-01-19 11:38:38,956 - INFO - ANNA: 1mo change of -14.18%
2025-01-19 11:38:39,268 - INFO - Processing ANNX - 2025-01-13 16:00:00 UTC
2025-01-19 11:38:39,466 - INFO - Processing ANNA - 2024-12-14 00:05:00 UTC
2025-01-19 11:38:40,557 - INFO - Retrieved article length: 9792 characters
2025-01-19 11:38:40,637 - INFO - Retrieved article length: 12922 characters
2025-01-19 11:38:40,653 - INFO - ANNX: 1h change of -4.52%
2025-01-19 11:38:40,725 - INFO - ANNX: 1wk change of -22.37%
2025-01-19 11:38:40,741 - ERROR - ANNA: No price data found, symbol may be delisted (1h 2024-12-12 -> 2024-12-16)
2025-01-19 11:38:40,827 - INFO - ANNX: 1mo change of -15.32%
2025-01-19 11:38:40,829 - INFO - ANNA: 1wk change of -37.94%
2025-01-19 11:38:40,926 - INFO - ANNA: 1mo change of -14.10%
2025-01-19 11:38:41,329 - INFO - Processing ANNX - 2025-01-10 16:00:00 UTC
2025-01-19 11:38:42,551 - INFO - Processing ANRO - 2025-01-08 20:00:13 UTC
2025-01-19 11:38:42,569 - INFO - Retrieved article length: 6743 characters
2025-01-19 11:38:42,738 - INFO - ANNX: 1wk change of -18.13%
2025-01-19 11:38:42,827 - INFO - ANNX: 1mo change of -17.65%
2025-01-19 11:38:43,336 - INFO - Processing ANNX - 2025-01-07 16:00:00 UTC
2025-01-19 11:38:43,702 - INFO - Retrieved article length: 4654 characters
2025-01-19 11:38:43,803 - INFO - ANRO: 1h change of -2.33%
2025-01-19 11:38:43,894 - INFO - ANRO: 1wk change of 10.48%
2025-01-19 11:38:43,973 - INFO - ANRO: 1mo change of 11.54%
2025-01-19 11:38:44,472 - INFO - Retrieved article length: 2060 characters
2025-01-19 11:38:44,483 - INFO - Processing ANRO - 2024-12-11 16:03:00 UTC
2025-01-19 11:38:44,574 - INFO - ANNX: 1h change of -7.71%
2025-01-19 11:38:44,648 - INFO - ANNX: 1wk change of -19.88%
2025-01-19 11:38:44,739 - INFO - ANNX: 1mo change of -15.83%
2025-01-19 11:38:45,250 - INFO - Processing ANNX - 2024-12-17 00:05:00 UTC
2025-01-19 11:38:45,569 - INFO - Retrieved article length: 10664 characters
2025-01-19 11:38:45,663 - INFO - ANRO: 1h change of -3.77%
2025-01-19 11:38:45,751 - INFO - ANRO: 1wk change of -11.19%
2025-01-19 11:38:45,848 - INFO - ANRO: 1mo change of 12.41%
2025-01-19 11:38:46,350 - INFO - Processing ANRO - 2024-11-13 00:10:00 UTC
2025-01-19 11:38:46,418 - INFO - Retrieved article length: 2361 characters
2025-01-19 11:38:46,506 - INFO - ANNX: 1h change of -5.62%
2025-01-19 11:38:46,592 - INFO - ANNX: 1wk change of 6.05%
2025-01-19 11:38:46,685 - INFO - ANNX: 1mo change of -36.46%
2025-01-19 11:38:47,194 - INFO - Processing ANNX - 2024-12-16 15:30:00 UTC
2025-01-19 11:38:47,595 - INFO - Retrieved article length: 15960 characters
2025-01-19 11:38:47,695 - INFO - ANRO: 1h change of 4.77%
2025-01-19 11:38:47,786 - INFO - ANRO: 1wk change of 16.17%
2025-01-19 11:38:47,861 - INFO - ANRO: 1mo change of -66.43%
2025-01-19 11:38:48,340 - INFO - Retrieved article length: 15360 characters
2025-01-19 11:38:48,376 - INFO - Processing ANRO - 2024-11-04 16:00:00 UTC
2025-01-19 11:38:48,423 - INFO - ANNX: 1h change of -7.05%
2025-01-19 11:38:48,504 - INFO - ANNX: 1wk change of 2.55%
2025-01-19 11:38:48,595 - INFO - ANNX: 1mo change of -39.74%
2025-01-19 11:38:49,105 - INFO - Processing ANNX - 2024-12-05 16:00:00 UTC
2025-01-19 11:38:49,519 - INFO - Retrieved article length: 2539 characters
2025-01-19 11:38:49,607 - INFO - ANRO: 1h change of -4.34%
2025-01-19 11:38:49,695 - INFO - ANRO: 1wk change of 3.66%
2025-01-19 11:38:49,782 - INFO - ANRO: 1mo change of -65.82%
2025-01-19 11:38:50,289 - INFO - Processing ANRO - 2024-10-24 15:32:02 UTC
2025-01-19 11:38:50,320 - INFO - Retrieved article length: 11945 characters
2025-01-19 11:38:50,469 - INFO - ANNX: 1h change of -3.18%
2025-01-19 11:38:50,564 - INFO - ANNX: 1wk change of -12.94%
2025-01-19 11:38:50,660 - INFO - ANNX: 1mo change of -33.88%
2025-01-19 11:38:51,169 - INFO - Processing ANNX - 2024-11-19 11:00:00 UTC
2025-01-19 11:38:51,425 - INFO - Retrieved article length: 1758 characters
2025-01-19 11:38:51,526 - INFO - ANRO: 1h change of -69.85%
2025-01-19 11:38:51,621 - INFO - ANRO: 1wk change of -71.39%
2025-01-19 11:38:51,712 - INFO - ANRO: 1mo change of -68.13%
2025-01-19 11:38:52,219 - INFO - Processing ANRO - 2024-10-23 22:46:25 UTC
2025-01-19 11:38:52,445 - INFO - Retrieved article length: 4656 characters
2025-01-19 11:38:52,533 - INFO - ANNX: 1h change of -11.42%
2025-01-19 11:38:52,613 - INFO - ANNX: 1wk change of -23.39%
2025-01-19 11:38:52,709 - INFO - ANNX: 1mo change of -29.13%
2025-01-19 11:38:53,214 - INFO - Processing ANNX - 2024-11-14 16:00:00 UTC
2025-01-19 11:38:53,401 - INFO - Retrieved article length: 460 characters
2025-01-19 11:38:53,487 - INFO - ANRO: 1h change of -71.74%
2025-01-19 11:38:53,587 - INFO - ANRO: 1wk change of -71.39%
2025-01-19 11:38:53,706 - INFO - ANRO: 1mo change of -67.20%
2025-01-19 11:38:54,220 - INFO - Processing ANRO - 2024-10-23 21:45:49 UTC
2025-01-19 11:38:54,429 - INFO - Retrieved article length: 15834 characters
2025-01-19 11:38:54,515 - INFO - ANNX: 1h change of -7.81%
2025-01-19 11:38:54,624 - INFO - ANNX: 1wk change of -27.50%
2025-01-19 11:38:54,705 - INFO - ANNX: 1mo change of -29.49%
2025-01-19 11:38:55,411 - INFO - Retrieved article length: 401 characters
2025-01-19 11:38:55,431 - INFO - ANRO: 1h change of -71.74%
2025-01-19 11:38:55,438 - INFO - ANRO: 1wk change of -71.39%
2025-01-19 11:38:55,446 - INFO - ANRO: 1mo change of -67.20%
2025-01-19 11:38:55,948 - INFO - Processing ANRO - 2024-10-23 20:36:26 UTC
2025-01-19 11:38:56,356 - INFO - Processing ANTE - 2025-01-03 13:30:00 UTC
2025-01-19 11:38:57,259 - INFO - Retrieved article length: 3591 characters
2025-01-19 11:38:57,266 - INFO - ANRO: 1h change of -71.74%
2025-01-19 11:38:57,283 - INFO - ANRO: 1wk change of -71.39%
2025-01-19 11:38:57,293 - INFO - ANRO: 1mo change of -67.20%
2025-01-19 11:38:57,616 - INFO - Retrieved article length: 4327 characters
2025-01-19 11:38:57,714 - INFO - ANTE: 1h change of 3.23%
2025-01-19 11:38:57,801 - INFO - ANTE: 1wk change of 20.51%
2025-01-19 11:38:57,892 - INFO - ANTE: 1mo change of 11.90%
2025-01-19 11:38:58,395 - INFO - Processing ANTE - 2024-12-13 12:00:00 UTC
2025-01-19 11:38:58,932 - INFO - Processing ANY - 2024-11-19 15:44:52 UTC
2025-01-19 11:38:59,603 - INFO - Retrieved article length: 4682 characters
2025-01-19 11:38:59,693 - INFO - ANTE: 1h change of -5.35%
2025-01-19 11:38:59,780 - INFO - ANTE: 1wk change of -11.11%
2025-01-19 11:38:59,868 - INFO - ANTE: 1mo change of -15.38%
2025-01-19 11:39:00,049 - INFO - Retrieved article length: 2045 characters
2025-01-19 11:39:00,148 - INFO - ANY: 1h change of -3.56%
2025-01-19 11:39:00,234 - INFO - ANY: 1wk change of -14.81%
2025-01-19 11:39:00,316 - INFO - ANY: 1mo change of 1.27%
2025-01-19 11:39:00,370 - INFO - Processing ANTE - 2024-11-14 12:00:00 UTC
2025-01-19 11:39:00,819 - INFO - Processing ANY - 2024-11-18 22:01:06 UTC
2025-01-19 11:39:01,564 - INFO - Retrieved article length: 3003 characters
2025-01-19 11:39:01,650 - INFO - ANTE: 1h change of -9.23%
2025-01-19 11:39:01,750 - INFO - ANTE: 1wk change of -5.36%
2025-01-19 11:39:01,839 - INFO - ANTE: 1mo change of 37.50%
2025-01-19 11:39:01,993 - INFO - Retrieved article length: 484 characters
2025-01-19 11:39:02,089 - INFO - ANY: 1h change of 4.04%
2025-01-19 11:39:02,176 - INFO - ANY: 1wk change of 10.40%
2025-01-19 11:39:02,247 - INFO - ANY: 1mo change of 4.06%
2025-01-19 11:39:02,763 - INFO - Processing ANY - 2024-11-15 04:50:02 UTC
2025-01-19 11:39:03,468 - INFO - Processing AOS - 2025-01-17 01:33:00 UTC
2025-01-19 11:39:03,955 - INFO - Retrieved article length: 4154 characters
2025-01-19 11:39:04,036 - INFO - ANY: 1h change of -20.85%
2025-01-19 11:39:04,136 - INFO - ANY: 1wk change of 30.77%
2025-01-19 11:39:04,214 - INFO - ANY: 1mo change of 16.76%
2025-01-19 11:39:04,649 - INFO - Retrieved article length: 1276 characters
2025-01-19 11:39:04,725 - INFO - Processing ANY - 2024-11-15 00:10:00 UTC
2025-01-19 11:39:04,933 - INFO - AOS: 1wk change of 5.14%
2025-01-19 11:39:05,564 - INFO - Processing AOS - 2025-01-16 17:15:02 UTC
2025-01-19 11:39:05,956 - INFO - Retrieved article length: 7685 characters
2025-01-19 11:39:05,965 - INFO - ANY: 1h change of -20.85%
2025-01-19 11:39:05,971 - INFO - ANY: 1wk change of 30.77%
2025-01-19 11:39:05,986 - INFO - ANY: 1mo change of 16.76%
2025-01-19 11:39:06,487 - INFO - Processing ANY - 2024-11-11 15:36:12 UTC
2025-01-19 11:39:06,727 - INFO - Retrieved article length: 3781 characters
2025-01-19 11:39:06,835 - INFO - AOS: 1h change of 2.53%
2025-01-19 11:39:06,951 - INFO - AOS: 1wk change of 4.22%
2025-01-19 11:39:07,099 - INFO - AOS: 1mo change of -1.13%
2025-01-19 11:39:07,602 - INFO - Processing AOS - 2025-01-15 16:15:36 UTC
2025-01-19 11:39:07,726 - INFO - Retrieved article length: 4527 characters
2025-01-19 11:39:07,824 - INFO - ANY: 1h change of 20.89%
2025-01-19 11:39:07,907 - INFO - ANY: 1wk change of 37.25%
2025-01-19 11:39:08,007 - INFO - ANY: 1mo change of 39.91%
2025-01-19 11:39:08,746 - INFO - Retrieved article length: 1820 characters
2025-01-19 11:39:08,844 - INFO - AOS: 1h change of 4.63%
2025-01-19 11:39:08,972 - INFO - AOS: 1wk change of 4.22%
2025-01-19 11:39:09,110 - INFO - AOS: 1mo change of -1.47%
2025-01-19 11:39:09,611 - INFO - Processing AOS - 2025-01-15 12:04:19 UTC
2025-01-19 11:39:09,647 - INFO - Processing AOSL - 2025-01-17 01:06:00 UTC
2025-01-19 11:39:10,773 - INFO - Retrieved article length: 4067 characters
2025-01-19 11:39:10,780 - INFO - AOS: 1h change of 4.63%
2025-01-19 11:39:10,828 - INFO - AOS: 1wk change of 4.22%
2025-01-19 11:39:10,871 - INFO - AOS: 1mo change of -1.47%
2025-01-19 11:39:10,903 - INFO - Retrieved article length: 2873 characters
2025-01-19 11:39:11,007 - INFO - AOSL: 1h change of 9.73%
2025-01-19 11:39:11,089 - INFO - AOSL: 1wk change of 7.83%
2025-01-19 11:39:11,176 - INFO - AOSL: 1mo change of -7.96%
2025-01-19 11:39:11,374 - INFO - Processing AOS - 2025-01-08 01:25:03 UTC
2025-01-19 11:39:11,690 - INFO - Processing AOSL - 2025-01-09 00:01:00 UTC
2025-01-19 11:39:12,567 - INFO - Retrieved article length: 4209 characters
2025-01-19 11:39:12,779 - INFO - AOS: 1wk change of 5.57%
2025-01-19 11:39:12,804 - INFO - Retrieved article length: 2221 characters
2025-01-19 11:39:12,890 - INFO - AOSL: 1h change of -10.14%
2025-01-19 11:39:12,958 - INFO - AOS: 1mo change of -2.43%
2025-01-19 11:39:12,984 - INFO - AOSL: 1wk change of 12.68%
2025-01-19 11:39:13,075 - INFO - AOSL: 1mo change of -11.92%
2025-01-19 11:39:13,467 - INFO - Processing AOS - 2025-01-03 17:00:00 UTC
2025-01-19 11:39:13,576 - INFO - Processing AOSL - 2025-01-08 18:49:23 UTC
2025-01-19 11:39:14,637 - INFO - Retrieved article length: 1583 characters
2025-01-19 11:39:14,853 - INFO - Retrieved article length: 6006 characters
2025-01-19 11:39:14,909 - INFO - AOS: 1wk change of -1.90%
2025-01-19 11:39:14,958 - INFO - AOSL: 1h change of -4.40%
2025-01-19 11:39:15,037 - INFO - AOS: 1mo change of -3.60%
2025-01-19 11:39:15,037 - INFO - AOSL: 1wk change of 12.68%
2025-01-19 11:39:15,127 - INFO - AOSL: 1mo change of -15.38%
2025-01-19 11:39:15,544 - INFO - Processing AOS - 2024-12-30 12:22:13 UTC
2025-01-19 11:39:15,637 - INFO - Processing AOSL - 2025-01-07 16:00:00 UTC
2025-01-19 11:39:16,679 - INFO - Retrieved article length: 7526 characters
2025-01-19 11:39:16,778 - INFO - AOS: 1h change of 1.14%
2025-01-19 11:39:16,810 - INFO - Retrieved article length: 8058 characters
2025-01-19 11:39:16,898 - INFO - AOSL: 1h change of -4.40%
2025-01-19 11:39:17,034 - INFO - AOS: 1mo change of -4.80%
2025-01-19 11:39:17,034 - INFO - AOSL: 1wk change of 3.76%
2025-01-19 11:39:17,123 - INFO - AOSL: 1mo change of -10.63%
2025-01-19 11:39:17,536 - INFO - Processing AOS - 2024-12-18 21:26:12 UTC
2025-01-19 11:39:17,629 - INFO - Processing AOSL - 2024-12-17 13:47:00 UTC
2025-01-19 11:39:18,814 - INFO - Retrieved article length: 6479 characters
2025-01-19 11:39:18,855 - INFO - Retrieved article length: 4107 characters
2025-01-19 11:39:18,909 - INFO - AOSL: 1h change of 1.62%
2025-01-19 11:39:18,941 - INFO - AOS: 1h change of -6.35%
2025-01-19 11:39:18,995 - INFO - AOSL: 1wk change of -15.69%
2025-01-19 11:39:19,062 - INFO - AOS: 1wk change of -7.39%
2025-01-19 11:39:19,080 - INFO - AOSL: 1mo change of 55.69%
2025-01-19 11:39:19,247 - INFO - AOS: 1mo change of -1.78%
2025-01-19 11:39:19,582 - INFO - Processing AOSL - 2024-12-17 00:56:47 UTC
2025-01-19 11:39:20,869 - INFO - Processing APA - 2025-01-09 16:31:14 UTC
2025-01-19 11:39:21,060 - INFO - Retrieved article length: 150 characters
2025-01-19 11:39:21,060 - INFO - AOSL: 1h change of 1.62%
2025-01-19 11:39:21,075 - INFO - AOSL: 1wk change of -15.69%
2025-01-19 11:39:21,123 - INFO - AOSL: 1mo change of 55.69%
2025-01-19 11:39:21,632 - INFO - Processing AOSL - 2024-12-12 19:08:00 UTC
2025-01-19 11:39:22,018 - INFO - Retrieved article length: 2620 characters
2025-01-19 11:39:22,106 - INFO - APA: 1h change of -1.99%
2025-01-19 11:39:22,271 - INFO - APA: 1wk change of 8.83%
2025-01-19 11:39:22,391 - INFO - APA: 1mo change of 11.72%
2025-01-19 11:39:22,772 - INFO - Retrieved article length: 6438 characters
2025-01-19 11:39:22,868 - INFO - AOSL: 1h change of -8.82%
2025-01-19 11:39:22,897 - INFO - Processing APA - 2025-01-08 16:00:00 UTC
2025-01-19 11:39:22,955 - INFO - AOSL: 1wk change of -7.44%
2025-01-19 11:39:23,036 - INFO - AOSL: 1mo change of 34.62%
2025-01-19 11:39:23,546 - INFO - Processing AOSL - 2024-12-10 22:52:18 UTC
2025-01-19 11:39:24,039 - INFO - Retrieved article length: 15556 characters
2025-01-19 11:39:24,183 - INFO - APA: 1h change of -2.87%
2025-01-19 11:39:24,316 - INFO - APA: 1wk change of 8.83%
2025-01-19 11:39:24,449 - INFO - APA: 1mo change of 9.91%
2025-01-19 11:39:24,803 - INFO - Retrieved article length: 141 characters
2025-01-19 11:39:24,893 - INFO - AOSL: 1h change of 4.00%
2025-01-19 11:39:24,955 - INFO - Processing APA - 2025-01-08 14:29:37 UTC
2025-01-19 11:39:25,003 - INFO - AOSL: 1wk change of -9.35%
2025-01-19 11:39:25,105 - INFO - AOSL: 1mo change of 31.71%
2025-01-19 11:39:26,221 - INFO - Retrieved article length: 3958 characters
2025-01-19 11:39:26,223 - INFO - APA: 1h change of -2.87%
2025-01-19 11:39:26,233 - INFO - APA: 1wk change of 8.83%
2025-01-19 11:39:26,281 - INFO - APA: 1mo change of 9.91%
2025-01-19 11:39:26,711 - INFO - Processing APCX - 2024-12-30 16:23:02 UTC
2025-01-19 11:39:26,784 - INFO - Processing APA - 2025-01-08 01:45:00 UTC
2025-01-19 11:39:27,919 - INFO - Retrieved article length: 5729 characters
2025-01-19 11:39:27,940 - INFO - APA: 1h change of -2.87%
2025-01-19 11:39:27,943 - INFO - APA: 1wk change of 8.83%
2025-01-19 11:39:27,967 - INFO - Retrieved article length: 525 characters
2025-01-19 11:39:27,991 - INFO - APA: 1mo change of 9.91%
2025-01-19 11:39:28,050 - INFO - APCX: 1h change of -22.45%
2025-01-19 11:39:28,136 - INFO - APCX: 1wk change of -20.44%
2025-01-19 11:39:28,223 - INFO - APCX: 1mo change of 1.28%
2025-01-19 11:39:28,495 - INFO - Processing APA - 2025-01-07 16:35:00 UTC
2025-01-19 11:39:28,738 - INFO - Processing APCX - 2024-12-30 15:45:00 UTC
2025-01-19 11:39:29,709 - INFO - Retrieved article length: 5571 characters
2025-01-19 11:39:29,855 - INFO - APA: 1h change of -2.87%
2025-01-19 11:39:29,906 - INFO - Retrieved article length: 4243 characters
2025-01-19 11:39:29,922 - INFO - APCX: 1h change of -22.45%
2025-01-19 11:39:29,933 - INFO - APCX: 1wk change of -20.44%
2025-01-19 11:39:29,973 - INFO - APCX: 1mo change of 1.28%
2025-01-19 11:39:30,152 - INFO - APA: 1wk change of 12.18%
2025-01-19 11:39:30,431 - INFO - APA: 1mo change of 8.83%
2025-01-19 11:39:30,481 - INFO - Processing APCX - 2024-12-18 15:40:55 UTC
2025-01-19 11:39:30,933 - INFO - Processing APA - 2025-01-07 00:15:00 UTC
2025-01-19 11:39:31,584 - INFO - Retrieved article length: 1505 characters
2025-01-19 11:39:31,735 - INFO - APCX: 1h change of 40.98%
2025-01-19 11:39:31,821 - INFO - APCX: 1wk change of 60.75%
2025-01-19 11:39:31,907 - INFO - APCX: 1mo change of -16.49%
2025-01-19 11:39:32,072 - INFO - Retrieved article length: 3070 characters
2025-01-19 11:39:32,072 - INFO - APA: 1h change of -2.87%
2025-01-19 11:39:32,086 - INFO - APA: 1wk change of 12.18%
2025-01-19 11:39:32,131 - INFO - APA: 1mo change of 8.83%
2025-01-19 11:39:32,417 - INFO - Processing APCX - 2024-12-17 15:30:00 UTC
2025-01-19 11:39:32,635 - INFO - Processing APA - 2024-12-24 00:05:00 UTC
2025-01-19 11:39:33,585 - INFO - Retrieved article length: 3824 characters
2025-01-19 11:39:33,671 - INFO - APCX: 1h change of -11.30%
2025-01-19 11:39:33,755 - INFO - APCX: 1wk change of 88.69%
2025-01-19 11:39:33,792 - INFO - Retrieved article length: 13561 characters
2025-01-19 11:39:33,847 - INFO - APCX: 1mo change of -28.10%
2025-01-19 11:39:33,890 - INFO - APA: 1h change of 2.25%
2025-01-19 11:39:34,031 - INFO - APA: 1wk change of 6.56%
2025-01-19 11:39:34,198 - INFO - APA: 1mo change of 11.31%
2025-01-19 11:39:34,361 - INFO - Processing APCX - 2024-11-17 16:26:55 UTC
2025-01-19 11:39:34,703 - INFO - Processing APA - 2024-12-23 16:00:00 UTC
2025-01-19 11:39:35,499 - INFO - Retrieved article length: 1628 characters
2025-01-19 11:39:35,592 - INFO - APCX: 1h change of -1.36%
2025-01-19 11:39:35,671 - INFO - APCX: 1wk change of -28.18%
2025-01-19 11:39:35,760 - INFO - APCX: 1mo change of -15.20%
2025-01-19 11:39:35,970 - INFO - Retrieved article length: 17299 characters
2025-01-19 11:39:36,065 - INFO - APA: 1h change of 2.25%
2025-01-19 11:39:36,220 - INFO - APA: 1wk change of 1.01%
2025-01-19 11:39:36,272 - INFO - Processing APCX - 2024-11-16 00:14:00 UTC
2025-01-19 11:39:36,336 - INFO - APA: 1mo change of 8.64%
2025-01-19 11:39:37,429 - INFO - Retrieved article length: 5620 characters
2025-01-19 11:39:37,529 - INFO - APCX: 1h change of -7.93%
2025-01-19 11:39:37,617 - INFO - APCX: 1wk change of -32.86%
2025-01-19 11:39:37,702 - INFO - APCX: 1mo change of -15.20%
2025-01-19 11:39:37,981 - INFO - Processing APD - 2025-01-17 18:04:51 UTC
2025-01-19 11:39:39,145 - INFO - Retrieved article length: 540 characters
2025-01-19 11:39:39,242 - INFO - APD: 1h change of 4.20%
2025-01-19 11:39:39,333 - INFO - Processing APDN - 2025-01-10 17:00:00 UTC
2025-01-19 11:39:39,369 - INFO - APD: 1wk change of 10.99%
2025-01-19 11:39:39,507 - INFO - APD: 1mo change of 2.39%
2025-01-19 11:39:40,010 - INFO - Processing APD - 2025-01-17 17:00:11 UTC
2025-01-19 11:39:40,522 - INFO - Retrieved article length: 6848 characters
2025-01-19 11:39:40,673 - INFO - APDN: 1h change of -1.78%
2025-01-19 11:39:40,825 - INFO - APDN: 1wk change of -5.00%
2025-01-19 11:39:40,910 - INFO - APDN: 1mo change of 11.76%
2025-01-19 11:39:41,183 - INFO - Retrieved article length: 3071 characters
2025-01-19 11:39:41,187 - INFO - APD: 1h change of 4.20%
2025-01-19 11:39:41,236 - INFO - APD: 1wk change of 10.99%
2025-01-19 11:39:41,291 - INFO - APD: 1mo change of 2.39%
2025-01-19 11:39:41,418 - INFO - Processing APDN - 2025-01-09 00:30:00 UTC
2025-01-19 11:39:41,792 - INFO - Processing APD - 2025-01-17 16:30:00 UTC
2025-01-19 11:39:42,613 - INFO - Retrieved article length: 1977 characters
2025-01-19 11:39:42,698 - INFO - APDN: 1h change of -13.77%
2025-01-19 11:39:42,782 - INFO - APDN: 1wk change of -9.52%
2025-01-19 11:39:42,874 - INFO - Retrieved article length: 13842 characters
2025-01-19 11:39:42,880 - INFO - APDN: 1mo change of 18.75%
2025-01-19 11:39:42,886 - INFO - APD: 1h change of 4.20%
2025-01-19 11:39:42,934 - INFO - APD: 1wk change of 10.99%
2025-01-19 11:39:42,982 - INFO - APD: 1mo change of 2.39%
2025-01-19 11:39:43,382 - INFO - Processing APDN - 2024-12-18 17:00:00 UTC
2025-01-19 11:39:43,483 - INFO - Processing APD - 2025-01-17 00:15:00 UTC
2025-01-19 11:39:44,581 - INFO - Retrieved article length: 11565 characters
2025-01-19 11:39:44,598 - INFO - APD: 1h change of 4.20%
2025-01-19 11:39:44,611 - INFO - Retrieved article length: 6428 characters
2025-01-19 11:39:44,645 - INFO - APD: 1wk change of 10.99%
2025-01-19 11:39:44,692 - INFO - APD: 1mo change of 2.39%
2025-01-19 11:39:44,704 - INFO - APDN: 1h change of 7.94%
2025-01-19 11:39:44,785 - INFO - APDN: 1wk change of -10.00%
2025-01-19 11:39:44,874 - INFO - APDN: 1mo change of 5.56%
2025-01-19 11:39:45,195 - INFO - Processing APD - 2025-01-16 15:57:00 UTC
2025-01-19 11:39:45,383 - INFO - Processing APDN - 2024-12-18 01:15:02 UTC
2025-01-19 11:39:46,324 - INFO - Retrieved article length: 2968 characters
2025-01-19 11:39:46,421 - INFO - APD: 1h change of 3.28%
2025-01-19 11:39:46,560 - INFO - APD: 1wk change of 12.20%
2025-01-19 11:39:46,696 - INFO - APD: 1mo change of 2.85%
2025-01-19 11:39:46,732 - INFO - Retrieved article length: 4366 characters
2025-01-19 11:39:46,741 - INFO - APDN: 1h change of 7.94%
2025-01-19 11:39:46,746 - INFO - APDN: 1wk change of -10.00%
2025-01-19 11:39:46,797 - INFO - APDN: 1mo change of 5.56%
2025-01-19 11:39:47,197 - INFO - Processing APD - 2025-01-15 20:10:17 UTC
2025-01-19 11:39:47,299 - INFO - Processing APDN - 2024-12-18 00:12:02 UTC
2025-01-19 11:39:48,350 - INFO - Retrieved article length: 3518 characters
2025-01-19 11:39:48,376 - INFO - Retrieved article length: 1028 characters
2025-01-19 11:39:48,385 - INFO - APDN: 1h change of 7.94%
2025-01-19 11:39:48,391 - INFO - APDN: 1wk change of -10.00%
2025-01-19 11:39:48,439 - INFO - APDN: 1mo change of 5.56%
2025-01-19 11:39:48,439 - INFO - APD: 1h change of 3.74%
2025-01-19 11:39:48,561 - INFO - APD: 1wk change of 12.20%
2025-01-19 11:39:48,703 - INFO - APD: 1mo change of 2.37%
2025-01-19 11:39:48,939 - INFO - Processing APDN - 2024-12-18 00:05:00 UTC
2025-01-19 11:39:49,204 - INFO - Processing APD - 2025-01-15 00:30:00 UTC
2025-01-19 11:39:50,291 - INFO - Retrieved article length: 18745 characters
2025-01-19 11:39:50,299 - INFO - APDN: 1h change of 7.94%
2025-01-19 11:39:50,304 - INFO - APDN: 1wk change of -10.00%
2025-01-19 11:39:50,352 - INFO - APDN: 1mo change of 5.56%
2025-01-19 11:39:50,385 - INFO - Retrieved article length: 15890 characters
2025-01-19 11:39:50,394 - INFO - APD: 1h change of 3.74%
2025-01-19 11:39:50,442 - INFO - APD: 1wk change of 12.20%
2025-01-19 11:39:50,492 - INFO - APD: 1mo change of 2.37%
2025-01-19 11:39:50,853 - INFO - Processing APDN - 2024-12-16 18:00:00 UTC
2025-01-19 11:39:50,993 - INFO - Processing APD - 2025-01-14 18:54:49 UTC
2025-01-19 11:39:52,085 - INFO - Retrieved article length: 2891 characters
2025-01-19 11:39:52,175 - INFO - APDN: 1h change of 35.29%
2025-01-19 11:39:52,183 - INFO - Retrieved article length: 550 characters
2025-01-19 11:39:52,259 - INFO - APDN: 1wk change of 5.88%
2025-01-19 11:39:52,272 - INFO - APD: 1h change of 2.00%
2025-01-19 11:39:52,406 - INFO - APD: 1wk change of 12.20%
2025-01-19 11:39:52,538 - INFO - APD: 1mo change of 1.44%
2025-01-19 11:39:52,846 - INFO - Processing APDN - 2024-11-19 18:57:06 UTC
2025-01-19 11:39:54,153 - INFO - Processing APG - 2024-12-19 18:00:05 UTC
2025-01-19 11:39:54,235 - INFO - Retrieved article length: 479 characters
2025-01-19 11:39:54,327 - INFO - APDN: 1h change of -4.85%
2025-01-19 11:39:54,411 - INFO - APDN: 1wk change of -21.05%
2025-01-19 11:39:54,495 - INFO - APDN: 1mo change of -41.38%
2025-01-19 11:39:55,379 - INFO - Retrieved article length: 4141 characters
2025-01-19 11:39:55,466 - INFO - APG: 1h change of -4.01%
2025-01-19 11:39:55,560 - INFO - APG: 1wk change of -7.98%
2025-01-19 11:39:55,634 - INFO - APG: 1mo change of 3.42%
2025-01-19 11:39:56,101 - INFO - Processing APH - 2025-01-17 20:10:11 UTC
2025-01-19 11:39:56,144 - INFO - Processing APG - 2024-12-17 15:30:00 UTC
2025-01-19 11:39:57,204 - INFO - Retrieved article length: 3362 characters
2025-01-19 11:39:57,306 - INFO - APH: 1h change of -2.94%
2025-01-19 11:39:57,407 - INFO - Retrieved article length: 7100 characters
2025-01-19 11:39:57,422 - INFO - APH: 1wk change of -2.85%
2025-01-19 11:39:57,492 - INFO - APG: 1h change of -1.96%
2025-01-19 11:39:57,579 - INFO - APG: 1wk change of -6.67%
2025-01-19 11:39:57,579 - INFO - APH: 1mo change of -5.51%
2025-01-19 11:39:57,714 - INFO - APG: 1mo change of 1.33%
2025-01-19 11:39:58,083 - INFO - Processing APH - 2025-01-17 17:45:12 UTC
2025-01-19 11:39:58,226 - INFO - Processing APG - 2024-11-28 18:20:08 UTC
2025-01-19 11:39:59,240 - INFO - Retrieved article length: 2307 characters
2025-01-19 11:39:59,246 - INFO - APH: 1h change of -2.94%
2025-01-19 11:39:59,296 - INFO - Retrieved article length: 3819 characters
2025-01-19 11:39:59,303 - INFO - APH: 1wk change of -2.85%
2025-01-19 11:39:59,344 - INFO - APH: 1mo change of -5.51%
2025-01-19 11:39:59,469 - INFO - APG: 1wk change of 8.09%
2025-01-19 11:39:59,546 - INFO - APG: 1mo change of 5.18%
2025-01-19 11:39:59,852 - INFO - Processing APH - 2025-01-17 15:29:05 UTC
2025-01-19 11:40:00,055 - INFO - Processing APG - 2024-11-26 15:30:00 UTC
2025-01-19 11:40:01,048 - INFO - Retrieved article length: 515 characters
2025-01-19 11:40:01,060 - INFO - APH: 1h change of -2.94%
2025-01-19 11:40:01,107 - INFO - APH: 1wk change of -2.85%
2025-01-19 11:40:01,155 - INFO - APH: 1mo change of -5.51%
2025-01-19 11:40:01,530 - INFO - Retrieved article length: 1607 characters
2025-01-19 11:40:01,617 - INFO - APG: 1h change of -1.76%
2025-01-19 11:40:01,656 - INFO - Processing APH - 2025-01-17 15:26:18 UTC
2025-01-19 11:40:01,709 - INFO - APG: 1wk change of 8.40%
2025-01-19 11:40:01,805 - INFO - APG: 1mo change of 6.60%
2025-01-19 11:40:02,309 - INFO - Processing APG - 2024-11-22 15:30:00 UTC
2025-01-19 11:40:02,802 - INFO - Retrieved article length: 517 characters
2025-01-19 11:40:02,820 - INFO - APH: 1h change of -2.94%
2025-01-19 11:40:02,866 - INFO - APH: 1wk change of -2.85%
2025-01-19 11:40:02,919 - INFO - APH: 1mo change of -5.51%
2025-01-19 11:40:03,422 - INFO - Processing APH - 2025-01-16 17:19:41 UTC
2025-01-19 11:40:03,555 - INFO - Retrieved article length: 4736 characters
2025-01-19 11:40:03,655 - INFO - APG: 1h change of 4.22%
2025-01-19 11:40:03,747 - INFO - APG: 1wk change of 2.22%
2025-01-19 11:40:03,837 - INFO - APG: 1mo change of 7.41%
2025-01-19 11:40:04,339 - INFO - Processing APG - 2024-11-01 17:45:13 UTC
2025-01-19 11:40:04,956 - INFO - Retrieved article length: 504 characters
2025-01-19 11:40:05,158 - INFO - APH: 1wk change of -2.40%
2025-01-19 11:40:05,261 - INFO - APH: 1mo change of -5.47%
2025-01-19 11:40:05,477 - INFO - Retrieved article length: 1928 characters
2025-01-19 11:40:05,559 - INFO - APG: 1h change of 3.66%
2025-01-19 11:40:05,704 - INFO - APG: 1wk change of 9.80%
2025-01-19 11:40:05,766 - INFO - Processing APH - 2025-01-16 17:15:24 UTC
2025-01-19 11:40:05,813 - INFO - APG: 1mo change of 15.07%
2025-01-19 11:40:06,320 - INFO - Processing APG - 2024-10-31 14:30:00 UTC
2025-01-19 11:40:06,909 - INFO - Retrieved article length: 3377 characters
2025-01-19 11:40:06,957 - INFO - APH: 1wk change of -2.40%
2025-01-19 11:40:07,021 - INFO - APH: 1mo change of -5.47%
2025-01-19 11:40:07,522 - INFO - Processing APH - 2025-01-01 15:58:15 UTC
2025-01-19 11:40:08,197 - INFO - Retrieved article length: 48368 characters
2025-01-19 11:40:08,286 - INFO - APG: 1h change of 6.79%
2025-01-19 11:40:08,367 - INFO - APG: 1wk change of 8.01%
2025-01-19 11:40:08,464 - INFO - APG: 1mo change of 13.40%
2025-01-19 11:40:08,774 - INFO - Retrieved article length: 5021 characters
2025-01-19 11:40:08,978 - INFO - Processing APG - 2024-10-25 14:49:13 UTC
2025-01-19 11:40:09,116 - INFO - APH: 1wk change of -1.11%
2025-01-19 11:40:09,226 - INFO - APH: 1mo change of -4.35%
2025-01-19 11:40:09,731 - INFO - Processing APH - 2024-12-31 17:45:08 UTC
2025-01-19 11:40:10,156 - INFO - Retrieved article length: 7508 characters
2025-01-19 11:40:10,243 - INFO - APG: 1h change of -2.70%
2025-01-19 11:40:10,330 - INFO - APG: 1wk change of 5.27%
2025-01-19 11:40:10,416 - INFO - APG: 1mo change of 6.62%
2025-01-19 11:40:10,921 - INFO - Retrieved article length: 2224 characters
2025-01-19 11:40:11,137 - INFO - APH: 1wk change of 1.18%
2025-01-19 11:40:11,237 - INFO - APH: 1mo change of -5.03%
2025-01-19 11:40:12,036 - INFO - Processing APLD - 2025-01-17 03:00:56 UTC
2025-01-19 11:40:12,870 - INFO - Processing APLE - 2025-01-17 17:00:00 UTC
2025-01-19 11:40:13,222 - INFO - Retrieved article length: 2856 characters
2025-01-19 11:40:13,311 - INFO - APLD: 1h change of 4.49%
2025-01-19 11:40:13,402 - INFO - APLD: 1wk change of -5.52%
2025-01-19 11:40:13,996 - INFO - Processing APLD - 2025-01-16 14:20:03 UTC
2025-01-19 11:40:14,112 - INFO - Retrieved article length: 5307 characters
2025-01-19 11:40:14,266 - INFO - APLE: 1h change of -1.38%
2025-01-19 11:40:14,369 - INFO - APLE: 1wk change of 2.87%
2025-01-19 11:40:14,524 - INFO - APLE: 1mo change of -5.50%
2025-01-19 11:40:15,026 - INFO - Processing APLE - 2024-12-21 00:15:00 UTC
2025-01-19 11:40:15,133 - INFO - Retrieved article length: 2019 characters
2025-01-19 11:40:15,331 - INFO - APLD: 1wk change of -9.09%
2025-01-19 11:40:15,428 - INFO - APLD: 1mo change of -1.49%
2025-01-19 11:40:15,933 - INFO - Processing APLD - 2025-01-15 23:21:44 UTC
2025-01-19 11:40:16,181 - INFO - Retrieved article length: 6658 characters
2025-01-19 11:40:16,288 - INFO - APLE: 1h change of 2.03%
2025-01-19 11:40:16,385 - INFO - APLE: 1wk change of -4.99%
2025-01-19 11:40:16,482 - INFO - APLE: 1mo change of -1.78%
2025-01-19 11:40:16,987 - INFO - Processing APLE - 2024-12-19 17:00:00 UTC
2025-01-19 11:40:17,186 - INFO - Retrieved article length: 5376 characters
2025-01-19 11:40:17,277 - INFO - APLD: 1h change of 16.70%
2025-01-19 11:40:17,362 - INFO - APLD: 1wk change of -9.09%
2025-01-19 11:40:17,446 - INFO - APLD: 1mo change of 1.60%
2025-01-19 11:40:17,949 - INFO - Processing APLD - 2025-01-15 10:00:33 UTC
2025-01-19 11:40:18,186 - INFO - Retrieved article length: 5457 characters
2025-01-19 11:40:18,283 - INFO - APLE: 1h change of -2.93%
2025-01-19 11:40:18,380 - INFO - APLE: 1wk change of -4.51%
2025-01-19 11:40:18,477 - INFO - APLE: 1mo change of -2.23%
2025-01-19 11:40:18,978 - INFO - Processing APLE - 2024-12-19 00:15:00 UTC
2025-01-19 11:40:19,307 - INFO - Retrieved article length: 5668 characters
2025-01-19 11:40:19,333 - INFO - APLD: 1h change of 16.70%
2025-01-19 11:40:19,381 - INFO - APLD: 1wk change of -9.09%
2025-01-19 11:40:19,434 - INFO - APLD: 1mo change of 1.60%
2025-01-19 11:40:19,935 - INFO - Processing APLD - 2025-01-15 00:05:00 UTC
2025-01-19 11:40:20,173 - INFO - Retrieved article length: 2447 characters
2025-01-19 11:40:20,173 - INFO - APLE: 1h change of -2.93%
2025-01-19 11:40:20,189 - INFO - APLE: 1wk change of -4.51%
2025-01-19 11:40:20,228 - INFO - APLE: 1mo change of -2.23%
2025-01-19 11:40:20,744 - INFO - Processing APLE - 2024-11-05 00:15:00 UTC
2025-01-19 11:40:21,413 - INFO - Retrieved article length: 34950 characters
2025-01-19 11:40:21,424 - INFO - APLD: 1h change of 16.70%
2025-01-19 11:40:21,460 - INFO - APLD: 1wk change of -9.09%
2025-01-19 11:40:21,514 - INFO - APLD: 1mo change of 1.60%
2025-01-19 11:40:22,023 - INFO - Processing APLD - 2025-01-14 18:14:57 UTC
2025-01-19 11:40:23,187 - INFO - Retrieved article length: 5654 characters
2025-01-19 11:40:23,284 - INFO - APLD: 1h change of 8.58%
2025-01-19 11:40:23,345 - INFO - Retrieved article length: 67951 characters
2025-01-19 11:40:23,370 - INFO - APLD: 1wk change of -9.09%
2025-01-19 11:40:23,436 - INFO - APLE: 1h change of 6.49%
2025-01-19 11:40:23,544 - INFO - APLE: 1wk change of 3.79%
2025-01-19 11:40:23,648 - INFO - APLE: 1mo change of 10.38%
2025-01-19 11:40:23,955 - INFO - Processing APLD - 2025-01-14 15:00:00 UTC
2025-01-19 11:40:24,150 - INFO - Processing APLE - 2024-11-04 16:00:00 UTC
2025-01-19 11:40:25,087 - INFO - Retrieved article length: 12597 characters
2025-01-19 11:40:25,097 - INFO - APLD: 1h change of 8.58%
2025-01-19 11:40:25,133 - INFO - APLD: 1wk change of -9.09%
2025-01-19 11:40:25,394 - INFO - Retrieved article length: 10486 characters
2025-01-19 11:40:25,586 - INFO - APLE: 1wk change of 7.28%
2025-01-19 11:40:25,694 - INFO - Processing APLD - 2025-01-14 14:00:00 UTC
2025-01-19 11:40:25,694 - INFO - APLE: 1mo change of 9.19%
2025-01-19 11:40:26,899 - INFO - Retrieved article length: 556 characters
2025-01-19 11:40:26,915 - INFO - APLD: 1h change of 8.58%
2025-01-19 11:40:26,960 - INFO - APLD: 1wk change of -9.09%
2025-01-19 11:40:27,311 - INFO - Processing APLM - 2024-12-20 16:00:00 UTC
2025-01-19 11:40:28,468 - INFO - Retrieved article length: 6931 characters
2025-01-19 11:40:28,556 - INFO - APLM: 1h change of 19.13%
2025-01-19 11:40:28,651 - INFO - APLM: 1wk change of 37.99%
2025-01-19 11:40:29,249 - INFO - Processing APLM - 2024-12-11 00:05:00 UTC
2025-01-19 11:40:30,486 - INFO - Retrieved article length: 5425 characters
2025-01-19 11:40:30,652 - INFO - APLM: 1h change of -7.88%
2025-01-19 11:40:30,747 - INFO - APLM: 1wk change of -15.44%
2025-01-19 11:40:30,825 - INFO - APLM: 1mo change of -16.36%
2025-01-19 11:40:31,338 - INFO - Processing APLM - 2024-11-21 16:00:00 UTC
2025-01-19 11:40:32,487 - INFO - Retrieved article length: 7404 characters
2025-01-19 11:40:32,657 - INFO - APLM: 1h change of -37.15%
2025-01-19 11:40:32,747 - INFO - APLM: 1wk change of -25.83%
2025-01-19 11:40:32,847 - INFO - APLM: 1mo change of -8.54%
