2025-01-19 15:47:42,141 - INFO - Starting new training session. Logging to: logs/training_20250119_154742.log
2025-01-19 15:47:42,145 - INFO - Starting new training session. Logging to: logs/training_20250119_154742.log
2025-01-19 15:47:42,145 - INFO - Starting new training session. Logging to: logs/training_20250119_154742.log
2025-01-19 15:47:42,172 - INFO - Starting new training session. Logging to: logs/training_20250119_154742.log
2025-01-19 15:47:42,732 - INFO - Processing IMCC - 2025-01-17 15:00:00 UTC
2025-01-19 15:47:42,849 - INFO - Processing IMG - 2025-01-15 15:50:00 UTC
2025-01-19 15:47:42,872 - INFO - Processing IMMR - 2025-01-16 18:04:00 UTC
2025-01-19 15:47:42,904 - INFO - Processing IMMX - 2025-01-07 18:56:15 UTC
2025-01-19 15:47:43,622 - INFO - Retrieved article length: 4296 characters
2025-01-19 15:47:43,633 - INFO - Retrieved article length: 550 characters
2025-01-19 15:47:43,659 - INFO - Retrieved article length: 7545 characters
2025-01-19 15:47:43,681 - INFO - Retrieved article length: 4046 characters
2025-01-19 15:47:43,768 - INFO - IMMX: 1h change of -9.24%
2025-01-19 15:47:43,779 - INFO - IMCC: 1h change of -6.91%
2025-01-19 15:47:43,836 - INFO - IMMR: 1wk change of 2.67%
2025-01-19 15:47:43,861 - INFO - IMCC: 1wk change of -16.49%
2025-01-19 15:47:43,864 - INFO - IMMX: 1wk change of -12.71%
2025-01-19 15:47:43,872 - INFO - IMG: 1wk change of 10.87%
2025-01-19 15:47:43,923 - INFO - IMMR: 1mo change of -2.51%
2025-01-19 15:47:43,924 - INFO - Processing IMMR - 2025-01-09 18:57:27 UTC
2025-01-19 15:47:43,945 - INFO - IMCC: 1mo change of -11.42%
2025-01-19 15:47:43,946 - INFO - Processing IMCC - 2024-11-14 16:15:00 UTC
2025-01-19 15:47:43,950 - INFO - IMG: 1mo change of -4.49%
2025-01-19 15:47:43,950 - INFO - Processing IMG - 2024-11-21 16:30:00 UTC
2025-01-19 15:47:43,958 - INFO - IMMX: 1mo change of -8.93%
2025-01-19 15:47:43,959 - INFO - Processing IMMX - 2025-01-07 17:34:00 UTC
2025-01-19 15:47:44,727 - INFO - Retrieved article length: 4571 characters
2025-01-19 15:47:44,743 - INFO - Retrieved article length: 8892 characters
2025-01-19 15:47:44,751 - INFO - IMMX: 1h change of -9.24%
2025-01-19 15:47:44,757 - INFO - IMMX: 1wk change of -12.71%
2025-01-19 15:47:44,760 - INFO - Retrieved article length: 4069 characters
2025-01-19 15:47:44,813 - INFO - IMG: 1h change of 9.13%
2025-01-19 15:47:44,823 - INFO - IMMX: 1mo change of -8.93%
2025-01-19 15:47:44,823 - INFO - Processing IMMX - 2024-12-19 19:38:48 UTC
2025-01-19 15:47:44,850 - INFO - IMMR: 1h change of -4.81%
2025-01-19 15:47:44,895 - INFO - IMG: 1wk change of 23.62%
2025-01-19 15:47:44,976 - INFO - IMG: 1mo change of -71.52%
2025-01-19 15:47:45,031 - INFO - IMMR: 1mo change of -1.21%
2025-01-19 15:47:45,031 - INFO - Processing IMMR - 2024-12-26 18:44:17 UTC
2025-01-19 15:47:45,163 - INFO - Processing IMNM - 2025-01-13 16:00:00 UTC
2025-01-19 15:47:45,202 - INFO - Retrieved article length: 25850 characters
2025-01-19 15:47:45,291 - INFO - IMCC: 1h change of 31.46%
2025-01-19 15:47:45,381 - INFO - IMCC: 1wk change of 30.83%
2025-01-19 15:47:45,474 - INFO - IMCC: 1mo change of -6.01%
2025-01-19 15:47:45,475 - INFO - Processing IMCC - 2024-11-13 01:40:00 UTC
2025-01-19 15:47:45,612 - INFO - Retrieved article length: 543 characters
2025-01-19 15:47:45,710 - INFO - IMMX: 1h change of 2.86%
2025-01-19 15:47:45,777 - INFO - Retrieved article length: 4511 characters
2025-01-19 15:47:45,805 - INFO - IMMX: 1wk change of -11.81%
2025-01-19 15:47:45,870 - INFO - IMMR: 1h change of 3.10%
2025-01-19 15:47:45,902 - INFO - IMMX: 1mo change of 25.93%
2025-01-19 15:47:45,904 - INFO - Processing IMMX - 2024-12-19 17:35:00 UTC
2025-01-19 15:47:45,957 - INFO - IMMR: 1wk change of -7.81%
2025-01-19 15:47:45,992 - INFO - Retrieved article length: 5022 characters
2025-01-19 15:47:46,047 - INFO - IMMR: 1mo change of 2.55%
2025-01-19 15:47:46,047 - INFO - Processing IMMR - 2024-12-16 17:11:49 UTC
2025-01-19 15:47:46,079 - INFO - IMNM: 1h change of -1.16%
2025-01-19 15:47:46,165 - INFO - IMNM: 1wk change of -11.36%
2025-01-19 15:47:46,252 - INFO - IMNM: 1mo change of -31.25%
2025-01-19 15:47:46,253 - INFO - Processing IMNM - 2025-01-07 18:50:34 UTC
2025-01-19 15:47:46,285 - INFO - Retrieved article length: 21264 characters
2025-01-19 15:47:46,376 - INFO - IMCC: 1h change of 38.00%
2025-01-19 15:47:46,474 - INFO - IMCC: 1wk change of 30.83%
2025-01-19 15:47:46,565 - INFO - IMCC: 1mo change of 5.86%
2025-01-19 15:47:46,565 - INFO - Processing IMCC - 2024-11-06 16:00:00 UTC
2025-01-19 15:47:46,662 - INFO - Retrieved article length: 12889 characters
2025-01-19 15:47:46,670 - INFO - IMMX: 1h change of 2.86%
2025-01-19 15:47:46,676 - INFO - IMMX: 1wk change of -11.81%
2025-01-19 15:47:46,741 - INFO - IMMX: 1mo change of 25.93%
2025-01-19 15:47:46,741 - INFO - Processing IMMX - 2024-12-16 17:48:00 UTC
2025-01-19 15:47:46,765 - INFO - Retrieved article length: 688 characters
2025-01-19 15:47:46,854 - INFO - IMMR: 1h change of 3.43%
2025-01-19 15:47:46,945 - INFO - IMMR: 1wk change of 3.47%
2025-01-19 15:47:47,032 - INFO - IMMR: 1mo change of -1.43%
2025-01-19 15:47:47,033 - INFO - Processing IMMR - 2024-12-16 16:55:00 UTC
2025-01-19 15:47:47,064 - INFO - Retrieved article length: 510 characters
2025-01-19 15:47:47,153 - INFO - IMNM: 1h change of -5.20%
2025-01-19 15:47:47,236 - INFO - IMNM: 1wk change of -4.09%
2025-01-19 15:47:47,324 - INFO - IMNM: 1mo change of -26.22%
2025-01-19 15:47:47,324 - INFO - Processing IMNM - 2025-01-07 16:00:00 UTC
2025-01-19 15:47:47,403 - INFO - Retrieved article length: 3060 characters
2025-01-19 15:47:47,490 - INFO - IMCC: 1h change of -9.27%
2025-01-19 15:47:47,573 - INFO - IMCC: 1wk change of 37.07%
2025-01-19 15:47:47,623 - INFO - Retrieved article length: 8917 characters
2025-01-19 15:47:47,656 - INFO - IMCC: 1mo change of 20.43%
2025-01-19 15:47:47,732 - INFO - IMMX: 1h change of 9.64%
2025-01-19 15:47:47,761 - INFO - Processing IMNN - 2024-12-19 16:05:00 UTC
2025-01-19 15:47:47,827 - INFO - IMMX: 1wk change of -14.17%
2025-01-19 15:47:47,906 - INFO - Retrieved article length: 17450 characters
2025-01-19 15:47:47,914 - INFO - IMMR: 1h change of 3.43%
2025-01-19 15:47:47,921 - INFO - IMMR: 1wk change of 3.47%
2025-01-19 15:47:47,922 - INFO - IMMX: 1mo change of 15.25%
2025-01-19 15:47:47,923 - INFO - Processing IMMX - 2024-12-10 19:09:48 UTC
2025-01-19 15:47:47,977 - INFO - IMMR: 1mo change of -1.43%
2025-01-19 15:47:47,977 - INFO - Processing IMMR - 2024-12-12 17:37:49 UTC
2025-01-19 15:47:48,109 - INFO - Retrieved article length: 3761 characters
2025-01-19 15:47:48,117 - INFO - IMNM: 1h change of -5.20%
2025-01-19 15:47:48,123 - INFO - IMNM: 1wk change of -4.09%
2025-01-19 15:47:48,173 - INFO - IMNM: 1mo change of -26.22%
2025-01-19 15:47:48,174 - INFO - Processing IMNM - 2025-01-03 02:03:00 UTC
2025-01-19 15:47:48,614 - INFO - Retrieved article length: 8314 characters
2025-01-19 15:47:48,703 - INFO - Retrieved article length: 529 characters
2025-01-19 15:47:48,759 - INFO - Retrieved article length: 4428 characters
2025-01-19 15:47:48,780 - INFO - IMNN: 1wk change of -8.14%
2025-01-19 15:47:48,803 - INFO - IMMX: 1h change of -10.47%
2025-01-19 15:47:48,848 - INFO - IMMR: 1h change of 3.27%
2025-01-19 15:47:48,860 - INFO - Retrieved article length: 3725 characters
2025-01-19 15:47:48,862 - INFO - IMNN: 1mo change of 21.33%
2025-01-19 15:47:48,862 - INFO - Processing IMNN - 2024-12-10 16:05:00 UTC
2025-01-19 15:47:48,898 - INFO - IMMX: 1wk change of 10.45%
2025-01-19 15:47:48,933 - INFO - IMMR: 1wk change of 2.02%
2025-01-19 15:47:48,943 - INFO - IMNM: 1h change of 2.69%
2025-01-19 15:47:48,995 - INFO - IMMX: 1mo change of 32.50%
2025-01-19 15:47:48,995 - INFO - Processing IMMX - 2024-12-10 17:39:00 UTC
2025-01-19 15:47:49,021 - INFO - IMNM: 1wk change of -3.81%
2025-01-19 15:47:49,022 - INFO - IMMR: 1mo change of 8.20%
2025-01-19 15:47:49,022 - INFO - Processing IMMR - 2024-12-10 03:01:44 UTC
2025-01-19 15:47:49,104 - INFO - IMNM: 1mo change of -26.27%
2025-01-19 15:47:49,104 - INFO - Processing IMNM - 2024-11-27 16:00:00 UTC
2025-01-19 15:47:49,818 - INFO - Retrieved article length: 11506 characters
2025-01-19 15:47:49,828 - INFO - IMMX: 1h change of -10.47%
2025-01-19 15:47:49,836 - INFO - IMMX: 1wk change of 10.45%
2025-01-19 15:47:49,843 - INFO - IMMX: 1mo change of 32.50%
2025-01-19 15:47:49,843 - INFO - Processing IMMX - 2024-12-10 14:36:59 UTC
2025-01-19 15:47:49,864 - INFO - Retrieved article length: 10501 characters
2025-01-19 15:47:49,871 - INFO - Retrieved article length: 3845 characters
2025-01-19 15:47:49,876 - INFO - Retrieved article length: 3020 characters
2025-01-19 15:47:49,965 - INFO - IMNM: 1h change of 24.03%
2025-01-19 15:47:50,039 - INFO - IMNN: 1wk change of -2.30%
2025-01-19 15:47:50,046 - INFO - IMNM: 1wk change of 45.52%
2025-01-19 15:47:50,128 - INFO - IMNN: 1mo change of -6.12%
2025-01-19 15:47:50,128 - INFO - Processing IMNN - 2024-11-25 17:30:00 UTC
2025-01-19 15:47:50,130 - INFO - Processing IMNM - 2024-11-25 17:05:15 UTC
2025-01-19 15:47:50,133 - INFO - IMMR: 1mo change of 7.05%
2025-01-19 15:47:50,133 - INFO - Processing IMMR - 2024-11-28 15:18:55 UTC
2025-01-19 15:47:50,652 - INFO - Retrieved article length: 4980 characters
2025-01-19 15:47:50,662 - INFO - IMMX: 1h change of -10.47%
2025-01-19 15:47:50,667 - INFO - IMMX: 1wk change of 10.45%
2025-01-19 15:47:50,673 - INFO - IMMX: 1mo change of 32.50%
2025-01-19 15:47:50,804 - INFO - Processing IMPP - 2025-01-02 20:06:14 UTC
2025-01-19 15:47:50,858 - INFO - Retrieved article length: 5130 characters
2025-01-19 15:47:50,914 - INFO - Retrieved article length: 3042 characters
2025-01-19 15:47:50,951 - INFO - Retrieved article length: 549 characters
2025-01-19 15:47:51,003 - INFO - IMNN: 1h change of 4.60%
2025-01-19 15:47:51,039 - INFO - IMNM: 1h change of 6.17%
2025-01-19 15:47:51,072 - INFO - IMMR: 1wk change of 1.65%
2025-01-19 15:47:51,088 - INFO - IMNN: 1wk change of 19.44%
2025-01-19 15:47:51,132 - INFO - IMNM: 1wk change of 36.70%
2025-01-19 15:47:51,158 - INFO - IMMR: 1mo change of 2.22%
2025-01-19 15:47:51,172 - INFO - IMNN: 1mo change of -20.20%
2025-01-19 15:47:51,172 - INFO - Processing IMNN - 2024-11-25 16:05:00 UTC
2025-01-19 15:47:51,218 - INFO - IMNM: 1mo change of -11.50%
2025-01-19 15:47:51,218 - INFO - Processing IMNM - 2024-11-23 00:52:06 UTC
2025-01-19 15:47:51,311 - INFO - Processing IMPPP - 2025-01-02 20:06:14 UTC
2025-01-19 15:47:51,532 - INFO - Retrieved article length: 6984 characters
2025-01-19 15:47:51,635 - INFO - IMPP: 1h change of 6.54%
2025-01-19 15:47:51,738 - INFO - IMPP: 1wk change of 14.58%
2025-01-19 15:47:51,836 - INFO - IMPP: 1mo change of -6.60%
2025-01-19 15:47:51,836 - INFO - Processing IMPP - 2024-12-10 17:25:00 UTC
2025-01-19 15:47:51,967 - INFO - Retrieved article length: 8299 characters
2025-01-19 15:47:51,975 - INFO - IMNN: 1h change of 4.60%
2025-01-19 15:47:51,983 - INFO - IMNN: 1wk change of 19.44%
2025-01-19 15:47:51,989 - INFO - IMNN: 1mo change of -20.20%
2025-01-19 15:47:51,989 - INFO - Processing IMNN - 2024-11-11 13:00:00 UTC
2025-01-19 15:47:52,012 - INFO - Retrieved article length: 6984 characters
2025-01-19 15:47:52,068 - INFO - Retrieved article length: 475 characters
2025-01-19 15:47:52,100 - INFO - IMPPP: 1h change of 2.82%
2025-01-19 15:47:52,155 - INFO - IMNM: 1h change of 6.16%
2025-01-19 15:47:52,186 - INFO - IMPPP: 1wk change of -2.57%
2025-01-19 15:47:52,237 - INFO - IMNM: 1wk change of 21.48%
2025-01-19 15:47:52,271 - INFO - IMPPP: 1mo change of -1.56%
2025-01-19 15:47:52,271 - INFO - Processing IMPPP - 2024-12-10 17:25:00 UTC
2025-01-19 15:47:52,322 - INFO - IMNM: 1mo change of -11.50%
2025-01-19 15:47:52,322 - INFO - Processing IMNM - 2024-11-15 14:28:40 UTC
2025-01-19 15:47:52,675 - INFO - Retrieved article length: 4323 characters
2025-01-19 15:47:52,676 - INFO - Retrieved article length: 4518 characters
2025-01-19 15:47:52,765 - INFO - IMNN: 1h change of -1.81%
2025-01-19 15:47:52,854 - INFO - IMNN: 1wk change of -28.42%
2025-01-19 15:47:52,881 - INFO - IMPP: 1wk change of -8.91%
2025-01-19 15:47:52,912 - INFO - Retrieved article length: 4323 characters
2025-01-19 15:47:52,940 - INFO - IMNN: 1mo change of -17.65%
2025-01-19 15:47:52,940 - INFO - Processing IMNN - 2024-11-08 10:23:20 UTC
2025-01-19 15:47:52,985 - INFO - IMPP: 1mo change of -6.39%
2025-01-19 15:47:52,985 - INFO - Processing IMPP - 2024-12-05 13:17:36 UTC
2025-01-19 15:47:53,185 - INFO - Processing IMPPP - 2024-12-05 13:17:36 UTC
2025-01-19 15:47:53,267 - INFO - Retrieved article length: 1967 characters
2025-01-19 15:47:53,358 - INFO - IMNM: 1h change of -20.73%
2025-01-19 15:47:53,447 - INFO - IMNM: 1wk change of -24.29%
2025-01-19 15:47:53,543 - INFO - IMNM: 1mo change of -9.40%
2025-01-19 15:47:53,664 - INFO - Processing IMRN - 2025-01-17 14:00:00 UTC
2025-01-19 15:47:53,720 - INFO - Retrieved article length: 1940 characters
2025-01-19 15:47:53,820 - INFO - IMPP: 1h change of -4.29%
2025-01-19 15:47:53,822 - INFO - Retrieved article length: 1940 characters
2025-01-19 15:47:53,824 - INFO - Retrieved article length: 5029 characters
2025-01-19 15:47:53,914 - INFO - IMNN: 1h change of -18.87%
2025-01-19 15:47:53,967 - INFO - IMPP: 1wk change of -10.03%
2025-01-19 15:47:53,999 - INFO - IMNN: 1wk change of -25.00%
2025-01-19 15:47:54,000 - INFO - IMPPP: 1wk change of -1.19%
2025-01-19 15:47:54,088 - INFO - IMNN: 1mo change of -21.30%
2025-01-19 15:47:54,088 - INFO - Processing IMNN - 2024-11-07 18:00:00 UTC
2025-01-19 15:47:54,089 - INFO - IMPP: 1mo change of -12.81%
2025-01-19 15:47:54,089 - INFO - Processing IMPPP - 2024-12-03 10:00:26 UTC
2025-01-19 15:47:54,089 - INFO - Processing IMPP - 2024-12-03 10:00:26 UTC
2025-01-19 15:47:54,513 - INFO - Retrieved article length: 5888 characters
2025-01-19 15:47:54,609 - INFO - IMRN: 1h change of 9.69%
2025-01-19 15:47:54,688 - INFO - IMRN: 1wk change of -2.09%
2025-01-19 15:47:54,727 - INFO - Retrieved article length: 3795 characters
2025-01-19 15:47:54,770 - INFO - IMRN: 1mo change of 1.18%
2025-01-19 15:47:54,770 - INFO - Processing IMRN - 2025-01-15 14:00:00 UTC
2025-01-19 15:47:54,827 - INFO - IMPP: 1h change of -8.18%
2025-01-19 15:47:54,868 - INFO - Retrieved article length: 3795 characters
2025-01-19 15:47:54,922 - INFO - Retrieved article length: 12811 characters
2025-01-19 15:47:54,923 - INFO - IMPP: 1wk change of -11.55%
2025-01-19 15:47:55,013 - INFO - IMNN: 1h change of -20.10%
2025-01-19 15:47:55,018 - INFO - IMPP: 1mo change of -15.09%
2025-01-19 15:47:55,018 - INFO - Processing IMPP - 2024-12-02 17:20:00 UTC
2025-01-19 15:47:55,098 - INFO - IMNN: 1wk change of -25.77%
2025-01-19 15:47:55,127 - INFO - IMPPP: 1mo change of 1.79%
2025-01-19 15:47:55,127 - INFO - Processing IMPPP - 2024-12-02 17:20:00 UTC
2025-01-19 15:47:55,187 - INFO - IMNN: 1mo change of -16.83%
2025-01-19 15:47:55,187 - INFO - Processing IMNN - 2024-11-07 16:05:00 UTC
2025-01-19 15:47:55,497 - INFO - Retrieved article length: 12336 characters
2025-01-19 15:47:55,585 - INFO - IMRN: 1h change of 1.02%
2025-01-19 15:47:55,670 - INFO - IMRN: 1wk change of 4.88%
2025-01-19 15:47:55,761 - INFO - IMRN: 1mo change of -4.02%
2025-01-19 15:47:55,761 - INFO - Processing IMRN - 2025-01-14 14:00:00 UTC
2025-01-19 15:47:55,977 - INFO - Retrieved article length: 29880 characters
2025-01-19 15:47:56,008 - INFO - Retrieved article length: 16079 characters
2025-01-19 15:47:56,017 - INFO - IMNN: 1h change of -20.10%
2025-01-19 15:47:56,022 - INFO - IMNN: 1wk change of -25.77%
2025-01-19 15:47:56,025 - INFO - Retrieved article length: 29880 characters
2025-01-19 15:47:56,028 - INFO - IMNN: 1mo change of -16.83%
2025-01-19 15:47:56,075 - INFO - IMPP: 1h change of -7.41%
2025-01-19 15:47:56,148 - INFO - Processing IMRX - 2025-01-13 16:00:00 UTC
2025-01-19 15:47:56,195 - INFO - IMPP: 1wk change of -14.54%
2025-01-19 15:47:56,287 - INFO - IMPPP: 1mo change of 2.20%
2025-01-19 15:47:56,287 - INFO - Processing IMPPP - 2024-11-29 15:00:59 UTC
2025-01-19 15:47:56,289 - INFO - IMPP: 1mo change of -10.93%
2025-01-19 15:47:56,290 - INFO - Processing IMPP - 2024-11-29 15:00:59 UTC
2025-01-19 15:47:56,523 - INFO - Retrieved article length: 12660 characters
2025-01-19 15:47:56,617 - INFO - IMRN: 1h change of 6.12%
2025-01-19 15:47:56,700 - INFO - IMRN: 1wk change of 4.88%
2025-01-19 15:47:56,805 - INFO - IMRN: 1mo change of 6.75%
2025-01-19 15:47:56,805 - INFO - Processing IMRN - 2025-01-14 10:05:02 UTC
2025-01-19 15:47:56,858 - INFO - Retrieved article length: 8305 characters
2025-01-19 15:47:56,945 - INFO - IMRX: 1h change of -2.00%
2025-01-19 15:47:57,027 - INFO - Retrieved article length: 3320 characters
2025-01-19 15:47:57,030 - INFO - IMRX: 1wk change of -13.68%
2025-01-19 15:47:57,114 - INFO - IMRX: 1mo change of -5.61%
2025-01-19 15:47:57,115 - INFO - Processing IMRX - 2025-01-07 17:28:53 UTC
2025-01-19 15:47:57,266 - INFO - Retrieved article length: 3320 characters
2025-01-19 15:47:57,291 - INFO - Processing IMPPP - 2024-11-27 17:20:00 UTC
2025-01-19 15:47:57,375 - INFO - IMPP: 1h change of 1.70%
2025-01-19 15:47:57,478 - INFO - IMPP: 1wk change of -16.47%
2025-01-19 15:47:57,574 - INFO - IMPP: 1mo change of -10.30%
2025-01-19 15:47:57,574 - INFO - Processing IMPP - 2024-11-27 17:20:00 UTC
2025-01-19 15:47:57,575 - INFO - Retrieved article length: 7118 characters
2025-01-19 15:47:57,584 - INFO - IMRN: 1h change of 6.12%
2025-01-19 15:47:57,636 - INFO - IMRN: 1wk change of 4.88%
2025-01-19 15:47:57,691 - INFO - IMRN: 1mo change of 6.75%
2025-01-19 15:47:57,692 - INFO - Processing IMRN - 2024-12-06 17:17:00 UTC
2025-01-19 15:47:58,066 - INFO - Retrieved article length: 3419 characters
2025-01-19 15:47:58,154 - INFO - IMRX: 1h change of -16.08%
2025-01-19 15:47:58,177 - INFO - Retrieved article length: 2367 characters
2025-01-19 15:47:58,244 - INFO - IMRX: 1wk change of -12.89%
2025-01-19 15:47:58,266 - INFO - IMPPP: 1h change of 1.11%
2025-01-19 15:47:58,303 - INFO - Retrieved article length: 2367 characters
2025-01-19 15:47:58,329 - INFO - IMRX: 1mo change of -2.88%
2025-01-19 15:47:58,330 - INFO - Processing IMRX - 2025-01-07 17:00:04 UTC
2025-01-19 15:47:58,408 - INFO - IMPP: 1h change of -4.34%
2025-01-19 15:47:58,440 - INFO - IMPPP: 1mo change of -1.55%
2025-01-19 15:47:58,441 - INFO - Processing IMPPP - 2024-11-19 14:10:44 UTC
2025-01-19 15:47:58,462 - INFO - Retrieved article length: 2571 characters
2025-01-19 15:47:58,511 - INFO - IMPP: 1wk change of -16.71%
2025-01-19 15:47:58,549 - INFO - IMRN: 1h change of 4.17%
2025-01-19 15:47:58,614 - INFO - IMPP: 1mo change of -18.65%
2025-01-19 15:47:58,614 - INFO - Processing IMPP - 2024-11-19 14:10:44 UTC
2025-01-19 15:47:58,638 - INFO - IMRN: 1wk change of 11.55%
2025-01-19 15:47:58,723 - INFO - IMRN: 1mo change of 4.00%
2025-01-19 15:47:58,724 - INFO - Processing IMRN - 2024-12-06 16:35:00 UTC
2025-01-19 15:47:59,193 - INFO - Retrieved article length: 550 characters
2025-01-19 15:47:59,201 - INFO - IMRX: 1h change of -16.08%
2025-01-19 15:47:59,207 - INFO - IMRX: 1wk change of -12.89%
2025-01-19 15:47:59,226 - INFO - Retrieved article length: 5952 characters
2025-01-19 15:47:59,260 - INFO - IMRX: 1mo change of -2.88%
2025-01-19 15:47:59,260 - INFO - Processing IMRX - 2025-01-07 15:00:00 UTC
2025-01-19 15:47:59,283 - INFO - Retrieved article length: 5952 characters
2025-01-19 15:47:59,311 - INFO - IMPPP: 1h change of -1.37%
2025-01-19 15:47:59,385 - INFO - IMPP: 1h change of -1.29%
2025-01-19 15:47:59,402 - INFO - IMPPP: 1wk change of 2.40%
2025-01-19 15:47:59,485 - INFO - IMPP: 1wk change of -9.86%
2025-01-19 15:47:59,487 - INFO - IMPPP: 1mo change of 2.03%
2025-01-19 15:47:59,583 - INFO - IMPP: 1mo change of -24.01%
2025-01-19 15:47:59,607 - INFO - Processing IMTE - 2024-12-31 14:57:52 UTC
2025-01-19 15:47:59,637 - INFO - Retrieved article length: 3080 characters
2025-01-19 15:47:59,645 - INFO - IMRN: 1h change of 4.17%
2025-01-19 15:47:59,650 - INFO - IMRN: 1wk change of 11.55%
2025-01-19 15:47:59,656 - INFO - IMRN: 1mo change of 4.00%
2025-01-19 15:47:59,656 - INFO - Processing IMRN - 2024-12-03 23:45:00 UTC
2025-01-19 15:47:59,719 - INFO - Processing IMTX - 2024-11-20 14:59:57 UTC
2025-01-19 15:47:59,987 - INFO - Retrieved article length: 14889 characters
2025-01-19 15:47:59,996 - INFO - IMRX: 1h change of -16.08%
2025-01-19 15:48:00,003 - INFO - IMRX: 1wk change of -12.89%
2025-01-19 15:48:00,055 - INFO - IMRX: 1mo change of -2.88%
2025-01-19 15:48:00,055 - INFO - Processing IMRX - 2024-12-23 03:09:51 UTC
2025-01-19 15:48:00,330 - INFO - Retrieved article length: 3762 characters
2025-01-19 15:48:00,336 - INFO - Retrieved article length: 1923 characters
2025-01-19 15:48:00,423 - INFO - IMRN: 1h change of 2.86%
2025-01-19 15:48:00,425 - INFO - IMTE: 1h change of 2.48%
2025-01-19 15:48:00,507 - INFO - IMRN: 1wk change of 17.02%
2025-01-19 15:48:00,508 - INFO - IMTE: 1wk change of 3.28%
2025-01-19 15:48:00,590 - INFO - Retrieved article length: 4686 characters
2025-01-19 15:48:00,591 - INFO - IMTE: 1mo change of 8.90%
2025-01-19 15:48:00,593 - INFO - IMRN: 1mo change of 6.77%
2025-01-19 15:48:00,593 - INFO - Processing IMRN - 2024-12-02 14:00:00 UTC
2025-01-19 15:48:00,693 - INFO - IMTX: 1h change of -6.88%
2025-01-19 15:48:00,719 - INFO - Processing IMUX - 2025-01-07 14:30:00 UTC
2025-01-19 15:48:00,782 - INFO - Retrieved article length: 6984 characters
2025-01-19 15:48:00,789 - INFO - IMTX: 1wk change of -7.96%
2025-01-19 15:48:00,875 - INFO - IMRX: 1h change of 8.37%
2025-01-19 15:48:00,901 - INFO - IMTX: 1mo change of -24.87%
2025-01-19 15:48:00,901 - INFO - Processing IMTX - 2024-11-19 15:25:07 UTC
2025-01-19 15:48:00,967 - INFO - IMRX: 1wk change of 34.56%
2025-01-19 15:48:01,052 - INFO - IMRX: 1mo change of 12.22%
2025-01-19 15:48:01,052 - INFO - Processing IMRX - 2024-12-19 16:00:00 UTC
2025-01-19 15:48:01,336 - INFO - Retrieved article length: 10611 characters
2025-01-19 15:48:01,423 - INFO - IMRN: 1h change of -2.51%
2025-01-19 15:48:01,502 - INFO - IMRN: 1wk change of 19.15%
2025-01-19 15:48:01,520 - INFO - Retrieved article length: 14537 characters
2025-01-19 15:48:01,586 - INFO - IMRN: 1mo change of -1.04%
2025-01-19 15:48:01,690 - INFO - IMUX: 1wk change of -4.27%
2025-01-19 15:48:01,700 - INFO - Processing IMVT - 2025-01-17 19:10:20 UTC
2025-01-19 15:48:01,704 - INFO - Retrieved article length: 1360 characters
2025-01-19 15:48:01,772 - INFO - IMUX: 1mo change of -24.96%
2025-01-19 15:48:01,772 - INFO - Processing IMUX - 2024-12-03 23:45:00 UTC
2025-01-19 15:48:01,800 - INFO - IMTX: 1h change of -4.12%
2025-01-19 15:48:01,815 - INFO - Retrieved article length: 7009 characters
2025-01-19 15:48:01,901 - INFO - IMTX: 1wk change of -12.50%
2025-01-19 15:48:01,904 - INFO - IMRX: 1h change of 12.92%
2025-01-19 15:48:01,995 - INFO - IMRX: 1wk change of 8.88%
2025-01-19 15:48:01,998 - INFO - IMTX: 1mo change of -25.50%
2025-01-19 15:48:01,998 - INFO - Processing IMTX - 2024-11-18 15:00:00 UTC
2025-01-19 15:48:02,082 - INFO - IMRX: 1mo change of 4.12%
2025-01-19 15:48:02,082 - INFO - Processing IMRX - 2024-12-17 16:00:00 UTC
2025-01-19 15:48:02,420 - INFO - Retrieved article length: 7603 characters
2025-01-19 15:48:02,422 - INFO - Retrieved article length: 3762 characters
2025-01-19 15:48:02,512 - INFO - IMUX: 1h change of -1.57%
2025-01-19 15:48:02,513 - INFO - IMVT: 1h change of -1.26%
2025-01-19 15:48:02,596 - INFO - IMUX: 1wk change of -4.24%
2025-01-19 15:48:02,596 - INFO - IMVT: 1wk change of -3.17%
2025-01-19 15:48:02,683 - INFO - IMVT: 1mo change of -9.21%
2025-01-19 15:48:02,684 - INFO - Processing IMVT - 2025-01-16 16:45:07 UTC
2025-01-19 15:48:02,691 - INFO - IMUX: 1mo change of -16.79%
2025-01-19 15:48:02,691 - INFO - Processing IMUX - 2024-11-26 14:30:00 UTC
2025-01-19 15:48:02,903 - INFO - Retrieved article length: 26672 characters
2025-01-19 15:48:03,003 - INFO - IMTX: 1h change of -4.18%
2025-01-19 15:48:03,020 - INFO - Retrieved article length: 6504 characters
2025-01-19 15:48:03,105 - INFO - IMTX: 1wk change of -14.49%
2025-01-19 15:48:03,113 - INFO - IMRX: 1h change of -7.91%
2025-01-19 15:48:03,202 - INFO - IMRX: 1wk change of 1.87%
2025-01-19 15:48:03,202 - INFO - IMTX: 1mo change of -26.30%
2025-01-19 15:48:03,203 - INFO - Processing IMTX - 2024-11-09 01:00:00 UTC
2025-01-19 15:48:03,292 - INFO - IMRX: 1mo change of 10.38%
2025-01-19 15:48:03,293 - INFO - Processing IMRX - 2024-12-13 22:10:50 UTC
2025-01-19 15:48:03,388 - INFO - Retrieved article length: 6403 characters
2025-01-19 15:48:03,475 - INFO - IMUX: 1h change of -4.38%
2025-01-19 15:48:03,547 - INFO - Retrieved article length: 1804 characters
2025-01-19 15:48:03,556 - INFO - IMUX: 1wk change of 14.02%
2025-01-19 15:48:03,639 - INFO - IMUX: 1mo change of -26.43%
2025-01-19 15:48:03,640 - INFO - Processing IMUX - 2024-11-15 15:34:56 UTC
2025-01-19 15:48:03,642 - INFO - IMVT: 1h change of -3.05%
2025-01-19 15:48:03,727 - INFO - IMVT: 1wk change of -3.13%
2025-01-19 15:48:03,813 - INFO - IMVT: 1mo change of -13.52%
2025-01-19 15:48:03,814 - INFO - Processing IMVT - 2025-01-13 16:00:00 UTC
2025-01-19 15:48:04,004 - INFO - Retrieved article length: 15660 characters
2025-01-19 15:48:04,163 - INFO - Retrieved article length: 3512 characters
2025-01-19 15:48:04,251 - INFO - IMTX: 1wk change of -15.28%
2025-01-19 15:48:04,253 - INFO - IMRX: 1h change of -22.89%
2025-01-19 15:48:04,397 - INFO - Retrieved article length: 4155 characters
2025-01-19 15:48:04,619 - INFO - Retrieved article length: 4107 characters
2025-01-19 15:48:05,802 - INFO - IMTX: 1mo change of -34.03%
2025-01-19 15:48:05,803 - INFO - Processing IMTX - 2024-10-23 14:11:49 UTC
2025-01-19 15:48:05,811 - INFO - IMUX: 1h change of -7.46%
2025-01-19 15:48:05,825 - INFO - IMVT: 1h change of 1.06%
2025-01-19 15:48:05,898 - INFO - IMUX: 1wk change of -7.56%
2025-01-19 15:48:05,907 - INFO - IMVT: 1wk change of -3.83%
2025-01-19 15:48:05,985 - INFO - IMUX: 1mo change of -25.71%
2025-01-19 15:48:05,985 - INFO - Processing IMUX - 2024-11-14 14:35:29 UTC
2025-01-19 15:48:05,991 - INFO - IMVT: 1mo change of -16.86%
2025-01-19 15:48:05,991 - INFO - Processing IMVT - 2025-01-03 15:26:07 UTC
2025-01-19 15:48:06,083 - INFO - IMRX: 1wk change of -3.85%
2025-01-19 15:48:06,173 - INFO - IMRX: 1mo change of 3.16%
2025-01-19 15:48:06,298 - INFO - Processing IMXI - 2024-12-24 17:48:46 UTC
2025-01-19 15:48:06,587 - INFO - Retrieved article length: 6411 characters
2025-01-19 15:48:06,760 - INFO - Retrieved article length: 2773 characters
2025-01-19 15:48:06,785 - INFO - Retrieved article length: 505 characters
2025-01-19 15:48:06,855 - INFO - IMUX: 1h change of -11.72%
2025-01-19 15:48:06,877 - INFO - IMVT: 1h change of -1.98%
2025-01-19 15:48:06,901 - INFO - IMTX: 1mo change of -36.01%
2025-01-19 15:48:06,946 - INFO - IMUX: 1wk change of -8.33%
2025-01-19 15:48:06,965 - INFO - IMVT: 1wk change of -9.97%
2025-01-19 15:48:07,034 - INFO - IMUX: 1mo change of -26.43%
2025-01-19 15:48:07,035 - INFO - Processing IMUX - 2024-11-13 14:30:00 UTC
2025-01-19 15:48:07,063 - INFO - Processing INAB - 2025-01-06 15:00:00 UTC
2025-01-19 15:48:07,102 - INFO - IMVT: 1mo change of -15.39%
2025-01-19 15:48:07,102 - INFO - Processing IMVT - 2024-12-30 18:17:57 UTC
2025-01-19 15:48:07,168 - INFO - Retrieved article length: 4057 characters
2025-01-19 15:48:07,258 - INFO - IMXI: 1h change of 1.66%
2025-01-19 15:48:07,357 - INFO - IMXI: 1wk change of -3.56%
2025-01-19 15:48:07,448 - INFO - Processing IMXI - 2024-12-24 14:32:58 UTC
2025-01-19 15:48:07,766 - INFO - Retrieved article length: 2373 characters
2025-01-19 15:48:07,840 - INFO - Retrieved article length: 4941 characters
2025-01-19 15:48:07,858 - INFO - INAB: 1h change of -12.38%
2025-01-19 15:48:07,923 - INFO - Retrieved article length: 11998 characters
2025-01-19 15:48:07,940 - INFO - INAB: 1wk change of 12.22%
2025-01-19 15:48:07,981 - INFO - IMVT: 1h change of 1.89%
2025-01-19 15:48:08,010 - INFO - IMUX: 1h change of -6.84%
2025-01-19 15:48:08,028 - INFO - INAB: 1mo change of -19.57%
2025-01-19 15:48:08,028 - INFO - Processing INAB - 2024-12-10 15:00:00 UTC
2025-01-19 15:48:08,068 - INFO - IMVT: 1wk change of -8.62%
2025-01-19 15:48:08,100 - INFO - IMUX: 1wk change of -8.33%
2025-01-19 15:48:08,149 - INFO - IMVT: 1mo change of -11.27%
2025-01-19 15:48:08,149 - INFO - Processing IMVT - 2024-12-20 15:20:47 UTC
2025-01-19 15:48:08,176 - INFO - Retrieved article length: 3731 characters
2025-01-19 15:48:08,184 - INFO - IMUX: 1mo change of -27.33%
2025-01-19 15:48:08,184 - INFO - Processing IMUX - 2024-11-09 16:00:26 UTC
2025-01-19 15:48:08,186 - INFO - IMXI: 1h change of 1.66%
2025-01-19 15:48:08,192 - INFO - IMXI: 1wk change of -3.56%
2025-01-19 15:48:08,243 - INFO - Processing IMXI - 2024-12-13 16:16:12 UTC
2025-01-19 15:48:08,768 - INFO - Retrieved article length: 10216 characters
2025-01-19 15:48:08,859 - INFO - INAB: 1h change of 2.52%
2025-01-19 15:48:08,889 - INFO - Retrieved article length: 1335 characters
2025-01-19 15:48:08,941 - INFO - INAB: 1wk change of -34.78%
2025-01-19 15:48:08,953 - INFO - Retrieved article length: 1357 characters
2025-01-19 15:48:08,980 - INFO - IMVT: 1h change of -3.48%
2025-01-19 15:48:09,026 - INFO - INAB: 1mo change of -14.09%
2025-01-19 15:48:09,026 - INFO - Processing INAB - 2024-12-02 15:00:00 UTC
2025-01-19 15:48:09,037 - INFO - Retrieved article length: 4478 characters
2025-01-19 15:48:09,043 - INFO - IMXI: 1h change of -1.57%
2025-01-19 15:48:09,066 - INFO - IMVT: 1wk change of -15.38%
2025-01-19 15:48:09,131 - INFO - IMXI: 1wk change of -3.00%
2025-01-19 15:48:09,133 - INFO - IMUX: 1h change of -3.65%
2025-01-19 15:48:09,156 - INFO - IMVT: 1mo change of -10.40%
2025-01-19 15:48:09,156 - INFO - Processing IMVT - 2024-11-22 01:31:40 UTC
2025-01-19 15:48:09,223 - INFO - IMXI: 1mo change of 2.46%
2025-01-19 15:48:09,223 - INFO - Processing IMXI - 2024-12-12 16:00:00 UTC
2025-01-19 15:48:09,223 - INFO - IMUX: 1wk change of -13.71%
2025-01-19 15:48:09,316 - INFO - IMUX: 1mo change of -26.62%
2025-01-19 15:48:09,316 - INFO - Processing IMUX - 2024-11-07 14:41:54 UTC
2025-01-19 15:48:09,814 - INFO - Retrieved article length: 2018 characters
2025-01-19 15:48:09,891 - INFO - Retrieved article length: 4881 characters
2025-01-19 15:48:09,907 - INFO - INAB: 1h change of -9.92%
2025-01-19 15:48:09,932 - INFO - Retrieved article length: 7625 characters
2025-01-19 15:48:10,023 - INFO - IMVT: 1h change of 5.15%
2025-01-19 15:48:10,074 - INFO - INAB: 1mo change of -3.32%
2025-01-19 15:48:10,074 - INFO - Processing INAB - 2024-11-25 15:00:00 UTC
2025-01-19 15:48:10,076 - INFO - IMXI: 1wk change of -2.45%
2025-01-19 15:48:10,105 - INFO - IMVT: 1wk change of -3.66%
2025-01-19 15:48:10,134 - INFO - Retrieved article length: 756 characters
2025-01-19 15:48:10,163 - INFO - IMXI: 1mo change of 14.00%
2025-01-19 15:48:10,163 - INFO - Processing IMXI - 2024-12-04 16:34:50 UTC
2025-01-19 15:48:10,187 - INFO - IMVT: 1mo change of -12.69%
2025-01-19 15:48:10,188 - INFO - Processing IMVT - 2024-11-13 11:05:56 UTC
2025-01-19 15:48:10,221 - INFO - IMUX: 1h change of -3.27%
2025-01-19 15:48:10,309 - INFO - IMUX: 1wk change of -20.90%
2025-01-19 15:48:10,403 - INFO - IMUX: 1mo change of -23.90%
2025-01-19 15:48:10,556 - INFO - Processing INBS - 2025-01-14 16:30:00 UTC
2025-01-19 15:48:10,792 - INFO - Retrieved article length: 10482 characters
2025-01-19 15:48:10,884 - INFO - INAB: 1h change of -4.34%
2025-01-19 15:48:10,967 - INFO - INAB: 1wk change of -10.15%
2025-01-19 15:48:10,995 - INFO - Retrieved article length: 505 characters
2025-01-19 15:48:11,008 - INFO - Retrieved article length: 44968 characters
2025-01-19 15:48:11,061 - INFO - INAB: 1mo change of -43.16%
2025-01-19 15:48:11,061 - INFO - Processing INAB - 2024-11-14 18:14:00 UTC
2025-01-19 15:48:11,100 - INFO - IMVT: 1h change of -10.33%
2025-01-19 15:48:11,184 - INFO - IMVT: 1wk change of -8.67%
2025-01-19 15:48:11,263 - INFO - IMXI: 1mo change of 17.11%
2025-01-19 15:48:11,263 - INFO - Processing IMXI - 2024-12-04 16:00:00 UTC
2025-01-19 15:48:11,270 - INFO - IMVT: 1mo change of -7.03%
2025-01-19 15:48:11,300 - INFO - Retrieved article length: 6686 characters
2025-01-19 15:48:11,390 - INFO - Processing INCY - 2025-01-16 14:29:17 UTC
2025-01-19 15:48:11,477 - INFO - INBS: 1wk change of -4.79%
2025-01-19 15:48:11,569 - INFO - INBS: 1mo change of -15.76%
2025-01-19 15:48:11,569 - INFO - Processing INBS - 2024-12-18 16:30:00 UTC
2025-01-19 15:48:11,903 - INFO - Retrieved article length: 9144 characters
2025-01-19 15:48:11,990 - INFO - INAB: 1h change of -1.21%
2025-01-19 15:48:12,033 - INFO - Retrieved article length: 6178 characters
2025-01-19 15:48:12,051 - INFO - IMXI: 1mo change of 17.11%
2025-01-19 15:48:12,051 - INFO - Processing IMXI - 2024-11-19 16:00:00 UTC
2025-01-19 15:48:12,073 - INFO - INAB: 1wk change of 4.26%
2025-01-19 15:48:12,158 - INFO - INAB: 1mo change of 16.96%
2025-01-19 15:48:12,158 - INFO - Processing INAB - 2024-11-13 00:26:00 UTC
2025-01-19 15:48:12,203 - INFO - Retrieved article length: 541 characters
2025-01-19 15:48:12,271 - INFO - Retrieved article length: 6808 characters
2025-01-19 15:48:12,297 - INFO - INCY: 1h change of -1.01%
2025-01-19 15:48:12,372 - INFO - INBS: 1h change of -10.25%
2025-01-19 15:48:12,466 - INFO - INBS: 1wk change of -14.37%
2025-01-19 15:48:12,471 - INFO - INCY: 1mo change of 1.55%
2025-01-19 15:48:12,471 - INFO - Processing INCY - 2025-01-16 01:34:00 UTC
2025-01-19 15:48:12,563 - INFO - INBS: 1mo change of -18.24%
2025-01-19 15:48:12,563 - INFO - Processing INBS - 2024-12-04 16:30:00 UTC
2025-01-19 15:48:12,811 - INFO - Retrieved article length: 2169 characters
2025-01-19 15:48:13,000 - INFO - IMXI: 1wk change of -2.31%
2025-01-19 15:48:13,080 - INFO - Retrieved article length: 13843 characters
2025-01-19 15:48:13,085 - INFO - IMXI: 1mo change of 14.18%
2025-01-19 15:48:13,086 - INFO - Processing IMXI - 2024-11-13 13:58:04 UTC
2025-01-19 15:48:13,170 - INFO - INAB: 1h change of 1.85%
2025-01-19 15:48:13,220 - INFO - Retrieved article length: 18341 characters
2025-01-19 15:48:13,230 - INFO - INCY: 1h change of -1.01%
2025-01-19 15:48:13,261 - INFO - INAB: 1wk change of 4.26%
2025-01-19 15:48:13,325 - INFO - INCY: 1mo change of 1.55%
2025-01-19 15:48:13,325 - INFO - Processing INCY - 2025-01-15 16:54:28 UTC
2025-01-19 15:48:13,399 - INFO - INAB: 1mo change of 25.22%
2025-01-19 15:48:13,399 - INFO - Processing INAB - 2024-11-12 15:00:00 UTC
2025-01-19 15:48:13,403 - INFO - Retrieved article length: 2348 characters
2025-01-19 15:48:13,497 - INFO - INBS: 1h change of -3.68%
2025-01-19 15:48:13,586 - INFO - INBS: 1wk change of -1.99%
2025-01-19 15:48:13,726 - INFO - INBS: 1mo change of -3.38%
2025-01-19 15:48:13,728 - INFO - Processing INBS - 2024-11-27 14:28:14 UTC
2025-01-19 15:48:13,824 - INFO - Retrieved article length: 5025 characters
2025-01-19 15:48:14,001 - INFO - IMXI: 1wk change of 21.90%
2025-01-19 15:48:14,083 - INFO - Retrieved article length: 3362 characters
2025-01-19 15:48:14,089 - INFO - IMXI: 1mo change of 26.49%
2025-01-19 15:48:14,133 - INFO - Retrieved article length: 2896 characters
2025-01-19 15:48:14,179 - INFO - INCY: 1h change of 2.62%
2025-01-19 15:48:14,236 - INFO - INAB: 1h change of -3.30%
2025-01-19 15:48:14,357 - INFO - Processing INCY - 2025-01-15 11:48:00 UTC
2025-01-19 15:48:14,381 - INFO - INAB: 1wk change of 4.92%
2025-01-19 15:48:14,452 - INFO - Processing INDI - 2024-12-04 08:30:00 UTC
2025-01-19 15:48:14,467 - INFO - INAB: 1mo change of 25.33%
2025-01-19 15:48:14,468 - INFO - Processing INAB - 2024-11-05 17:00:00 UTC
2025-01-19 15:48:14,500 - INFO - Retrieved article length: 2826 characters
2025-01-19 15:48:14,598 - INFO - INBS: 1h change of 10.14%
2025-01-19 15:48:14,691 - INFO - INBS: 1wk change of 18.44%
2025-01-19 15:48:14,785 - INFO - INBS: 1mo change of -4.11%
2025-01-19 15:48:14,785 - INFO - Processing INBS - 2024-11-26 16:30:00 UTC
2025-01-19 15:48:15,142 - INFO - Retrieved article length: 12654 characters
2025-01-19 15:48:15,151 - INFO - INCY: 1h change of 2.62%
2025-01-19 15:48:15,183 - INFO - Retrieved article length: 13166 characters
2025-01-19 15:48:15,214 - INFO - Retrieved article length: 2289 characters
2025-01-19 15:48:15,254 - INFO - Processing INCY - 2025-01-14 18:02:00 UTC
2025-01-19 15:48:15,270 - INFO - INDI: 1h change of -25.16%
2025-01-19 15:48:15,304 - INFO - INAB: 1h change of 6.32%
2025-01-19 15:48:15,363 - INFO - INDI: 1wk change of -17.96%
2025-01-19 15:48:15,389 - INFO - INAB: 1wk change of 11.63%
2025-01-19 15:48:15,451 - INFO - INDI: 1mo change of 26.04%
2025-01-19 15:48:15,451 - INFO - Processing INDI - 2024-12-03 00:05:00 UTC
2025-01-19 15:48:15,477 - INFO - INAB: 1mo change of 30.74%
2025-01-19 15:48:15,547 - INFO - Retrieved article length: 6848 characters
2025-01-19 15:48:15,595 - INFO - Processing INDP - 2025-01-13 16:00:00 UTC
2025-01-19 15:48:15,638 - INFO - INBS: 1h change of 10.14%
2025-01-19 15:48:15,729 - INFO - INBS: 1wk change of 12.06%
2025-01-19 15:48:15,831 - INFO - INBS: 1mo change of -10.46%
2025-01-19 15:48:15,831 - INFO - Processing INBS - 2024-11-21 16:30:00 UTC
2025-01-19 15:48:15,937 - INFO - Retrieved article length: 10775 characters
2025-01-19 15:48:16,030 - INFO - INCY: 1h change of 2.63%
2025-01-19 15:48:16,145 - INFO - Retrieved article length: 10284 characters
2025-01-19 15:48:16,197 - INFO - Processing INCY - 2025-01-13 17:40:44 UTC
2025-01-19 15:48:16,232 - INFO - INDI: 1h change of -27.99%
2025-01-19 15:48:16,255 - INFO - Retrieved article length: 5005 characters
2025-01-19 15:48:16,324 - INFO - INDI: 1wk change of -17.59%
2025-01-19 15:48:16,356 - INFO - INDP: 1h change of -2.17%
2025-01-19 15:48:16,426 - INFO - INDI: 1mo change of 25.61%
2025-01-19 15:48:16,426 - INFO - Processing INDI - 2024-11-27 03:07:17 UTC
2025-01-19 15:48:16,441 - INFO - INDP: 1wk change of -4.32%
2025-01-19 15:48:16,529 - INFO - INDP: 1mo change of -15.80%
2025-01-19 15:48:16,529 - INFO - Processing INDP - 2025-01-08 16:00:00 UTC
2025-01-19 15:48:16,557 - INFO - Retrieved article length: 2493 characters
2025-01-19 15:48:16,649 - INFO - INBS: 1h change of 8.04%
2025-01-19 15:48:16,742 - INFO - INBS: 1wk change of -13.04%
2025-01-19 15:48:16,837 - INFO - INBS: 1mo change of -7.48%
2025-01-19 15:48:16,838 - INFO - Processing INBS - 2024-11-18 18:55:00 UTC
2025-01-19 15:48:17,041 - INFO - Retrieved article length: 2811 characters
2025-01-19 15:48:17,126 - INFO - INCY: 1h change of 1.93%
2025-01-19 15:48:17,128 - INFO - Retrieved article length: 7359 characters
2025-01-19 15:48:17,213 - INFO - INCY: 1wk change of 3.30%
2025-01-19 15:48:17,232 - INFO - INDI: 1h change of -5.85%
2025-01-19 15:48:17,298 - INFO - Processing INCY - 2025-01-13 16:30:00 UTC
2025-01-19 15:48:17,321 - INFO - INDI: 1wk change of 4.89%
2025-01-19 15:48:17,403 - INFO - Retrieved article length: 12689 characters
2025-01-19 15:48:17,411 - INFO - INDI: 1mo change of 17.73%
2025-01-19 15:48:17,411 - INFO - Processing INDI - 2024-11-26 17:00:00 UTC
2025-01-19 15:48:17,493 - INFO - INDP: 1h change of 12.85%
2025-01-19 15:48:17,532 - INFO - Retrieved article length: 5379 characters
2025-01-19 15:48:17,584 - INFO - INDP: 1wk change of -3.66%
2025-01-19 15:48:17,619 - INFO - INBS: 1h change of -6.00%
2025-01-19 15:48:17,673 - INFO - INDP: 1mo change of -13.37%
2025-01-19 15:48:17,673 - INFO - Processing INDP - 2024-11-22 16:36:00 UTC
2025-01-19 15:48:17,808 - INFO - INBS: 1mo change of -10.34%
2025-01-19 15:48:17,808 - INFO - Processing INBS - 2024-11-14 15:19:17 UTC
2025-01-19 15:48:18,137 - INFO - Retrieved article length: 8589 characters
2025-01-19 15:48:18,144 - INFO - INCY: 1h change of 1.93%
2025-01-19 15:48:18,195 - INFO - INCY: 1wk change of 3.30%
2025-01-19 15:48:18,242 - INFO - Processing INCY - 2025-01-10 19:40:08 UTC
2025-01-19 15:48:18,273 - INFO - Retrieved article length: 7229 characters
2025-01-19 15:48:18,365 - INFO - INDI: 1h change of -5.85%
2025-01-19 15:48:18,459 - INFO - INDI: 1wk change of -2.93%
2025-01-19 15:48:18,545 - INFO - INDI: 1mo change of 15.82%
2025-01-19 15:48:18,545 - INFO - Processing INDI - 2024-11-19 16:30:00 UTC
2025-01-19 15:48:18,589 - INFO - Retrieved article length: 5904 characters
2025-01-19 15:48:18,716 - INFO - INDP: 1h change of -4.81%
2025-01-19 15:48:18,805 - INFO - INDP: 1wk change of -11.30%
2025-01-19 15:48:18,890 - INFO - INDP: 1mo change of -43.71%
2025-01-19 15:48:18,891 - INFO - Processing INDP - 2024-11-12 16:00:00 UTC
2025-01-19 15:48:19,092 - INFO - Retrieved article length: 2752 characters
2025-01-19 15:48:19,180 - INFO - INCY: 1h change of -4.24%
2025-01-19 15:48:19,217 - INFO - Retrieved article length: 2784 characters
2025-01-19 15:48:19,276 - INFO - INCY: 1wk change of 4.14%
2025-01-19 15:48:19,315 - INFO - INBS: 1h change of -20.53%
2025-01-19 15:48:19,364 - INFO - INCY: 1mo change of -5.26%
2025-01-19 15:48:19,400 - INFO - INBS: 1wk change of 9.93%
2025-01-19 15:48:19,470 - INFO - Retrieved article length: 7122 characters
2025-01-19 15:48:19,489 - INFO - Processing INDV - 2024-12-11 09:48:59 UTC
2025-01-19 15:48:19,508 - INFO - INBS: 1mo change of -13.61%
2025-01-19 15:48:19,559 - INFO - INDI: 1h change of 6.79%
2025-01-19 15:48:19,638 - INFO - Processing INFA - 2025-01-17 15:35:54 UTC
2025-01-19 15:48:19,786 - INFO - INDI: 1mo change of 16.15%
2025-01-19 15:48:19,787 - INFO - Processing INDI - 2024-11-09 17:50:23 UTC
2025-01-19 15:48:19,817 - INFO - Retrieved article length: 18732 characters
2025-01-19 15:48:19,913 - INFO - INDP: 1h change of -1.26%
2025-01-19 15:48:20,056 - INFO - INDP: 1wk change of -10.68%
2025-01-19 15:48:20,160 - INFO - INDP: 1mo change of -16.52%
2025-01-19 15:48:20,161 - INFO - Processing INDP - 2024-11-11 16:00:00 UTC
2025-01-19 15:48:20,236 - INFO - Retrieved article length: 3964 characters
2025-01-19 15:48:20,464 - INFO - Retrieved article length: 510 characters
2025-01-19 15:48:20,467 - INFO - INDV: 1wk change of 3.83%
2025-01-19 15:48:20,557 - INFO - INDV: 1mo change of 20.54%
2025-01-19 15:48:20,557 - INFO - Processing INDV - 2024-11-23 10:01:52 UTC
2025-01-19 15:48:20,558 - INFO - INFA: 1h change of -2.54%
2025-01-19 15:48:20,643 - INFO - INFA: 1wk change of -6.01%
2025-01-19 15:48:20,650 - INFO - Retrieved article length: 2014 characters
2025-01-19 15:48:20,740 - INFO - INFA: 1mo change of -9.10%
2025-01-19 15:48:20,740 - INFO - Processing INFA - 2025-01-16 21:25:58 UTC
2025-01-19 15:48:20,743 - INFO - INDI: 1h change of 58.73%
2025-01-19 15:48:20,845 - INFO - INDI: 1wk change of 13.30%
2025-01-19 15:48:20,910 - INFO - Retrieved article length: 12871 characters
2025-01-19 15:48:20,930 - INFO - INDI: 1mo change of 15.67%
2025-01-19 15:48:20,930 - INFO - Processing INDI - 2024-11-08 00:30:00 UTC
2025-01-19 15:48:21,006 - INFO - INDP: 1h change of -4.20%
2025-01-19 15:48:21,097 - INFO - INDP: 1wk change of -9.01%
2025-01-19 15:48:21,184 - INFO - INDP: 1mo change of -15.25%
2025-01-19 15:48:21,184 - INFO - Processing INDP - 2024-11-07 16:00:00 UTC
2025-01-19 15:48:21,314 - INFO - Retrieved article length: 3921 characters
2025-01-19 15:48:21,396 - INFO - Retrieved article length: 6440 characters
2025-01-19 15:48:21,403 - INFO - INDV: 1h change of 3.72%
2025-01-19 15:48:21,499 - INFO - INDV: 1wk change of 10.64%
2025-01-19 15:48:21,577 - INFO - INFA: 1wk change of -7.09%
2025-01-19 15:48:21,583 - INFO - INDV: 1mo change of 49.70%
2025-01-19 15:48:21,584 - INFO - Processing INDV - 2024-11-19 20:52:00 UTC
2025-01-19 15:48:21,674 - INFO - INFA: 1mo change of -9.94%
2025-01-19 15:48:21,675 - INFO - Processing INFA - 2025-01-15 16:30:00 UTC
2025-01-19 15:48:21,904 - INFO - Retrieved article length: 9995 characters
2025-01-19 15:48:21,932 - INFO - Retrieved article length: 31250 characters
2025-01-19 15:48:21,994 - INFO - INDP: 1h change of 1.33%
2025-01-19 15:48:22,024 - INFO - INDI: 1h change of 56.29%
2025-01-19 15:48:22,086 - INFO - INDP: 1wk change of -27.92%
2025-01-19 15:48:22,115 - INFO - INDI: 1wk change of 20.22%
2025-01-19 15:48:22,169 - INFO - INDP: 1mo change of -16.24%
2025-01-19 15:48:22,169 - INFO - Processing INDP - 2024-10-23 15:00:00 UTC
2025-01-19 15:48:22,200 - INFO - INDI: 1mo change of 15.89%
2025-01-19 15:48:22,200 - INFO - Processing INDI - 2024-11-05 00:15:00 UTC
2025-01-19 15:48:22,420 - INFO - Retrieved article length: 2066 characters
2025-01-19 15:48:22,455 - INFO - Retrieved article length: 13233 characters
2025-01-19 15:48:22,543 - INFO - INDV: 1h change of 9.31%
2025-01-19 15:48:22,601 - INFO - INFA: 1wk change of -7.09%
2025-01-19 15:48:22,629 - INFO - INDV: 1wk change of 7.80%
2025-01-19 15:48:22,701 - INFO - INFA: 1mo change of -8.69%
2025-01-19 15:48:22,702 - INFO - Processing INFA - 2025-01-14 23:48:22 UTC
2025-01-19 15:48:22,714 - INFO - INDV: 1mo change of 48.75%
2025-01-19 15:48:22,714 - INFO - Processing INDV - 2024-11-07 22:24:00 UTC
2025-01-19 15:48:22,842 - INFO - Retrieved article length: 8385 characters
2025-01-19 15:48:22,916 - INFO - Retrieved article length: 1995 characters
2025-01-19 15:48:22,928 - INFO - INDP: 1h change of 2.52%
2025-01-19 15:48:23,012 - INFO - INDP: 1wk change of -5.28%
2025-01-19 15:48:23,012 - INFO - INDI: 1h change of 1.13%
2025-01-19 15:48:23,100 - INFO - INDI: 1wk change of 27.43%
2025-01-19 15:48:23,100 - INFO - INDP: 1mo change of -26.24%
2025-01-19 15:48:23,101 - INFO - Processing INDP - 2024-10-22 15:00:00 UTC
2025-01-19 15:48:23,193 - INFO - INDI: 1mo change of 12.27%
2025-01-19 15:48:23,314 - INFO - Processing INFN - 2025-01-07 16:00:00 UTC
2025-01-19 15:48:23,425 - INFO - Retrieved article length: 5874 characters
2025-01-19 15:48:23,472 - INFO - Retrieved article length: 2016 characters
2025-01-19 15:48:23,560 - INFO - INDV: 1h change of 12.13%
2025-01-19 15:48:23,598 - INFO - INFA: 1wk change of -7.09%
2025-01-19 15:48:23,645 - INFO - INDV: 1wk change of 10.09%
2025-01-19 15:48:23,686 - INFO - INFA: 1mo change of -7.55%
2025-01-19 15:48:23,686 - INFO - Processing INFA - 2025-01-14 17:00:00 UTC
2025-01-19 15:48:23,730 - INFO - INDV: 1mo change of 17.68%
2025-01-19 15:48:23,730 - INFO - Processing INDV - 2024-10-30 19:30:00 UTC
2025-01-19 15:48:23,841 - INFO - Retrieved article length: 12143 characters
2025-01-19 15:48:23,933 - INFO - INDP: 1h change of 16.37%
2025-01-19 15:48:23,988 - INFO - Retrieved article length: 4115 characters
2025-01-19 15:48:24,019 - INFO - INDP: 1wk change of -4.88%
2025-01-19 15:48:24,103 - INFO - INDP: 1mo change of -31.33%
2025-01-19 15:48:24,263 - INFO - Processing INFN - 2024-12-20 21:02:51 UTC
2025-01-19 15:48:24,270 - INFO - Processing INGM - 2025-01-09 00:15:00 UTC
2025-01-19 15:48:24,390 - INFO - Retrieved article length: 5245 characters
2025-01-19 15:48:24,446 - INFO - INFA: 1wk change of -7.09%
2025-01-19 15:48:24,488 - INFO - Retrieved article length: 12458 characters
2025-01-19 15:48:24,493 - INFO - INFA: 1mo change of -7.55%
2025-01-19 15:48:24,493 - INFO - Processing INFA - 2025-01-13 17:00:00 UTC
2025-01-19 15:48:24,673 - INFO - INDV: 1wk change of 23.94%
2025-01-19 15:48:24,763 - INFO - INDV: 1mo change of 18.39%
2025-01-19 15:48:24,763 - INFO - Processing INDV - 2024-10-25 10:07:57 UTC
2025-01-19 15:48:24,896 - INFO - Retrieved article length: 7450 characters
2025-01-19 15:48:25,015 - INFO - Retrieved article length: 10094 characters
2025-01-19 15:48:25,101 - INFO - INGM: 1h change of -4.08%
2025-01-19 15:48:25,141 - INFO - Retrieved article length: 4488 characters
2025-01-19 15:48:25,172 - INFO - Processing INFN - 2024-12-19 13:07:07 UTC
2025-01-19 15:48:25,238 - INFO - INGM: 1wk change of 11.54%
2025-01-19 15:48:25,323 - INFO - INFA: 1wk change of -8.00%
2025-01-19 15:48:25,326 - INFO - INGM: 1mo change of -5.08%
2025-01-19 15:48:25,341 - INFO - Processing INGM - 2024-12-11 00:05:00 UTC
2025-01-19 15:48:25,414 - INFO - INFA: 1mo change of -4.65%
2025-01-19 15:48:25,414 - INFO - Processing INFA - 2025-01-10 19:41:36 UTC
2025-01-19 15:48:25,481 - INFO - Retrieved article length: 5222 characters
2025-01-19 15:48:25,572 - INFO - INDV: 1h change of 3.93%
2025-01-19 15:48:25,661 - INFO - INDV: 1wk change of 16.88%
2025-01-19 15:48:25,752 - INFO - INDV: 1mo change of 19.51%
2025-01-19 15:48:25,753 - INFO - Processing INDV - 2024-10-24 14:05:05 UTC
2025-01-19 15:48:25,934 - INFO - Retrieved article length: 6486 characters
2025-01-19 15:48:26,051 - INFO - Retrieved article length: 6230 characters
2025-01-19 15:48:26,140 - INFO - INFA: 1h change of -2.45%
2025-01-19 15:48:26,154 - INFO - Retrieved article length: 6532 characters
2025-01-19 15:48:26,208 - INFO - Processing INFN - 2024-11-22 19:25:53 UTC
2025-01-19 15:48:26,230 - INFO - INFA: 1wk change of -5.98%
2025-01-19 15:48:26,242 - INFO - INGM: 1h change of -6.82%
2025-01-19 15:48:26,321 - INFO - INFA: 1mo change of -10.14%
2025-01-19 15:48:26,322 - INFO - Processing INFA - 2025-01-10 17:25:32 UTC
2025-01-19 15:48:26,334 - INFO - INGM: 1wk change of -14.71%
2025-01-19 15:48:26,425 - INFO - INGM: 1mo change of -16.06%
2025-01-19 15:48:26,425 - INFO - Processing INGM - 2024-12-04 16:03:00 UTC
2025-01-19 15:48:26,518 - INFO - Retrieved article length: 4179 characters
2025-01-19 15:48:26,615 - INFO - INDV: 1h change of 4.96%
2025-01-19 15:48:26,702 - INFO - INDV: 1wk change of 18.35%
2025-01-19 15:48:26,796 - INFO - INDV: 1mo change of 17.05%
2025-01-19 15:48:26,797 - INFO - Processing INDV - 2024-10-24 09:00:00 UTC
2025-01-19 15:48:26,965 - INFO - Retrieved article length: 481 characters
2025-01-19 15:48:27,101 - INFO - Retrieved article length: 1768 characters
2025-01-19 15:48:27,109 - INFO - INFA: 1h change of -2.45%
2025-01-19 15:48:27,160 - INFO - INFA: 1wk change of -5.98%
2025-01-19 15:48:27,173 - INFO - Retrieved article length: 8066 characters
2025-01-19 15:48:27,207 - INFO - INFA: 1mo change of -10.14%
2025-01-19 15:48:27,225 - INFO - INFN: 1mo change of -3.78%
2025-01-19 15:48:27,225 - INFO - Processing INFN - 2024-11-06 16:12:23 UTC
2025-01-19 15:48:27,262 - INFO - INGM: 1h change of -1.75%
2025-01-19 15:48:27,319 - INFO - Processing INHD - 2024-12-18 14:30:34 UTC
2025-01-19 15:48:27,358 - INFO - INGM: 1wk change of -4.78%
2025-01-19 15:48:27,445 - INFO - INGM: 1mo change of -14.59%
2025-01-19 15:48:27,446 - INFO - Processing INGM - 2024-12-03 00:15:00 UTC
2025-01-19 15:48:27,451 - INFO - Retrieved article length: 2361 characters
2025-01-19 15:48:27,460 - INFO - INDV: 1h change of 4.96%
2025-01-19 15:48:27,465 - INFO - INDV: 1wk change of 18.35%
2025-01-19 15:48:27,472 - INFO - INDV: 1mo change of 17.05%
2025-01-19 15:48:27,587 - INFO - Processing INKT - 2024-12-18 17:45:00 UTC
2025-01-19 15:48:28,095 - INFO - Retrieved article length: 461 characters
2025-01-19 15:48:28,096 - INFO - Retrieved article length: 1721 characters
2025-01-19 15:48:28,127 - INFO - Retrieved article length: 1916 characters
2025-01-19 15:48:28,190 - INFO - INHD: 1h change of -10.10%
2025-01-19 15:48:28,219 - INFO - INGM: 1h change of -2.94%
2025-01-19 15:48:28,240 - INFO - INFN: 1h change of -1.48%
2025-01-19 15:48:28,275 - INFO - INHD: 1wk change of 3.49%
2025-01-19 15:48:28,307 - INFO - INGM: 1wk change of -2.53%
2025-01-19 15:48:28,311 - INFO - Retrieved article length: 3773 characters
2025-01-19 15:48:28,326 - INFO - INFN: 1wk change of -1.48%
2025-01-19 15:48:28,361 - INFO - Processing INHD - 2024-12-13 18:00:00 UTC
2025-01-19 15:48:28,394 - INFO - INGM: 1mo change of -15.62%
2025-01-19 15:48:28,394 - INFO - Processing INGM - 2024-11-19 14:25:59 UTC
2025-01-19 15:48:28,403 - INFO - INKT: 1h change of -8.93%
2025-01-19 15:48:28,413 - INFO - INFN: 1mo change of -1.93%
2025-01-19 15:48:28,413 - INFO - Processing INFN - 2024-11-06 15:40:49 UTC
2025-01-19 15:48:28,489 - INFO - INKT: 1wk change of -15.44%
2025-01-19 15:48:28,580 - INFO - INKT: 1mo change of 10.83%
2025-01-19 15:48:28,580 - INFO - Processing INKT - 2024-11-15 10:17:03 UTC
2025-01-19 15:48:29,035 - INFO - Retrieved article length: 5558 characters
2025-01-19 15:48:29,116 - INFO - Retrieved article length: 1502 characters
2025-01-19 15:48:29,130 - INFO - INHD: 1h change of 4.59%
2025-01-19 15:48:29,179 - INFO - Retrieved article length: 479 characters
2025-01-19 15:48:29,187 - INFO - INFN: 1h change of -1.48%
2025-01-19 15:48:29,193 - INFO - INFN: 1wk change of -1.48%
2025-01-19 15:48:29,199 - INFO - INFN: 1mo change of -1.93%
2025-01-19 15:48:29,199 - INFO - Processing INFN - 2024-11-06 01:30:05 UTC
2025-01-19 15:48:29,203 - INFO - INGM: 1h change of -3.70%
2025-01-19 15:48:29,213 - INFO - INHD: 1wk change of -6.96%
2025-01-19 15:48:29,288 - INFO - INGM: 1wk change of -8.45%
2025-01-19 15:48:29,297 - INFO - INHD: 1mo change of 2.39%
2025-01-19 15:48:29,378 - INFO - INGM: 1mo change of -17.72%
2025-01-19 15:48:29,378 - INFO - Processing INGM - 2024-11-19 14:16:08 UTC
2025-01-19 15:48:29,442 - INFO - Processing INLF - 2025-01-03 23:00:00 UTC
2025-01-19 15:48:29,487 - INFO - Retrieved article length: 17761 characters
2025-01-19 15:48:29,675 - INFO - INKT: 1wk change of -5.56%
2025-01-19 15:48:29,765 - INFO - INKT: 1mo change of -25.48%
2025-01-19 15:48:29,765 - INFO - Processing INKT - 2024-11-15 10:09:35 UTC
2025-01-19 15:48:30,021 - INFO - Retrieved article length: 4245 characters
2025-01-19 15:48:30,030 - INFO - INFN: 1h change of -1.48%
2025-01-19 15:48:30,036 - INFO - INFN: 1wk change of -1.48%
2025-01-19 15:48:30,041 - INFO - INFN: 1mo change of -1.93%
2025-01-19 15:48:30,041 - INFO - Processing INFN - 2024-11-06 00:32:57 UTC
2025-01-19 15:48:30,158 - INFO - Retrieved article length: 1486 characters
2025-01-19 15:48:30,160 - INFO - Retrieved article length: 5678 characters
2025-01-19 15:48:30,166 - INFO - INGM: 1h change of -3.70%
2025-01-19 15:48:30,172 - INFO - INGM: 1wk change of -8.45%
2025-01-19 15:48:30,177 - INFO - INGM: 1mo change of -17.72%
2025-01-19 15:48:30,177 - INFO - Processing INGM - 2024-11-13 00:15:00 UTC
2025-01-19 15:48:30,249 - INFO - INLF: 1h change of 22.17%
2025-01-19 15:48:30,397 - INFO - INLF: 1wk change of 4.94%
2025-01-19 15:48:30,488 - INFO - INLF: 1mo change of 20.67%
2025-01-19 15:48:30,488 - INFO - Processing INLF - 2024-12-31 23:00:00 UTC
2025-01-19 15:48:30,545 - INFO - Retrieved article length: 5606 characters
2025-01-19 15:48:30,558 - INFO - INKT: 1wk change of -5.56%
2025-01-19 15:48:30,564 - INFO - INKT: 1mo change of -25.48%
2025-01-19 15:48:30,564 - INFO - Processing INKT - 2024-11-14 15:00:00 UTC
2025-01-19 15:48:30,795 - INFO - Retrieved article length: 1005 characters
2025-01-19 15:48:30,803 - INFO - INFN: 1h change of -1.48%
2025-01-19 15:48:30,809 - INFO - INFN: 1wk change of -1.48%
2025-01-19 15:48:30,815 - INFO - INFN: 1mo change of -1.93%
2025-01-19 15:48:30,997 - INFO - Processing INM - 2024-12-19 04:00:00 UTC
2025-01-19 15:48:31,276 - INFO - Retrieved article length: 6007 characters
2025-01-19 15:48:31,352 - INFO - Retrieved article length: 37385 characters
2025-01-19 15:48:31,443 - INFO - Retrieved article length: 7178 characters
2025-01-19 15:48:31,446 - INFO - INGM: 1h change of -2.37%
2025-01-19 15:48:31,593 - INFO - INGM: 1wk change of -6.70%
2025-01-19 15:48:31,595 - INFO - INKT: 1h change of -2.08%
2025-01-19 15:48:31,682 - INFO - INGM: 1mo change of -14.88%
2025-01-19 15:48:31,682 - INFO - Processing INGM - 2024-11-05 00:17:00 UTC
2025-01-19 15:48:31,683 - INFO - INKT: 1wk change of -6.72%
2025-01-19 15:48:31,764 - INFO - Retrieved article length: 5011 characters
2025-01-19 15:48:31,768 - INFO - INKT: 1mo change of -30.90%
2025-01-19 15:48:31,768 - INFO - Processing INKT - 2024-11-11 15:30:00 UTC
2025-01-19 15:48:31,859 - INFO - INM: 1h change of -16.05%
2025-01-19 15:48:31,942 - INFO - INM: 1wk change of -6.60%
2025-01-19 15:48:32,041 - INFO - INM: 1mo change of -2.56%
2025-01-19 15:48:32,041 - INFO - Processing INM - 2024-12-18 00:56:00 UTC
2025-01-19 15:48:32,334 - ERROR - INLF: Data doesn't exist for startDate = 1735448400, endDate = 1735794000
2025-01-19 15:48:32,369 - INFO - Retrieved article length: 2216 characters
2025-01-19 15:48:32,425 - INFO - INLF: 1wk change of 3.82%
2025-01-19 15:48:32,461 - INFO - INGM: 1h change of 3.27%
2025-01-19 15:48:32,514 - INFO - INLF: 1mo change of 20.67%
2025-01-19 15:48:32,551 - INFO - INGM: 1wk change of -2.25%
2025-01-19 15:48:32,594 - INFO - Retrieved article length: 3204 characters
2025-01-19 15:48:32,636 - INFO - Processing INMB - 2025-01-12 14:05:24 UTC
2025-01-19 15:48:32,640 - INFO - INGM: 1mo change of -8.66%
2025-01-19 15:48:32,680 - INFO - INKT: 1h change of 3.97%
2025-01-19 15:48:32,781 - INFO - Processing INN - 2025-01-10 01:00:00 UTC
2025-01-19 15:48:32,807 - INFO - Retrieved article length: 5801 characters
2025-01-19 15:48:32,855 - INFO - INKT: 1mo change of -13.24%
2025-01-19 15:48:32,856 - INFO - Processing INKT - 2024-11-07 18:00:00 UTC
2025-01-19 15:48:32,898 - INFO - INM: 1h change of -17.92%
2025-01-19 15:48:32,996 - INFO - INM: 1wk change of -6.60%
2025-01-19 15:48:33,098 - INFO - INM: 1mo change of 6.68%
2025-01-19 15:48:33,099 - INFO - Processing INM - 2024-11-19 15:30:00 UTC
2025-01-19 15:48:33,456 - INFO - Retrieved article length: 1815 characters
2025-01-19 15:48:33,468 - INFO - Retrieved article length: 9702 characters
2025-01-19 15:48:33,556 - INFO - INMB: 1h change of 25.48%
2025-01-19 15:48:33,615 - INFO - Retrieved article length: 5721 characters
2025-01-19 15:48:33,638 - INFO - INMB: 1wk change of 30.83%
2025-01-19 15:48:33,655 - INFO - INN: 1wk change of -2.63%
2025-01-19 15:48:33,703 - INFO - INKT: 1h change of 2.75%
2025-01-19 15:48:33,721 - INFO - INMB: 1mo change of 21.24%
2025-01-19 15:48:33,721 - INFO - Processing INMB - 2024-12-10 16:00:00 UTC
2025-01-19 15:48:33,755 - INFO - INN: 1mo change of -1.19%
2025-01-19 15:48:33,756 - INFO - Processing INN - 2025-01-10 00:01:00 UTC
2025-01-19 15:48:33,882 - INFO - INKT: 1mo change of -11.56%
2025-01-19 15:48:33,882 - INFO - Processing INKT - 2024-10-31 16:15:00 UTC
2025-01-19 15:48:33,991 - INFO - Retrieved article length: 6393 characters
2025-01-19 15:48:34,099 - INFO - INM: 1h change of 3.26%
2025-01-19 15:48:34,193 - INFO - INM: 1wk change of -11.89%
2025-01-19 15:48:34,286 - INFO - INM: 1mo change of 6.85%
2025-01-19 15:48:34,286 - INFO - Processing INM - 2024-11-15 00:45:00 UTC
2025-01-19 15:48:34,391 - INFO - Retrieved article length: 6804 characters
2025-01-19 15:48:34,444 - INFO - Retrieved article length: 5201 characters
2025-01-19 15:48:34,447 - INFO - INN: 1wk change of -2.63%
2025-01-19 15:48:34,494 - INFO - INN: 1mo change of -1.19%
2025-01-19 15:48:34,494 - INFO - Processing INN - 2025-01-01 00:01:00 UTC
2025-01-19 15:48:34,535 - INFO - INMB: 1h change of 1.15%
2025-01-19 15:48:34,630 - INFO - INMB: 1wk change of -18.15%
2025-01-19 15:48:34,719 - INFO - INMB: 1mo change of 5.65%
2025-01-19 15:48:34,719 - INFO - Processing INMB - 2024-12-04 22:51:57 UTC
2025-01-19 15:48:34,870 - INFO - Retrieved article length: 4891 characters
2025-01-19 15:48:34,977 - INFO - INKT: 1h change of -1.58%
2025-01-19 15:48:35,061 - INFO - INKT: 1wk change of 8.54%
2025-01-19 15:48:35,114 - INFO - Retrieved article length: 7327 characters
2025-01-19 15:48:35,149 - INFO - INKT: 1mo change of -7.89%
2025-01-19 15:48:35,164 - INFO - Retrieved article length: 12671 characters
2025-01-19 15:48:35,205 - INFO - INN: 1h change of 1.12%
2025-01-19 15:48:35,254 - INFO - INM: 1h change of -14.39%
2025-01-19 15:48:35,267 - INFO - Processing INO - 2025-01-09 16:04:00 UTC
2025-01-19 15:48:35,307 - INFO - INN: 1wk change of -2.79%
2025-01-19 15:48:35,396 - INFO - INM: 1wk change of 3.56%
2025-01-19 15:48:35,400 - INFO - INN: 1mo change of 2.30%
2025-01-19 15:48:35,400 - INFO - Processing INN - 2024-12-20 00:33:00 UTC
2025-01-19 15:48:35,400 - INFO - Retrieved article length: 769 characters
2025-01-19 15:48:35,490 - INFO - INM: 1mo change of -1.43%
2025-01-19 15:48:35,491 - INFO - Processing INM - 2024-11-09 00:44:00 UTC
2025-01-19 15:48:35,491 - INFO - INMB: 1h change of -3.96%
2025-01-19 15:48:35,638 - INFO - INMB: 1wk change of -1.04%
2025-01-19 15:48:35,726 - INFO - INMB: 1mo change of -6.39%
2025-01-19 15:48:35,726 - INFO - Processing INMB - 2024-12-04 19:06:02 UTC
2025-01-19 15:48:36,052 - INFO - Retrieved article length: 13103 characters
2025-01-19 15:48:36,090 - INFO - Retrieved article length: 6393 characters
2025-01-19 15:48:36,148 - INFO - INO: 1h change of -7.68%
2025-01-19 15:48:36,237 - INFO - INO: 1wk change of 16.85%
2025-01-19 15:48:36,288 - INFO - INN: 1wk change of -1.60%
2025-01-19 15:48:36,317 - INFO - Retrieved article length: 6209 characters
2025-01-19 15:48:36,321 - INFO - INO: 1mo change of -48.26%
2025-01-19 15:48:36,321 - INFO - Processing INO - 2024-12-13 21:41:58 UTC
2025-01-19 15:48:36,410 - INFO - INM: 1h change of 7.43%
2025-01-19 15:48:36,415 - INFO - INN: 1mo change of 7.75%
2025-01-19 15:48:36,416 - INFO - Processing INN - 2024-12-13 00:01:00 UTC
2025-01-19 15:48:36,503 - INFO - INM: 1wk change of -27.65%
2025-01-19 15:48:36,567 - INFO - Retrieved article length: 505 characters
2025-01-19 15:48:36,574 - INFO - INMB: 1h change of -3.96%
2025-01-19 15:48:36,581 - INFO - INMB: 1wk change of -1.04%
2025-01-19 15:48:36,586 - INFO - INMB: 1mo change of -6.39%
2025-01-19 15:48:36,587 - INFO - Processing INMB - 2024-12-04 17:00:00 UTC
2025-01-19 15:48:36,592 - INFO - INM: 1mo change of 22.33%
2025-01-19 15:48:36,592 - INFO - Processing INM - 2024-11-05 16:30:00 UTC
2025-01-19 15:48:36,958 - INFO - Retrieved article length: 492 characters
2025-01-19 15:48:37,050 - INFO - INO: 1h change of -41.22%
2025-01-19 15:48:37,102 - INFO - Retrieved article length: 15115 characters
2025-01-19 15:48:37,136 - INFO - INO: 1wk change of -56.19%
2025-01-19 15:48:37,194 - INFO - INN: 1h change of -2.12%
2025-01-19 15:48:37,223 - INFO - INO: 1mo change of -65.52%
2025-01-19 15:48:37,223 - INFO - Processing INO - 2024-12-13 15:44:25 UTC
2025-01-19 15:48:37,294 - INFO - INN: 1wk change of -2.29%
2025-01-19 15:48:37,298 - INFO - Retrieved article length: 9245 characters
2025-01-19 15:48:37,301 - INFO - Retrieved article length: 7897 characters
2025-01-19 15:48:37,307 - INFO - INMB: 1h change of -3.96%
2025-01-19 15:48:37,313 - INFO - INMB: 1wk change of -1.04%
2025-01-19 15:48:37,318 - INFO - INMB: 1mo change of -6.39%
2025-01-19 15:48:37,318 - INFO - Processing INMB - 2024-11-13 17:00:00 UTC
2025-01-19 15:48:37,391 - INFO - INN: 1mo change of 3.76%
2025-01-19 15:48:37,391 - INFO - Processing INN - 2024-12-11 01:00:00 UTC
2025-01-19 15:48:37,392 - INFO - INM: 1h change of -15.09%
2025-01-19 15:48:37,488 - INFO - INM: 1wk change of -28.45%
2025-01-19 15:48:37,586 - INFO - INM: 1mo change of 14.30%
2025-01-19 15:48:37,599 - INFO - Processing INM - 2024-10-28 14:30:00 UTC
2025-01-19 15:48:37,939 - INFO - Retrieved article length: 511 characters
2025-01-19 15:48:37,947 - INFO - INO: 1h change of -41.22%
2025-01-19 15:48:37,954 - INFO - INO: 1wk change of -56.19%
2025-01-19 15:48:37,959 - INFO - INO: 1mo change of -65.52%
2025-01-19 15:48:37,959 - INFO - Processing INO - 2024-12-13 15:00:00 UTC
2025-01-19 15:48:38,057 - INFO - Retrieved article length: 6113 characters
2025-01-19 15:48:38,147 - INFO - INMB: 1h change of -12.54%
2025-01-19 15:48:38,239 - INFO - INMB: 1wk change of -22.08%
2025-01-19 15:48:38,327 - INFO - INMB: 1mo change of -3.11%
2025-01-19 15:48:38,328 - INFO - Processing INMB - 2024-11-03 16:31:38 UTC
2025-01-19 15:48:38,382 - INFO - Retrieved article length: 7528 characters
2025-01-19 15:48:38,495 - INFO - INN: 1h change of -1.10%
2025-01-19 15:48:38,596 - INFO - INN: 1wk change of 3.81%
2025-01-19 15:48:38,671 - INFO - Retrieved article length: 5494 characters
2025-01-19 15:48:38,678 - INFO - INO: 1h change of -41.22%
2025-01-19 15:48:38,683 - INFO - Retrieved article length: 6483 characters
2025-01-19 15:48:38,685 - INFO - INO: 1wk change of -56.19%
2025-01-19 15:48:38,691 - INFO - INO: 1mo change of -65.52%
2025-01-19 15:48:38,691 - INFO - Processing INO - 2024-12-13 00:01:00 UTC
2025-01-19 15:48:38,696 - INFO - INN: 1mo change of 3.78%
2025-01-19 15:48:38,697 - INFO - Processing INN - 2024-11-27 00:01:00 UTC
2025-01-19 15:48:38,777 - INFO - INM: 1h change of -10.93%
2025-01-19 15:48:38,868 - INFO - INM: 1wk change of -5.83%
2025-01-19 15:48:38,966 - INFO - INM: 1mo change of -7.94%
2025-01-19 15:48:38,966 - INFO - Processing INM - 2024-10-24 15:00:00 UTC
2025-01-19 15:48:39,171 - INFO - Retrieved article length: 1831 characters
2025-01-19 15:48:39,350 - INFO - INMB: 1wk change of 8.43%
2025-01-19 15:48:39,391 - INFO - Retrieved article length: 6404 characters
2025-01-19 15:48:39,436 - INFO - INMB: 1mo change of -9.09%
2025-01-19 15:48:39,436 - INFO - Processing INMB - 2024-11-01 18:01:25 UTC
2025-01-19 15:48:39,581 - INFO - INN: 1wk change of 10.84%
2025-01-19 15:48:39,657 - INFO - Retrieved article length: 5153 characters
2025-01-19 15:48:39,665 - INFO - INO: 1h change of -41.22%
2025-01-19 15:48:39,670 - INFO - INO: 1wk change of -56.19%
2025-01-19 15:48:39,676 - INFO - INO: 1mo change of -65.52%
2025-01-19 15:48:39,677 - INFO - Processing INO - 2024-12-03 16:00:00 UTC
2025-01-19 15:48:39,677 - INFO - INN: 1mo change of 12.81%
2025-01-19 15:48:39,677 - INFO - Processing INN - 2024-11-21 00:01:00 UTC
2025-01-19 15:48:39,810 - INFO - Retrieved article length: 6667 characters
2025-01-19 15:48:39,909 - INFO - INM: 1h change of 15.56%
2025-01-19 15:48:40,005 - INFO - INM: 1wk change of 26.09%
2025-01-19 15:48:40,099 - INFO - INM: 1mo change of -21.25%
2025-01-19 15:48:40,221 - INFO - Processing INOD - 2025-01-17 22:26:26 UTC
2025-01-19 15:48:40,375 - INFO - Retrieved article length: 5027 characters
2025-01-19 15:48:40,444 - INFO - Retrieved article length: 7544 characters
2025-01-19 15:48:40,470 - INFO - INMB: 1h change of -4.05%
2025-01-19 15:48:40,511 - INFO - Retrieved article length: 13901 characters
2025-01-19 15:48:40,529 - INFO - INN: 1h change of 5.82%
2025-01-19 15:48:40,557 - INFO - INMB: 1wk change of 19.26%
2025-01-19 15:48:40,601 - INFO - INO: 1h change of -7.90%
2025-01-19 15:48:40,626 - INFO - INN: 1wk change of 2.06%
2025-01-19 15:48:40,651 - INFO - INMB: 1mo change of -6.70%
2025-01-19 15:48:40,686 - INFO - INO: 1wk change of -8.96%
2025-01-19 15:48:40,730 - INFO - INN: 1mo change of 6.06%
2025-01-19 15:48:40,775 - INFO - INO: 1mo change of -65.29%
2025-01-19 15:48:40,775 - INFO - Processing INO - 2024-11-30 00:02:00 UTC
2025-01-19 15:48:40,788 - INFO - Processing INSE - 2025-01-18 17:04:50 UTC
2025-01-19 15:48:40,852 - INFO - Processing INSM - 2025-01-19 01:46:19 UTC
2025-01-19 15:48:41,048 - INFO - Retrieved article length: 4793 characters
2025-01-19 15:48:41,245 - INFO - INOD: 1wk change of -5.93%
2025-01-19 15:48:41,341 - INFO - INOD: 1mo change of 6.61%
2025-01-19 15:48:41,341 - INFO - Processing INOD - 2025-01-17 22:00:00 UTC
2025-01-19 15:48:41,465 - INFO - Retrieved article length: 2332 characters
2025-01-19 15:48:41,480 - INFO - Retrieved article length: 3988 characters
2025-01-19 15:48:41,543 - INFO - Retrieved article length: 8690 characters
2025-01-19 15:48:41,555 - INFO - INO: 1h change of 1.41%
2025-01-19 15:48:41,571 - INFO - INSE: 1h change of 1.55%
2025-01-19 15:48:41,639 - INFO - INO: 1wk change of 4.28%
2025-01-19 15:48:41,659 - INFO - INSE: 1wk change of 7.86%
2025-01-19 15:48:41,726 - INFO - INSM: 1wk change of 11.13%
2025-01-19 15:48:41,726 - INFO - INO: 1mo change of -65.43%
2025-01-19 15:48:41,726 - INFO - Processing INO - 2024-11-18 17:14:31 UTC
2025-01-19 15:48:41,800 - INFO - INSE: 1mo change of 4.41%
2025-01-19 15:48:41,801 - INFO - Processing INSE - 2025-01-17 16:50:05 UTC
2025-01-19 15:48:41,806 - INFO - INSM: 1mo change of -1.20%
2025-01-19 15:48:41,807 - INFO - Processing INSM - 2025-01-17 00:44:18 UTC
2025-01-19 15:48:42,063 - INFO - Retrieved article length: 10602 characters
2025-01-19 15:48:42,122 - INFO - INOD: 1wk change of -5.93%
2025-01-19 15:48:42,173 - INFO - INOD: 1mo change of 6.61%
2025-01-19 15:48:42,173 - INFO - Processing INOD - 2025-01-15 12:11:00 UTC
2025-01-19 15:48:42,503 - INFO - Retrieved article length: 537 characters
2025-01-19 15:48:42,566 - INFO - Retrieved article length: 4463 characters
2025-01-19 15:48:42,592 - INFO - INO: 1h change of -3.15%
2025-01-19 15:48:42,640 - INFO - Retrieved article length: 516 characters
2025-01-19 15:48:42,676 - INFO - INO: 1wk change of -24.37%
2025-01-19 15:48:42,737 - INFO - INSM: 1h change of 2.58%
2025-01-19 15:48:42,750 - INFO - INSE: 1wk change of 8.60%
2025-01-19 15:48:42,759 - INFO - INO: 1mo change of -67.72%
2025-01-19 15:48:42,820 - INFO - INSM: 1wk change of 9.68%
2025-01-19 15:48:42,840 - INFO - INSE: 1mo change of 2.60%
2025-01-19 15:48:42,840 - INFO - Processing INSE - 2025-01-06 16:30:00 UTC
2025-01-19 15:48:42,884 - INFO - Processing INSW - 2025-01-14 23:17:46 UTC
2025-01-19 15:48:42,905 - INFO - INSM: 1mo change of 1.23%
2025-01-19 15:48:42,905 - INFO - Processing INSM - 2025-01-15 20:29:40 UTC
2025-01-19 15:48:43,027 - INFO - Retrieved article length: 10663 characters
2025-01-19 15:48:43,121 - INFO - INOD: 1h change of 10.53%
2025-01-19 15:48:43,218 - INFO - INOD: 1wk change of -15.95%
2025-01-19 15:48:43,315 - INFO - INOD: 1mo change of -2.52%
2025-01-19 15:48:43,315 - INFO - Processing INOD - 2025-01-14 22:00:00 UTC
2025-01-19 15:48:43,583 - INFO - Retrieved article length: 2768 characters
2025-01-19 15:48:43,591 - INFO - Retrieved article length: 5504 characters
2025-01-19 15:48:43,692 - INFO - INSE: 1h change of -1.35%
2025-01-19 15:48:43,710 - INFO - Retrieved article length: 3786 characters
2025-01-19 15:48:43,771 - INFO - INSW: 1wk change of 8.59%
2025-01-19 15:48:43,779 - INFO - INSE: 1wk change of 5.51%
2025-01-19 15:48:43,798 - INFO - INSM: 1h change of 13.44%
2025-01-19 15:48:43,868 - INFO - INSE: 1mo change of -3.47%
2025-01-19 15:48:43,869 - INFO - Processing INSE - 2024-12-23 12:08:36 UTC
2025-01-19 15:48:43,870 - INFO - INSW: 1mo change of 6.85%
2025-01-19 15:48:43,870 - INFO - Processing INSW - 2025-01-06 22:23:00 UTC
2025-01-19 15:48:43,883 - INFO - INSM: 1wk change of 8.84%
2025-01-19 15:48:44,020 - INFO - INSM: 1mo change of -2.28%
2025-01-19 15:48:44,020 - INFO - Processing INSM - 2025-01-13 23:06:18 UTC
2025-01-19 15:48:44,542 - INFO - Retrieved article length: 9029 characters
2025-01-19 15:48:44,641 - INFO - INOD: 1h change of 9.58%
2025-01-19 15:48:44,725 - INFO - INOD: 1wk change of -15.95%
2025-01-19 15:48:44,816 - INFO - INOD: 1mo change of -3.92%
2025-01-19 15:48:44,816 - INFO - Processing INOD - 2025-01-12 12:33:00 UTC
2025-01-19 15:48:45,119 - INFO - Retrieved article length: 6663 characters
2025-01-19 15:48:45,158 - INFO - Retrieved article length: 3757 characters
2025-01-19 15:48:45,209 - INFO - INSW: 1h change of 4.44%
2025-01-19 15:48:45,247 - INFO - INSE: 1h change of 1.63%
2025-01-19 15:48:45,330 - INFO - INSE: 1wk change of -1.95%
2025-01-19 15:48:45,344 - INFO - Retrieved article length: 2377 characters
2025-01-19 15:48:45,355 - INFO - INSW: 1wk change of 16.26%
2025-01-19 15:48:45,420 - INFO - INSE: 1mo change of -6.42%
2025-01-19 15:48:45,420 - INFO - Processing INSE - 2024-12-18 23:29:33 UTC
2025-01-19 15:48:45,431 - INFO - INSM: 1h change of 6.44%
2025-01-19 15:48:45,449 - INFO - INSW: 1mo change of 4.00%
2025-01-19 15:48:45,450 - INFO - Processing INSW - 2025-01-06 20:36:00 UTC
2025-01-19 15:48:45,519 - INFO - INSM: 1wk change of 3.79%
2025-01-19 15:48:45,617 - INFO - Processing INSM - 2025-01-10 20:47:47 UTC
2025-01-19 15:48:45,618 - INFO - INOD: 1h change of -3.77%
2025-01-19 15:48:45,705 - INFO - INOD: 1wk change of -6.89%
2025-01-19 15:48:45,799 - INFO - INOD: 1mo change of -15.70%
2025-01-19 15:48:45,800 - INFO - Processing INOD - 2025-01-09 23:12:24 UTC
2025-01-19 15:48:46,492 - INFO - INSM: 1wk change of 5.03%
2025-01-19 15:48:46,582 - INFO - INSM: 1mo change of -3.83%
2025-01-19 15:48:46,582 - INFO - Processing INSM - 2025-01-10 16:00:00 UTC
2025-01-19 15:48:46,657 - INFO - Retrieved article length: 6702 characters
2025-01-19 15:48:46,684 - INFO - Retrieved article length: 3691 characters
2025-01-19 15:48:46,692 - INFO - INSW: 1h change of 4.44%
2025-01-19 15:48:46,697 - INFO - INSW: 1wk change of 16.26%
2025-01-19 15:48:46,745 - INFO - INSW: 1mo change of 4.00%
2025-01-19 15:48:46,746 - INFO - Processing INSW - 2024-12-26 17:15:40 UTC
2025-01-19 15:48:46,750 - INFO - INSE: 1h change of -6.75%
2025-01-19 15:48:46,838 - INFO - INSE: 1wk change of -4.30%
2025-01-19 15:48:46,928 - INFO - INSE: 1mo change of -8.24%
2025-01-19 15:48:46,929 - INFO - Processing INSE - 2024-12-17 16:30:00 UTC
2025-01-19 15:48:47,028 - INFO - Retrieved article length: 6026 characters
2025-01-19 15:48:47,121 - INFO - INOD: 1h change of -6.56%
2025-01-19 15:48:47,208 - INFO - INOD: 1wk change of -12.62%
2025-01-19 15:48:47,356 - INFO - INOD: 1mo change of -18.50%
2025-01-19 15:48:47,356 - INFO - Processing INOD - 2025-01-01 22:47:55 UTC
2025-01-19 15:48:47,702 - INFO - INSE: 1h change of -6.96%
2025-01-19 15:48:47,792 - INFO - INSE: 1wk change of -4.41%
2025-01-19 15:48:47,877 - INFO - INSE: 1mo change of -11.08%
2025-01-19 15:48:47,878 - INFO - Processing INSE - 2024-12-01 16:27:44 UTC
2025-01-19 15:48:47,897 - INFO - Retrieved article length: 30047 characters
2025-01-19 15:48:47,943 - INFO - Retrieved article length: 508 characters
2025-01-19 15:48:47,953 - INFO - INSM: 1wk change of 5.03%
2025-01-19 15:48:48,008 - INFO - INSM: 1mo change of -3.83%
2025-01-19 15:48:48,008 - INFO - Processing INSM - 2025-01-06 11:28:42 UTC
2025-01-19 15:48:48,029 - INFO - INSW: 1h change of -2.88%
2025-01-19 15:48:48,126 - INFO - INSW: 1wk change of 4.27%
2025-01-19 15:48:48,228 - INFO - INSW: 1mo change of -3.80%
2025-01-19 15:48:48,228 - INFO - Processing INSW - 2024-12-26 15:00:00 UTC
2025-01-19 15:48:48,609 - INFO - Retrieved article length: 5501 characters
2025-01-19 15:48:48,667 - INFO - INSE: 1h change of 2.09%
2025-01-19 15:48:48,750 - INFO - INOD: 1h change of -4.94%
2025-01-19 15:48:48,754 - INFO - INSE: 1wk change of -6.83%
2025-01-19 15:48:48,843 - INFO - INOD: 1wk change of -16.87%
2025-01-19 15:48:48,844 - INFO - INSE: 1mo change of -2.53%
2025-01-19 15:48:48,844 - INFO - Processing INSE - 2024-11-10 15:40:50 UTC
2025-01-19 15:48:48,932 - INFO - INOD: 1mo change of -4.04%
2025-01-19 15:48:48,933 - INFO - Processing INOD - 2024-12-24 00:36:42 UTC
2025-01-19 15:48:49,257 - INFO - Retrieved article length: 514 characters
2025-01-19 15:48:49,356 - INFO - INSM: 1h change of -2.81%
2025-01-19 15:48:49,468 - INFO - Retrieved article length: 1390 characters
2025-01-19 15:48:49,476 - INFO - INSW: 1h change of -2.88%
2025-01-19 15:48:49,482 - INFO - INSW: 1wk change of 4.27%
2025-01-19 15:48:49,527 - INFO - Processing INSM - 2025-01-04 00:05:00 UTC
2025-01-19 15:48:49,531 - INFO - INSW: 1mo change of -3.80%
2025-01-19 15:48:49,531 - INFO - Processing INSW - 2024-12-24 22:24:00 UTC
2025-01-19 15:48:50,170 - INFO - Retrieved article length: 517 characters
2025-01-19 15:48:50,270 - INFO - INOD: 1h change of 5.04%
2025-01-19 15:48:50,416 - INFO - INOD: 1wk change of 4.61%
2025-01-19 15:48:50,510 - INFO - INOD: 1mo change of -17.68%
2025-01-19 15:48:50,641 - INFO - Processing INTA - 2025-01-16 15:46:22 UTC
2025-01-19 15:48:50,766 - INFO - Retrieved article length: 244 characters
2025-01-19 15:48:50,831 - INFO - Retrieved article length: 3276 characters
2025-01-19 15:48:50,855 - INFO - INSW: 1h change of 11.14%
2025-01-19 15:48:51,002 - INFO - INSW: 1wk change of 6.77%
2025-01-19 15:48:51,005 - INFO - INSM: 1wk change of -2.46%
2025-01-19 15:48:51,096 - INFO - INSW: 1mo change of -5.27%
2025-01-19 15:48:51,097 - INFO - Processing INSW - 2024-12-24 20:14:40 UTC
2025-01-19 15:48:51,215 - INFO - Processing INTC - 2025-01-18 17:44:50 UTC
2025-01-19 15:48:51,862 - INFO - Retrieved article length: 523 characters
2025-01-19 15:48:52,057 - INFO - INTA: 1wk change of 7.73%
2025-01-19 15:48:52,150 - INFO - INTA: 1mo change of -2.86%
2025-01-19 15:48:52,150 - INFO - Processing INTA - 2025-01-13 17:12:02 UTC
2025-01-19 15:48:52,359 - INFO - Retrieved article length: 513 characters
2025-01-19 15:48:52,367 - INFO - INSW: 1h change of 11.14%
2025-01-19 15:48:52,374 - INFO - INSW: 1wk change of 6.77%
2025-01-19 15:48:52,423 - INFO - INSW: 1mo change of -5.27%
2025-01-19 15:48:52,423 - INFO - Processing INSW - 2024-12-24 11:49:20 UTC
2025-01-19 15:48:52,555 - INFO - Retrieved article length: 3095 characters
2025-01-19 15:48:52,668 - INFO - INTC: 1h change of 10.06%
2025-01-19 15:48:52,809 - INFO - INTC: 1wk change of 8.10%
2025-01-19 15:48:52,934 - INFO - INTC: 1mo change of 3.17%
2025-01-19 15:48:52,934 - INFO - Processing INTC - 2025-01-18 13:02:00 UTC
2025-01-19 15:48:53,395 - INFO - Retrieved article length: 7427 characters
2025-01-19 15:48:53,489 - INFO - INTA: 1h change of 1.12%
2025-01-19 15:48:53,640 - INFO - INTA: 1wk change of 5.98%
2025-01-19 15:48:53,670 - INFO - INTC: 1h change of 10.06%
2025-01-19 15:48:53,728 - INFO - INTC: 1wk change of 8.10%
2025-01-19 15:48:53,729 - INFO - Processing INTA - 2025-01-13 13:03:10 UTC
2025-01-19 15:48:53,781 - INFO - INTC: 1mo change of 3.17%
2025-01-19 15:48:53,781 - INFO - Processing INTC - 2025-01-18 01:03:36 UTC
2025-01-19 15:48:53,985 - INFO - Retrieved article length: 497 characters
2025-01-19 15:48:53,994 - INFO - INSW: 1h change of 11.14%
2025-01-19 15:48:53,999 - INFO - INSW: 1wk change of 6.77%
2025-01-19 15:48:54,051 - INFO - INSW: 1mo change of -5.27%
2025-01-19 15:48:54,206 - INFO - Processing INTE - 2025-01-18 17:44:50 UTC
2025-01-19 15:48:54,538 - INFO - INTC: 1h change of 10.06%
2025-01-19 15:48:54,585 - INFO - INTC: 1wk change of 8.10%
2025-01-19 15:48:54,606 - INFO - Retrieved article length: 3095 characters
2025-01-19 15:48:54,632 - INFO - INTC: 1mo change of 3.17%
2025-01-19 15:48:54,632 - INFO - Processing INTC - 2025-01-17 22:15:35 UTC
2025-01-19 15:48:54,789 - INFO - INTE: 1wk change of -3.74%
2025-01-19 15:48:54,874 - INFO - INTE: 1mo change of -3.74%
2025-01-19 15:48:54,875 - INFO - Processing INTE - 2025-01-18 13:02:00 UTC
2025-01-19 15:48:54,950 - INFO - Retrieved article length: 6547 characters
2025-01-19 15:48:54,958 - INFO - INTA: 1h change of 1.12%
2025-01-19 15:48:55,010 - INFO - INTA: 1wk change of 5.98%
2025-01-19 15:48:55,066 - INFO - Processing INTA - 2025-01-11 00:19:14 UTC
2025-01-19 15:48:55,138 - INFO - INTE: 1wk change of -3.74%
2025-01-19 15:48:55,188 - INFO - INTE: 1mo change of -3.74%
2025-01-19 15:48:55,188 - INFO - Processing INTE - 2025-01-18 01:03:36 UTC
2025-01-19 15:48:55,464 - INFO - INTE: 1wk change of -3.74%
2025-01-19 15:48:55,516 - INFO - INTE: 1mo change of -3.74%
2025-01-19 15:48:55,516 - INFO - Processing INTE - 2025-01-17 22:15:35 UTC
2025-01-19 15:48:55,761 - INFO - Retrieved article length: 3836 characters
2025-01-19 15:48:55,861 - INFO - INTC: 1h change of 10.46%
2025-01-19 15:48:55,913 - INFO - Retrieved article length: 3836 characters
2025-01-19 15:48:55,992 - INFO - INTC: 1wk change of 7.40%
2025-01-19 15:48:56,132 - INFO - INTC: 1mo change of 5.65%
2025-01-19 15:48:56,133 - INFO - Processing INTC - 2025-01-17 21:15:11 UTC
2025-01-19 15:48:56,145 - INFO - INTE: 1wk change of -3.74%
2025-01-19 15:48:56,234 - INFO - INTE: 1mo change of -3.74%
2025-01-19 15:48:56,234 - INFO - Processing INTE - 2025-01-17 21:15:11 UTC
2025-01-19 15:48:56,305 - INFO - Retrieved article length: 515 characters
2025-01-19 15:48:56,396 - INFO - INTA: 1h change of -1.65%
2025-01-19 15:48:56,487 - INFO - INTA: 1wk change of 4.41%
2025-01-19 15:48:56,573 - INFO - Processing INTA - 2025-01-08 20:10:17 UTC
2025-01-19 15:48:56,667 - INFO - INSE: 1h change of 1.35%
2025-01-19 15:48:56,769 - INFO - INSE: 1wk change of 7.65%
2025-01-19 15:48:56,867 - INFO - INSE: 1mo change of -4.25%
2025-01-19 15:48:57,121 - INFO - Processing INTG - 2024-11-16 15:09:04 UTC
2025-01-19 15:48:57,328 - INFO - Retrieved article length: 10361 characters
2025-01-19 15:48:57,330 - INFO - Retrieved article length: 10361 characters
2025-01-19 15:48:57,339 - INFO - INTC: 1h change of 10.46%
2025-01-19 15:48:57,386 - INFO - INTE: 1wk change of -3.74%
2025-01-19 15:48:57,387 - INFO - INTC: 1wk change of 7.40%
2025-01-19 15:48:57,436 - INFO - INTE: 1mo change of -3.74%
2025-01-19 15:48:57,436 - INFO - INTC: 1mo change of 5.65%
2025-01-19 15:48:57,436 - INFO - Processing INTE - 2025-01-17 20:57:09 UTC
2025-01-19 15:48:57,436 - INFO - Processing INTC - 2025-01-17 20:57:09 UTC
2025-01-19 15:48:57,865 - INFO - Retrieved article length: 3267 characters
2025-01-19 15:48:57,896 - ERROR - INTG: No price data found, symbol may be delisted (1h 2024-11-14 -> 2024-11-18)
2025-01-19 15:48:57,957 - INFO - INTA: 1h change of 1.21%
2025-01-19 15:48:57,983 - INFO - INTG: 1wk change of -4.22%
2025-01-19 15:48:58,049 - INFO - INTA: 1wk change of 3.78%
2025-01-19 15:48:58,075 - INFO - INTG: 1mo change of -8.65%
2025-01-19 15:48:58,178 - INFO - INTC: 1h change of 10.46%
2025-01-19 15:48:58,187 - INFO - Processing INTA - 2025-01-03 15:34:13 UTC
2025-01-19 15:48:58,221 - INFO - Processing INTJ - 2024-12-12 18:03:52 UTC
2025-01-19 15:48:58,226 - INFO - INTC: 1wk change of 7.40%
2025-01-19 15:48:58,230 - INFO - INTE: 1wk change of -3.74%
2025-01-19 15:48:58,275 - INFO - INTC: 1mo change of 5.65%
2025-01-19 15:48:58,275 - INFO - Processing INTC - 2025-01-17 20:53:48 UTC
2025-01-19 15:48:58,277 - INFO - INTE: 1mo change of -3.74%
2025-01-19 15:48:58,277 - INFO - Processing INTE - 2025-01-17 20:53:48 UTC
2025-01-19 15:48:58,978 - INFO - INTC: 1h change of 10.46%
2025-01-19 15:48:59,008 - INFO - INTJ: 1h change of -6.32%
2025-01-19 15:48:59,024 - INFO - INTE: 1wk change of -3.74%
2025-01-19 15:48:59,025 - INFO - INTC: 1wk change of 7.40%
2025-01-19 15:48:59,074 - INFO - INTE: 1mo change of -3.74%
2025-01-19 15:48:59,074 - INFO - Processing INTE - 2025-01-17 20:53:15 UTC
2025-01-19 15:48:59,074 - INFO - Processing INTC - 2025-01-17 20:53:15 UTC
2025-01-19 15:48:59,090 - INFO - INTJ: 1wk change of -4.35%
2025-01-19 15:48:59,179 - INFO - INTJ: 1mo change of -3.41%
2025-01-19 15:48:59,312 - INFO - Processing INTS - 2025-01-10 16:00:00 UTC
2025-01-19 15:48:59,442 - INFO - Retrieved article length: 502 characters
2025-01-19 15:48:59,626 - INFO - INTA: 1wk change of 1.50%
2025-01-19 15:48:59,720 - INFO - INTA: 1mo change of 7.88%
2025-01-19 15:48:59,720 - INFO - Processing INTA - 2024-12-12 18:57:44 UTC
2025-01-19 15:49:00,306 - INFO - Retrieved article length: 1593 characters
2025-01-19 15:49:00,353 - INFO - Retrieved article length: 1593 characters
2025-01-19 15:49:00,361 - INFO - INTC: 1h change of 10.46%
2025-01-19 15:49:00,369 - INFO - INTE: 1wk change of -3.74%
2025-01-19 15:49:00,409 - INFO - INTC: 1wk change of 7.40%
2025-01-19 15:49:00,417 - INFO - INTE: 1mo change of -3.74%
2025-01-19 15:49:00,456 - INFO - INTC: 1mo change of 5.65%
2025-01-19 15:49:00,508 - INFO - INTA: 1h change of 1.10%
2025-01-19 15:49:00,539 - INFO - Processing INTU - 2025-01-17 17:00:15 UTC
2025-01-19 15:49:00,589 - INFO - Retrieved article length: 13966 characters
2025-01-19 15:49:00,595 - INFO - INTA: 1wk change of 1.46%
2025-01-19 15:49:00,617 - INFO - Processing INTZ - 2025-01-16 00:05:00 UTC
2025-01-19 15:49:00,678 - INFO - INTS: 1h change of 9.32%
2025-01-19 15:49:00,689 - INFO - INTA: 1mo change of 12.31%
2025-01-19 15:49:00,689 - INFO - Processing INTA - 2024-12-12 16:13:19 UTC
2025-01-19 15:49:00,771 - INFO - INTS: 1wk change of 56.82%
2025-01-19 15:49:00,869 - INFO - Processing INTS - 2024-12-14 00:48:17 UTC
2025-01-19 15:49:01,435 - INFO - INTA: 1h change of 1.10%
2025-01-19 15:49:01,440 - INFO - INTA: 1wk change of 1.46%
2025-01-19 15:49:01,446 - INFO - INTA: 1mo change of 12.31%
2025-01-19 15:49:01,607 - INFO - Processing INUV - 2025-01-17 21:39:05 UTC
2025-01-19 15:49:01,643 - INFO - INTS: 1h change of -9.09%
2025-01-19 15:49:01,729 - INFO - INTS: 1wk change of -26.98%
2025-01-19 15:49:01,783 - INFO - Retrieved article length: 5927 characters
2025-01-19 15:49:01,813 - INFO - INTS: 1mo change of -13.75%
2025-01-19 15:49:01,813 - INFO - Processing INTS - 2024-12-13 16:10:40 UTC
2025-01-19 15:49:01,844 - INFO - Retrieved article length: 4582 characters
2025-01-19 15:49:01,890 - INFO - INTU: 1h change of -3.08%
2025-01-19 15:49:01,951 - INFO - INTZ: 1h change of 5.50%
2025-01-19 15:49:01,989 - INFO - INTU: 1wk change of -1.67%
2025-01-19 15:49:02,038 - INFO - INTZ: 1wk change of -27.13%
2025-01-19 15:49:02,085 - INFO - INTU: 1mo change of -7.82%
2025-01-19 15:49:02,085 - INFO - Processing INTU - 2025-01-17 14:01:50 UTC
2025-01-19 15:49:02,127 - INFO - INTZ: 1mo change of 371.43%
2025-01-19 15:49:02,128 - INFO - Processing INTZ - 2025-01-06 20:10:49 UTC
2025-01-19 15:49:02,596 - INFO - INTS: 1h change of -23.34%
2025-01-19 15:49:02,687 - INFO - INTS: 1wk change of -27.69%
2025-01-19 15:49:02,777 - INFO - INTS: 1mo change of -16.06%
2025-01-19 15:49:02,777 - INFO - Processing INTS - 2024-12-12 19:26:11 UTC
2025-01-19 15:49:02,847 - INFO - Retrieved article length: 5126 characters
2025-01-19 15:49:02,951 - INFO - INUV: 1h change of -10.33%
2025-01-19 15:49:03,043 - INFO - INUV: 1wk change of -21.05%
2025-01-19 15:49:03,145 - INFO - INUV: 1mo change of 28.57%
2025-01-19 15:49:03,146 - INFO - Processing INUV - 2025-01-08 16:30:00 UTC
2025-01-19 15:49:03,339 - INFO - Retrieved article length: 5639 characters
2025-01-19 15:49:03,347 - INFO - INTU: 1h change of -3.08%
2025-01-19 15:49:03,382 - INFO - Retrieved article length: 508 characters
2025-01-19 15:49:03,395 - INFO - INTU: 1wk change of -1.67%
2025-01-19 15:49:03,450 - INFO - INTU: 1mo change of -7.82%
2025-01-19 15:49:03,451 - INFO - Processing INTU - 2025-01-17 00:00:00 UTC
2025-01-19 15:49:03,473 - INFO - INTZ: 1h change of -16.93%
2025-01-19 15:49:03,561 - INFO - INTZ: 1wk change of 23.61%
2025-01-19 15:49:03,563 - INFO - INTS: 1h change of -20.00%
2025-01-19 15:49:03,650 - INFO - INTZ: 1mo change of 335.85%
2025-01-19 15:49:03,651 - INFO - INTS: 1wk change of -34.65%
2025-01-19 15:49:03,651 - INFO - Processing INTZ - 2025-01-06 17:40:09 UTC
2025-01-19 15:49:03,752 - INFO - INTS: 1mo change of -14.13%
2025-01-19 15:49:03,752 - INFO - Processing INTS - 2024-12-12 16:00:00 UTC
2025-01-19 15:49:03,983 - INFO - INUV: 1h change of -36.45%
2025-01-19 15:49:04,077 - INFO - INUV: 1wk change of -21.05%
2025-01-19 15:49:04,165 - INFO - INUV: 1mo change of 55.17%
2025-01-19 15:49:04,166 - INFO - Processing INUV - 2024-12-30 16:12:48 UTC
2025-01-19 15:49:04,465 - INFO - INTS: 1h change of -20.00%
2025-01-19 15:49:04,471 - INFO - INTS: 1wk change of -34.65%
2025-01-19 15:49:04,475 - INFO - INTS: 1mo change of -14.13%
2025-01-19 15:49:04,476 - INFO - Processing INTS - 2024-11-21 16:00:00 UTC
2025-01-19 15:49:04,682 - INFO - Retrieved article length: 1665 characters
2025-01-19 15:49:04,691 - INFO - INTU: 1h change of -3.08%
2025-01-19 15:49:04,742 - INFO - INTU: 1wk change of -1.67%
2025-01-19 15:49:04,792 - INFO - INTU: 1mo change of -7.82%
2025-01-19 15:49:04,793 - INFO - Processing INTU - 2025-01-16 01:50:21 UTC
2025-01-19 15:49:04,851 - INFO - Retrieved article length: 2478 characters
2025-01-19 15:49:04,869 - INFO - INTZ: 1h change of -16.93%
2025-01-19 15:49:04,875 - INFO - INTZ: 1wk change of 23.61%
2025-01-19 15:49:04,925 - INFO - INTZ: 1mo change of 335.85%
2025-01-19 15:49:04,926 - INFO - Processing INTZ - 2025-01-06 17:28:00 UTC
2025-01-19 15:49:05,257 - INFO - INTS: 1h change of -14.92%
2025-01-19 15:49:05,349 - INFO - INTS: 1wk change of -8.56%
2025-01-19 15:49:05,441 - INFO - INTS: 1mo change of -39.81%
2025-01-19 15:49:05,441 - INFO - Processing INTS - 2024-11-18 16:00:00 UTC
2025-01-19 15:49:05,480 - INFO - Retrieved article length: 6935 characters
2025-01-19 15:49:05,582 - INFO - INUV: 1h change of 16.69%
2025-01-19 15:49:05,676 - INFO - INUV: 1wk change of 16.67%
2025-01-19 15:49:05,775 - INFO - INUV: 1mo change of 50.00%
2025-01-19 15:49:05,775 - INFO - Processing INUV - 2024-12-06 16:30:00 UTC
2025-01-19 15:49:05,986 - INFO - Retrieved article length: 3720 characters
2025-01-19 15:49:06,082 - INFO - INTU: 1h change of -2.72%
2025-01-19 15:49:06,140 - INFO - Retrieved article length: 4852 characters
2025-01-19 15:49:06,147 - INFO - INTZ: 1h change of -16.93%
2025-01-19 15:49:06,154 - INFO - INTZ: 1wk change of 23.61%
2025-01-19 15:49:06,177 - INFO - INTU: 1wk change of -3.20%
2025-01-19 15:49:06,202 - INFO - INTZ: 1mo change of 335.85%
2025-01-19 15:49:06,202 - INFO - Processing INTZ - 2025-01-03 19:50:29 UTC
2025-01-19 15:49:06,283 - INFO - INTU: 1mo change of -9.98%
2025-01-19 15:49:06,283 - INFO - Processing INTU - 2025-01-15 23:07:13 UTC
2025-01-19 15:49:06,370 - INFO - INTS: 1h change of -3.23%
2025-01-19 15:49:06,463 - INFO - INTS: 1wk change of -15.52%
2025-01-19 15:49:06,559 - INFO - INTS: 1mo change of -44.87%
2025-01-19 15:49:06,560 - INFO - Processing INTS - 2024-11-14 00:06:00 UTC
2025-01-19 15:49:06,611 - INFO - INUV: 1h change of 10.60%
2025-01-19 15:49:06,705 - INFO - INUV: 1wk change of 25.00%
2025-01-19 15:49:06,795 - INFO - INUV: 1mo change of 104.17%
2025-01-19 15:49:06,796 - INFO - Processing INUV - 2024-12-04 16:30:00 UTC
2025-01-19 15:49:07,084 - INFO - INTU: 1h change of -1.31%
2025-01-19 15:49:07,187 - INFO - INTU: 1wk change of -3.20%
2025-01-19 15:49:07,287 - INFO - INTU: 1mo change of -9.76%
2025-01-19 15:49:07,287 - INFO - Processing INTU - 2025-01-15 17:08:49 UTC
2025-01-19 15:49:07,334 - INFO - INTS: 1h change of -2.86%
2025-01-19 15:49:07,427 - INFO - INTS: 1wk change of -19.38%
2025-01-19 15:49:07,442 - INFO - Retrieved article length: 502 characters
2025-01-19 15:49:07,520 - INFO - INTS: 1mo change of -42.56%
2025-01-19 15:49:07,531 - INFO - INTZ: 1h change of 10.95%
2025-01-19 15:49:07,563 - INFO - INUV: 1h change of -3.85%
2025-01-19 15:49:07,621 - INFO - INTZ: 1wk change of 683.78%
2025-01-19 15:49:07,644 - INFO - Processing INVA - 2024-12-25 13:09:41 UTC
2025-01-19 15:49:07,650 - INFO - INUV: 1wk change of 16.67%
2025-01-19 15:49:07,718 - INFO - INTZ: 1mo change of 312.50%
2025-01-19 15:49:07,718 - INFO - Processing INTZ - 2025-01-02 17:05:00 UTC
2025-01-19 15:49:07,742 - INFO - INUV: 1mo change of 128.00%
2025-01-19 15:49:07,742 - INFO - Processing INUV - 2024-11-27 23:05:08 UTC
2025-01-19 15:49:08,536 - INFO - Retrieved article length: 1810 characters
2025-01-19 15:49:08,544 - INFO - INTU: 1h change of -1.31%
2025-01-19 15:49:08,577 - INFO - INUV: 1h change of -9.53%
2025-01-19 15:49:08,594 - INFO - INTU: 1wk change of -3.20%
2025-01-19 15:49:08,644 - INFO - INTU: 1mo change of -9.76%
2025-01-19 15:49:08,644 - INFO - Processing INTU - 2025-01-14 16:00:13 UTC
2025-01-19 15:49:08,664 - INFO - INUV: 1wk change of 61.90%
2025-01-19 15:49:08,758 - INFO - INUV: 1mo change of 170.83%
2025-01-19 15:49:08,758 - INFO - Processing INUV - 2024-11-20 18:30:00 UTC
2025-01-19 15:49:08,848 - INFO - Retrieved article length: 3901 characters
2025-01-19 15:49:08,919 - INFO - Retrieved article length: 4393 characters
2025-01-19 15:49:08,943 - INFO - INVA: 1h change of -1.07%
2025-01-19 15:49:09,012 - INFO - INTZ: 1h change of -5.29%
2025-01-19 15:49:09,046 - INFO - INVA: 1wk change of -4.89%
2025-01-19 15:49:09,100 - INFO - INTZ: 1wk change of 705.56%
2025-01-19 15:49:09,140 - INFO - INVA: 1mo change of -2.98%
2025-01-19 15:49:09,141 - INFO - Processing INVA - 2024-12-17 15:25:13 UTC
2025-01-19 15:49:09,187 - INFO - INTZ: 1mo change of 312.50%
2025-01-19 15:49:09,187 - INFO - Processing INTZ - 2024-12-13 19:58:00 UTC
2025-01-19 15:49:09,556 - INFO - INUV: 1h change of 12.24%
2025-01-19 15:49:09,695 - INFO - INUV: 1wk change of 30.43%
2025-01-19 15:49:09,784 - INFO - INUV: 1mo change of 56.00%
2025-01-19 15:49:09,784 - INFO - Processing INUV - 2024-11-09 10:31:02 UTC
2025-01-19 15:49:09,837 - INFO - Retrieved article length: 4932 characters
2025-01-19 15:49:09,914 - INFO - INVA: 1h change of -3.50%
2025-01-19 15:49:09,944 - INFO - INTZ: 1h change of -13.29%
2025-01-19 15:49:10,004 - INFO - INVA: 1wk change of -7.93%
2025-01-19 15:49:10,027 - INFO - INTU: 1wk change of -3.20%
2025-01-19 15:49:10,043 - INFO - INTZ: 1wk change of -24.53%
2025-01-19 15:49:10,093 - INFO - INVA: 1mo change of -8.56%
2025-01-19 15:49:10,094 - INFO - Processing INVA - 2024-12-16 16:40:16 UTC
2025-01-19 15:49:10,128 - INFO - INTU: 1mo change of -6.48%
2025-01-19 15:49:10,129 - INFO - Processing INTU - 2025-01-14 16:00:00 UTC
2025-01-19 15:49:10,132 - INFO - INTZ: 1mo change of 265.22%
2025-01-19 15:49:10,133 - INFO - Processing INTZ - 2024-12-11 17:28:00 UTC
2025-01-19 15:49:10,629 - INFO - INUV: 1h change of -3.36%
2025-01-19 15:49:10,720 - INFO - INUV: 1wk change of -16.00%
2025-01-19 15:49:10,809 - INFO - INUV: 1mo change of 40.00%
2025-01-19 15:49:10,877 - INFO - INVA: 1h change of -1.13%
2025-01-19 15:49:10,933 - INFO - INTZ: 1h change of -15.96%
2025-01-19 15:49:10,962 - INFO - INVA: 1wk change of -6.67%
2025-01-19 15:49:11,024 - INFO - INTZ: 1wk change of -24.53%
2025-01-19 15:49:11,049 - INFO - INVA: 1mo change of -7.65%
2025-01-19 15:49:11,050 - INFO - Processing INVA - 2024-12-16 15:00:00 UTC
2025-01-19 15:49:11,113 - INFO - INTZ: 1mo change of 211.59%
2025-01-19 15:49:11,458 - INFO - Retrieved article length: 11122 characters
2025-01-19 15:49:11,524 - INFO - INTU: 1wk change of -3.20%
2025-01-19 15:49:11,577 - INFO - INTU: 1mo change of -6.48%
2025-01-19 15:49:11,792 - INFO - INVA: 1h change of -1.13%
2025-01-19 15:49:11,797 - INFO - INVA: 1wk change of -6.67%
2025-01-19 15:49:11,847 - INFO - INVA: 1mo change of -7.65%
2025-01-19 15:49:11,847 - INFO - Processing INVA - 2024-11-26 15:00:00 UTC
2025-01-19 15:49:12,628 - INFO - INVA: 1h change of -1.85%
2025-01-19 15:49:12,814 - INFO - INVA: 1mo change of -12.97%
2025-01-19 15:49:12,814 - INFO - Processing INVA - 2024-11-22 07:14:00 UTC
2025-01-19 15:49:13,752 - INFO - INVA: 1wk change of -6.55%
2025-01-19 15:49:13,841 - INFO - INVA: 1mo change of -11.88%
2025-01-19 15:49:13,842 - INFO - Processing INVA - 2024-11-13 00:05:00 UTC
2025-01-19 15:49:14,639 - INFO - INVA: 1h change of -4.56%
2025-01-19 15:49:14,735 - INFO - INVA: 1wk change of -1.08%
2025-01-19 15:49:14,835 - INFO - INVA: 1mo change of -6.51%
2025-01-19 15:49:14,836 - INFO - Processing INVA - 2024-11-08 13:06:02 UTC
2025-01-19 15:49:15,711 - INFO - INVA: 1wk change of -4.98%
2025-01-19 15:49:15,857 - INFO - INVA: 1mo change of -5.69%
