2025-01-19 15:38:46,102 - INFO - Starting new training session. Logging to: logs/training_20250119_153846.log
2025-01-19 15:38:46,119 - INFO - Starting new training session. Logging to: logs/training_20250119_153846.log
2025-01-19 15:38:46,137 - INFO - Starting new training session. Logging to: logs/training_20250119_153846.log
2025-01-19 15:38:46,137 - INFO - Starting new training session. Logging to: logs/training_20250119_153846.log
2025-01-19 15:38:47,738 - ERROR - Error getting news for FIVE: Expecting value: line 1 column 1 (char 0)
2025-01-19 15:38:47,775 - ERROR - Error getting news for FIVN: Expecting value: line 1 column 1 (char 0)
2025-01-19 15:38:47,833 - ERROR - Error getting news for FKWL: Expecting value: line 1 column 1 (char 0)
2025-01-19 15:38:47,845 - ERROR - Error getting news for FIXD: Expecting value: line 1 column 1 (char 0)
2025-01-19 15:38:48,644 - ERROR - Error getting news for FL: Expecting value: line 1 column 1 (char 0)
2025-01-19 15:38:48,943 - ERROR - Error getting news for FLDD: Expecting value: line 1 column 1 (char 0)
2025-01-19 15:38:49,060 - ERROR - Error getting news for FLDDU: Expecting value: line 1 column 1 (char 0)
2025-01-19 15:38:49,063 - ERROR - Error getting news for FLD: Expecting value: line 1 column 1 (char 0)
2025-01-19 15:38:49,643 - ERROR - Error getting news for FLEX: Expecting value: line 1 column 1 (char 0)
2025-01-19 15:38:50,007 - ERROR - Error getting news for FLIC: Expecting value: line 1 column 1 (char 0)
2025-01-19 15:38:50,008 - ERROR - Error getting news for FLGC: Expecting value: line 1 column 1 (char 0)
2025-01-19 15:38:50,372 - ERROR - Error getting news for FLG: Expecting value: line 1 column 1 (char 0)
2025-01-19 15:38:50,943 - ERROR - Error getting news for FLNC: Expecting value: line 1 column 1 (char 0)
2025-01-19 15:38:51,035 - ERROR - Error getting news for FLJP: Expecting value: line 1 column 1 (char 0)
2025-01-19 15:38:51,243 - ERROR - Error getting news for FLL: Expecting value: line 1 column 1 (char 0)
2025-01-19 15:38:51,354 - ERROR - Error getting news for FLNT: Expecting value: line 1 column 1 (char 0)
2025-01-19 15:38:51,980 - ERROR - Error getting news for FLOT: Expecting value: line 1 column 1 (char 0)
2025-01-19 15:38:52,250 - ERROR - Error getting news for FLO: Expecting value: line 1 column 1 (char 0)
2025-01-19 15:38:52,467 - ERROR - Error getting news for FLRN: Expecting value: line 1 column 1 (char 0)
2025-01-19 15:38:52,492 - ERROR - Error getting news for FLR: Expecting value: line 1 column 1 (char 0)
2025-01-19 15:38:52,967 - ERROR - Error getting news for FLS: Expecting value: line 1 column 1 (char 0)
2025-01-19 15:38:53,181 - ERROR - Error getting news for FLTR: Expecting value: line 1 column 1 (char 0)
2025-01-19 15:38:53,665 - ERROR - Error getting news for FLUX: Expecting value: line 1 column 1 (char 0)
2025-01-19 15:38:53,711 - ERROR - Error getting news for FLUT: Expecting value: line 1 column 1 (char 0)
2025-01-19 15:38:54,026 - ERROR - Error getting news for FLYE: Expecting value: line 1 column 1 (char 0)
2025-01-19 15:38:54,128 - ERROR - Error getting news for FLYW: Expecting value: line 1 column 1 (char 0)
2025-01-19 15:38:54,654 - ERROR - Error getting news for FMAO: Expecting value: line 1 column 1 (char 0)
2025-01-19 15:38:54,713 - ERROR - Error getting news for FMC: Expecting value: line 1 column 1 (char 0)
2025-01-19 15:38:54,922 - ERROR - Error getting news for FMNB: Expecting value: line 1 column 1 (char 0)
2025-01-19 15:38:55,209 - ERROR - Error getting news for FMST: Expecting value: line 1 column 1 (char 0)
2025-01-19 15:38:55,647 - ERROR - Error getting news for FNA: Expecting value: line 1 column 1 (char 0)
2025-01-19 15:38:55,941 - ERROR - Error getting news for FNCB: Expecting value: line 1 column 1 (char 0)
2025-01-19 15:38:56,212 - ERROR - Error getting news for FND: Expecting value: line 1 column 1 (char 0)
2025-01-19 15:38:56,631 - ERROR - Error getting news for FNB: Expecting value: line 1 column 1 (char 0)
2025-01-19 15:38:56,700 - ERROR - Error getting news for FNDA: Expecting value: line 1 column 1 (char 0)
2025-01-19 15:38:57,193 - ERROR - Error getting news for FNDE: Expecting value: line 1 column 1 (char 0)
2025-01-19 15:38:57,319 - ERROR - Error getting news for FNDF: Expecting value: line 1 column 1 (char 0)
2025-01-19 15:38:57,724 - ERROR - Error getting news for FNF: Expecting value: line 1 column 1 (char 0)
2025-01-19 15:38:58,256 - ERROR - Error getting news for FNGR: Expecting value: line 1 column 1 (char 0)
2025-01-19 15:38:58,447 - ERROR - Error getting news for FNGD: Expecting value: line 1 column 1 (char 0)
2025-01-19 15:38:58,559 - ERROR - Error getting news for FNDX: Expecting value: line 1 column 1 (char 0)
2025-01-19 15:38:58,618 - ERROR - Error getting news for FNGU: Expecting value: line 1 column 1 (char 0)
2025-01-19 15:38:59,186 - ERROR - Error getting news for FNKO: Expecting value: line 1 column 1 (char 0)
2025-01-19 15:38:59,349 - ERROR - Error getting news for FNWD: Expecting value: line 1 column 1 (char 0)
2025-01-19 15:38:59,695 - ERROR - Error getting news for FONR: Expecting value: line 1 column 1 (char 0)
2025-01-19 15:39:00,263 - ERROR - Error getting news for FORA: Expecting value: line 1 column 1 (char 0)
2025-01-19 15:39:00,310 - ERROR - Error getting news for FOPC: Expecting value: line 1 column 1 (char 0)
2025-01-19 15:39:00,668 - ERROR - Error getting news for FOLD: Expecting value: line 1 column 1 (char 0)
2025-01-19 15:39:01,024 - ERROR - Error getting news for FORD: Expecting value: line 1 column 1 (char 0)
2025-01-19 15:39:01,353 - ERROR - Error getting news for FORL: Expecting value: line 1 column 1 (char 0)
