2025-01-19 12:02:03,574 - INFO - Starting new training session. Logging to: logs/training_20250119_120203.log
2025-01-19 12:02:03,587 - INFO - Starting new training session. Logging to: logs/training_20250119_120203.log
2025-01-19 12:02:05,138 - INFO - Processing ALT - 2024-12-25 14:26:24 UTC
2025-01-19 12:02:05,170 - INFO - Processing ALTI - 2025-01-17 16:30:00 UTC
2025-01-19 12:02:06,200 - INFO - Retrieved article length: 1712 characters
2025-01-19 12:02:06,332 - INFO - ALTI: 1h change of -1.45%
2025-01-19 12:02:06,435 - INFO - ALTI: 1wk change of -3.54%
2025-01-19 12:02:06,479 - INFO - Retrieved article length: 4752 characters
2025-01-19 12:02:06,531 - INFO - ALTI: 1mo change of -9.91%
2025-01-19 12:02:06,610 - INFO - ALT: 1h change of 1.39%
2025-01-19 12:02:06,702 - INFO - ALT: 1wk change of -19.33%
2025-01-19 12:02:06,788 - INFO - ALT: 1mo change of -14.78%
2025-01-19 12:02:07,034 - INFO - Processing ALTI - 2025-01-06 13:39:10 UTC
2025-01-19 12:02:07,299 - INFO - Processing ALT - 2024-12-19 15:30:00 UTC
2025-01-19 12:02:08,162 - INFO - Retrieved article length: 5327 characters
2025-01-19 12:02:08,248 - INFO - ALTI: 1h change of -2.41%
2025-01-19 12:02:08,339 - INFO - ALTI: 1wk change of -5.69%
2025-01-19 12:02:08,435 - INFO - ALTI: 1mo change of -15.32%
2025-01-19 12:02:08,469 - INFO - Retrieved article length: 3292 characters
2025-01-19 12:02:08,566 - INFO - ALT: 1h change of -1.61%
2025-01-19 12:02:08,650 - INFO - ALT: 1wk change of -20.44%
2025-01-19 12:02:08,752 - INFO - ALT: 1mo change of -18.86%
2025-01-19 12:02:08,937 - INFO - Processing ALTI - 2024-11-26 16:12:12 UTC
2025-01-19 12:02:09,254 - INFO - Processing ALT - 2024-12-02 15:30:00 UTC
2025-01-19 12:02:10,075 - INFO - Retrieved article length: 7046 characters
2025-01-19 12:02:10,174 - INFO - ALTI: 1h change of 1.11%
2025-01-19 12:02:10,261 - INFO - ALTI: 1wk change of 3.26%
2025-01-19 12:02:10,366 - INFO - ALTI: 1mo change of 8.31%
2025-01-19 12:02:10,401 - INFO - Retrieved article length: 1916 characters
2025-01-19 12:02:10,737 - INFO - ALT: 1mo change of 3.57%
2025-01-19 12:02:10,868 - INFO - Processing ALTI - 2024-11-10 15:42:29 UTC
2025-01-19 12:02:11,248 - INFO - Processing ALT - 2024-11-26 15:30:00 UTC
2025-01-19 12:02:11,927 - INFO - Retrieved article length: 1869 characters
2025-01-19 12:02:12,029 - INFO - ALTI: 1h change of 5.27%
2025-01-19 12:02:12,118 - INFO - ALTI: 1wk change of -2.45%
2025-01-19 12:02:12,213 - INFO - ALTI: 1mo change of 27.17%
2025-01-19 12:02:12,282 - INFO - Retrieved article length: 1601 characters
2025-01-19 12:02:12,377 - INFO - ALT: 1h change of -2.30%
2025-01-19 12:02:12,480 - INFO - ALT: 1wk change of 27.83%
2025-01-19 12:02:12,581 - INFO - ALT: 1mo change of 7.65%
2025-01-19 12:02:12,719 - INFO - Processing ALTI - 2024-11-08 16:00:00 UTC
2025-01-19 12:02:13,087 - INFO - Processing ALT - 2024-11-15 19:00:00 UTC
2025-01-19 12:02:13,868 - INFO - Retrieved article length: 2477 characters
2025-01-19 12:02:13,966 - INFO - ALTI: 1h change of -3.40%
2025-01-19 12:02:14,056 - INFO - ALTI: 1wk change of 8.13%
2025-01-19 12:02:14,156 - INFO - ALTI: 1mo change of 28.05%
2025-01-19 12:02:14,220 - INFO - Retrieved article length: 7154 characters
2025-01-19 12:02:14,312 - INFO - ALT: 1h change of -30.48%
2025-01-19 12:02:14,408 - INFO - ALT: 1wk change of 23.47%
2025-01-19 12:02:14,489 - INFO - ALT: 1mo change of 29.84%
2025-01-19 12:02:14,656 - INFO - Processing ALTI - 2024-11-04 11:00:00 UTC
2025-01-19 12:02:15,001 - INFO - Processing ALT - 2024-11-14 14:15:41 UTC
2025-01-19 12:02:15,852 - INFO - Retrieved article length: 8156 characters
2025-01-19 12:02:15,962 - INFO - ALTI: 1h change of 10.82%
2025-01-19 12:02:16,051 - INFO - ALTI: 1wk change of 13.03%
2025-01-19 12:02:16,142 - INFO - ALTI: 1mo change of 24.06%
2025-01-19 12:02:16,163 - INFO - Retrieved article length: 1871 characters
2025-01-19 12:02:16,257 - INFO - ALT: 1h change of -15.12%
2025-01-19 12:02:16,352 - INFO - ALT: 1wk change of 27.84%
2025-01-19 12:02:16,490 - INFO - ALT: 1mo change of 31.23%
2025-01-19 12:02:16,646 - INFO - Processing ALTI - 2024-10-31 23:05:00 UTC
2025-01-19 12:02:16,996 - INFO - Processing ALT - 2024-11-12 15:00:00 UTC
2025-01-19 12:02:17,706 - INFO - Retrieved article length: 1760 characters
2025-01-19 12:02:17,810 - INFO - ALTI: 1h change of 6.03%
2025-01-19 12:02:17,894 - INFO - ALTI: 1wk change of 22.84%
2025-01-19 12:02:17,991 - INFO - ALTI: 1mo change of 13.65%
2025-01-19 12:02:18,170 - INFO - Retrieved article length: 13629 characters
2025-01-19 12:02:18,274 - INFO - ALT: 1h change of 22.55%
2025-01-19 12:02:18,361 - INFO - ALT: 1wk change of 23.78%
2025-01-19 12:02:18,451 - INFO - ALT: 1mo change of 44.23%
2025-01-19 12:02:18,493 - INFO - Processing ALTI - 2024-10-29 23:05:00 UTC
2025-01-19 12:02:18,962 - INFO - Processing ALT - 2024-11-11 15:30:00 UTC
2025-01-19 12:02:19,715 - INFO - Retrieved article length: 1491 characters
2025-01-19 12:02:19,901 - INFO - ALTI: 1wk change of 21.57%
2025-01-19 12:02:19,999 - INFO - ALTI: 1mo change of 27.44%
2025-01-19 12:02:20,080 - INFO - Retrieved article length: 5978 characters
2025-01-19 12:02:20,171 - INFO - ALT: 1h change of 22.16%
2025-01-19 12:02:20,263 - INFO - ALT: 1wk change of 19.44%
2025-01-19 12:02:20,350 - INFO - ALT: 1mo change of 48.03%
2025-01-19 12:02:21,685 - INFO - Processing ALTO - 2025-01-07 03:08:38 UTC
2025-01-19 12:02:22,083 - INFO - Processing ALTR - 2025-01-13 19:40:12 UTC
2025-01-19 12:02:22,838 - INFO - Retrieved article length: 7143 characters
2025-01-19 12:02:22,935 - INFO - ALTO: 1h change of -10.27%
2025-01-19 12:02:23,026 - INFO - ALTO: 1wk change of 18.30%
2025-01-19 12:02:23,120 - INFO - ALTO: 1mo change of 28.47%
2025-01-19 12:02:23,132 - INFO - Retrieved article length: 2747 characters
2025-01-19 12:02:23,411 - INFO - ALTR: 1mo change of 3.35%
2025-01-19 12:02:23,622 - INFO - Processing ALTO - 2025-01-06 16:30:00 UTC
2025-01-19 12:02:23,912 - INFO - Processing ALTR - 2024-12-27 19:40:09 UTC
2025-01-19 12:02:24,717 - INFO - Retrieved article length: 5203 characters
2025-01-19 12:02:24,822 - INFO - ALTO: 1h change of -5.83%
2025-01-19 12:02:24,909 - INFO - ALTO: 1wk change of -1.79%
2025-01-19 12:02:24,988 - INFO - ALTO: 1mo change of 27.59%
2025-01-19 12:02:25,004 - INFO - Retrieved article length: 2774 characters
2025-01-19 12:02:25,199 - INFO - ALTR: 1wk change of 2.62%
2025-01-19 12:02:25,283 - INFO - ALTR: 1mo change of 4.95%
2025-01-19 12:02:25,502 - INFO - Processing ALTO - 2024-12-31 01:10:00 UTC
2025-01-19 12:02:25,795 - INFO - Processing ALTR - 2024-12-26 17:40:10 UTC
2025-01-19 12:02:26,565 - INFO - Retrieved article length: 9300 characters
2025-01-19 12:02:26,768 - INFO - ALTO: 1wk change of 1.83%
2025-01-19 12:02:26,853 - INFO - ALTO: 1mo change of 31.21%
2025-01-19 12:02:26,924 - INFO - Retrieved article length: 3001 characters
2025-01-19 12:02:27,111 - INFO - ALTR: 1wk change of 2.69%
2025-01-19 12:02:27,205 - INFO - ALTR: 1mo change of 5.81%
2025-01-19 12:02:27,368 - INFO - Processing ALTO - 2024-12-03 23:07:57 UTC
2025-01-19 12:02:27,706 - INFO - Processing ALTR - 2024-12-18 15:00:00 UTC
2025-01-19 12:02:28,455 - INFO - Retrieved article length: 7160 characters
2025-01-19 12:02:28,647 - INFO - ALTO: 1wk change of 5.71%
2025-01-19 12:02:28,738 - INFO - ALTO: 1mo change of 5.17%
2025-01-19 12:02:28,782 - INFO - Retrieved article length: 5613 characters
2025-01-19 12:02:28,982 - INFO - ALTR: 1wk change of 2.04%
2025-01-19 12:02:29,084 - INFO - ALTR: 1mo change of 6.35%
2025-01-19 12:02:29,241 - INFO - Processing ALTO - 2024-11-29 16:30:00 UTC
2025-01-19 12:02:29,588 - INFO - Processing ALTR - 2024-12-12 18:18:39 UTC
2025-01-19 12:02:30,356 - INFO - Retrieved article length: 4140 characters
2025-01-19 12:02:30,554 - INFO - ALTO: 1wk change of 7.91%
2025-01-19 12:02:30,645 - INFO - ALTO: 1mo change of -1.17%
2025-01-19 12:02:30,686 - INFO - Retrieved article length: 523 characters
2025-01-19 12:02:30,870 - INFO - ALTR: 1wk change of 3.00%
2025-01-19 12:02:30,960 - INFO - ALTR: 1mo change of 6.03%
2025-01-19 12:02:31,146 - INFO - Processing ALTO - 2024-11-09 16:15:29 UTC
2025-01-19 12:02:31,462 - INFO - Processing ALTR - 2024-12-12 15:00:00 UTC
2025-01-19 12:02:32,223 - INFO - Retrieved article length: 1958 characters
2025-01-19 12:02:32,404 - INFO - ALTO: 1wk change of -19.19%
2025-01-19 12:02:32,495 - INFO - ALTO: 1mo change of -9.32%
2025-01-19 12:02:32,560 - INFO - Retrieved article length: 3767 characters
2025-01-19 12:02:32,574 - INFO - ALTR: 1wk change of 3.00%
2025-01-19 12:02:32,578 - INFO - ALTR: 1mo change of 6.03%
2025-01-19 12:02:32,997 - INFO - Processing ALTO - 2024-11-07 16:30:00 UTC
2025-01-19 12:02:33,082 - INFO - Processing ALTR - 2024-12-11 19:40:10 UTC
2025-01-19 12:02:34,096 - INFO - Retrieved article length: 7490 characters
2025-01-19 12:02:34,229 - INFO - ALTO: 1h change of -33.33%
2025-01-19 12:02:34,322 - INFO - ALTO: 1wk change of -23.46%
2025-01-19 12:02:34,353 - INFO - Retrieved article length: 2754 characters
2025-01-19 12:02:34,421 - INFO - ALTO: 1mo change of -7.45%
2025-01-19 12:02:34,534 - INFO - ALTR: 1wk change of 3.00%
2025-01-19 12:02:34,633 - INFO - ALTR: 1mo change of 6.16%
2025-01-19 12:02:34,925 - INFO - Processing ALTO - 2024-11-07 00:07:00 UTC
2025-01-19 12:02:35,134 - INFO - Processing ALTR - 2024-12-10 17:40:10 UTC
2025-01-19 12:02:36,203 - INFO - Retrieved article length: 3101 characters
2025-01-19 12:02:36,402 - INFO - ALTR: 1wk change of 1.74%
2025-01-19 12:02:36,470 - INFO - Retrieved article length: 18285 characters
2025-01-19 12:02:36,476 - INFO - ALTO: 1h change of -33.33%
2025-01-19 12:02:36,481 - INFO - ALTO: 1wk change of -23.46%
2025-01-19 12:02:36,487 - INFO - ALTO: 1mo change of -7.45%
2025-01-19 12:02:36,499 - INFO - ALTR: 1mo change of 5.39%
2025-01-19 12:02:38,130 - INFO - Processing ALTS - 2025-01-10 16:30:00 UTC
2025-01-19 12:02:38,161 - INFO - Processing ALVR - 2024-11-11 18:44:05 UTC
2025-01-19 12:02:39,288 - INFO - Retrieved article length: 7707 characters
2025-01-19 12:02:39,340 - INFO - Retrieved article length: 2910 characters
2025-01-19 12:02:39,378 - INFO - ALTS: 1h change of -1.80%
2025-01-19 12:02:39,440 - INFO - ALVR: 1h change of -22.64%
2025-01-19 12:02:39,468 - INFO - ALTS: 1wk change of 27.96%
2025-01-19 12:02:39,528 - INFO - ALVR: 1wk change of -40.19%
2025-01-19 12:02:39,554 - INFO - ALTS: 1mo change of 96.37%
2025-01-19 12:02:39,627 - INFO - ALVR: 1mo change of -43.75%
2025-01-19 12:02:40,055 - INFO - Processing ALTS - 2024-11-27 15:00:00 UTC
2025-01-19 12:02:40,132 - INFO - Processing ALVR - 2024-11-08 17:07:45 UTC
2025-01-19 12:02:41,176 - INFO - Retrieved article length: 5144 characters
2025-01-19 12:02:41,203 - INFO - Retrieved article length: 495 characters
2025-01-19 12:02:41,261 - INFO - ALTS: 1h change of 3.42%
2025-01-19 12:02:41,347 - INFO - ALTS: 1wk change of 30.04%
2025-01-19 12:02:41,351 - INFO - ALVR: 1h change of -38.35%
2025-01-19 12:02:41,429 - INFO - ALTS: 1mo change of 83.07%
2025-01-19 12:02:41,429 - INFO - ALVR: 1wk change of -36.35%
2025-01-19 12:02:41,532 - INFO - ALVR: 1mo change of -41.48%
2025-01-19 12:02:42,034 - INFO - Processing ALVR - 2024-11-08 16:52:54 UTC
2025-01-19 12:02:43,112 - INFO - Retrieved article length: 389 characters
2025-01-19 12:02:43,112 - INFO - ALVR: 1h change of -38.35%
2025-01-19 12:02:43,126 - INFO - Processing ALXO - 2025-01-08 23:05:26 UTC
2025-01-19 12:02:43,127 - INFO - ALVR: 1wk change of -36.35%
2025-01-19 12:02:43,134 - INFO - ALVR: 1mo change of -41.48%
2025-01-19 12:02:43,636 - INFO - Processing ALVR - 2024-11-08 15:04:24 UTC
2025-01-19 12:02:44,191 - INFO - Retrieved article length: 6872 characters
2025-01-19 12:02:44,276 - INFO - ALXO: 1h change of 2.79%
2025-01-19 12:02:44,383 - INFO - ALXO: 1wk change of 4.82%
2025-01-19 12:02:44,467 - INFO - ALXO: 1mo change of 11.54%
2025-01-19 12:02:44,856 - INFO - Retrieved article length: 2387 characters
2025-01-19 12:02:44,856 - INFO - ALVR: 1h change of -38.35%
2025-01-19 12:02:44,871 - INFO - ALVR: 1wk change of -36.35%
2025-01-19 12:02:44,878 - INFO - ALVR: 1mo change of -41.48%
2025-01-19 12:02:44,974 - INFO - Processing ALXO - 2025-01-07 17:40:10 UTC
2025-01-19 12:02:45,379 - INFO - Processing ALVR - 2024-11-08 15:01:19 UTC
2025-01-19 12:02:46,101 - INFO - Retrieved article length: 2981 characters
2025-01-19 12:02:46,188 - INFO - ALXO: 1h change of 2.79%
2025-01-19 12:02:46,297 - INFO - ALXO: 1wk change of -1.81%
2025-01-19 12:02:46,380 - INFO - ALXO: 1mo change of 12.26%
2025-01-19 12:02:46,543 - INFO - Retrieved article length: 440 characters
2025-01-19 12:02:46,543 - INFO - ALVR: 1h change of -38.35%
2025-01-19 12:02:46,560 - INFO - ALVR: 1wk change of -36.35%
2025-01-19 12:02:46,564 - INFO - ALVR: 1mo change of -41.48%
2025-01-19 12:02:46,889 - INFO - Processing ALXO - 2025-01-07 16:00:00 UTC
2025-01-19 12:02:47,066 - INFO - Processing ALVR - 2024-11-08 14:00:00 UTC
2025-01-19 12:02:47,951 - INFO - Retrieved article length: 1845 characters
2025-01-19 12:02:47,960 - INFO - ALXO: 1h change of 2.79%
2025-01-19 12:02:47,963 - INFO - ALXO: 1wk change of -1.81%
2025-01-19 12:02:48,018 - INFO - ALXO: 1mo change of 12.26%
2025-01-19 12:02:48,114 - INFO - Retrieved article length: 23251 characters
2025-01-19 12:02:48,114 - INFO - ALVR: 1h change of -38.35%
2025-01-19 12:02:48,130 - INFO - ALVR: 1wk change of -36.35%
2025-01-19 12:02:48,134 - INFO - ALVR: 1mo change of -41.48%
2025-01-19 12:02:48,519 - INFO - Processing ALXO - 2024-12-19 23:32:34 UTC
2025-01-19 12:02:48,637 - INFO - Processing ALVR - 2024-10-30 23:06:59 UTC
2025-01-19 12:02:49,765 - INFO - Retrieved article length: 6851 characters
2025-01-19 12:02:49,817 - INFO - Retrieved article length: 465 characters
2025-01-19 12:02:49,870 - INFO - ALVR: 1h change of 13.28%
2025-01-19 12:02:49,919 - INFO - ALXO: 1h change of 3.23%
2025-01-19 12:02:49,969 - INFO - ALVR: 1wk change of -20.13%
2025-01-19 12:02:50,008 - INFO - ALXO: 1wk change of -5.81%
2025-01-19 12:02:50,061 - INFO - ALVR: 1mo change of -36.23%
2025-01-19 12:02:50,094 - INFO - ALXO: 1mo change of 30.83%
2025-01-19 12:02:50,595 - INFO - Processing ALXO - 2024-12-19 21:48:07 UTC
2025-01-19 12:02:51,670 - INFO - Retrieved article length: 489 characters
2025-01-19 12:02:51,670 - INFO - ALXO: 1h change of 3.23%
2025-01-19 12:02:51,685 - INFO - ALXO: 1wk change of -5.81%
2025-01-19 12:02:51,721 - INFO - Processing ALZN - 2025-01-15 16:00:00 UTC
2025-01-19 12:02:51,735 - INFO - ALXO: 1mo change of 30.83%
2025-01-19 12:02:52,238 - INFO - Processing ALXO - 2024-12-19 21:33:20 UTC
2025-01-19 12:02:52,777 - INFO - Retrieved article length: 4399 characters
2025-01-19 12:02:52,888 - INFO - ALZN: 1h change of 2.50%
2025-01-19 12:02:52,975 - INFO - ALZN: 1wk change of -8.66%
2025-01-19 12:02:53,085 - INFO - ALZN: 1mo change of -3.33%
2025-01-19 12:02:53,586 - INFO - Processing ALZN - 2024-12-18 16:00:00 UTC
2025-01-19 12:02:53,618 - INFO - Retrieved article length: 493 characters
2025-01-19 12:02:53,637 - INFO - ALXO: 1h change of 3.23%
2025-01-19 12:02:53,643 - INFO - ALXO: 1wk change of -5.81%
2025-01-19 12:02:53,692 - INFO - ALXO: 1mo change of 30.83%
2025-01-19 12:02:54,199 - INFO - Processing ALXO - 2024-12-19 16:57:40 UTC
2025-01-19 12:02:54,610 - INFO - Retrieved article length: 7213 characters
2025-01-19 12:02:54,701 - INFO - ALZN: 1h change of 2.90%
2025-01-19 12:02:54,782 - INFO - ALZN: 1wk change of -4.00%
2025-01-19 12:02:54,883 - INFO - ALZN: 1mo change of -20.00%
2025-01-19 12:02:55,319 - INFO - Retrieved article length: 2312 characters
2025-01-19 12:02:55,328 - INFO - ALXO: 1h change of 3.23%
2025-01-19 12:02:55,328 - INFO - ALXO: 1wk change of -5.81%
2025-01-19 12:02:55,384 - INFO - ALXO: 1mo change of 30.83%
2025-01-19 12:02:55,387 - INFO - Processing ALZN - 2024-12-13 16:15:53 UTC
2025-01-19 12:02:55,885 - INFO - Processing ALXO - 2024-12-19 15:37:45 UTC
2025-01-19 12:02:56,455 - INFO - Retrieved article length: 2625 characters
2025-01-19 12:02:56,685 - INFO - ALZN: 1wk change of -11.20%
2025-01-19 12:02:56,783 - INFO - ALZN: 1mo change of -22.82%
2025-01-19 12:02:56,974 - INFO - Retrieved article length: 522 characters
2025-01-19 12:02:56,974 - INFO - ALXO: 1h change of 3.23%
2025-01-19 12:02:56,990 - INFO - ALXO: 1wk change of -5.81%
2025-01-19 12:02:57,032 - INFO - ALXO: 1mo change of 30.83%
2025-01-19 12:02:57,285 - INFO - Processing ALZN - 2024-12-12 16:00:00 UTC
2025-01-19 12:02:58,410 - INFO - Retrieved article length: 6831 characters
2025-01-19 12:02:58,607 - INFO - ALZN: 1wk change of -11.20%
2025-01-19 12:02:58,682 - INFO - Processing AM - 2025-01-17 14:09:11 UTC
2025-01-19 12:02:58,700 - INFO - ALZN: 1mo change of -22.00%
2025-01-19 12:02:59,205 - INFO - Processing ALZN - 2024-11-19 16:00:00 UTC
2025-01-19 12:02:59,853 - INFO - Retrieved article length: 3892 characters
2025-01-19 12:02:59,956 - INFO - AM: 1h change of 1.29%
2025-01-19 12:03:00,045 - INFO - AM: 1wk change of 6.59%
2025-01-19 12:03:00,163 - INFO - AM: 1mo change of 9.13%
2025-01-19 12:03:00,236 - INFO - Retrieved article length: 7045 characters
2025-01-19 12:03:00,325 - INFO - ALZN: 1h change of -4.78%
2025-01-19 12:03:00,415 - INFO - ALZN: 1wk change of -15.67%
2025-01-19 12:03:00,504 - INFO - ALZN: 1mo change of -31.14%
2025-01-19 12:03:00,664 - INFO - Processing AM - 2025-01-14 15:00:00 UTC
2025-01-19 12:03:01,005 - INFO - Processing ALZN - 2024-11-19 15:30:22 UTC
2025-01-19 12:03:01,737 - INFO - Retrieved article length: 3191 characters
2025-01-19 12:03:01,836 - INFO - AM: 1h change of 2.93%
2025-01-19 12:03:01,933 - INFO - AM: 1wk change of 6.39%
2025-01-19 12:03:02,039 - INFO - AM: 1mo change of 9.79%
2025-01-19 12:03:02,366 - INFO - Retrieved article length: 3064 characters
2025-01-19 12:03:02,368 - INFO - ALZN: 1h change of -4.78%
2025-01-19 12:03:02,379 - INFO - ALZN: 1wk change of -15.67%
2025-01-19 12:03:02,385 - INFO - ALZN: 1mo change of -31.14%
2025-01-19 12:03:02,553 - INFO - Processing AM - 2025-01-14 15:00:00 UTC
2025-01-19 12:03:03,689 - INFO - Retrieved article length: 2014 characters
2025-01-19 12:03:03,689 - INFO - AM: 1h change of 2.93%
2025-01-19 12:03:03,743 - INFO - AM: 1wk change of 6.39%
2025-01-19 12:03:03,791 - INFO - AM: 1mo change of 9.79%
2025-01-19 12:03:04,090 - INFO - Processing AMAT - 2025-01-19 02:55:59 UTC
2025-01-19 12:03:04,304 - INFO - Processing AM - 2025-01-12 16:08:52 UTC
2025-01-19 12:03:05,293 - INFO - Retrieved article length: 8636 characters
2025-01-19 12:03:05,498 - INFO - Retrieved article length: 4579 characters
2025-01-19 12:03:05,508 - INFO - AMAT: 1wk change of 11.88%
2025-01-19 12:03:05,652 - INFO - AM: 1h change of 1.57%
2025-01-19 12:03:05,658 - INFO - AMAT: 1mo change of 13.36%
2025-01-19 12:03:05,792 - INFO - AM: 1wk change of 6.52%
2025-01-19 12:03:05,898 - INFO - AM: 1mo change of 10.01%
2025-01-19 12:03:06,173 - INFO - Processing AMAT - 2025-01-18 19:41:55 UTC
2025-01-19 12:03:06,413 - INFO - Processing AM - 2024-11-24 17:51:40 UTC
2025-01-19 12:03:07,442 - INFO - Retrieved article length: 7812 characters
2025-01-19 12:03:07,555 - INFO - AMAT: 1h change of 2.88%
2025-01-19 12:03:07,632 - INFO - Retrieved article length: 7699 characters
2025-01-19 12:03:07,664 - INFO - AMAT: 1wk change of 8.51%
2025-01-19 12:03:07,767 - INFO - AMAT: 1mo change of 13.36%
2025-01-19 12:03:07,810 - INFO - AM: 1wk change of 2.58%
2025-01-19 12:03:07,913 - INFO - AM: 1mo change of 1.64%
2025-01-19 12:03:08,277 - INFO - Processing AMAT - 2025-01-18 00:26:00 UTC
2025-01-19 12:03:08,425 - INFO - Processing AM - 2024-11-01 16:57:46 UTC
2025-01-19 12:03:09,470 - INFO - Retrieved article length: 10424 characters
2025-01-19 12:03:09,514 - INFO - Retrieved article length: 1957 characters
2025-01-19 12:03:09,526 - INFO - AMAT: 1h change of 2.88%
2025-01-19 12:03:09,590 - INFO - AMAT: 1wk change of 8.51%
2025-01-19 12:03:09,619 - INFO - AM: 1h change of -3.84%
2025-01-19 12:03:09,629 - INFO - AMAT: 1mo change of 13.36%
2025-01-19 12:03:09,715 - INFO - AM: 1wk change of 2.64%
2025-01-19 12:03:09,820 - INFO - AM: 1mo change of 4.88%
2025-01-19 12:03:10,143 - INFO - Processing AMAT - 2025-01-17 16:13:00 UTC
2025-01-19 12:03:10,327 - INFO - Processing AM - 2024-10-30 23:15:00 UTC
2025-01-19 12:03:11,363 - INFO - Retrieved article length: 521 characters
2025-01-19 12:03:11,459 - INFO - AMAT: 1h change of 7.40%
2025-01-19 12:03:11,566 - INFO - AMAT: 1wk change of 8.00%
2025-01-19 12:03:11,663 - INFO - AMAT: 1mo change of 13.40%
2025-01-19 12:03:11,781 - INFO - Retrieved article length: 37617 characters
2025-01-19 12:03:11,881 - INFO - AM: 1h change of -2.77%
2025-01-19 12:03:11,985 - INFO - AM: 1wk change of 3.32%
2025-01-19 12:03:12,074 - INFO - AM: 1mo change of 3.85%
2025-01-19 12:03:12,172 - INFO - Processing AMAT - 2025-01-17 15:14:26 UTC
2025-01-19 12:03:12,588 - INFO - Processing AM - 2024-10-30 23:15:00 UTC
2025-01-19 12:03:13,281 - INFO - Retrieved article length: 533 characters
2025-01-19 12:03:13,301 - INFO - AMAT: 1h change of 7.40%
2025-01-19 12:03:13,345 - INFO - AMAT: 1wk change of 8.00%
2025-01-19 12:03:13,397 - INFO - AMAT: 1mo change of 13.40%
2025-01-19 12:03:13,902 - INFO - Processing AMAT - 2025-01-17 00:09:00 UTC
2025-01-19 12:03:13,984 - INFO - Retrieved article length: 29241 characters
2025-01-19 12:03:13,984 - INFO - AM: 1h change of -2.77%
2025-01-19 12:03:13,999 - INFO - AM: 1wk change of 3.32%
2025-01-19 12:03:14,006 - INFO - AM: 1mo change of 3.85%
2025-01-19 12:03:15,167 - INFO - Retrieved article length: 5379 characters
2025-01-19 12:03:15,183 - INFO - AMAT: 1h change of 7.40%
2025-01-19 12:03:15,243 - INFO - AMAT: 1wk change of 8.00%
2025-01-19 12:03:15,291 - INFO - AMAT: 1mo change of 13.40%
2025-01-19 12:03:15,638 - INFO - Processing AMBA - 2025-01-19 00:00:00 UTC
2025-01-19 12:03:15,793 - INFO - Processing AMAT - 2025-01-16 20:55:51 UTC
2025-01-19 12:03:16,812 - INFO - Retrieved article length: 8276 characters
2025-01-19 12:03:16,897 - INFO - Retrieved article length: 9241 characters
2025-01-19 12:03:16,916 - INFO - AMBA: 1h change of 2.10%
2025-01-19 12:03:17,008 - INFO - AMBA: 1wk change of 6.77%
2025-01-19 12:03:17,010 - INFO - AMAT: 1h change of 11.56%
2025-01-19 12:03:17,119 - INFO - AMAT: 1wk change of 8.21%
2025-01-19 12:03:17,167 - INFO - AMBA: 1mo change of 6.00%
2025-01-19 12:03:17,219 - INFO - AMAT: 1mo change of 13.59%
2025-01-19 12:03:17,668 - INFO - Processing AMBA - 2025-01-17 17:06:00 UTC
2025-01-19 12:03:17,729 - INFO - Processing AMAT - 2025-01-16 14:12:44 UTC
2025-01-19 12:03:18,799 - INFO - Retrieved article length: 2378 characters
2025-01-19 12:03:18,815 - INFO - Retrieved article length: 3556 characters
2025-01-19 12:03:18,825 - INFO - AMAT: 1h change of 11.56%
2025-01-19 12:03:18,867 - INFO - AMAT: 1wk change of 8.21%
2025-01-19 12:03:18,901 - INFO - AMBA: 1h change of 4.56%
2025-01-19 12:03:18,929 - INFO - AMAT: 1mo change of 13.59%
2025-01-19 12:03:18,983 - INFO - AMBA: 1wk change of 8.71%
2025-01-19 12:03:19,085 - INFO - AMBA: 1mo change of 11.39%
2025-01-19 12:03:19,595 - INFO - Processing AMBA - 2025-01-15 16:43:48 UTC
2025-01-19 12:03:20,549 - INFO - Processing AMBC - 2025-01-16 22:18:50 UTC
2025-01-19 12:03:20,681 - INFO - Retrieved article length: 4620 characters
2025-01-19 12:03:20,829 - INFO - AMBA: 1h change of 6.44%
2025-01-19 12:03:20,919 - INFO - AMBA: 1wk change of 3.34%
2025-01-19 12:03:20,997 - INFO - AMBA: 1mo change of 11.73%
2025-01-19 12:03:21,513 - INFO - Processing AMBA - 2025-01-08 16:45:00 UTC
2025-01-19 12:03:21,672 - INFO - Retrieved article length: 4430 characters
2025-01-19 12:03:21,777 - INFO - AMBC: 1h change of 1.69%
2025-01-19 12:03:21,864 - INFO - AMBC: 1wk change of -4.52%
2025-01-19 12:03:21,977 - INFO - AMBC: 1mo change of -13.62%
2025-01-19 12:03:22,478 - INFO - Processing AMBC - 2024-12-11 14:33:25 UTC
2025-01-19 12:03:23,342 - INFO - Retrieved article length: 7197 characters
2025-01-19 12:03:23,444 - INFO - AMBA: 1h change of -5.63%
2025-01-19 12:03:23,528 - INFO - AMBA: 1wk change of 12.66%
2025-01-19 12:03:23,566 - INFO - Retrieved article length: 6131 characters
2025-01-19 12:03:23,608 - INFO - AMBA: 1mo change of 13.66%
2025-01-19 12:03:23,657 - INFO - AMBC: 1h change of 5.42%
2025-01-19 12:03:23,762 - INFO - AMBC: 1wk change of -5.00%
2025-01-19 12:03:23,850 - INFO - AMBC: 1mo change of -2.49%
2025-01-19 12:03:24,120 - INFO - Processing AMBA - 2025-01-07 13:00:00 UTC
2025-01-19 12:03:24,365 - INFO - Processing AMBC - 2024-11-14 13:44:16 UTC
2025-01-19 12:03:25,186 - INFO - Retrieved article length: 4688 characters
2025-01-19 12:03:25,275 - INFO - AMBA: 1h change of -5.63%
2025-01-19 12:03:25,370 - INFO - AMBA: 1wk change of 9.02%
2025-01-19 12:03:25,447 - INFO - AMBA: 1mo change of 12.46%
2025-01-19 12:03:25,560 - INFO - Retrieved article length: 1669 characters
2025-01-19 12:03:25,651 - INFO - AMBC: 1h change of 5.34%
2025-01-19 12:03:25,754 - INFO - AMBC: 1wk change of 11.95%
2025-01-19 12:03:25,846 - INFO - AMBC: 1mo change of 10.39%
2025-01-19 12:03:25,961 - INFO - Processing AMBA - 2025-01-02 19:30:07 UTC
2025-01-19 12:03:26,351 - INFO - Processing AMBC - 2024-11-14 10:07:55 UTC
2025-01-19 12:03:27,059 - INFO - Retrieved article length: 6679 characters
2025-01-19 12:03:27,155 - INFO - AMBA: 1h change of 5.86%
2025-01-19 12:03:27,253 - INFO - AMBA: 1wk change of 3.39%
2025-01-19 12:03:27,340 - INFO - AMBA: 1mo change of 12.91%
2025-01-19 12:03:27,452 - INFO - Retrieved article length: 4860 characters
2025-01-19 12:03:27,468 - INFO - AMBC: 1h change of 5.34%
2025-01-19 12:03:27,468 - INFO - AMBC: 1wk change of 11.95%
2025-01-19 12:03:27,482 - INFO - AMBC: 1mo change of 10.39%
2025-01-19 12:03:27,841 - INFO - Processing AMBA - 2025-01-02 17:09:00 UTC
2025-01-19 12:03:27,986 - INFO - Processing AMBC - 2024-11-13 00:20:20 UTC
2025-01-19 12:03:29,075 - INFO - Retrieved article length: 4465 characters
2025-01-19 12:03:29,090 - INFO - AMBA: 1h change of 5.86%
2025-01-19 12:03:29,101 - INFO - AMBA: 1wk change of 3.39%
2025-01-19 12:03:29,150 - INFO - AMBA: 1mo change of 12.91%
2025-01-19 12:03:29,179 - INFO - Retrieved article length: 957 characters
2025-01-19 12:03:29,270 - INFO - AMBC: 1h change of 3.20%
2025-01-19 12:03:29,357 - INFO - AMBC: 1wk change of 11.95%
2025-01-19 12:03:29,454 - INFO - AMBC: 1mo change of 19.69%
2025-01-19 12:03:29,651 - INFO - Processing AMBA - 2024-12-26 19:30:17 UTC
2025-01-19 12:03:29,956 - INFO - Processing AMBC - 2024-11-13 00:05:00 UTC
2025-01-19 12:03:30,722 - INFO - Retrieved article length: 5839 characters
2025-01-19 12:03:30,906 - INFO - AMBA: 1wk change of 1.73%
2025-01-19 12:03:31,000 - INFO - AMBA: 1mo change of 31.79%
2025-01-19 12:03:31,620 - INFO - Retrieved article length: 40056 characters
2025-01-19 12:03:31,620 - INFO - AMBC: 1h change of 3.20%
2025-01-19 12:03:31,635 - INFO - AMBC: 1wk change of 11.95%
2025-01-19 12:03:31,641 - INFO - AMBC: 1mo change of 19.69%
2025-01-19 12:03:32,142 - INFO - Processing AMBC - 2024-11-01 14:02:01 UTC
2025-01-19 12:03:32,653 - INFO - Processing AMBO - 2025-01-16 15:45:00 UTC
2025-01-19 12:03:33,244 - INFO - Retrieved article length: 4127 characters
2025-01-19 12:03:33,339 - INFO - AMBC: 1h change of -3.20%
2025-01-19 12:03:33,427 - INFO - AMBC: 1wk change of -2.81%
2025-01-19 12:03:33,514 - INFO - AMBC: 1mo change of 14.16%
2025-01-19 12:03:33,700 - INFO - Retrieved article length: 5214 characters
2025-01-19 12:03:33,804 - INFO - AMBO: 1h change of -9.22%
2025-01-19 12:03:33,894 - INFO - AMBO: 1wk change of -23.31%
2025-01-19 12:03:33,990 - INFO - AMBO: 1mo change of -2.16%
2025-01-19 12:03:34,027 - INFO - Processing AMBC - 2024-10-29 15:30:00 UTC
2025-01-19 12:03:34,491 - INFO - Processing AMBO - 2024-12-31 00:01:00 UTC
2025-01-19 12:03:35,210 - INFO - Retrieved article length: 2823 characters
2025-01-19 12:03:35,294 - INFO - AMBC: 1h change of -1.33%
2025-01-19 12:03:35,389 - INFO - AMBC: 1wk change of -3.83%
2025-01-19 12:03:35,483 - INFO - AMBC: 1mo change of 14.48%
2025-01-19 12:03:35,727 - INFO - Retrieved article length: 10437 characters
2025-01-19 12:03:35,829 - INFO - AMBO: 1h change of -9.70%
2025-01-19 12:03:35,987 - INFO - AMBO: 1wk change of 45.58%
2025-01-19 12:03:36,081 - INFO - AMBO: 1mo change of 1.74%
2025-01-19 12:03:37,115 - INFO - Processing AMC - 2025-01-17 01:45:21 UTC
2025-01-19 12:03:37,702 - INFO - Processing AMCX - 2025-01-08 12:02:20 UTC
2025-01-19 12:03:38,221 - INFO - Retrieved article length: 2926 characters
2025-01-19 12:03:38,324 - INFO - AMC: 1h change of 7.86%
2025-01-19 12:03:38,435 - INFO - AMC: 1wk change of -14.00%
2025-01-19 12:03:38,542 - INFO - AMC: 1mo change of -16.27%
2025-01-19 12:03:38,844 - INFO - Retrieved article length: 6078 characters
2025-01-19 12:03:38,945 - INFO - AMCX: 1h change of -8.49%
2025-01-19 12:03:39,045 - INFO - Processing AMC - 2025-01-16 14:45:00 UTC
2025-01-19 12:03:39,045 - INFO - AMCX: 1wk change of -6.91%
2025-01-19 12:03:39,145 - INFO - AMCX: 1mo change of -4.31%
2025-01-19 12:03:39,647 - INFO - Processing AMCX - 2025-01-07 12:01:35 UTC
2025-01-19 12:03:40,095 - INFO - Retrieved article length: 5335 characters
2025-01-19 12:03:40,216 - INFO - AMC: 1h change of 1.60%
2025-01-19 12:03:40,322 - INFO - AMC: 1wk change of -13.79%
2025-01-19 12:03:40,432 - INFO - AMC: 1mo change of -18.79%
2025-01-19 12:03:40,715 - INFO - Retrieved article length: 3724 characters
2025-01-19 12:03:40,811 - INFO - AMCX: 1h change of -8.49%
2025-01-19 12:03:40,887 - INFO - AMCX: 1wk change of -5.03%
2025-01-19 12:03:40,933 - INFO - Processing AMC - 2025-01-15 12:05:40 UTC
2025-01-19 12:03:40,987 - INFO - AMCX: 1mo change of -4.72%
2025-01-19 12:03:41,497 - INFO - Processing AMCX - 2025-01-06 12:02:24 UTC
2025-01-19 12:03:42,040 - INFO - Retrieved article length: 4252 characters
2025-01-19 12:03:42,250 - INFO - AMC: 1wk change of -13.79%
2025-01-19 12:03:42,333 - INFO - AMC: 1mo change of -19.54%
2025-01-19 12:03:42,575 - INFO - Retrieved article length: 6055 characters
2025-01-19 12:03:42,655 - INFO - AMCX: 1h change of -4.30%
2025-01-19 12:03:42,759 - INFO - AMCX: 1wk change of -5.31%
2025-01-19 12:03:42,848 - INFO - Processing AMC - 2025-01-10 17:00:16 UTC
2025-01-19 12:03:42,848 - INFO - AMCX: 1mo change of -8.44%
2025-01-19 12:03:43,353 - INFO - Processing AMCX - 2025-01-01 01:15:00 UTC
2025-01-19 12:03:43,933 - INFO - Retrieved article length: 6032 characters
2025-01-19 12:03:44,037 - INFO - AMC: 1h change of -4.04%
2025-01-19 12:03:44,153 - INFO - AMC: 1wk change of -12.06%
2025-01-19 12:03:44,249 - INFO - AMC: 1mo change of -26.00%
2025-01-19 12:03:44,575 - INFO - Retrieved article length: 153 characters
2025-01-19 12:03:44,656 - INFO - AMCX: 1h change of 8.71%
2025-01-19 12:03:44,758 - INFO - Processing AMC - 2025-01-08 20:59:24 UTC
2025-01-19 12:03:44,758 - INFO - AMCX: 1wk change of -4.28%
2025-01-19 12:03:44,840 - INFO - AMCX: 1mo change of -6.12%
2025-01-19 12:03:45,352 - INFO - Processing AMCX - 2024-12-29 07:29:00 UTC
2025-01-19 12:03:45,799 - INFO - Retrieved article length: 1196 characters
2025-01-19 12:03:45,905 - INFO - AMC: 1h change of -2.31%
2025-01-19 12:03:45,995 - INFO - AMC: 1wk change of -11.84%
2025-01-19 12:03:46,104 - INFO - AMC: 1mo change of -28.72%
2025-01-19 12:03:46,571 - INFO - Retrieved article length: 592 characters
2025-01-19 12:03:46,612 - INFO - Processing AMC - 2025-01-07 17:30:00 UTC
2025-01-19 12:03:46,683 - INFO - AMCX: 1h change of 2.03%
2025-01-19 12:03:46,775 - INFO - AMCX: 1wk change of 3.57%
2025-01-19 12:03:46,881 - INFO - AMCX: 1mo change of -4.41%
2025-01-19 12:03:47,384 - INFO - Processing AMCX - 2024-12-20 16:22:00 UTC
2025-01-19 12:03:47,875 - INFO - Retrieved article length: 3101 characters
2025-01-19 12:03:47,963 - INFO - AMC: 1h change of -2.31%
2025-01-19 12:03:48,060 - INFO - AMC: 1wk change of -9.82%
2025-01-19 12:03:48,160 - INFO - AMC: 1mo change of -27.98%
2025-01-19 12:03:48,440 - INFO - Retrieved article length: 15922 characters
2025-01-19 12:03:48,550 - INFO - AMCX: 1h change of -3.15%
2025-01-19 12:03:48,641 - INFO - AMCX: 1wk change of -2.08%
2025-01-19 12:03:48,667 - INFO - Processing AMC - 2025-01-03 01:45:21 UTC
2025-01-19 12:03:48,742 - INFO - AMCX: 1mo change of -3.89%
2025-01-19 12:03:49,243 - INFO - Processing AMCX - 2024-12-20 14:00:00 UTC
2025-01-19 12:03:49,866 - INFO - Retrieved article length: 2875 characters
2025-01-19 12:03:49,967 - INFO - AMC: 1h change of 1.51%
2025-01-19 12:03:50,067 - INFO - AMC: 1wk change of -6.40%
2025-01-19 12:03:50,164 - INFO - AMC: 1mo change of -29.29%
2025-01-19 12:03:50,326 - INFO - Retrieved article length: 4584 characters
2025-01-19 12:03:50,331 - INFO - AMCX: 1h change of -3.15%
2025-01-19 12:03:50,338 - INFO - AMCX: 1wk change of -2.08%
2025-01-19 12:03:50,385 - INFO - AMCX: 1mo change of -3.89%
2025-01-19 12:03:50,665 - INFO - Processing AMC - 2024-12-31 01:02:52 UTC
2025-01-19 12:03:50,894 - INFO - Processing AMCX - 2024-12-03 11:04:39 UTC
2025-01-19 12:03:51,764 - INFO - Retrieved article length: 1831 characters
2025-01-19 12:03:51,851 - INFO - AMC: 1h change of 2.51%
2025-01-19 12:03:51,954 - INFO - AMC: 1wk change of -4.13%
2025-01-19 12:03:51,956 - INFO - Retrieved article length: 6189 characters
2025-01-19 12:03:52,051 - INFO - AMC: 1mo change of -27.08%
2025-01-19 12:03:52,051 - INFO - AMCX: 1h change of -2.62%
2025-01-19 12:03:52,143 - INFO - AMCX: 1wk change of 6.67%
2025-01-19 12:03:52,234 - INFO - AMCX: 1mo change of 21.59%
2025-01-19 12:03:53,684 - INFO - Processing AMD - 2025-01-19 03:03:05 UTC
2025-01-19 12:03:54,799 - INFO - Retrieved article length: 5873 characters
2025-01-19 12:03:54,990 - INFO - AMD: 1wk change of 4.67%
2025-01-19 12:03:55,017 - INFO - Processing AME - 2025-01-16 17:51:34 UTC
2025-01-19 12:03:55,075 - INFO - AMD: 1mo change of -4.13%
2025-01-19 12:03:55,589 - INFO - Processing AMD - 2025-01-19 02:55:13 UTC
2025-01-19 12:03:56,077 - INFO - Retrieved article length: 522 characters
2025-01-19 12:03:56,432 - INFO - AME: 1mo change of -4.10%
2025-01-19 12:03:56,675 - INFO - Retrieved article length: 8537 characters
2025-01-19 12:03:56,786 - INFO - AMD: 1wk change of 4.67%
2025-01-19 12:03:56,835 - INFO - AMD: 1mo change of -4.13%
2025-01-19 12:03:56,936 - INFO - Processing AME - 2025-01-16 16:00:00 UTC
2025-01-19 12:03:57,341 - INFO - Processing AMD - 2025-01-18 19:49:51 UTC
2025-01-19 12:03:57,968 - INFO - Retrieved article length: 1936 characters
2025-01-19 12:03:58,088 - INFO - AME: 1mo change of -4.10%
2025-01-19 12:03:58,431 - INFO - Retrieved article length: 6749 characters
2025-01-19 12:03:58,590 - INFO - Processing AME - 2025-01-16 15:21:50 UTC
2025-01-19 12:03:58,592 - INFO - AMD: 1h change of 2.60%
2025-01-19 12:03:58,762 - INFO - AMD: 1mo change of -4.13%
2025-01-19 12:03:59,270 - INFO - Processing AMD - 2025-01-18 13:02:00 UTC
2025-01-19 12:03:59,788 - INFO - Retrieved article length: 537 characters
2025-01-19 12:03:59,905 - INFO - AME: 1mo change of -4.10%
2025-01-19 12:04:00,405 - INFO - Processing AME - 2025-01-15 20:10:15 UTC
2025-01-19 12:04:00,575 - INFO - Retrieved article length: 5643 characters
2025-01-19 12:04:00,621 - INFO - AMD: 1h change of 2.60%
2025-01-19 12:04:00,729 - INFO - AMD: 1mo change of -4.13%
2025-01-19 12:04:01,230 - INFO - Processing AMD - 2025-01-18 01:15:00 UTC
2025-01-19 12:04:01,575 - INFO - Retrieved article length: 3425 characters
2025-01-19 12:04:01,661 - INFO - AME: 1h change of 3.00%
2025-01-19 12:04:01,920 - INFO - AME: 1mo change of -4.20%
2025-01-19 12:04:02,420 - INFO - Retrieved article length: 8441 characters
2025-01-19 12:04:02,434 - INFO - Processing AME - 2025-01-10 17:19:24 UTC
2025-01-19 12:04:02,471 - INFO - AMD: 1h change of 2.60%
2025-01-19 12:04:02,572 - INFO - AMD: 1mo change of -4.13%
2025-01-19 12:04:03,074 - INFO - Processing AMD - 2025-01-17 18:33:49 UTC
2025-01-19 12:04:03,479 - INFO - Retrieved article length: 491 characters
2025-01-19 12:04:03,878 - INFO - AME: 1mo change of -5.64%
2025-01-19 12:04:04,227 - INFO - Retrieved article length: 539 characters
2025-01-19 12:04:04,330 - INFO - AMD: 1h change of 2.30%
2025-01-19 12:04:04,387 - INFO - Processing AME - 2025-01-03 14:00:22 UTC
2025-01-19 12:04:04,429 - INFO - AMD: 1wk change of -4.61%
2025-01-19 12:04:04,526 - INFO - AMD: 1mo change of -4.29%
2025-01-19 12:04:05,036 - INFO - Processing AMD - 2025-01-17 16:27:00 UTC
2025-01-19 12:04:05,501 - INFO - Retrieved article length: 7581 characters
2025-01-19 12:04:05,739 - INFO - AME: 1wk change of -4.29%
2025-01-19 12:04:05,862 - INFO - AME: 1mo change of -6.89%
2025-01-19 12:04:06,095 - INFO - Retrieved article length: 3666 characters
2025-01-19 12:04:06,095 - INFO - AMD: 1h change of 2.30%
2025-01-19 12:04:06,153 - INFO - AMD: 1wk change of -4.61%
2025-01-19 12:04:06,201 - INFO - AMD: 1mo change of -4.29%
2025-01-19 12:04:06,371 - INFO - Processing AME - 2025-01-03 12:07:14 UTC
2025-01-19 12:04:06,715 - INFO - Processing AMD - 2025-01-17 14:53:00 UTC
2025-01-19 12:04:07,514 - INFO - Retrieved article length: 3563 characters
2025-01-19 12:04:07,538 - INFO - AME: 1wk change of -4.29%
2025-01-19 12:04:07,577 - INFO - AME: 1mo change of -6.89%
2025-01-19 12:04:07,897 - INFO - Retrieved article length: 610 characters
2025-01-19 12:04:07,913 - INFO - AMD: 1h change of 2.30%
2025-01-19 12:04:07,966 - INFO - AMD: 1wk change of -4.61%
2025-01-19 12:04:08,023 - INFO - AMD: 1mo change of -4.29%
2025-01-19 12:04:08,094 - INFO - Processing AME - 2025-01-02 17:11:28 UTC
2025-01-19 12:04:09,169 - INFO - Retrieved article length: 502 characters
2025-01-19 12:04:09,415 - INFO - AME: 1wk change of -3.25%
2025-01-19 12:04:09,599 - INFO - AME: 1mo change of -6.89%
2025-01-19 12:04:09,638 - INFO - Processing AMED - 2025-01-09 18:10:00 UTC
2025-01-19 12:04:10,727 - INFO - Retrieved article length: 2874 characters
2025-01-19 12:04:10,933 - INFO - AMED: 1wk change of 1.57%
2025-01-19 12:04:11,030 - INFO - AMED: 1mo change of 8.41%
2025-01-19 12:04:11,242 - INFO - Processing AMGN - 2025-01-19 03:05:31 UTC
2025-01-19 12:04:11,533 - INFO - Processing AMED - 2025-01-09 02:18:00 UTC
2025-01-19 12:04:12,387 - INFO - Retrieved article length: 7207 characters
2025-01-19 12:04:12,586 - INFO - AMGN: 1wk change of 3.77%
2025-01-19 12:04:12,702 - INFO - AMGN: 1mo change of 2.11%
2025-01-19 12:04:12,892 - INFO - Retrieved article length: 202 characters
2025-01-19 12:04:12,906 - INFO - AMED: 1wk change of 1.57%
2025-01-19 12:04:12,943 - INFO - AMED: 1mo change of 8.41%
2025-01-19 12:04:13,212 - INFO - Processing AMGN - 2025-01-18 19:03:36 UTC
2025-01-19 12:04:13,459 - INFO - Processing AMED - 2025-01-07 12:37:17 UTC
2025-01-19 12:04:14,437 - INFO - Retrieved article length: 5460 characters
2025-01-19 12:04:14,540 - INFO - AMGN: 1h change of 1.64%
2025-01-19 12:04:14,595 - INFO - Retrieved article length: 2934 characters
2025-01-19 12:04:14,651 - INFO - AMGN: 1wk change of 2.99%
2025-01-19 12:04:14,776 - INFO - AMGN: 1mo change of 2.11%
2025-01-19 12:04:14,776 - INFO - AMED: 1wk change of 1.65%
2025-01-19 12:04:14,871 - INFO - AMED: 1mo change of 6.54%
2025-01-19 12:04:15,277 - INFO - Processing AMGN - 2025-01-18 16:20:48 UTC
2025-01-19 12:04:15,382 - INFO - Processing AMED - 2024-12-30 17:17:00 UTC
2025-01-19 12:04:16,349 - INFO - Retrieved article length: 2169 characters
2025-01-19 12:04:16,404 - INFO - AMGN: 1h change of 1.64%
2025-01-19 12:04:16,474 - INFO - AMGN: 1wk change of 2.99%
2025-01-19 12:04:16,529 - INFO - AMGN: 1mo change of 2.11%
2025-01-19 12:04:16,753 - INFO - Retrieved article length: 1385 characters
2025-01-19 12:04:16,963 - INFO - AMED: 1wk change of 9.10%
2025-01-19 12:04:17,031 - INFO - Processing AMGN - 2025-01-18 01:50:18 UTC
2025-01-19 12:04:17,054 - INFO - AMED: 1mo change of 1.03%
2025-01-19 12:04:17,556 - INFO - Processing AMED - 2024-12-30 15:17:00 UTC
2025-01-19 12:04:18,107 - INFO - Retrieved article length: 3417 characters
2025-01-19 12:04:18,159 - INFO - AMGN: 1h change of 1.64%
2025-01-19 12:04:18,216 - INFO - AMGN: 1wk change of 2.99%
2025-01-19 12:04:18,268 - INFO - AMGN: 1mo change of 2.11%
2025-01-19 12:04:18,611 - INFO - Retrieved article length: 5495 characters
2025-01-19 12:04:18,630 - INFO - AMED: 1wk change of 9.10%
2025-01-19 12:04:18,681 - INFO - AMED: 1mo change of 1.03%
2025-01-19 12:04:18,773 - INFO - Processing AMGN - 2025-01-17 17:59:19 UTC
2025-01-19 12:04:19,182 - INFO - Processing AMED - 2024-12-28 14:40:08 UTC
2025-01-19 12:04:19,841 - INFO - Retrieved article length: 531 characters
2025-01-19 12:04:20,080 - INFO - AMGN: 1wk change of 3.83%
2025-01-19 12:04:20,235 - INFO - Retrieved article length: 2976 characters
2025-01-19 12:04:20,315 - INFO - AMED: 1h change of 5.82%
2025-01-19 12:04:20,411 - INFO - AMED: 1wk change of 8.03%
2025-01-19 12:04:20,510 - INFO - AMED: 1mo change of 1.03%
2025-01-19 12:04:20,691 - INFO - Processing AMGN - 2025-01-17 17:01:00 UTC
2025-01-19 12:04:21,016 - INFO - Processing AMED - 2024-12-27 21:44:37 UTC
2025-01-19 12:04:21,865 - INFO - Retrieved article length: 32557 characters
2025-01-19 12:04:21,924 - INFO - AMGN: 1wk change of 3.83%
2025-01-19 12:04:22,166 - INFO - Retrieved article length: 535 characters
2025-01-19 12:04:22,254 - INFO - AMED: 1h change of 5.82%
2025-01-19 12:04:22,356 - INFO - AMED: 1wk change of 6.92%
2025-01-19 12:04:22,441 - INFO - AMED: 1mo change of 1.40%
2025-01-19 12:04:22,484 - INFO - Processing AMGN - 2025-01-17 16:11:12 UTC
2025-01-19 12:04:22,956 - INFO - Processing AMED - 2024-12-27 21:32:11 UTC
2025-01-19 12:04:23,679 - INFO - Retrieved article length: 1394 characters
2025-01-19 12:04:23,742 - INFO - AMGN: 1wk change of 3.83%
2025-01-19 12:04:24,035 - INFO - Retrieved article length: 475 characters
2025-01-19 12:04:24,051 - INFO - AMED: 1h change of 5.82%
2025-01-19 12:04:24,060 - INFO - AMED: 1wk change of 6.92%
2025-01-19 12:04:24,102 - INFO - AMED: 1mo change of 1.40%
2025-01-19 12:04:24,296 - INFO - Processing AMGN - 2025-01-17 15:00:00 UTC
2025-01-19 12:04:25,551 - INFO - Retrieved article length: 3483 characters
2025-01-19 12:04:25,600 - INFO - AMGN: 1wk change of 3.83%
2025-01-19 12:04:25,775 - INFO - Processing AMH - 2025-01-18 00:15:00 UTC
2025-01-19 12:04:26,920 - INFO - Retrieved article length: 2992 characters
2025-01-19 12:04:27,021 - INFO - AMH: 1h change of 2.10%
2025-01-19 12:04:27,114 - INFO - AMH: 1wk change of -2.71%
2025-01-19 12:04:27,235 - INFO - AMH: 1mo change of -5.96%
2025-01-19 12:04:27,314 - INFO - Processing AMIX - 2025-01-17 16:00:00 UTC
2025-01-19 12:04:27,736 - INFO - Processing AMH - 2025-01-16 13:30:00 UTC
2025-01-19 12:04:28,412 - INFO - Retrieved article length: 5026 characters
2025-01-19 12:04:28,521 - INFO - AMIX: 1h change of 17.98%
2025-01-19 12:04:28,621 - INFO - AMIX: 1wk change of 6.44%
2025-01-19 12:04:28,715 - INFO - AMIX: 1mo change of -1.57%
2025-01-19 12:04:28,929 - INFO - Retrieved article length: 452 characters
2025-01-19 12:04:29,132 - INFO - AMH: 1wk change of -2.52%
2025-01-19 12:04:29,229 - INFO - Processing AMIX - 2025-01-15 16:30:00 UTC
2025-01-19 12:04:29,229 - INFO - AMH: 1mo change of -6.66%
2025-01-19 12:04:29,735 - INFO - Processing AMH - 2025-01-10 14:51:23 UTC
2025-01-19 12:04:30,289 - INFO - Retrieved article length: 2662 characters
2025-01-19 12:04:30,392 - INFO - AMIX: 1h change of 3.39%
2025-01-19 12:04:30,479 - INFO - AMIX: 1wk change of 5.19%
2025-01-19 12:04:30,563 - INFO - AMIX: 1mo change of -6.27%
2025-01-19 12:04:30,777 - INFO - Retrieved article length: 1549 characters
2025-01-19 12:04:30,886 - INFO - AMH: 1h change of -1.37%
2025-01-19 12:04:30,991 - INFO - AMH: 1wk change of -5.96%
2025-01-19 12:04:31,080 - INFO - Processing AMIX - 2025-01-13 16:30:00 UTC
2025-01-19 12:04:31,098 - INFO - AMH: 1mo change of -4.90%
2025-01-19 12:04:31,602 - INFO - Processing AMH - 2025-01-09 14:27:12 UTC
2025-01-19 12:04:32,123 - INFO - Retrieved article length: 4261 characters
2025-01-19 12:04:32,236 - INFO - AMIX: 1h change of -3.39%
2025-01-19 12:04:32,328 - INFO - AMIX: 1wk change of -9.51%
2025-01-19 12:04:32,424 - INFO - AMIX: 1mo change of -11.05%
2025-01-19 12:04:32,695 - INFO - Retrieved article length: 524 characters
2025-01-19 12:04:32,791 - INFO - AMH: 1h change of -2.87%
2025-01-19 12:04:32,895 - INFO - AMH: 1wk change of -4.99%
2025-01-19 12:04:32,930 - INFO - Processing AMIX - 2024-12-30 16:30:00 UTC
2025-01-19 12:04:33,009 - INFO - AMH: 1mo change of -5.21%
2025-01-19 12:04:33,510 - INFO - Processing AMH - 2025-01-03 21:59:38 UTC
2025-01-19 12:04:34,019 - INFO - Retrieved article length: 6550 characters
2025-01-19 12:04:34,109 - INFO - AMIX: 1h change of -6.16%
2025-01-19 12:04:34,215 - INFO - AMIX: 1wk change of -20.56%
2025-01-19 12:04:34,295 - INFO - AMIX: 1mo change of -50.39%
2025-01-19 12:04:34,674 - INFO - Retrieved article length: 5897 characters
2025-01-19 12:04:34,810 - INFO - Processing AMIX - 2024-12-23 16:30:00 UTC
2025-01-19 12:04:34,883 - INFO - AMH: 1wk change of -5.03%
2025-01-19 12:04:34,973 - INFO - AMH: 1mo change of -7.46%
2025-01-19 12:04:35,487 - INFO - Processing AMH - 2024-12-18 14:25:34 UTC
2025-01-19 12:04:35,907 - INFO - Retrieved article length: 2173 characters
2025-01-19 12:04:36,103 - INFO - AMIX: 1wk change of 17.87%
2025-01-19 12:04:36,194 - INFO - AMIX: 1mo change of -74.66%
2025-01-19 12:04:36,546 - INFO - Retrieved article length: 1417 characters
2025-01-19 12:04:36,652 - INFO - AMH: 1h change of -5.01%
2025-01-19 12:04:36,695 - INFO - Processing AMIX - 2024-12-19 16:30:00 UTC
2025-01-19 12:04:36,850 - INFO - AMH: 1mo change of -6.66%
2025-01-19 12:04:37,358 - INFO - Processing AMH - 2024-12-17 17:03:00 UTC
2025-01-19 12:04:37,825 - INFO - Retrieved article length: 7196 characters
2025-01-19 12:04:37,912 - INFO - AMIX: 1h change of 15.96%
2025-01-19 12:04:37,996 - INFO - AMIX: 1wk change of -6.52%
2025-01-19 12:04:38,099 - INFO - AMIX: 1mo change of -67.19%
2025-01-19 12:04:38,549 - INFO - Retrieved article length: 6867 characters
2025-01-19 12:04:38,600 - INFO - Processing AMIX - 2024-12-05 16:30:00 UTC
2025-01-19 12:04:38,643 - INFO - AMH: 1h change of -5.27%
2025-01-19 12:04:38,875 - INFO - AMH: 1mo change of -5.08%
2025-01-19 12:04:39,378 - INFO - Processing AMH - 2024-12-11 00:20:51 UTC
2025-01-19 12:04:39,689 - INFO - Retrieved article length: 6148 characters
2025-01-19 12:04:39,778 - INFO - AMIX: 1h change of -11.59%
2025-01-19 12:04:39,883 - INFO - AMIX: 1wk change of -49.61%
2025-01-19 12:04:39,979 - INFO - AMIX: 1mo change of -80.01%
2025-01-19 12:04:40,427 - INFO - Retrieved article length: 530 characters
2025-01-19 12:04:40,484 - INFO - Processing AMIX - 2024-11-26 00:00:00 UTC
2025-01-19 12:04:40,523 - INFO - AMH: 1h change of 1.36%
2025-01-19 12:04:40,609 - INFO - AMH: 1wk change of -2.44%
2025-01-19 12:04:40,727 - INFO - AMH: 1mo change of -2.47%
2025-01-19 12:04:41,554 - INFO - Retrieved article length: 5701 characters
2025-01-19 12:04:41,657 - INFO - AMIX: 1h change of -11.82%
2025-01-19 12:04:41,743 - INFO - AMIX: 1wk change of -70.86%
2025-01-19 12:04:41,851 - INFO - AMIX: 1mo change of -62.45%
2025-01-19 12:04:42,394 - INFO - Processing AMKR - 2025-01-17 02:00:19 UTC
2025-01-19 12:04:43,514 - INFO - Processing AMLI - 2025-01-16 01:25:01 UTC
2025-01-19 12:04:43,560 - INFO - Retrieved article length: 3083 characters
2025-01-19 12:04:43,778 - INFO - AMKR: 1wk change of -2.45%
2025-01-19 12:04:43,864 - INFO - AMKR: 1mo change of -2.37%
2025-01-19 12:04:44,374 - INFO - Processing AMKR - 2025-01-16 17:30:15 UTC
2025-01-19 12:04:44,632 - INFO - Retrieved article length: 486 characters
2025-01-19 12:04:44,901 - INFO - AMLI: 1mo change of -10.05%
2025-01-19 12:04:45,415 - INFO - Processing AMLI - 2025-01-16 01:00:00 UTC
2025-01-19 12:04:45,534 - INFO - Retrieved article length: 5286 characters
2025-01-19 12:04:45,651 - INFO - AMKR: 1h change of 1.11%
2025-01-19 12:04:45,752 - INFO - AMKR: 1wk change of -3.07%
2025-01-19 12:04:45,851 - INFO - AMKR: 1mo change of -1.78%
2025-01-19 12:04:46,353 - INFO - Processing AMKR - 2025-01-15 17:00:14 UTC
2025-01-19 12:04:46,457 - INFO - Retrieved article length: 9125 characters
2025-01-19 12:04:46,562 - INFO - AMLI: 1mo change of -10.05%
2025-01-19 12:04:47,076 - INFO - Processing AMLI - 2025-01-15 19:13:40 UTC
2025-01-19 12:04:47,438 - INFO - Retrieved article length: 5977 characters
2025-01-19 12:04:47,541 - INFO - AMKR: 1h change of 1.67%
2025-01-19 12:04:47,686 - INFO - AMKR: 1wk change of -3.07%
2025-01-19 12:04:47,783 - INFO - AMKR: 1mo change of -2.92%
2025-01-19 12:04:48,295 - INFO - Processing AMKR - 2025-01-13 16:40:09 UTC
2025-01-19 12:04:48,295 - INFO - Retrieved article length: 528 characters
2025-01-19 12:04:48,571 - INFO - AMLI: 1mo change of -11.30%
2025-01-19 12:04:49,078 - INFO - Processing AMLI - 2025-01-06 13:04:56 UTC
2025-01-19 12:04:49,426 - INFO - Retrieved article length: 4101 characters
2025-01-19 12:04:49,508 - INFO - AMKR: 1h change of 1.11%
2025-01-19 12:04:49,613 - INFO - AMKR: 1wk change of -2.34%
2025-01-19 12:04:49,709 - INFO - AMKR: 1mo change of -3.28%
2025-01-19 12:04:50,167 - INFO - Retrieved article length: 7016 characters
2025-01-19 12:04:50,211 - INFO - Processing AMKR - 2025-01-11 02:00:19 UTC
2025-01-19 12:04:50,273 - ERROR - AMLI: No price data found, symbol may be delisted (1h 2025-01-04 -> 2025-01-08)
2025-01-19 12:04:50,458 - INFO - AMLI: 1mo change of -44.00%
2025-01-19 12:04:50,969 - INFO - Processing AMLI - 2024-12-30 19:08:44 UTC
2025-01-19 12:04:51,411 - INFO - Retrieved article length: 3140 characters
2025-01-19 12:04:51,697 - INFO - AMKR: 1mo change of -3.28%
2025-01-19 12:04:52,210 - INFO - Processing AMKR - 2025-01-03 02:00:19 UTC
2025-01-19 12:04:52,216 - INFO - Retrieved article length: 493 characters
2025-01-19 12:04:52,293 - ERROR - AMLI: No price data found, symbol may be delisted (1h 2024-12-28 -> 2025-01-01)
2025-01-19 12:04:52,448 - INFO - AMLI: 1wk change of 4.28%
2025-01-19 12:04:52,540 - INFO - AMLI: 1mo change of -44.56%
2025-01-19 12:04:53,052 - INFO - Processing AMLI - 2024-12-30 15:00:00 UTC
2025-01-19 12:04:53,278 - INFO - Retrieved article length: 3205 characters
2025-01-19 12:04:53,465 - INFO - AMKR: 1wk change of -3.36%
2025-01-19 12:04:54,067 - INFO - Processing AMKR - 2025-01-01 17:00:13 UTC
2025-01-19 12:04:54,067 - INFO - Retrieved article length: 2955 characters
2025-01-19 12:04:54,072 - ERROR - AMLI: No price data found, symbol may be delisted (1h 2024-12-28 -> 2025-01-01)
2025-01-19 12:04:54,075 - INFO - AMLI: 1wk change of 4.28%
2025-01-19 12:04:54,119 - INFO - AMLI: 1mo change of -44.56%
2025-01-19 12:04:54,633 - INFO - Processing AMLI - 2024-12-30 15:00:00 UTC
2025-01-19 12:04:55,159 - INFO - Retrieved article length: 6004 characters
2025-01-19 12:04:55,249 - INFO - AMKR: 1h change of 1.28%
2025-01-19 12:04:55,337 - INFO - AMKR: 1wk change of -2.63%
2025-01-19 12:04:55,432 - INFO - AMKR: 1mo change of 1.41%
2025-01-19 12:04:55,666 - INFO - Retrieved article length: 8304 characters
2025-01-19 12:04:55,666 - ERROR - AMLI: No price data found, symbol may be delisted (1h 2024-12-28 -> 2025-01-01)
2025-01-19 12:04:55,682 - INFO - AMLI: 1wk change of 4.28%
2025-01-19 12:04:55,723 - INFO - AMLI: 1mo change of -44.56%
2025-01-19 12:04:55,935 - INFO - Processing AMKR - 2024-12-31 17:30:13 UTC
2025-01-19 12:04:56,235 - INFO - Processing AMLI - 2024-12-12 01:56:39 UTC
2025-01-19 12:04:57,223 - INFO - Retrieved article length: 5314 characters
2025-01-19 12:04:57,269 - INFO - Retrieved article length: 511 characters
2025-01-19 12:04:57,352 - INFO - AMLI: 1h change of -36.90%
2025-01-19 12:04:57,437 - INFO - AMLI: 1wk change of -46.30%
2025-01-19 12:04:57,547 - INFO - AMLI: 1mo change of -48.95%
2025-01-19 12:04:59,204 - INFO - Processing AMLP - 2024-12-05 16:00:00 UTC
2025-01-19 12:04:59,245 - INFO - Processing AMLX - 2025-01-10 17:10:58 UTC
2025-01-19 12:05:00,310 - INFO - Retrieved article length: 4056 characters
2025-01-19 12:05:00,392 - INFO - Retrieved article length: 512 characters
2025-01-19 12:05:00,492 - INFO - AMLX: 1h change of -5.52%
2025-01-19 12:05:00,586 - INFO - AMLX: 1wk change of -4.76%
2025-01-19 12:05:00,622 - INFO - AMLP: 1mo change of 8.52%
2025-01-19 12:05:00,674 - INFO - AMLX: 1mo change of -29.96%
2025-01-19 12:05:01,122 - INFO - Processing AMLP - 2024-11-29 15:00:00 UTC
2025-01-19 12:05:01,181 - INFO - Processing AMLX - 2025-01-10 16:26:00 UTC
2025-01-19 12:05:02,180 - INFO - Retrieved article length: 1974 characters
2025-01-19 12:05:02,217 - INFO - Retrieved article length: 5488 characters
2025-01-19 12:05:02,225 - INFO - AMLX: 1h change of -5.52%
2025-01-19 12:05:02,264 - INFO - AMLX: 1wk change of -4.76%
2025-01-19 12:05:02,279 - INFO - AMLP: 1h change of 2.86%
2025-01-19 12:05:02,327 - INFO - AMLX: 1mo change of -29.96%
2025-01-19 12:05:02,379 - INFO - AMLP: 1wk change of 2.95%
2025-01-19 12:05:02,511 - INFO - AMLP: 1mo change of 6.10%
2025-01-19 12:05:02,829 - INFO - Processing AMLX - 2025-01-10 12:31:19 UTC
2025-01-19 12:05:03,012 - INFO - Processing AMLP - 2024-11-13 17:30:00 UTC
2025-01-19 12:05:03,923 - INFO - Retrieved article length: 485 characters
2025-01-19 12:05:03,940 - INFO - AMLX: 1h change of -5.52%
2025-01-19 12:05:03,979 - INFO - AMLX: 1wk change of -4.76%
2025-01-19 12:05:04,034 - INFO - AMLX: 1mo change of -29.96%
2025-01-19 12:05:04,171 - INFO - Retrieved article length: 7657 characters
2025-01-19 12:05:04,273 - INFO - AMLP: 1h change of -1.72%
2025-01-19 12:05:04,376 - INFO - AMLP: 1wk change of 8.22%
2025-01-19 12:05:04,480 - INFO - AMLP: 1mo change of 3.29%
2025-01-19 12:05:04,544 - INFO - Processing AMLX - 2025-01-10 03:30:00 UTC
2025-01-19 12:05:04,992 - INFO - Processing AMLP - 2024-11-06 21:22:00 UTC
2025-01-19 12:05:05,734 - INFO - Retrieved article length: 4994 characters
2025-01-19 12:05:05,750 - INFO - AMLX: 1h change of -5.52%
2025-01-19 12:05:05,805 - INFO - AMLX: 1wk change of -4.76%
2025-01-19 12:05:05,868 - INFO - AMLX: 1mo change of -29.96%
2025-01-19 12:05:06,099 - INFO - Retrieved article length: 2357 characters
2025-01-19 12:05:06,181 - INFO - AMLP: 1h change of 3.26%
2025-01-19 12:05:06,299 - INFO - AMLP: 1wk change of 4.65%
2025-01-19 12:05:06,370 - INFO - Processing AMLX - 2025-01-06 20:07:54 UTC
2025-01-19 12:05:06,416 - INFO - AMLP: 1mo change of 5.27%
2025-01-19 12:05:07,489 - INFO - Retrieved article length: 6964 characters
2025-01-19 12:05:07,594 - INFO - AMLX: 1h change of -4.71%
2025-01-19 12:05:07,681 - INFO - AMLX: 1wk change of -12.92%
2025-01-19 12:05:07,784 - INFO - AMLX: 1mo change of -35.14%
2025-01-19 12:05:08,103 - INFO - Processing AMN - 2025-01-17 16:14:00 UTC
2025-01-19 12:05:08,289 - INFO - Processing AMLX - 2025-01-06 17:00:00 UTC
2025-01-19 12:05:09,208 - INFO - Retrieved article length: 15335 characters
2025-01-19 12:05:09,398 - INFO - Retrieved article length: 10376 characters
2025-01-19 12:05:09,413 - INFO - AMLX: 1h change of -4.71%
2025-01-19 12:05:09,424 - INFO - AMLX: 1wk change of -12.92%
2025-01-19 12:05:09,454 - INFO - AMN: 1wk change of -1.37%
2025-01-19 12:05:09,466 - INFO - AMLX: 1mo change of -35.14%
2025-01-19 12:05:09,600 - INFO - AMN: 1mo change of -4.18%
2025-01-19 12:05:09,976 - INFO - Processing AMLX - 2024-12-30 23:14:03 UTC
2025-01-19 12:05:10,101 - INFO - Processing AMN - 2025-01-17 14:09:00 UTC
2025-01-19 12:05:11,070 - INFO - Retrieved article length: 520 characters
2025-01-19 12:05:11,257 - INFO - AMLX: 1wk change of -6.91%
2025-01-19 12:05:11,257 - INFO - Retrieved article length: 4752 characters
2025-01-19 12:05:11,325 - INFO - AMN: 1wk change of -1.37%
2025-01-19 12:05:11,345 - INFO - AMLX: 1mo change of -36.40%
2025-01-19 12:05:11,379 - INFO - AMN: 1mo change of -4.18%
2025-01-19 12:05:11,848 - INFO - Processing AMLX - 2024-12-30 22:52:44 UTC
2025-01-19 12:05:11,880 - INFO - Processing AMN - 2025-01-15 20:39:17 UTC
2025-01-19 12:05:12,947 - INFO - Retrieved article length: 8192 characters
2025-01-19 12:05:12,958 - INFO - Retrieved article length: 3980 characters
2025-01-19 12:05:12,960 - INFO - AMLX: 1wk change of -6.91%
2025-01-19 12:05:13,006 - INFO - AMLX: 1mo change of -36.40%
2025-01-19 12:05:13,043 - INFO - AMN: 1h change of -2.76%
2025-01-19 12:05:13,142 - INFO - AMN: 1wk change of 1.37%
2025-01-19 12:05:13,238 - INFO - AMN: 1mo change of -3.90%
2025-01-19 12:05:13,739 - INFO - Processing AMN - 2025-01-15 15:14:58 UTC
2025-01-19 12:05:14,721 - INFO - Processing AMPG - 2025-01-10 17:15:00 UTC
2025-01-19 12:05:14,834 - INFO - Retrieved article length: 4318 characters
2025-01-19 12:05:14,855 - INFO - AMN: 1h change of -2.76%
2025-01-19 12:05:14,906 - INFO - AMN: 1wk change of 1.37%
2025-01-19 12:05:14,946 - INFO - AMN: 1mo change of -3.90%
2025-01-19 12:05:15,462 - INFO - Processing AMN - 2024-11-29 16:21:00 UTC
2025-01-19 12:05:15,808 - INFO - Retrieved article length: 8775 characters
2025-01-19 12:05:15,905 - INFO - AMPG: 1h change of 6.76%
2025-01-19 12:05:15,987 - INFO - AMPG: 1wk change of -60.51%
2025-01-19 12:05:16,094 - INFO - AMPG: 1mo change of 133.87%
2025-01-19 12:05:16,587 - INFO - Retrieved article length: 14920 characters
2025-01-19 12:05:16,597 - INFO - Processing AMPG - 2025-01-09 05:20:00 UTC
2025-01-19 12:05:16,681 - INFO - AMN: 1h change of -1.12%
2025-01-19 12:05:16,776 - INFO - AMN: 1wk change of 4.91%
2025-01-19 12:05:16,874 - INFO - AMN: 1mo change of -38.11%
2025-01-19 12:05:17,377 - INFO - Processing AMN - 2024-11-11 17:06:00 UTC
2025-01-19 12:05:17,682 - INFO - Retrieved article length: 8782 characters
2025-01-19 12:05:17,798 - INFO - AMPG: 1h change of -29.70%
2025-01-19 12:05:17,885 - INFO - AMPG: 1wk change of -60.62%
2025-01-19 12:05:17,984 - INFO - AMPG: 1mo change of 136.32%
2025-01-19 12:05:18,486 - INFO - Processing AMPG - 2025-01-07 17:28:39 UTC
2025-01-19 12:05:18,486 - INFO - Retrieved article length: 3702 characters
2025-01-19 12:05:18,583 - INFO - AMN: 1h change of -4.40%
2025-01-19 12:05:18,678 - INFO - AMN: 1wk change of -32.79%
2025-01-19 12:05:18,772 - INFO - AMN: 1mo change of -30.07%
2025-01-19 12:05:19,273 - INFO - Processing AMN - 2024-11-09 15:03:01 UTC
2025-01-19 12:05:19,612 - INFO - Retrieved article length: 2597 characters
2025-01-19 12:05:19,711 - INFO - AMPG: 1h change of -46.74%
2025-01-19 12:05:19,809 - INFO - AMPG: 1wk change of -51.70%
2025-01-19 12:05:19,907 - INFO - AMPG: 1mo change of 128.60%
2025-01-19 12:05:20,318 - INFO - Retrieved article length: 2080 characters
2025-01-19 12:05:20,409 - INFO - Processing AMPG - 2025-01-06 16:30:00 UTC
2025-01-19 12:05:20,419 - INFO - AMN: 1h change of -28.50%
2025-01-19 12:05:20,504 - INFO - AMN: 1wk change of -32.78%
2025-01-19 12:05:20,597 - INFO - AMN: 1mo change of -30.07%
2025-01-19 12:05:21,099 - INFO - Processing AMN - 2024-11-08 20:12:00 UTC
2025-01-19 12:05:21,507 - INFO - Retrieved article length: 5136 characters
2025-01-19 12:05:21,601 - INFO - AMPG: 1h change of -16.58%
2025-01-19 12:05:21,701 - INFO - AMPG: 1wk change of -62.70%
2025-01-19 12:05:21,798 - INFO - AMPG: 1mo change of 133.33%
2025-01-19 12:05:22,265 - INFO - Retrieved article length: 7649 characters
2025-01-19 12:05:22,301 - INFO - Processing AMPG - 2024-12-31 16:30:00 UTC
2025-01-19 12:05:22,361 - INFO - AMN: 1h change of -28.99%
2025-01-19 12:05:22,455 - INFO - AMN: 1wk change of -41.51%
2025-01-19 12:05:22,546 - INFO - AMN: 1mo change of -29.07%
2025-01-19 12:05:23,447 - INFO - Retrieved article length: 9003 characters
2025-01-19 12:05:23,549 - INFO - AMPG: 1h change of -13.46%
2025-01-19 12:05:23,639 - INFO - AMPG: 1wk change of -7.69%
2025-01-19 12:05:23,730 - INFO - AMPG: 1mo change of 125.06%
2025-01-19 12:05:24,209 - INFO - Processing AMPL - 2025-01-17 17:00:00 UTC
2025-01-19 12:05:24,231 - INFO - Processing AMPG - 2024-12-30 17:15:00 UTC
2025-01-19 12:05:25,304 - INFO - Retrieved article length: 2495 characters
2025-01-19 12:05:25,390 - INFO - Retrieved article length: 4867 characters
2025-01-19 12:05:25,474 - INFO - AMPG: 1h change of -13.46%
2025-01-19 12:05:25,488 - INFO - AMPL: 1wk change of 2.83%
2025-01-19 12:05:25,578 - INFO - AMPL: 1mo change of -7.31%
2025-01-19 12:05:25,584 - INFO - AMPG: 1wk change of 15.15%
2025-01-19 12:05:25,674 - INFO - AMPG: 1mo change of 118.28%
2025-01-19 12:05:26,082 - INFO - Processing AMPL - 2025-01-13 15:29:58 UTC
2025-01-19 12:05:26,176 - INFO - Processing AMPG - 2024-12-26 17:15:00 UTC
2025-01-19 12:05:27,141 - INFO - Retrieved article length: 503 characters
2025-01-19 12:05:27,231 - INFO - AMPL: 1h change of 2.05%
2025-01-19 12:05:27,272 - INFO - Retrieved article length: 4865 characters
2025-01-19 12:05:27,362 - INFO - AMPG: 1h change of 81.22%
2025-01-19 12:05:27,403 - INFO - AMPL: 1mo change of -5.30%
2025-01-19 12:05:27,462 - INFO - AMPG: 1wk change of 56.41%
2025-01-19 12:05:27,549 - INFO - AMPG: 1mo change of 139.10%
2025-01-19 12:05:27,904 - INFO - Processing AMPL - 2025-01-06 15:50:15 UTC
2025-01-19 12:05:28,056 - INFO - Processing AMPG - 2024-12-25 14:40:47 UTC
2025-01-19 12:05:28,949 - INFO - Retrieved article length: 517 characters
2025-01-19 12:05:29,093 - INFO - AMPL: 1h change of -8.38%
2025-01-19 12:05:29,165 - INFO - Retrieved article length: 3919 characters
2025-01-19 12:05:29,186 - INFO - AMPL: 1wk change of 1.50%
2025-01-19 12:05:29,264 - INFO - AMPG: 1h change of 127.88%
2025-01-19 12:05:29,278 - INFO - AMPL: 1mo change of 1.11%
2025-01-19 12:05:29,349 - INFO - AMPG: 1wk change of 56.41%
2025-01-19 12:05:29,443 - INFO - AMPG: 1mo change of 146.06%
2025-01-19 12:05:29,782 - INFO - Processing AMPL - 2025-01-01 12:06:21 UTC
2025-01-19 12:05:31,049 - INFO - Retrieved article length: 6337 characters
2025-01-19 12:05:31,111 - INFO - Processing AMPS - 2025-01-17 18:37:53 UTC
2025-01-19 12:05:31,139 - INFO - AMPL: 1h change of 2.78%
2025-01-19 12:05:31,237 - INFO - AMPL: 1wk change of -6.50%
2025-01-19 12:05:31,309 - INFO - AMPL: 1mo change of 4.41%
2025-01-19 12:05:31,823 - INFO - Processing AMPL - 2024-12-16 19:40:13 UTC
2025-01-19 12:05:32,290 - INFO - Retrieved article length: 4704 characters
2025-01-19 12:05:32,395 - INFO - AMPS: 1h change of -7.41%
2025-01-19 12:05:32,487 - INFO - AMPS: 1wk change of -13.41%
2025-01-19 12:05:32,988 - INFO - Retrieved article length: 2746 characters
2025-01-19 12:05:33,082 - INFO - Processing AMPS - 2024-12-24 00:21:20 UTC
2025-01-19 12:05:33,179 - INFO - AMPL: 1wk change of -3.84%
2025-01-19 12:05:33,314 - INFO - AMPL: 1mo change of 6.03%
2025-01-19 12:05:33,830 - INFO - Processing AMPL - 2024-12-13 22:34:16 UTC
2025-01-19 12:05:34,230 - INFO - Retrieved article length: 1091 characters
2025-01-19 12:05:34,322 - INFO - AMPS: 1h change of 14.25%
2025-01-19 12:05:34,420 - INFO - AMPS: 1wk change of 11.81%
2025-01-19 12:05:34,501 - INFO - AMPS: 1mo change of -1.55%
2025-01-19 12:05:35,015 - INFO - Processing AMPS - 2024-12-19 16:30:00 UTC
2025-01-19 12:05:35,046 - INFO - Retrieved article length: 482 characters
2025-01-19 12:05:35,142 - INFO - AMPL: 1h change of 5.95%
2025-01-19 12:05:35,227 - INFO - AMPL: 1wk change of 4.56%
2025-01-19 12:05:35,322 - INFO - AMPL: 1mo change of 7.58%
2025-01-19 12:05:35,823 - INFO - Processing AMPL - 2024-12-13 15:10:44 UTC
2025-01-19 12:05:36,101 - INFO - Retrieved article length: 2159 characters
2025-01-19 12:05:36,200 - INFO - AMPS: 1h change of -5.22%
2025-01-19 12:05:36,296 - INFO - AMPS: 1wk change of 6.55%
2025-01-19 12:05:36,392 - INFO - AMPS: 1mo change of -7.07%
2025-01-19 12:05:36,894 - INFO - Processing AMPS - 2024-12-17 16:00:00 UTC
2025-01-19 12:05:36,955 - INFO - Retrieved article length: 520 characters
2025-01-19 12:05:36,955 - INFO - AMPL: 1h change of 5.95%
2025-01-19 12:05:36,970 - INFO - AMPL: 1wk change of 4.56%
2025-01-19 12:05:36,976 - INFO - AMPL: 1mo change of 7.58%
2025-01-19 12:05:37,478 - INFO - Processing AMPL - 2024-12-11 14:39:39 UTC
2025-01-19 12:05:38,310 - INFO - Retrieved article length: 3848 characters
2025-01-19 12:05:38,412 - INFO - AMPS: 1h change of -6.76%
2025-01-19 12:05:38,502 - INFO - AMPS: 1wk change of 7.56%
2025-01-19 12:05:38,577 - INFO - Retrieved article length: 4520 characters
2025-01-19 12:05:38,596 - INFO - AMPS: 1mo change of 22.51%
2025-01-19 12:05:38,819 - INFO - AMPL: 1wk change of 2.13%
2025-01-19 12:05:38,916 - INFO - AMPL: 1mo change of 4.71%
2025-01-19 12:05:39,098 - INFO - Processing AMPS - 2024-12-05 16:00:00 UTC
2025-01-19 12:05:40,216 - INFO - Retrieved article length: 2572 characters
2025-01-19 12:05:40,398 - INFO - AMPS: 1wk change of -11.21%
2025-01-19 12:05:40,489 - INFO - AMPS: 1mo change of 18.90%
2025-01-19 12:05:40,583 - INFO - Processing AMPX - 2025-01-17 13:59:06 UTC
2025-01-19 12:05:41,002 - INFO - Processing AMPS - 2024-12-03 00:30:00 UTC
2025-01-19 12:05:41,666 - INFO - Retrieved article length: 5851 characters
2025-01-19 12:05:41,776 - INFO - AMPX: 1h change of -8.94%
2025-01-19 12:05:41,919 - INFO - AMPX: 1wk change of -5.08%
2025-01-19 12:05:42,018 - INFO - AMPX: 1mo change of 96.49%
2025-01-19 12:05:42,062 - INFO - Retrieved article length: 2164 characters
2025-01-19 12:05:42,153 - INFO - AMPS: 1h change of -6.31%
2025-01-19 12:05:42,257 - INFO - AMPS: 1wk change of -12.85%
2025-01-19 12:05:42,350 - INFO - AMPS: 1mo change of 22.63%
2025-01-19 12:05:42,520 - INFO - Processing AMPX - 2025-01-14 16:30:00 UTC
2025-01-19 12:05:42,852 - INFO - Processing AMPS - 2024-11-21 16:00:00 UTC
2025-01-19 12:05:43,557 - INFO - Retrieved article length: 8313 characters
2025-01-19 12:05:43,650 - INFO - AMPX: 1h change of 7.02%
2025-01-19 12:05:43,737 - INFO - AMPX: 1wk change of -12.50%
2025-01-19 12:05:43,839 - INFO - AMPX: 1mo change of 72.31%
2025-01-19 12:05:44,028 - INFO - Retrieved article length: 3759 characters
2025-01-19 12:05:44,137 - INFO - AMPS: 1h change of 9.91%
2025-01-19 12:05:44,222 - INFO - AMPS: 1wk change of 26.32%
2025-01-19 12:05:44,328 - INFO - AMPS: 1mo change of 14.44%
2025-01-19 12:05:44,346 - INFO - Processing AMPX - 2025-01-11 18:45:45 UTC
2025-01-19 12:05:44,829 - INFO - Processing AMPS - 2024-11-14 14:37:18 UTC
2025-01-19 12:05:45,439 - INFO - Retrieved article length: 1350 characters
2025-01-19 12:05:45,535 - INFO - AMPX: 1h change of -7.73%
2025-01-19 12:05:45,620 - INFO - AMPX: 1wk change of 17.48%
2025-01-19 12:05:45,727 - INFO - AMPX: 1mo change of 52.04%
2025-01-19 12:05:45,947 - INFO - Retrieved article length: 4487 characters
2025-01-19 12:05:46,094 - INFO - AMPS: 1h change of 17.79%
2025-01-19 12:05:46,185 - INFO - AMPS: 1wk change of 17.80%
2025-01-19 12:05:46,229 - INFO - Processing AMPX - 2025-01-02 16:30:00 UTC
2025-01-19 12:05:46,275 - INFO - AMPS: 1mo change of 30.91%
2025-01-19 12:05:47,344 - INFO - Retrieved article length: 2205 characters
2025-01-19 12:05:47,453 - INFO - AMPX: 1h change of 22.34%
2025-01-19 12:05:47,535 - INFO - AMPX: 1wk change of 88.95%
2025-01-19 12:05:47,637 - INFO - AMPX: 1mo change of 57.01%
2025-01-19 12:05:47,903 - INFO - Processing AMRN - 2024-12-16 15:00:00 UTC
2025-01-19 12:05:48,138 - INFO - Processing AMPX - 2024-12-02 16:30:00 UTC
2025-01-19 12:05:49,089 - INFO - Retrieved article length: 8255 characters
2025-01-19 12:05:49,179 - INFO - Retrieved article length: 3062 characters
2025-01-19 12:05:49,184 - INFO - AMRN: 1h change of 1.72%
2025-01-19 12:05:49,268 - INFO - AMRN: 1wk change of -4.17%
2025-01-19 12:05:49,292 - INFO - AMPX: 1h change of -5.62%
2025-01-19 12:05:49,478 - INFO - AMPX: 1mo change of 135.97%
2025-01-19 12:05:49,856 - INFO - Processing AMRN - 2024-12-13 17:38:30 UTC
2025-01-19 12:05:49,979 - INFO - Processing AMPX - 2024-11-09 16:43:58 UTC
2025-01-19 12:05:50,933 - INFO - Retrieved article length: 471 characters
2025-01-19 12:05:51,042 - INFO - AMRN: 1h change of -3.26%
2025-01-19 12:05:51,092 - INFO - Retrieved article length: 1996 characters
2025-01-19 12:05:51,130 - INFO - AMRN: 1wk change of -9.80%
2025-01-19 12:05:51,189 - INFO - AMPX: 1h change of 35.57%
2025-01-19 12:05:51,268 - INFO - AMRN: 1mo change of -3.51%
2025-01-19 12:05:51,275 - INFO - AMPX: 1wk change of 27.81%
2025-01-19 12:05:51,379 - INFO - AMPX: 1mo change of 28.57%
2025-01-19 12:05:51,769 - INFO - Processing AMRN - 2024-12-13 17:00:00 UTC
2025-01-19 12:05:51,880 - INFO - Processing AMPX - 2024-11-08 00:05:00 UTC
2025-01-19 12:05:52,928 - INFO - Retrieved article length: 5203 characters
2025-01-19 12:05:52,928 - INFO - AMRN: 1h change of -3.26%
2025-01-19 12:05:52,944 - INFO - AMRN: 1wk change of -9.80%
2025-01-19 12:05:52,950 - INFO - AMRN: 1mo change of -3.51%
2025-01-19 12:05:52,998 - INFO - Retrieved article length: 2490 characters
2025-01-19 12:05:53,101 - INFO - AMPX: 1h change of 35.17%
2025-01-19 12:05:53,194 - INFO - AMPX: 1wk change of 41.33%
2025-01-19 12:05:53,289 - INFO - AMPX: 1mo change of 45.08%
2025-01-19 12:05:53,452 - INFO - Processing AMRN - 2024-11-19 17:35:06 UTC
2025-01-19 12:05:53,792 - INFO - Processing AMPX - 2024-11-04 16:30:00 UTC
2025-01-19 12:05:54,521 - INFO - Retrieved article length: 2922 characters
2025-01-19 12:05:54,701 - INFO - AMRN: 1wk change of -12.50%
2025-01-19 12:05:54,788 - INFO - AMRN: 1mo change of -24.14%
2025-01-19 12:05:54,851 - INFO - Retrieved article length: 7620 characters
2025-01-19 12:05:54,955 - INFO - AMPX: 1h change of 1.61%
2025-01-19 12:05:55,052 - INFO - AMPX: 1wk change of 70.80%
2025-01-19 12:05:55,198 - INFO - AMPX: 1mo change of 84.68%
2025-01-19 12:05:55,298 - INFO - Processing AMRN - 2024-11-11 16:00:00 UTC
2025-01-19 12:05:56,387 - INFO - Retrieved article length: 12710 characters
2025-01-19 12:05:56,489 - INFO - AMRN: 1h change of -2.81%
2025-01-19 12:05:56,580 - INFO - AMRN: 1wk change of -16.95%
2025-01-19 12:05:56,668 - INFO - AMRN: 1mo change of -20.69%
2025-01-19 12:05:56,878 - INFO - Processing AMRX - 2024-12-04 16:00:00 UTC
2025-01-19 12:05:57,169 - INFO - Processing AMRN - 2024-11-01 10:19:31 UTC
2025-01-19 12:05:58,023 - INFO - Retrieved article length: 3518 characters
2025-01-19 12:05:58,108 - INFO - AMRX: 1h change of 3.73%
2025-01-19 12:05:58,262 - INFO - AMRX: 1wk change of -6.56%
2025-01-19 12:05:58,286 - INFO - Retrieved article length: 5017 characters
2025-01-19 12:05:58,343 - INFO - AMRX: 1mo change of -8.17%
2025-01-19 12:05:58,438 - INFO - AMRN: 1h change of -5.23%
2025-01-19 12:05:58,529 - INFO - AMRN: 1wk change of -1.72%
2025-01-19 12:05:58,617 - INFO - AMRN: 1mo change of -18.33%
2025-01-19 12:05:58,856 - INFO - Processing AMRX - 2024-11-22 00:05:00 UTC
2025-01-19 12:05:59,120 - INFO - Processing AMRN - 2024-10-31 16:32:00 UTC
2025-01-19 12:05:59,993 - INFO - Retrieved article length: 7263 characters
2025-01-19 12:06:00,096 - INFO - AMRX: 1h change of 1.15%
2025-01-19 12:06:00,186 - INFO - AMRX: 1wk change of -10.59%
2025-01-19 12:06:00,241 - INFO - Retrieved article length: 4848 characters
2025-01-19 12:06:00,274 - INFO - AMRX: 1mo change of -8.51%
2025-01-19 12:06:00,331 - INFO - AMRN: 1h change of -9.78%
2025-01-19 12:06:00,512 - INFO - AMRN: 1mo change of -13.79%
2025-01-19 12:06:00,775 - INFO - Processing AMRX - 2024-11-10 00:01:03 UTC
2025-01-19 12:06:01,016 - INFO - Processing AMRN - 2024-10-31 09:00:15 UTC
2025-01-19 12:06:01,921 - INFO - Retrieved article length: 4791 characters
2025-01-19 12:06:02,006 - INFO - AMRX: 1h change of 7.73%
2025-01-19 12:06:02,256 - INFO - AMRX: 1mo change of -7.45%
2025-01-19 12:06:02,443 - INFO - Retrieved article length: 35022 characters
2025-01-19 12:06:02,447 - INFO - AMRN: 1h change of -9.78%
2025-01-19 12:06:02,464 - INFO - AMRN: 1mo change of -13.79%
2025-01-19 12:06:02,758 - INFO - Processing AMRX - 2024-11-08 14:00:00 UTC
2025-01-19 12:06:04,133 - INFO - Processing AMSC - 2025-01-17 16:56:00 UTC
2025-01-19 12:06:04,328 - INFO - Retrieved article length: 35804 characters
2025-01-19 12:06:04,427 - INFO - AMRX: 1h change of 2.89%
2025-01-19 12:06:04,606 - INFO - AMRX: 1mo change of -8.44%
2025-01-19 12:06:05,115 - INFO - Processing AMRX - 2024-11-07 15:04:19 UTC
2025-01-19 12:06:05,312 - INFO - Retrieved article length: 5451 characters
2025-01-19 12:06:05,414 - INFO - AMSC: 1h change of -1.42%
2025-01-19 12:06:05,504 - INFO - AMSC: 1wk change of -2.59%
2025-01-19 12:06:05,592 - INFO - AMSC: 1mo change of 7.67%
2025-01-19 12:06:06,097 - INFO - Processing AMSC - 2025-01-10 12:03:42 UTC
2025-01-19 12:06:06,264 - INFO - Retrieved article length: 3363 characters
2025-01-19 12:06:06,385 - INFO - AMRX: 1h change of 4.99%
2025-01-19 12:06:06,567 - INFO - AMRX: 1mo change of -5.26%
2025-01-19 12:06:07,077 - INFO - Processing AMRX - 2024-10-31 17:42:22 UTC
2025-01-19 12:06:07,168 - INFO - Retrieved article length: 6619 characters
2025-01-19 12:06:07,509 - INFO - AMSC: 1wk change of 12.91%
2025-01-19 12:06:07,651 - INFO - AMSC: 1mo change of -10.87%
2025-01-19 12:06:08,137 - INFO - Retrieved article length: 4028 characters
2025-01-19 12:06:08,152 - INFO - Processing AMSC - 2025-01-09 12:02:24 UTC
2025-01-19 12:06:08,317 - INFO - AMRX: 1wk change of 3.07%
2025-01-19 12:06:08,407 - INFO - AMRX: 1mo change of 5.51%
2025-01-19 12:06:08,918 - INFO - Processing AMRX - 2024-10-21 15:00:00 UTC
2025-01-19 12:06:09,277 - INFO - Retrieved article length: 6587 characters
2025-01-19 12:06:09,386 - INFO - AMSC: 1h change of -3.87%
2025-01-19 12:06:09,468 - INFO - AMSC: 1wk change of 10.36%
2025-01-19 12:06:09,559 - INFO - AMSC: 1mo change of -20.29%
2025-01-19 12:06:10,066 - INFO - Processing AMSC - 2025-01-08 12:01:29 UTC
2025-01-19 12:06:10,072 - INFO - Retrieved article length: 5755 characters
2025-01-19 12:06:10,163 - INFO - AMRX: 1h change of -1.74%
2025-01-19 12:06:10,346 - INFO - AMRX: 1mo change of -4.44%
2025-01-19 12:06:11,154 - INFO - Retrieved article length: 6299 characters
2025-01-19 12:06:11,246 - INFO - AMSC: 1h change of -9.52%
2025-01-19 12:06:11,341 - INFO - AMSC: 1wk change of 10.36%
2025-01-19 12:06:11,441 - INFO - AMSC: 1mo change of -21.06%
2025-01-19 12:06:11,942 - INFO - Processing AMSC - 2025-01-02 12:03:08 UTC
2025-01-19 12:06:12,421 - INFO - Processing AMST - 2025-01-11 15:34:18 UTC
2025-01-19 12:06:13,019 - INFO - Retrieved article length: 3612 characters
2025-01-19 12:06:13,115 - INFO - AMSC: 1h change of 14.04%
2025-01-19 12:06:13,213 - INFO - AMSC: 1wk change of 6.99%
2025-01-19 12:06:13,320 - INFO - AMSC: 1mo change of -18.35%
2025-01-19 12:06:13,652 - INFO - Retrieved article length: 4229 characters
2025-01-19 12:06:13,751 - INFO - AMST: 1h change of 11.72%
2025-01-19 12:06:13,822 - INFO - Processing AMSC - 2024-12-25 12:06:56 UTC
2025-01-19 12:06:13,852 - INFO - AMST: 1wk change of -24.04%
2025-01-19 12:06:13,948 - INFO - AMST: 1mo change of -14.32%
2025-01-19 12:06:14,451 - INFO - Processing AMST - 2025-01-09 01:54:01 UTC
2025-01-19 12:06:14,947 - INFO - Retrieved article length: 6172 characters
2025-01-19 12:06:15,049 - INFO - AMSC: 1h change of 4.50%
2025-01-19 12:06:15,152 - INFO - AMSC: 1wk change of 11.25%
2025-01-19 12:06:15,237 - INFO - AMSC: 1mo change of -10.75%
2025-01-19 12:06:15,524 - INFO - Retrieved article length: 515 characters
2025-01-19 12:06:15,629 - INFO - AMST: 1h change of 15.71%
2025-01-19 12:06:15,715 - INFO - AMST: 1wk change of -32.87%
2025-01-19 12:06:15,739 - INFO - Processing AMSC - 2024-12-19 16:21:00 UTC
2025-01-19 12:06:15,821 - INFO - AMST: 1mo change of 1.52%
2025-01-19 12:06:16,324 - INFO - Processing AMST - 2025-01-09 00:30:00 UTC
2025-01-19 12:06:16,949 - INFO - Retrieved article length: 5703 characters
2025-01-19 12:06:17,033 - INFO - AMSC: 1h change of 1.29%
2025-01-19 12:06:17,121 - INFO - AMSC: 1wk change of -12.77%
2025-01-19 12:06:17,222 - INFO - AMSC: 1mo change of -12.85%
2025-01-19 12:06:17,465 - INFO - Retrieved article length: 4509 characters
2025-01-19 12:06:17,480 - INFO - AMST: 1h change of 15.71%
2025-01-19 12:06:17,483 - INFO - AMST: 1wk change of -32.87%
2025-01-19 12:06:17,539 - INFO - AMST: 1mo change of 1.52%
2025-01-19 12:06:17,726 - INFO - Processing AMSC - 2024-12-18 21:45:52 UTC
2025-01-19 12:06:18,042 - INFO - Processing AMST - 2025-01-07 23:38:35 UTC
2025-01-19 12:06:19,001 - INFO - Retrieved article length: 4178 characters
2025-01-19 12:06:19,103 - INFO - AMSC: 1h change of -8.08%
2025-01-19 12:06:19,122 - INFO - Retrieved article length: 505 characters
2025-01-19 12:06:19,195 - INFO - AMSC: 1wk change of -12.77%
2025-01-19 12:06:19,211 - INFO - AMST: 1h change of -41.21%
2025-01-19 12:06:19,280 - INFO - AMSC: 1mo change of -24.12%
2025-01-19 12:06:19,284 - INFO - AMST: 1wk change of -35.87%
2025-01-19 12:06:19,382 - INFO - AMST: 1mo change of 6.01%
2025-01-19 12:06:19,884 - INFO - Processing AMST - 2025-01-07 21:45:02 UTC
2025-01-19 12:06:20,911 - INFO - Processing AMT - 2025-01-16 19:00:00 UTC
2025-01-19 12:06:20,966 - INFO - Retrieved article length: 479 characters
2025-01-19 12:06:20,966 - INFO - AMST: 1h change of -41.21%
2025-01-19 12:06:20,981 - INFO - AMST: 1wk change of -35.87%
2025-01-19 12:06:21,037 - INFO - AMST: 1mo change of 6.01%
2025-01-19 12:06:21,538 - INFO - Processing AMST - 2025-01-07 16:35:00 UTC
2025-01-19 12:06:22,089 - INFO - Retrieved article length: 4077 characters
2025-01-19 12:06:22,206 - INFO - AMT: 1h change of 6.11%
2025-01-19 12:06:22,312 - INFO - AMT: 1wk change of 5.62%
2025-01-19 12:06:22,419 - INFO - AMT: 1mo change of -2.92%
2025-01-19 12:06:22,600 - INFO - Retrieved article length: 4633 characters
2025-01-19 12:06:22,616 - INFO - AMST: 1h change of -41.21%
2025-01-19 12:06:22,626 - INFO - AMST: 1wk change of -35.87%
2025-01-19 12:06:22,678 - INFO - AMST: 1mo change of 6.01%
2025-01-19 12:06:22,922 - INFO - Processing AMT - 2025-01-15 16:18:27 UTC
2025-01-19 12:06:23,184 - INFO - Processing AMST - 2025-01-07 01:32:56 UTC
2025-01-19 12:06:24,109 - INFO - Retrieved article length: 523 characters
2025-01-19 12:06:24,198 - INFO - AMT: 1h change of 8.91%
2025-01-19 12:06:24,310 - INFO - AMT: 1wk change of 5.62%
2025-01-19 12:06:24,347 - INFO - Retrieved article length: 491 characters
2025-01-19 12:06:24,352 - INFO - AMST: 1h change of -41.21%
2025-01-19 12:06:24,360 - INFO - AMST: 1wk change of -35.87%
2025-01-19 12:06:24,412 - INFO - AMST: 1mo change of 6.01%
2025-01-19 12:06:24,412 - INFO - AMT: 1mo change of -3.76%
2025-01-19 12:06:24,912 - INFO - Processing AMST - 2025-01-07 00:59:00 UTC
2025-01-19 12:06:24,914 - INFO - Processing AMT - 2025-01-14 19:44:56 UTC
2025-01-19 12:06:25,972 - INFO - Retrieved article length: 4509 characters
2025-01-19 12:06:25,983 - INFO - AMST: 1h change of -41.21%
2025-01-19 12:06:25,988 - INFO - AMST: 1wk change of -35.87%
2025-01-19 12:06:26,030 - INFO - AMST: 1mo change of 6.01%
2025-01-19 12:06:26,030 - INFO - Retrieved article length: 5431 characters
2025-01-19 12:06:26,137 - INFO - AMT: 1h change of 3.33%
2025-01-19 12:06:26,246 - INFO - AMT: 1wk change of 5.62%
2025-01-19 12:06:26,352 - INFO - AMT: 1mo change of -3.73%
2025-01-19 12:06:26,853 - INFO - Processing AMT - 2025-01-13 18:41:02 UTC
2025-01-19 12:06:27,703 - INFO - Processing AMTM - 2025-01-09 16:15:00 UTC
2025-01-19 12:06:28,088 - INFO - Retrieved article length: 528 characters
2025-01-19 12:06:28,181 - INFO - AMT: 1h change of 2.45%
2025-01-19 12:06:28,283 - INFO - AMT: 1wk change of 4.29%
2025-01-19 12:06:28,389 - INFO - AMT: 1mo change of -8.11%
2025-01-19 12:06:28,842 - INFO - Retrieved article length: 2498 characters
2025-01-19 12:06:28,902 - INFO - Processing AMT - 2025-01-10 17:44:12 UTC
2025-01-19 12:06:28,947 - INFO - AMTM: 1h change of 3.37%
2025-01-19 12:06:29,027 - INFO - AMTM: 1wk change of 2.20%
2025-01-19 12:06:29,633 - INFO - Processing AMTM - 2025-01-07 16:15:00 UTC
2025-01-19 12:06:30,012 - INFO - Retrieved article length: 12302 characters
2025-01-19 12:06:30,113 - INFO - AMT: 1h change of -1.96%
2025-01-19 12:06:30,223 - INFO - AMT: 1wk change of 3.81%
2025-01-19 12:06:30,354 - INFO - AMT: 1mo change of -7.25%
2025-01-19 12:06:30,794 - INFO - Retrieved article length: 3580 characters
2025-01-19 12:06:30,860 - INFO - Processing AMT - 2025-01-09 02:15:20 UTC
2025-01-19 12:06:30,899 - INFO - AMTM: 1h change of -6.08%
2025-01-19 12:06:30,989 - INFO - AMTM: 1wk change of 3.36%
2025-01-19 12:06:31,086 - INFO - AMTM: 1mo change of -6.10%
2025-01-19 12:06:31,588 - INFO - Processing AMTM - 2024-12-25 15:35:45 UTC
2025-01-19 12:06:32,038 - INFO - Retrieved article length: 3394 characters
2025-01-19 12:06:32,151 - INFO - AMT: 1h change of -3.29%
2025-01-19 12:06:32,250 - INFO - AMT: 1wk change of 4.66%
2025-01-19 12:06:32,421 - INFO - AMT: 1mo change of -8.17%
2025-01-19 12:06:32,733 - INFO - Retrieved article length: 5985 characters
2025-01-19 12:06:32,830 - INFO - AMTM: 1h change of 5.81%
2025-01-19 12:06:32,916 - INFO - AMTM: 1wk change of -5.09%
2025-01-19 12:06:32,923 - INFO - Processing AMT - 2025-01-08 14:33:00 UTC
2025-01-19 12:06:33,052 - INFO - AMTM: 1mo change of 1.70%
2025-01-19 12:06:33,555 - INFO - Processing AMTM - 2024-12-19 16:15:00 UTC
2025-01-19 12:06:34,266 - INFO - Retrieved article length: 5469 characters
2025-01-19 12:06:34,361 - INFO - AMT: 1h change of -1.97%
2025-01-19 12:06:34,469 - INFO - AMT: 1wk change of 4.66%
2025-01-19 12:06:34,581 - INFO - AMT: 1mo change of -7.43%
2025-01-19 12:06:34,613 - INFO - Retrieved article length: 5393 characters
2025-01-19 12:06:34,700 - INFO - AMTM: 1h change of -13.06%
2025-01-19 12:06:34,791 - INFO - AMTM: 1wk change of -13.77%
2025-01-19 12:06:34,887 - INFO - AMTM: 1mo change of -13.71%
2025-01-19 12:06:35,085 - INFO - Processing AMT - 2025-01-07 15:42:59 UTC
2025-01-19 12:06:35,390 - INFO - Processing AMTM - 2024-12-17 00:30:00 UTC
2025-01-19 12:06:36,164 - INFO - Retrieved article length: 498 characters
2025-01-19 12:06:36,270 - INFO - AMT: 1h change of -1.97%
2025-01-19 12:06:36,366 - INFO - AMT: 1wk change of 4.48%
2025-01-19 12:06:36,482 - INFO - AMT: 1mo change of -7.56%
2025-01-19 12:06:36,951 - INFO - Retrieved article length: 31343 characters
2025-01-19 12:06:37,041 - INFO - AMTM: 1h change of -14.54%
2025-01-19 12:06:37,139 - INFO - AMTM: 1wk change of -13.31%
2025-01-19 12:06:37,233 - INFO - AMTM: 1mo change of -27.05%
2025-01-19 12:06:37,734 - INFO - Processing AMTM - 2024-12-11 16:15:00 UTC
2025-01-19 12:06:38,144 - INFO - Processing AMTX - 2025-01-13 16:00:00 UTC
2025-01-19 12:06:38,760 - INFO - Retrieved article length: 4983 characters
2025-01-19 12:06:38,864 - INFO - AMTM: 1h change of 1.19%
2025-01-19 12:06:38,961 - INFO - AMTM: 1wk change of -19.66%
2025-01-19 12:06:39,054 - INFO - AMTM: 1mo change of -25.16%
2025-01-19 12:06:39,213 - INFO - Retrieved article length: 6469 characters
2025-01-19 12:06:39,308 - INFO - AMTX: 1h change of -7.83%
2025-01-19 12:06:39,397 - INFO - AMTX: 1wk change of -4.38%
2025-01-19 12:06:39,498 - INFO - AMTX: 1mo change of -9.84%
2025-01-19 12:06:39,561 - INFO - Processing AMTM - 2024-12-10 17:34:08 UTC
2025-01-19 12:06:40,005 - INFO - Processing AMTX - 2025-01-07 16:00:00 UTC
2025-01-19 12:06:40,652 - INFO - Retrieved article length: 2129 characters
2025-01-19 12:06:40,760 - INFO - AMTM: 1h change of 2.22%
2025-01-19 12:06:40,840 - INFO - AMTM: 1wk change of -20.66%
2025-01-19 12:06:40,934 - INFO - AMTM: 1mo change of -23.93%
2025-01-19 12:06:41,085 - INFO - Retrieved article length: 6139 characters
2025-01-19 12:06:41,237 - INFO - AMTX: 1h change of -5.97%
2025-01-19 12:06:41,322 - INFO - AMTX: 1wk change of -2.85%
2025-01-19 12:06:41,404 - INFO - AMTX: 1mo change of -22.83%
2025-01-19 12:06:41,439 - INFO - Processing AMTM - 2024-12-10 00:03:11 UTC
2025-01-19 12:06:41,908 - INFO - Processing AMTX - 2024-12-26 13:12:08 UTC
2025-01-19 12:06:42,635 - INFO - Retrieved article length: 158 characters
2025-01-19 12:06:42,644 - INFO - AMTM: 1h change of 2.22%
2025-01-19 12:06:42,647 - INFO - AMTM: 1wk change of -20.66%
2025-01-19 12:06:42,654 - INFO - AMTM: 1mo change of -23.93%
2025-01-19 12:06:42,972 - INFO - Retrieved article length: 4126 characters
2025-01-19 12:06:43,064 - INFO - AMTX: 1h change of 6.03%
2025-01-19 12:06:43,157 - INFO - AMTX: 1wk change of 1.71%
2025-01-19 12:06:43,252 - INFO - AMTX: 1mo change of -30.56%
2025-01-19 12:06:43,753 - INFO - Processing AMTX - 2024-12-22 17:59:56 UTC
2025-01-19 12:06:44,279 - INFO - Processing AMZN - 2025-01-19 06:14:12 UTC
2025-01-19 12:06:44,877 - INFO - Retrieved article length: 7594 characters
2025-01-19 12:06:44,980 - INFO - AMTX: 1h change of -6.66%
2025-01-19 12:06:45,065 - INFO - AMTX: 1wk change of -11.80%
2025-01-19 12:06:45,163 - INFO - AMTX: 1mo change of -24.87%
2025-01-19 12:06:45,460 - INFO - Retrieved article length: 196 characters
2025-01-19 12:06:45,665 - INFO - AMZN: 1wk change of 3.20%
2025-01-19 12:06:45,674 - INFO - Processing AMTX - 2024-12-17 19:04:28 UTC
2025-01-19 12:06:45,818 - INFO - AMZN: 1mo change of -3.00%
2025-01-19 12:06:46,329 - INFO - Processing AMZN - 2025-01-19 03:00:39 UTC
2025-01-19 12:06:46,873 - INFO - Retrieved article length: 510 characters
2025-01-19 12:06:46,976 - INFO - AMTX: 1h change of -8.92%
2025-01-19 12:06:47,053 - INFO - AMTX: 1wk change of -9.21%
2025-01-19 12:06:47,152 - INFO - AMTX: 1mo change of -38.53%
2025-01-19 12:06:47,434 - INFO - Retrieved article length: 8511 characters
2025-01-19 12:06:47,545 - INFO - AMZN: 1wk change of 3.20%
2025-01-19 12:06:47,592 - INFO - AMZN: 1mo change of -3.00%
2025-01-19 12:06:47,656 - INFO - Processing AMTX - 2024-12-17 16:00:00 UTC
2025-01-19 12:06:48,102 - INFO - Processing AMZN - 2025-01-19 02:50:00 UTC
2025-01-19 12:06:48,799 - INFO - Retrieved article length: 7222 characters
2025-01-19 12:06:48,815 - INFO - AMTX: 1h change of -8.92%
2025-01-19 12:06:48,821 - INFO - AMTX: 1wk change of -9.21%
2025-01-19 12:06:48,867 - INFO - AMTX: 1mo change of -38.53%
2025-01-19 12:06:49,293 - INFO - Retrieved article length: 7606 characters
2025-01-19 12:06:49,376 - INFO - Processing AMTX - 2024-12-12 02:20:00 UTC
2025-01-19 12:06:49,401 - INFO - AMZN: 1wk change of 3.20%
2025-01-19 12:06:49,452 - INFO - AMZN: 1mo change of -3.00%
2025-01-19 12:06:49,953 - INFO - Processing AMZN - 2025-01-18 18:29:13 UTC
2025-01-19 12:06:50,435 - INFO - Retrieved article length: 2196 characters
2025-01-19 12:06:50,536 - INFO - AMTX: 1h change of -5.21%
2025-01-19 12:06:50,637 - INFO - AMTX: 1wk change of -34.34%
2025-01-19 12:06:50,724 - INFO - AMTX: 1mo change of -7.74%
2025-01-19 12:06:51,037 - INFO - Retrieved article length: 6946 characters
2025-01-19 12:06:51,139 - INFO - AMZN: 1h change of 1.26%
2025-01-19 12:06:51,232 - INFO - AMZN: 1wk change of 1.72%
2025-01-19 12:06:51,235 - INFO - Processing AMTX - 2024-12-10 16:00:00 UTC
2025-01-19 12:06:51,311 - INFO - AMZN: 1mo change of -3.00%
2025-01-19 12:06:51,823 - INFO - Processing AMZN - 2025-01-18 16:45:00 UTC
2025-01-19 12:06:52,382 - INFO - Retrieved article length: 7467 characters
2025-01-19 12:06:52,468 - INFO - AMTX: 1h change of -3.76%
2025-01-19 12:06:52,574 - INFO - AMTX: 1wk change of -32.46%
2025-01-19 12:06:52,666 - INFO - AMTX: 1mo change of -11.43%
2025-01-19 12:06:53,022 - INFO - Retrieved article length: 6356 characters
2025-01-19 12:06:53,079 - INFO - AMZN: 1h change of 1.26%
2025-01-19 12:06:53,128 - INFO - AMZN: 1wk change of 1.72%
2025-01-19 12:06:53,181 - INFO - AMZN: 1mo change of -3.00%
2025-01-19 12:06:53,682 - INFO - Processing AMZN - 2025-01-18 16:15:32 UTC
2025-01-19 12:06:54,769 - INFO - Retrieved article length: 2065 characters
2025-01-19 12:06:54,832 - INFO - AMZN: 1h change of 1.26%
2025-01-19 12:06:54,885 - INFO - AMZN: 1wk change of 1.72%
2025-01-19 12:06:54,942 - INFO - AMZN: 1mo change of -3.00%
2025-01-19 12:06:55,453 - INFO - Processing AMZN - 2025-01-18 15:55:47 UTC
2025-01-19 12:06:56,634 - INFO - Retrieved article length: 1773 characters
2025-01-19 12:06:56,676 - INFO - AMZN: 1h change of 1.26%
2025-01-19 12:06:56,729 - INFO - AMZN: 1wk change of 1.72%
2025-01-19 12:06:56,791 - INFO - AMZN: 1mo change of -3.00%
2025-01-19 12:06:57,292 - INFO - Processing AMZN - 2025-01-18 14:50:00 UTC
2025-01-19 12:06:58,432 - INFO - Retrieved article length: 6123 characters
2025-01-19 12:06:58,486 - INFO - AMZN: 1h change of 1.26%
2025-01-19 12:06:58,536 - INFO - AMZN: 1wk change of 1.72%
2025-01-19 12:06:58,591 - INFO - AMZN: 1mo change of -3.00%
