2025-01-19 16:23:29,897 - INFO - Starting new training session. Logging to: logs/training_20250119_162329.log
2025-01-19 16:23:29,897 - INFO - Starting new training session. Logging to: logs/training_20250119_162329.log
2025-01-19 16:23:29,897 - INFO - Starting new training session. Logging to: logs/training_20250119_162329.log
2025-01-19 16:23:29,897 - INFO - Starting new training session. Logging to: logs/training_20250119_162329.log
2025-01-19 16:23:30,295 - INFO - Processing PLUG - 2025-01-18 23:32:39 UTC
2025-01-19 16:23:30,302 - INFO - Processing PLTR - 2025-01-19 16:12:07 UTC
2025-01-19 16:23:30,375 - INFO - Processing PLRZ - 2024-12-30 14:25:00 UTC
2025-01-19 16:23:30,376 - INFO - Processing PLSE - 2025-01-13 15:00:00 UTC
2025-01-19 16:23:31,117 - INFO - Retrieved article length: 2907 characters
2025-01-19 16:23:31,242 - INFO - PLUG: 1h change of -6.51%
2025-01-19 16:23:31,314 - INFO - Retrieved article length: 7126 characters
2025-01-19 16:23:31,325 - INFO - PLUG: 1wk change of -8.61%
2025-01-19 16:23:31,348 - INFO - Retrieved article length: 5446 characters
2025-01-19 16:23:31,349 - INFO - Retrieved article length: 3713 characters
2025-01-19 16:23:31,407 - INFO - Processing PLUG - 2025-01-17 20:21:11 UTC
2025-01-19 16:23:31,453 - INFO - PLTR: 1h change of 1.90%
2025-01-19 16:23:31,462 - INFO - PLSE: 1h change of -4.29%
2025-01-19 16:23:31,463 - INFO - PLRZ: 1h change of -1.83%
2025-01-19 16:23:31,537 - INFO - PLTR: 1wk change of 6.71%
2025-01-19 16:23:31,543 - INFO - PLSE: 1wk change of -10.29%
2025-01-19 16:23:31,546 - INFO - PLRZ: 1wk change of -1.91%
2025-01-19 16:23:31,619 - INFO - PLTR: 1mo change of -5.25%
2025-01-19 16:23:31,620 - INFO - Processing PLTR - 2025-01-17 23:57:03 UTC
2025-01-19 16:23:31,624 - INFO - PLSE: 1mo change of -5.98%
2025-01-19 16:23:31,624 - INFO - Processing PLSE - 2025-01-10 16:53:37 UTC
2025-01-19 16:23:31,626 - INFO - PLRZ: 1mo change of 58.93%
2025-01-19 16:23:31,626 - INFO - Processing PLRZ - 2024-12-19 15:22:00 UTC
2025-01-19 16:23:32,081 - INFO - Retrieved article length: 1855 characters
2025-01-19 16:23:32,198 - INFO - PLUG: 1h change of -13.48%
2025-01-19 16:23:32,276 - INFO - Retrieved article length: 157 characters
2025-01-19 16:23:32,285 - INFO - PLUG: 1wk change of -17.29%
2025-01-19 16:23:32,372 - INFO - PLTR: 1h change of 4.85%
2025-01-19 16:23:32,373 - INFO - Processing PLUG - 2025-01-17 20:02:37 UTC
2025-01-19 16:23:32,396 - INFO - Retrieved article length: 488 characters
2025-01-19 16:23:32,453 - INFO - PLTR: 1wk change of 2.54%
2025-01-19 16:23:32,474 - INFO - Retrieved article length: 6048 characters
2025-01-19 16:23:32,535 - INFO - PLTR: 1mo change of -5.65%
2025-01-19 16:23:32,535 - INFO - Processing PLTR - 2025-01-17 20:53:32 UTC
2025-01-19 16:23:32,560 - INFO - PLRZ: 1h change of 29.71%
2025-01-19 16:23:32,567 - INFO - PLSE: 1wk change of 1.15%
2025-01-19 16:23:32,638 - INFO - PLRZ: 1wk change of 60.78%
2025-01-19 16:23:32,647 - INFO - PLSE: 1mo change of -10.84%
2025-01-19 16:23:32,647 - INFO - Processing PLSE - 2025-01-10 16:00:00 UTC
2025-01-19 16:23:32,718 - INFO - PLRZ: 1mo change of 87.80%
2025-01-19 16:23:32,718 - INFO - Processing PLRZ - 2024-12-18 14:25:00 UTC
2025-01-19 16:23:33,132 - INFO - Retrieved article length: 3106 characters
2025-01-19 16:23:33,142 - INFO - PLUG: 1h change of -13.48%
2025-01-19 16:23:33,195 - INFO - PLUG: 1wk change of -17.29%
2025-01-19 16:23:33,237 - INFO - Retrieved article length: 2035 characters
2025-01-19 16:23:33,246 - INFO - PLTR: 1h change of 4.85%
2025-01-19 16:23:33,247 - INFO - Processing PLUG - 2025-01-17 19:32:00 UTC
2025-01-19 16:23:33,299 - INFO - PLTR: 1wk change of 2.54%
2025-01-19 16:23:33,353 - INFO - PLTR: 1mo change of -5.65%
2025-01-19 16:23:33,353 - INFO - Processing PLTR - 2025-01-17 17:08:59 UTC
2025-01-19 16:23:33,491 - INFO - Retrieved article length: 6147 characters
2025-01-19 16:23:33,492 - INFO - Retrieved article length: 7215 characters
2025-01-19 16:23:33,553 - INFO - PLSE: 1wk change of 1.15%
2025-01-19 16:23:33,593 - INFO - PLRZ: 1h change of 128.43%
2025-01-19 16:23:33,603 - INFO - PLSE: 1mo change of -10.84%
2025-01-19 16:23:33,603 - INFO - Processing PLSE - 2025-01-03 17:00:00 UTC
2025-01-19 16:23:33,675 - INFO - PLRZ: 1wk change of 60.78%
2025-01-19 16:23:33,768 - INFO - PLRZ: 1mo change of 57.14%
2025-01-19 16:23:33,769 - INFO - Processing PLRZ - 2024-12-13 14:25:00 UTC
2025-01-19 16:23:33,981 - INFO - Retrieved article length: 1248 characters
2025-01-19 16:23:33,988 - INFO - Retrieved article length: 7179 characters
2025-01-19 16:23:33,992 - INFO - PLUG: 1h change of -13.48%
2025-01-19 16:23:33,999 - INFO - PLTR: 1h change of 4.85%
2025-01-19 16:23:34,046 - INFO - PLUG: 1wk change of -17.29%
2025-01-19 16:23:34,051 - INFO - PLTR: 1wk change of 2.54%
2025-01-19 16:23:34,098 - INFO - Processing PLUG - 2025-01-17 19:30:17 UTC
2025-01-19 16:23:34,103 - INFO - PLTR: 1mo change of -5.65%
2025-01-19 16:23:34,103 - INFO - Processing PLTR - 2025-01-17 00:47:08 UTC
2025-01-19 16:23:34,320 - INFO - Retrieved article length: 2063 characters
2025-01-19 16:23:34,409 - INFO - PLSE: 1h change of 10.47%
2025-01-19 16:23:34,574 - INFO - PLSE: 1mo change of -17.71%
2025-01-19 16:23:34,575 - INFO - Processing PLSE - 2024-12-24 00:30:00 UTC
2025-01-19 16:23:34,596 - INFO - Retrieved article length: 5704 characters
2025-01-19 16:23:34,685 - INFO - PLRZ: 1h change of -8.24%
2025-01-19 16:23:34,764 - INFO - PLRZ: 1wk change of 34.19%
2025-01-19 16:23:34,776 - INFO - Retrieved article length: 6454 characters
2025-01-19 16:23:34,787 - INFO - PLTR: 1h change of 4.85%
2025-01-19 16:23:34,839 - INFO - PLTR: 1wk change of 2.54%
2025-01-19 16:23:34,853 - INFO - PLRZ: 1mo change of 21.26%
2025-01-19 16:23:34,853 - INFO - Processing PLRZ - 2024-12-02 16:02:00 UTC
2025-01-19 16:23:34,865 - INFO - Retrieved article length: 504 characters
2025-01-19 16:23:34,874 - INFO - PLUG: 1h change of -13.48%
2025-01-19 16:23:34,890 - INFO - PLTR: 1mo change of -5.65%
2025-01-19 16:23:34,890 - INFO - Processing PLTR - 2025-01-14 00:05:00 UTC
2025-01-19 16:23:34,927 - INFO - PLUG: 1wk change of -17.29%
2025-01-19 16:23:34,983 - INFO - Processing PLUG - 2025-01-17 18:41:00 UTC
2025-01-19 16:23:35,406 - INFO - Retrieved article length: 7025 characters
2025-01-19 16:23:35,493 - INFO - PLSE: 1h change of 5.36%
2025-01-19 16:23:35,563 - INFO - Retrieved article length: 7164 characters
2025-01-19 16:23:35,573 - INFO - PLSE: 1wk change of -7.20%
2025-01-19 16:23:35,623 - INFO - Retrieved article length: 1138 characters
2025-01-19 16:23:35,645 - INFO - PLRZ: 1h change of 21.87%
2025-01-19 16:23:35,654 - INFO - PLSE: 1mo change of 3.35%
2025-01-19 16:23:35,654 - INFO - Processing PLSE - 2024-12-19 16:00:00 UTC
2025-01-19 16:23:35,712 - INFO - PLTR: 1h change of 6.32%
2025-01-19 16:23:35,724 - INFO - PLRZ: 1wk change of 1.71%
2025-01-19 16:23:35,762 - INFO - Retrieved article length: 155 characters
2025-01-19 16:23:35,771 - INFO - PLUG: 1h change of -13.48%
2025-01-19 16:23:35,796 - INFO - PLTR: 1wk change of -5.47%
2025-01-19 16:23:35,806 - INFO - PLRZ: 1mo change of 25.16%
2025-01-19 16:23:35,806 - INFO - Processing PLRZ - 2024-10-30 20:50:00 UTC
2025-01-19 16:23:35,823 - INFO - PLUG: 1wk change of -17.29%
2025-01-19 16:23:35,876 - INFO - Processing PLUG - 2025-01-17 18:31:07 UTC
2025-01-19 16:23:35,877 - INFO - PLTR: 1mo change of 1.24%
2025-01-19 16:23:35,877 - INFO - Processing PLTR - 2025-01-13 17:31:40 UTC
2025-01-19 16:23:36,438 - INFO - Retrieved article length: 2466 characters
2025-01-19 16:23:36,523 - INFO - PLSE: 1h change of -6.95%
2025-01-19 16:23:36,577 - INFO - Retrieved article length: 2560 characters
2025-01-19 16:23:36,587 - INFO - PLUG: 1h change of -13.48%
2025-01-19 16:23:36,603 - INFO - PLSE: 1wk change of -3.79%
2025-01-19 16:23:36,631 - INFO - Retrieved article length: 164 characters
2025-01-19 16:23:36,639 - INFO - PLUG: 1wk change of -17.29%
2025-01-19 16:23:36,653 - INFO - Retrieved article length: 2969 characters
2025-01-19 16:23:36,688 - INFO - PLSE: 1mo change of 2.92%
2025-01-19 16:23:36,688 - INFO - Processing PLSE - 2024-12-17 16:00:00 UTC
2025-01-19 16:23:36,691 - INFO - Processing PLUG - 2025-01-17 17:00:18 UTC
2025-01-19 16:23:36,720 - INFO - PLTR: 1h change of 2.86%
2025-01-19 16:23:36,736 - INFO - PLRZ: 1h change of 9.96%
2025-01-19 16:23:36,802 - INFO - PLTR: 1wk change of -10.16%
2025-01-19 16:23:36,813 - INFO - PLRZ: 1wk change of -22.32%
2025-01-19 16:23:36,890 - INFO - Processing PLTR - 2025-01-13 15:00:00 UTC
2025-01-19 16:23:36,892 - INFO - PLRZ: 1mo change of -24.52%
2025-01-19 16:23:36,893 - INFO - Processing PLRZ - 2024-10-30 17:28:00 UTC
2025-01-19 16:23:37,292 - INFO - Retrieved article length: 5920 characters
2025-01-19 16:23:37,301 - INFO - PLUG: 1h change of -13.48%
2025-01-19 16:23:37,353 - INFO - PLUG: 1wk change of -17.29%
2025-01-19 16:23:37,370 - INFO - Retrieved article length: 7755 characters
2025-01-19 16:23:37,456 - INFO - PLSE: 1h change of -8.83%
2025-01-19 16:23:37,528 - INFO - Processing PLUR - 2024-12-19 16:00:00 UTC
2025-01-19 16:23:37,596 - INFO - Retrieved article length: 217 characters
2025-01-19 16:23:37,604 - INFO - PLTR: 1h change of 2.86%
2025-01-19 16:23:37,617 - INFO - Processing PLSE - 2024-12-16 13:32:13 UTC
2025-01-19 16:23:37,657 - INFO - PLTR: 1wk change of -10.16%
2025-01-19 16:23:37,669 - INFO - Retrieved article length: 5767 characters
2025-01-19 16:23:37,677 - INFO - PLRZ: 1h change of 9.96%
2025-01-19 16:23:37,682 - INFO - PLRZ: 1wk change of -22.32%
2025-01-19 16:23:37,688 - INFO - PLRZ: 1mo change of -24.52%
2025-01-19 16:23:37,813 - INFO - Processing PM - 2025-01-18 01:30:00 UTC
2025-01-19 16:23:37,855 - INFO - Processing PMAX - 2025-01-16 00:00:00 UTC
2025-01-19 16:23:38,313 - INFO - Retrieved article length: 7521 characters
2025-01-19 16:23:38,395 - INFO - Retrieved article length: 4281 characters
2025-01-19 16:23:38,399 - INFO - PLUR: 1h change of 3.43%
2025-01-19 16:23:38,479 - INFO - PLUR: 1wk change of -13.99%
2025-01-19 16:23:38,481 - INFO - PLSE: 1h change of -1.49%
2025-01-19 16:23:38,514 - INFO - Retrieved article length: 251 characters
2025-01-19 16:23:38,567 - INFO - PLSE: 1wk change of -7.19%
2025-01-19 16:23:38,568 - INFO - PLUR: 1mo change of -20.73%
2025-01-19 16:23:38,568 - INFO - Processing PLUR - 2024-12-09 17:00:00 UTC
2025-01-19 16:23:38,607 - INFO - PM: 1h change of 2.55%
2025-01-19 16:23:38,650 - INFO - PLSE: 1mo change of -6.23%
2025-01-19 16:23:38,660 - INFO - Retrieved article length: 4848 characters
2025-01-19 16:23:38,759 - INFO - PMAX: 1h change of -67.01%
2025-01-19 16:23:38,829 - INFO - PM: 1mo change of -2.38%
2025-01-19 16:23:38,829 - INFO - Processing PM - 2025-01-17 22:54:00 UTC
2025-01-19 16:23:38,842 - INFO - PMAX: 1wk change of -69.22%
2025-01-19 16:23:38,933 - INFO - PMAX: 1mo change of -79.62%
2025-01-19 16:23:38,933 - INFO - Processing PMAX - 2024-11-22 17:15:00 UTC
2025-01-19 16:23:38,941 - INFO - Processing PMD - 2024-12-09 16:07:24 UTC
2025-01-19 16:23:39,248 - INFO - Retrieved article length: 5642 characters
2025-01-19 16:23:39,425 - INFO - PLUR: 1wk change of -25.00%
2025-01-19 16:23:39,510 - INFO - PLUR: 1mo change of -7.02%
2025-01-19 16:23:39,510 - INFO - Processing PLUR - 2024-12-03 23:45:00 UTC
2025-01-19 16:23:39,575 - INFO - Retrieved article length: 3026 characters
2025-01-19 16:23:39,596 - INFO - Retrieved article length: 136 characters
2025-01-19 16:23:39,687 - INFO - PM: 1h change of 3.08%
2025-01-19 16:23:39,747 - INFO - PMAX: 1wk change of 5.80%
2025-01-19 16:23:39,761 - INFO - Retrieved article length: 7016 characters
2025-01-19 16:23:39,829 - INFO - PMAX: 1mo change of -16.25%
2025-01-19 16:23:39,829 - INFO - Processing PMAX - 2024-10-21 23:00:00 UTC
2025-01-19 16:23:39,845 - INFO - PMD: 1h change of -10.03%
2025-01-19 16:23:39,883 - INFO - PM: 1mo change of -2.91%
2025-01-19 16:23:39,883 - INFO - Processing PM - 2025-01-17 16:03:10 UTC
2025-01-19 16:23:39,957 - INFO - PMD: 1wk change of -25.16%
2025-01-19 16:23:40,070 - INFO - PMD: 1mo change of -7.76%
2025-01-19 16:23:40,071 - INFO - Processing PMD - 2024-12-02 16:10:00 UTC
2025-01-19 16:23:40,253 - INFO - Retrieved article length: 3762 characters
2025-01-19 16:23:40,352 - INFO - PLUR: 1h change of -6.85%
2025-01-19 16:23:40,446 - INFO - PLUR: 1wk change of -8.73%
2025-01-19 16:23:40,536 - INFO - PLUR: 1mo change of 1.74%
2025-01-19 16:23:40,536 - INFO - Processing PLUR - 2024-11-25 16:30:00 UTC
2025-01-19 16:23:40,637 - INFO - Retrieved article length: 2835 characters
2025-01-19 16:23:40,726 - INFO - PMAX: 1h change of 14.14%
2025-01-19 16:23:40,809 - INFO - PMAX: 1wk change of 13.99%
2025-01-19 16:23:40,891 - INFO - PMAX: 1mo change of -16.22%
2025-01-19 16:23:40,934 - INFO - Retrieved article length: 6640 characters
2025-01-19 16:23:40,997 - INFO - Processing PMEC - 2025-01-16 17:26:47 UTC
2025-01-19 16:23:41,024 - INFO - PMD: 1h change of 1.92%
2025-01-19 16:23:41,130 - INFO - PMD: 1wk change of 16.49%
2025-01-19 16:23:41,243 - INFO - PMD: 1mo change of -13.79%
2025-01-19 16:23:41,243 - INFO - Processing PMD - 2024-11-18 16:00:00 UTC
2025-01-19 16:23:41,279 - INFO - Retrieved article length: 6341 characters
2025-01-19 16:23:41,369 - INFO - PLUR: 1h change of 7.57%
2025-01-19 16:23:41,457 - INFO - PLUR: 1wk change of -7.43%
2025-01-19 16:23:41,542 - INFO - PLUR: 1mo change of -4.21%
2025-01-19 16:23:41,542 - INFO - Processing PLUR - 2024-11-15 13:48:27 UTC
2025-01-19 16:23:41,713 - INFO - Retrieved article length: 2602 characters
2025-01-19 16:23:41,723 - INFO - PM: 1h change of 3.08%
2025-01-19 16:23:41,738 - INFO - Retrieved article length: 529 characters
2025-01-19 16:23:41,829 - INFO - PM: 1mo change of -2.91%
2025-01-19 16:23:41,830 - INFO - Processing PM - 2025-01-16 21:41:17 UTC
2025-01-19 16:23:41,832 - INFO - PMEC: 1h change of -1.29%
2025-01-19 16:23:41,914 - INFO - PMEC: 1wk change of -1.46%
2025-01-19 16:23:41,948 - INFO - Retrieved article length: 3196 characters
2025-01-19 16:23:42,003 - INFO - PMEC: 1mo change of -5.13%
2025-01-19 16:23:42,003 - INFO - Processing PMEC - 2025-01-16 16:45:00 UTC
2025-01-19 16:23:42,260 - INFO - PMD: 1mo change of -18.61%
2025-01-19 16:23:42,260 - INFO - Processing PMD - 2024-11-15 13:17:16 UTC
2025-01-19 16:23:42,281 - INFO - Retrieved article length: 1571 characters
2025-01-19 16:23:42,374 - INFO - PLUR: 1h change of -5.12%
2025-01-19 16:23:42,457 - INFO - PLUR: 1wk change of 4.48%
2025-01-19 16:23:42,510 - INFO - Retrieved article length: 502 characters
2025-01-19 16:23:42,539 - INFO - PLUR: 1mo change of -3.72%
2025-01-19 16:23:42,539 - INFO - Processing PLUR - 2024-11-13 01:52:25 UTC
2025-01-19 16:23:42,600 - INFO - PM: 1h change of 3.51%
2025-01-19 16:23:42,689 - INFO - Retrieved article length: 5787 characters
2025-01-19 16:23:42,697 - INFO - PMEC: 1h change of -1.29%
2025-01-19 16:23:42,750 - INFO - PMEC: 1wk change of -1.46%
2025-01-19 16:23:42,806 - INFO - PMEC: 1mo change of -5.13%
2025-01-19 16:23:42,806 - INFO - Processing PMEC - 2025-01-07 20:45:05 UTC
2025-01-19 16:23:42,807 - INFO - PM: 1mo change of -3.20%
2025-01-19 16:23:42,808 - INFO - Processing PM - 2025-01-16 21:14:00 UTC
2025-01-19 16:23:43,168 - INFO - Retrieved article length: 1666 characters
2025-01-19 16:23:43,418 - INFO - Retrieved article length: 674 characters
2025-01-19 16:23:43,479 - INFO - PMD: 1mo change of -20.09%
2025-01-19 16:23:43,479 - INFO - Processing PMD - 2024-11-13 00:15:09 UTC
2025-01-19 16:23:43,502 - INFO - PLUR: 1h change of 15.22%
2025-01-19 16:23:43,533 - INFO - Retrieved article length: 526 characters
2025-01-19 16:23:43,560 - INFO - Retrieved article length: 4855 characters
2025-01-19 16:23:43,570 - INFO - PM: 1h change of 3.51%
2025-01-19 16:23:43,589 - INFO - PLUR: 1wk change of 7.46%
2025-01-19 16:23:43,648 - INFO - PMEC: 1h change of 1.57%
2025-01-19 16:23:43,672 - INFO - PLUR: 1mo change of -10.59%
2025-01-19 16:23:43,672 - INFO - Processing PLUR - 2024-11-12 21:00:00 UTC
2025-01-19 16:23:43,673 - INFO - PM: 1mo change of -3.20%
2025-01-19 16:23:43,673 - INFO - Processing PM - 2025-01-16 21:10:00 UTC
2025-01-19 16:23:43,736 - INFO - PMEC: 1wk change of -4.14%
2025-01-19 16:23:43,824 - INFO - PMEC: 1mo change of -8.64%
2025-01-19 16:23:43,826 - INFO - Processing PMEC - 2025-01-07 16:30:00 UTC
2025-01-19 16:23:44,208 - INFO - Retrieved article length: 651 characters
2025-01-19 16:23:44,435 - INFO - Retrieved article length: 148 characters
2025-01-19 16:23:44,443 - INFO - PM: 1h change of 3.51%
2025-01-19 16:23:44,506 - INFO - PMD: 1mo change of -18.51%
2025-01-19 16:23:44,506 - INFO - Processing PMD - 2024-11-13 00:05:00 UTC
2025-01-19 16:23:44,546 - INFO - PM: 1mo change of -3.20%
2025-01-19 16:23:44,547 - INFO - Processing PM - 2025-01-16 14:50:18 UTC
2025-01-19 16:23:44,567 - INFO - Retrieved article length: 5356 characters
2025-01-19 16:23:44,575 - INFO - PMEC: 1h change of 1.57%
2025-01-19 16:23:44,582 - INFO - PMEC: 1wk change of -4.14%
2025-01-19 16:23:44,637 - INFO - PMEC: 1mo change of -8.64%
2025-01-19 16:23:44,637 - INFO - Processing PMEC - 2024-12-19 16:03:00 UTC
2025-01-19 16:23:44,719 - INFO - Retrieved article length: 1179 characters
2025-01-19 16:23:44,814 - INFO - PLUR: 1h change of 24.95%
2025-01-19 16:23:44,905 - INFO - PLUR: 1wk change of 3.07%
2025-01-19 16:23:44,993 - INFO - PLUR: 1mo change of -10.40%
2025-01-19 16:23:44,993 - INFO - Processing PLUR - 2024-11-11 14:00:00 UTC
2025-01-19 16:23:45,287 - INFO - Retrieved article length: 525 characters
2025-01-19 16:23:45,296 - INFO - PM: 1h change of 3.51%
2025-01-19 16:23:45,397 - INFO - PM: 1mo change of -3.20%
2025-01-19 16:23:45,397 - INFO - Processing PM - 2025-01-15 19:57:59 UTC
2025-01-19 16:23:45,422 - INFO - Retrieved article length: 6185 characters
2025-01-19 16:23:45,507 - INFO - PMEC: 1h change of -13.91%
2025-01-19 16:23:45,590 - INFO - PMEC: 1wk change of -3.68%
2025-01-19 16:23:45,616 - INFO - Retrieved article length: 1921 characters
2025-01-19 16:23:45,633 - INFO - PMD: 1mo change of -18.51%
2025-01-19 16:23:45,671 - INFO - PMEC: 1mo change of -6.45%
2025-01-19 16:23:45,672 - INFO - Processing PMEC - 2024-11-28 01:03:00 UTC
2025-01-19 16:23:45,760 - INFO - Processing PMN - 2025-01-13 18:30:00 UTC
2025-01-19 16:23:45,819 - INFO - Retrieved article length: 10035 characters
2025-01-19 16:23:45,908 - INFO - PLUR: 1h change of 17.34%
2025-01-19 16:23:45,995 - INFO - PLUR: 1wk change of 4.33%
2025-01-19 16:23:46,078 - INFO - PLUR: 1mo change of -7.45%
2025-01-19 16:23:46,121 - INFO - Retrieved article length: 1482 characters
2025-01-19 16:23:46,201 - INFO - Processing PMT - 2025-01-10 19:42:38 UTC
2025-01-19 16:23:46,210 - INFO - PM: 1h change of 2.94%
2025-01-19 16:23:46,418 - INFO - PM: 1mo change of -3.06%
2025-01-19 16:23:46,514 - INFO - Retrieved article length: 12218 characters
2025-01-19 16:23:46,532 - INFO - Processing PNC - 2025-01-18 16:15:19 UTC
2025-01-19 16:23:46,578 - INFO - Retrieved article length: 5272 characters
2025-01-19 16:23:46,596 - INFO - PMN: 1h change of -9.35%
2025-01-19 16:23:46,664 - INFO - PMEC: 1h change of -7.02%
2025-01-19 16:23:46,683 - INFO - PMN: 1wk change of -14.42%
2025-01-19 16:23:46,763 - INFO - PMN: 1mo change of -8.25%
2025-01-19 16:23:46,764 - INFO - Processing PMN - 2025-01-10 15:00:00 UTC
2025-01-19 16:23:46,833 - INFO - PMEC: 1mo change of -6.51%
2025-01-19 16:23:46,833 - INFO - Processing PMEC - 2024-11-21 16:00:00 UTC
2025-01-19 16:23:46,994 - INFO - Retrieved article length: 541 characters
2025-01-19 16:23:47,085 - INFO - PMT: 1h change of -2.18%
2025-01-19 16:23:47,281 - INFO - Retrieved article length: 1476 characters
2025-01-19 16:23:47,285 - INFO - PMT: 1mo change of -3.29%
2025-01-19 16:23:47,285 - INFO - Processing PMT - 2025-01-03 13:03:40 UTC
2025-01-19 16:23:47,377 - INFO - PNC: 1h change of 2.55%
2025-01-19 16:23:47,509 - INFO - PNC: 1wk change of 2.82%
2025-01-19 16:23:47,568 - INFO - Retrieved article length: 5384 characters
2025-01-19 16:23:47,604 - INFO - Retrieved article length: 10962 characters
2025-01-19 16:23:47,646 - INFO - Processing PNC - 2025-01-18 16:00:24 UTC
2025-01-19 16:23:47,653 - INFO - PMEC: 1h change of -6.17%
2025-01-19 16:23:47,688 - INFO - PMN: 1h change of -2.83%
2025-01-19 16:23:47,735 - INFO - PMEC: 1wk change of -1.36%
2025-01-19 16:23:47,772 - INFO - PMN: 1wk change of -6.32%
2025-01-19 16:23:47,819 - INFO - PMEC: 1mo change of -4.76%
2025-01-19 16:23:47,819 - INFO - Processing PMEC - 2024-11-11 16:00:00 UTC
2025-01-19 16:23:47,863 - INFO - PMN: 1mo change of -8.25%
2025-01-19 16:23:47,864 - INFO - Processing PMN - 2024-11-26 15:00:00 UTC
2025-01-19 16:23:48,142 - INFO - Retrieved article length: 7262 characters
2025-01-19 16:23:48,234 - INFO - PMT: 1h change of 1.04%
2025-01-19 16:23:48,353 - INFO - PMT: 1wk change of -4.33%
2025-01-19 16:23:48,457 - INFO - PMT: 1mo change of -3.51%
2025-01-19 16:23:48,458 - INFO - Processing PMT - 2024-12-13 16:00:00 UTC
2025-01-19 16:23:48,473 - INFO - Retrieved article length: 1505 characters
2025-01-19 16:23:48,528 - INFO - PNC: 1h change of 2.55%
2025-01-19 16:23:48,579 - INFO - PNC: 1wk change of 2.82%
2025-01-19 16:23:48,595 - INFO - Retrieved article length: 2623 characters
2025-01-19 16:23:48,600 - INFO - Retrieved article length: 6641 characters
2025-01-19 16:23:48,633 - INFO - Processing PNC - 2025-01-17 20:54:04 UTC
2025-01-19 16:23:48,687 - INFO - PMEC: 1h change of 5.14%
2025-01-19 16:23:48,716 - INFO - PMN: 1h change of -7.84%
2025-01-19 16:23:48,801 - INFO - PMN: 1wk change of -8.82%
2025-01-19 16:23:48,802 - INFO - PMEC: 1wk change of -10.13%
2025-01-19 16:23:48,885 - INFO - PMN: 1mo change of -8.16%
2025-01-19 16:23:48,885 - INFO - Processing PMN - 2024-11-14 17:15:00 UTC
2025-01-19 16:23:48,886 - INFO - PMEC: 1mo change of 20.40%
2025-01-19 16:23:49,008 - INFO - Processing PNFP - 2025-01-15 18:00:34 UTC
2025-01-19 16:23:49,118 - INFO - Retrieved article length: 8074 characters
2025-01-19 16:23:49,358 - INFO - PMT: 1wk change of -3.64%
2025-01-19 16:23:49,464 - INFO - PMT: 1mo change of -3.50%
2025-01-19 16:23:49,465 - INFO - Processing PMT - 2024-12-04 13:06:05 UTC
2025-01-19 16:23:49,522 - INFO - Retrieved article length: 673 characters
2025-01-19 16:23:49,735 - INFO - PNC: 1wk change of 2.78%
2025-01-19 16:23:49,861 - INFO - Processing PNC - 2025-01-17 20:39:04 UTC
2025-01-19 16:23:49,865 - INFO - Retrieved article length: 16284 characters
2025-01-19 16:23:49,869 - INFO - Retrieved article length: 6524 characters
2025-01-19 16:23:49,949 - INFO - PMN: 1h change of -3.92%
2025-01-19 16:23:49,952 - INFO - PNFP: 1h change of 6.00%
2025-01-19 16:23:50,031 - INFO - PMN: 1wk change of -4.63%
2025-01-19 16:23:50,046 - INFO - PNFP: 1wk change of 3.93%
2025-01-19 16:23:50,119 - INFO - PMN: 1mo change of -12.87%
2025-01-19 16:23:50,119 - INFO - Processing PMN - 2024-11-12 15:00:00 UTC
2025-01-19 16:23:50,140 - INFO - Processing PNFP - 2025-01-15 17:15:23 UTC
2025-01-19 16:23:50,233 - INFO - Retrieved article length: 7670 characters
2025-01-19 16:23:50,322 - INFO - PMT: 1h change of -1.11%
2025-01-19 16:23:50,528 - INFO - PMT: 1mo change of -6.76%
2025-01-19 16:23:50,529 - INFO - Processing PMT - 2024-11-25 16:30:00 UTC
2025-01-19 16:23:50,573 - INFO - Retrieved article length: 553 characters
2025-01-19 16:23:50,635 - INFO - PNC: 1wk change of 2.78%
2025-01-19 16:23:50,688 - INFO - Processing PNC - 2025-01-17 19:45:07 UTC
2025-01-19 16:23:50,906 - INFO - Retrieved article length: 4228 characters
2025-01-19 16:23:50,914 - INFO - PNFP: 1h change of 6.00%
2025-01-19 16:23:50,965 - INFO - PNFP: 1wk change of 3.93%
2025-01-19 16:23:51,001 - INFO - Retrieved article length: 2647 characters
2025-01-19 16:23:51,017 - INFO - Processing PNFP - 2025-01-15 17:12:04 UTC
2025-01-19 16:23:51,089 - INFO - PMN: 1h change of -6.66%
2025-01-19 16:23:51,168 - INFO - PMN: 1wk change of -11.11%
2025-01-19 16:23:51,249 - INFO - PMN: 1mo change of -11.65%
2025-01-19 16:23:51,250 - INFO - Processing PMN - 2024-10-30 15:00:00 UTC
2025-01-19 16:23:51,367 - INFO - Retrieved article length: 2602 characters
2025-01-19 16:23:51,457 - INFO - PMT: 1h change of -1.32%
2025-01-19 16:23:51,559 - INFO - PMT: 1wk change of 3.45%
2025-01-19 16:23:51,653 - INFO - Retrieved article length: 3242 characters
2025-01-19 16:23:51,705 - INFO - PMT: 1mo change of -6.24%
2025-01-19 16:23:51,705 - INFO - Processing PMT - 2024-11-14 16:00:00 UTC
2025-01-19 16:23:51,713 - INFO - PNC: 1wk change of 2.78%
2025-01-19 16:23:51,765 - INFO - Processing PNC - 2025-01-17 15:10:34 UTC
2025-01-19 16:23:51,824 - INFO - Retrieved article length: 6779 characters
2025-01-19 16:23:51,833 - INFO - PNFP: 1h change of 6.00%
2025-01-19 16:23:51,888 - INFO - PNFP: 1wk change of 3.93%
2025-01-19 16:23:51,941 - INFO - Processing PNFP - 2025-01-14 18:00:20 UTC
2025-01-19 16:23:51,945 - INFO - Retrieved article length: 10497 characters
2025-01-19 16:23:52,035 - INFO - PMN: 1h change of 25.95%
2025-01-19 16:23:52,126 - INFO - PMN: 1wk change of 12.63%
2025-01-19 16:23:52,217 - INFO - PMN: 1mo change of -31.30%
2025-01-19 16:23:52,328 - INFO - Processing PNRG - 2025-01-16 20:35:58 UTC
2025-01-19 16:23:52,453 - INFO - Retrieved article length: 8576 characters
2025-01-19 16:23:52,457 - INFO - Retrieved article length: 543 characters
2025-01-19 16:23:52,523 - INFO - PNC: 1wk change of 2.78%
2025-01-19 16:23:52,542 - INFO - PMT: 1h change of -2.17%
2025-01-19 16:23:52,575 - INFO - Processing PNC - 2025-01-17 15:07:10 UTC
2025-01-19 16:23:52,692 - INFO - Retrieved article length: 5623 characters
2025-01-19 16:23:52,745 - INFO - PMT: 1mo change of -5.99%
2025-01-19 16:23:52,746 - INFO - Processing PMT - 2024-11-01 16:01:42 UTC
2025-01-19 16:23:52,789 - INFO - PNFP: 1h change of 7.66%
2025-01-19 16:23:52,894 - INFO - PNFP: 1wk change of 3.93%
2025-01-19 16:23:52,998 - INFO - Processing PNFP - 2025-01-09 20:00:00 UTC
2025-01-19 16:23:53,154 - INFO - Retrieved article length: 4002 characters
2025-01-19 16:23:53,243 - INFO - PNRG: 1h change of 4.64%
2025-01-19 16:23:53,281 - INFO - Retrieved article length: 547 characters
2025-01-19 16:23:53,342 - INFO - PNC: 1wk change of 2.78%
2025-01-19 16:23:53,396 - INFO - Processing PNC - 2025-01-17 14:52:33 UTC
2025-01-19 16:23:53,409 - INFO - PNRG: 1mo change of 10.55%
2025-01-19 16:23:53,410 - INFO - Processing PNRG - 2025-01-13 22:15:00 UTC
2025-01-19 16:23:53,565 - INFO - Retrieved article length: 2096 characters
2025-01-19 16:23:53,653 - INFO - PMT: 1h change of -3.88%
2025-01-19 16:23:53,744 - INFO - Retrieved article length: 2439 characters
2025-01-19 16:23:53,754 - INFO - PMT: 1wk change of -1.68%
2025-01-19 16:23:53,832 - INFO - PNFP: 1h change of -2.37%
2025-01-19 16:23:53,861 - INFO - PMT: 1mo change of -3.24%
2025-01-19 16:23:53,862 - INFO - Processing PMT - 2024-10-25 15:42:00 UTC
2025-01-19 16:23:53,935 - INFO - PNFP: 1wk change of 5.42%
2025-01-19 16:23:54,038 - INFO - PNFP: 1mo change of -3.74%
2025-01-19 16:23:54,038 - INFO - Processing PNFP - 2025-01-03 20:10:16 UTC
2025-01-19 16:23:54,082 - INFO - Retrieved article length: 544 characters
2025-01-19 16:23:54,108 - INFO - Retrieved article length: 132 characters
2025-01-19 16:23:54,145 - INFO - PNC: 1wk change of 2.78%
2025-01-19 16:23:54,196 - INFO - PNRG: 1h change of 1.36%
2025-01-19 16:23:54,310 - INFO - Processing PNW - 2025-01-13 19:40:12 UTC
2025-01-19 16:23:54,367 - INFO - PNRG: 1mo change of 12.42%
2025-01-19 16:23:54,367 - INFO - Processing PNRG - 2025-01-07 13:58:00 UTC
2025-01-19 16:23:54,588 - INFO - Retrieved article length: 2552 characters
2025-01-19 16:23:54,775 - INFO - PMT: 1wk change of -4.36%
2025-01-19 16:23:54,806 - INFO - Retrieved article length: 3420 characters
2025-01-19 16:23:54,876 - INFO - PMT: 1mo change of -2.16%
2025-01-19 16:23:54,985 - INFO - Processing POAI - 2025-01-16 16:00:00 UTC
2025-01-19 16:23:54,986 - INFO - PNFP: 1wk change of -2.06%
2025-01-19 16:23:55,083 - INFO - PNFP: 1mo change of -5.66%
2025-01-19 16:23:55,083 - INFO - Processing PNFP - 2024-12-31 14:38:42 UTC
2025-01-19 16:23:55,175 - INFO - Retrieved article length: 2730 characters
2025-01-19 16:23:55,205 - INFO - Retrieved article length: 8838 characters
2025-01-19 16:23:55,260 - INFO - PNW: 1h change of 1.63%
2025-01-19 16:23:55,291 - INFO - PNRG: 1h change of -2.02%
2025-01-19 16:23:55,377 - INFO - PNRG: 1wk change of -5.87%
2025-01-19 16:23:55,425 - INFO - PNW: 1wk change of 2.84%
2025-01-19 16:23:55,462 - INFO - PNRG: 1mo change of 2.68%
2025-01-19 16:23:55,462 - INFO - Processing PNRG - 2025-01-07 00:12:00 UTC
2025-01-19 16:23:55,593 - INFO - PNW: 1mo change of -4.20%
2025-01-19 16:23:55,593 - INFO - Processing PNW - 2025-01-10 17:06:00 UTC
2025-01-19 16:23:55,762 - INFO - Retrieved article length: 5578 characters
2025-01-19 16:23:55,855 - INFO - POAI: 1h change of -2.42%
2025-01-19 16:23:55,892 - INFO - Retrieved article length: 536 characters
2025-01-19 16:23:55,938 - INFO - POAI: 1wk change of -35.98%
2025-01-19 16:23:55,979 - INFO - PNFP: 1h change of 1.49%
2025-01-19 16:23:56,020 - INFO - POAI: 1mo change of 53.16%
2025-01-19 16:23:56,020 - INFO - Processing POAI - 2025-01-07 17:15:00 UTC
2025-01-19 16:23:56,118 - INFO - PNFP: 1wk change of 1.60%
2025-01-19 16:23:56,231 - INFO - PNFP: 1mo change of -6.50%
2025-01-19 16:23:56,232 - INFO - Processing PNFP - 2024-12-19 16:18:58 UTC
2025-01-19 16:23:56,315 - INFO - Retrieved article length: 10757 characters
2025-01-19 16:23:56,323 - INFO - PNRG: 1h change of -2.02%
2025-01-19 16:23:56,328 - INFO - PNRG: 1wk change of -5.87%
2025-01-19 16:23:56,379 - INFO - PNRG: 1mo change of 2.68%
2025-01-19 16:23:56,379 - INFO - Processing PNRG - 2024-12-27 22:18:00 UTC
2025-01-19 16:23:56,481 - INFO - Retrieved article length: 8637 characters
2025-01-19 16:23:56,734 - INFO - PNW: 1wk change of 2.21%
2025-01-19 16:23:56,769 - INFO - Retrieved article length: 7334 characters
2025-01-19 16:23:56,857 - INFO - POAI: 1h change of -18.98%
2025-01-19 16:23:56,903 - INFO - PNW: 1mo change of -5.40%
2025-01-19 16:23:56,904 - INFO - Processing PNW - 2025-01-09 22:46:51 UTC
2025-01-19 16:23:56,938 - INFO - POAI: 1wk change of 49.05%
2025-01-19 16:23:57,019 - INFO - POAI: 1mo change of 47.56%
2025-01-19 16:23:57,019 - INFO - Processing POAI - 2025-01-06 17:15:00 UTC
2025-01-19 16:23:57,031 - INFO - Retrieved article length: 136 characters
2025-01-19 16:23:57,086 - INFO - Retrieved article length: 554 characters
2025-01-19 16:23:57,115 - INFO - PNRG: 1h change of 6.18%
2025-01-19 16:23:57,171 - INFO - PNFP: 1h change of -4.45%
2025-01-19 16:23:57,197 - INFO - PNRG: 1wk change of 14.26%
2025-01-19 16:23:57,283 - INFO - PNRG: 1mo change of 5.13%
2025-01-19 16:23:57,284 - INFO - Processing PNRG - 2024-12-26 17:28:38 UTC
2025-01-19 16:23:57,305 - INFO - PNFP: 1wk change of -6.61%
2025-01-19 16:23:57,406 - INFO - PNFP: 1mo change of -2.84%
2025-01-19 16:23:57,512 - INFO - Processing POCI - 2024-11-15 00:31:00 UTC
2025-01-19 16:23:57,606 - INFO - PNRG: 1h change of 20.99%
2025-01-19 16:23:57,614 - INFO - Retrieved article length: 6295 characters
2025-01-19 16:23:57,689 - INFO - PNRG: 1wk change of 13.10%
2025-01-19 16:23:57,712 - INFO - PNW: 1h change of -2.04%
2025-01-19 16:23:57,752 - INFO - Retrieved article length: 7161 characters
2025-01-19 16:23:57,770 - INFO - PNRG: 1mo change of 3.58%
2025-01-19 16:23:57,770 - INFO - Processing PNRG - 2024-12-23 17:03:48 UTC
2025-01-19 16:23:57,839 - INFO - POAI: 1h change of 1.80%
2025-01-19 16:23:57,852 - INFO - PNW: 1wk change of 2.17%
2025-01-19 16:23:57,942 - INFO - POAI: 1wk change of 20.20%
2025-01-19 16:23:57,977 - INFO - PNW: 1mo change of -6.28%
2025-01-19 16:23:57,977 - INFO - Processing PNW - 2025-01-09 17:40:12 UTC
2025-01-19 16:23:58,030 - INFO - POAI: 1mo change of 47.02%
2025-01-19 16:23:58,030 - INFO - Processing POAI - 2025-01-06 17:10:00 UTC
2025-01-19 16:23:58,362 - INFO - Retrieved article length: 6624 characters
2025-01-19 16:23:58,454 - INFO - POCI: 1h change of 8.51%
2025-01-19 16:23:58,507 - INFO - Retrieved article length: 7201 characters
2025-01-19 16:23:58,535 - INFO - POCI: 1wk change of 18.56%
2025-01-19 16:23:58,592 - INFO - PNRG: 1h change of 14.35%
2025-01-19 16:23:58,615 - INFO - POCI: 1mo change of 20.28%
2025-01-19 16:23:58,615 - INFO - Processing POCI - 2024-11-15 00:30:00 UTC
2025-01-19 16:23:58,677 - INFO - PNRG: 1wk change of 15.78%
2025-01-19 16:23:58,754 - INFO - Retrieved article length: 2580 characters
2025-01-19 16:23:58,756 - INFO - PNRG: 1mo change of 10.83%
2025-01-19 16:23:58,757 - INFO - Processing PNRG - 2024-11-20 20:24:00 UTC
2025-01-19 16:23:58,763 - INFO - PNW: 1h change of -2.04%
2025-01-19 16:23:58,770 - INFO - PNW: 1wk change of 2.17%
2025-01-19 16:23:58,803 - INFO - Retrieved article length: 8473 characters
2025-01-19 16:23:58,812 - INFO - POAI: 1h change of 1.80%
2025-01-19 16:23:58,817 - INFO - POAI: 1wk change of 20.20%
2025-01-19 16:23:58,821 - INFO - PNW: 1mo change of -6.28%
2025-01-19 16:23:58,821 - INFO - Processing PNW - 2025-01-09 17:20:00 UTC
2025-01-19 16:23:58,869 - INFO - POAI: 1mo change of 47.02%
2025-01-19 16:23:58,870 - INFO - Processing POAI - 2024-12-03 15:00:00 UTC
2025-01-19 16:23:59,443 - INFO - Retrieved article length: 13350 characters
2025-01-19 16:23:59,451 - INFO - POCI: 1h change of 8.51%
2025-01-19 16:23:59,457 - INFO - POCI: 1wk change of 18.56%
2025-01-19 16:23:59,462 - INFO - POCI: 1mo change of 20.28%
2025-01-19 16:23:59,463 - INFO - Processing POCI - 2024-11-12 00:15:00 UTC
2025-01-19 16:23:59,490 - INFO - Retrieved article length: 4685 characters
2025-01-19 16:23:59,572 - INFO - PNRG: 1h change of 3.40%
2025-01-19 16:23:59,577 - INFO - Retrieved article length: 4460 characters
2025-01-19 16:23:59,654 - INFO - PNRG: 1wk change of 10.07%
2025-01-19 16:23:59,663 - INFO - POAI: 1h change of -7.05%
2025-01-19 16:23:59,692 - INFO - Retrieved article length: 6468 characters
2025-01-19 16:23:59,700 - INFO - PNW: 1h change of -2.04%
2025-01-19 16:23:59,706 - INFO - PNW: 1wk change of 2.17%
2025-01-19 16:23:59,735 - INFO - PNRG: 1mo change of 20.66%
2025-01-19 16:23:59,745 - INFO - POAI: 1wk change of 4.77%
2025-01-19 16:23:59,757 - INFO - PNW: 1mo change of -6.28%
2025-01-19 16:23:59,758 - INFO - Processing PNW - 2025-01-01 16:40:44 UTC
2025-01-19 16:23:59,841 - INFO - POAI: 1mo change of 152.00%
2025-01-19 16:23:59,841 - INFO - Processing POAI - 2024-11-15 14:15:55 UTC
2025-01-19 16:23:59,851 - INFO - Processing PODC - 2025-01-16 20:04:00 UTC
2025-01-19 16:24:00,324 - INFO - Retrieved article length: 4323 characters
2025-01-19 16:24:00,482 - INFO - Retrieved article length: 6474 characters
2025-01-19 16:24:00,490 - INFO - POCI: 1wk change of 22.06%
2025-01-19 16:24:00,553 - INFO - Retrieved article length: 5365 characters
2025-01-19 16:24:00,572 - INFO - POCI: 1mo change of 14.44%
2025-01-19 16:24:00,572 - INFO - Processing POCI - 2024-11-11 20:08:37 UTC
2025-01-19 16:24:00,646 - INFO - PODC: 1h change of 2.17%
2025-01-19 16:24:00,726 - INFO - PODC: 1wk change of 7.31%
2025-01-19 16:24:00,746 - INFO - Retrieved article length: 1977 characters
2025-01-19 16:24:00,749 - INFO - PNW: 1wk change of -3.81%
2025-01-19 16:24:00,806 - INFO - Processing PODC - 2025-01-16 15:30:00 UTC
2025-01-19 16:24:00,833 - INFO - POAI: 1h change of -13.15%
2025-01-19 16:24:00,870 - INFO - PNW: 1mo change of -8.34%
2025-01-19 16:24:00,870 - INFO - Processing PNW - 2024-12-27 20:00:10 UTC
2025-01-19 16:24:00,914 - INFO - POAI: 1wk change of 2.86%
2025-01-19 16:24:00,999 - INFO - POAI: 1mo change of 16.78%
2025-01-19 16:24:00,999 - INFO - Processing POAI - 2024-11-13 15:00:00 UTC
2025-01-19 16:24:01,483 - INFO - Retrieved article length: 5472 characters
2025-01-19 16:24:01,492 - INFO - PODC: 1h change of 2.17%
2025-01-19 16:24:01,543 - INFO - PODC: 1wk change of 7.31%
2025-01-19 16:24:01,591 - INFO - Retrieved article length: 7335 characters
2025-01-19 16:24:01,594 - INFO - Processing PODC - 2025-01-13 17:30:00 UTC
2025-01-19 16:24:01,675 - INFO - POCI: 1h change of -7.40%
2025-01-19 16:24:01,756 - INFO - POCI: 1wk change of 30.81%
2025-01-19 16:24:01,760 - INFO - Retrieved article length: 4604 characters
2025-01-19 16:24:01,835 - INFO - POCI: 1mo change of 13.33%
2025-01-19 16:24:01,835 - INFO - Processing POCI - 2024-10-29 16:00:00 UTC
2025-01-19 16:24:01,838 - INFO - Retrieved article length: 12272 characters
2025-01-19 16:24:01,927 - INFO - POAI: 1h change of -3.90%
2025-01-19 16:24:02,006 - INFO - PNW: 1wk change of -2.15%
2025-01-19 16:24:02,010 - INFO - POAI: 1wk change of 5.73%
2025-01-19 16:24:02,095 - INFO - POAI: 1mo change of 10.86%
2025-01-19 16:24:02,155 - INFO - PNW: 1mo change of -6.77%
2025-01-19 16:24:02,156 - INFO - Processing PNW - 2024-12-27 17:40:16 UTC
2025-01-19 16:24:02,222 - INFO - Processing PODD - 2025-01-16 19:40:08 UTC
2025-01-19 16:24:02,319 - INFO - Retrieved article length: 6473 characters
2025-01-19 16:24:02,480 - INFO - PODC: 1h change of 11.11%
2025-01-19 16:24:02,592 - INFO - PODC: 1wk change of 12.98%
2025-01-19 16:24:02,686 - INFO - PODC: 1mo change of -5.24%
2025-01-19 16:24:02,686 - INFO - Processing PODC - 2025-01-10 16:13:27 UTC
2025-01-19 16:24:02,817 - INFO - Retrieved article length: 3010 characters
2025-01-19 16:24:02,833 - INFO - PNW: 1wk change of -2.15%
2025-01-19 16:24:02,883 - INFO - Retrieved article length: 2839 characters
2025-01-19 16:24:02,884 - INFO - PNW: 1mo change of -6.77%
2025-01-19 16:24:02,887 - INFO - Retrieved article length: 5528 characters
2025-01-19 16:24:02,981 - INFO - POCI: 1h change of -2.31%
2025-01-19 16:24:02,982 - INFO - PODD: 1h change of 2.89%
2025-01-19 16:24:03,004 - INFO - Processing POET - 2025-01-17 21:54:14 UTC
2025-01-19 16:24:03,068 - INFO - PODD: 1wk change of 2.76%
2025-01-19 16:24:03,068 - INFO - POCI: 1wk change of 7.38%
2025-01-19 16:24:03,154 - INFO - POCI: 1mo change of -15.44%
2025-01-19 16:24:03,154 - INFO - PODD: 1mo change of 1.50%
2025-01-19 16:24:03,154 - INFO - Processing PODD - 2025-01-14 15:51:00 UTC
2025-01-19 16:24:03,289 - INFO - Processing POLA - 2024-12-30 18:35:55 UTC
2025-01-19 16:24:03,353 - INFO - Retrieved article length: 6829 characters
2025-01-19 16:24:03,454 - INFO - PODC: 1h change of 13.35%
2025-01-19 16:24:03,537 - INFO - PODC: 1wk change of 8.80%
2025-01-19 16:24:03,617 - INFO - PODC: 1mo change of -4.86%
2025-01-19 16:24:03,618 - INFO - Processing PODC - 2025-01-08 16:00:00 UTC
2025-01-19 16:24:03,659 - INFO - Retrieved article length: 5523 characters
2025-01-19 16:24:03,832 - INFO - POET: 1wk change of -17.50%
2025-01-19 16:24:03,912 - INFO - POET: 1mo change of 16.47%
2025-01-19 16:24:03,913 - INFO - Processing POET - 2025-01-13 20:36:52 UTC
2025-01-19 16:24:04,011 - INFO - Retrieved article length: 5371 characters
2025-01-19 16:24:04,033 - INFO - Retrieved article length: 512 characters
2025-01-19 16:24:04,119 - INFO - POLA: 1h change of 12.32%
2025-01-19 16:24:04,197 - INFO - PODD: 1wk change of 2.76%
2025-01-19 16:24:04,202 - INFO - POLA: 1wk change of 16.03%
2025-01-19 16:24:04,287 - INFO - Processing PODD - 2025-01-14 01:05:55 UTC
2025-01-19 16:24:04,287 - INFO - Processing POLA - 2024-12-30 17:15:00 UTC
2025-01-19 16:24:04,544 - INFO - Retrieved article length: 9704 characters
2025-01-19 16:24:04,639 - INFO - PODC: 1h change of 7.29%
2025-01-19 16:24:04,692 - INFO - Retrieved article length: 5920 characters
2025-01-19 16:24:04,721 - INFO - PODC: 1wk change of 5.86%
2025-01-19 16:24:04,780 - INFO - POET: 1h change of 4.56%
2025-01-19 16:24:04,801 - INFO - PODC: 1mo change of 11.90%
2025-01-19 16:24:04,802 - INFO - Processing PODC - 2025-01-02 16:46:00 UTC
2025-01-19 16:24:04,909 - INFO - POET: 1wk change of -26.67%
2025-01-19 16:24:04,999 - INFO - POET: 1mo change of -4.62%
2025-01-19 16:24:04,999 - INFO - Processing POET - 2024-12-31 16:02:49 UTC
2025-01-19 16:24:05,199 - INFO - Retrieved article length: 526 characters
2025-01-19 16:24:05,207 - INFO - Retrieved article length: 4143 characters
2025-01-19 16:24:05,216 - INFO - POLA: 1h change of 12.32%
2025-01-19 16:24:05,222 - INFO - POLA: 1wk change of 16.03%
2025-01-19 16:24:05,259 - INFO - PODD: 1wk change of 2.76%
2025-01-19 16:24:05,275 - INFO - Processing POLA - 2024-11-20 15:57:59 UTC
2025-01-19 16:24:05,311 - INFO - Processing PODD - 2025-01-14 00:01:00 UTC
2025-01-19 16:24:05,497 - INFO - Retrieved article length: 5449 characters
2025-01-19 16:24:05,588 - INFO - PODC: 1h change of -8.01%
2025-01-19 16:24:05,673 - INFO - PODC: 1wk change of 13.62%
2025-01-19 16:24:05,753 - INFO - PODC: 1mo change of 8.29%
2025-01-19 16:24:05,753 - INFO - Processing PODC - 2024-12-31 16:30:00 UTC
2025-01-19 16:24:05,794 - INFO - Retrieved article length: 503 characters
2025-01-19 16:24:05,878 - INFO - POET: 1h change of -7.46%
2025-01-19 16:24:05,957 - INFO - POET: 1wk change of 13.37%
2025-01-19 16:24:06,010 - INFO - Retrieved article length: 6468 characters
2025-01-19 16:24:06,038 - INFO - POET: 1mo change of -2.17%
2025-01-19 16:24:06,038 - INFO - Processing POET - 2024-12-31 15:54:02 UTC
2025-01-19 16:24:06,069 - INFO - PODD: 1wk change of 2.76%
2025-01-19 16:24:06,084 - INFO - Retrieved article length: 1700 characters
2025-01-19 16:24:06,122 - INFO - Processing PODD - 2025-01-10 14:00:00 UTC
2025-01-19 16:24:06,238 - INFO - POET: 1h change of -7.46%
2025-01-19 16:24:06,243 - INFO - POET: 1wk change of 13.37%
2025-01-19 16:24:06,260 - INFO - POLA: 1wk change of -10.42%
2025-01-19 16:24:06,294 - INFO - POET: 1mo change of -2.17%
2025-01-19 16:24:06,295 - INFO - Processing POET - 2024-12-31 15:01:00 UTC
2025-01-19 16:24:06,344 - INFO - POLA: 1mo change of -9.52%
2025-01-19 16:24:06,344 - INFO - Processing POLA - 2024-11-15 15:00:00 UTC
2025-01-19 16:24:06,511 - INFO - Retrieved article length: 5968 characters
2025-01-19 16:24:06,602 - INFO - PODC: 1h change of -3.57%
2025-01-19 16:24:06,687 - INFO - PODC: 1wk change of 7.04%
2025-01-19 16:24:06,772 - INFO - PODC: 1mo change of 9.30%
2025-01-19 16:24:06,772 - INFO - Processing PODC - 2024-12-30 17:28:00 UTC
2025-01-19 16:24:06,858 - INFO - Retrieved article length: 2584 characters
2025-01-19 16:24:06,945 - INFO - PODD: 1h change of 1.80%
2025-01-19 16:24:07,027 - INFO - PODD: 1wk change of 5.65%
2025-01-19 16:24:07,078 - INFO - Retrieved article length: 6332 characters
2025-01-19 16:24:07,086 - ERROR - Error fetching article content: ('Connection broken: IncompleteRead(6500 bytes read, 3740 more expected)', IncompleteRead(6500 bytes read, 3740 more expected))
2025-01-19 16:24:07,094 - INFO - POET: 1h change of -7.46%
2025-01-19 16:24:07,099 - INFO - POET: 1wk change of 13.37%
2025-01-19 16:24:07,109 - INFO - PODD: 1mo change of 3.90%
2025-01-19 16:24:07,109 - INFO - Processing PODD - 2025-01-09 14:21:32 UTC
2025-01-19 16:24:07,150 - INFO - POET: 1mo change of -2.17%
2025-01-19 16:24:07,151 - INFO - Processing POET - 2024-12-26 11:24:33 UTC
2025-01-19 16:24:07,163 - INFO - POLA: 1h change of 1.27%
2025-01-19 16:24:07,245 - INFO - POLA: 1wk change of 9.74%
2025-01-19 16:24:07,335 - INFO - POLA: 1mo change of -16.00%
2025-01-19 16:24:07,335 - INFO - Processing POLA - 2024-11-15 00:05:00 UTC
2025-01-19 16:24:07,472 - INFO - Retrieved article length: 5705 characters
2025-01-19 16:24:07,563 - INFO - PODC: 1h change of -3.57%
2025-01-19 16:24:07,654 - INFO - PODC: 1wk change of 1.33%
2025-01-19 16:24:07,735 - INFO - PODC: 1mo change of 25.00%
2025-01-19 16:24:07,845 - INFO - Retrieved article length: 521 characters
2025-01-19 16:24:07,846 - INFO - Processing POR - 2025-01-15 02:00:00 UTC
2025-01-19 16:24:07,936 - INFO - PODD: 1h change of 2.25%
2025-01-19 16:24:08,019 - INFO - PODD: 1wk change of 4.73%
2025-01-19 16:24:08,091 - INFO - Retrieved article length: 5333 characters
2025-01-19 16:24:08,100 - INFO - PODD: 1mo change of 3.08%
2025-01-19 16:24:08,100 - INFO - Processing PODD - 2025-01-08 17:45:12 UTC
2025-01-19 16:24:08,147 - INFO - Retrieved article length: 11187 characters
2025-01-19 16:24:08,155 - INFO - POLA: 1h change of 1.27%
2025-01-19 16:24:08,161 - INFO - POLA: 1wk change of 9.74%
2025-01-19 16:24:08,169 - INFO - POLA: 1mo change of -16.00%
2025-01-19 16:24:08,169 - INFO - Processing POLA - 2024-10-29 14:30:00 UTC
2025-01-19 16:24:08,175 - INFO - POET: 1h change of 27.32%
2025-01-19 16:24:08,260 - INFO - POET: 1wk change of 47.38%
2025-01-19 16:24:08,348 - INFO - POET: 1mo change of 22.52%
2025-01-19 16:24:08,348 - INFO - Processing POET - 2024-12-24 01:13:42 UTC
2025-01-19 16:24:08,733 - INFO - Retrieved article length: 2687 characters
2025-01-19 16:24:08,823 - INFO - POR: 1h change of 4.59%
2025-01-19 16:24:08,889 - INFO - Retrieved article length: 2408 characters
2025-01-19 16:24:08,922 - INFO - POR: 1wk change of -1.20%
2025-01-19 16:24:08,973 - INFO - PODD: 1h change of 1.25%
2025-01-19 16:24:09,000 - INFO - Retrieved article length: 6642 characters
2025-01-19 16:24:09,021 - INFO - POR: 1mo change of -6.34%
2025-01-19 16:24:09,022 - INFO - Processing POR - 2025-01-05 15:23:29 UTC
2025-01-19 16:24:09,056 - INFO - PODD: 1wk change of 4.73%
2025-01-19 16:24:09,136 - INFO - PODD: 1mo change of 2.45%
2025-01-19 16:24:09,136 - INFO - Processing PODD - 2025-01-07 20:23:22 UTC
2025-01-19 16:24:09,166 - INFO - POLA: 1wk change of 6.38%
2025-01-19 16:24:09,253 - INFO - Retrieved article length: 492 characters
2025-01-19 16:24:09,255 - INFO - POLA: 1mo change of -18.13%
2025-01-19 16:24:09,343 - INFO - POET: 1h change of 27.60%
2025-01-19 16:24:09,379 - INFO - Processing POST - 2025-01-16 17:49:00 UTC
2025-01-19 16:24:09,428 - INFO - POET: 1wk change of 34.72%
2025-01-19 16:24:09,520 - INFO - POET: 1mo change of 21.62%
2025-01-19 16:24:09,520 - INFO - Processing POET - 2024-12-24 00:36:39 UTC
2025-01-19 16:24:09,786 - INFO - Retrieved article length: 3717 characters
2025-01-19 16:24:09,890 - INFO - POR: 1h change of -1.63%
2025-01-19 16:24:09,948 - INFO - Retrieved article length: 146 characters
2025-01-19 16:24:09,985 - INFO - POR: 1wk change of -6.24%
2025-01-19 16:24:10,035 - INFO - PODD: 1h change of 1.25%
2025-01-19 16:24:10,081 - INFO - POR: 1mo change of -10.40%
2025-01-19 16:24:10,081 - INFO - Processing POR - 2025-01-03 15:53:05 UTC
2025-01-19 16:24:10,085 - INFO - Retrieved article length: 5963 characters
2025-01-19 16:24:10,118 - INFO - PODD: 1wk change of 3.61%
2025-01-19 16:24:10,200 - INFO - PODD: 1mo change of 2.28%
2025-01-19 16:24:10,262 - INFO - POST: 1wk change of -1.43%
2025-01-19 16:24:10,318 - INFO - Processing POWW - 2024-12-31 16:09:29 UTC
2025-01-19 16:24:10,346 - INFO - POST: 1mo change of -9.92%
2025-01-19 16:24:10,346 - INFO - Processing POST - 2025-01-15 17:40:17 UTC
2025-01-19 16:24:10,368 - INFO - Retrieved article length: 568 characters
2025-01-19 16:24:10,377 - INFO - POET: 1h change of 27.60%
2025-01-19 16:24:10,383 - INFO - POET: 1wk change of 34.72%
2025-01-19 16:24:10,437 - INFO - POET: 1mo change of 21.62%
2025-01-19 16:24:10,578 - INFO - Processing POWWP - 2024-12-31 16:09:29 UTC
2025-01-19 16:24:10,832 - INFO - Retrieved article length: 496 characters
2025-01-19 16:24:10,919 - INFO - POR: 1h change of -1.26%
2025-01-19 16:24:11,012 - INFO - POR: 1wk change of -7.33%
2025-01-19 16:24:11,015 - INFO - Retrieved article length: 2879 characters
2025-01-19 16:24:11,099 - INFO - POST: 1h change of 1.48%
2025-01-19 16:24:11,113 - INFO - POR: 1mo change of -11.73%
2025-01-19 16:24:11,114 - INFO - Processing POR - 2024-12-21 06:44:00 UTC
2025-01-19 16:24:11,129 - INFO - Retrieved article length: 7130 characters
2025-01-19 16:24:11,182 - INFO - POST: 1wk change of -1.43%
2025-01-19 16:24:11,216 - INFO - POWW: 1h change of 3.29%
2025-01-19 16:24:11,268 - INFO - POST: 1mo change of -9.21%
2025-01-19 16:24:11,268 - INFO - Processing POST - 2025-01-10 17:21:38 UTC
2025-01-19 16:24:11,299 - INFO - POWW: 1wk change of 32.65%
2025-01-19 16:24:11,328 - INFO - Retrieved article length: 7130 characters
2025-01-19 16:24:11,384 - INFO - POWW: 1mo change of 22.95%
2025-01-19 16:24:11,385 - INFO - Processing POWW - 2024-11-26 14:15:00 UTC
2025-01-19 16:24:11,414 - INFO - POWWP: 1h change of 3.78%
2025-01-19 16:24:11,500 - INFO - POWWP: 1wk change of 4.22%
2025-01-19 16:24:11,608 - INFO - POWWP: 1mo change of -6.65%
2025-01-19 16:24:11,609 - INFO - Processing POWWP - 2024-11-26 14:15:00 UTC
2025-01-19 16:24:11,889 - INFO - Retrieved article length: 13159 characters
2025-01-19 16:24:12,092 - INFO - POR: 1wk change of -2.48%
2025-01-19 16:24:12,127 - INFO - Retrieved article length: 7011 characters
2025-01-19 16:24:12,135 - INFO - Retrieved article length: 4603 characters
2025-01-19 16:24:12,195 - INFO - POR: 1mo change of -9.58%
2025-01-19 16:24:12,195 - INFO - Processing POR - 2024-12-18 23:38:02 UTC
2025-01-19 16:24:12,213 - INFO - POWW: 1h change of -9.29%
2025-01-19 16:24:12,222 - INFO - POST: 1h change of -1.62%
2025-01-19 16:24:12,294 - INFO - POWW: 1wk change of -6.56%
2025-01-19 16:24:12,301 - INFO - Retrieved article length: 7011 characters
2025-01-19 16:24:12,303 - INFO - POST: 1wk change of -5.75%
2025-01-19 16:24:12,383 - INFO - POWW: 1mo change of -5.93%
2025-01-19 16:24:12,384 - INFO - Processing POWW - 2024-11-23 01:00:00 UTC
2025-01-19 16:24:12,385 - INFO - POST: 1mo change of -8.17%
2025-01-19 16:24:12,385 - INFO - Processing POST - 2025-01-10 01:00:00 UTC
2025-01-19 16:24:12,386 - INFO - POWWP: 1h change of 3.89%
2025-01-19 16:24:12,477 - INFO - POWWP: 1wk change of -4.72%
2025-01-19 16:24:12,569 - INFO - POWWP: 1mo change of -8.83%
2025-01-19 16:24:12,569 - INFO - Processing POWWP - 2024-11-23 01:00:00 UTC
2025-01-19 16:24:12,977 - INFO - Retrieved article length: 7860 characters
2025-01-19 16:24:13,071 - INFO - POR: 1h change of -1.46%
2025-01-19 16:24:13,170 - INFO - POR: 1wk change of -3.97%
2025-01-19 16:24:13,181 - INFO - Retrieved article length: 3780 characters
2025-01-19 16:24:13,234 - INFO - Retrieved article length: 2986 characters
2025-01-19 16:24:13,243 - INFO - POST: 1h change of -1.62%
2025-01-19 16:24:13,266 - INFO - POWW: 1h change of 7.05%
2025-01-19 16:24:13,284 - INFO - POR: 1mo change of -8.70%
2025-01-19 16:24:13,284 - INFO - Processing POR - 2024-12-09 13:16:47 UTC
2025-01-19 16:24:13,295 - INFO - POST: 1wk change of -5.75%
2025-01-19 16:24:13,324 - INFO - Retrieved article length: 3780 characters
2025-01-19 16:24:13,348 - INFO - POST: 1mo change of -8.17%
2025-01-19 16:24:13,348 - INFO - Processing POST - 2025-01-07 16:04:00 UTC
2025-01-19 16:24:13,351 - INFO - POWW: 1wk change of -8.46%
2025-01-19 16:24:13,436 - INFO - POWW: 1mo change of -14.52%
2025-01-19 16:24:13,436 - INFO - Processing POWW - 2024-11-06 20:05:43 UTC
2025-01-19 16:24:13,497 - INFO - POWWP: 1wk change of 3.50%
2025-01-19 16:24:13,582 - INFO - POWWP: 1mo change of -12.90%
2025-01-19 16:24:13,582 - INFO - Processing POWWP - 2024-11-06 20:05:43 UTC
2025-01-19 16:24:14,223 - INFO - Retrieved article length: 7179 characters
2025-01-19 16:24:14,234 - INFO - Retrieved article length: 7540 characters
2025-01-19 16:24:14,297 - INFO - Retrieved article length: 4831 characters
2025-01-19 16:24:14,311 - INFO - POWW: 1h change of 3.81%
2025-01-19 16:24:14,318 - INFO - POST: 1h change of -4.09%
2025-01-19 16:24:14,351 - INFO - Retrieved article length: 7179 characters
2025-01-19 16:24:14,381 - INFO - POR: 1h change of -1.23%
2025-01-19 16:24:14,399 - INFO - POST: 1wk change of -5.22%
2025-01-19 16:24:14,437 - INFO - POWWP: 1h change of 12.34%
2025-01-19 16:24:14,475 - INFO - POWW: 1mo change of -15.44%
2025-01-19 16:24:14,475 - INFO - Processing POWW - 2024-10-31 13:19:44 UTC
2025-01-19 16:24:14,477 - INFO - POR: 1wk change of -8.89%
2025-01-19 16:24:14,480 - INFO - POST: 1mo change of -9.90%
2025-01-19 16:24:14,481 - INFO - Processing POST - 2024-12-27 12:02:36 UTC
2025-01-19 16:24:14,531 - INFO - POWWP: 1wk change of 7.50%
2025-01-19 16:24:14,576 - INFO - POR: 1mo change of -11.09%
2025-01-19 16:24:14,576 - INFO - Processing POR - 2024-12-08 18:00:16 UTC
2025-01-19 16:24:14,620 - INFO - Processing POWWP - 2024-10-31 13:19:44 UTC
2025-01-19 16:24:15,262 - INFO - Retrieved article length: 6097 characters
2025-01-19 16:24:15,297 - INFO - Retrieved article length: 6129 characters
2025-01-19 16:24:15,329 - INFO - Retrieved article length: 5621 characters
2025-01-19 16:24:15,345 - INFO - Retrieved article length: 5621 characters
2025-01-19 16:24:15,418 - INFO - POWWP: 1h change of -4.88%
2025-01-19 16:24:15,428 - INFO - POST: 1wk change of -1.88%
2025-01-19 16:24:15,433 - INFO - POWW: 1h change of -7.92%
2025-01-19 16:24:15,508 - INFO - POWWP: 1wk change of -2.67%
2025-01-19 16:24:15,509 - INFO - POST: 1mo change of -6.84%
2025-01-19 16:24:15,509 - INFO - Processing POST - 2024-12-19 00:05:00 UTC
2025-01-19 16:24:15,517 - INFO - POWW: 1wk change of -2.42%
2025-01-19 16:24:15,523 - INFO - POR: 1wk change of -7.16%
2025-01-19 16:24:15,601 - INFO - POWW: 1mo change of -20.00%
2025-01-19 16:24:15,601 - INFO - POWWP: 1mo change of -18.44%
2025-01-19 16:24:15,622 - INFO - POR: 1mo change of -11.09%
2025-01-19 16:24:15,623 - INFO - Processing POR - 2024-12-04 14:44:53 UTC
2025-01-19 16:24:15,715 - INFO - Processing PPBT - 2024-12-05 15:13:00 UTC
2025-01-19 16:24:15,716 - INFO - Processing PPBI - 2025-01-02 16:00:00 UTC
2025-01-19 16:24:16,214 - INFO - Retrieved article length: 3320 characters
2025-01-19 16:24:16,385 - INFO - POST: 1wk change of -2.06%
2025-01-19 16:24:16,387 - INFO - Retrieved article length: 536 characters
2025-01-19 16:24:16,473 - INFO - Processing POST - 2024-12-18 15:52:00 UTC
2025-01-19 16:24:16,570 - INFO - POR: 1wk change of -7.47%
2025-01-19 16:24:16,589 - INFO - Retrieved article length: 3804 characters
2025-01-19 16:24:16,649 - INFO - Retrieved article length: 9197 characters
2025-01-19 16:24:16,667 - INFO - POR: 1mo change of -9.36%
2025-01-19 16:24:16,737 - INFO - PPBT: 1h change of -19.04%
2025-01-19 16:24:16,769 - INFO - PPBI: 1wk change of -8.16%
2025-01-19 16:24:16,786 - INFO - Processing PPC - 2025-01-15 02:00:19 UTC
2025-01-19 16:24:16,818 - INFO - PPBT: 1wk change of 39.78%
2025-01-19 16:24:16,856 - INFO - PPBI: 1mo change of -13.45%
2025-01-19 16:24:16,856 - INFO - Processing PPBI - 2024-12-19 20:57:22 UTC
2025-01-19 16:24:16,900 - INFO - PPBT: 1mo change of 17.76%
2025-01-19 16:24:16,900 - INFO - Processing PPBT - 2024-12-03 16:23:00 UTC
2025-01-19 16:24:17,300 - INFO - Retrieved article length: 3610 characters
2025-01-19 16:24:17,390 - INFO - POST: 1h change of -3.96%
2025-01-19 16:24:17,474 - INFO - POST: 1wk change of -2.06%
2025-01-19 16:24:17,535 - INFO - Retrieved article length: 3118 characters
2025-01-19 16:24:17,556 - INFO - POST: 1mo change of -1.45%
2025-01-19 16:24:17,601 - INFO - Retrieved article length: 9485 characters
2025-01-19 16:24:17,638 - INFO - Retrieved article length: 530 characters
2025-01-19 16:24:17,687 - INFO - Processing PPG - 2025-01-16 19:19:00 UTC
2025-01-19 16:24:17,688 - INFO - PPBT: 1h change of -33.24%
2025-01-19 16:24:17,723 - INFO - PPC: 1wk change of -2.60%
2025-01-19 16:24:17,729 - INFO - PPBI: 1h change of -7.80%
2025-01-19 16:24:17,767 - INFO - PPBT: 1wk change of 33.58%
2025-01-19 16:24:17,831 - INFO - PPBI: 1wk change of -10.24%
2025-01-19 16:24:17,835 - INFO - PPC: 1mo change of -9.38%
2025-01-19 16:24:17,835 - INFO - Processing PPC - 2025-01-09 17:40:12 UTC
2025-01-19 16:24:17,847 - INFO - PPBT: 1mo change of 29.02%
2025-01-19 16:24:17,847 - INFO - Processing PPBT - 2024-12-02 15:00:00 UTC
2025-01-19 16:24:17,928 - INFO - PPBI: 1mo change of -11.14%
2025-01-19 16:24:17,929 - INFO - Processing PPBI - 2024-11-08 21:06:08 UTC
2025-01-19 16:24:18,398 - INFO - Retrieved article length: 1714 characters
2025-01-19 16:24:18,492 - INFO - PPG: 1h change of 3.38%
2025-01-19 16:24:18,523 - INFO - Retrieved article length: 2663 characters
2025-01-19 16:24:18,570 - INFO - Retrieved article length: 15169 characters
2025-01-19 16:24:18,630 - INFO - PPG: 1wk change of 4.49%
2025-01-19 16:24:18,657 - INFO - PPBT: 1h change of -8.78%
2025-01-19 16:24:18,735 - INFO - PPBT: 1wk change of 83.56%
2025-01-19 16:24:18,752 - INFO - Retrieved article length: 521 characters
2025-01-19 16:24:18,756 - INFO - PPG: 1mo change of -3.05%
2025-01-19 16:24:18,756 - INFO - Processing PPG - 2025-01-14 15:27:44 UTC
2025-01-19 16:24:18,820 - INFO - PPBT: 1mo change of 46.91%
2025-01-19 16:24:18,820 - INFO - Processing PPBT - 2024-11-15 15:00:00 UTC
2025-01-19 16:24:18,843 - INFO - PPBI: 1h change of -3.46%
2025-01-19 16:24:18,852 - INFO - PPC: 1mo change of -11.25%
2025-01-19 16:24:18,852 - INFO - Processing PPC - 2025-01-09 02:00:21 UTC
2025-01-19 16:24:18,936 - INFO - PPBI: 1wk change of 7.96%
2025-01-19 16:24:19,037 - INFO - PPBI: 1mo change of 11.90%
2025-01-19 16:24:19,038 - INFO - Processing PPBI - 2024-10-31 23:30:00 UTC
2025-01-19 16:24:19,507 - INFO - Retrieved article length: 523 characters
2025-01-19 16:24:19,592 - INFO - PPG: 1h change of 2.83%
2025-01-19 16:24:19,600 - INFO - Retrieved article length: 3279 characters
2025-01-19 16:24:19,665 - INFO - PPC: 1mo change of -11.25%
2025-01-19 16:24:19,666 - INFO - Processing PPC - 2025-01-06 17:40:17 UTC
2025-01-19 16:24:19,719 - INFO - PPG: 1wk change of 4.49%
2025-01-19 16:24:19,748 - INFO - Retrieved article length: 4656 characters
2025-01-19 16:24:19,768 - INFO - Retrieved article length: 23193 characters
2025-01-19 16:24:19,837 - INFO - PPBI: 1h change of -2.67%
2025-01-19 16:24:19,850 - INFO - PPG: 1mo change of -4.13%
2025-01-19 16:24:19,850 - INFO - Processing PPG - 2025-01-10 19:43:32 UTC
2025-01-19 16:24:19,852 - INFO - PPBT: 1h change of -11.17%
2025-01-19 16:24:19,935 - INFO - PPBI: 1wk change of 10.88%
2025-01-19 16:24:19,935 - INFO - PPBT: 1wk change of -23.96%
2025-01-19 16:24:20,016 - INFO - PPBT: 1mo change of -17.86%
2025-01-19 16:24:20,017 - INFO - Processing PPBT - 2024-11-05 16:13:12 UTC
2025-01-19 16:24:20,027 - INFO - PPBI: 1mo change of 13.85%
2025-01-19 16:24:20,027 - INFO - Processing PPBI - 2024-10-31 14:16:58 UTC
2025-01-19 16:24:20,424 - INFO - Retrieved article length: 2858 characters
2025-01-19 16:24:20,517 - INFO - PPC: 1h change of -3.03%
2025-01-19 16:24:20,654 - INFO - Retrieved article length: 516 characters
2025-01-19 16:24:20,730 - INFO - Retrieved article length: 969 characters
2025-01-19 16:24:20,741 - INFO - PPG: 1h change of -1.36%
2025-01-19 16:24:20,742 - INFO - PPC: 1mo change of -11.87%
2025-01-19 16:24:20,742 - INFO - Processing PPC - 2025-01-04 17:24:51 UTC
2025-01-19 16:24:20,771 - INFO - Retrieved article length: 4690 characters
2025-01-19 16:24:20,780 - INFO - PPBI: 1h change of -2.67%
2025-01-19 16:24:20,787 - INFO - PPBI: 1wk change of 10.88%
2025-01-19 16:24:20,794 - INFO - PPBI: 1mo change of 13.85%
2025-01-19 16:24:20,794 - INFO - Processing PPBI - 2024-10-30 15:58:50 UTC
2025-01-19 16:24:20,812 - INFO - PPBT: 1h change of -12.29%
2025-01-19 16:24:20,890 - INFO - PPBT: 1wk change of -17.92%
2025-01-19 16:24:20,974 - INFO - PPBT: 1mo change of -25.76%
2025-01-19 16:24:20,974 - INFO - Processing PPBT - 2024-11-04 15:50:00 UTC
2025-01-19 16:24:21,004 - INFO - PPG: 1mo change of -4.24%
2025-01-19 16:24:21,004 - INFO - Processing PPG - 2025-01-07 15:59:00 UTC
2025-01-19 16:24:21,456 - INFO - Retrieved article length: 3762 characters
2025-01-19 16:24:21,562 - INFO - Retrieved article length: 1001 characters
2025-01-19 16:24:21,741 - INFO - Retrieved article length: 2992 characters
2025-01-19 16:24:21,810 - INFO - Retrieved article length: 9242 characters
2025-01-19 16:24:23,306 - ERROR - PPG: No price data found, symbol may be delisted (1h 2025-01-05 -> 2025-01-09)
2025-01-19 16:24:23,395 - ERROR - PPBI: No price data found, symbol may be delisted (1h 2024-10-28 -> 2024-11-01)
2025-01-19 16:24:23,464 - ERROR - PPC: No price data found, symbol may be delisted (1h 2025-01-02 -> 2025-01-06)
2025-01-19 16:24:23,627 - ERROR - PPBT: No price data found, symbol may be delisted (1h 2024-11-02 -> 2024-11-06)
2025-01-19 16:24:24,505 - ERROR - PPC: No price data found, symbol may be delisted (1d 2024-12-25 -> 2025-01-14)
2025-01-19 16:24:24,524 - ERROR - PPBI: No price data found, symbol may be delisted (1d 2024-10-20 -> 2024-11-09)
2025-01-19 16:24:24,528 - ERROR - PPG: No price data found, symbol may be delisted (1d 2024-12-28 -> 2025-01-17)
2025-01-19 16:24:24,883 - ERROR - PPBT: No price data found, symbol may be delisted (1d 2024-10-25 -> 2024-11-14)
2025-01-19 16:24:25,664 - ERROR - PPC: No price data found, symbol may be delisted (1d 2024-11-30 -> 2025-02-08)
2025-01-19 16:24:25,665 - INFO - Processing PPC - 2025-01-03 14:04:42 UTC
2025-01-19 16:24:25,711 - ERROR - PPBI: No price data found, symbol may be delisted (1d 2024-09-25 -> 2024-12-04)
2025-01-19 16:24:25,712 - INFO - Processing PPBI - 2024-10-27 15:46:31 UTC
2025-01-19 16:24:25,850 - ERROR - PPG: No price data found, symbol may be delisted (1d 2024-12-03 -> 2025-02-11)
2025-01-19 16:24:25,851 - INFO - Processing PPG - 2024-12-31 00:29:52 UTC
2025-01-19 16:24:26,204 - ERROR - PPBT: No price data found, symbol may be delisted (1d 2024-09-30 -> 2024-12-09)
2025-01-19 16:24:26,205 - INFO - Processing PPBT - 2024-10-25 14:20:00 UTC
2025-01-19 16:24:26,503 - INFO - Retrieved article length: 7281 characters
2025-01-19 16:24:26,567 - INFO - Retrieved article length: 4309 characters
2025-01-19 16:24:26,678 - INFO - Retrieved article length: 6359 characters
2025-01-19 16:24:27,044 - INFO - Retrieved article length: 13038 characters
2025-01-19 16:24:27,708 - ERROR - PPG: No price data found, symbol may be delisted (1h 2024-12-29 -> 2025-01-02)
2025-01-19 16:24:27,715 - ERROR - PPC: No price data found, symbol may be delisted (1h 2025-01-01 -> 2025-01-05)
2025-01-19 16:24:27,825 - ERROR - PPBI: No price data found, symbol may be delisted (1h 2024-10-25 -> 2024-10-29)
2025-01-19 16:24:28,200 - ERROR - PPBT: No price data found, symbol may be delisted (1h 2024-10-23 -> 2024-10-27)
2025-01-19 16:24:28,797 - ERROR - PPC: No price data found, symbol may be delisted (1d 2024-12-24 -> 2025-01-13)
2025-01-19 16:24:28,837 - ERROR - PPBI: No price data found, symbol may be delisted (1d 2024-10-17 -> 2024-11-06)
2025-01-19 16:24:29,002 - ERROR - PPG: No price data found, symbol may be delisted (1d 2024-12-21 -> 2025-01-10)
2025-01-19 16:24:29,222 - ERROR - PPBT: No price data found, symbol may be delisted (1d 2024-10-15 -> 2024-11-04)
2025-01-19 16:24:30,001 - ERROR - PPBI: No price data found, symbol may be delisted (1d 2024-09-22 -> 2024-12-01)
2025-01-19 16:24:30,002 - INFO - Processing PPBI - 2024-10-25 10:21:30 UTC
2025-01-19 16:24:30,038 - ERROR - PPC: No price data found, symbol may be delisted (1d 2024-11-29 -> 2025-02-07)
2025-01-19 16:24:30,038 - INFO - Processing PPC - 2025-01-02 22:20:56 UTC
2025-01-19 16:24:30,090 - ERROR - PPG: No price data found, symbol may be delisted (1d 2024-11-26 -> 2025-02-04)
2025-01-19 16:24:30,090 - INFO - Processing PPG - 2024-12-20 18:11:15 UTC
2025-01-19 16:24:30,373 - ERROR - PPBT: No price data found, symbol may be delisted (1d 2024-09-20 -> 2024-11-29)
2025-01-19 16:24:30,775 - INFO - Retrieved article length: 2586 characters
2025-01-19 16:24:30,874 - INFO - Retrieved article length: 5416 characters
2025-01-19 16:24:30,895 - INFO - Retrieved article length: 4946 characters
2025-01-19 16:24:31,502 - ERROR - Error getting news for PPL: JSON decode error
2025-01-19 16:24:31,503 - INFO - Retrying PPL (Attempt 2/3)
2025-01-19 16:24:32,077 - ERROR - PPBI: No price data found, symbol may be delisted (1h 2024-10-23 -> 2024-10-27)
2025-01-19 16:24:32,081 - ERROR - PPC: No price data found, symbol may be delisted (1h 2024-12-31 -> 2025-01-04)
2025-01-19 16:24:32,136 - ERROR - PPG: No price data found, symbol may be delisted (1h 2024-12-18 -> 2024-12-22)
2025-01-19 16:24:33,280 - ERROR - PPG: No price data found, symbol may be delisted (1d 2024-12-10 -> 2024-12-30)
2025-01-19 16:24:33,297 - ERROR - PPBI: No price data found, symbol may be delisted (1d 2024-10-15 -> 2024-11-04)
2025-01-19 16:24:33,406 - ERROR - PPC: No price data found, symbol may be delisted (1d 2024-12-23 -> 2025-01-12)
2025-01-19 16:24:34,359 - ERROR - PPBI: No price data found, symbol may be delisted (1d 2024-09-20 -> 2024-11-29)
2025-01-19 16:24:34,401 - ERROR - PPG: No price data found, symbol may be delisted (1d 2024-11-15 -> 2025-01-24)
2025-01-19 16:24:34,401 - INFO - Processing PPG - 2024-12-18 19:48:02 UTC
2025-01-19 16:24:34,405 - ERROR - PPC: No price data found, symbol may be delisted (1d 2024-11-28 -> 2025-02-06)
2025-01-19 16:24:34,406 - INFO - Processing PPC - 2025-01-02 13:31:00 UTC
2025-01-19 16:24:35,103 - INFO - Retrieved article length: 2726 characters
2025-01-19 16:24:35,103 - ERROR - PPC: No price data found, symbol may be delisted (1h 2024-12-31 -> 2025-01-04)
2025-01-19 16:24:35,104 - ERROR - PPC: No price data found, symbol may be delisted (1d 2024-12-23 -> 2025-01-12)
2025-01-19 16:24:35,311 - INFO - Retrieved article length: 504 characters
2025-01-19 16:24:35,324 - ERROR - Error getting news for PPSI: JSON decode error
2025-01-19 16:24:35,324 - INFO - Retrying PPSI (Attempt 2/3)
2025-01-19 16:24:36,107 - ERROR - PPC: No price data found, symbol may be delisted (1d 2024-11-28 -> 2025-02-06)
2025-01-19 16:24:36,505 - ERROR - Error getting news for PPL: JSON decode error
2025-01-19 16:24:36,506 - INFO - Retrying PPL (Attempt 3/3)
2025-01-19 16:24:36,520 - ERROR - PPG: No price data found, symbol may be delisted (1h 2024-12-16 -> 2024-12-20)
2025-01-19 16:24:37,206 - ERROR - Error getting news for PPTA: JSON decode error
2025-01-19 16:24:37,207 - INFO - Retrying PPTA (Attempt 2/3)
2025-01-19 16:24:38,630 - ERROR - PPG: No price data found, symbol may be delisted (1d 2024-12-08 -> 2024-12-28)
2025-01-19 16:24:39,742 - ERROR - PPG: No price data found, symbol may be delisted (1d 2024-11-13 -> 2025-01-22)
2025-01-19 16:24:39,745 - INFO - Processing PPG - 2024-12-18 19:32:11 UTC
2025-01-19 16:24:40,325 - ERROR - Error getting news for PPSI: JSON decode error
2025-01-19 16:24:40,328 - INFO - Retrying PPSI (Attempt 3/3)
2025-01-19 16:24:40,579 - INFO - Retrieved article length: 529 characters
2025-01-19 16:24:40,580 - ERROR - PPG: No price data found, symbol may be delisted (1h 2024-12-16 -> 2024-12-20)
2025-01-19 16:24:40,581 - ERROR - PPG: No price data found, symbol may be delisted (1d 2024-12-08 -> 2024-12-28)
2025-01-19 16:24:41,508 - ERROR - Error getting news for PPL: JSON decode error
2025-01-19 16:24:41,509 - ERROR - Failed to get news for PPL after 3 attempts
2025-01-19 16:24:41,986 - ERROR - PPG: No price data found, symbol may be delisted (1d 2024-11-13 -> 2025-01-22)
2025-01-19 16:24:42,209 - ERROR - Error getting news for PPTA: JSON decode error
2025-01-19 16:24:42,211 - INFO - Retrying PPTA (Attempt 3/3)
2025-01-19 16:24:43,019 - ERROR - Error getting news for PPYAU: JSON decode error
2025-01-19 16:24:43,020 - INFO - Retrying PPYAU (Attempt 2/3)
2025-01-19 16:24:43,330 - ERROR - Error getting news for PPYA: JSON decode error
2025-01-19 16:24:43,331 - INFO - Retrying PPYA (Attempt 2/3)
2025-01-19 16:24:45,330 - ERROR - Error getting news for PPSI: JSON decode error
2025-01-19 16:24:45,331 - ERROR - Failed to get news for PPSI after 3 attempts
2025-01-19 16:24:46,459 - ERROR - Error getting news for PR: JSON decode error
2025-01-19 16:24:46,460 - INFO - Retrying PR (Attempt 2/3)
2025-01-19 16:24:47,213 - ERROR - Error getting news for PPTA: JSON decode error
2025-01-19 16:24:47,214 - ERROR - Failed to get news for PPTA after 3 attempts
2025-01-19 16:24:48,021 - ERROR - Error getting news for PPYAU: JSON decode error
2025-01-19 16:24:48,022 - INFO - Retrying PPYAU (Attempt 3/3)
2025-01-19 16:24:48,258 - ERROR - Error getting news for PRCH: JSON decode error
2025-01-19 16:24:48,259 - INFO - Retrying PRCH (Attempt 2/3)
2025-01-19 16:24:48,333 - ERROR - Error getting news for PPYA: JSON decode error
2025-01-19 16:24:48,334 - INFO - Retrying PPYA (Attempt 3/3)
2025-01-19 16:24:51,461 - ERROR - Error getting news for PR: JSON decode error
2025-01-19 16:24:51,463 - INFO - Retrying PR (Attempt 3/3)
2025-01-19 16:24:53,025 - ERROR - Error getting news for PPYAU: JSON decode error
2025-01-19 16:24:53,028 - ERROR - Failed to get news for PPYAU after 3 attempts
2025-01-19 16:24:53,261 - ERROR - Error getting news for PRCH: JSON decode error
2025-01-19 16:24:53,261 - INFO - Retrying PRCH (Attempt 3/3)
2025-01-19 16:24:53,335 - ERROR - Error getting news for PPYA: JSON decode error
2025-01-19 16:24:53,335 - ERROR - Failed to get news for PPYA after 3 attempts
2025-01-19 16:24:54,329 - ERROR - Error getting news for PRCT: JSON decode error
2025-01-19 16:24:54,330 - INFO - Retrying PRCT (Attempt 2/3)
2025-01-19 16:24:54,513 - ERROR - Error getting news for PRFX: JSON decode error
2025-01-19 16:24:54,514 - INFO - Retrying PRFX (Attempt 2/3)
2025-01-19 16:24:56,464 - ERROR - Error getting news for PR: JSON decode error
2025-01-19 16:24:56,466 - ERROR - Failed to get news for PR after 3 attempts
2025-01-19 16:24:57,640 - ERROR - Error getting news for PRGS: JSON decode error
2025-01-19 16:24:57,641 - INFO - Retrying PRGS (Attempt 2/3)
2025-01-19 16:24:58,261 - ERROR - Error getting news for PRCH: JSON decode error
2025-01-19 16:24:58,263 - ERROR - Failed to get news for PRCH after 3 attempts
2025-01-19 16:24:59,330 - ERROR - Error getting news for PRCT: JSON decode error
2025-01-19 16:24:59,330 - INFO - Retrying PRCT (Attempt 3/3)
2025-01-19 16:24:59,426 - ERROR - Error getting news for PRIM: JSON decode error
2025-01-19 16:24:59,427 - INFO - Retrying PRIM (Attempt 2/3)
2025-01-19 16:24:59,515 - ERROR - Error getting news for PRFX: JSON decode error
2025-01-19 16:24:59,515 - INFO - Retrying PRFX (Attempt 3/3)
2025-01-19 16:25:02,642 - ERROR - Error getting news for PRGS: JSON decode error
2025-01-19 16:25:02,643 - INFO - Retrying PRGS (Attempt 3/3)
2025-01-19 16:25:04,331 - ERROR - Error getting news for PRCT: JSON decode error
2025-01-19 16:25:04,333 - ERROR - Failed to get news for PRCT after 3 attempts
2025-01-19 16:25:04,428 - ERROR - Error getting news for PRIM: JSON decode error
2025-01-19 16:25:04,430 - INFO - Retrying PRIM (Attempt 3/3)
2025-01-19 16:25:04,516 - ERROR - Error getting news for PRFX: JSON decode error
2025-01-19 16:25:04,517 - ERROR - Failed to get news for PRFX after 3 attempts
2025-01-19 16:25:05,529 - ERROR - Error getting news for PRKS: JSON decode error
2025-01-19 16:25:05,529 - INFO - Retrying PRKS (Attempt 2/3)
2025-01-19 16:25:05,686 - ERROR - Error getting news for PRM: JSON decode error
2025-01-19 16:25:05,687 - INFO - Retrying PRM (Attempt 2/3)
2025-01-19 16:25:07,645 - ERROR - Error getting news for PRGS: JSON decode error
2025-01-19 16:25:07,647 - ERROR - Failed to get news for PRGS after 3 attempts
2025-01-19 16:25:08,890 - ERROR - Error getting news for PRMB: JSON decode error
2025-01-19 16:25:08,892 - INFO - Retrying PRMB (Attempt 2/3)
2025-01-19 16:25:09,432 - ERROR - Error getting news for PRIM: JSON decode error
2025-01-19 16:25:09,433 - ERROR - Failed to get news for PRIM after 3 attempts
2025-01-19 16:25:10,522 - ERROR - Error getting news for PRME: JSON decode error
2025-01-19 16:25:10,523 - INFO - Retrying PRME (Attempt 2/3)
2025-01-19 16:25:10,531 - ERROR - Error getting news for PRKS: JSON decode error
2025-01-19 16:25:10,531 - INFO - Retrying PRKS (Attempt 3/3)
2025-01-19 16:25:10,689 - ERROR - Error getting news for PRM: JSON decode error
2025-01-19 16:25:10,690 - INFO - Retrying PRM (Attempt 3/3)
2025-01-19 16:25:13,894 - ERROR - Error getting news for PRMB: JSON decode error
2025-01-19 16:25:13,895 - INFO - Retrying PRMB (Attempt 3/3)
2025-01-19 16:25:15,526 - ERROR - Error getting news for PRME: JSON decode error
2025-01-19 16:25:15,528 - INFO - Retrying PRME (Attempt 3/3)
2025-01-19 16:25:15,532 - ERROR - Error getting news for PRKS: JSON decode error
2025-01-19 16:25:15,534 - ERROR - Failed to get news for PRKS after 3 attempts
2025-01-19 16:25:15,692 - ERROR - Error getting news for PRM: JSON decode error
2025-01-19 16:25:15,693 - ERROR - Failed to get news for PRM after 3 attempts
2025-01-19 16:25:16,667 - ERROR - Error getting news for PROF: JSON decode error
2025-01-19 16:25:16,668 - INFO - Retrying PROF (Attempt 2/3)
2025-01-19 16:25:16,892 - ERROR - Error getting news for PROK: JSON decode error
2025-01-19 16:25:16,892 - INFO - Retrying PROK (Attempt 2/3)
2025-01-19 16:25:18,897 - ERROR - Error getting news for PRMB: JSON decode error
2025-01-19 16:25:18,899 - ERROR - Failed to get news for PRMB after 3 attempts
2025-01-19 16:25:20,214 - ERROR - Error getting news for PROP: JSON decode error
2025-01-19 16:25:20,216 - INFO - Retrying PROP (Attempt 2/3)
2025-01-19 16:25:20,530 - ERROR - Error getting news for PRME: JSON decode error
2025-01-19 16:25:20,531 - ERROR - Failed to get news for PRME after 3 attempts
2025-01-19 16:25:21,669 - ERROR - Error getting news for PROF: JSON decode error
2025-01-19 16:25:21,670 - INFO - Retrying PROF (Attempt 3/3)
2025-01-19 16:25:21,893 - ERROR - Error getting news for PROK: JSON decode error
2025-01-19 16:25:21,894 - INFO - Retrying PROK (Attempt 3/3)
2025-01-19 16:25:21,905 - ERROR - Error getting news for PRPH: JSON decode error
2025-01-19 16:25:21,906 - INFO - Retrying PRPH (Attempt 2/3)
2025-01-19 16:25:25,217 - ERROR - Error getting news for PROP: JSON decode error
2025-01-19 16:25:25,219 - INFO - Retrying PROP (Attempt 3/3)
2025-01-19 16:25:26,671 - ERROR - Error getting news for PROF: JSON decode error
2025-01-19 16:25:26,674 - ERROR - Failed to get news for PROF after 3 attempts
2025-01-19 16:25:26,896 - ERROR - Error getting news for PROK: JSON decode error
2025-01-19 16:25:26,897 - ERROR - Failed to get news for PROK after 3 attempts
2025-01-19 16:25:26,907 - ERROR - Error getting news for PRPH: JSON decode error
2025-01-19 16:25:26,908 - INFO - Retrying PRPH (Attempt 3/3)
2025-01-19 16:25:27,921 - ERROR - Error getting news for PRPO: JSON decode error
2025-01-19 16:25:27,921 - INFO - Retrying PRPO (Attempt 2/3)
2025-01-19 16:25:30,221 - ERROR - Error getting news for PROP: JSON decode error
2025-01-19 16:25:30,222 - ERROR - Failed to get news for PROP after 3 attempts
2025-01-19 16:25:31,910 - ERROR - Error getting news for PRPH: JSON decode error
2025-01-19 16:25:31,911 - ERROR - Failed to get news for PRPH after 3 attempts
2025-01-19 16:25:32,924 - ERROR - Error getting news for PRPO: JSON decode error
2025-01-19 16:25:32,925 - INFO - Retrying PRPO (Attempt 3/3)
2025-01-19 16:25:37,929 - ERROR - Error getting news for PRPO: JSON decode error
2025-01-19 16:25:37,930 - ERROR - Failed to get news for PRPO after 3 attempts
