2025-01-19 15:39:12,769 - INFO - Starting new training session. Logging to: logs/training_20250119_153912.log
2025-01-19 15:39:12,791 - INFO - Starting new training session. Logging to: logs/training_20250119_153912.log
2025-01-19 15:39:12,804 - INFO - Starting new training session. Logging to: logs/training_20250119_153912.log
2025-01-19 15:39:14,262 - ERROR - Error getting news for FORLU: Expecting value: line 1 column 1 (char 0)
2025-01-19 15:39:14,313 - ERROR - Error getting news for FOSL: Expecting value: line 1 column 1 (char 0)
2025-01-19 15:39:14,327 - ERROR - Error getting news for FOUR: Expecting value: line 1 column 1 (char 0)
2025-01-19 15:39:14,533 - ERROR - Error getting news for FORM: Expecting value: line 1 column 1 (char 0)
2025-01-19 15:39:15,229 - ERROR - Error getting news for FOX: Expecting value: line 1 column 1 (char 0)
2025-01-19 15:39:15,324 - ERROR - Error getting news for FOXF: Expecting value: line 1 column 1 (char 0)
2025-01-19 15:39:15,340 - ERROR - Error getting news for FOXA: Expecting value: line 1 column 1 (char 0)
2025-01-19 15:39:15,535 - ERROR - Error getting news for FOXO: Expecting value: line 1 column 1 (char 0)
2025-01-19 15:39:16,367 - ERROR - Error getting news for FOXX: Expecting value: line 1 column 1 (char 0)
2025-01-19 15:39:16,404 - ERROR - Error getting news for FPAY: Expecting value: line 1 column 1 (char 0)
2025-01-19 15:39:16,485 - ERROR - Error getting news for FPE: Expecting value: line 1 column 1 (char 0)
2025-01-19 15:39:16,629 - ERROR - Error getting news for FR: Expecting value: line 1 column 1 (char 0)
2025-01-19 15:39:17,320 - ERROR - Error getting news for FRAF: Expecting value: line 1 column 1 (char 0)
2025-01-19 15:39:17,333 - ERROR - Error getting news for FREE: Expecting value: line 1 column 1 (char 0)
2025-01-19 15:39:17,458 - ERROR - Error getting news for FRES: Expecting value: line 1 column 1 (char 0)
2025-01-19 15:39:17,620 - ERROR - Error getting news for FREY: Expecting value: line 1 column 1 (char 0)
2025-01-19 15:39:18,458 - ERROR - Error getting news for FRGT: Expecting value: line 1 column 1 (char 0)
2025-01-19 15:39:18,671 - ERROR - Error getting news for FRGE: Expecting value: line 1 column 1 (char 0)
2025-01-19 15:39:18,755 - ERROR - Error getting news for FRHC: Expecting value: line 1 column 1 (char 0)
2025-01-19 15:39:18,963 - ERROR - Error getting news for FRLA: Expecting value: line 1 column 1 (char 0)
2025-01-19 15:39:19,660 - ERROR - Error getting news for FROG: Expecting value: line 1 column 1 (char 0)
2025-01-19 15:39:19,772 - ERROR - Error getting news for FRLAU: Expecting value: line 1 column 1 (char 0)
2025-01-19 15:39:19,903 - ERROR - Error getting news for FRSX: Expecting value: line 1 column 1 (char 0)
2025-01-19 15:39:19,932 - ERROR - Error getting news for FRSH: Expecting value: line 1 column 1 (char 0)
2025-01-19 15:39:20,652 - ERROR - Error getting news for FRT: Expecting value: line 1 column 1 (char 0)
2025-01-19 15:39:20,891 - ERROR - Error getting news for FRZA: Expecting value: line 1 column 1 (char 0)
2025-01-19 15:39:21,171 - ERROR - Error getting news for FSCO: Expecting value: line 1 column 1 (char 0)
2025-01-19 15:39:21,532 - ERROR - Error getting news for FSEA: Expecting value: line 1 column 1 (char 0)
2025-01-19 15:39:21,831 - ERROR - Error getting news for FSFG: Expecting value: line 1 column 1 (char 0)
2025-01-19 15:39:22,061 - ERROR - Error getting news for FSK: Expecting value: line 1 column 1 (char 0)
2025-01-19 15:39:22,139 - ERROR - Error getting news for FSLR: Expecting value: line 1 column 1 (char 0)
2025-01-19 15:39:22,498 - ERROR - Error getting news for FSLY: Expecting value: line 1 column 1 (char 0)
2025-01-19 15:39:22,814 - ERROR - Error getting news for FTAI: Expecting value: line 1 column 1 (char 0)
2025-01-19 15:39:23,171 - ERROR - Error getting news for FTDR: Expecting value: line 1 column 1 (char 0)
2025-01-19 15:39:23,233 - ERROR - Error getting news for FTCI: Expecting value: line 1 column 1 (char 0)
2025-01-19 15:39:23,438 - ERROR - Error getting news for FTEK: Expecting value: line 1 column 1 (char 0)
2025-01-19 15:39:23,821 - ERROR - Error getting news for FTEL: Expecting value: line 1 column 1 (char 0)
2025-01-19 15:39:24,078 - ERROR - Error getting news for FTFT: Expecting value: line 1 column 1 (char 0)
2025-01-19 15:39:24,179 - ERROR - Error getting news for FTHM: Expecting value: line 1 column 1 (char 0)
2025-01-19 15:39:24,538 - ERROR - Error getting news for FTI: Expecting value: line 1 column 1 (char 0)
2025-01-19 15:39:24,857 - ERROR - Error getting news for FTII: Expecting value: line 1 column 1 (char 0)
2025-01-19 15:39:25,152 - ERROR - Error getting news for FTIIU: Expecting value: line 1 column 1 (char 0)
2025-01-19 15:39:25,193 - ERROR - Error getting news for FTLF: Expecting value: line 1 column 1 (char 0)
2025-01-19 15:39:25,853 - ERROR - Error getting news for FTNT: Expecting value: line 1 column 1 (char 0)
2025-01-19 15:39:25,856 - ERROR - Error getting news for FTRE: Expecting value: line 1 column 1 (char 0)
2025-01-19 15:39:26,108 - ERROR - Error getting news for FTSM: Expecting value: line 1 column 1 (char 0)
2025-01-19 15:39:26,260 - ERROR - Error getting news for FTV: Expecting value: line 1 column 1 (char 0)
2025-01-19 15:39:26,830 - ERROR - Error getting news for FUBO: Expecting value: line 1 column 1 (char 0)
2025-01-19 15:39:26,868 - ERROR - Error getting news for FUFU: Expecting value: line 1 column 1 (char 0)
2025-01-19 15:39:27,126 - ERROR - Error getting news for FULC: Expecting value: line 1 column 1 (char 0)
