2025-01-19 15:27:11,618 - INFO - Starting new training session. Logging to: logs/training_20250119_152711.log
2025-01-19 15:27:11,619 - INFO - Starting new training session. Logging to: logs/training_20250119_152711.log
2025-01-19 15:27:11,619 - INFO - Starting new training session. Logging to: logs/training_20250119_152711.log
2025-01-19 15:27:11,619 - INFO - Starting new training session. Logging to: logs/training_20250119_152711.log
2025-01-19 15:27:13,408 - ERROR - Error getting news for CGGR: Expecting value: line 1 column 1 (char 0)
2025-01-19 15:27:13,469 - ERROR - Error getting news for CGNX: Expecting value: line 1 column 1 (char 0)
2025-01-19 15:27:13,551 - ERROR - Error getting news for CGGO: Expecting value: line 1 column 1 (char 0)
2025-01-19 15:27:13,604 - ERROR - Error getting news for CGMS: Expecting value: line 1 column 1 (char 0)
2025-01-19 15:27:14,414 - ERROR - Error getting news for CGON: Expecting value: line 1 column 1 (char 0)
2025-01-19 15:27:14,562 - ERROR - Error getting news for CGTL: Expecting value: line 1 column 1 (char 0)
2025-01-19 15:27:14,650 - ERROR - Error getting news for CGUS: Expecting value: line 1 column 1 (char 0)
2025-01-19 15:27:14,674 - ERROR - Error getting news for CGTX: Expecting value: line 1 column 1 (char 0)
2025-01-19 15:27:15,409 - ERROR - Error getting news for CGXU: Expecting value: line 1 column 1 (char 0)
2025-01-19 15:27:15,534 - ERROR - Error getting news for CHAU: Expecting value: line 1 column 1 (char 0)
2025-01-19 15:27:15,575 - ERROR - Error getting news for CHCI: Expecting value: line 1 column 1 (char 0)
2025-01-19 15:27:15,664 - ERROR - Error getting news for CHD: Expecting value: line 1 column 1 (char 0)
2025-01-19 15:27:16,496 - ERROR - Error getting news for CHGG: Expecting value: line 1 column 1 (char 0)
2025-01-19 15:27:16,499 - ERROR - Error getting news for CHEK: Expecting value: line 1 column 1 (char 0)
2025-01-19 15:27:16,522 - ERROR - Error getting news for CHKEZ: Expecting value: line 1 column 1 (char 0)
2025-01-19 15:27:16,635 - ERROR - Error getting news for CHNR: Expecting value: line 1 column 1 (char 0)
2025-01-19 15:27:17,503 - ERROR - Error getting news for CHRD: Expecting value: line 1 column 1 (char 0)
2025-01-19 15:27:17,507 - ERROR - Error getting news for CHPT: Expecting value: line 1 column 1 (char 0)
2025-01-19 15:27:17,513 - ERROR - Error getting news for CHR: Expecting value: line 1 column 1 (char 0)
2025-01-19 15:27:17,638 - ERROR - Error getting news for CHRS: Expecting value: line 1 column 1 (char 0)
2025-01-19 15:27:18,541 - ERROR - Error getting news for CHRW: Expecting value: line 1 column 1 (char 0)
2025-01-19 15:27:18,568 - ERROR - Error getting news for CHWY: Expecting value: line 1 column 1 (char 0)
2025-01-19 15:27:18,768 - ERROR - Error getting news for CHSN: Expecting value: line 1 column 1 (char 0)
2025-01-19 15:27:18,804 - ERROR - Error getting news for CHTR: Expecting value: line 1 column 1 (char 0)
2025-01-19 15:27:19,550 - ERROR - Error getting news for CHX: Expecting value: line 1 column 1 (char 0)
2025-01-19 15:27:19,793 - ERROR - Error getting news for CIEN: Expecting value: line 1 column 1 (char 0)
2025-01-19 15:27:19,837 - ERROR - Error getting news for CI: Expecting value: line 1 column 1 (char 0)
2025-01-19 15:27:20,080 - ERROR - Error getting news for CIBR: Expecting value: line 1 column 1 (char 0)
2025-01-19 15:27:20,527 - ERROR - Error getting news for CIFR: Expecting value: line 1 column 1 (char 0)
2025-01-19 15:27:20,809 - ERROR - Error getting news for CIM: Expecting value: line 1 column 1 (char 0)
2025-01-19 15:27:20,811 - ERROR - Error getting news for CIK: Expecting value: line 1 column 1 (char 0)
2025-01-19 15:27:21,193 - ERROR - Error getting news for CINF: Expecting value: line 1 column 1 (char 0)
2025-01-19 15:27:21,474 - ERROR - Error getting news for CING: Expecting value: line 1 column 1 (char 0)
2025-01-19 15:27:21,769 - ERROR - Error getting news for CISO: Expecting value: line 1 column 1 (char 0)
2025-01-19 15:27:22,049 - ERROR - Error getting news for CISS: Expecting value: line 1 column 1 (char 0)
2025-01-19 15:27:22,245 - ERROR - Error getting news for CITE: Expecting value: line 1 column 1 (char 0)
2025-01-19 15:27:22,749 - ERROR - Error getting news for CITEU: Expecting value: line 1 column 1 (char 0)
2025-01-19 15:27:22,762 - ERROR - Error getting news for CIVB: Expecting value: line 1 column 1 (char 0)
2025-01-19 15:27:23,033 - ERROR - Error getting news for CIVI: Expecting value: line 1 column 1 (char 0)
2025-01-19 15:27:23,261 - ERROR - Error getting news for CJJD: Expecting value: line 1 column 1 (char 0)
2025-01-19 15:27:23,701 - ERROR - Error getting news for CL: Expecting value: line 1 column 1 (char 0)
2025-01-19 15:27:23,760 - ERROR - Error getting news for CKPT: Expecting value: line 1 column 1 (char 0)
2025-01-19 15:27:24,052 - ERROR - Error getting news for CLDI: Expecting value: line 1 column 1 (char 0)
2025-01-19 15:27:24,376 - ERROR - Error getting news for CLDX: Expecting value: line 1 column 1 (char 0)
2025-01-19 15:27:24,953 - ERROR - Error getting news for CLEU: Expecting value: line 1 column 1 (char 0)
2025-01-19 15:27:24,983 - ERROR - Error getting news for CLIK: Expecting value: line 1 column 1 (char 0)
2025-01-19 15:27:25,031 - ERROR - Error getting news for CLF: Expecting value: line 1 column 1 (char 0)
2025-01-19 15:27:25,337 - ERROR - Error getting news for CLIR: Expecting value: line 1 column 1 (char 0)
2025-01-19 15:27:25,986 - ERROR - Error getting news for CLM: Expecting value: line 1 column 1 (char 0)
2025-01-19 15:27:26,061 - ERROR - Error getting news for CLMT: Expecting value: line 1 column 1 (char 0)
