2025-01-19 15:16:45,142 - INFO - Starting new training session. Logging to: logs/training_20250119_151645.log
2025-01-19 15:16:45,150 - INFO - Starting new training session. Logging to: logs/training_20250119_151645.log
2025-01-19 15:16:45,152 - INFO - Starting new training session. Logging to: logs/training_20250119_151645.log
2025-01-19 15:16:45,152 - INFO - Starting new training session. Logging to: logs/training_20250119_151645.log
2025-01-19 15:16:45,723 - INFO - Processing ATLO - 2024-11-10 15:23:03 UTC
2025-01-19 15:16:45,734 - INFO - Processing ATMU - 2025-01-16 14:30:00 UTC
2025-01-19 15:16:45,750 - INFO - Processing ATKR - 2025-01-16 15:38:46 UTC
2025-01-19 15:16:45,784 - INFO - Processing ATLX - 2024-12-30 15:00:00 UTC
2025-01-19 15:16:46,537 - INFO - ATMU: 1h change of 4.95%
2025-01-19 15:16:46,623 - INFO - ATMU: 1wk change of 7.02%
2025-01-19 15:16:46,687 - INFO - ATLO: 1wk change of 4.82%
2025-01-19 15:16:46,706 - INFO - ATMU: 1mo change of 2.88%
2025-01-19 15:16:46,706 - INFO - Processing ATMU - 2024-12-20 13:58:28 UTC
2025-01-19 15:16:46,797 - INFO - ATLO: 1mo change of -3.49%
2025-01-19 15:16:46,798 - INFO - Processing ATLO - 2024-10-27 16:14:01 UTC
2025-01-19 15:16:46,941 - INFO - Retrieved article length: 517 characters
2025-01-19 15:16:46,972 - INFO - Retrieved article length: 7939 characters
2025-01-19 15:16:47,092 - INFO - ATLX: 1h change of -3.23%
2025-01-19 15:16:47,148 - INFO - ATKR: 1wk change of -1.69%
2025-01-19 15:16:47,177 - INFO - ATLX: 1wk change of 8.65%
2025-01-19 15:16:47,239 - INFO - ATKR: 1mo change of -1.86%
2025-01-19 15:16:47,239 - INFO - Processing ATKR - 2025-01-14 01:00:00 UTC
2025-01-19 15:16:47,318 - INFO - ATLX: 1mo change of -4.30%
2025-01-19 15:16:47,318 - INFO - Processing ATLX - 2024-12-09 17:24:12 UTC
2025-01-19 15:16:47,712 - INFO - ATLO: 1wk change of -6.67%
2025-01-19 15:16:47,822 - INFO - ATLO: 1mo change of -7.96%
2025-01-19 15:16:48,016 - INFO - Retrieved article length: 7842 characters
2025-01-19 15:16:48,089 - INFO - ATLX: 1h change of -5.49%
2025-01-19 15:16:48,101 - INFO - ATMU: 1h change of -2.58%
2025-01-19 15:16:48,189 - INFO - ATMU: 1wk change of -5.13%
2025-01-19 15:16:48,226 - INFO - Processing ATNF - 2024-12-27 17:00:00 UTC
2025-01-19 15:16:48,230 - INFO - ATLX: 1wk change of -5.78%
2025-01-19 15:16:48,277 - INFO - ATMU: 1mo change of -2.43%
2025-01-19 15:16:48,277 - INFO - Processing ATMU - 2024-11-16 15:50:37 UTC
2025-01-19 15:16:48,322 - INFO - ATLX: 1mo change of -29.00%
2025-01-19 15:16:48,322 - INFO - Processing ATLX - 2024-11-25 15:30:00 UTC
2025-01-19 15:16:48,444 - INFO - Retrieved article length: 2231 characters
2025-01-19 15:16:48,592 - INFO - ATKR: 1h change of 1.01%
2025-01-19 15:16:48,680 - INFO - ATKR: 1wk change of -1.69%
2025-01-19 15:16:48,776 - INFO - ATKR: 1mo change of -4.32%
2025-01-19 15:16:48,776 - INFO - Processing ATKR - 2025-01-11 00:56:08 UTC
2025-01-19 15:16:49,091 - INFO - ATLX: 1h change of -12.20%
2025-01-19 15:16:49,119 - INFO - ATMU: 1wk change of 6.14%
2025-01-19 15:16:49,192 - INFO - ATLX: 1wk change of -3.60%
2025-01-19 15:16:49,209 - INFO - Processing ATMU - 2024-11-13 15:01:39 UTC
2025-01-19 15:16:49,282 - INFO - ATLX: 1mo change of -9.38%
2025-01-19 15:16:49,282 - INFO - Processing ATLX - 2024-10-28 14:30:00 UTC
2025-01-19 15:16:49,405 - INFO - Retrieved article length: 11713 characters
2025-01-19 15:16:49,500 - INFO - ATNF: 1h change of -16.63%
2025-01-19 15:16:49,592 - INFO - ATNF: 1wk change of -5.49%
2025-01-19 15:16:49,680 - INFO - ATNF: 1mo change of -30.67%
2025-01-19 15:16:49,681 - INFO - Processing ATNF - 2024-12-12 16:00:00 UTC
2025-01-19 15:16:50,012 - INFO - Retrieved article length: 492 characters
2025-01-19 15:16:50,059 - INFO - ATLX: 1h change of -1.36%
2025-01-19 15:16:50,067 - INFO - ATMU: 1wk change of 14.48%
2025-01-19 15:16:50,100 - INFO - ATKR: 1h change of -3.32%
2025-01-19 15:16:50,164 - INFO - ATMU: 1mo change of 4.06%
2025-01-19 15:16:50,165 - INFO - Processing ATMU - 2024-11-12 15:04:26 UTC
2025-01-19 15:16:50,184 - INFO - ATKR: 1wk change of 4.59%
2025-01-19 15:16:50,199 - INFO - ATLX: 1wk change of 14.16%
2025-01-19 15:16:50,271 - INFO - ATKR: 1mo change of -6.26%
2025-01-19 15:16:50,271 - INFO - Processing ATKR - 2025-01-11 00:15:00 UTC
2025-01-19 15:16:50,283 - INFO - ATLX: 1mo change of 4.88%
2025-01-19 15:16:50,416 - INFO - Processing ATO - 2025-01-16 19:45:16 UTC
2025-01-19 15:16:50,474 - INFO - ATNF: 1h change of -10.28%
2025-01-19 15:16:50,562 - INFO - ATNF: 1wk change of -21.85%
2025-01-19 15:16:50,652 - INFO - ATNF: 1mo change of -44.03%
2025-01-19 15:16:50,652 - INFO - Processing ATNF - 2024-12-04 16:00:00 UTC
2025-01-19 15:16:50,942 - INFO - ATMU: 1h change of 1.95%
2025-01-19 15:16:51,023 - INFO - ATMU: 1wk change of 12.61%
2025-01-19 15:16:51,118 - INFO - ATMU: 1mo change of 5.06%
2025-01-19 15:16:51,119 - INFO - Processing ATMU - 2024-11-10 17:41:23 UTC
2025-01-19 15:16:51,440 - INFO - ATNF: 1h change of -14.87%
2025-01-19 15:16:51,524 - INFO - ATNF: 1wk change of -13.06%
2025-01-19 15:16:51,587 - INFO - Retrieved article length: 4981 characters
2025-01-19 15:16:51,605 - INFO - ATNF: 1mo change of -57.76%
2025-01-19 15:16:51,606 - INFO - Processing ATNF - 2024-10-31 15:00:00 UTC
2025-01-19 15:16:51,610 - INFO - Retrieved article length: 2943 characters
2025-01-19 15:16:51,619 - INFO - ATKR: 1h change of -3.32%
2025-01-19 15:16:51,667 - INFO - ATKR: 1wk change of 4.59%
2025-01-19 15:16:51,688 - INFO - ATO: 1h change of 4.37%
2025-01-19 15:16:51,715 - INFO - ATKR: 1mo change of -6.26%
2025-01-19 15:16:51,715 - INFO - Processing ATKR - 2025-01-07 21:40:09 UTC
2025-01-19 15:16:51,812 - INFO - ATO: 1wk change of 6.49%
2025-01-19 15:16:51,930 - INFO - ATMU: 1h change of -2.49%
2025-01-19 15:16:51,949 - INFO - ATO: 1mo change of 3.67%
2025-01-19 15:16:51,949 - INFO - Processing ATO - 2025-01-15 19:45:03 UTC
2025-01-19 15:16:52,018 - INFO - ATMU: 1wk change of 10.48%
2025-01-19 15:16:52,107 - INFO - ATMU: 1mo change of 5.65%
2025-01-19 15:16:52,108 - INFO - Processing ATMU - 2024-11-10 00:01:09 UTC
2025-01-19 15:16:52,381 - INFO - ATNF: 1h change of -15.09%
2025-01-19 15:16:52,472 - INFO - ATNF: 1wk change of -41.65%
2025-01-19 15:16:52,563 - INFO - ATNF: 1mo change of 27.43%
2025-01-19 15:16:52,563 - INFO - Processing ATNF - 2024-10-29 15:00:00 UTC
2025-01-19 15:16:52,788 - INFO - ATMU: 1h change of -2.49%
2025-01-19 15:16:52,793 - INFO - ATMU: 1wk change of 10.48%
2025-01-19 15:16:52,800 - INFO - ATMU: 1mo change of 5.65%
2025-01-19 15:16:52,800 - INFO - Processing ATMU - 2024-11-09 01:15:12 UTC
2025-01-19 15:16:52,895 - INFO - Retrieved article length: 7612 characters
2025-01-19 15:16:52,980 - INFO - ATKR: 1h change of -4.03%
2025-01-19 15:16:53,194 - INFO - Retrieved article length: 3111 characters
2025-01-19 15:16:53,205 - INFO - ATKR: 1mo change of -8.95%
2025-01-19 15:16:53,206 - INFO - Processing ATKR - 2024-12-31 17:59:21 UTC
2025-01-19 15:16:53,287 - INFO - ATO: 1h change of 5.81%
2025-01-19 15:16:53,418 - INFO - ATO: 1wk change of 6.49%
2025-01-19 15:16:53,418 - INFO - ATNF: 1wk change of -41.05%
2025-01-19 15:16:53,503 - INFO - ATNF: 1mo change of 27.27%
2025-01-19 15:16:53,504 - INFO - Processing ATNF - 2024-10-25 16:00:00 UTC
2025-01-19 15:16:53,560 - INFO - ATO: 1mo change of 3.81%
2025-01-19 15:16:53,560 - INFO - Processing ATO - 2025-01-15 12:18:00 UTC
2025-01-19 15:16:53,617 - INFO - ATMU: 1h change of 5.95%
2025-01-19 15:16:53,706 - INFO - ATMU: 1wk change of 10.34%
2025-01-19 15:16:53,799 - INFO - ATMU: 1mo change of 5.65%
2025-01-19 15:16:53,968 - INFO - Processing ATOM - 2025-01-10 14:30:00 UTC
2025-01-19 15:16:54,280 - INFO - ATNF: 1h change of -7.25%
2025-01-19 15:16:54,365 - INFO - ATNF: 1wk change of 146.05%
2025-01-19 15:16:54,386 - INFO - Retrieved article length: 3184 characters
2025-01-19 15:16:54,455 - INFO - ATNF: 1mo change of 11.17%
2025-01-19 15:16:54,473 - INFO - ATKR: 1h change of 1.28%
2025-01-19 15:16:54,618 - INFO - Processing ATOS - 2025-01-06 17:00:00 UTC
2025-01-19 15:16:54,704 - INFO - ATKR: 1mo change of -9.98%
2025-01-19 15:16:54,704 - INFO - Processing ATKR - 2024-12-26 12:09:00 UTC
2025-01-19 15:16:54,743 - INFO - Retrieved article length: 8130 characters
2025-01-19 15:16:54,752 - INFO - ATO: 1h change of 5.81%
2025-01-19 15:16:54,802 - INFO - ATO: 1wk change of 6.49%
2025-01-19 15:16:54,855 - INFO - ATO: 1mo change of 3.81%
2025-01-19 15:16:54,855 - INFO - Processing ATO - 2025-01-14 22:00:00 UTC
2025-01-19 15:16:55,190 - INFO - Retrieved article length: 5542 characters
2025-01-19 15:16:55,279 - INFO - ATOM: 1h change of -13.92%
2025-01-19 15:16:55,366 - INFO - ATOM: 1wk change of -25.52%
2025-01-19 15:16:55,456 - INFO - ATOM: 1mo change of 27.81%
2025-01-19 15:16:55,457 - INFO - Processing ATOM - 2025-01-03 00:16:00 UTC
2025-01-19 15:16:55,806 - INFO - Retrieved article length: 6740 characters
2025-01-19 15:16:55,889 - INFO - Retrieved article length: 3987 characters
2025-01-19 15:16:55,891 - INFO - ATOS: 1h change of -5.16%
2025-01-19 15:16:55,979 - INFO - ATOS: 1wk change of -11.22%
2025-01-19 15:16:56,066 - INFO - ATOS: 1mo change of -34.65%
2025-01-19 15:16:56,066 - INFO - Processing ATOS - 2024-12-20 17:40:09 UTC
2025-01-19 15:16:56,069 - INFO - ATKR: 1wk change of -1.38%
2025-01-19 15:16:56,154 - INFO - Processing ATKR - 2024-12-18 15:10:21 UTC
2025-01-19 15:16:56,191 - INFO - Retrieved article length: 6270 characters
2025-01-19 15:16:56,252 - INFO - ATOM: 1h change of 35.86%
2025-01-19 15:16:56,282 - INFO - ATO: 1h change of 3.01%
2025-01-19 15:16:56,336 - INFO - ATOM: 1wk change of 7.34%
2025-01-19 15:16:56,408 - INFO - ATO: 1wk change of 6.49%
2025-01-19 15:16:56,419 - INFO - ATOM: 1mo change of 39.81%
2025-01-19 15:16:56,419 - INFO - Processing ATOM - 2024-10-30 10:16:01 UTC
2025-01-19 15:16:56,547 - INFO - ATO: 1mo change of 3.02%
2025-01-19 15:16:56,547 - INFO - Processing ATO - 2025-01-14 19:40:13 UTC
2025-01-19 15:16:57,190 - INFO - ATOM: 1h change of 15.55%
2025-01-19 15:16:57,274 - INFO - ATOM: 1wk change of 52.30%
2025-01-19 15:16:57,282 - INFO - Retrieved article length: 2935 characters
2025-01-19 15:16:57,372 - INFO - ATOM: 1mo change of 146.03%
2025-01-19 15:16:57,373 - INFO - Processing ATOM - 2024-10-30 07:30:14 UTC
2025-01-19 15:16:57,374 - INFO - ATOS: 1h change of -4.16%
2025-01-19 15:16:57,421 - INFO - Retrieved article length: 3691 characters
2025-01-19 15:16:57,461 - INFO - ATOS: 1wk change of -22.22%
2025-01-19 15:16:57,548 - INFO - ATOS: 1mo change of -35.16%
2025-01-19 15:16:57,549 - INFO - Processing ATOS - 2024-12-13 16:20:36 UTC
2025-01-19 15:16:57,557 - INFO - ATKR: 1h change of -3.01%
2025-01-19 15:16:57,648 - INFO - ATKR: 1wk change of -8.24%
2025-01-19 15:16:57,738 - INFO - ATKR: 1mo change of -7.58%
2025-01-19 15:16:57,829 - INFO - Retrieved article length: 5790 characters
2025-01-19 15:16:57,838 - INFO - ATO: 1h change of 3.01%
2025-01-19 15:16:57,887 - INFO - ATO: 1wk change of 6.49%
2025-01-19 15:16:57,928 - INFO - Processing ATPC - 2025-01-14 16:05:04 UTC
2025-01-19 15:16:57,936 - INFO - ATO: 1mo change of 3.02%
2025-01-19 15:16:57,936 - INFO - Processing ATO - 2025-01-11 15:51:50 UTC
2025-01-19 15:16:58,061 - INFO - ATOM: 1h change of 15.55%
2025-01-19 15:16:58,066 - INFO - ATOM: 1wk change of 52.30%
2025-01-19 15:16:58,072 - INFO - ATOM: 1mo change of 146.03%
2025-01-19 15:16:58,072 - INFO - Processing ATOM - 2024-10-29 23:02:00 UTC
2025-01-19 15:16:58,340 - INFO - ATOS: 1h change of -9.68%
2025-01-19 15:16:58,437 - INFO - ATOS: 1wk change of -21.95%
2025-01-19 15:16:58,526 - INFO - ATOS: 1mo change of -43.33%
2025-01-19 15:16:58,526 - INFO - Processing ATOS - 2024-12-12 16:15:00 UTC
2025-01-19 15:16:58,847 - INFO - ATOM: 1h change of 19.02%
2025-01-19 15:16:58,941 - INFO - ATOM: 1wk change of 50.86%
2025-01-19 15:16:59,030 - INFO - ATOM: 1mo change of 148.83%
2025-01-19 15:16:59,114 - INFO - Retrieved article length: 5201 characters
2025-01-19 15:16:59,145 - INFO - Retrieved article length: 7075 characters
2025-01-19 15:16:59,181 - INFO - Processing ATRC - 2025-01-13 22:32:16 UTC
2025-01-19 15:16:59,233 - INFO - ATPC: 1h change of -30.96%
2025-01-19 15:16:59,304 - INFO - ATOS: 1h change of -8.94%
2025-01-19 15:16:59,316 - INFO - ATPC: 1wk change of 8.13%
2025-01-19 15:16:59,323 - INFO - ATO: 1wk change of 5.12%
2025-01-19 15:16:59,404 - INFO - ATPC: 1mo change of -7.64%
2025-01-19 15:16:59,404 - INFO - ATOS: 1wk change of -24.41%
2025-01-19 15:16:59,404 - INFO - Processing ATPC - 2024-11-29 17:00:00 UTC
2025-01-19 15:16:59,441 - INFO - ATO: 1mo change of 3.06%
2025-01-19 15:16:59,442 - INFO - Processing ATO - 2025-01-10 17:06:00 UTC
2025-01-19 15:16:59,491 - INFO - ATOS: 1mo change of -42.00%
2025-01-19 15:16:59,492 - INFO - Processing ATOS - 2024-12-11 16:15:00 UTC
2025-01-19 15:16:59,969 - INFO - ATRC: 1h change of 5.41%
2025-01-19 15:17:00,052 - INFO - ATRC: 1wk change of 20.11%
2025-01-19 15:17:00,135 - INFO - ATRC: 1mo change of 13.35%
2025-01-19 15:17:00,135 - INFO - Processing ATRC - 2025-01-13 16:00:00 UTC
2025-01-19 15:17:00,164 - INFO - ATPC: 1h change of 3.47%
2025-01-19 15:17:00,246 - INFO - ATPC: 1wk change of 6.07%
2025-01-19 15:17:00,250 - INFO - ATOS: 1h change of -9.84%
2025-01-19 15:17:00,333 - INFO - ATPC: 1mo change of -40.82%
2025-01-19 15:17:00,339 - INFO - ATOS: 1wk change of -24.41%
2025-01-19 15:17:00,486 - INFO - ATOS: 1mo change of -41.22%
2025-01-19 15:17:00,486 - INFO - Processing ATOS - 2024-12-10 17:05:00 UTC
2025-01-19 15:17:00,496 - INFO - Processing ATSG - 2025-01-08 12:05:40 UTC
2025-01-19 15:17:00,655 - INFO - Retrieved article length: 8637 characters
2025-01-19 15:17:00,877 - INFO - ATO: 1wk change of 4.38%
2025-01-19 15:17:00,992 - INFO - ATO: 1mo change of 2.40%
2025-01-19 15:17:00,992 - INFO - Processing ATO - 2025-01-10 16:40:00 UTC
2025-01-19 15:17:01,334 - INFO - Retrieved article length: 6220 characters
2025-01-19 15:17:01,343 - INFO - ATRC: 1h change of 5.41%
2025-01-19 15:17:01,361 - INFO - ATOS: 1h change of -3.93%
2025-01-19 15:17:01,390 - INFO - ATRC: 1wk change of 20.11%
2025-01-19 15:17:01,439 - INFO - ATRC: 1mo change of 13.35%
2025-01-19 15:17:01,439 - INFO - Processing ATRC - 2024-12-23 16:00:00 UTC
2025-01-19 15:17:01,443 - INFO - ATOS: 1wk change of -22.83%
2025-01-19 15:17:01,532 - INFO - ATOS: 1mo change of -34.29%
2025-01-19 15:17:01,532 - INFO - Processing ATOS - 2024-12-09 16:15:00 UTC
2025-01-19 15:17:01,782 - INFO - Retrieved article length: 3773 characters
2025-01-19 15:17:02,047 - INFO - Processing ATSG - 2025-01-07 16:52:00 UTC
2025-01-19 15:17:02,295 - INFO - Retrieved article length: 11044 characters
2025-01-19 15:17:02,298 - INFO - ATOS: 1h change of -1.17%
2025-01-19 15:17:02,353 - INFO - ATO: 1wk change of 4.38%
2025-01-19 15:17:02,387 - INFO - ATOS: 1wk change of -23.85%
2025-01-19 15:17:02,403 - INFO - ATO: 1mo change of 2.40%
2025-01-19 15:17:02,473 - INFO - ATOS: 1mo change of -36.17%
2025-01-19 15:17:02,473 - INFO - Processing ATOS - 2024-11-21 16:30:00 UTC
2025-01-19 15:17:02,564 - INFO - Processing ATUS - 2025-01-18 19:32:00 UTC
2025-01-19 15:17:02,675 - INFO - Retrieved article length: 2180 characters
2025-01-19 15:17:02,851 - INFO - ATRC: 1wk change of -3.50%
2025-01-19 15:17:02,942 - INFO - ATRC: 1mo change of 10.80%
2025-01-19 15:17:02,942 - INFO - Processing ATRC - 2024-11-28 15:35:30 UTC
2025-01-19 15:17:03,239 - INFO - Retrieved article length: 2445 characters
2025-01-19 15:17:03,255 - INFO - ATOS: 1h change of -6.56%
2025-01-19 15:17:03,338 - INFO - ATOS: 1wk change of -19.75%
2025-01-19 15:17:03,421 - INFO - ATOS: 1mo change of -28.97%
2025-01-19 15:17:03,503 - INFO - Processing ATSG - 2024-12-19 08:52:09 UTC
2025-01-19 15:17:03,573 - INFO - Processing ATXG - 2025-01-13 17:00:00 UTC
2025-01-19 15:17:03,726 - INFO - ATRC: 1h change of 2.37%
2025-01-19 15:17:03,810 - INFO - ATRC: 1wk change of -1.35%
2025-01-19 15:17:03,813 - INFO - Retrieved article length: 2890 characters
2025-01-19 15:17:03,897 - INFO - ATRC: 1mo change of 6.56%
2025-01-19 15:17:03,897 - INFO - Processing ATRC - 2024-11-20 16:00:00 UTC
2025-01-19 15:17:03,958 - INFO - ATUS: 1h change of 3.18%
2025-01-19 15:17:04,057 - INFO - ATUS: 1wk change of 10.84%
2025-01-19 15:17:04,213 - INFO - ATUS: 1mo change of 5.34%
2025-01-19 15:17:04,213 - INFO - Processing ATUS - 2025-01-17 16:47:00 UTC
2025-01-19 15:17:04,727 - INFO - Retrieved article length: 8463 characters
2025-01-19 15:17:04,803 - INFO - ATRC: 1wk change of -5.34%
2025-01-19 15:17:04,803 - INFO - Retrieved article length: 5991 characters
2025-01-19 15:17:04,888 - INFO - ATXG: 1h change of -7.29%
2025-01-19 15:17:04,888 - INFO - ATRC: 1mo change of 4.60%
2025-01-19 15:17:04,889 - INFO - Processing ATRC - 2024-11-07 16:00:00 UTC
2025-01-19 15:17:04,894 - INFO - ATSG: 1wk change of -1.39%
2025-01-19 15:17:04,990 - INFO - ATXG: 1wk change of -11.88%
2025-01-19 15:17:04,991 - INFO - Processing ATSG - 2024-12-10 12:43:10 UTC
2025-01-19 15:17:05,075 - INFO - ATXG: 1mo change of 11.90%
2025-01-19 15:17:05,075 - INFO - Processing ATXG - 2024-11-21 17:16:00 UTC
2025-01-19 15:17:05,557 - INFO - Retrieved article length: 4908 characters
2025-01-19 15:17:05,655 - INFO - ATUS: 1h change of 4.55%
2025-01-19 15:17:05,722 - INFO - ATRC: 1h change of 7.21%
2025-01-19 15:17:05,754 - INFO - ATUS: 1wk change of 11.29%
2025-01-19 15:17:05,810 - INFO - ATRC: 1wk change of 21.84%
2025-01-19 15:17:05,840 - INFO - ATUS: 1mo change of 2.99%
2025-01-19 15:17:05,841 - INFO - Processing ATUS - 2025-01-17 14:45:21 UTC
2025-01-19 15:17:05,843 - INFO - ATXG: 1h change of 1.08%
2025-01-19 15:17:05,894 - INFO - ATRC: 1mo change of 21.39%
2025-01-19 15:17:05,894 - INFO - Processing ATRC - 2024-11-01 14:51:58 UTC
2025-01-19 15:17:05,929 - INFO - ATXG: 1wk change of -9.59%
2025-01-19 15:17:05,930 - INFO - Processing ATSG - 2024-12-10 02:00:00 UTC
2025-01-19 15:17:06,017 - INFO - ATXG: 1mo change of -13.81%
2025-01-19 15:17:06,017 - INFO - Processing ATXG - 2024-11-17 16:14:17 UTC
2025-01-19 15:17:06,659 - INFO - ATRC: 1h change of -6.69%
2025-01-19 15:17:06,668 - INFO - Processing ATSG - 2024-12-03 00:01:00 UTC
2025-01-19 15:17:06,747 - INFO - ATRC: 1wk change of 30.81%
2025-01-19 15:17:06,835 - INFO - ATRC: 1mo change of 21.04%
2025-01-19 15:17:06,836 - INFO - Processing ATRC - 2024-10-31 14:07:48 UTC
2025-01-19 15:17:06,896 - INFO - ATXG: 1wk change of -1.27%
2025-01-19 15:17:06,979 - INFO - ATXG: 1mo change of -22.34%
2025-01-19 15:17:07,019 - INFO - Retrieved article length: 528 characters
2025-01-19 15:17:07,028 - INFO - ATUS: 1h change of 4.55%
2025-01-19 15:17:07,079 - INFO - ATUS: 1wk change of 11.29%
2025-01-19 15:17:07,114 - INFO - Processing ATXI - 2024-11-15 00:05:00 UTC
2025-01-19 15:17:07,128 - INFO - ATUS: 1mo change of 2.99%
2025-01-19 15:17:07,128 - INFO - Processing ATUS - 2025-01-17 00:16:00 UTC
2025-01-19 15:17:07,607 - INFO - ATSG: 1mo change of 25.95%
2025-01-19 15:17:07,607 - INFO - Processing ATSG - 2024-12-02 13:00:00 UTC
2025-01-19 15:17:07,608 - INFO - ATRC: 1h change of 15.04%
2025-01-19 15:17:07,696 - INFO - ATRC: 1wk change of 31.22%
2025-01-19 15:17:07,791 - INFO - ATRC: 1mo change of 27.76%
2025-01-19 15:17:07,883 - INFO - ATXI: 1h change of -7.01%
2025-01-19 15:17:07,965 - INFO - Processing ATYR - 2025-01-10 13:20:00 UTC
2025-01-19 15:17:07,972 - INFO - ATXI: 1wk change of -9.46%
2025-01-19 15:17:08,062 - INFO - ATXI: 1mo change of -12.62%
2025-01-19 15:17:08,191 - INFO - Processing AUB - 2025-01-16 18:00:30 UTC
2025-01-19 15:17:08,344 - INFO - Retrieved article length: 7000 characters
2025-01-19 15:17:08,353 - INFO - ATUS: 1h change of 4.55%
2025-01-19 15:17:08,404 - INFO - ATUS: 1wk change of 11.29%
2025-01-19 15:17:08,458 - INFO - ATUS: 1mo change of 2.99%
2025-01-19 15:17:08,458 - INFO - Processing ATUS - 2025-01-16 17:30:00 UTC
2025-01-19 15:17:08,579 - INFO - ATSG: 1mo change of 27.91%
2025-01-19 15:17:08,579 - INFO - Processing ATSG - 2024-11-26 01:33:53 UTC
2025-01-19 15:17:09,157 - INFO - Retrieved article length: 3947 characters
2025-01-19 15:17:09,253 - INFO - ATYR: 1h change of -4.74%
2025-01-19 15:17:09,385 - INFO - Retrieved article length: 5720 characters
2025-01-19 15:17:09,428 - INFO - ATYR: 1mo change of 7.44%
2025-01-19 15:17:09,428 - INFO - Processing ATYR - 2024-12-20 17:06:13 UTC
2025-01-19 15:17:09,476 - INFO - AUB: 1h change of 4.24%
2025-01-19 15:17:09,521 - INFO - ATSG: 1mo change of 35.70%
2025-01-19 15:17:09,590 - INFO - AUB: 1wk change of 2.38%
2025-01-19 15:17:09,623 - INFO - Processing AUGX - 2025-01-19 15:14:48 UTC
2025-01-19 15:17:09,632 - INFO - Retrieved article length: 3776 characters
2025-01-19 15:17:09,711 - INFO - AUB: 1mo change of -8.33%
2025-01-19 15:17:09,711 - INFO - Processing AUB - 2025-01-15 18:07:20 UTC
2025-01-19 15:17:09,732 - INFO - ATUS: 1h change of 8.88%
2025-01-19 15:17:09,816 - INFO - ATUS: 1wk change of 5.34%
2025-01-19 15:17:09,907 - INFO - ATUS: 1mo change of 5.75%
2025-01-19 15:17:09,907 - INFO - Processing ATUS - 2025-01-14 02:08:00 UTC
2025-01-19 15:17:10,331 - INFO - ATYR: 1h change of 5.03%
2025-01-19 15:17:10,422 - INFO - ATYR: 1wk change of 13.68%
2025-01-19 15:17:10,516 - INFO - ATYR: 1mo change of 24.27%
2025-01-19 15:17:10,516 - INFO - Processing ATYR - 2024-12-19 17:06:34 UTC
2025-01-19 15:17:10,952 - INFO - Retrieved article length: 6860 characters
2025-01-19 15:17:11,060 - INFO - AUB: 1h change of 6.74%
2025-01-19 15:17:11,147 - INFO - Retrieved article length: 4511 characters
2025-01-19 15:17:11,194 - INFO - AUB: 1wk change of 2.38%
2025-01-19 15:17:11,240 - INFO - ATUS: 1h change of 13.19%
2025-01-19 15:17:11,328 - INFO - AUB: 1mo change of -9.23%
2025-01-19 15:17:11,328 - INFO - Processing AUB - 2025-01-14 02:09:00 UTC
2025-01-19 15:17:11,329 - INFO - ATUS: 1wk change of 5.34%
2025-01-19 15:17:11,416 - INFO - ATUS: 1mo change of 15.00%
2025-01-19 15:17:11,416 - INFO - Processing ATUS - 2025-01-11 01:36:35 UTC
2025-01-19 15:17:11,658 - ERROR - AUGX: No timezone found, symbol may be delisted
2025-01-19 15:17:11,660 - ERROR - AUGX: No timezone found, symbol may be delisted
2025-01-19 15:17:11,662 - ERROR - AUGX: No timezone found, symbol may be delisted
2025-01-19 15:17:11,662 - INFO - Processing AUGX - 2025-01-19 15:12:44 UTC
2025-01-19 15:17:11,749 - INFO - Retrieved article length: 5746 characters
2025-01-19 15:17:11,840 - INFO - ATYR: 1h change of 8.75%
2025-01-19 15:17:11,932 - INFO - ATYR: 1wk change of 5.95%
2025-01-19 15:17:12,027 - INFO - ATYR: 1mo change of 13.17%
2025-01-19 15:17:12,027 - INFO - Processing ATYR - 2024-12-17 16:00:00 UTC
2025-01-19 15:17:12,365 - ERROR - AUGX: No timezone found, symbol may be delisted
2025-01-19 15:17:12,365 - ERROR - AUGX: No timezone found, symbol may be delisted
2025-01-19 15:17:12,366 - ERROR - AUGX: No timezone found, symbol may be delisted
2025-01-19 15:17:12,366 - INFO - Processing AUGX - 2025-01-19 15:11:00 UTC
2025-01-19 15:17:12,589 - INFO - Retrieved article length: 20720 characters
2025-01-19 15:17:12,664 - INFO - Retrieved article length: 1898 characters
2025-01-19 15:17:12,675 - INFO - AUB: 1h change of 8.22%
2025-01-19 15:17:12,799 - INFO - AUB: 1wk change of 2.38%
2025-01-19 15:17:12,893 - INFO - ATUS: 1wk change of 16.46%
2025-01-19 15:17:12,894 - INFO - ATYR: 1wk change of 6.80%
2025-01-19 15:17:12,921 - INFO - AUB: 1mo change of -9.57%
2025-01-19 15:17:12,921 - INFO - Processing AUB - 2025-01-08 14:14:42 UTC
2025-01-19 15:17:12,982 - INFO - ATUS: 1mo change of 16.95%
2025-01-19 15:17:12,983 - INFO - Processing ATUS - 2025-01-11 01:12:00 UTC
2025-01-19 15:17:12,983 - INFO - ATYR: 1mo change of 3.44%
2025-01-19 15:17:12,984 - INFO - Processing ATYR - 2024-12-13 00:00:00 UTC
2025-01-19 15:17:13,050 - ERROR - AUGX: No timezone found, symbol may be delisted
2025-01-19 15:17:13,051 - ERROR - AUGX: No timezone found, symbol may be delisted
2025-01-19 15:17:13,052 - ERROR - AUGX: No timezone found, symbol may be delisted
2025-01-19 15:17:13,052 - INFO - Processing AUGX - 2025-01-19 15:08:28 UTC
2025-01-19 15:17:13,464 - INFO - Retrieved article length: 5683 characters
2025-01-19 15:17:13,465 - ERROR - AUGX: No timezone found, symbol may be delisted
2025-01-19 15:17:13,465 - ERROR - AUGX: No timezone found, symbol may be delisted
2025-01-19 15:17:13,466 - ERROR - AUGX: No timezone found, symbol may be delisted
2025-01-19 15:17:13,466 - INFO - Processing AUGX - 2025-01-19 15:07:00 UTC
2025-01-19 15:17:13,766 - INFO - ATYR: 1h change of -3.47%
2025-01-19 15:17:14,009 - INFO - ATYR: 1mo change of 20.19%
2025-01-19 15:17:14,010 - INFO - Processing ATYR - 2024-12-10 16:00:00 UTC
2025-01-19 15:17:14,160 - INFO - Retrieved article length: 4256 characters
2025-01-19 15:17:14,180 - ERROR - AUGX: No timezone found, symbol may be delisted
2025-01-19 15:17:14,182 - ERROR - AUGX: No timezone found, symbol may be delisted
2025-01-19 15:17:14,182 - ERROR - AUGX: No timezone found, symbol may be delisted
2025-01-19 15:17:14,183 - INFO - Processing AUGX - 2025-01-19 15:05:00 UTC
2025-01-19 15:17:14,252 - INFO - AUB: 1h change of -2.30%
2025-01-19 15:17:14,311 - INFO - Retrieved article length: 4412 characters
2025-01-19 15:17:14,374 - INFO - ATUS: 1wk change of 16.46%
2025-01-19 15:17:14,427 - INFO - ATUS: 1mo change of 16.95%
2025-01-19 15:17:14,494 - INFO - AUB: 1mo change of -11.50%
2025-01-19 15:17:14,495 - INFO - Processing AUB - 2025-01-03 14:04:42 UTC
2025-01-19 15:17:14,578 - INFO - Processing AUID - 2025-01-08 16:00:00 UTC
2025-01-19 15:17:14,790 - INFO - ATYR: 1h change of -13.05%
2025-01-19 15:17:14,861 - ERROR - AUGX: No timezone found, symbol may be delisted
2025-01-19 15:17:14,862 - ERROR - AUGX: No timezone found, symbol may be delisted
2025-01-19 15:17:14,863 - ERROR - AUGX: No timezone found, symbol may be delisted
2025-01-19 15:17:14,863 - INFO - Processing AUGX - 2025-01-19 15:00:22 UTC
2025-01-19 15:17:14,876 - INFO - ATYR: 1wk change of -11.52%
2025-01-19 15:17:14,967 - INFO - ATYR: 1mo change of 4.44%
2025-01-19 15:17:14,968 - INFO - Processing ATYR - 2024-12-09 16:00:00 UTC
2025-01-19 15:17:15,250 - INFO - Retrieved article length: 3842 characters
2025-01-19 15:17:15,251 - ERROR - AUGX: No timezone found, symbol may be delisted
2025-01-19 15:17:15,252 - ERROR - AUGX: No timezone found, symbol may be delisted
2025-01-19 15:17:15,252 - ERROR - AUGX: No timezone found, symbol may be delisted
2025-01-19 15:17:15,252 - INFO - Processing AUGX - 2025-01-19 15:00:21 UTC
2025-01-19 15:17:15,698 - INFO - Retrieved article length: 7281 characters
2025-01-19 15:17:15,747 - INFO - ATYR: 1h change of -9.34%
2025-01-19 15:17:15,771 - INFO - Retrieved article length: 6828 characters
2025-01-19 15:17:15,783 - INFO - AUB: 1h change of -1.09%
2025-01-19 15:17:15,831 - INFO - ATYR: 1wk change of -10.76%
2025-01-19 15:17:15,863 - INFO - AUID: 1h change of -4.83%
2025-01-19 15:17:15,909 - INFO - AUB: 1wk change of -8.63%
2025-01-19 15:17:15,915 - INFO - ATYR: 1mo change of 14.61%
2025-01-19 15:17:15,916 - INFO - Processing ATYR - 2024-11-15 16:00:00 UTC
2025-01-19 15:17:15,929 - ERROR - AUGX: No timezone found, symbol may be delisted
2025-01-19 15:17:15,930 - ERROR - AUGX: No timezone found, symbol may be delisted
2025-01-19 15:17:15,930 - ERROR - AUGX: No timezone found, symbol may be delisted
2025-01-19 15:17:15,948 - INFO - AUID: 1wk change of -8.14%
2025-01-19 15:17:16,025 - INFO - AUB: 1mo change of -10.75%
2025-01-19 15:17:16,025 - INFO - Processing AUB - 2025-01-02 19:10:27 UTC
2025-01-19 15:17:16,037 - INFO - AUID: 1mo change of 4.45%
2025-01-19 15:17:16,037 - INFO - Processing AUID - 2024-12-23 16:00:00 UTC
2025-01-19 15:17:16,101 - INFO - Processing AUR - 2025-01-11 02:00:27 UTC
2025-01-19 15:17:16,711 - INFO - ATYR: 1h change of -20.30%
2025-01-19 15:17:16,797 - INFO - ATYR: 1wk change of -3.81%
2025-01-19 15:17:16,886 - INFO - ATYR: 1mo change of 41.26%
2025-01-19 15:17:17,034 - INFO - Processing AUUD - 2024-12-04 16:01:00 UTC
2025-01-19 15:17:17,227 - INFO - Retrieved article length: 6884 characters
2025-01-19 15:17:17,230 - INFO - Retrieved article length: 6871 characters
2025-01-19 15:17:17,308 - INFO - Retrieved article length: 2454 characters
2025-01-19 15:17:17,314 - INFO - AUB: 1h change of -2.34%
2025-01-19 15:17:17,320 - INFO - AUID: 1h change of 3.53%
2025-01-19 15:17:17,398 - INFO - AUR: 1h change of -4.05%
2025-01-19 15:17:17,409 - INFO - AUID: 1wk change of -1.15%
2025-01-19 15:17:17,457 - INFO - AUB: 1wk change of -7.90%
2025-01-19 15:17:17,483 - INFO - AUR: 1wk change of 11.48%
2025-01-19 15:17:17,513 - INFO - AUID: 1mo change of -13.80%
2025-01-19 15:17:17,513 - INFO - Processing AUID - 2024-12-19 16:00:00 UTC
2025-01-19 15:17:17,571 - INFO - AUR: 1mo change of -10.76%
2025-01-19 15:17:17,571 - INFO - Processing AUR - 2025-01-08 15:21:30 UTC
2025-01-19 15:17:17,574 - INFO - AUB: 1mo change of -10.75%
2025-01-19 15:17:17,575 - INFO - Processing AUB - 2025-01-02 16:00:00 UTC
2025-01-19 15:17:17,811 - INFO - AUUD: 1h change of 4.63%
2025-01-19 15:17:18,046 - INFO - AUUD: 1mo change of -5.63%
2025-01-19 15:17:18,047 - INFO - Processing AUUD - 2024-12-03 23:45:00 UTC
2025-01-19 15:17:18,780 - INFO - Retrieved article length: 2063 characters
2025-01-19 15:17:18,787 - INFO - Retrieved article length: 1522 characters
2025-01-19 15:17:18,789 - INFO - AUB: 1h change of -2.34%
2025-01-19 15:17:18,794 - INFO - AUB: 1wk change of -7.90%
2025-01-19 15:17:18,843 - INFO - AUB: 1mo change of -10.75%
2025-01-19 15:17:18,843 - INFO - Processing AUB - 2024-12-05 14:01:45 UTC
2025-01-19 15:17:18,875 - INFO - AUR: 1h change of 23.34%
2025-01-19 15:17:18,884 - INFO - AUUD: 1h change of 4.02%
2025-01-19 15:17:18,936 - INFO - Retrieved article length: 6720 characters
2025-01-19 15:17:18,958 - INFO - AUR: 1wk change of 5.10%
2025-01-19 15:17:18,968 - INFO - AUUD: 1wk change of 1.45%
2025-01-19 15:17:19,028 - INFO - AUID: 1h change of 5.45%
2025-01-19 15:17:19,043 - INFO - AUR: 1mo change of 12.77%
2025-01-19 15:17:19,044 - INFO - Processing AUR - 2025-01-08 00:56:21 UTC
2025-01-19 15:17:19,069 - INFO - Processing AUUD - 2024-11-15 00:35:00 UTC
2025-01-19 15:17:19,117 - INFO - AUID: 1wk change of -4.13%
2025-01-19 15:17:19,209 - INFO - AUID: 1mo change of -14.18%
2025-01-19 15:17:19,209 - INFO - Processing AUID - 2024-12-16 16:00:00 UTC
2025-01-19 15:17:19,634 - INFO - AUB: 1h change of -2.28%
2025-01-19 15:17:19,761 - INFO - AUB: 1wk change of -5.97%
2025-01-19 15:17:19,887 - INFO - AUB: 1mo change of -2.65%
2025-01-19 15:17:19,905 - INFO - AUUD: 1h change of -7.78%
2025-01-19 15:17:19,979 - INFO - AUID: 1h change of 6.65%
2025-01-19 15:17:19,986 - INFO - AUUD: 1wk change of -5.62%
2025-01-19 15:17:20,045 - INFO - Processing AVB - 2025-01-17 18:34:37 UTC
2025-01-19 15:17:20,066 - INFO - AUID: 1wk change of -5.11%
2025-01-19 15:17:20,069 - INFO - AUUD: 1mo change of -8.95%
2025-01-19 15:17:20,159 - INFO - AUID: 1mo change of -18.59%
2025-01-19 15:17:20,160 - INFO - Processing AUID - 2024-12-10 16:00:00 UTC
2025-01-19 15:17:20,312 - INFO - Retrieved article length: 155 characters
2025-01-19 15:17:20,319 - INFO - AUR: 1h change of 23.34%
2025-01-19 15:17:20,326 - INFO - AUR: 1wk change of 5.10%
2025-01-19 15:17:20,377 - INFO - AUR: 1mo change of 12.77%
2025-01-19 15:17:20,377 - INFO - Processing AUR - 2025-01-07 23:12:29 UTC
2025-01-19 15:17:20,417 - INFO - Processing AVDX - 2025-01-18 00:01:00 UTC
2025-01-19 15:17:20,941 - INFO - AUID: 1h change of -2.14%
2025-01-19 15:17:21,031 - INFO - AUID: 1wk change of -9.08%
2025-01-19 15:17:21,127 - INFO - AUID: 1mo change of -32.14%
2025-01-19 15:17:21,127 - INFO - Processing AUID - 2024-12-02 16:00:00 UTC
2025-01-19 15:17:21,270 - INFO - Retrieved article length: 538 characters
2025-01-19 15:17:21,495 - INFO - AVB: 1wk change of 3.27%
2025-01-19 15:17:21,561 - INFO - Retrieved article length: 7486 characters
2025-01-19 15:17:21,654 - INFO - AUR: 1h change of 23.34%
2025-01-19 15:17:21,672 - INFO - Retrieved article length: 1578 characters
2025-01-19 15:17:21,693 - INFO - AVB: 1mo change of -2.91%
2025-01-19 15:17:21,693 - INFO - Processing AVB - 2025-01-17 16:33:00 UTC
2025-01-19 15:17:21,767 - INFO - AUR: 1wk change of 2.01%
2025-01-19 15:17:21,856 - INFO - AUR: 1mo change of 14.86%
2025-01-19 15:17:21,856 - INFO - Processing AUR - 2025-01-07 20:00:18 UTC
2025-01-19 15:17:21,902 - INFO - AVDX: 1wk change of 5.92%
2025-01-19 15:17:21,902 - INFO - AUID: 1h change of -5.68%
2025-01-19 15:17:21,994 - INFO - AUID: 1wk change of -2.90%
2025-01-19 15:17:21,997 - INFO - AVDX: 1mo change of -8.06%
2025-01-19 15:17:21,997 - INFO - Processing AVDX - 2025-01-17 02:15:21 UTC
2025-01-19 15:17:22,091 - INFO - AUID: 1mo change of -10.34%
2025-01-19 15:17:22,091 - INFO - Processing AUID - 2024-11-22 16:00:00 UTC
2025-01-19 15:17:22,873 - INFO - Retrieved article length: 5427 characters
2025-01-19 15:17:22,876 - INFO - AUID: 1h change of -1.50%
2025-01-19 15:17:22,965 - INFO - AUID: 1wk change of -13.69%
2025-01-19 15:17:22,970 - INFO - AVB: 1wk change of 3.27%
2025-01-19 15:17:23,017 - INFO - AVB: 1mo change of -2.91%
2025-01-19 15:17:23,018 - INFO - Processing AVB - 2025-01-17 00:15:00 UTC
2025-01-19 15:17:23,050 - INFO - AUID: 1mo change of -10.00%
2025-01-19 15:17:23,050 - INFO - Processing AUID - 2024-11-15 16:00:00 UTC
2025-01-19 15:17:23,082 - INFO - Retrieved article length: 4271 characters
2025-01-19 15:17:23,090 - INFO - AUR: 1h change of 23.34%
2025-01-19 15:17:23,096 - INFO - AUR: 1wk change of 2.01%
2025-01-19 15:17:23,145 - INFO - AUR: 1mo change of 14.86%
2025-01-19 15:17:23,145 - INFO - Processing AUR - 2025-01-07 18:50:40 UTC
2025-01-19 15:17:23,208 - INFO - Retrieved article length: 3224 characters
2025-01-19 15:17:23,301 - INFO - AVDX: 1h change of 1.52%
2025-01-19 15:17:23,392 - INFO - AVDX: 1wk change of 2.57%
2025-01-19 15:17:23,479 - INFO - AVDX: 1mo change of -6.91%
2025-01-19 15:17:23,480 - INFO - Processing AVDX - 2025-01-11 02:00:19 UTC
2025-01-19 15:17:23,858 - INFO - AUID: 1h change of -4.27%
2025-01-19 15:17:23,946 - INFO - AUID: 1wk change of -19.21%
2025-01-19 15:17:24,037 - INFO - AUID: 1mo change of -19.22%
2025-01-19 15:17:24,157 - INFO - Processing AVGO - 2025-01-19 06:56:53 UTC
2025-01-19 15:17:24,267 - INFO - Retrieved article length: 3227 characters
2025-01-19 15:17:24,321 - INFO - AVB: 1wk change of 3.27%
2025-01-19 15:17:24,345 - INFO - Retrieved article length: 3226 characters
2025-01-19 15:17:24,354 - INFO - AUR: 1h change of 23.34%
2025-01-19 15:17:24,359 - INFO - AUR: 1wk change of 2.01%
2025-01-19 15:17:24,369 - INFO - AVB: 1mo change of -2.91%
2025-01-19 15:17:24,369 - INFO - Processing AVB - 2025-01-15 16:25:45 UTC
2025-01-19 15:17:24,414 - INFO - AUR: 1mo change of 14.86%
2025-01-19 15:17:24,414 - INFO - Processing AUR - 2025-01-07 07:00:00 UTC
2025-01-19 15:17:24,701 - INFO - Retrieved article length: 3119 characters
2025-01-19 15:17:24,794 - INFO - AVDX: 1h change of 1.53%
2025-01-19 15:17:24,973 - INFO - AVDX: 1mo change of -7.16%
2025-01-19 15:17:24,974 - INFO - Processing AVDX - 2024-12-19 16:46:35 UTC
2025-01-19 15:17:25,379 - INFO - Retrieved article length: 9313 characters
2025-01-19 15:17:25,483 - INFO - AVGO: 1h change of 1.55%
2025-01-19 15:17:25,530 - INFO - Retrieved article length: 631 characters
2025-01-19 15:17:25,583 - INFO - AVGO: 1wk change of 5.85%
2025-01-19 15:17:25,613 - INFO - Retrieved article length: 7419 characters
2025-01-19 15:17:25,616 - INFO - AVB: 1h change of 2.62%
2025-01-19 15:17:25,622 - INFO - AUR: 1h change of 23.34%
2025-01-19 15:17:25,628 - INFO - AUR: 1wk change of 2.01%
2025-01-19 15:17:25,676 - INFO - AUR: 1mo change of 14.86%
2025-01-19 15:17:25,676 - INFO - Processing AUR - 2024-12-28 16:03:51 UTC
2025-01-19 15:17:25,683 - INFO - AVGO: 1mo change of -4.77%
2025-01-19 15:17:25,684 - INFO - Processing AVGO - 2025-01-19 02:55:00 UTC
2025-01-19 15:17:25,729 - INFO - AVB: 1wk change of 2.52%
2025-01-19 15:17:25,850 - INFO - AVB: 1mo change of -2.79%
2025-01-19 15:17:25,850 - INFO - Processing AVB - 2025-01-14 19:14:02 UTC
2025-01-19 15:17:26,183 - INFO - Retrieved article length: 6383 characters
2025-01-19 15:17:26,274 - INFO - AVDX: 1h change of -5.80%
2025-01-19 15:17:26,361 - INFO - AVDX: 1wk change of -7.25%
2025-01-19 15:17:26,451 - INFO - AVDX: 1mo change of -3.35%
2025-01-19 15:17:26,451 - INFO - Processing AVDX - 2024-12-18 14:36:12 UTC
2025-01-19 15:17:26,876 - INFO - Retrieved article length: 8614 characters
2025-01-19 15:17:26,932 - INFO - AVGO: 1h change of 1.55%
2025-01-19 15:17:26,981 - INFO - AVGO: 1wk change of 5.85%
2025-01-19 15:17:26,994 - INFO - Retrieved article length: 6330 characters
2025-01-19 15:17:27,034 - INFO - AVGO: 1mo change of -4.77%
2025-01-19 15:17:27,034 - INFO - Processing AVGO - 2025-01-19 00:10:17 UTC
2025-01-19 15:17:27,094 - INFO - AUR: 1h change of -3.80%
2025-01-19 15:17:27,145 - INFO - Retrieved article length: 5528 characters
2025-01-19 15:17:27,177 - INFO - AUR: 1wk change of -9.22%
2025-01-19 15:17:27,233 - INFO - AVB: 1h change of 2.20%
2025-01-19 15:17:27,243 - INFO - AVDX: 1h change of -5.63%
2025-01-19 15:17:27,264 - INFO - AUR: 1mo change of 5.43%
2025-01-19 15:17:27,332 - INFO - AVDX: 1wk change of -7.25%
2025-01-19 15:17:27,369 - INFO - Processing AVGR - 2024-11-08 19:24:01 UTC
2025-01-19 15:17:27,402 - INFO - AVB: 1wk change of 2.52%
2025-01-19 15:17:27,417 - INFO - AVDX: 1mo change of -3.35%
2025-01-19 15:17:27,417 - INFO - Processing AVDX - 2024-12-06 21:27:00 UTC
2025-01-19 15:17:27,518 - INFO - AVB: 1mo change of -2.31%
2025-01-19 15:17:27,518 - INFO - Processing AVB - 2025-01-10 14:51:15 UTC
2025-01-19 15:17:28,141 - INFO - AVGR: 1h change of 1.52%
2025-01-19 15:17:28,186 - INFO - Retrieved article length: 5501 characters
2025-01-19 15:17:28,194 - INFO - AVDX: 1h change of 1.01%
2025-01-19 15:17:28,224 - INFO - AVGR: 1wk change of -4.82%
2025-01-19 15:17:28,238 - INFO - AVGO: 1h change of 1.55%
2025-01-19 15:17:28,277 - INFO - AVDX: 1wk change of -2.71%
2025-01-19 15:17:28,287 - INFO - AVGO: 1wk change of 5.85%
2025-01-19 15:17:28,309 - INFO - AVGR: 1mo change of -36.73%
2025-01-19 15:17:28,309 - INFO - Processing AVGR - 2024-11-08 10:28:23 UTC
2025-01-19 15:17:28,338 - INFO - AVGO: 1mo change of -4.77%
2025-01-19 15:17:28,338 - INFO - Processing AVGO - 2025-01-18 19:58:18 UTC
2025-01-19 15:17:28,364 - INFO - AVDX: 1mo change of 17.93%
2025-01-19 15:17:28,364 - INFO - Processing AVDX - 2024-12-05 01:27:53 UTC
2025-01-19 15:17:28,704 - INFO - Retrieved article length: 1565 characters
2025-01-19 15:17:29,059 - INFO - AVB: 1mo change of -2.96%
2025-01-19 15:17:29,060 - INFO - Processing AVB - 2025-01-10 00:15:00 UTC
2025-01-19 15:17:39,442 - ERROR - Error fetching article content: HTTPSConnectionPool(host='finance.yahoo.com', port=443): Max retries exceeded with url: /news/avinger-inc-avgr-q3-2024-072823743.html (Caused by NameResolutionError("<urllib3.connection.HTTPSConnection object at 0x0000019CB3BE8950>: Failed to resolve 'finance.yahoo.com' ([Errno 11001] getaddrinfo failed)"))
2025-01-19 15:17:39,443 - ERROR - Error fetching article content: HTTPSConnectionPool(host='finance.yahoo.com', port=443): Max retries exceeded with url: /m/56548ca9-bfb7-3a2c-8bf8-3fb12b8952c7/broadcom%2C-goldman-sachs-lead.html (Caused by NameResolutionError("<urllib3.connection.HTTPSConnection object at 0x0000014C83080770>: Failed to resolve 'finance.yahoo.com' ([Errno 11001] getaddrinfo failed)"))
2025-01-19 15:17:39,443 - ERROR - Error fetching article content: HTTPSConnectionPool(host='finance.yahoo.com', port=443): Max retries exceeded with url: /news/avidxchange-holdings-insider-sold-shares-222753757.html (Caused by NameResolutionError("<urllib3.connection.HTTPSConnection object at 0x0000023879330560>: Failed to resolve 'finance.yahoo.com' ([Errno 11001] getaddrinfo failed)"))
2025-01-19 15:17:39,444 - ERROR - Error fetching article content: HTTPSConnectionPool(host='finance.yahoo.com', port=443): Max retries exceeded with url: /news/avalonbay-communities-inc-announces-fourth-211500925.html (Caused by NameResolutionError("<urllib3.connection.HTTPSConnection object at 0x00000228C39C2690>: Failed to resolve 'finance.yahoo.com' ([Errno 11001] getaddrinfo failed)"))
2025-01-19 15:17:39,455 - INFO - AVGR: 1h change of 1.52%
2025-01-19 15:17:39,461 - INFO - AVGR: 1wk change of -4.82%
2025-01-19 15:17:39,466 - INFO - AVGR: 1mo change of -36.73%
2025-01-19 15:17:39,467 - INFO - Processing AVGR - 2024-11-08 01:35:09 UTC
2025-01-19 15:17:39,537 - INFO - AVDX: 1h change of 2.21%
2025-01-19 15:17:39,547 - INFO - AVGO: 1h change of 1.77%
2025-01-19 15:17:39,621 - INFO - AVDX: 1wk change of -3.80%
2025-01-19 15:17:39,653 - INFO - AVGO: 1wk change of 3.55%
2025-01-19 15:17:39,694 - INFO - AVB: 1mo change of -2.96%
2025-01-19 15:17:39,694 - INFO - Processing AVB - 2025-01-09 14:31:59 UTC
2025-01-19 15:17:39,706 - INFO - AVDX: 1mo change of 18.93%
2025-01-19 15:17:39,706 - INFO - Processing AVDX - 2024-11-20 01:16:01 UTC
2025-01-19 15:17:39,753 - INFO - AVGO: 1mo change of -4.77%
2025-01-19 15:17:39,753 - INFO - Processing AVGO - 2025-01-18 18:13:03 UTC
2025-01-19 15:17:40,243 - INFO - AVGR: 1h change of 1.52%
2025-01-19 15:17:40,248 - INFO - AVGR: 1wk change of -4.82%
2025-01-19 15:17:40,254 - INFO - AVGR: 1mo change of -36.73%
2025-01-19 15:17:40,254 - INFO - Processing AVGR - 2024-11-08 00:26:18 UTC
2025-01-19 15:17:40,480 - INFO - AVDX: 1h change of 1.82%
2025-01-19 15:17:40,574 - INFO - AVDX: 1wk change of 9.16%
2025-01-19 15:17:40,665 - INFO - AVDX: 1mo change of 24.38%
2025-01-19 15:17:40,847 - INFO - Processing AVNT - 2025-01-14 17:15:00 UTC
2025-01-19 15:17:40,940 - INFO - Retrieved article length: 530 characters
2025-01-19 15:17:41,004 - INFO - Retrieved article length: 6990 characters
2025-01-19 15:17:41,056 - INFO - AVGO: 1h change of 1.77%
2025-01-19 15:17:41,108 - INFO - AVGO: 1wk change of 3.55%
2025-01-19 15:17:41,159 - INFO - AVGO: 1mo change of -4.77%
2025-01-19 15:17:41,159 - INFO - Processing AVGO - 2025-01-18 16:45:00 UTC
2025-01-19 15:17:41,279 - INFO - AVB: 1mo change of -2.90%
2025-01-19 15:17:41,420 - INFO - Retrieved article length: 812 characters
2025-01-19 15:17:41,428 - INFO - AVGR: 1h change of 1.52%
2025-01-19 15:17:41,433 - INFO - AVGR: 1wk change of -4.82%
2025-01-19 15:17:41,437 - INFO - Processing AVPT - 2025-01-17 21:02:45 UTC
2025-01-19 15:17:41,439 - INFO - AVGR: 1mo change of -36.73%
2025-01-19 15:17:41,440 - INFO - Processing AVGR - 2024-11-08 00:05:00 UTC
2025-01-19 15:17:41,951 - INFO - AVGO: 1h change of 1.77%
2025-01-19 15:17:42,004 - INFO - AVGO: 1wk change of 3.55%
2025-01-19 15:17:42,052 - INFO - Retrieved article length: 2474 characters
2025-01-19 15:17:42,053 - INFO - AVGO: 1mo change of -4.77%
2025-01-19 15:17:42,054 - INFO - Processing AVGO - 2025-01-17 22:00:00 UTC
2025-01-19 15:17:42,123 - INFO - AVGR: 1h change of 1.52%
2025-01-19 15:17:42,129 - INFO - AVGR: 1wk change of -4.82%
2025-01-19 15:17:42,134 - INFO - AVGR: 1mo change of -36.73%
2025-01-19 15:17:42,134 - INFO - Processing AVGR - 2024-11-06 15:56:47 UTC
2025-01-19 15:17:42,140 - INFO - AVNT: 1h change of 7.72%
2025-01-19 15:17:42,262 - INFO - AVNT: 1wk change of 7.12%
2025-01-19 15:17:42,391 - INFO - AVNT: 1mo change of -13.47%
2025-01-19 15:17:42,392 - INFO - Processing AVNT - 2025-01-02 19:37:29 UTC
2025-01-19 15:17:42,720 - INFO - Retrieved article length: 7747 characters
2025-01-19 15:17:42,822 - INFO - AVPT: 1h change of -1.26%
2025-01-19 15:17:42,917 - INFO - AVPT: 1wk change of 4.81%
2025-01-19 15:17:42,919 - INFO - AVGR: 1h change of 6.01%
2025-01-19 15:17:43,005 - INFO - AVPT: 1mo change of -6.29%
2025-01-19 15:17:43,005 - INFO - Processing AVPT - 2025-01-15 17:29:00 UTC
2025-01-19 15:17:43,045 - INFO - AVGR: 1wk change of -3.66%
2025-01-19 15:17:43,133 - INFO - AVGR: 1mo change of -21.15%
2025-01-19 15:17:43,133 - INFO - Processing AVGR - 2024-10-29 15:00:00 UTC
2025-01-19 15:17:43,378 - INFO - Retrieved article length: 10602 characters
2025-01-19 15:17:43,483 - INFO - AVGO: 1h change of 3.61%
2025-01-19 15:17:43,589 - INFO - AVGO: 1wk change of 3.85%
2025-01-19 15:17:43,612 - INFO - Retrieved article length: 7728 characters
2025-01-19 15:17:43,697 - INFO - AVGO: 1mo change of 5.91%
2025-01-19 15:17:43,697 - INFO - Processing AVGO - 2025-01-17 21:00:24 UTC
2025-01-19 15:17:43,699 - INFO - AVNT: 1h change of -3.77%
2025-01-19 15:17:43,815 - INFO - AVNT: 1wk change of -6.93%
2025-01-19 15:17:43,908 - INFO - AVGR: 1h change of -2.34%
2025-01-19 15:17:43,926 - INFO - AVNT: 1mo change of -16.72%
2025-01-19 15:17:43,926 - INFO - Processing AVNT - 2024-12-13 13:13:51 UTC
2025-01-19 15:17:43,999 - INFO - AVGR: 1wk change of -11.17%
2025-01-19 15:17:44,092 - INFO - AVGR: 1mo change of -12.59%
2025-01-19 15:17:44,093 - INFO - Processing AVGR - 2024-10-24 15:00:00 UTC
2025-01-19 15:17:44,232 - INFO - Retrieved article length: 6448 characters
2025-01-19 15:17:44,328 - INFO - AVPT: 1h change of 10.43%
2025-01-19 15:17:44,408 - INFO - AVGO: 1h change of 3.61%
2025-01-19 15:17:44,411 - INFO - AVPT: 1wk change of 2.50%
2025-01-19 15:17:44,460 - INFO - AVGO: 1wk change of 3.85%
2025-01-19 15:17:44,499 - INFO - AVPT: 1mo change of -6.72%
2025-01-19 15:17:44,499 - INFO - Processing AVPT - 2025-01-09 18:01:39 UTC
2025-01-19 15:17:44,511 - INFO - AVGO: 1mo change of 5.91%
2025-01-19 15:17:44,689 - INFO - Processing AVT - 2025-01-15 16:00:00 UTC
2025-01-19 15:17:44,856 - INFO - AVNT: 1h change of -4.16%
2025-01-19 15:17:44,874 - INFO - AVGR: 1h change of -8.80%
2025-01-19 15:17:44,962 - INFO - AVGR: 1wk change of -9.30%
2025-01-19 15:17:44,992 - INFO - AVNT: 1wk change of -18.71%
2025-01-19 15:17:45,056 - INFO - AVGR: 1mo change of -16.38%
2025-01-19 15:17:45,110 - INFO - AVNT: 1mo change of -19.00%
2025-01-19 15:17:45,110 - INFO - Processing AVNT - 2024-12-05 15:39:30 UTC
2025-01-19 15:17:45,210 - INFO - Processing AVTE - 2024-10-31 15:18:00 UTC
2025-01-19 15:17:45,726 - INFO - Retrieved article length: 6744 characters
2025-01-19 15:17:45,903 - INFO - AVPT: 1wk change of 4.43%
2025-01-19 15:17:45,903 - INFO - AVNT: 1h change of -3.39%
2025-01-19 15:17:45,930 - INFO - Retrieved article length: 2134 characters
2025-01-19 15:17:45,992 - INFO - AVPT: 1mo change of -7.72%
2025-01-19 15:17:45,992 - INFO - Processing AVPT - 2025-01-07 20:37:37 UTC
2025-01-19 15:17:45,994 - INFO - AVTE: 1h change of 24.00%
2025-01-19 15:17:46,019 - INFO - AVNT: 1wk change of -10.12%
2025-01-19 15:17:46,021 - INFO - AVT: 1h change of 3.03%
2025-01-19 15:17:46,079 - INFO - AVTE: 1wk change of 16.24%
2025-01-19 15:17:46,129 - INFO - AVNT: 1mo change of -16.31%
2025-01-19 15:17:46,130 - INFO - Processing AVNT - 2024-11-22 22:45:19 UTC
2025-01-19 15:17:46,155 - INFO - AVT: 1wk change of 2.61%
2025-01-19 15:17:46,163 - INFO - AVTE: 1mo change of 22.60%
2025-01-19 15:17:46,163 - INFO - Processing AVTE - 2024-10-31 14:00:00 UTC
2025-01-19 15:17:46,297 - INFO - AVT: 1mo change of -1.18%
2025-01-19 15:17:46,297 - INFO - Processing AVT - 2025-01-14 16:00:00 UTC
2025-01-19 15:17:46,850 - INFO - AVTE: 1h change of 24.00%
2025-01-19 15:17:46,855 - INFO - AVTE: 1wk change of 16.24%
2025-01-19 15:17:46,860 - INFO - AVTE: 1mo change of 22.60%
2025-01-19 15:17:46,914 - INFO - AVNT: 1h change of 6.15%
2025-01-19 15:17:47,018 - INFO - Processing AVTR - 2025-01-17 20:40:14 UTC
2025-01-19 15:17:47,146 - INFO - AVNT: 1mo change of -17.37%
2025-01-19 15:17:47,146 - INFO - Processing AVNT - 2024-11-05 00:05:00 UTC
2025-01-19 15:17:47,240 - INFO - Retrieved article length: 4177 characters
2025-01-19 15:17:47,329 - INFO - AVPT: 1h change of -1.60%
2025-01-19 15:17:47,413 - INFO - AVPT: 1wk change of 6.55%
2025-01-19 15:17:47,493 - INFO - Retrieved article length: 8898 characters
2025-01-19 15:17:47,495 - INFO - AVPT: 1mo change of -5.54%
2025-01-19 15:17:47,496 - INFO - Processing AVPT - 2024-12-31 11:48:21 UTC
2025-01-19 15:17:47,583 - INFO - AVT: 1h change of 2.66%
2025-01-19 15:17:47,726 - INFO - AVT: 1wk change of 2.61%
2025-01-19 15:17:47,885 - INFO - Processing AVT - 2025-01-12 16:02:06 UTC
2025-01-19 15:17:47,930 - INFO - AVNT: 1h change of 9.29%
2025-01-19 15:17:48,045 - INFO - AVNT: 1wk change of 4.56%
2025-01-19 15:17:48,174 - INFO - Processing AVNT - 2024-11-02 15:20:47 UTC
2025-01-19 15:17:48,317 - INFO - Retrieved article length: 515 characters
2025-01-19 15:17:48,410 - INFO - AVTR: 1h change of 1.61%
2025-01-19 15:17:48,601 - INFO - Processing AVTR - 2025-01-17 18:44:14 UTC
2025-01-19 15:17:48,721 - INFO - Retrieved article length: 1743 characters
2025-01-19 15:17:48,899 - INFO - AVPT: 1wk change of -4.81%
2025-01-19 15:17:48,954 - INFO - AVNT: 1h change of -3.90%
2025-01-19 15:17:48,982 - INFO - AVPT: 1mo change of -5.02%
2025-01-19 15:17:48,982 - INFO - Processing AVPT - 2024-12-30 18:25:03 UTC
2025-01-19 15:17:49,056 - INFO - Retrieved article length: 3593 characters
2025-01-19 15:17:49,068 - INFO - AVNT: 1wk change of 8.86%
2025-01-19 15:17:49,215 - INFO - Processing AVNT - 2024-11-01 20:01:59 UTC
2025-01-19 15:17:49,289 - INFO - AVT: 1wk change of 3.66%
2025-01-19 15:17:49,313 - INFO - AVTR: 1h change of 1.61%
2025-01-19 15:17:49,412 - INFO - Processing AVTR - 2025-01-14 11:43:00 UTC
2025-01-19 15:17:49,429 - INFO - AVT: 1mo change of -2.17%
2025-01-19 15:17:49,429 - INFO - Processing AVT - 2025-01-02 20:10:17 UTC
2025-01-19 15:17:50,006 - INFO - AVNT: 1h change of -6.97%
2025-01-19 15:17:50,126 - INFO - AVNT: 1wk change of 6.68%
2025-01-19 15:17:50,218 - INFO - Retrieved article length: 2457 characters
2025-01-19 15:17:50,382 - INFO - Processing AVTX - 2025-01-02 15:00:00 UTC
2025-01-19 15:17:50,397 - INFO - AVPT: 1wk change of -7.10%
2025-01-19 15:17:50,486 - INFO - AVPT: 1mo change of -5.54%
2025-01-19 15:17:50,486 - INFO - Processing AVPT - 2024-12-24 19:07:59 UTC
2025-01-19 15:17:50,645 - INFO - Retrieved article length: 3317 characters
2025-01-19 15:17:50,647 - INFO - Retrieved article length: 2743 characters
2025-01-19 15:17:50,737 - INFO - AVTR: 1h change of -1.94%
2025-01-19 15:17:50,737 - INFO - AVT: 1h change of -1.24%
2025-01-19 15:17:50,896 - INFO - AVT: 1wk change of -2.47%
2025-01-19 15:17:50,911 - INFO - AVTR: 1mo change of -1.47%
2025-01-19 15:17:50,912 - INFO - Processing AVTR - 2025-01-13 19:40:14 UTC
2025-01-19 15:17:51,035 - INFO - AVT: 1mo change of -1.52%
2025-01-19 15:17:51,036 - INFO - Processing AVT - 2024-12-16 15:58:06 UTC
2025-01-19 15:17:51,669 - INFO - Retrieved article length: 9355 characters
2025-01-19 15:17:51,674 - INFO - Retrieved article length: 4269 characters
2025-01-19 15:17:51,764 - INFO - AVTX: 1h change of 5.70%
2025-01-19 15:17:51,855 - INFO - AVPT: 1wk change of -10.88%
2025-01-19 15:17:51,855 - INFO - AVTX: 1wk change of -22.99%
2025-01-19 15:17:51,856 - INFO - AVT: 1h change of -2.69%
2025-01-19 15:17:51,940 - INFO - AVPT: 1mo change of 3.86%
2025-01-19 15:17:51,941 - INFO - Processing AVPT - 2024-12-10 18:01:29 UTC
2025-01-19 15:17:51,950 - INFO - AVTX: 1mo change of -29.32%
2025-01-19 15:17:51,950 - INFO - Processing AVTX - 2024-12-20 14:50:51 UTC
2025-01-19 15:17:51,983 - INFO - AVT: 1wk change of -1.25%
2025-01-19 15:17:52,114 - INFO - AVT: 1mo change of -3.09%
2025-01-19 15:17:52,115 - INFO - Processing AVT - 2024-11-29 19:31:44 UTC
2025-01-19 15:17:52,131 - INFO - Retrieved article length: 2763 characters
2025-01-19 15:17:52,221 - INFO - AVTR: 1h change of -2.10%
2025-01-19 15:17:52,313 - INFO - AVTR: 1wk change of 1.61%
2025-01-19 15:17:52,410 - INFO - Processing AVTR - 2025-01-10 16:05:00 UTC
2025-01-19 15:17:52,909 - INFO - AVPT: 1mo change of 30.30%
2025-01-19 15:17:53,173 - INFO - Retrieved article length: 1512 characters
2025-01-19 15:17:53,209 - INFO - Processing AVXL - 2025-01-15 15:30:00 UTC
2025-01-19 15:17:53,261 - INFO - AVTX: 1h change of -2.88%
2025-01-19 15:17:53,357 - INFO - AVTX: 1wk change of -14.04%
2025-01-19 15:17:53,382 - INFO - AVT: 1wk change of 4.35%
2025-01-19 15:17:53,444 - INFO - AVTX: 1mo change of -45.61%
2025-01-19 15:17:53,445 - INFO - Processing AVTX - 2024-11-12 15:00:00 UTC
2025-01-19 15:17:53,542 - INFO - AVT: 1mo change of -3.60%
2025-01-19 15:17:53,542 - INFO - Processing AVT - 2024-11-26 00:30:00 UTC
2025-01-19 15:17:53,638 - INFO - Retrieved article length: 2076 characters
2025-01-19 15:17:53,837 - INFO - AVTR: 1wk change of 4.94%
2025-01-19 15:17:53,930 - INFO - AVTR: 1mo change of 3.37%
2025-01-19 15:17:53,930 - INFO - Processing AVTR - 2025-01-03 16:05:00 UTC
2025-01-19 15:17:54,285 - INFO - AVTX: 1h change of -1.81%
2025-01-19 15:17:54,364 - INFO - AVT: 1h change of -2.64%
2025-01-19 15:17:54,369 - INFO - AVTX: 1wk change of -28.73%
2025-01-19 15:17:54,372 - INFO - Retrieved article length: 10153 characters
2025-01-19 15:17:54,457 - INFO - AVTX: 1mo change of -2.18%
2025-01-19 15:17:54,457 - INFO - Processing AVTX - 2024-11-11 15:00:00 UTC
2025-01-19 15:17:54,466 - INFO - AVXL: 1h change of -5.10%
2025-01-19 15:17:54,512 - INFO - AVT: 1wk change of 4.02%
2025-01-19 15:17:54,552 - INFO - AVXL: 1wk change of -29.75%
2025-01-19 15:17:54,638 - INFO - AVXL: 1mo change of 12.59%
2025-01-19 15:17:54,639 - INFO - Processing AVXL - 2025-01-13 15:30:00 UTC
2025-01-19 15:17:54,646 - INFO - AVT: 1mo change of -3.07%
2025-01-19 15:17:54,646 - INFO - Processing AVT - 2024-11-22 04:00:00 UTC
2025-01-19 15:17:54,703 - INFO - AVTR: 1h change of 2.28%
2025-01-19 15:17:54,847 - INFO - AVTR: 1wk change of 1.40%
2025-01-19 15:17:54,938 - INFO - AVTR: 1mo change of 4.99%
2025-01-19 15:17:54,946 - INFO - Processing AVTR - 2024-12-27 19:40:10 UTC
2025-01-19 15:17:55,244 - INFO - AVTX: 1h change of -5.43%
2025-01-19 15:17:55,342 - INFO - AVTX: 1wk change of -15.93%
2025-01-19 15:17:55,433 - INFO - AVTX: 1mo change of -4.18%
2025-01-19 15:17:55,433 - INFO - Processing AVTX - 2024-11-07 15:00:00 UTC
2025-01-19 15:17:55,444 - INFO - AVT: 1h change of 4.60%
2025-01-19 15:17:55,578 - INFO - AVT: 1wk change of 1.31%
2025-01-19 15:17:55,736 - INFO - AVT: 1mo change of -1.08%
2025-01-19 15:17:55,914 - INFO - Processing AVY - 2025-01-17 12:06:49 UTC
2025-01-19 15:17:55,917 - INFO - Retrieved article length: 12108 characters
2025-01-19 15:17:56,016 - INFO - AVXL: 1h change of -2.06%
2025-01-19 15:17:56,107 - INFO - AVXL: 1wk change of -25.43%
2025-01-19 15:17:56,165 - INFO - Retrieved article length: 2873 characters
2025-01-19 15:17:56,208 - INFO - AVTX: 1h change of -2.91%
2025-01-19 15:17:56,243 - INFO - AVXL: 1mo change of 10.96%
2025-01-19 15:17:56,243 - INFO - Processing AVXL - 2025-01-06 15:30:00 UTC
2025-01-19 15:17:56,297 - INFO - AVTX: 1wk change of -11.99%
2025-01-19 15:17:56,340 - INFO - AVTR: 1wk change of -1.00%
2025-01-19 15:17:56,434 - INFO - AVTR: 1mo change of 6.40%
2025-01-19 15:17:56,434 - INFO - Processing AVTR - 2024-12-19 18:43:27 UTC
2025-01-19 15:17:56,515 - INFO - Processing AWH - 2025-01-10 16:00:00 UTC
2025-01-19 15:17:57,010 - INFO - AVXL: 1h change of 2.51%
2025-01-19 15:17:57,095 - INFO - AVXL: 1wk change of -6.44%
2025-01-19 15:17:57,101 - INFO - Retrieved article length: 4434 characters
2025-01-19 15:17:57,183 - INFO - AVXL: 1mo change of -1.18%
2025-01-19 15:17:57,183 - INFO - Processing AVXL - 2024-12-31 17:40:12 UTC
2025-01-19 15:17:57,337 - INFO - AVY: 1wk change of 2.48%
2025-01-19 15:17:57,481 - INFO - AVY: 1mo change of -1.96%
2025-01-19 15:17:57,482 - INFO - Processing AVY - 2025-01-10 17:16:23 UTC
2025-01-19 15:17:57,614 - INFO - Retrieved article length: 3322 characters
2025-01-19 15:17:57,687 - INFO - Retrieved article length: 7717 characters
2025-01-19 15:17:57,702 - INFO - AVTR: 1h change of -3.90%
2025-01-19 15:17:57,778 - INFO - AWH: 1h change of -10.47%
2025-01-19 15:17:57,784 - INFO - AVTR: 1wk change of -3.08%
2025-01-19 15:17:57,873 - INFO - AVTR: 1mo change of 4.54%
2025-01-19 15:17:57,882 - INFO - AWH: 1wk change of -29.58%
2025-01-19 15:17:57,972 - INFO - AWH: 1mo change of -33.33%
2025-01-19 15:17:57,973 - INFO - Processing AWH - 2024-12-16 16:45:00 UTC
2025-01-19 15:17:58,037 - INFO - Processing AWK - 2025-01-17 22:00:00 UTC
2025-01-19 15:17:58,367 - INFO - Retrieved article length: 3097 characters
2025-01-19 15:17:58,402 - INFO - AVY: 1wk change of 2.24%
2025-01-19 15:17:58,456 - INFO - AVXL: 1h change of -6.28%
2025-01-19 15:17:58,546 - INFO - AVXL: 1wk change of 2.24%
2025-01-19 15:17:58,572 - INFO - AVY: 1mo change of -5.52%
2025-01-19 15:17:58,572 - INFO - Processing AVY - 2025-01-10 14:45:00 UTC
2025-01-19 15:17:58,637 - INFO - AVXL: 1mo change of 1.94%
2025-01-19 15:17:58,637 - INFO - Processing AVXL - 2024-12-30 20:00:12 UTC
2025-01-19 15:17:58,760 - INFO - AWH: 1h change of 8.45%
2025-01-19 15:17:58,847 - INFO - AWH: 1wk change of 2.67%
2025-01-19 15:17:58,937 - INFO - AWH: 1mo change of -41.86%
2025-01-19 15:17:58,937 - INFO - Processing AWH - 2024-12-03 16:00:00 UTC
2025-01-19 15:17:59,331 - INFO - Retrieved article length: 3964 characters
2025-01-19 15:17:59,431 - INFO - AWK: 1h change of 1.92%
2025-01-19 15:17:59,547 - INFO - AWK: 1wk change of 4.09%
2025-01-19 15:17:59,656 - INFO - AWK: 1mo change of -2.31%
2025-01-19 15:17:59,656 - INFO - Processing AWK - 2025-01-17 19:30:00 UTC
2025-01-19 15:17:59,707 - INFO - AWH: 1h change of -7.95%
2025-01-19 15:17:59,789 - INFO - AWH: 1wk change of -6.67%
2025-01-19 15:17:59,819 - INFO - Retrieved article length: 2126 characters
2025-01-19 15:17:59,827 - INFO - Retrieved article length: 4729 characters
2025-01-19 15:17:59,876 - INFO - AVY: 1wk change of 2.24%
2025-01-19 15:17:59,877 - INFO - AWH: 1mo change of -19.35%
2025-01-19 15:17:59,877 - INFO - Processing AWH - 2024-11-15 10:08:45 UTC
2025-01-19 15:17:59,915 - INFO - AVXL: 1h change of -6.28%
2025-01-19 15:17:59,927 - INFO - AVY: 1mo change of -5.52%
2025-01-19 15:17:59,927 - INFO - Processing AVY - 2025-01-06 19:51:57 UTC
2025-01-19 15:18:00,001 - INFO - AVXL: 1wk change of 32.44%
2025-01-19 15:18:00,138 - INFO - Processing AVXL - 2024-12-27 14:15:21 UTC
2025-01-19 15:18:00,657 - INFO - AWH: 1h change of -10.66%
2025-01-19 15:18:00,747 - INFO - AWH: 1wk change of -12.79%
2025-01-19 15:18:00,833 - INFO - AWH: 1mo change of 1.32%
2025-01-19 15:18:00,834 - INFO - Processing AWH - 2024-11-14 16:00:00 UTC
2025-01-19 15:18:00,859 - INFO - Retrieved article length: 2724 characters
2025-01-19 15:18:00,869 - INFO - AWK: 1h change of 1.92%
2025-01-19 15:18:00,918 - INFO - AWK: 1wk change of 4.09%
2025-01-19 15:18:00,968 - INFO - AWK: 1mo change of -2.31%
2025-01-19 15:18:00,969 - INFO - Processing AWK - 2025-01-15 20:27:32 UTC
2025-01-19 15:18:01,101 - INFO - Retrieved article length: 497 characters
2025-01-19 15:18:01,366 - INFO - Retrieved article length: 1500 characters
2025-01-19 15:18:01,457 - INFO - AVXL: 1h change of 2.45%
2025-01-19 15:18:01,493 - INFO - AVY: 1mo change of -6.79%
2025-01-19 15:18:01,493 - INFO - Processing AVY - 2025-01-06 18:21:16 UTC
2025-01-19 15:18:01,541 - INFO - AVXL: 1wk change of 34.09%
2025-01-19 15:18:01,626 - INFO - AVXL: 1mo change of 1.10%
2025-01-19 15:18:01,627 - INFO - Processing AVXL - 2024-12-26 09:00:06 UTC
2025-01-19 15:18:01,654 - INFO - AWH: 1h change of -12.84%
2025-01-19 15:18:01,738 - INFO - AWH: 1wk change of -15.73%
2025-01-19 15:18:01,821 - INFO - AWH: 1mo change of 4.05%
2025-01-19 15:18:01,822 - INFO - Processing AWH - 2024-11-13 15:34:16 UTC
2025-01-19 15:18:02,150 - INFO - Retrieved article length: 503 characters
2025-01-19 15:18:02,257 - INFO - AWK: 1h change of 5.59%
2025-01-19 15:18:02,397 - INFO - AVXL: 1h change of -2.34%
2025-01-19 15:18:02,417 - INFO - AWK: 1wk change of 3.80%
2025-01-19 15:18:02,486 - INFO - AVXL: 1wk change of 34.53%
2025-01-19 15:18:02,517 - INFO - AWK: 1mo change of -2.87%
2025-01-19 15:18:02,517 - INFO - Processing AWK - 2025-01-15 19:00:00 UTC
2025-01-19 15:18:02,571 - INFO - AVXL: 1mo change of 2.11%
2025-01-19 15:18:02,572 - INFO - Processing AVXL - 2024-12-25 15:30:58 UTC
2025-01-19 15:18:02,652 - INFO - AWH: 1h change of -14.93%
2025-01-19 15:18:02,737 - INFO - AWH: 1wk change of -15.73%
2025-01-19 15:18:02,750 - INFO - Retrieved article length: 523 characters
2025-01-19 15:18:02,816 - INFO - AVY: 1mo change of -6.79%
2025-01-19 15:18:02,817 - INFO - Processing AVY - 2025-01-06 14:56:43 UTC
2025-01-19 15:18:02,820 - INFO - AWH: 1mo change of -6.25%
2025-01-19 15:18:02,821 - INFO - Processing AWH - 2024-11-07 16:00:00 UTC
2025-01-19 15:18:03,612 - INFO - AWH: 1h change of 5.52%
2025-01-19 15:18:03,697 - INFO - AWH: 1wk change of -20.21%
2025-01-19 15:18:03,726 - INFO - Retrieved article length: 5218 characters
2025-01-19 15:18:03,735 - INFO - AWK: 1h change of 5.59%
2025-01-19 15:18:03,745 - INFO - Retrieved article length: 5299 characters
2025-01-19 15:18:03,782 - INFO - AWH: 1mo change of -10.71%
2025-01-19 15:18:03,782 - INFO - Processing AWH - 2024-11-04 16:00:00 UTC
2025-01-19 15:18:03,782 - INFO - AWK: 1wk change of 3.80%
2025-01-19 15:18:03,832 - INFO - AWK: 1mo change of -2.87%
2025-01-19 15:18:03,832 - INFO - Processing AWK - 2025-01-14 22:14:00 UTC
2025-01-19 15:18:03,836 - INFO - AVXL: 1h change of 18.50%
2025-01-19 15:18:03,974 - INFO - AVXL: 1wk change of 34.53%
2025-01-19 15:18:04,018 - INFO - Retrieved article length: 516 characters
2025-01-19 15:18:04,059 - INFO - AVXL: 1mo change of 8.67%
2025-01-19 15:18:04,083 - INFO - AVY: 1mo change of -6.79%
2025-01-19 15:18:04,084 - INFO - Processing AVY - 2025-01-02 17:40:13 UTC
2025-01-19 15:18:04,213 - INFO - Processing AXDX - 2025-01-11 00:05:00 UTC
2025-01-19 15:18:04,649 - INFO - AWH: 1h change of -1.09%
2025-01-19 15:18:04,734 - INFO - AWH: 1wk change of -15.46%
2025-01-19 15:18:04,823 - INFO - AWH: 1mo change of -7.41%
2025-01-19 15:18:04,984 - INFO - Processing AXGN - 2025-01-13 17:35:08 UTC
2025-01-19 15:18:05,093 - INFO - Retrieved article length: 3881 characters
2025-01-19 15:18:05,186 - INFO - AWK: 1h change of 3.20%
2025-01-19 15:18:05,255 - INFO - Retrieved article length: 2415 characters
2025-01-19 15:18:05,297 - INFO - AWK: 1wk change of 3.80%
2025-01-19 15:18:05,352 - INFO - AVY: 1h change of -1.85%
2025-01-19 15:18:05,404 - INFO - AWK: 1mo change of -3.34%
2025-01-19 15:18:05,404 - INFO - Processing AWK - 2025-01-08 02:38:00 UTC
2025-01-19 15:18:05,452 - INFO - Retrieved article length: 10134 characters
2025-01-19 15:18:05,491 - INFO - AVY: 1wk change of -1.97%
2025-01-19 15:18:05,540 - INFO - AXDX: 1h change of 4.80%
2025-01-19 15:18:05,621 - INFO - AXDX: 1wk change of -15.08%
2025-01-19 15:18:05,639 - INFO - AVY: 1mo change of -6.70%
2025-01-19 15:18:05,639 - INFO - Processing AVY - 2024-12-23 05:00:00 UTC
2025-01-19 15:18:05,714 - INFO - AXDX: 1mo change of -29.14%
2025-01-19 15:18:05,715 - INFO - Processing AXDX - 2024-11-08 17:15:02 UTC
2025-01-19 15:18:06,198 - INFO - Retrieved article length: 4237 characters
2025-01-19 15:18:06,290 - INFO - AXGN: 1h change of 2.96%
2025-01-19 15:18:06,400 - INFO - AXGN: 1wk change of 12.29%
2025-01-19 15:18:06,494 - INFO - AXDX: 1h change of -9.18%
2025-01-19 15:18:06,504 - INFO - AXGN: 1mo change of 23.31%
2025-01-19 15:18:06,504 - INFO - Processing AXGN - 2025-01-13 13:05:00 UTC
2025-01-19 15:18:06,654 - INFO - Retrieved article length: 2658 characters
2025-01-19 15:18:06,662 - INFO - AXDX: 1mo change of -30.77%
2025-01-19 15:18:06,662 - INFO - Processing AXDX - 2024-11-08 10:28:17 UTC
2025-01-19 15:18:06,745 - INFO - AWK: 1h change of 1.46%
2025-01-19 15:18:06,857 - INFO - AWK: 1wk change of 1.90%
2025-01-19 15:18:06,923 - INFO - Retrieved article length: 175 characters
2025-01-19 15:18:06,980 - INFO - AWK: 1mo change of -3.37%
2025-01-19 15:18:06,981 - INFO - Processing AWK - 2025-01-07 19:36:00 UTC
2025-01-19 15:18:07,162 - INFO - AVY: 1wk change of -4.10%
2025-01-19 15:18:07,305 - INFO - AVY: 1mo change of -3.11%
2025-01-19 15:18:07,408 - INFO - AXDX: 1h change of -9.18%
2025-01-19 15:18:07,418 - INFO - AXDX: 1mo change of -30.77%
2025-01-19 15:18:07,419 - INFO - Processing AXDX - 2024-11-08 01:40:07 UTC
2025-01-19 15:18:07,463 - INFO - Processing AXL - 2025-01-16 16:12:23 UTC
2025-01-19 15:18:07,713 - INFO - Retrieved article length: 2814 characters
2025-01-19 15:18:07,720 - INFO - AXGN: 1h change of 2.96%
2025-01-19 15:18:07,768 - INFO - AXGN: 1wk change of 12.29%
2025-01-19 15:18:07,824 - INFO - AXGN: 1mo change of 23.31%
2025-01-19 15:18:07,824 - INFO - Processing AXGN - 2025-01-11 01:00:00 UTC
2025-01-19 15:18:08,127 - INFO - AXDX: 1h change of -9.18%
2025-01-19 15:18:08,136 - INFO - AXDX: 1mo change of -30.77%
2025-01-19 15:18:08,136 - INFO - Processing AXDX - 2024-11-08 00:32:56 UTC
2025-01-19 15:18:08,254 - INFO - AXL: 1h change of 4.43%
2025-01-19 15:18:08,364 - INFO - Retrieved article length: 2886 characters
2025-01-19 15:18:08,439 - INFO - AXL: 1mo change of -12.87%
2025-01-19 15:18:08,439 - INFO - Processing AXL - 2025-01-12 15:11:44 UTC
2025-01-19 15:18:08,449 - INFO - AWK: 1h change of 1.46%
2025-01-19 15:18:08,555 - INFO - AWK: 1wk change of 1.71%
2025-01-19 15:18:08,657 - INFO - AWK: 1mo change of -5.59%
2025-01-19 15:18:08,658 - INFO - Processing AWK - 2025-01-07 14:39:15 UTC
2025-01-19 15:18:09,102 - INFO - Retrieved article length: 6578 characters
2025-01-19 15:18:09,196 - INFO - AXGN: 1h change of 4.73%
2025-01-19 15:18:09,300 - INFO - AXGN: 1wk change of 10.30%
2025-01-19 15:18:09,330 - INFO - Retrieved article length: 906 characters
2025-01-19 15:18:09,338 - INFO - AXDX: 1h change of -9.18%
2025-01-19 15:18:09,349 - INFO - AXDX: 1mo change of -30.77%
2025-01-19 15:18:09,350 - INFO - Processing AXDX - 2024-11-08 00:05:00 UTC
2025-01-19 15:18:09,406 - INFO - AXGN: 1mo change of 23.31%
2025-01-19 15:18:09,406 - INFO - Processing AXGN - 2025-01-10 16:00:00 UTC
2025-01-19 15:18:09,680 - INFO - Retrieved article length: 4810 characters
2025-01-19 15:18:09,778 - INFO - AXL: 1h change of -2.07%
2025-01-19 15:18:09,871 - INFO - AXL: 1wk change of 2.26%
2025-01-19 15:18:09,880 - INFO - Retrieved article length: 549 characters
2025-01-19 15:18:09,890 - INFO - AWK: 1h change of 1.46%
2025-01-19 15:18:09,896 - INFO - AWK: 1wk change of 1.71%
2025-01-19 15:18:09,943 - INFO - AWK: 1mo change of -5.59%
2025-01-19 15:18:09,962 - INFO - AXL: 1mo change of -13.89%
2025-01-19 15:18:09,962 - INFO - Processing AXL - 2025-01-02 17:00:00 UTC
2025-01-19 15:18:10,056 - INFO - AXDX: 1h change of -9.18%
2025-01-19 15:18:10,065 - INFO - AXDX: 1mo change of -30.77%
2025-01-19 15:18:10,066 - INFO - Processing AXDX - 2024-10-25 23:30:00 UTC
2025-01-19 15:18:10,110 - INFO - Processing AXON - 2025-01-18 02:00:23 UTC
2025-01-19 15:18:10,681 - INFO - Retrieved article length: 7913 characters
2025-01-19 15:18:10,771 - INFO - AXGN: 1h change of 25.16%
2025-01-19 15:18:10,872 - INFO - AXGN: 1wk change of 9.77%
2025-01-19 15:18:10,936 - INFO - AXDX: 1wk change of 3.21%
2025-01-19 15:18:10,974 - INFO - AXGN: 1mo change of 21.33%
2025-01-19 15:18:10,975 - INFO - Processing AXGN - 2024-12-24 17:15:02 UTC
2025-01-19 15:18:11,022 - INFO - AXDX: 1mo change of 4.55%
2025-01-19 15:18:11,139 - INFO - Processing AXP - 2025-01-19 12:50:00 UTC
2025-01-19 15:18:11,142 - INFO - Retrieved article length: 4097 characters
2025-01-19 15:18:11,233 - INFO - AXL: 1h change of -2.46%
2025-01-19 15:18:11,328 - INFO - AXL: 1wk change of -3.48%
2025-01-19 15:18:11,365 - INFO - Retrieved article length: 3465 characters
2025-01-19 15:18:11,427 - INFO - AXL: 1mo change of -10.89%
2025-01-19 15:18:11,428 - INFO - Processing AXL - 2024-12-22 15:30:12 UTC
2025-01-19 15:18:11,456 - INFO - AXON: 1h change of 1.66%
2025-01-19 15:18:11,543 - INFO - AXON: 1wk change of 2.87%
2025-01-19 15:18:11,631 - INFO - AXON: 1mo change of -8.53%
2025-01-19 15:18:11,631 - INFO - Processing AXON - 2025-01-17 17:44:41 UTC
2025-01-19 15:18:12,057 - INFO - AXP: 1wk change of 6.57%
2025-01-19 15:18:12,190 - INFO - AXP: 1mo change of 3.20%
2025-01-19 15:18:12,190 - INFO - Processing AXP - 2025-01-19 12:20:00 UTC
2025-01-19 15:18:12,226 - INFO - Retrieved article length: 4377 characters
2025-01-19 15:18:12,324 - INFO - AXGN: 1h change of 2.21%
2025-01-19 15:18:12,428 - INFO - AXGN: 1wk change of 13.26%
2025-01-19 15:18:12,539 - INFO - AXGN: 1mo change of 41.88%
2025-01-19 15:18:12,539 - INFO - Processing AXGN - 2024-12-19 17:40:13 UTC
2025-01-19 15:18:12,623 - INFO - Retrieved article length: 3912 characters
2025-01-19 15:18:12,720 - INFO - AXL: 1h change of -2.95%
2025-01-19 15:18:12,814 - INFO - AXL: 1wk change of -13.76%
2025-01-19 15:18:12,848 - INFO - Retrieved article length: 4516 characters
2025-01-19 15:18:12,903 - INFO - AXL: 1mo change of -4.85%
2025-01-19 15:18:12,903 - INFO - Processing AXL - 2024-12-05 17:50:11 UTC
2025-01-19 15:18:12,968 - INFO - AXP: 1wk change of 6.57%
2025-01-19 15:18:13,018 - INFO - AXP: 1mo change of 3.20%
2025-01-19 15:18:13,018 - INFO - Processing AXP - 2025-01-18 15:11:00 UTC
2025-01-19 15:18:13,027 - INFO - AXON: 1wk change of 5.67%
2025-01-19 15:18:13,113 - INFO - AXON: 1mo change of -7.91%
2025-01-19 15:18:13,113 - INFO - Processing AXON - 2025-01-17 15:00:22 UTC
2025-01-19 15:18:13,679 - INFO - AXL: 1h change of -1.63%
2025-01-19 15:18:13,769 - INFO - AXL: 1wk change of -3.08%
2025-01-19 15:18:13,792 - INFO - Retrieved article length: 2950 characters
2025-01-19 15:18:13,860 - INFO - AXL: 1mo change of 1.06%
2025-01-19 15:18:13,860 - INFO - Processing AXL - 2024-12-01 15:57:45 UTC
2025-01-19 15:18:13,881 - INFO - AXGN: 1h change of 8.09%
2025-01-19 15:18:13,915 - INFO - AXP: 1wk change of 3.21%
2025-01-19 15:18:13,990 - INFO - AXGN: 1wk change of 13.57%
2025-01-19 15:18:14,058 - INFO - AXP: 1mo change of 3.20%
2025-01-19 15:18:14,059 - INFO - Processing AXP - 2025-01-17 19:59:00 UTC
2025-01-19 15:18:14,094 - INFO - AXGN: 1mo change of 45.07%
2025-01-19 15:18:14,094 - INFO - Processing AXGN - 2024-12-06 16:39:33 UTC
2025-01-19 15:18:14,344 - INFO - Retrieved article length: 4687 characters
2025-01-19 15:18:14,401 - INFO - AXON: 1wk change of 5.67%
2025-01-19 15:18:14,451 - INFO - AXON: 1mo change of -7.91%
2025-01-19 15:18:14,451 - INFO - Processing AXON - 2025-01-13 17:20:14 UTC
2025-01-19 15:18:14,676 - INFO - AXL: 1h change of 1.94%
2025-01-19 15:18:14,773 - INFO - AXL: 1wk change of 7.05%
2025-01-19 15:18:14,865 - INFO - AXGN: 1h change of 1.74%
2025-01-19 15:18:14,983 - INFO - AXGN: 1wk change of 4.04%
2025-01-19 15:18:15,030 - INFO - AXL: 1mo change of -8.57%
2025-01-19 15:18:15,030 - INFO - Processing AXL - 2024-11-27 16:00:00 UTC
2025-01-19 15:18:15,088 - INFO - AXGN: 1mo change of 9.46%
2025-01-19 15:18:15,088 - INFO - Processing AXGN - 2024-12-02 22:20:41 UTC
2025-01-19 15:18:15,255 - INFO - Retrieved article length: 4938 characters
2025-01-19 15:18:15,511 - INFO - AXP: 1wk change of 3.49%
2025-01-19 15:18:15,639 - INFO - AXP: 1mo change of 3.69%
2025-01-19 15:18:15,640 - INFO - Processing AXP - 2025-01-17 18:24:08 UTC
2025-01-19 15:18:15,695 - INFO - Retrieved article length: 4277 characters
2025-01-19 15:18:15,797 - INFO - AXON: 1h change of 3.60%
2025-01-19 15:18:15,802 - INFO - AXL: 1h change of -1.11%
2025-01-19 15:18:15,878 - INFO - AXGN: 1h change of 2.34%
2025-01-19 15:18:15,880 - INFO - AXON: 1wk change of -1.19%
2025-01-19 15:18:15,890 - INFO - AXL: 1wk change of 7.11%
2025-01-19 15:18:15,971 - INFO - AXON: 1mo change of -7.58%
2025-01-19 15:18:15,973 - INFO - Processing AXON - 2025-01-12 01:22:47 UTC
2025-01-19 15:18:15,980 - INFO - AXGN: 1wk change of 11.39%
2025-01-19 15:18:15,980 - INFO - AXL: 1mo change of -3.48%
2025-01-19 15:18:15,981 - INFO - Processing AXL - 2024-11-26 16:00:00 UTC
2025-01-19 15:18:16,083 - INFO - AXGN: 1mo change of 15.57%
2025-01-19 15:18:16,264 - INFO - Processing AXTA - 2025-01-17 15:14:35 UTC
2025-01-19 15:18:16,363 - INFO - AXP: 1wk change of 3.49%
2025-01-19 15:18:16,413 - INFO - AXP: 1mo change of 3.69%
2025-01-19 15:18:16,414 - INFO - Processing AXP - 2025-01-17 18:00:10 UTC
2025-01-19 15:18:16,763 - INFO - AXL: 1h change of -1.11%
2025-01-19 15:18:16,863 - INFO - AXL: 1wk change of 7.75%
2025-01-19 15:18:17,017 - INFO - AXL: 1mo change of -4.46%
2025-01-19 15:18:17,123 - INFO - Processing AYRO - 2025-01-16 17:15:00 UTC
2025-01-19 15:18:17,170 - INFO - Retrieved article length: 7694 characters
2025-01-19 15:18:17,471 - INFO - Retrieved article length: 534 characters
2025-01-19 15:18:17,484 - INFO - AXON: 1mo change of -7.58%
2025-01-19 15:18:17,484 - INFO - Processing AXON - 2025-01-11 18:00:00 UTC
2025-01-19 15:18:17,574 - INFO - AXTA: 1h change of 2.75%
2025-01-19 15:18:17,655 - INFO - AXTA: 1wk change of 6.05%
2025-01-19 15:18:17,731 - INFO - Retrieved article length: 6456 characters
2025-01-19 15:18:17,748 - INFO - AXTA: 1mo change of -5.10%
2025-01-19 15:18:17,748 - INFO - Processing AXTA - 2025-01-14 15:25:40 UTC
2025-01-19 15:18:17,787 - INFO - AXP: 1wk change of 3.49%
2025-01-19 15:18:17,841 - INFO - AXP: 1mo change of 3.69%
2025-01-19 15:18:17,842 - INFO - Processing AXP - 2025-01-17 14:09:24 UTC
2025-01-19 15:18:18,462 - INFO - Retrieved article length: 8277 characters
2025-01-19 15:18:18,463 - INFO - AXON: 1mo change of -7.58%
2025-01-19 15:18:18,464 - INFO - Processing AXON - 2025-01-11 02:00:24 UTC
2025-01-19 15:18:18,564 - INFO - AYRO: 1h change of 7.23%
2025-01-19 15:18:18,675 - INFO - AYRO: 1wk change of -5.41%
2025-01-19 15:18:18,799 - INFO - AYRO: 1mo change of 7.69%
2025-01-19 15:18:18,799 - INFO - Processing AYRO - 2024-12-16 17:15:00 UTC
2025-01-19 15:18:18,942 - INFO - Retrieved article length: 527 characters
2025-01-19 15:18:19,020 - INFO - Retrieved article length: 521 characters
2025-01-19 15:18:19,028 - INFO - AXTA: 1h change of 5.05%
2025-01-19 15:18:19,075 - INFO - AXP: 1wk change of 3.49%
2025-01-19 15:18:19,114 - INFO - AXTA: 1wk change of 4.95%
2025-01-19 15:18:19,123 - INFO - AXP: 1mo change of 3.69%
2025-01-19 15:18:19,123 - INFO - Processing AXP - 2025-01-17 12:14:55 UTC
2025-01-19 15:18:19,205 - INFO - AXTA: 1mo change of -7.47%
2025-01-19 15:18:19,205 - INFO - Processing AXTA - 2025-01-13 17:00:00 UTC
2025-01-19 15:18:19,653 - INFO - Retrieved article length: 3447 characters
2025-01-19 15:18:19,674 - INFO - AYRO: 1h change of 3.13%
2025-01-19 15:18:19,762 - INFO - AXON: 1mo change of -7.58%
2025-01-19 15:18:19,762 - INFO - Processing AXON - 2025-01-10 21:15:53 UTC
2025-01-19 15:18:19,763 - INFO - AYRO: 1wk change of -4.05%
2025-01-19 15:18:19,853 - INFO - AYRO: 1mo change of -9.09%
2025-01-19 15:18:19,854 - INFO - Processing AYRO - 2024-12-12 17:15:00 UTC
2025-01-19 15:18:19,861 - INFO - AXP: 1wk change of 3.49%
2025-01-19 15:18:19,911 - INFO - AXP: 1mo change of 3.69%
2025-01-19 15:18:20,073 - INFO - Processing AYTU - 2025-01-06 17:00:00 UTC
2025-01-19 15:18:20,457 - INFO - Retrieved article length: 6419 characters
2025-01-19 15:18:20,523 - INFO - AXON: 1h change of 1.22%
2025-01-19 15:18:20,543 - INFO - AXTA: 1h change of 3.06%
2025-01-19 15:18:20,628 - INFO - AXTA: 1wk change of 7.18%
2025-01-19 15:18:20,631 - INFO - AYRO: 1h change of 7.35%
2025-01-19 15:18:20,699 - INFO - AXON: 1mo change of -13.64%
2025-01-19 15:18:20,712 - INFO - AXTA: 1mo change of -8.94%
2025-01-19 15:18:20,712 - INFO - Processing AXTA - 2025-01-13 10:48:00 UTC
2025-01-19 15:18:20,716 - INFO - AYRO: 1wk change of -4.05%
2025-01-19 15:18:20,810 - INFO - AYRO: 1mo change of -10.26%
2025-01-19 15:18:20,810 - INFO - Processing AYRO - 2024-12-04 17:15:00 UTC
2025-01-19 15:18:20,841 - INFO - Processing AZ - 2024-12-13 15:00:00 UTC
2025-01-19 15:18:21,279 - INFO - Retrieved article length: 4843 characters
2025-01-19 15:18:21,460 - INFO - AYTU: 1wk change of 7.89%
2025-01-19 15:18:21,551 - INFO - AYTU: 1mo change of 5.52%
2025-01-19 15:18:21,551 - INFO - Processing AYTU - 2024-12-05 14:32:32 UTC
2025-01-19 15:18:21,595 - INFO - AYRO: 1h change of -5.18%
2025-01-19 15:18:21,610 - INFO - AZ: 1h change of 8.36%
2025-01-19 15:18:21,695 - INFO - AYRO: 1wk change of 8.00%
2025-01-19 15:18:21,695 - INFO - AZ: 1wk change of 9.26%
2025-01-19 15:18:21,785 - INFO - AZ: 1mo change of 17.31%
2025-01-19 15:18:21,785 - INFO - AYRO: 1mo change of -3.80%
2025-01-19 15:18:21,785 - INFO - Processing AZ - 2024-12-06 16:30:00 UTC
2025-01-19 15:18:21,943 - INFO - Retrieved article length: 2694 characters
2025-01-19 15:18:21,950 - INFO - AXTA: 1h change of 3.06%
2025-01-19 15:18:21,960 - INFO - Processing AZEK - 2025-01-16 00:05:00 UTC
2025-01-19 15:18:21,998 - INFO - AXTA: 1wk change of 7.18%
2025-01-19 15:18:22,053 - INFO - AXTA: 1mo change of -8.94%
2025-01-19 15:18:22,053 - INFO - Processing AXTA - 2025-01-10 17:27:25 UTC
2025-01-19 15:18:22,387 - INFO - AYTU: 1h change of 1.23%
2025-01-19 15:18:22,475 - INFO - AYTU: 1wk change of -8.28%
2025-01-19 15:18:22,552 - INFO - AZ: 1h change of 6.90%
2025-01-19 15:18:22,558 - INFO - AYTU: 1mo change of -7.29%
2025-01-19 15:18:22,558 - INFO - Processing AYTU - 2024-12-04 07:45:00 UTC
2025-01-19 15:18:22,647 - INFO - AZ: 1wk change of 6.02%
2025-01-19 15:18:22,755 - INFO - AZ: 1mo change of 29.87%
2025-01-19 15:18:22,755 - INFO - Processing AZ - 2024-11-07 15:30:00 UTC
2025-01-19 15:18:23,171 - INFO - Retrieved article length: 3568 characters
2025-01-19 15:18:23,265 - INFO - AZEK: 1h change of 6.98%
2025-01-19 15:18:23,289 - INFO - Retrieved article length: 607 characters
2025-01-19 15:18:23,357 - INFO - AZEK: 1wk change of 2.78%
2025-01-19 15:18:23,385 - INFO - AYTU: 1h change of -3.05%
2025-01-19 15:18:23,455 - INFO - AZEK: 1mo change of -7.39%
2025-01-19 15:18:23,456 - INFO - Processing AZEK - 2025-01-15 15:26:55 UTC
2025-01-19 15:18:23,468 - INFO - AXTA: 1wk change of 6.02%
2025-01-19 15:18:23,469 - INFO - AYTU: 1wk change of -8.28%
2025-01-19 15:18:23,556 - INFO - AYTU: 1mo change of -10.05%
2025-01-19 15:18:23,565 - INFO - Processing AXTA - 2025-01-09 17:00:00 UTC
2025-01-19 15:18:23,565 - INFO - Processing AYTU - 2024-11-22 17:00:00 UTC
2025-01-19 15:18:23,627 - INFO - AZ: 1h change of 22.18%
2025-01-19 15:18:23,727 - INFO - AZ: 1wk change of 30.58%
2025-01-19 15:18:23,823 - INFO - AZ: 1mo change of 247.79%
2025-01-19 15:18:23,823 - INFO - Processing AZ - 2024-10-23 14:00:00 UTC
2025-01-19 15:18:24,352 - INFO - AYTU: 1h change of 9.36%
2025-01-19 15:18:24,440 - INFO - AYTU: 1wk change of -7.47%
2025-01-19 15:18:24,529 - INFO - AYTU: 1mo change of -33.19%
2025-01-19 15:18:24,529 - INFO - Processing AYTU - 2024-11-16 16:31:45 UTC
2025-01-19 15:18:24,609 - INFO - AZ: 1h change of 10.44%
2025-01-19 15:18:24,701 - INFO - AZ: 1wk change of 71.85%
2025-01-19 15:18:24,734 - INFO - Retrieved article length: 2914 characters
2025-01-19 15:18:24,766 - INFO - Retrieved article length: 5270 characters
2025-01-19 15:18:24,788 - INFO - AZ: 1mo change of 296.42%
2025-01-19 15:18:24,823 - INFO - AXTA: 1h change of -2.63%
2025-01-19 15:18:24,860 - INFO - AZEK: 1h change of 11.83%
2025-01-19 15:18:24,909 - INFO - AXTA: 1wk change of 6.67%
2025-01-19 15:18:24,938 - INFO - Processing AZTA - 2024-12-30 15:41:01 UTC
2025-01-19 15:18:24,947 - INFO - AZEK: 1wk change of 2.78%
2025-01-19 15:18:25,004 - INFO - AXTA: 1mo change of -9.30%
2025-01-19 15:18:25,005 - INFO - Processing AXTA - 2025-01-08 15:56:27 UTC
2025-01-19 15:18:25,042 - INFO - AZEK: 1mo change of -8.75%
2025-01-19 15:18:25,042 - INFO - Processing AZEK - 2025-01-09 12:02:21 UTC
2025-01-19 15:18:25,310 - INFO - AYTU: 1h change of -3.13%
2025-01-19 15:18:25,403 - INFO - AYTU: 1wk change of -14.67%
2025-01-19 15:18:25,499 - INFO - AYTU: 1mo change of -38.94%
2025-01-19 15:18:25,499 - INFO - Processing AYTU - 2024-11-14 10:16:42 UTC
2025-01-19 15:18:25,870 - INFO - AXTA: 1wk change of 6.67%
2025-01-19 15:18:25,963 - INFO - AXTA: 1mo change of -10.62%
2025-01-19 15:18:25,964 - INFO - Processing AXTA - 2025-01-06 17:31:49 UTC
2025-01-19 15:18:26,139 - INFO - Retrieved article length: 3785 characters
2025-01-19 15:18:26,244 - INFO - Retrieved article length: 6121 characters
2025-01-19 15:18:26,284 - INFO - AYTU: 1h change of -18.78%
2025-01-19 15:18:26,331 - INFO - AZTA: 1wk change of 2.74%
2025-01-19 15:18:26,334 - INFO - AZEK: 1h change of -4.52%
2025-01-19 15:18:26,371 - INFO - AYTU: 1wk change of -14.66%
2025-01-19 15:18:26,427 - INFO - AZEK: 1wk change of 4.17%
2025-01-19 15:18:26,430 - INFO - AZTA: 1mo change of 15.47%
2025-01-19 15:18:26,430 - INFO - Processing AZTA - 2024-12-09 14:37:22 UTC
2025-01-19 15:18:26,456 - INFO - AYTU: 1mo change of -40.18%
2025-01-19 15:18:26,456 - INFO - Processing AYTU - 2024-11-14 00:05:00 UTC
2025-01-19 15:18:26,515 - INFO - AZEK: 1mo change of -6.56%
2025-01-19 15:18:26,515 - INFO - Processing AZEK - 2025-01-08 16:46:02 UTC
2025-01-19 15:18:27,137 - INFO - AYTU: 1h change of -18.78%
2025-01-19 15:18:27,142 - INFO - AYTU: 1wk change of -14.66%
2025-01-19 15:18:27,147 - INFO - AYTU: 1mo change of -40.18%
2025-01-19 15:18:27,149 - INFO - Processing AYTU - 2024-11-07 01:20:00 UTC
2025-01-19 15:18:27,166 - INFO - Retrieved article length: 5071 characters
2025-01-19 15:18:27,323 - INFO - AZTA: 1wk change of 7.44%
2025-01-19 15:18:27,328 - INFO - AZEK: 1h change of -5.63%
2025-01-19 15:18:27,335 - INFO - AXTA: 1wk change of 2.97%
2025-01-19 15:18:27,421 - INFO - AZEK: 1wk change of 4.17%
2025-01-19 15:18:27,421 - INFO - AXTA: 1mo change of -10.62%
2025-01-19 15:18:27,429 - INFO - AZTA: 1mo change of 15.14%
2025-01-19 15:18:27,429 - INFO - Processing AZTA - 2024-11-29 09:00:31 UTC
2025-01-19 15:18:27,516 - INFO - AZEK: 1mo change of -6.91%
2025-01-19 15:18:27,516 - INFO - Processing AZEK - 2025-01-07 15:50:17 UTC
2025-01-19 15:18:27,562 - INFO - Processing B - 2025-01-09 22:30:00 UTC
2025-01-19 15:18:27,923 - INFO - AYTU: 1h change of -16.75%
2025-01-19 15:18:28,010 - INFO - AYTU: 1wk change of -25.48%
2025-01-19 15:18:28,097 - INFO - AYTU: 1mo change of -35.42%
2025-01-19 15:18:28,318 - INFO - AZEK: 1h change of -5.63%
2025-01-19 15:18:28,358 - INFO - AZTA: 1wk change of 11.44%
2025-01-19 15:18:28,416 - INFO - AZEK: 1wk change of 4.02%
2025-01-19 15:18:28,460 - INFO - AZTA: 1mo change of 22.44%
2025-01-19 15:18:28,461 - INFO - Processing AZTA - 2024-11-20 01:56:00 UTC
2025-01-19 15:18:28,506 - INFO - AZEK: 1mo change of -7.00%
2025-01-19 15:18:28,506 - INFO - Processing AZEK - 2025-01-07 00:58:01 UTC
2025-01-19 15:18:28,790 - INFO - Retrieved article length: 7590 characters
2025-01-19 15:18:29,149 - INFO - Processing B - 2024-12-12 10:28:00 UTC
2025-01-19 15:18:29,239 - INFO - AZTA: 1h change of 15.40%
2025-01-19 15:18:29,489 - INFO - AZTA: 1mo change of 14.26%
2025-01-19 15:18:29,489 - INFO - Processing AZTA - 2024-11-17 16:58:46 UTC
2025-01-19 15:18:29,721 - INFO - Retrieved article length: 483 characters
2025-01-19 15:18:29,728 - INFO - AZEK: 1h change of -5.63%
2025-01-19 15:18:29,735 - INFO - AZEK: 1wk change of 4.02%
2025-01-19 15:18:29,786 - INFO - AZEK: 1mo change of -7.00%
2025-01-19 15:18:29,786 - INFO - Processing AZEK - 2025-01-07 00:05:00 UTC
2025-01-19 15:18:30,294 - INFO - B: 1mo change of 1.44%
2025-01-19 15:18:30,295 - INFO - Processing B - 2024-11-06 17:24:00 UTC
2025-01-19 15:18:30,382 - INFO - AZTA: 1h change of -4.51%
2025-01-19 15:18:30,587 - INFO - AZTA: 1mo change of 10.81%
2025-01-19 15:18:30,587 - INFO - Processing AZTA - 2024-11-16 15:45:08 UTC
2025-01-19 15:18:30,979 - INFO - Retrieved article length: 7045 characters
2025-01-19 15:18:30,986 - INFO - AZEK: 1h change of -5.63%
2025-01-19 15:18:30,993 - INFO - AZEK: 1wk change of 4.02%
2025-01-19 15:18:31,043 - INFO - AZEK: 1mo change of -7.00%
2025-01-19 15:18:31,044 - INFO - Processing AZEK - 2025-01-06 12:01:23 UTC
2025-01-19 15:18:31,441 - INFO - B: 1mo change of 18.96%
2025-01-19 15:18:31,441 - INFO - Processing B - 2024-10-30 10:41:00 UTC
2025-01-19 15:18:31,470 - INFO - AZTA: 1h change of -4.35%
2025-01-19 15:18:31,563 - INFO - AZTA: 1wk change of -2.02%
2025-01-19 15:18:31,671 - INFO - AZTA: 1mo change of 10.81%
2025-01-19 15:18:31,671 - INFO - Processing AZTA - 2024-11-14 16:00:00 UTC
2025-01-19 15:18:32,250 - INFO - Retrieved article length: 6935 characters
2025-01-19 15:18:32,349 - INFO - AZEK: 1h change of -5.02%
2025-01-19 15:18:32,442 - INFO - AZEK: 1wk change of 2.06%
2025-01-19 15:18:32,465 - INFO - AZTA: 1h change of -11.42%
2025-01-19 15:18:33,978 - ERROR - AZTA: No price data found, symbol may be delisted (1d 2024-11-04 -> 2024-11-24)
2025-01-19 15:18:34,109 - INFO - B: 1mo change of 19.72%
2025-01-19 15:18:34,109 - INFO - Processing B - 2024-10-25 16:21:09 UTC
2025-01-19 15:18:34,166 - INFO - AZTA: 1mo change of 11.82%
2025-01-19 15:18:34,166 - INFO - Processing AZTA - 2024-11-14 13:59:27 UTC
2025-01-19 15:18:34,756 - ERROR - AZEK: No price data found, symbol may be delisted (1d 2024-12-02 -> 2025-02-10)
2025-01-19 15:18:34,851 - INFO - AZTA: 1h change of -11.42%
2025-01-19 15:18:34,852 - ERROR - AZTA: No price data found, symbol may be delisted (1d 2024-11-04 -> 2024-11-24)
2025-01-19 15:18:34,857 - INFO - AZTA: 1mo change of 11.82%
2025-01-19 15:18:35,206 - INFO - B: 1mo change of 18.78%
2025-01-19 15:18:35,206 - INFO - Processing B - 2024-10-25 13:30:00 UTC
2025-01-19 15:18:35,968 - INFO - B: 1mo change of 18.78%
2025-01-19 15:18:35,968 - INFO - Processing B - 2024-10-24 16:04:52 UTC
2025-01-19 15:18:37,088 - INFO - B: 1mo change of 18.01%
2025-01-19 15:18:37,088 - INFO - Processing B - 2024-10-24 09:21:00 UTC
2025-01-19 15:18:37,812 - INFO - B: 1mo change of 18.01%
