2025-01-19 15:22:09,836 - INFO - Starting new training session. Logging to: logs/training_20250119_152209.log
2025-01-19 15:22:09,845 - INFO - Starting new training session. Logging to: logs/training_20250119_152209.log
2025-01-19 15:22:09,855 - INFO - Starting new training session. Logging to: logs/training_20250119_152209.log
2025-01-19 15:22:09,864 - INFO - Starting new training session. Logging to: logs/training_20250119_152209.log
2025-01-19 15:22:10,252 - INFO - Processing BRLS - 2024-11-13 22:57:00 UTC
2025-01-19 15:22:10,290 - INFO - Processing BROS - 2025-01-19 14:10:00 UTC
2025-01-19 15:22:10,479 - INFO - Processing BRSP - 2024-12-19 20:14:41 UTC
2025-01-19 15:22:10,636 - INFO - Processing BRO - 2025-01-19 01:20:30 UTC
2025-01-19 15:22:11,102 - INFO - Retrieved article length: 5275 characters
2025-01-19 15:22:11,136 - INFO - Retrieved article length: 3290 characters
2025-01-19 15:22:11,191 - INFO - Retrieved article length: 4757 characters
2025-01-19 15:22:11,235 - INFO - BROS: 1h change of -1.38%
2025-01-19 15:22:11,260 - INFO - BRLS: 1h change of 3.42%
2025-01-19 15:22:11,307 - INFO - BRSP: 1h change of -3.40%
2025-01-19 15:22:11,324 - INFO - BROS: 1wk change of 4.35%
2025-01-19 15:22:11,344 - INFO - BRLS: 1wk change of -10.91%
2025-01-19 15:22:11,367 - INFO - Retrieved article length: 6127 characters
2025-01-19 15:22:11,400 - INFO - BRSP: 1wk change of -8.48%
2025-01-19 15:22:11,408 - INFO - BROS: 1mo change of 10.62%
2025-01-19 15:22:11,408 - INFO - Processing BROS - 2025-01-19 13:10:09 UTC
2025-01-19 15:22:11,429 - INFO - BRLS: 1mo change of 1.39%
2025-01-19 15:22:11,430 - INFO - Processing BRLS - 2024-11-04 18:20:00 UTC
2025-01-19 15:22:11,498 - INFO - BRSP: 1mo change of -5.31%
2025-01-19 15:22:11,498 - INFO - Processing BRSP - 2024-12-17 01:15:00 UTC
2025-01-19 15:22:11,631 - INFO - BRO: 1wk change of 3.53%
2025-01-19 15:22:11,764 - INFO - BRO: 1mo change of 1.11%
2025-01-19 15:22:11,765 - INFO - Processing BRO - 2025-01-13 18:25:00 UTC
2025-01-19 15:22:12,111 - INFO - Retrieved article length: 5086 characters
2025-01-19 15:22:12,162 - INFO - BROS: 1h change of -1.38%
2025-01-19 15:22:12,189 - INFO - Retrieved article length: 3375 characters
2025-01-19 15:22:12,209 - INFO - BROS: 1wk change of 4.35%
2025-01-19 15:22:12,227 - INFO - Retrieved article length: 7121 characters
2025-01-19 15:22:12,260 - INFO - BROS: 1mo change of 10.62%
2025-01-19 15:22:12,260 - INFO - Processing BROS - 2025-01-19 12:15:00 UTC
2025-01-19 15:22:12,276 - INFO - BRLS: 1h change of 6.93%
2025-01-19 15:22:12,314 - INFO - BRSP: 1h change of -5.51%
2025-01-19 15:22:12,363 - INFO - BRLS: 1wk change of 11.51%
2025-01-19 15:22:12,402 - INFO - BRSP: 1wk change of -6.59%
2025-01-19 15:22:12,430 - INFO - Retrieved article length: 5069 characters
2025-01-19 15:22:12,447 - INFO - BRLS: 1mo change of 13.64%
2025-01-19 15:22:12,447 - INFO - Processing BRLS - 2024-10-31 23:20:00 UTC
2025-01-19 15:22:12,496 - INFO - BRSP: 1mo change of -4.40%
2025-01-19 15:22:12,496 - INFO - Processing BRSP - 2024-10-29 23:05:00 UTC
2025-01-19 15:22:12,520 - INFO - BRO: 1h change of 2.16%
2025-01-19 15:22:12,646 - INFO - BRO: 1wk change of 3.90%
2025-01-19 15:22:12,786 - INFO - Processing BRO - 2025-01-10 19:06:33 UTC
2025-01-19 15:22:12,988 - INFO - Retrieved article length: 4909 characters
2025-01-19 15:22:13,038 - INFO - BROS: 1h change of -1.38%
2025-01-19 15:22:13,085 - INFO - BROS: 1wk change of 4.35%
2025-01-19 15:22:13,132 - INFO - BROS: 1mo change of 10.62%
2025-01-19 15:22:13,132 - INFO - Processing BROS - 2025-01-18 02:00:19 UTC
2025-01-19 15:22:13,243 - INFO - Retrieved article length: 9132 characters
2025-01-19 15:22:13,280 - INFO - Retrieved article length: 4691 characters
2025-01-19 15:22:13,390 - INFO - BRSP: 1h change of 17.25%
2025-01-19 15:22:13,489 - INFO - BRSP: 1wk change of 16.35%
2025-01-19 15:22:13,506 - INFO - BRLS: 1wk change of 8.39%
2025-01-19 15:22:13,584 - INFO - BRSP: 1mo change of 11.03%
2025-01-19 15:22:13,584 - INFO - Processing BRSP - 2024-10-23 15:48:00 UTC
2025-01-19 15:22:13,587 - INFO - BRLS: 1mo change of 5.94%
2025-01-19 15:22:13,610 - INFO - Retrieved article length: 542 characters
2025-01-19 15:22:13,694 - INFO - Processing BRTX - 2024-12-26 14:26:11 UTC
2025-01-19 15:22:13,820 - INFO - Retrieved article length: 3383 characters
2025-01-19 15:22:13,828 - INFO - BRO: 1wk change of 3.46%
2025-01-19 15:22:13,918 - INFO - BROS: 1h change of 1.05%
2025-01-19 15:22:13,962 - INFO - BRO: 1mo change of -3.32%
2025-01-19 15:22:13,962 - INFO - Processing BRO - 2025-01-09 17:31:00 UTC
2025-01-19 15:22:14,005 - INFO - BROS: 1wk change of 6.23%
2025-01-19 15:22:14,093 - INFO - BROS: 1mo change of 10.62%
2025-01-19 15:22:14,093 - INFO - Processing BROS - 2025-01-18 01:45:00 UTC
2025-01-19 15:22:14,393 - INFO - Retrieved article length: 2557 characters
2025-01-19 15:22:14,398 - INFO - Retrieved article length: 4597 characters
2025-01-19 15:22:14,585 - INFO - BRTX: 1wk change of 2.74%
2025-01-19 15:22:14,624 - INFO - BRSP: 1wk change of 7.18%
2025-01-19 15:22:14,675 - INFO - BRTX: 1mo change of 36.33%
2025-01-19 15:22:14,675 - INFO - Processing BRTX - 2024-12-05 14:45:00 UTC
2025-01-19 15:22:14,683 - INFO - Retrieved article length: 5178 characters
2025-01-19 15:22:14,719 - INFO - BRSP: 1mo change of 6.57%
2025-01-19 15:22:14,803 - INFO - Retrieved article length: 5883 characters
2025-01-19 15:22:14,853 - INFO - BROS: 1h change of 1.05%
2025-01-19 15:22:14,884 - INFO - Processing BRX - 2025-01-17 18:36:39 UTC
2025-01-19 15:22:14,901 - INFO - BRO: 1wk change of 3.49%
2025-01-19 15:22:14,904 - INFO - BROS: 1wk change of 6.23%
2025-01-19 15:22:14,952 - INFO - BROS: 1mo change of 10.62%
2025-01-19 15:22:14,952 - INFO - Processing BROS - 2025-01-17 12:01:45 UTC
2025-01-19 15:22:15,038 - INFO - BRO: 1mo change of -4.52%
2025-01-19 15:22:15,038 - INFO - Processing BRO - 2025-01-07 01:00:00 UTC
2025-01-19 15:22:15,390 - INFO - Retrieved article length: 6414 characters
2025-01-19 15:22:15,476 - INFO - BRTX: 1h change of -2.97%
2025-01-19 15:22:15,551 - INFO - Retrieved article length: 5992 characters
2025-01-19 15:22:15,559 - INFO - BRTX: 1wk change of -3.97%
2025-01-19 15:22:15,646 - INFO - BRTX: 1mo change of 9.62%
2025-01-19 15:22:15,646 - INFO - Processing BRTX - 2024-11-15 14:18:43 UTC
2025-01-19 15:22:15,693 - INFO - Retrieved article length: 534 characters
2025-01-19 15:22:15,724 - INFO - Retrieved article length: 2913 characters
2025-01-19 15:22:15,736 - INFO - BROS: 1wk change of 3.77%
2025-01-19 15:22:15,812 - INFO - BRO: 1h change of 1.27%
2025-01-19 15:22:15,819 - INFO - BROS: 1mo change of 14.68%
2025-01-19 15:22:15,819 - INFO - Processing BROS - 2025-01-16 18:47:18 UTC
2025-01-19 15:22:15,932 - INFO - BRO: 1wk change of 3.88%
2025-01-19 15:22:16,038 - INFO - BRX: 1mo change of -7.94%
2025-01-19 15:22:16,038 - INFO - Processing BRX - 2025-01-16 00:05:00 UTC
2025-01-19 15:22:16,060 - INFO - BRO: 1mo change of -5.23%
2025-01-19 15:22:16,060 - INFO - Processing BRO - 2025-01-06 19:07:00 UTC
2025-01-19 15:22:16,399 - INFO - Retrieved article length: 2071 characters
2025-01-19 15:22:16,492 - INFO - BRTX: 1h change of -9.01%
2025-01-19 15:22:16,580 - INFO - BRTX: 1wk change of -4.52%
2025-01-19 15:22:16,661 - INFO - BRTX: 1mo change of -12.12%
2025-01-19 15:22:16,662 - INFO - Processing BRTX - 2024-11-13 15:00:00 UTC
2025-01-19 15:22:16,705 - INFO - Retrieved article length: 6608 characters
2025-01-19 15:22:16,782 - INFO - Retrieved article length: 3923 characters
2025-01-19 15:22:16,883 - INFO - Retrieved article length: 6396 characters
2025-01-19 15:22:16,962 - INFO - BROS: 1wk change of 3.32%
2025-01-19 15:22:17,046 - INFO - BROS: 1mo change of 13.65%
2025-01-19 15:22:17,046 - INFO - Processing BROS - 2025-01-16 14:44:41 UTC
2025-01-19 15:22:17,200 - INFO - BRX: 1wk change of -2.34%
2025-01-19 15:22:17,233 - INFO - BRO: 1mo change of -5.45%
2025-01-19 15:22:17,233 - INFO - Processing BRO - 2025-01-06 16:57:00 UTC
2025-01-19 15:22:17,299 - INFO - BRX: 1mo change of -7.87%
2025-01-19 15:22:17,299 - INFO - Processing BRX - 2025-01-07 16:30:00 UTC
2025-01-19 15:22:17,374 - INFO - Retrieved article length: 8511 characters
2025-01-19 15:22:17,461 - INFO - BRTX: 1h change of -7.36%
2025-01-19 15:22:17,544 - INFO - BRTX: 1wk change of -1.33%
2025-01-19 15:22:17,631 - INFO - BRTX: 1mo change of -5.30%
2025-01-19 15:22:17,631 - INFO - Processing BRTX - 2024-11-13 00:05:00 UTC
2025-01-19 15:22:17,747 - INFO - Retrieved article length: 4229 characters
2025-01-19 15:22:17,817 - INFO - BROS: 1wk change of 3.32%
2025-01-19 15:22:17,869 - INFO - BROS: 1mo change of 13.65%
2025-01-19 15:22:18,031 - INFO - Retrieved article length: 9926 characters
2025-01-19 15:22:18,051 - INFO - Processing BRY - 2025-01-17 13:06:47 UTC
2025-01-19 15:22:18,091 - INFO - Retrieved article length: 7515 characters
2025-01-19 15:22:18,119 - INFO - BRX: 1h change of -3.91%
2025-01-19 15:22:18,158 - INFO - BRO: 1mo change of -5.45%
2025-01-19 15:22:18,158 - INFO - Processing BRO - 2025-01-03 18:28:00 UTC
2025-01-19 15:22:18,214 - INFO - BRX: 1wk change of -2.37%
2025-01-19 15:22:18,316 - INFO - BRX: 1mo change of -10.42%
2025-01-19 15:22:18,316 - INFO - Processing BRX - 2024-12-21 00:03:00 UTC
2025-01-19 15:22:18,662 - INFO - Retrieved article length: 9733 characters
2025-01-19 15:22:18,722 - INFO - BRTX: 1h change of -7.36%
2025-01-19 15:22:18,728 - INFO - BRTX: 1wk change of -1.33%
2025-01-19 15:22:18,735 - INFO - BRTX: 1mo change of -5.30%
2025-01-19 15:22:18,736 - INFO - Processing BRTX - 2024-11-06 15:00:00 UTC
2025-01-19 15:22:18,917 - INFO - Retrieved article length: 4253 characters
2025-01-19 15:22:18,954 - INFO - Retrieved article length: 4704 characters
2025-01-19 15:22:19,035 - INFO - Retrieved article length: 6468 characters
2025-01-19 15:22:19,059 - INFO - BRY: 1h change of 2.67%
2025-01-19 15:22:19,158 - INFO - BRY: 1wk change of 14.42%
2025-01-19 15:22:19,173 - INFO - BRO: 1wk change of -1.83%
2025-01-19 15:22:19,260 - INFO - BRY: 1mo change of 21.07%
2025-01-19 15:22:19,260 - INFO - Processing BRY - 2024-12-28 14:29:09 UTC
2025-01-19 15:22:19,288 - INFO - BRX: 1wk change of -5.41%
2025-01-19 15:22:19,352 - INFO - BRO: 1mo change of -6.68%
2025-01-19 15:22:19,393 - INFO - BRX: 1mo change of -9.10%
2025-01-19 15:22:19,393 - INFO - Processing BRX - 2024-12-11 00:05:00 UTC
2025-01-19 15:22:19,544 - INFO - Processing BRZE - 2025-01-09 00:31:39 UTC
2025-01-19 15:22:19,623 - INFO - Retrieved article length: 7933 characters
2025-01-19 15:22:19,707 - INFO - BRTX: 1h change of 5.55%
2025-01-19 15:22:19,789 - INFO - BRTX: 1wk change of -8.23%
2025-01-19 15:22:19,879 - INFO - BRTX: 1mo change of -7.55%
2025-01-19 15:22:19,879 - INFO - Processing BRTX - 2024-11-05 15:10:00 UTC
2025-01-19 15:22:19,943 - INFO - Retrieved article length: 2014 characters
2025-01-19 15:22:20,185 - INFO - Retrieved article length: 6497 characters
2025-01-19 15:22:20,199 - INFO - BRY: 1wk change of 8.31%
2025-01-19 15:22:20,266 - INFO - Retrieved article length: 512 characters
2025-01-19 15:22:20,272 - INFO - BRX: 1h change of -2.45%
2025-01-19 15:22:20,295 - INFO - BRY: 1mo change of 22.85%
2025-01-19 15:22:20,295 - INFO - Processing BRY - 2024-12-26 16:08:34 UTC
2025-01-19 15:22:20,355 - INFO - BRZE: 1h change of -6.79%
2025-01-19 15:22:20,369 - INFO - BRX: 1wk change of -7.96%
2025-01-19 15:22:20,441 - INFO - BRZE: 1wk change of 4.35%
2025-01-19 15:22:20,463 - INFO - BRX: 1mo change of -6.08%
2025-01-19 15:22:20,463 - INFO - Processing BRX - 2024-12-10 17:38:00 UTC
2025-01-19 15:22:20,524 - INFO - BRZE: 1mo change of 6.83%
2025-01-19 15:22:20,524 - INFO - Processing BRZE - 2025-01-03 17:55:03 UTC
2025-01-19 15:22:20,615 - INFO - Retrieved article length: 6458 characters
2025-01-19 15:22:20,706 - INFO - BRTX: 1h change of 9.27%
2025-01-19 15:22:20,834 - INFO - BRTX: 1wk change of -4.43%
2025-01-19 15:22:20,925 - INFO - BRTX: 1mo change of -5.70%
2025-01-19 15:22:20,925 - INFO - Processing BRTX - 2024-10-31 14:00:00 UTC
2025-01-19 15:22:21,110 - INFO - Retrieved article length: 2557 characters
2025-01-19 15:22:21,143 - INFO - Retrieved article length: 523 characters
2025-01-19 15:22:21,212 - INFO - BRX: 1h change of -1.83%
2025-01-19 15:22:21,239 - INFO - Retrieved article length: 2162 characters
2025-01-19 15:22:21,243 - INFO - BRY: 1h change of -1.15%
2025-01-19 15:22:21,308 - INFO - BRX: 1wk change of -9.00%
2025-01-19 15:22:21,333 - INFO - BRZE: 1h change of 4.69%
2025-01-19 15:22:21,363 - INFO - BRY: 1wk change of 5.37%
2025-01-19 15:22:21,408 - INFO - BRX: 1mo change of -5.83%
2025-01-19 15:22:21,408 - INFO - Processing BRX - 2024-12-10 13:00:00 UTC
2025-01-19 15:22:21,416 - INFO - BRZE: 1wk change of -2.22%
2025-01-19 15:22:21,462 - INFO - BRY: 1mo change of 17.37%
2025-01-19 15:22:21,463 - INFO - Processing BRY - 2024-12-26 15:00:00 UTC
2025-01-19 15:22:21,500 - INFO - BRZE: 1mo change of 11.05%
2025-01-19 15:22:21,500 - INFO - Processing BRZE - 2024-12-21 02:01:10 UTC
2025-01-19 15:22:21,745 - INFO - Retrieved article length: 6874 characters
2025-01-19 15:22:21,920 - INFO - BRTX: 1wk change of -4.05%
2025-01-19 15:22:22,009 - INFO - BRTX: 1mo change of -11.78%
2025-01-19 15:22:22,125 - INFO - Retrieved article length: 12617 characters
2025-01-19 15:22:22,133 - INFO - BRX: 1h change of -1.83%
2025-01-19 15:22:22,140 - INFO - BRX: 1wk change of -9.00%
2025-01-19 15:22:22,147 - INFO - BRX: 1mo change of -5.83%
2025-01-19 15:22:22,148 - INFO - Processing BRX - 2024-12-09 18:47:00 UTC
2025-01-19 15:22:22,268 - INFO - Processing BSBK - 2025-01-06 17:15:00 UTC
2025-01-19 15:22:22,295 - INFO - Retrieved article length: 6951 characters
2025-01-19 15:22:22,303 - INFO - BRY: 1h change of -1.15%
2025-01-19 15:22:22,310 - INFO - BRY: 1wk change of 5.37%
2025-01-19 15:22:22,358 - INFO - BRY: 1mo change of 17.37%
2025-01-19 15:22:22,359 - INFO - Processing BRY - 2024-12-20 13:36:50 UTC
2025-01-19 15:22:22,433 - INFO - Retrieved article length: 514 characters
2025-01-19 15:22:22,526 - INFO - BRZE: 1h change of 3.65%
2025-01-19 15:22:22,762 - INFO - BRZE: 1mo change of 27.82%
2025-01-19 15:22:22,762 - INFO - Processing BRZE - 2024-12-21 01:56:18 UTC
2025-01-19 15:22:22,960 - INFO - Retrieved article length: 4644 characters
2025-01-19 15:22:23,100 - INFO - BSBK: 1h change of 1.87%
2025-01-19 15:22:23,104 - INFO - Retrieved article length: 10795 characters
2025-01-19 15:22:23,164 - INFO - Retrieved article length: 3562 characters
2025-01-19 15:22:23,188 - INFO - BSBK: 1wk change of 3.92%
2025-01-19 15:22:23,253 - INFO - BRX: 1h change of -1.32%
2025-01-19 15:22:23,271 - INFO - BRY: 1h change of -6.54%
2025-01-19 15:22:23,272 - INFO - BSBK: 1mo change of -3.29%
2025-01-19 15:22:23,273 - INFO - Processing BSBK - 2024-11-03 16:43:33 UTC
2025-01-19 15:22:23,349 - INFO - BRX: 1wk change of -8.01%
2025-01-19 15:22:23,361 - INFO - BRY: 1wk change of -10.42%
2025-01-19 15:22:23,448 - INFO - BRX: 1mo change of -6.47%
2025-01-19 15:22:23,454 - INFO - BRY: 1mo change of 16.82%
2025-01-19 15:22:23,454 - INFO - Processing BRY - 2024-11-08 10:24:49 UTC
2025-01-19 15:22:23,528 - INFO - Retrieved article length: 514 characters
2025-01-19 15:22:23,539 - INFO - BRZE: 1h change of 3.65%
2025-01-19 15:22:23,580 - INFO - Processing BSCP - 2024-12-06 21:00:00 UTC
2025-01-19 15:22:23,725 - INFO - BRZE: 1mo change of 27.82%
2025-01-19 15:22:23,726 - INFO - Processing BRZE - 2024-12-18 02:00:55 UTC
2025-01-19 15:22:23,929 - INFO - Retrieved article length: 1647 characters
2025-01-19 15:22:24,021 - INFO - BSBK: 1h change of -2.60%
2025-01-19 15:22:24,107 - INFO - BSBK: 1wk change of 1.16%
2025-01-19 15:22:24,194 - INFO - Processing BSBK - 2024-11-02 04:00:00 UTC
2025-01-19 15:22:24,199 - INFO - Retrieved article length: 4833 characters
2025-01-19 15:22:24,248 - INFO - Retrieved article length: 1989 characters
2025-01-19 15:22:24,298 - INFO - BRY: 1h change of -18.98%
2025-01-19 15:22:24,390 - INFO - BRY: 1wk change of -14.51%
2025-01-19 15:22:24,531 - INFO - Retrieved article length: 511 characters
2025-01-19 15:22:24,535 - INFO - BRY: 1mo change of -20.76%
2025-01-19 15:22:24,535 - INFO - Processing BRY - 2024-11-07 17:00:06 UTC
2025-01-19 15:22:24,663 - INFO - Processing BSCQ - 2024-12-06 21:00:00 UTC
2025-01-19 15:22:24,842 - INFO - BRZE: 1h change of 1.06%
2025-01-19 15:22:24,946 - INFO - BRZE: 1wk change of 2.63%
2025-01-19 15:22:25,035 - INFO - BRZE: 1mo change of 20.49%
2025-01-19 15:22:25,036 - INFO - Processing BRZE - 2024-12-13 18:03:56 UTC
2025-01-19 15:22:25,388 - INFO - Retrieved article length: 4343 characters
2025-01-19 15:22:25,419 - INFO - Retrieved article length: 1989 characters
2025-01-19 15:22:25,475 - INFO - BRY: 1h change of -13.43%
2025-01-19 15:22:25,567 - INFO - BRY: 1wk change of -16.66%
2025-01-19 15:22:25,577 - INFO - Retrieved article length: 41863 characters
2025-01-19 15:22:25,669 - INFO - BSBK: 1h change of 3.48%
2025-01-19 15:22:25,669 - INFO - BRY: 1mo change of -19.31%
2025-01-19 15:22:25,669 - INFO - Processing BRY - 2024-11-07 16:04:14 UTC
2025-01-19 15:22:25,770 - INFO - Retrieved article length: 6427 characters
2025-01-19 15:22:25,847 - INFO - Processing BSBK - 2024-11-01 16:00:00 UTC
2025-01-19 15:22:25,850 - INFO - Processing BSCR - 2024-12-06 21:00:00 UTC
2025-01-19 15:22:25,943 - INFO - BRZE: 1wk change of 11.98%
2025-01-19 15:22:26,043 - INFO - BRZE: 1mo change of 27.46%
2025-01-19 15:22:26,044 - INFO - Processing BRZE - 2024-12-11 15:58:48 UTC
2025-01-19 15:22:26,503 - INFO - Retrieved article length: 1989 characters
2025-01-19 15:22:26,530 - INFO - Retrieved article length: 968 characters
2025-01-19 15:22:26,539 - INFO - BRY: 1h change of -13.43%
2025-01-19 15:22:26,545 - INFO - BRY: 1wk change of -16.66%
2025-01-19 15:22:26,551 - INFO - BRY: 1mo change of -19.31%
2025-01-19 15:22:26,876 - INFO - Retrieved article length: 514 characters
2025-01-19 15:22:26,961 - INFO - Processing BSFC - 2024-12-19 22:00:00 UTC
2025-01-19 15:22:27,046 - INFO - BRZE: 1wk change of 12.60%
2025-01-19 15:22:27,091 - INFO - Processing BSGM - 2024-11-13 23:46:53 UTC
2025-01-19 15:22:27,104 - INFO - Retrieved article length: 38842 characters
2025-01-19 15:22:27,130 - INFO - BRZE: 1mo change of 23.66%
2025-01-19 15:22:27,131 - INFO - Processing BRZE - 2024-12-11 13:44:46 UTC
2025-01-19 15:22:27,193 - INFO - BSBK: 1h change of 1.65%
2025-01-19 15:22:27,620 - INFO - Retrieved article length: 3699 characters
2025-01-19 15:22:27,653 - INFO - Processing BSLK - 2024-11-24 17:00:49 UTC
2025-01-19 15:22:27,764 - INFO - BSFC: 1h change of -48.45%
2025-01-19 15:22:27,853 - INFO - BSFC: 1wk change of -50.00%
2025-01-19 15:22:27,854 - INFO - Retrieved article length: 495 characters
2025-01-19 15:22:27,938 - INFO - BSFC: 1mo change of -59.93%
2025-01-19 15:22:27,938 - INFO - Processing BSFC - 2024-11-28 14:31:18 UTC
2025-01-19 15:22:27,940 - INFO - Retrieved article length: 1916 characters
2025-01-19 15:22:27,941 - INFO - BSGM: 1h change of -25.00%
2025-01-19 15:22:27,952 - INFO - BRZE: 1wk change of 12.60%
2025-01-19 15:22:27,959 - INFO - BRZE: 1mo change of 23.66%
2025-01-19 15:22:28,029 - INFO - BSGM: 1wk change of 30.72%
2025-01-19 15:22:28,135 - INFO - BSGM: 1mo change of 392.59%
2025-01-19 15:22:28,136 - INFO - Processing BSGM - 2024-11-13 23:14:00 UTC
2025-01-19 15:22:28,224 - INFO - Processing BSX - 2025-01-18 02:00:19 UTC
2025-01-19 15:22:28,409 - INFO - Retrieved article length: 5334 characters
2025-01-19 15:22:28,507 - INFO - BSLK: 1h change of -7.89%
2025-01-19 15:22:28,598 - INFO - Retrieved article length: 1292 characters
2025-01-19 15:22:28,599 - INFO - BSLK: 1wk change of 116.67%
2025-01-19 15:22:28,687 - INFO - BSLK: 1mo change of 4.00%
2025-01-19 15:22:28,687 - INFO - Processing BSLK - 2024-11-10 16:38:56 UTC
2025-01-19 15:22:28,745 - INFO - BSFC: 1h change of 38.07%
2025-01-19 15:22:28,833 - INFO - BSFC: 1wk change of 26.18%
2025-01-19 15:22:28,834 - INFO - Retrieved article length: 4384 characters
2025-01-19 15:22:28,842 - INFO - BSGM: 1h change of -25.00%
2025-01-19 15:22:28,848 - INFO - BSGM: 1wk change of 30.72%
2025-01-19 15:22:28,854 - INFO - BSGM: 1mo change of 392.59%
2025-01-19 15:22:28,854 - INFO - Processing BSGM - 2024-10-22 22:13:00 UTC
2025-01-19 15:22:28,873 - INFO - Retrieved article length: 3595 characters
2025-01-19 15:22:28,920 - INFO - BSFC: 1mo change of -75.78%
2025-01-19 15:22:28,921 - INFO - Processing BSFC - 2024-11-26 22:30:00 UTC
2025-01-19 15:22:28,967 - INFO - BSX: 1h change of 1.37%
2025-01-19 15:22:29,057 - INFO - BSX: 1wk change of 2.82%
2025-01-19 15:22:29,149 - INFO - BSX: 1mo change of 9.06%
2025-01-19 15:22:29,150 - INFO - Processing BSX - 2025-01-17 21:17:20 UTC
2025-01-19 15:22:29,506 - INFO - Retrieved article length: 1531 characters
2025-01-19 15:22:29,591 - INFO - Retrieved article length: 4809 characters
2025-01-19 15:22:29,595 - INFO - BSLK: 1h change of 9.26%
2025-01-19 15:22:29,677 - INFO - BSGM: 1h change of 34.00%
2025-01-19 15:22:29,687 - INFO - BSLK: 1wk change of -24.80%
2025-01-19 15:22:29,729 - INFO - Retrieved article length: 3604 characters
2025-01-19 15:22:29,765 - INFO - BSGM: 1wk change of 253.33%
2025-01-19 15:22:29,769 - INFO - BSLK: 1mo change of -37.26%
2025-01-19 15:22:29,770 - INFO - Processing BSLK - 2024-11-08 00:30:00 UTC
2025-01-19 15:22:29,825 - INFO - BSFC: 1h change of 29.27%
2025-01-19 15:22:29,833 - INFO - Retrieved article length: 522 characters
2025-01-19 15:22:29,869 - INFO - BSGM: 1mo change of 541.23%
2025-01-19 15:22:29,912 - INFO - BSFC: 1wk change of 21.46%
2025-01-19 15:22:29,929 - INFO - BSX: 1h change of 1.66%
2025-01-19 15:22:29,998 - INFO - Processing BSY - 2025-01-13 16:00:00 UTC
2025-01-19 15:22:30,005 - INFO - BSFC: 1mo change of -73.33%
2025-01-19 15:22:30,006 - INFO - Processing BSFC - 2024-11-15 15:45:00 UTC
2025-01-19 15:22:30,013 - INFO - BSX: 1wk change of 7.25%
2025-01-19 15:22:30,107 - INFO - BSX: 1mo change of 9.49%
2025-01-19 15:22:30,107 - INFO - Processing BSX - 2025-01-17 01:33:00 UTC
2025-01-19 15:22:30,666 - INFO - Retrieved article length: 29198 characters
2025-01-19 15:22:30,788 - INFO - Retrieved article length: 4404 characters
2025-01-19 15:22:30,810 - INFO - BSLK: 1h change of 20.09%
2025-01-19 15:22:30,813 - INFO - Retrieved article length: 4298 characters
2025-01-19 15:22:30,878 - INFO - BSY: 1h change of 3.48%
2025-01-19 15:22:30,901 - INFO - BSFC: 1h change of -11.35%
2025-01-19 15:22:30,917 - INFO - BSLK: 1wk change of -16.89%
2025-01-19 15:22:30,941 - INFO - Retrieved article length: 10747 characters
2025-01-19 15:22:30,951 - INFO - BSX: 1h change of 1.66%
2025-01-19 15:22:30,970 - INFO - BSY: 1wk change of -3.46%
2025-01-19 15:22:30,986 - INFO - BSFC: 1wk change of -25.08%
2025-01-19 15:22:30,998 - INFO - BSX: 1wk change of 7.25%
2025-01-19 15:22:31,005 - INFO - BSLK: 1mo change of -33.44%
2025-01-19 15:22:31,005 - INFO - Processing BSLK - 2024-10-22 16:05:00 UTC
2025-01-19 15:22:31,046 - INFO - BSX: 1mo change of 9.49%
2025-01-19 15:22:31,046 - INFO - Processing BSX - 2025-01-15 19:40:12 UTC
2025-01-19 15:22:31,061 - INFO - BSY: 1mo change of -6.54%
2025-01-19 15:22:31,062 - INFO - Processing BSY - 2025-01-09 17:24:18 UTC
2025-01-19 15:22:31,074 - INFO - BSFC: 1mo change of -69.73%
2025-01-19 15:22:31,264 - INFO - Processing BTAI - 2024-12-23 20:00:12 UTC
2025-01-19 15:22:31,739 - INFO - Retrieved article length: 2886 characters
2025-01-19 15:22:31,761 - INFO - Retrieved article length: 4457 characters
2025-01-19 15:22:31,826 - INFO - BSX: 1h change of 3.91%
2025-01-19 15:22:31,827 - INFO - Retrieved article length: 7670 characters
2025-01-19 15:22:31,846 - INFO - BSY: 1h change of -3.15%
2025-01-19 15:22:31,911 - INFO - BSX: 1wk change of 8.07%
2025-01-19 15:22:31,914 - INFO - BSLK: 1h change of -6.64%
2025-01-19 15:22:31,932 - INFO - BSY: 1wk change of -4.50%
2025-01-19 15:22:31,997 - INFO - BSX: 1mo change of 8.94%
2025-01-19 15:22:31,997 - INFO - BSLK: 1wk change of -21.87%
2025-01-19 15:22:31,997 - INFO - Processing BSX - 2025-01-15 18:05:00 UTC
2025-01-19 15:22:32,016 - INFO - Retrieved article length: 4618 characters
2025-01-19 15:22:32,025 - INFO - BSY: 1mo change of -8.31%
2025-01-19 15:22:32,025 - INFO - Processing BSY - 2024-12-25 12:07:21 UTC
2025-01-19 15:22:32,082 - INFO - BSLK: 1mo change of -70.43%
2025-01-19 15:22:32,105 - INFO - BTAI: 1h change of 6.07%
2025-01-19 15:22:32,197 - INFO - BTAI: 1wk change of -9.22%
2025-01-19 15:22:32,229 - INFO - Processing BTBD - 2024-11-16 15:21:08 UTC
2025-01-19 15:22:32,286 - INFO - BTAI: 1mo change of -40.69%
2025-01-19 15:22:32,286 - INFO - Processing BTAI - 2024-11-22 16:16:00 UTC
2025-01-19 15:22:32,727 - INFO - Retrieved article length: 8412 characters
2025-01-19 15:22:32,730 - INFO - Retrieved article length: 3967 characters
2025-01-19 15:22:32,735 - INFO - BSX: 1h change of 3.91%
2025-01-19 15:22:32,785 - INFO - BSX: 1wk change of 8.07%
2025-01-19 15:22:32,834 - INFO - BSX: 1mo change of 8.94%
2025-01-19 15:22:32,835 - INFO - Processing BSX - 2025-01-15 14:10:43 UTC
2025-01-19 15:22:32,969 - INFO - BSY: 1wk change of -2.00%
2025-01-19 15:22:32,971 - INFO - Retrieved article length: 6601 characters
2025-01-19 15:22:33,060 - INFO - BTAI: 1h change of -15.24%
2025-01-19 15:22:33,060 - INFO - BSY: 1mo change of -2.56%
2025-01-19 15:22:33,061 - INFO - Processing BSY - 2024-12-10 13:05:46 UTC
2025-01-19 15:22:33,141 - INFO - Retrieved article length: 1648 characters
2025-01-19 15:22:33,154 - INFO - BTAI: 1wk change of -38.50%
2025-01-19 15:22:33,232 - INFO - BTBD: 1h change of 1.97%
2025-01-19 15:22:33,242 - INFO - BTAI: 1mo change of -34.28%
2025-01-19 15:22:33,242 - INFO - Processing BTAI - 2024-11-22 00:47:00 UTC
2025-01-19 15:22:33,320 - INFO - BTBD: 1wk change of -1.25%
2025-01-19 15:22:33,409 - INFO - BTBD: 1mo change of -12.65%
2025-01-19 15:22:33,410 - INFO - Processing BTBD - 2024-11-14 00:15:00 UTC
2025-01-19 15:22:33,502 - INFO - Retrieved article length: 3578 characters
2025-01-19 15:22:33,510 - INFO - BSX: 1h change of 3.91%
2025-01-19 15:22:33,557 - INFO - BSX: 1wk change of 8.07%
2025-01-19 15:22:33,605 - INFO - BSX: 1mo change of 8.94%
2025-01-19 15:22:33,606 - INFO - Processing BSX - 2025-01-15 07:30:17 UTC
2025-01-19 15:22:33,824 - INFO - Retrieved article length: 5957 characters
2025-01-19 15:22:33,911 - INFO - BSY: 1h change of -3.51%
2025-01-19 15:22:33,914 - INFO - Retrieved article length: 5978 characters
2025-01-19 15:22:33,921 - INFO - BTAI: 1h change of -15.24%
2025-01-19 15:22:33,927 - INFO - BTAI: 1wk change of -38.50%
2025-01-19 15:22:33,933 - INFO - BTAI: 1mo change of -34.28%
2025-01-19 15:22:33,934 - INFO - Processing BTAI - 2024-11-15 10:07:20 UTC
2025-01-19 15:22:34,031 - INFO - BSY: 1wk change of -4.35%
2025-01-19 15:22:34,136 - INFO - BSY: 1mo change of -8.36%
2025-01-19 15:22:34,137 - INFO - Processing BSY - 2024-12-09 15:54:51 UTC
2025-01-19 15:22:34,341 - INFO - Retrieved article length: 4232 characters
2025-01-19 15:22:34,351 - INFO - BSX: 1h change of 3.91%
2025-01-19 15:22:34,398 - INFO - BSX: 1wk change of 8.07%
2025-01-19 15:22:34,448 - INFO - BSX: 1mo change of 8.94%
2025-01-19 15:22:34,449 - INFO - Processing BSX - 2025-01-14 19:43:00 UTC
2025-01-19 15:22:34,476 - INFO - Retrieved article length: 8646 characters
2025-01-19 15:22:34,595 - INFO - BTBD: 1h change of 1.97%
2025-01-19 15:22:34,680 - INFO - BTBD: 1wk change of -2.73%
2025-01-19 15:22:34,686 - INFO - Retrieved article length: 5415 characters
2025-01-19 15:22:34,770 - INFO - BTBD: 1mo change of -1.85%
2025-01-19 15:22:34,773 - INFO - BTAI: 1h change of -13.35%
2025-01-19 15:22:34,862 - INFO - BTAI: 1wk change of -24.82%
2025-01-19 15:22:34,925 - INFO - Processing BTBT - 2025-01-14 13:09:43 UTC
2025-01-19 15:22:34,944 - INFO - BTAI: 1mo change of -40.23%
2025-01-19 15:22:34,945 - INFO - Processing BTAI - 2024-11-15 07:13:57 UTC
2025-01-19 15:22:34,967 - INFO - Retrieved article length: 503 characters
2025-01-19 15:22:35,057 - INFO - BSY: 1h change of -3.37%
2025-01-19 15:22:35,146 - INFO - BSY: 1wk change of -4.57%
2025-01-19 15:22:35,179 - INFO - Retrieved article length: 5880 characters
2025-01-19 15:22:35,246 - INFO - BSY: 1mo change of -6.39%
2025-01-19 15:22:35,246 - INFO - Processing BSY - 2024-12-03 16:48:00 UTC
2025-01-19 15:22:35,266 - INFO - BSX: 1h change of 2.56%
2025-01-19 15:22:35,353 - INFO - BSX: 1wk change of 8.07%
2025-01-19 15:22:35,449 - INFO - BSX: 1mo change of 9.38%
2025-01-19 15:22:35,580 - INFO - Retrieved article length: 5726 characters
2025-01-19 15:22:35,604 - INFO - Processing BTC - 2025-01-15 14:00:25 UTC
2025-01-19 15:22:35,678 - INFO - BTBT: 1h change of 17.20%
2025-01-19 15:22:35,761 - INFO - BTBT: 1wk change of -5.15%
2025-01-19 15:22:35,766 - INFO - Retrieved article length: 16628 characters
2025-01-19 15:22:35,775 - INFO - BTAI: 1h change of -13.35%
2025-01-19 15:22:35,780 - INFO - BTAI: 1wk change of -24.82%
2025-01-19 15:22:35,785 - INFO - BTAI: 1mo change of -40.23%
2025-01-19 15:22:35,785 - INFO - Processing BTAI - 2024-11-14 16:20:06 UTC
2025-01-19 15:22:35,851 - INFO - BTBT: 1mo change of -14.62%
2025-01-19 15:22:35,851 - INFO - Processing BTBT - 2025-01-04 00:56:43 UTC
2025-01-19 15:22:36,011 - INFO - Retrieved article length: 2541 characters
2025-01-19 15:22:36,102 - INFO - BSY: 1h change of 1.40%
2025-01-19 15:22:36,195 - INFO - BSY: 1wk change of -2.64%
2025-01-19 15:22:36,282 - INFO - BSY: 1mo change of -5.20%
2025-01-19 15:22:36,283 - INFO - Processing BSY - 2024-11-28 18:23:26 UTC
2025-01-19 15:22:36,325 - INFO - Retrieved article length: 3264 characters
2025-01-19 15:22:36,427 - INFO - BTC: 1h change of 8.91%
2025-01-19 15:22:36,474 - INFO - Retrieved article length: 4257 characters
2025-01-19 15:22:36,514 - INFO - BTC: 1wk change of 2.40%
2025-01-19 15:22:36,565 - INFO - BTAI: 1h change of -18.79%
2025-01-19 15:22:36,568 - INFO - Retrieved article length: 1705 characters
2025-01-19 15:22:36,597 - INFO - BTC: 1mo change of 3.32%
2025-01-19 15:22:36,598 - INFO - Processing BTC - 2025-01-11 01:49:26 UTC
2025-01-19 15:22:36,657 - INFO - BTBT: 1h change of 16.95%
2025-01-19 15:22:36,659 - INFO - BTAI: 1wk change of -21.09%
2025-01-19 15:22:36,744 - INFO - BTBT: 1wk change of -3.60%
2025-01-19 15:22:36,745 - INFO - BTAI: 1mo change of -31.07%
2025-01-19 15:22:36,746 - INFO - Processing BTAI - 2024-11-14 15:00:00 UTC
2025-01-19 15:22:36,835 - INFO - BTBT: 1mo change of -19.83%
2025-01-19 15:22:36,836 - INFO - Processing BTBT - 2024-12-31 16:16:12 UTC
2025-01-19 15:22:37,025 - INFO - Retrieved article length: 4245 characters
2025-01-19 15:22:37,119 - INFO - BSY: 1h change of -1.53%
2025-01-19 15:22:37,207 - INFO - BSY: 1wk change of 6.00%
2025-01-19 15:22:37,255 - INFO - Retrieved article length: 1843 characters
2025-01-19 15:22:37,344 - INFO - BTC: 1h change of 1.63%
2025-01-19 15:22:37,353 - INFO - BSY: 1mo change of -4.05%
2025-01-19 15:22:37,353 - INFO - Processing BSY - 2024-11-22 17:00:00 UTC
2025-01-19 15:22:37,433 - INFO - BTC: 1wk change of 7.58%
2025-01-19 15:22:37,519 - INFO - BTC: 1mo change of 8.91%
2025-01-19 15:22:37,519 - INFO - Processing BTC - 2025-01-03 17:00:00 UTC
2025-01-19 15:22:37,534 - INFO - Retrieved article length: 1453 characters
2025-01-19 15:22:37,568 - INFO - Retrieved article length: 17765 characters
2025-01-19 15:22:37,576 - INFO - BTAI: 1h change of -18.79%
2025-01-19 15:22:37,582 - INFO - BTAI: 1wk change of -21.09%
2025-01-19 15:22:37,588 - INFO - BTAI: 1mo change of -31.07%
2025-01-19 15:22:37,588 - INFO - Processing BTAI - 2024-11-13 15:31:51 UTC
2025-01-19 15:22:37,716 - INFO - BTBT: 1wk change of 5.66%
2025-01-19 15:22:37,816 - INFO - BTBT: 1mo change of -1.60%
2025-01-19 15:22:37,816 - INFO - Processing BTBT - 2024-12-04 21:03:48 UTC
2025-01-19 15:22:38,308 - INFO - Retrieved article length: 3257 characters
2025-01-19 15:22:38,318 - INFO - Retrieved article length: 2331 characters
2025-01-19 15:22:38,401 - INFO - BSY: 1h change of 3.50%
2025-01-19 15:22:38,410 - INFO - BTC: 1h change of 1.82%
2025-01-19 15:22:38,440 - INFO - Retrieved article length: 3286 characters
2025-01-19 15:22:38,493 - INFO - BTC: 1wk change of -4.24%
2025-01-19 15:22:38,533 - INFO - BTAI: 1h change of -26.33%
2025-01-19 15:22:38,581 - INFO - BTC: 1mo change of 7.75%
2025-01-19 15:22:38,582 - INFO - Processing BTC - 2024-12-06 14:00:02 UTC
2025-01-19 15:22:38,582 - INFO - BSY: 1mo change of -4.71%
2025-01-19 15:22:38,583 - INFO - Retrieved article length: 7398 characters
2025-01-19 15:22:38,619 - INFO - BTAI: 1wk change of -21.09%
2025-01-19 15:22:38,681 - INFO - BTBT: 1h change of -4.78%
2025-01-19 15:22:38,710 - INFO - BTAI: 1mo change of -28.04%
2025-01-19 15:22:38,763 - INFO - BTBT: 1wk change of -3.53%
2025-01-19 15:22:38,786 - INFO - Processing BTCS - 2024-12-27 17:32:37 UTC
2025-01-19 15:22:38,856 - INFO - BTBT: 1mo change of -14.22%
2025-01-19 15:22:38,856 - INFO - Processing BTBT - 2024-11-21 17:03:15 UTC
2025-01-19 15:22:38,996 - INFO - Processing BTCY - 2025-01-15 16:15:00 UTC
2025-01-19 15:22:39,283 - INFO - Retrieved article length: 5184 characters
2025-01-19 15:22:39,379 - INFO - BTC: 1h change of 5.49%
2025-01-19 15:22:39,468 - INFO - BTC: 1wk change of 11.88%
2025-01-19 15:22:39,557 - INFO - BTC: 1mo change of 35.54%
2025-01-19 15:22:39,557 - INFO - Processing BTC - 2024-11-29 17:18:53 UTC
2025-01-19 15:22:39,605 - INFO - Retrieved article length: 475 characters
2025-01-19 15:22:39,613 - INFO - Retrieved article length: 5621 characters
2025-01-19 15:22:39,705 - INFO - BTBT: 1h change of 8.57%
2025-01-19 15:22:39,750 - INFO - BTCS: 1h change of -5.91%
2025-01-19 15:22:39,798 - INFO - BTBT: 1wk change of -14.94%
2025-01-19 15:22:39,834 - INFO - BTCS: 1wk change of -13.02%
2025-01-19 15:22:39,865 - INFO - Retrieved article length: 6441 characters
2025-01-19 15:22:39,882 - INFO - BTBT: 1mo change of -14.18%
2025-01-19 15:22:39,882 - INFO - Processing BTBT - 2024-11-20 13:22:25 UTC
2025-01-19 15:22:39,950 - INFO - Processing BTCS - 2024-11-20 14:55:41 UTC
2025-01-19 15:22:39,954 - INFO - BTCY: 1h change of -15.66%
2025-01-19 15:22:40,044 - INFO - BTCY: 1wk change of -12.50%
2025-01-19 15:22:40,136 - INFO - BTCY: 1mo change of 21.96%
2025-01-19 15:22:40,136 - INFO - Processing BTCY - 2024-12-27 16:15:00 UTC
2025-01-19 15:22:40,385 - INFO - Retrieved article length: 1320 characters
2025-01-19 15:22:40,476 - INFO - BTC: 1h change of 2.84%
2025-01-19 15:22:40,566 - INFO - BTC: 1wk change of 9.73%
2025-01-19 15:22:40,657 - INFO - BTC: 1mo change of 45.81%
2025-01-19 15:22:40,657 - INFO - Processing BTC - 2024-11-22 14:00:32 UTC
2025-01-19 15:22:40,709 - INFO - Retrieved article length: 3860 characters
2025-01-19 15:22:40,763 - INFO - Retrieved article length: 5474 characters
2025-01-19 15:22:40,852 - INFO - BTCS: 1h change of -1.01%
2025-01-19 15:22:40,893 - INFO - BTBT: 1wk change of -14.94%
2025-01-19 15:22:40,939 - INFO - BTCS: 1wk change of 89.36%
2025-01-19 15:22:40,980 - INFO - BTBT: 1mo change of -14.40%
2025-01-19 15:22:40,980 - INFO - Processing BTBT - 2024-11-19 10:02:23 UTC
2025-01-19 15:22:41,027 - INFO - BTCS: 1mo change of 135.95%
2025-01-19 15:22:41,027 - INFO - Processing BTCS - 2024-11-16 15:21:36 UTC
2025-01-19 15:22:41,214 - INFO - Retrieved article length: 8149 characters
2025-01-19 15:22:41,306 - INFO - BTCY: 1h change of 6.00%
2025-01-19 15:22:41,398 - INFO - BTCY: 1wk change of 24.47%
2025-01-19 15:22:41,486 - INFO - BTCY: 1mo change of 11.11%
2025-01-19 15:22:41,486 - INFO - Processing BTCY - 2024-12-03 16:15:00 UTC
2025-01-19 15:22:41,521 - INFO - Retrieved article length: 4002 characters
2025-01-19 15:22:41,616 - INFO - BTC: 1h change of 4.81%
2025-01-19 15:22:41,703 - INFO - BTC: 1wk change of 8.27%
2025-01-19 15:22:41,795 - INFO - BTC: 1mo change of 39.24%
2025-01-19 15:22:41,795 - INFO - Processing BTC - 2024-11-21 21:25:02 UTC
2025-01-19 15:22:41,800 - INFO - Retrieved article length: 5163 characters
2025-01-19 15:22:41,806 - INFO - Retrieved article length: 3663 characters
2025-01-19 15:22:41,893 - INFO - BTBT: 1h change of 1.25%
2025-01-19 15:22:41,894 - INFO - BTCS: 1h change of -1.58%
2025-01-19 15:22:41,983 - INFO - BTCS: 1wk change of 128.19%
2025-01-19 15:22:41,993 - INFO - BTBT: 1wk change of -18.27%
2025-01-19 15:22:42,074 - INFO - BTCS: 1mo change of 100.00%
2025-01-19 15:22:42,074 - INFO - Processing BTCS - 2024-11-14 22:15:34 UTC
2025-01-19 15:22:42,080 - INFO - BTBT: 1mo change of -10.67%
2025-01-19 15:22:42,080 - INFO - Processing BTBT - 2024-11-15 02:16:25 UTC
2025-01-19 15:22:42,306 - INFO - Retrieved article length: 7902 characters
2025-01-19 15:22:42,400 - INFO - BTCY: 1h change of 11.82%
2025-01-19 15:22:42,491 - INFO - BTCY: 1wk change of -7.89%
2025-01-19 15:22:42,579 - INFO - BTCY: 1mo change of -11.11%
2025-01-19 15:22:42,580 - INFO - Processing BTCY - 2024-11-15 16:15:00 UTC
2025-01-19 15:22:42,649 - INFO - Retrieved article length: 3202 characters
2025-01-19 15:22:42,763 - INFO - BTC: 1h change of 8.26%
2025-01-19 15:22:42,814 - INFO - Retrieved article length: 1240 characters
2025-01-19 15:22:42,829 - INFO - Retrieved article length: 399 characters
2025-01-19 15:22:42,857 - INFO - BTC: 1wk change of 11.49%
2025-01-19 15:22:42,901 - INFO - BTBT: 1h change of -18.27%
2025-01-19 15:22:42,947 - INFO - BTC: 1mo change of 48.14%
2025-01-19 15:22:42,948 - INFO - Processing BTC - 2024-11-11 19:04:59 UTC
2025-01-19 15:22:42,978 - INFO - BTCS: 1h change of 112.20%
2025-01-19 15:22:42,985 - INFO - BTBT: 1wk change of 26.86%
2025-01-19 15:22:43,072 - INFO - BTCS: 1wk change of 186.29%
2025-01-19 15:22:43,073 - INFO - BTBT: 1mo change of 7.28%
2025-01-19 15:22:43,167 - INFO - BTCS: 1mo change of 129.82%
2025-01-19 15:22:43,167 - INFO - Processing BTCS - 2024-11-14 16:35:00 UTC
2025-01-19 15:22:43,232 - INFO - Processing BTDR - 2025-01-15 21:03:15 UTC
2025-01-19 15:22:43,396 - INFO - Retrieved article length: 10031 characters
2025-01-19 15:22:43,491 - INFO - BTCY: 1h change of 28.71%
2025-01-19 15:22:43,579 - INFO - BTCY: 1wk change of -9.97%
2025-01-19 15:22:43,661 - INFO - BTCY: 1mo change of 16.71%
2025-01-19 15:22:43,662 - INFO - Processing BTCY - 2024-11-13 17:42:00 UTC
2025-01-19 15:22:43,703 - INFO - Retrieved article length: 1864 characters
2025-01-19 15:22:43,849 - INFO - BTC: 1h change of 6.57%
2025-01-19 15:22:43,933 - INFO - BTC: 1wk change of 36.29%
2025-01-19 15:22:44,014 - INFO - Retrieved article length: 11351 characters
2025-01-19 15:22:44,023 - INFO - BTCS: 1h change of 112.20%
2025-01-19 15:22:44,024 - INFO - Retrieved article length: 7600 characters
2025-01-19 15:22:44,025 - INFO - BTC: 1mo change of 60.53%
2025-01-19 15:22:44,029 - INFO - BTCS: 1wk change of 186.29%
2025-01-19 15:22:44,035 - INFO - BTCS: 1mo change of 129.82%
2025-01-19 15:22:44,036 - INFO - Processing BTCS - 2024-11-14 02:25:03 UTC
2025-01-19 15:22:44,113 - INFO - BTDR: 1h change of 27.99%
2025-01-19 15:22:44,194 - INFO - Processing BTM - 2024-11-16 16:39:40 UTC
2025-01-19 15:22:44,199 - INFO - BTDR: 1wk change of -10.22%
2025-01-19 15:22:44,286 - INFO - BTDR: 1mo change of 4.87%
2025-01-19 15:22:44,286 - INFO - Processing BTDR - 2025-01-14 17:45:34 UTC
2025-01-19 15:22:44,384 - INFO - Retrieved article length: 5435 characters
2025-01-19 15:22:44,481 - INFO - BTCY: 1h change of 37.46%
2025-01-19 15:22:44,571 - INFO - BTCY: 1wk change of -11.86%
2025-01-19 15:22:44,661 - INFO - BTCY: 1mo change of 8.15%
2025-01-19 15:22:44,794 - INFO - Retrieved article length: 4162 characters
2025-01-19 15:22:44,798 - INFO - Processing BTOG - 2024-12-31 17:00:00 UTC
2025-01-19 15:22:44,805 - INFO - BTCS: 1h change of 112.20%
2025-01-19 15:22:44,814 - INFO - BTCS: 1wk change of 186.29%
2025-01-19 15:22:44,825 - INFO - BTCS: 1mo change of 129.82%
2025-01-19 15:22:44,952 - INFO - Processing BTSG - 2025-01-10 01:05:06 UTC
2025-01-19 15:22:45,014 - INFO - Retrieved article length: 1350 characters
2025-01-19 15:22:45,054 - INFO - Retrieved article length: 1994 characters
2025-01-19 15:22:45,104 - INFO - BTDR: 1h change of 23.77%
2025-01-19 15:22:45,144 - INFO - BTM: 1h change of -22.97%
2025-01-19 15:22:45,195 - INFO - BTDR: 1wk change of -10.22%
2025-01-19 15:22:45,228 - INFO - BTM: 1wk change of 16.47%
2025-01-19 15:22:45,284 - INFO - BTDR: 1mo change of 10.58%
2025-01-19 15:22:45,285 - INFO - Processing BTDR - 2025-01-09 16:27:57 UTC
2025-01-19 15:22:45,317 - INFO - BTM: 1mo change of 13.82%
2025-01-19 15:22:45,318 - INFO - Processing BTM - 2024-11-12 03:04:56 UTC
2025-01-19 15:22:45,551 - INFO - Retrieved article length: 3019 characters
2025-01-19 15:22:45,645 - INFO - BTOG: 1h change of 11.83%
2025-01-19 15:22:45,730 - INFO - BTOG: 1wk change of -10.63%
2025-01-19 15:22:45,816 - INFO - BTOG: 1mo change of -47.37%
2025-01-19 15:22:45,817 - INFO - Processing BTOG - 2024-11-21 17:00:00 UTC
2025-01-19 15:22:46,038 - INFO - Retrieved article length: 5465 characters
2025-01-19 15:22:46,078 - INFO - Retrieved article length: 1993 characters
2025-01-19 15:22:46,131 - INFO - BTSG: 1h change of 1.66%
2025-01-19 15:22:46,168 - INFO - BTDR: 1h change of -10.66%
2025-01-19 15:22:46,199 - INFO - Retrieved article length: 7194 characters
2025-01-19 15:22:46,213 - INFO - BTSG: 1wk change of 8.93%
2025-01-19 15:22:46,256 - INFO - BTDR: 1wk change of -6.24%
2025-01-19 15:22:46,292 - INFO - BTM: 1h change of 18.87%
2025-01-19 15:22:46,301 - INFO - BTSG: 1mo change of 1.48%
2025-01-19 15:22:46,302 - INFO - Processing BTSG - 2025-01-07 18:50:00 UTC
2025-01-19 15:22:46,350 - INFO - BTDR: 1mo change of 23.09%
2025-01-19 15:22:46,350 - INFO - Processing BTDR - 2024-12-25 23:57:05 UTC
2025-01-19 15:22:46,378 - INFO - BTM: 1wk change of 27.89%
2025-01-19 15:22:46,471 - INFO - BTM: 1mo change of 33.33%
2025-01-19 15:22:46,652 - INFO - Processing BTU - 2025-01-14 19:59:47 UTC
2025-01-19 15:22:46,665 - INFO - Retrieved article length: 3794 characters
2025-01-19 15:22:46,758 - INFO - BTOG: 1h change of -3.11%
2025-01-19 15:22:46,847 - INFO - BTOG: 1wk change of -35.71%
2025-01-19 15:22:46,942 - INFO - BTOG: 1mo change of -53.02%
2025-01-19 15:22:47,021 - INFO - Retrieved article length: 2891 characters
2025-01-19 15:22:47,114 - INFO - Retrieved article length: 2870 characters
2025-01-19 15:22:47,117 - INFO - BTSG: 1h change of -1.62%
2025-01-19 15:22:47,204 - INFO - BTDR: 1h change of 24.56%
2025-01-19 15:22:47,204 - INFO - BTSG: 1wk change of 8.64%
2025-01-19 15:22:47,289 - INFO - BTDR: 1wk change of 12.79%
2025-01-19 15:22:47,293 - INFO - BTSG: 1mo change of -2.27%
2025-01-19 15:22:47,293 - INFO - Processing BTSG - 2025-01-06 17:34:00 UTC
2025-01-19 15:22:47,377 - INFO - BTDR: 1mo change of 75.78%
2025-01-19 15:22:47,378 - INFO - Processing BTDR - 2024-12-13 00:58:16 UTC
2025-01-19 15:22:47,533 - INFO - Retrieved article length: 3254 characters
2025-01-19 15:22:47,628 - INFO - BTU: 1h change of 3.55%
2025-01-19 15:22:47,685 - INFO - Processing BURL - 2025-01-13 23:06:10 UTC
2025-01-19 15:22:47,722 - INFO - BTU: 1wk change of -1.03%
2025-01-19 15:22:47,817 - INFO - BTU: 1mo change of -13.72%
2025-01-19 15:22:47,817 - INFO - Processing BTU - 2024-12-17 18:46:16 UTC
2025-01-19 15:22:48,096 - INFO - Retrieved article length: 12295 characters
2025-01-19 15:22:48,144 - INFO - Retrieved article length: 150 characters
2025-01-19 15:22:48,186 - INFO - BTSG: 1h change of -1.48%
2025-01-19 15:22:48,233 - INFO - BTDR: 1h change of -5.29%
2025-01-19 15:22:48,272 - INFO - BTSG: 1wk change of 5.76%
2025-01-19 15:22:48,323 - INFO - BTDR: 1wk change of 38.54%
2025-01-19 15:22:48,361 - INFO - BTSG: 1mo change of -2.78%
2025-01-19 15:22:48,362 - INFO - Processing BTSG - 2025-01-03 07:55:00 UTC
2025-01-19 15:22:48,410 - INFO - BTDR: 1mo change of 140.40%
2025-01-19 15:22:48,410 - INFO - Processing BTDR - 2024-12-12 19:35:51 UTC
2025-01-19 15:22:48,691 - INFO - Retrieved article length: 2593 characters
2025-01-19 15:22:48,785 - INFO - BTU: 1h change of -2.11%
2025-01-19 15:22:48,884 - INFO - BTU: 1wk change of -11.72%
2025-01-19 15:22:48,980 - INFO - BTU: 1mo change of -27.79%
2025-01-19 15:22:48,981 - INFO - Processing BTU - 2024-12-16 22:00:00 UTC
2025-01-19 15:22:49,098 - INFO - Retrieved article length: 10399 characters
2025-01-19 15:22:49,189 - INFO - BTSG: 1h change of 3.09%
2025-01-19 15:22:49,220 - INFO - Retrieved article length: 2183 characters
2025-01-19 15:22:49,254 - INFO - Retrieved article length: 146 characters
2025-01-19 15:22:49,328 - INFO - BTSG: 1wk change of -1.55%
2025-01-19 15:22:49,345 - INFO - BURL: 1h change of 1.95%
2025-01-19 15:22:49,359 - INFO - BTDR: 1h change of 1.41%
2025-01-19 15:22:49,413 - INFO - BTSG: 1mo change of -3.89%
2025-01-19 15:22:49,414 - INFO - Processing BTSG - 2025-01-02 20:00:10 UTC
2025-01-19 15:22:49,443 - INFO - BTDR: 1wk change of 48.05%
2025-01-19 15:22:49,523 - INFO - Processing BURL - 2025-01-10 20:44:03 UTC
2025-01-19 15:22:49,524 - INFO - BTDR: 1mo change of 134.16%
2025-01-19 15:22:49,524 - INFO - Processing BTDR - 2024-11-24 05:00:00 UTC
2025-01-19 15:22:49,691 - INFO - Retrieved article length: 3018 characters
2025-01-19 15:22:49,785 - INFO - BTU: 1h change of -1.52%
2025-01-19 15:22:49,880 - INFO - BTU: 1wk change of -10.41%
2025-01-19 15:22:49,982 - INFO - BTU: 1mo change of -31.45%
2025-01-19 15:22:49,982 - INFO - Processing BTU - 2024-12-02 16:07:00 UTC
2025-01-19 15:22:50,201 - INFO - Retrieved article length: 4716 characters
2025-01-19 15:22:50,239 - INFO - Retrieved article length: 191 characters
2025-01-19 15:22:50,261 - INFO - Retrieved article length: 175 characters
2025-01-19 15:22:50,289 - INFO - BTSG: 1h change of 2.14%
2025-01-19 15:22:50,329 - INFO - BTDR: 1h change of 12.03%
2025-01-19 15:22:50,351 - INFO - BURL: 1h change of 2.31%
2025-01-19 15:22:50,379 - INFO - BTSG: 1wk change of -1.32%
2025-01-19 15:22:50,416 - INFO - BTDR: 1wk change of 37.71%
2025-01-19 15:22:50,436 - INFO - BURL: 1wk change of 1.93%
2025-01-19 15:22:50,466 - INFO - BTSG: 1mo change of -3.89%
2025-01-19 15:22:50,466 - INFO - Processing BTSG - 2024-12-12 00:05:00 UTC
2025-01-19 15:22:50,500 - INFO - BTDR: 1mo change of 184.25%
2025-01-19 15:22:50,500 - INFO - Processing BTDR - 2024-11-20 13:06:44 UTC
2025-01-19 15:22:50,522 - INFO - Processing BURL - 2025-01-10 16:13:56 UTC
2025-01-19 15:22:50,861 - INFO - Retrieved article length: 5194 characters
2025-01-19 15:22:51,047 - INFO - BTU: 1wk change of -19.04%
2025-01-19 15:22:51,142 - INFO - BTU: 1mo change of -18.86%
2025-01-19 15:22:51,142 - INFO - Processing BTU - 2024-11-27 19:23:34 UTC
2025-01-19 15:22:51,291 - INFO - Retrieved article length: 475 characters
2025-01-19 15:22:51,299 - INFO - BURL: 1h change of 2.31%
2025-01-19 15:22:51,335 - INFO - Retrieved article length: 3668 characters
2025-01-19 15:22:51,347 - INFO - BURL: 1wk change of 1.93%
2025-01-19 15:22:51,394 - INFO - Processing BURL - 2025-01-06 22:59:00 UTC
2025-01-19 15:22:51,418 - INFO - Retrieved article length: 2009 characters
2025-01-19 15:22:51,421 - INFO - BTSG: 1h change of 1.81%
2025-01-19 15:22:51,509 - INFO - BTSG: 1wk change of -9.49%
2025-01-19 15:22:51,595 - INFO - BTDR: 1wk change of 25.84%
2025-01-19 15:22:51,596 - INFO - BTSG: 1mo change of -4.86%
2025-01-19 15:22:51,596 - INFO - Processing BTSG - 2024-11-27 01:00:00 UTC
2025-01-19 15:22:51,698 - INFO - BTDR: 1mo change of 182.16%
2025-01-19 15:22:51,845 - INFO - Processing BURU - 2024-12-12 02:10:00 UTC
2025-01-19 15:22:52,024 - INFO - Retrieved article length: 2315 characters
2025-01-19 15:22:52,094 - INFO - Retrieved article length: 132 characters
2025-01-19 15:22:52,110 - INFO - BTU: 1h change of -8.89%
2025-01-19 15:22:52,209 - INFO - BTU: 1wk change of -15.45%
2025-01-19 15:22:52,234 - INFO - BURL: 1h change of -3.09%
2025-01-19 15:22:52,304 - INFO - BTU: 1mo change of -13.73%
2025-01-19 15:22:52,304 - INFO - Processing BTU - 2024-11-26 21:35:02 UTC
2025-01-19 15:22:52,320 - INFO - BURL: 1wk change of -2.30%
2025-01-19 15:22:52,377 - INFO - Retrieved article length: 3979 characters
2025-01-19 15:22:52,462 - INFO - Processing BURL - 2025-01-06 19:02:00 UTC
2025-01-19 15:22:52,510 - INFO - Retrieved article length: 6233 characters
2025-01-19 15:22:52,563 - INFO - BTSG: 1wk change of -2.14%
2025-01-19 15:22:52,595 - INFO - BURU: 1h change of -23.24%
2025-01-19 15:22:52,656 - INFO - BTSG: 1mo change of 7.92%
2025-01-19 15:22:52,656 - INFO - Processing BTSG - 2024-11-22 00:05:00 UTC
2025-01-19 15:22:52,678 - INFO - BURU: 1wk change of 1.91%
2025-01-19 15:22:52,776 - INFO - BURU: 1mo change of -4.44%
2025-01-19 15:22:52,776 - INFO - Processing BURU - 2024-11-23 02:45:00 UTC
2025-01-19 15:22:53,067 - INFO - Retrieved article length: 515 characters
2025-01-19 15:22:53,150 - INFO - Retrieved article length: 8568 characters
2025-01-19 15:22:53,159 - INFO - BURL: 1h change of -3.09%
2025-01-19 15:22:53,160 - INFO - BTU: 1h change of -8.89%
2025-01-19 15:22:53,166 - INFO - BURL: 1wk change of -2.30%
2025-01-19 15:22:53,214 - INFO - Processing BURL - 2025-01-02 19:52:41 UTC
2025-01-19 15:22:53,252 - INFO - BTU: 1wk change of -12.88%
2025-01-19 15:22:53,349 - INFO - Retrieved article length: 1606 characters
2025-01-19 15:22:53,355 - INFO - BTU: 1mo change of -15.88%
2025-01-19 15:22:53,355 - INFO - Processing BTU - 2024-11-26 21:18:42 UTC
2025-01-19 15:22:53,447 - INFO - BTSG: 1h change of 1.27%
2025-01-19 15:22:53,537 - INFO - BTSG: 1wk change of -1.23%
2025-01-19 15:22:53,620 - INFO - BTSG: 1mo change of 8.24%
2025-01-19 15:22:53,631 - INFO - Retrieved article length: 6359 characters
2025-01-19 15:22:53,811 - INFO - BURU: 1wk change of 13.53%
2025-01-19 15:22:53,834 - INFO - Processing BVFL - 2025-01-15 14:00:47 UTC
2025-01-19 15:22:53,893 - INFO - BURU: 1mo change of -8.64%
2025-01-19 15:22:53,907 - INFO - Retrieved article length: 2061 characters
2025-01-19 15:22:54,055 - INFO - Processing BW - 2025-01-08 16:15:32 UTC
2025-01-19 15:22:54,087 - INFO - BURL: 1wk change of 1.18%
2025-01-19 15:22:54,180 - INFO - BURL: 1mo change of 3.08%
2025-01-19 15:22:54,180 - INFO - Processing BURL - 2024-12-31 00:47:17 UTC
2025-01-19 15:22:54,183 - INFO - Retrieved article length: 460 characters
2025-01-19 15:22:54,191 - INFO - BTU: 1h change of -8.89%
2025-01-19 15:22:54,196 - INFO - BTU: 1wk change of -12.88%
2025-01-19 15:22:54,202 - INFO - BTU: 1mo change of -15.88%
2025-01-19 15:22:54,203 - INFO - Processing BTU - 2024-11-26 14:25:37 UTC
2025-01-19 15:22:54,577 - INFO - Retrieved article length: 5878 characters
2025-01-19 15:22:54,771 - INFO - Retrieved article length: 1842 characters
2025-01-19 15:22:54,860 - INFO - BW: 1h change of -9.42%
2025-01-19 15:22:54,867 - INFO - BVFL: 1mo change of -3.00%
2025-01-19 15:22:54,868 - INFO - Processing BVFL - 2024-12-04 15:26:33 UTC
2025-01-19 15:22:54,939 - INFO - Retrieved article length: 1269 characters
2025-01-19 15:22:55,029 - INFO - BW: 1mo change of -21.84%
2025-01-19 15:22:55,029 - INFO - Processing BW - 2025-01-07 19:14:40 UTC
2025-01-19 15:22:55,125 - INFO - Retrieved article length: 582 characters
2025-01-19 15:22:55,133 - INFO - BTU: 1h change of -8.89%
2025-01-19 15:22:55,139 - INFO - BTU: 1wk change of -12.88%
2025-01-19 15:22:55,145 - INFO - BTU: 1mo change of -15.88%
2025-01-19 15:22:55,206 - INFO - BURL: 1mo change of 1.26%
2025-01-19 15:22:55,207 - INFO - Processing BURL - 2024-12-30 13:41:43 UTC
2025-01-19 15:22:55,267 - INFO - Processing BWA - 2025-01-17 17:57:06 UTC
2025-01-19 15:22:55,591 - INFO - Retrieved article length: 3579 characters
2025-01-19 15:22:55,687 - INFO - BVFL: 1h change of 1.45%
2025-01-19 15:22:55,783 - INFO - BVFL: 1wk change of 4.67%
2025-01-19 15:22:55,795 - INFO - Retrieved article length: 502 characters
2025-01-19 15:22:55,882 - INFO - BW: 1h change of -9.42%
2025-01-19 15:22:55,885 - INFO - BVFL: 1mo change of 10.04%
2025-01-19 15:22:55,885 - INFO - Processing BVFL - 2024-10-24 15:04:44 UTC
2025-01-19 15:22:55,928 - INFO - Retrieved article length: 4567 characters
2025-01-19 15:22:55,966 - INFO - Retrieved article length: 516 characters
2025-01-19 15:22:56,083 - INFO - BW: 1mo change of -15.26%
2025-01-19 15:22:56,083 - INFO - Processing BW - 2025-01-07 14:30:00 UTC
2025-01-19 15:22:56,303 - INFO - BWA: 1mo change of -5.17%
2025-01-19 15:22:56,303 - INFO - Processing BWA - 2025-01-17 17:00:00 UTC
2025-01-19 15:22:56,317 - INFO - Processing BWB - 2025-01-08 00:15:00 UTC
2025-01-19 15:22:56,797 - INFO - Retrieved article length: 1736 characters
2025-01-19 15:22:56,833 - INFO - Retrieved article length: 3540 characters
2025-01-19 15:22:56,841 - INFO - BW: 1h change of -9.42%
2025-01-19 15:22:56,894 - INFO - BW: 1mo change of -15.26%
2025-01-19 15:22:56,894 - INFO - Processing BW - 2024-12-28 15:27:55 UTC
2025-01-19 15:22:56,989 - INFO - BVFL: 1wk change of 2.78%
2025-01-19 15:22:57,034 - INFO - Retrieved article length: 2228 characters
2025-01-19 15:22:57,091 - INFO - BVFL: 1mo change of 8.65%
2025-01-19 15:22:57,092 - INFO - Processing BVFL - 2024-10-21 23:15:00 UTC
2025-01-19 15:22:57,123 - INFO - BWB: 1h change of -2.32%
2025-01-19 15:22:57,162 - INFO - Retrieved article length: 4818 characters
2025-01-19 15:22:57,271 - INFO - BWA: 1mo change of -5.17%
2025-01-19 15:22:57,272 - INFO - Processing BWA - 2025-01-16 17:25:29 UTC
2025-01-19 15:22:57,347 - INFO - BWB: 1mo change of -12.17%
2025-01-19 15:22:57,347 - INFO - Processing BWB - 2024-12-24 16:40:00 UTC
2025-01-19 15:22:57,696 - INFO - Retrieved article length: 6274 characters
2025-01-19 15:22:57,786 - INFO - BW: 1h change of 1.48%
2025-01-19 15:22:57,874 - INFO - BW: 1wk change of 14.56%
2025-01-19 15:22:57,958 - INFO - BW: 1mo change of -18.69%
2025-01-19 15:22:57,958 - INFO - Processing BW - 2024-12-10 18:42:10 UTC
2025-01-19 15:22:57,976 - INFO - Retrieved article length: 509 characters
2025-01-19 15:22:58,070 - INFO - BWA: 1h change of 1.70%
2025-01-19 15:22:58,189 - INFO - Retrieved article length: 2560 characters
2025-01-19 15:22:58,305 - INFO - BWA: 1mo change of -7.87%
2025-01-19 15:22:58,305 - INFO - Processing BWA - 2025-01-16 17:06:26 UTC
2025-01-19 15:22:58,359 - INFO - Retrieved article length: 20535 characters
2025-01-19 15:22:58,413 - INFO - BWB: 1wk change of -12.72%
2025-01-19 15:22:58,506 - INFO - BWB: 1mo change of -10.33%
2025-01-19 15:22:58,507 - INFO - Processing BWB - 2024-12-17 18:38:40 UTC
2025-01-19 15:22:58,541 - INFO - BVFL: 1wk change of 1.90%
2025-01-19 15:22:58,638 - INFO - BVFL: 1mo change of 13.38%
2025-01-19 15:22:58,722 - INFO - Retrieved article length: 530 characters
2025-01-19 15:22:58,815 - INFO - Processing BWBBP - 2025-01-08 00:15:00 UTC
2025-01-19 15:22:58,820 - INFO - BW: 1h change of -6.98%
2025-01-19 15:22:58,909 - INFO - BW: 1wk change of -18.27%
2025-01-19 15:22:58,992 - INFO - BW: 1mo change of -36.28%
2025-01-19 15:22:58,993 - INFO - Processing BW - 2024-12-10 14:30:00 UTC
2025-01-19 15:22:59,124 - INFO - Retrieved article length: 524 characters
2025-01-19 15:22:59,133 - INFO - BWA: 1h change of 1.70%
2025-01-19 15:22:59,229 - INFO - BWA: 1mo change of -7.87%
2025-01-19 15:22:59,229 - INFO - Processing BWA - 2025-01-15 17:40:11 UTC
2025-01-19 15:22:59,501 - INFO - Retrieved article length: 2228 characters
2025-01-19 15:22:59,567 - INFO - Retrieved article length: 2143 characters
2025-01-19 15:22:59,655 - INFO - BWB: 1h change of -5.63%
2025-01-19 15:22:59,676 - INFO - BWBBP: 1wk change of -1.27%
2025-01-19 15:22:59,742 - INFO - BWB: 1wk change of -9.18%
2025-01-19 15:22:59,761 - INFO - Retrieved article length: 5168 characters
2025-01-19 15:22:59,766 - INFO - BWBBP: 1mo change of 2.15%
2025-01-19 15:22:59,766 - INFO - Processing BWBBP - 2024-12-24 16:40:00 UTC
2025-01-19 15:22:59,769 - INFO - BW: 1h change of -6.98%
2025-01-19 15:22:59,775 - INFO - BW: 1wk change of -18.27%
2025-01-19 15:22:59,781 - INFO - BW: 1mo change of -36.28%
2025-01-19 15:22:59,781 - INFO - Processing BW - 2024-12-03 12:47:52 UTC
2025-01-19 15:22:59,827 - INFO - BWB: 1mo change of -12.40%
2025-01-19 15:22:59,827 - INFO - Processing BWB - 2024-12-16 15:00:00 UTC
2025-01-19 15:23:00,062 - INFO - Retrieved article length: 2684 characters
2025-01-19 15:23:00,148 - INFO - BWA: 1h change of 3.06%
2025-01-19 15:23:00,394 - INFO - BWA: 1mo change of -7.98%
2025-01-19 15:23:00,395 - INFO - Processing BWA - 2025-01-09 16:58:00 UTC
2025-01-19 15:23:00,436 - INFO - Retrieved article length: 2560 characters
2025-01-19 15:23:00,520 - INFO - Retrieved article length: 516 characters
2025-01-19 15:23:00,527 - INFO - BWBBP: 1h change of 1.69%
2025-01-19 15:23:00,607 - INFO - BW: 1h change of 5.08%
2025-01-19 15:23:00,615 - INFO - BWBBP: 1wk change of 5.47%
2025-01-19 15:23:00,655 - INFO - Retrieved article length: 6136 characters
2025-01-19 15:23:00,690 - INFO - BW: 1wk change of -8.59%
2025-01-19 15:23:00,701 - INFO - Processing BWBBP - 2024-12-17 18:38:40 UTC
2025-01-19 15:23:00,777 - INFO - BW: 1mo change of -25.21%
2025-01-19 15:23:00,777 - INFO - Processing BW - 2024-12-03 00:48:00 UTC
2025-01-19 15:23:00,835 - INFO - BWB: 1wk change of -8.99%
2025-01-19 15:23:00,921 - INFO - BWB: 1mo change of -12.92%
2025-01-19 15:23:00,921 - INFO - Processing BWB - 2024-12-11 18:19:30 UTC
2025-01-19 15:23:01,079 - INFO - Retrieved article length: 169 characters
2025-01-19 15:23:01,229 - INFO - BWA: 1h change of -4.37%
2025-01-19 15:23:01,336 - INFO - BWA: 1wk change of 2.05%
2025-01-19 15:23:01,448 - INFO - BWA: 1mo change of -5.00%
2025-01-19 15:23:01,449 - INFO - Processing BWA - 2025-01-09 00:15:00 UTC
2025-01-19 15:23:01,555 - INFO - Retrieved article length: 8052 characters
2025-01-19 15:23:01,564 - INFO - BW: 1h change of 5.08%
2025-01-19 15:23:01,571 - INFO - BW: 1wk change of -8.59%
2025-01-19 15:23:01,578 - INFO - BW: 1mo change of -25.21%
2025-01-19 15:23:01,597 - INFO - Retrieved article length: 2143 characters
2025-01-19 15:23:01,672 - INFO - Retrieved article length: 7276 characters
2025-01-19 15:23:01,683 - INFO - BWBBP: 1h change of -1.04%
2025-01-19 15:23:01,699 - INFO - Processing BWEN - 2025-01-10 17:30:12 UTC
2025-01-19 15:23:01,859 - INFO - BWB: 1wk change of -7.43%
2025-01-19 15:23:01,861 - INFO - BWBBP: 1mo change of 2.15%
2025-01-19 15:23:01,861 - INFO - Processing BWBBP - 2024-12-16 15:00:00 UTC
2025-01-19 15:23:01,948 - INFO - BWB: 1mo change of -15.14%
2025-01-19 15:23:01,948 - INFO - Processing BWB - 2024-11-03 16:04:50 UTC
2025-01-19 15:23:02,218 - INFO - Retrieved article length: 1274 characters
2025-01-19 15:23:02,226 - INFO - BWA: 1h change of -4.37%
2025-01-19 15:23:02,231 - INFO - BWA: 1wk change of 2.05%
2025-01-19 15:23:02,282 - INFO - BWA: 1mo change of -5.00%
2025-01-19 15:23:02,282 - INFO - Processing BWA - 2024-12-30 17:40:12 UTC
2025-01-19 15:23:02,469 - INFO - Retrieved article length: 6136 characters
2025-01-19 15:23:02,541 - INFO - Retrieved article length: 5267 characters
2025-01-19 15:23:02,557 - INFO - BWBBP: 1h change of 1.01%
2025-01-19 15:23:02,634 - INFO - BWEN: 1h change of -2.60%
2025-01-19 15:23:02,695 - INFO - Retrieved article length: 2052 characters
2025-01-19 15:23:02,733 - INFO - Processing BWBBP - 2024-12-11 18:19:30 UTC
2025-01-19 15:23:02,787 - INFO - BWB: 1h change of -2.90%
2025-01-19 15:23:02,845 - INFO - BWEN: 1wk change of 7.98%
2025-01-19 15:23:02,870 - INFO - BWB: 1wk change of 1.61%
2025-01-19 15:23:03,011 - INFO - BWB: 1mo change of 6.77%
2025-01-19 15:23:03,011 - INFO - Processing BWB - 2024-11-01 00:16:48 UTC
2025-01-19 15:23:03,032 - INFO - Retrieved article length: 2751 characters
2025-01-19 15:23:03,054 - INFO - BWEN: 1mo change of 13.41%
2025-01-19 15:23:03,054 - INFO - Processing BWEN - 2024-12-30 16:57:18 UTC
2025-01-19 15:23:03,125 - INFO - BWA: 1h change of 1.05%
2025-01-19 15:23:03,244 - INFO - BWA: 1wk change of -1.07%
2025-01-19 15:23:03,368 - INFO - BWA: 1mo change of -7.92%
2025-01-19 15:23:03,478 - INFO - Retrieved article length: 7276 characters
2025-01-19 15:23:03,539 - INFO - Processing BWIN - 2025-01-15 00:46:00 UTC
2025-01-19 15:23:03,570 - INFO - BWBBP: 1h change of 1.20%
2025-01-19 15:23:03,658 - INFO - BWBBP: 1wk change of -3.24%
2025-01-19 15:23:03,750 - INFO - BWBBP: 1mo change of -1.49%
2025-01-19 15:23:03,751 - INFO - Processing BWBBP - 2024-11-03 16:04:50 UTC
2025-01-19 15:23:03,763 - INFO - Retrieved article length: 4129 characters
2025-01-19 15:23:03,942 - INFO - BWEN: 1wk change of 3.78%
2025-01-19 15:23:04,010 - INFO - Retrieved article length: 519 characters
2025-01-19 15:23:04,027 - INFO - BWEN: 1mo change of 14.69%
2025-01-19 15:23:04,027 - INFO - Processing BWEN - 2024-12-25 17:30:12 UTC
2025-01-19 15:23:04,101 - INFO - BWB: 1h change of -4.66%
2025-01-19 15:23:04,277 - INFO - BWB: 1mo change of 8.23%
2025-01-19 15:23:04,278 - INFO - Processing BWB - 2024-10-27 16:42:28 UTC
2025-01-19 15:23:04,378 - INFO - Retrieved article length: 2364 characters
2025-01-19 15:23:04,430 - INFO - Retrieved article length: 2052 characters
2025-01-19 15:23:04,469 - INFO - BWIN: 1h change of 16.32%
2025-01-19 15:23:04,552 - INFO - BWIN: 1wk change of 10.68%
2025-01-19 15:23:04,575 - INFO - BWBBP: 1h change of -2.47%
2025-01-19 15:23:04,642 - INFO - BWIN: 1mo change of -3.80%
2025-01-19 15:23:04,642 - INFO - Processing BWIN - 2024-12-13 16:30:00 UTC
2025-01-19 15:23:04,666 - INFO - BWBBP: 1wk change of -4.14%
2025-01-19 15:23:04,773 - INFO - Retrieved article length: 5199 characters
2025-01-19 15:23:04,807 - INFO - BWBBP: 1mo change of -3.83%
2025-01-19 15:23:04,807 - INFO - Processing BWBBP - 2024-10-27 16:42:28 UTC
2025-01-19 15:23:04,865 - INFO - BWEN: 1h change of 4.69%
2025-01-19 15:23:04,954 - INFO - BWEN: 1wk change of 24.16%
2025-01-19 15:23:05,041 - INFO - BWEN: 1mo change of 30.97%
2025-01-19 15:23:05,041 - INFO - Processing BWEN - 2024-12-09 17:30:11 UTC
2025-01-19 15:23:05,212 - INFO - Retrieved article length: 4351 characters
2025-01-19 15:23:05,386 - INFO - BWB: 1wk change of -7.94%
2025-01-19 15:23:05,417 - INFO - Retrieved article length: 6538 characters
2025-01-19 15:23:05,427 - INFO - Retrieved article length: 4351 characters
2025-01-19 15:23:05,474 - INFO - BWB: 1mo change of 4.93%
2025-01-19 15:23:05,512 - INFO - BWIN: 1h change of -2.87%
2025-01-19 15:23:05,600 - INFO - BWIN: 1wk change of -18.71%
2025-01-19 15:23:05,601 - INFO - BWBBP: 1wk change of -1.18%
2025-01-19 15:23:05,627 - INFO - Processing BWXT - 2025-01-17 00:15:00 UTC
2025-01-19 15:23:05,691 - INFO - BWIN: 1mo change of -11.29%
2025-01-19 15:23:05,692 - INFO - Processing BWIN - 2024-11-06 15:28:27 UTC
2025-01-19 15:23:05,693 - INFO - BWBBP: 1mo change of -3.58%
2025-01-19 15:23:05,693 - INFO - Processing BWBBP - 2024-10-25 14:03:59 UTC
2025-01-19 15:23:05,922 - INFO - Retrieved article length: 5273 characters
2025-01-19 15:23:06,016 - INFO - BWEN: 1h change of -3.24%
2025-01-19 15:23:06,116 - INFO - BWEN: 1wk change of -7.41%
2025-01-19 15:23:06,209 - INFO - BWEN: 1mo change of -10.14%
2025-01-19 15:23:06,209 - INFO - Processing BWEN - 2024-12-03 16:04:54 UTC
2025-01-19 15:23:06,405 - INFO - Retrieved article length: 1844 characters
2025-01-19 15:23:06,499 - INFO - BWXT: 1h change of 3.34%
2025-01-19 15:23:06,531 - INFO - Retrieved article length: 1981 characters
2025-01-19 15:23:06,595 - INFO - BWXT: 1wk change of 6.34%
2025-01-19 15:23:06,700 - INFO - BWXT: 1mo change of 1.26%
2025-01-19 15:23:06,705 - INFO - Processing BWXT - 2025-01-14 17:11:36 UTC
2025-01-19 15:23:06,713 - INFO - BWIN: 1wk change of -12.98%
2025-01-19 15:23:06,802 - INFO - BWIN: 1mo change of -14.27%
2025-01-19 15:23:06,802 - INFO - Processing BWIN - 2024-11-06 14:36:29 UTC
2025-01-19 15:23:07,070 - INFO - Retrieved article length: 7065 characters
2025-01-19 15:23:07,166 - INFO - BWEN: 1h change of -6.46%
2025-01-19 15:23:07,250 - INFO - BWEN: 1wk change of -1.13%
2025-01-19 15:23:07,344 - INFO - BWEN: 1mo change of 7.00%
2025-01-19 15:23:07,344 - INFO - Processing BWEN - 2024-11-21 17:30:11 UTC
2025-01-19 15:23:07,590 - INFO - Retrieved article length: 533 characters
2025-01-19 15:23:07,668 - INFO - Retrieved article length: 1185 characters
2025-01-19 15:23:07,679 - INFO - BWXT: 1h change of 4.40%
2025-01-19 15:23:07,683 - INFO - BWIN: 1wk change of -12.98%
2025-01-19 15:23:07,689 - INFO - BWIN: 1mo change of -14.27%
2025-01-19 15:23:07,689 - INFO - Processing BWIN - 2024-11-05 00:05:00 UTC
2025-01-19 15:23:07,781 - INFO - BWXT: 1wk change of 6.66%
2025-01-19 15:23:07,884 - INFO - Processing BWXT - 2025-01-14 12:01:46 UTC
2025-01-19 15:23:08,097 - INFO - Retrieved article length: 5209 characters
2025-01-19 15:23:08,200 - INFO - BWEN: 1h change of 11.36%
2025-01-19 15:23:08,291 - INFO - BWEN: 1wk change of 2.72%
2025-01-19 15:23:08,388 - INFO - BWEN: 1mo change of -14.42%
2025-01-19 15:23:08,388 - INFO - Processing BWEN - 2024-11-16 15:57:19 UTC
2025-01-19 15:23:08,592 - INFO - Retrieved article length: 3855 characters
2025-01-19 15:23:08,600 - INFO - BWXT: 1h change of 4.40%
2025-01-19 15:23:08,655 - INFO - BWXT: 1wk change of 6.66%
2025-01-19 15:23:08,703 - INFO - Processing BWXT - 2025-01-11 17:55:26 UTC
2025-01-19 15:23:08,800 - INFO - Retrieved article length: 34514 characters
2025-01-19 15:23:08,894 - INFO - BWIN: 1h change of -1.75%
2025-01-19 15:23:08,984 - INFO - BWIN: 1wk change of -12.06%
2025-01-19 15:23:09,070 - INFO - BWIN: 1mo change of -8.70%
2025-01-19 15:23:09,071 - INFO - Processing BWIN - 2024-11-01 21:27:03 UTC
2025-01-19 15:23:09,160 - INFO - Retrieved article length: 5052 characters
2025-01-19 15:23:09,245 - INFO - BWEN: 1h change of -6.07%
2025-01-19 15:23:09,332 - INFO - BWEN: 1wk change of -3.28%
2025-01-19 15:23:09,420 - INFO - BWEN: 1mo change of -11.48%
2025-01-19 15:23:09,420 - INFO - Processing BWEN - 2024-11-15 14:01:55 UTC
2025-01-19 15:23:09,579 - INFO - Retrieved article length: 7156 characters
2025-01-19 15:23:09,729 - INFO - Retrieved article length: 1902 characters
2025-01-19 15:23:09,847 - INFO - BWBBP: 1mo change of -1.93%
2025-01-19 15:23:09,896 - INFO - Retrieved article length: 160 characters
2025-01-19 15:23:09,913 - INFO - BWXT: 1wk change of 9.82%
2025-01-19 15:23:09,997 - INFO - BWIN: 1h change of -10.07%
2025-01-19 15:23:10,013 - INFO - Processing BWXT - 2025-01-07 20:00:13 UTC
2025-01-19 15:23:10,047 - INFO - Processing BX - 2025-01-18 20:21:34 UTC
2025-01-19 15:23:10,082 - INFO - BWIN: 1wk change of -11.64%
2025-01-19 15:23:10,170 - INFO - BWIN: 1mo change of -8.02%
2025-01-19 15:23:10,170 - INFO - Processing BWIN - 2024-11-01 16:03:11 UTC
2025-01-19 15:23:10,251 - INFO - Retrieved article length: 1900 characters
2025-01-19 15:23:10,344 - INFO - BWEN: 1h change of 1.32%
2025-01-19 15:23:10,439 - INFO - BWEN: 1wk change of -16.50%
2025-01-19 15:23:10,532 - INFO - BWEN: 1mo change of -17.51%
2025-01-19 15:23:10,695 - INFO - Retrieved article length: 8335 characters
2025-01-19 15:23:10,711 - INFO - Processing BXMT - 2025-01-15 14:34:17 UTC
2025-01-19 15:23:10,796 - INFO - BX: 1h change of 2.78%
2025-01-19 15:23:10,886 - INFO - Retrieved article length: 4549 characters
2025-01-19 15:23:10,904 - INFO - BX: 1wk change of 3.44%
2025-01-19 15:23:11,006 - INFO - BX: 1mo change of -4.52%
2025-01-19 15:23:11,007 - INFO - Processing BX - 2025-01-17 03:00:38 UTC
2025-01-19 15:23:11,081 - INFO - BWXT: 1wk change of 8.00%
2025-01-19 15:23:11,143 - INFO - Retrieved article length: 3491 characters
2025-01-19 15:23:11,152 - INFO - BWIN: 1h change of -10.07%
2025-01-19 15:23:11,157 - INFO - BWIN: 1wk change of -11.64%
2025-01-19 15:23:11,162 - INFO - BWIN: 1mo change of -8.02%
2025-01-19 15:23:11,190 - INFO - BWXT: 1mo change of -5.24%
2025-01-19 15:23:11,190 - INFO - Processing BWXT - 2025-01-07 14:52:44 UTC
2025-01-19 15:23:11,325 - INFO - Processing BXP - 2025-01-13 15:15:00 UTC
2025-01-19 15:23:11,417 - INFO - Retrieved article length: 4455 characters
2025-01-19 15:23:11,515 - INFO - BXMT: 1h change of 7.58%
2025-01-19 15:23:11,668 - INFO - BXMT: 1wk change of 3.02%
2025-01-19 15:23:11,691 - INFO - Retrieved article length: 2244 characters
2025-01-19 15:23:11,800 - INFO - BX: 1h change of 2.17%
2025-01-19 15:23:11,801 - INFO - BXMT: 1mo change of -1.55%
2025-01-19 15:23:11,801 - INFO - Processing BXMT - 2025-01-10 17:32:37 UTC
2025-01-19 15:23:11,910 - INFO - BX: 1wk change of 5.03%
2025-01-19 15:23:12,010 - INFO - Retrieved article length: 492 characters
2025-01-19 15:23:12,011 - INFO - BX: 1mo change of -4.50%
2025-01-19 15:23:12,011 - INFO - Processing BX - 2025-01-16 19:27:26 UTC
2025-01-19 15:23:12,023 - INFO - BWXT: 1wk change of 8.00%
2025-01-19 15:23:12,071 - INFO - BWXT: 1mo change of -5.24%
2025-01-19 15:23:12,071 - INFO - Processing BWXT - 2025-01-07 14:00:00 UTC
2025-01-19 15:23:12,088 - INFO - Retrieved article length: 3103 characters
2025-01-19 15:23:12,176 - INFO - BXP: 1h change of 3.49%
2025-01-19 15:23:12,315 - INFO - BXP: 1wk change of -2.30%
2025-01-19 15:23:12,444 - INFO - BXP: 1mo change of -10.65%
2025-01-19 15:23:12,445 - INFO - Processing BXP - 2025-01-07 21:46:00 UTC
2025-01-19 15:23:12,570 - INFO - Retrieved article length: 530 characters
2025-01-19 15:23:12,664 - INFO - BXMT: 1h change of -2.11%
2025-01-19 15:23:12,797 - INFO - BXMT: 1wk change of 5.86%
2025-01-19 15:23:12,866 - INFO - Retrieved article length: 8699 characters
2025-01-19 15:23:12,928 - INFO - Retrieved article length: 7436 characters
2025-01-19 15:23:12,940 - INFO - BWXT: 1wk change of 8.00%
2025-01-19 15:23:12,961 - INFO - BXMT: 1mo change of 1.03%
2025-01-19 15:23:12,961 - INFO - Processing BXMT - 2025-01-08 16:30:00 UTC
2025-01-19 15:23:12,963 - INFO - BX: 1h change of 7.27%
2025-01-19 15:23:12,990 - INFO - BWXT: 1mo change of -5.24%
2025-01-19 15:23:12,990 - INFO - Processing BWXT - 2025-01-06 15:32:25 UTC
2025-01-19 15:23:13,078 - INFO - BX: 1wk change of 2.95%
2025-01-19 15:23:13,131 - INFO - Retrieved article length: 381 characters
2025-01-19 15:23:13,220 - INFO - BXP: 1h change of -4.59%
2025-01-19 15:23:13,250 - INFO - BX: 1mo change of -5.44%
2025-01-19 15:23:13,251 - INFO - Processing BX - 2025-01-16 12:51:56 UTC
2025-01-19 15:23:13,352 - INFO - BXP: 1wk change of -1.02%
2025-01-19 15:23:13,528 - INFO - BXP: 1mo change of -7.46%
2025-01-19 15:23:13,529 - INFO - Processing BXP - 2025-01-07 15:15:00 UTC
2025-01-19 15:23:13,676 - INFO - Retrieved article length: 547 characters
2025-01-19 15:23:13,679 - INFO - Retrieved article length: 2711 characters
2025-01-19 15:23:13,770 - INFO - BWXT: 1h change of 1.15%
2025-01-19 15:23:13,771 - INFO - BXMT: 1h change of -2.18%
2025-01-19 15:23:13,873 - INFO - BWXT: 1wk change of 5.32%
2025-01-19 15:23:13,897 - INFO - BXMT: 1wk change of 6.90%
2025-01-19 15:23:13,967 - INFO - BWXT: 1mo change of -5.19%
2025-01-19 15:23:14,006 - INFO - Retrieved article length: 534 characters
2025-01-19 15:23:14,015 - INFO - BX: 1h change of 7.27%
2025-01-19 15:23:14,022 - INFO - Processing BXMT - 2024-12-14 00:15:00 UTC
2025-01-19 15:23:14,064 - INFO - BX: 1wk change of 2.95%
2025-01-19 15:23:14,116 - INFO - BX: 1mo change of -5.44%
2025-01-19 15:23:14,116 - INFO - Processing BX - 2025-01-16 01:51:36 UTC
2025-01-19 15:23:14,420 - INFO - Retrieved article length: 5648 characters
2025-01-19 15:23:14,428 - INFO - BXP: 1h change of -4.59%
2025-01-19 15:23:14,436 - INFO - BXP: 1wk change of -1.02%
2025-01-19 15:23:14,495 - INFO - BXP: 1mo change of -7.46%
2025-01-19 15:23:14,496 - INFO - Processing BXP - 2025-01-03 01:36:00 UTC
2025-01-19 15:23:14,853 - INFO - Retrieved article length: 4141 characters
2025-01-19 15:23:14,863 - INFO - BX: 1h change of 7.27%
2025-01-19 15:23:14,911 - INFO - BX: 1wk change of 2.95%
2025-01-19 15:23:14,961 - INFO - BX: 1mo change of -5.44%
2025-01-19 15:23:14,961 - INFO - Processing BX - 2025-01-14 19:40:12 UTC
2025-01-19 15:23:15,217 - INFO - Retrieved article length: 2048 characters
2025-01-19 15:23:15,440 - INFO - BXP: 1wk change of -9.28%
2025-01-19 15:23:15,567 - INFO - BXP: 1mo change of -9.54%
2025-01-19 15:23:15,567 - INFO - Processing BXP - 2024-12-20 00:15:00 UTC
2025-01-19 15:23:15,700 - INFO - Retrieved article length: 2949 characters
2025-01-19 15:23:15,798 - INFO - BX: 1h change of 6.63%
2025-01-19 15:23:15,910 - INFO - BX: 1wk change of 2.95%
2025-01-19 15:23:16,016 - INFO - BX: 1mo change of -5.07%
2025-01-19 15:23:16,017 - INFO - Processing BX - 2025-01-14 19:00:00 UTC
2025-01-19 15:23:16,796 - INFO - Retrieved article length: 1907 characters
2025-01-19 15:23:16,807 - INFO - BX: 1h change of 6.63%
2025-01-19 15:23:16,856 - INFO - BX: 1wk change of 2.95%
2025-01-19 15:23:16,906 - INFO - BX: 1mo change of -5.07%
2025-01-19 15:23:16,906 - INFO - Processing BX - 2025-01-14 02:04:20 UTC
2025-01-19 15:23:17,644 - INFO - Retrieved article length: 3860 characters
2025-01-19 15:23:17,652 - INFO - BX: 1h change of 6.63%
2025-01-19 15:23:17,700 - INFO - BX: 1wk change of 2.95%
2025-01-19 15:23:17,750 - INFO - BX: 1mo change of -5.07%
2025-01-19 15:23:17,844 - INFO - Retrieved article length: 3968 characters
2025-01-19 15:23:18,116 - INFO - BXMT: 1wk change of -4.15%
2025-01-19 15:23:18,256 - INFO - Processing BXMT - 2024-12-12 15:32:00 UTC
2025-01-19 15:23:19,025 - INFO - Retrieved article length: 2559 characters
2025-01-19 15:23:19,178 - INFO - BXMT: 1h change of 2.88%
2025-01-19 15:23:19,297 - INFO - BXMT: 1wk change of -4.92%
2025-01-19 15:23:19,430 - INFO - BXMT: 1mo change of -1.56%
2025-01-19 15:23:19,430 - INFO - Processing BXMT - 2024-12-11 15:39:16 UTC
2025-01-19 15:23:19,452 - INFO - Retrieved article length: 2707 characters
2025-01-19 15:23:19,550 - INFO - BXP: 1h change of -7.08%
2025-01-19 15:23:19,689 - INFO - BXP: 1wk change of -8.10%
2025-01-19 15:23:19,817 - INFO - BXP: 1mo change of -5.55%
2025-01-19 15:23:19,817 - INFO - Processing BXP - 2024-12-19 00:15:00 UTC
2025-01-19 15:23:20,229 - INFO - Retrieved article length: 540 characters
2025-01-19 15:23:20,324 - INFO - BXMT: 1h change of 1.45%
2025-01-19 15:23:20,467 - INFO - BXMT: 1wk change of -4.92%
2025-01-19 15:23:20,590 - INFO - Processing BXMT - 2024-12-04 13:13:22 UTC
2025-01-19 15:23:20,631 - INFO - Retrieved article length: 1664 characters
2025-01-19 15:23:20,729 - INFO - BXP: 1h change of -6.68%
2025-01-19 15:23:20,867 - INFO - BXP: 1wk change of -10.12%
2025-01-19 15:23:21,007 - INFO - BXP: 1mo change of -6.67%
2025-01-19 15:23:21,007 - INFO - Processing BXP - 2024-10-31 10:11:42 UTC
2025-01-19 15:23:21,313 - INFO - Retrieved article length: 6149 characters
2025-01-19 15:23:21,415 - INFO - BXMT: 1h change of -2.18%
2025-01-19 15:23:21,557 - INFO - BXMT: 1wk change of 1.79%
2025-01-19 15:23:21,705 - INFO - BXMT: 1mo change of -2.23%
2025-01-19 15:23:21,705 - INFO - Processing BXMT - 2024-11-26 00:47:51 UTC
2025-01-19 15:23:21,919 - INFO - Retrieved article length: 4766 characters
2025-01-19 15:23:22,010 - INFO - BXP: 1h change of -9.03%
2025-01-19 15:23:22,134 - INFO - BXP: 1wk change of -4.64%
2025-01-19 15:23:22,255 - INFO - Processing BXP - 2024-10-30 01:30:15 UTC
2025-01-19 15:23:22,476 - INFO - Retrieved article length: 494 characters
2025-01-19 15:23:22,569 - INFO - BXMT: 1h change of 1.75%
2025-01-19 15:23:22,767 - INFO - BXMT: 1wk change of 3.44%
2025-01-19 15:23:22,895 - INFO - BXMT: 1mo change of -4.84%
2025-01-19 15:23:23,112 - INFO - Retrieved article length: 2817 characters
2025-01-19 15:23:23,201 - INFO - BXP: 1h change of -8.71%
2025-01-19 15:23:23,313 - INFO - BXP: 1wk change of -4.64%
