2025-01-19 15:43:17,674 - INFO - Starting new training session. Logging to: logs/training_20250119_154317.log
2025-01-19 15:43:17,693 - INFO - Starting new training session. Logging to: logs/training_20250119_154317.log
2025-01-19 15:43:17,708 - INFO - Starting new training session. Logging to: logs/training_20250119_154317.log
2025-01-19 15:43:17,708 - INFO - Starting new training session. Logging to: logs/training_20250119_154317.log
2025-01-19 15:43:18,105 - INFO - Processing GTACU - 2025-01-19 15:41:34 UTC
2025-01-19 15:43:18,112 - INFO - Processing GTBP - 2024-11-15 00:00:00 UTC
2025-01-19 15:43:18,159 - INFO - Processing GTEC - 2025-01-16 20:00:12 UTC
2025-01-19 15:43:18,173 - INFO - Processing GTES - 2025-01-16 15:43:23 UTC
2025-01-19 15:43:18,822 - INFO - Retrieved article length: 521 characters
2025-01-19 15:43:18,825 - INFO - Retrieved article length: 7680 characters
2025-01-19 15:43:18,896 - INFO - Retrieved article length: 4657 characters
2025-01-19 15:43:18,982 - INFO - Retrieved article length: 12548 characters
2025-01-19 15:43:19,026 - INFO - GTEC: 1h change of 23.37%
2025-01-19 15:43:19,061 - INFO - GTES: 1wk change of -1.54%
2025-01-19 15:43:19,095 - INFO - GTBP: 1h change of -9.46%
2025-01-19 15:43:19,123 - INFO - GTEC: 1wk change of 11.27%
2025-01-19 15:43:19,157 - INFO - GTES: 1mo change of -7.45%
2025-01-19 15:43:19,157 - INFO - Processing GTES - 2025-01-15 00:30:00 UTC
2025-01-19 15:43:19,182 - INFO - GTBP: 1wk change of 5.52%
2025-01-19 15:43:19,221 - INFO - GTEC: 1mo change of 7.08%
2025-01-19 15:43:19,221 - INFO - Processing GTEC - 2024-11-17 15:03:28 UTC
2025-01-19 15:43:19,263 - INFO - GTBP: 1mo change of -6.34%
2025-01-19 15:43:19,378 - INFO - Processing GTIM - 2024-12-14 15:20:20 UTC
2025-01-19 15:43:19,938 - INFO - Retrieved article length: 2285 characters
2025-01-19 15:43:19,984 - INFO - Retrieved article length: 1998 characters
2025-01-19 15:43:20,036 - INFO - GTES: 1h change of 3.38%
2025-01-19 15:43:20,081 - INFO - GTEC: 1h change of 12.50%
2025-01-19 15:43:20,129 - INFO - GTES: 1wk change of -1.54%
2025-01-19 15:43:20,140 - INFO - Retrieved article length: 1673 characters
2025-01-19 15:43:20,177 - INFO - GTEC: 1wk change of -11.48%
2025-01-19 15:43:20,227 - INFO - GTIM: 1h change of -3.31%
2025-01-19 15:43:20,235 - INFO - GTES: 1mo change of -7.79%
2025-01-19 15:43:20,235 - INFO - Processing GTES - 2025-01-10 16:35:00 UTC
2025-01-19 15:43:20,272 - INFO - GTEC: 1mo change of -16.14%
2025-01-19 15:43:20,272 - INFO - Processing GTEC - 2024-11-15 01:50:03 UTC
2025-01-19 15:43:20,313 - INFO - GTIM: 1wk change of -7.35%
2025-01-19 15:43:20,400 - INFO - GTIM: 1mo change of -6.96%
2025-01-19 15:43:20,400 - INFO - Processing GTIM - 2024-12-13 10:01:05 UTC
2025-01-19 15:43:20,600 - ERROR - GTACU: No timezone found, symbol may be delisted
2025-01-19 15:43:20,602 - ERROR - GTACU: No timezone found, symbol may be delisted
2025-01-19 15:43:20,602 - ERROR - GTACU: No timezone found, symbol may be delisted
2025-01-19 15:43:20,603 - INFO - Processing GTACU - 2025-01-19 15:36:14 UTC
2025-01-19 15:43:21,003 - INFO - Retrieved article length: 9939 characters
2025-01-19 15:43:21,047 - INFO - Retrieved article length: 4295 characters
2025-01-19 15:43:21,101 - INFO - GTES: 1h change of -1.84%
2025-01-19 15:43:21,150 - INFO - GTEC: 1h change of -4.04%
2025-01-19 15:43:21,220 - INFO - Retrieved article length: 4162 characters
2025-01-19 15:43:21,258 - INFO - Retrieved article length: 8408 characters
2025-01-19 15:43:21,259 - ERROR - GTACU: No timezone found, symbol may be delisted
2025-01-19 15:43:21,259 - ERROR - GTACU: No timezone found, symbol may be delisted
2025-01-19 15:43:21,261 - INFO - GTEC: 1wk change of -12.30%
2025-01-19 15:43:21,261 - ERROR - GTACU: No timezone found, symbol may be delisted
2025-01-19 15:43:21,261 - INFO - Processing GTACU - 2025-01-19 15:35:15 UTC
2025-01-19 15:43:21,305 - INFO - GTIM: 1h change of -4.36%
2025-01-19 15:43:21,331 - INFO - GTES: 1mo change of -9.50%
2025-01-19 15:43:21,331 - INFO - Processing GTES - 2025-01-10 16:25:00 UTC
2025-01-19 15:43:21,355 - INFO - GTEC: 1mo change of -14.94%
2025-01-19 15:43:21,356 - INFO - Processing GTEC - 2024-11-15 00:10:00 UTC
2025-01-19 15:43:21,389 - INFO - GTIM: 1wk change of -7.72%
2025-01-19 15:43:21,479 - INFO - GTIM: 1mo change of -10.83%
2025-01-19 15:43:21,479 - INFO - Processing GTIM - 2024-12-13 00:20:09 UTC
2025-01-19 15:43:22,006 - INFO - Retrieved article length: 6210 characters
2025-01-19 15:43:22,008 - ERROR - GTACU: No timezone found, symbol may be delisted
2025-01-19 15:43:22,009 - ERROR - GTACU: No timezone found, symbol may be delisted
2025-01-19 15:43:22,010 - ERROR - GTACU: No timezone found, symbol may be delisted
2025-01-19 15:43:22,010 - INFO - Processing GTACU - 2025-01-19 15:34:48 UTC
2025-01-19 15:43:22,023 - INFO - Retrieved article length: 4781 characters
2025-01-19 15:43:22,032 - INFO - GTES: 1h change of -1.84%
2025-01-19 15:43:22,162 - INFO - GTES: 1mo change of -9.50%
2025-01-19 15:43:22,162 - INFO - Processing GTES - 2025-01-09 23:00:00 UTC
2025-01-19 15:43:22,244 - INFO - Retrieved article length: 874 characters
2025-01-19 15:43:22,253 - INFO - GTIM: 1h change of -4.36%
2025-01-19 15:43:22,260 - INFO - GTIM: 1wk change of -7.72%
2025-01-19 15:43:22,267 - INFO - GTIM: 1mo change of -10.83%
2025-01-19 15:43:22,267 - INFO - Processing GTIM - 2024-12-13 00:05:00 UTC
2025-01-19 15:43:22,316 - INFO - Retrieved article length: 17819 characters
2025-01-19 15:43:22,325 - INFO - GTEC: 1h change of -4.04%
2025-01-19 15:43:22,330 - INFO - GTEC: 1wk change of -12.30%
2025-01-19 15:43:22,335 - INFO - GTEC: 1mo change of -14.94%
2025-01-19 15:43:22,336 - INFO - Processing GTEC - 2024-10-24 16:04:49 UTC
2025-01-19 15:43:22,731 - INFO - Retrieved article length: 3617 characters
2025-01-19 15:43:22,732 - ERROR - GTACU: No timezone found, symbol may be delisted
2025-01-19 15:43:22,732 - ERROR - GTACU: No timezone found, symbol may be delisted
2025-01-19 15:43:22,733 - ERROR - GTACU: No timezone found, symbol may be delisted
2025-01-19 15:43:22,733 - INFO - Processing GTACU - 2025-01-19 15:31:55 UTC
2025-01-19 15:43:22,818 - INFO - Retrieved article length: 5560 characters
2025-01-19 15:43:22,932 - INFO - GTES: 1h change of -4.08%
2025-01-19 15:43:23,177 - INFO - Retrieved article length: 7219 characters
2025-01-19 15:43:23,274 - INFO - GTEC: 1h change of 11.86%
2025-01-19 15:43:23,291 - INFO - GTES: 1mo change of -10.64%
2025-01-19 15:43:23,291 - INFO - Processing GTES - 2025-01-09 13:42:00 UTC
2025-01-19 15:43:23,294 - INFO - Retrieved article length: 19897 characters
2025-01-19 15:43:23,302 - INFO - GTIM: 1h change of -4.36%
2025-01-19 15:43:23,309 - INFO - GTIM: 1wk change of -7.72%
2025-01-19 15:43:23,315 - INFO - GTIM: 1mo change of -10.83%
2025-01-19 15:43:23,315 - INFO - Processing GTIM - 2024-12-05 15:30:00 UTC
2025-01-19 15:43:23,368 - INFO - GTEC: 1wk change of 17.94%
2025-01-19 15:43:23,466 - INFO - GTEC: 1mo change of -15.70%
2025-01-19 15:43:23,467 - INFO - Processing GTEC - 2024-10-23 11:20:00 UTC
2025-01-19 15:43:23,495 - INFO - Retrieved article length: 4418 characters
2025-01-19 15:43:23,496 - ERROR - GTACU: No timezone found, symbol may be delisted
2025-01-19 15:43:23,496 - ERROR - GTACU: No timezone found, symbol may be delisted
2025-01-19 15:43:23,497 - ERROR - GTACU: No timezone found, symbol may be delisted
2025-01-19 15:43:23,497 - INFO - Processing GTACU - 2025-01-19 15:30:00 UTC
2025-01-19 15:43:23,959 - INFO - Retrieved article length: 4093 characters
2025-01-19 15:43:24,051 - INFO - GTIM: 1h change of -1.49%
2025-01-19 15:43:24,223 - INFO - GTIM: 1mo change of -10.91%
2025-01-19 15:43:24,223 - INFO - Processing GTIM - 2024-11-21 14:07:20 UTC
2025-01-19 15:43:24,229 - INFO - Retrieved article length: 4420 characters
2025-01-19 15:43:24,230 - ERROR - GTACU: No timezone found, symbol may be delisted
2025-01-19 15:43:24,230 - ERROR - GTACU: No timezone found, symbol may be delisted
2025-01-19 15:43:24,231 - ERROR - GTACU: No timezone found, symbol may be delisted
2025-01-19 15:43:24,231 - INFO - Processing GTACU - 2025-01-19 15:30:00 UTC
2025-01-19 15:43:24,269 - INFO - Retrieved article length: 3250 characters
2025-01-19 15:43:24,273 - INFO - Retrieved article length: 5479 characters
2025-01-19 15:43:24,282 - INFO - GTES: 1h change of -4.08%
2025-01-19 15:43:24,355 - INFO - GTES: 1mo change of -10.64%
2025-01-19 15:43:24,355 - INFO - Processing GTES - 2025-01-09 13:00:00 UTC
2025-01-19 15:43:24,369 - INFO - GTEC: 1h change of 9.73%
2025-01-19 15:43:24,467 - INFO - GTEC: 1wk change of 17.94%
2025-01-19 15:43:24,562 - INFO - GTEC: 1mo change of -18.18%
2025-01-19 15:43:24,693 - INFO - Processing GTLB - 2025-01-19 00:15:00 UTC
2025-01-19 15:43:24,883 - INFO - Retrieved article length: 3940 characters
2025-01-19 15:43:24,991 - INFO - Retrieved article length: 5441 characters
2025-01-19 15:43:24,992 - ERROR - GTACU: No timezone found, symbol may be delisted
2025-01-19 15:43:24,993 - ERROR - GTACU: No timezone found, symbol may be delisted
2025-01-19 15:43:24,994 - ERROR - GTACU: No timezone found, symbol may be delisted
2025-01-19 15:43:24,994 - INFO - Processing GTACU - 2025-01-19 15:30:00 UTC
2025-01-19 15:43:25,118 - INFO - Retrieved article length: 8280 characters
2025-01-19 15:43:25,126 - INFO - GTES: 1h change of -4.08%
2025-01-19 15:43:25,146 - INFO - GTIM: 1mo change of -13.03%
2025-01-19 15:43:25,146 - INFO - Processing GTIM - 2024-10-23 22:05:55 UTC
2025-01-19 15:43:25,200 - INFO - GTES: 1mo change of -10.64%
2025-01-19 15:43:25,200 - INFO - Processing GTES - 2025-01-08 19:17:00 UTC
2025-01-19 15:43:25,432 - INFO - Retrieved article length: 6516 characters
2025-01-19 15:43:25,538 - INFO - GTLB: 1h change of -1.08%
2025-01-19 15:43:25,632 - INFO - GTLB: 1wk change of 5.14%
2025-01-19 15:43:25,701 - INFO - Retrieved article length: 4791 characters
2025-01-19 15:43:25,702 - ERROR - GTACU: No timezone found, symbol may be delisted
2025-01-19 15:43:25,703 - ERROR - GTACU: No timezone found, symbol may be delisted
2025-01-19 15:43:25,704 - ERROR - GTACU: No timezone found, symbol may be delisted
2025-01-19 15:43:25,729 - INFO - GTLB: 1mo change of 6.69%
2025-01-19 15:43:25,729 - INFO - Processing GTLB - 2025-01-18 17:03:00 UTC
2025-01-19 15:43:25,837 - INFO - Processing GTLS - 2025-01-09 19:00:00 UTC
2025-01-19 15:43:26,010 - INFO - Retrieved article length: 447 characters
2025-01-19 15:43:26,095 - INFO - GTIM: 1h change of 2.62%
2025-01-19 15:43:26,105 - INFO - Retrieved article length: 3759 characters
2025-01-19 15:43:26,178 - INFO - GTIM: 1wk change of -5.92%
2025-01-19 15:43:26,202 - INFO - GTES: 1h change of -4.33%
2025-01-19 15:43:26,263 - INFO - GTIM: 1mo change of -5.69%
2025-01-19 15:43:26,263 - INFO - Processing GTIM - 2024-10-23 21:09:00 UTC
2025-01-19 15:43:26,419 - INFO - Retrieved article length: 4946 characters
2025-01-19 15:43:26,433 - INFO - GTES: 1mo change of -8.65%
2025-01-19 15:43:26,526 - INFO - GTLB: 1h change of -1.73%
2025-01-19 15:43:26,558 - INFO - Processing GTN - 2025-01-15 12:05:17 UTC
2025-01-19 15:43:26,619 - INFO - GTLB: 1wk change of 2.24%
2025-01-19 15:43:26,649 - INFO - Retrieved article length: 3256 characters
2025-01-19 15:43:26,712 - INFO - GTLB: 1mo change of 6.69%
2025-01-19 15:43:26,712 - INFO - Processing GTLB - 2025-01-17 00:44:40 UTC
2025-01-19 15:43:26,761 - INFO - GTLS: 1h change of -2.02%
2025-01-19 15:43:26,841 - INFO - GTLS: 1wk change of 12.41%
2025-01-19 15:43:26,926 - INFO - GTLS: 1mo change of 12.40%
2025-01-19 15:43:26,926 - INFO - Processing GTLS - 2025-01-09 13:53:00 UTC
2025-01-19 15:43:27,152 - INFO - Retrieved article length: 2410 characters
2025-01-19 15:43:27,161 - INFO - GTIM: 1h change of 2.62%
2025-01-19 15:43:27,167 - INFO - GTIM: 1wk change of -5.92%
2025-01-19 15:43:27,173 - INFO - GTIM: 1mo change of -5.69%
2025-01-19 15:43:27,256 - INFO - Retrieved article length: 4260 characters
2025-01-19 15:43:27,362 - INFO - GTN: 1h change of -4.17%
2025-01-19 15:43:27,387 - INFO - Retrieved article length: 514 characters
2025-01-19 15:43:27,490 - INFO - GTN: 1wk change of -10.51%
2025-01-19 15:43:27,591 - INFO - GTLB: 1wk change of 4.04%
2025-01-19 15:43:27,617 - INFO - GTN: 1mo change of -15.05%
2025-01-19 15:43:27,617 - INFO - Processing GTN - 2025-01-15 02:00:21 UTC
2025-01-19 15:43:27,630 - INFO - Retrieved article length: 2859 characters
2025-01-19 15:43:27,639 - INFO - GTLS: 1h change of -2.02%
2025-01-19 15:43:27,645 - INFO - GTLS: 1wk change of 12.41%
2025-01-19 15:43:27,659 - INFO - Processing GVA - 2025-01-10 00:30:00 UTC
2025-01-19 15:43:27,686 - INFO - GTLB: 1mo change of 7.54%
2025-01-19 15:43:27,686 - INFO - Processing GTLB - 2025-01-17 00:43:58 UTC
2025-01-19 15:43:27,696 - INFO - GTLS: 1mo change of 12.40%
2025-01-19 15:43:27,696 - INFO - Processing GTLS - 2025-01-08 15:09:33 UTC
2025-01-19 15:43:28,220 - INFO - Retrieved article length: 2826 characters
2025-01-19 15:43:28,230 - INFO - GTN: 1h change of -4.17%
2025-01-19 15:43:28,295 - INFO - GTN: 1wk change of -10.51%
2025-01-19 15:43:28,362 - INFO - GTN: 1mo change of -15.05%
2025-01-19 15:43:28,362 - INFO - Processing GTN - 2025-01-14 17:00:15 UTC
2025-01-19 15:43:28,417 - INFO - Retrieved article length: 516 characters
2025-01-19 15:43:28,419 - INFO - Retrieved article length: 520 characters
2025-01-19 15:43:28,432 - INFO - Retrieved article length: 2390 characters
2025-01-19 15:43:28,494 - INFO - GTLB: 1wk change of 4.04%
2025-01-19 15:43:28,505 - INFO - GTLS: 1h change of -1.28%
2025-01-19 15:43:28,559 - INFO - GTLB: 1mo change of 7.54%
2025-01-19 15:43:28,559 - INFO - Processing GTLB - 2025-01-16 21:21:06 UTC
2025-01-19 15:43:28,585 - INFO - GTLS: 1wk change of 12.41%
2025-01-19 15:43:28,655 - INFO - GVA: 1wk change of 5.31%
2025-01-19 15:43:28,669 - INFO - GTLS: 1mo change of 12.17%
2025-01-19 15:43:28,669 - INFO - Processing GTLS - 2025-01-08 14:30:00 UTC
2025-01-19 15:43:28,784 - INFO - GVA: 1mo change of -5.87%
2025-01-19 15:43:28,784 - INFO - Processing GVA - 2025-01-03 18:31:48 UTC
2025-01-19 15:43:29,119 - INFO - Retrieved article length: 5970 characters
2025-01-19 15:43:29,221 - INFO - GTN: 1h change of 1.19%
2025-01-19 15:43:29,310 - INFO - Retrieved article length: 7371 characters
2025-01-19 15:43:29,342 - INFO - GTN: 1wk change of -10.51%
2025-01-19 15:43:29,388 - INFO - Retrieved article length: 4868 characters
2025-01-19 15:43:29,397 - INFO - GTLS: 1h change of -1.28%
2025-01-19 15:43:29,403 - INFO - GTLS: 1wk change of 12.41%
2025-01-19 15:43:29,455 - INFO - GTLB: 1h change of 6.38%
2025-01-19 15:43:29,456 - INFO - GTLS: 1mo change of 12.17%
2025-01-19 15:43:29,456 - INFO - Processing GTLS - 2025-01-06 15:30:00 UTC
2025-01-19 15:43:29,461 - INFO - GTN: 1mo change of -22.44%
2025-01-19 15:43:29,462 - INFO - Processing GTN - 2025-01-13 15:00:00 UTC
2025-01-19 15:43:29,554 - INFO - GTLB: 1wk change of 2.37%
2025-01-19 15:43:29,660 - INFO - GTLB: 1mo change of 3.24%
2025-01-19 15:43:29,660 - INFO - Processing GTLB - 2025-01-15 22:49:00 UTC
2025-01-19 15:43:29,756 - INFO - Retrieved article length: 2925 characters
2025-01-19 15:43:29,845 - INFO - GVA: 1h change of 1.56%
2025-01-19 15:43:29,970 - INFO - GVA: 1wk change of -4.12%
2025-01-19 15:43:30,061 - INFO - Retrieved article length: 3817 characters
2025-01-19 15:43:30,088 - INFO - GVA: 1mo change of -6.91%
2025-01-19 15:43:30,088 - INFO - Processing GVA - 2025-01-02 12:08:07 UTC
2025-01-19 15:43:30,168 - INFO - GTN: 1h change of -1.34%
2025-01-19 15:43:30,268 - INFO - Retrieved article length: 2260 characters
2025-01-19 15:43:30,285 - INFO - GTN: 1wk change of -3.49%
2025-01-19 15:43:30,360 - INFO - GTLS: 1h change of -2.19%
2025-01-19 15:43:30,409 - INFO - GTN: 1mo change of -17.53%
2025-01-19 15:43:30,410 - INFO - Processing GTN - 2025-01-09 18:14:00 UTC
2025-01-19 15:43:30,451 - INFO - GTLS: 1wk change of 10.61%
2025-01-19 15:43:30,475 - INFO - Retrieved article length: 486 characters
2025-01-19 15:43:30,536 - INFO - GTLS: 1mo change of 11.44%
2025-01-19 15:43:30,537 - INFO - Processing GTLS - 2024-12-31 19:04:38 UTC
2025-01-19 15:43:30,617 - INFO - GTLB: 1h change of 11.15%
2025-01-19 15:43:30,723 - INFO - GTLB: 1wk change of 2.37%
2025-01-19 15:43:30,842 - INFO - GTLB: 1mo change of 3.86%
2025-01-19 15:43:30,842 - INFO - Processing GTLB - 2025-01-15 22:19:00 UTC
2025-01-19 15:43:30,893 - INFO - Retrieved article length: 6358 characters
2025-01-19 15:43:31,100 - INFO - GVA: 1wk change of -3.58%
2025-01-19 15:43:31,205 - INFO - Retrieved article length: 4090 characters
2025-01-19 15:43:31,218 - INFO - GVA: 1mo change of -6.91%
2025-01-19 15:43:31,219 - INFO - Processing GVA - 2024-12-26 22:54:45 UTC
2025-01-19 15:43:31,288 - INFO - Retrieved article length: 2154 characters
2025-01-19 15:43:31,300 - INFO - GTN: 1h change of -8.76%
2025-01-19 15:43:31,375 - INFO - GTLS: 1h change of 1.23%
2025-01-19 15:43:31,447 - INFO - GTN: 1wk change of 11.78%
2025-01-19 15:43:31,454 - INFO - GTLS: 1wk change of 7.00%
2025-01-19 15:43:31,538 - INFO - GTLS: 1mo change of 12.40%
2025-01-19 15:43:31,538 - INFO - Processing GTLS - 2024-12-31 16:10:32 UTC
2025-01-19 15:43:31,622 - INFO - Retrieved article length: 249 characters
2025-01-19 15:43:31,631 - INFO - GTLB: 1h change of 11.15%
2025-01-19 15:43:31,702 - INFO - GTLB: 1wk change of 2.37%
2025-01-19 15:43:31,722 - INFO - GTN: 1mo change of -18.52%
2025-01-19 15:43:31,723 - INFO - Processing GTN - 2025-01-08 12:02:20 UTC
2025-01-19 15:43:31,767 - INFO - GTLB: 1mo change of 3.86%
2025-01-19 15:43:31,767 - INFO - Processing GTLB - 2025-01-15 13:20:00 UTC
2025-01-19 15:43:31,883 - INFO - Retrieved article length: 7317 characters
2025-01-19 15:43:31,969 - INFO - GVA: 1h change of -1.81%
2025-01-19 15:43:32,098 - INFO - GVA: 1wk change of -3.96%
2025-01-19 15:43:32,223 - INFO - GVA: 1mo change of -5.81%
2025-01-19 15:43:32,223 - INFO - Processing GVA - 2024-12-22 16:00:35 UTC
2025-01-19 15:43:32,276 - INFO - Retrieved article length: 529 characters
2025-01-19 15:43:32,285 - INFO - GTLS: 1h change of 1.23%
2025-01-19 15:43:32,291 - INFO - GTLS: 1wk change of 7.00%
2025-01-19 15:43:32,342 - INFO - GTLS: 1mo change of 12.40%
2025-01-19 15:43:32,342 - INFO - Processing GTLS - 2024-12-31 15:35:00 UTC
2025-01-19 15:43:32,455 - INFO - Retrieved article length: 6245 characters
2025-01-19 15:43:32,464 - INFO - GTLB: 1h change of 11.15%
2025-01-19 15:43:32,530 - INFO - GTLB: 1wk change of 2.37%
2025-01-19 15:43:32,545 - INFO - Retrieved article length: 6078 characters
2025-01-19 15:43:32,597 - INFO - GTLB: 1mo change of 3.86%
2025-01-19 15:43:32,645 - INFO - GTN: 1h change of -1.67%
2025-01-19 15:43:32,732 - INFO - Processing GVH - 2024-12-04 13:06:12 UTC
2025-01-19 15:43:32,787 - INFO - GTN: 1wk change of 11.78%
2025-01-19 15:43:32,927 - INFO - GTN: 1mo change of -21.90%
2025-01-19 15:43:32,929 - INFO - Processing GTN - 2025-01-08 02:00:21 UTC
2025-01-19 15:43:32,968 - INFO - Retrieved article length: 4524 characters
2025-01-19 15:43:32,973 - INFO - Retrieved article length: 4755 characters
2025-01-19 15:43:32,981 - INFO - GTLS: 1h change of 1.23%
2025-01-19 15:43:32,987 - INFO - GTLS: 1wk change of 7.00%
2025-01-19 15:43:33,040 - INFO - GTLS: 1mo change of 12.40%
2025-01-19 15:43:33,196 - INFO - GVA: 1wk change of -8.04%
2025-01-19 15:43:33,297 - INFO - Processing GWAV - 2025-01-14 17:36:48 UTC
2025-01-19 15:43:33,330 - INFO - GVA: 1mo change of -4.09%
2025-01-19 15:43:33,330 - INFO - Processing GVA - 2024-12-18 12:03:27 UTC
2025-01-19 15:43:33,431 - INFO - Retrieved article length: 7130 characters
2025-01-19 15:43:33,538 - INFO - GVH: 1h change of -1.42%
2025-01-19 15:43:33,634 - INFO - GVH: 1wk change of -5.42%
2025-01-19 15:43:33,679 - INFO - Retrieved article length: 2876 characters
2025-01-19 15:43:33,687 - INFO - GTN: 1h change of -1.67%
2025-01-19 15:43:33,693 - INFO - GTN: 1wk change of 11.78%
2025-01-19 15:43:33,728 - INFO - GVH: 1mo change of -16.30%
2025-01-19 15:43:33,728 - INFO - Processing GVH - 2024-11-22 13:10:00 UTC
2025-01-19 15:43:33,759 - INFO - GTN: 1mo change of -21.90%
2025-01-19 15:43:33,759 - INFO - Processing GTN - 2025-01-07 18:00:00 UTC
2025-01-19 15:43:33,950 - INFO - Retrieved article length: 1921 characters
2025-01-19 15:43:34,103 - INFO - Retrieved article length: 3318 characters
2025-01-19 15:43:34,122 - INFO - GWAV: 1wk change of -46.22%
2025-01-19 15:43:34,190 - INFO - GVA: 1h change of -4.91%
2025-01-19 15:43:34,203 - INFO - GWAV: 1mo change of -45.63%
2025-01-19 15:43:34,203 - INFO - Processing GWAV - 2025-01-13 17:28:00 UTC
2025-01-19 15:43:34,346 - INFO - GVA: 1wk change of -7.27%
2025-01-19 15:43:34,459 - INFO - GVA: 1mo change of -4.38%
2025-01-19 15:43:34,459 - INFO - Processing GVA - 2024-12-13 00:38:13 UTC
2025-01-19 15:43:34,464 - INFO - Retrieved article length: 8634 characters
2025-01-19 15:43:34,567 - INFO - GTN: 1h change of -1.67%
2025-01-19 15:43:34,630 - INFO - Retrieved article length: 3122 characters
2025-01-19 15:43:34,686 - INFO - GTN: 1wk change of 8.08%
2025-01-19 15:43:34,732 - INFO - GVH: 1h change of -1.37%
2025-01-19 15:43:34,835 - INFO - GVH: 1wk change of -5.64%
2025-01-19 15:43:34,845 - INFO - GTN: 1mo change of -21.90%
2025-01-19 15:43:34,930 - INFO - GVH: 1mo change of -22.59%
2025-01-19 15:43:34,981 - INFO - Processing GWRE - 2025-01-17 18:50:09 UTC
2025-01-19 15:43:35,050 - INFO - Processing GXAI - 2025-01-08 15:30:00 UTC
2025-01-19 15:43:35,281 - INFO - Retrieved article length: 527 characters
2025-01-19 15:43:35,375 - INFO - GVA: 1h change of -3.06%
2025-01-19 15:43:35,491 - INFO - GVA: 1wk change of -8.50%
2025-01-19 15:43:35,615 - INFO - GVA: 1mo change of -5.71%
2025-01-19 15:43:35,616 - INFO - Processing GVA - 2024-12-12 00:45:00 UTC
2025-01-19 15:43:35,671 - INFO - Retrieved article length: 6986 characters
2025-01-19 15:43:35,687 - INFO - Retrieved article length: 2685 characters
2025-01-19 15:43:35,763 - INFO - GWAV: 1h change of 6.44%
2025-01-19 15:43:35,794 - INFO - GWRE: 1h change of 1.72%
2025-01-19 15:43:35,845 - INFO - GWAV: 1wk change of -49.04%
2025-01-19 15:43:35,855 - INFO - Retrieved article length: 2931 characters
2025-01-19 15:43:35,907 - INFO - GWRE: 1wk change of 4.38%
2025-01-19 15:43:35,929 - INFO - GWAV: 1mo change of -47.97%
2025-01-19 15:43:35,929 - INFO - Processing GWAV - 2025-01-09 00:35:00 UTC
2025-01-19 15:43:35,955 - INFO - GXAI: 1h change of -30.11%
2025-01-19 15:43:36,008 - INFO - GWRE: 1mo change of 3.37%
2025-01-19 15:43:36,008 - INFO - Processing GWRE - 2025-01-16 21:05:35 UTC
2025-01-19 15:43:36,056 - INFO - GXAI: 1wk change of -30.31%
2025-01-19 15:43:36,159 - INFO - GXAI: 1mo change of 56.25%
2025-01-19 15:43:36,159 - INFO - Processing GXAI - 2024-12-31 00:15:00 UTC
2025-01-19 15:43:36,677 - INFO - Retrieved article length: 1310 characters
2025-01-19 15:43:36,720 - INFO - Retrieved article length: 3409 characters
2025-01-19 15:43:36,762 - INFO - GVA: 1h change of -3.05%
2025-01-19 15:43:36,808 - INFO - GWAV: 1h change of -25.97%
2025-01-19 15:43:36,895 - INFO - GWAV: 1wk change of -45.63%
2025-01-19 15:43:36,910 - INFO - GVA: 1wk change of -8.19%
2025-01-19 15:43:36,976 - INFO - GWAV: 1mo change of -54.51%
2025-01-19 15:43:36,976 - INFO - Processing GWAV - 2024-12-30 17:09:00 UTC
2025-01-19 15:43:36,993 - INFO - Retrieved article length: 7183 characters
2025-01-19 15:43:37,003 - INFO - Retrieved article length: 5387 characters
2025-01-19 15:43:37,036 - INFO - GVA: 1mo change of -4.18%
2025-01-19 15:43:37,102 - INFO - GWRE: 1h change of 4.25%
2025-01-19 15:43:37,102 - INFO - GXAI: 1h change of -8.75%
2025-01-19 15:43:37,157 - INFO - Processing GXO - 2025-01-15 12:00:00 UTC
2025-01-19 15:43:37,200 - INFO - GXAI: 1wk change of -9.66%
2025-01-19 15:43:37,200 - INFO - GWRE: 1wk change of 4.77%
2025-01-19 15:43:37,295 - INFO - GXAI: 1mo change of 60.00%
2025-01-19 15:43:37,295 - INFO - Processing GXAI - 2024-12-27 16:00:00 UTC
2025-01-19 15:43:37,300 - INFO - GWRE: 1mo change of 2.80%
2025-01-19 15:43:37,300 - INFO - Processing GWRE - 2025-01-14 22:20:14 UTC
2025-01-19 15:43:37,846 - INFO - Retrieved article length: 6738 characters
2025-01-19 15:43:37,930 - INFO - GWAV: 1h change of -3.73%
2025-01-19 15:43:37,934 - INFO - Retrieved article length: 5631 characters
2025-01-19 15:43:38,010 - INFO - GWAV: 1wk change of 13.68%
2025-01-19 15:43:38,031 - INFO - GXAI: 1h change of 1.55%
2025-01-19 15:43:38,052 - INFO - Retrieved article length: 3872 characters
2025-01-19 15:43:38,053 - INFO - Retrieved article length: 3843 characters
2025-01-19 15:43:38,091 - INFO - GWAV: 1mo change of 23.99%
2025-01-19 15:43:38,091 - INFO - Processing GWAV - 2024-12-18 16:28:00 UTC
2025-01-19 15:43:38,127 - INFO - GXAI: 1wk change of -19.78%
2025-01-19 15:43:38,139 - INFO - GXO: 1h change of 3.96%
2025-01-19 15:43:38,154 - INFO - GWRE: 1h change of 3.36%
2025-01-19 15:43:38,222 - INFO - GXO: 1wk change of -1.77%
2025-01-19 15:43:38,226 - INFO - GXAI: 1mo change of 68.07%
2025-01-19 15:43:38,227 - INFO - Processing GXAI - 2024-12-23 15:30:00 UTC
2025-01-19 15:43:38,252 - INFO - GWRE: 1wk change of 4.77%
2025-01-19 15:43:38,318 - INFO - GXO: 1mo change of -10.89%
2025-01-19 15:43:38,318 - INFO - Processing GXO - 2025-01-09 15:00:00 UTC
2025-01-19 15:43:38,348 - INFO - GWRE: 1mo change of 4.23%
2025-01-19 15:43:38,348 - INFO - Processing GWRE - 2025-01-14 15:00:00 UTC
2025-01-19 15:43:39,000 - INFO - Retrieved article length: 3945 characters
2025-01-19 15:43:39,008 - INFO - Retrieved article length: 6843 characters
2025-01-19 15:43:39,095 - INFO - GWAV: 1h change of -13.22%
2025-01-19 15:43:39,101 - INFO - GXAI: 1h change of 2.49%
2025-01-19 15:43:39,147 - INFO - Retrieved article length: 2835 characters
2025-01-19 15:43:39,156 - INFO - GWRE: 1h change of 3.36%
2025-01-19 15:43:39,176 - INFO - GWAV: 1wk change of -9.15%
2025-01-19 15:43:39,195 - INFO - GXAI: 1wk change of -26.36%
2025-01-19 15:43:39,221 - INFO - GWRE: 1wk change of 4.77%
2025-01-19 15:43:39,232 - INFO - Retrieved article length: 4745 characters
2025-01-19 15:43:39,258 - INFO - GWAV: 1mo change of 3.92%
2025-01-19 15:43:39,259 - INFO - Processing GWAV - 2024-12-17 12:15:00 UTC
2025-01-19 15:43:39,288 - INFO - GWRE: 1mo change of 4.23%
2025-01-19 15:43:39,288 - INFO - Processing GWRE - 2025-01-10 16:55:00 UTC
2025-01-19 15:43:39,289 - INFO - GXAI: 1mo change of 73.91%
2025-01-19 15:43:39,289 - INFO - Processing GXAI - 2024-12-21 00:51:00 UTC
2025-01-19 15:43:39,317 - INFO - GXO: 1h change of -4.86%
2025-01-19 15:43:39,398 - INFO - GXO: 1wk change of 1.88%
2025-01-19 15:43:39,488 - INFO - GXO: 1mo change of -11.82%
2025-01-19 15:43:39,489 - INFO - Processing GXO - 2024-12-30 17:08:02 UTC
2025-01-19 15:43:40,070 - INFO - Retrieved article length: 13556 characters
2025-01-19 15:43:40,110 - INFO - Retrieved article length: 5288 characters
2025-01-19 15:43:40,111 - INFO - Retrieved article length: 8239 characters
2025-01-19 15:43:40,156 - INFO - GWAV: 1h change of -3.78%
2025-01-19 15:43:40,209 - INFO - GXAI: 1h change of -8.78%
2025-01-19 15:43:40,236 - INFO - GWAV: 1wk change of -13.33%
2025-01-19 15:43:40,303 - INFO - GWRE: 1wk change of 5.93%
2025-01-19 15:43:40,318 - INFO - Processing GWAV - 2024-12-12 16:18:00 UTC
2025-01-19 15:43:40,331 - INFO - Retrieved article length: 6409 characters
2025-01-19 15:43:40,335 - INFO - GXAI: 1wk change of -43.39%
2025-01-19 15:43:40,400 - INFO - Processing GWRE - 2025-01-06 17:11:47 UTC
2025-01-19 15:43:40,417 - INFO - GXO: 1h change of 3.97%
2025-01-19 15:43:40,430 - INFO - GXAI: 1mo change of 73.91%
2025-01-19 15:43:40,431 - INFO - Processing GXAI - 2024-12-19 16:00:00 UTC
2025-01-19 15:43:40,499 - INFO - GXO: 1wk change of 6.53%
2025-01-19 15:43:40,586 - INFO - GXO: 1mo change of -28.63%
2025-01-19 15:43:40,586 - INFO - Processing GXO - 2024-12-24 13:20:58 UTC
2025-01-19 15:43:41,143 - INFO - Retrieved article length: 5491 characters
2025-01-19 15:43:41,167 - INFO - Retrieved article length: 3679 characters
2025-01-19 15:43:41,230 - INFO - GWAV: 1h change of 4.39%
2025-01-19 15:43:41,259 - INFO - Retrieved article length: 5630 characters
2025-01-19 15:43:41,313 - INFO - GWAV: 1wk change of 62.19%
2025-01-19 15:43:41,360 - INFO - GXAI: 1h change of -33.80%
2025-01-19 15:43:41,368 - INFO - GWRE: 1wk change of 1.89%
2025-01-19 15:43:41,393 - INFO - GWAV: 1mo change of 2.52%
2025-01-19 15:43:41,393 - INFO - Processing GWAV - 2024-12-09 16:24:00 UTC
2025-01-19 15:43:41,455 - INFO - GXAI: 1wk change of -27.21%
2025-01-19 15:43:41,465 - INFO - GWRE: 1mo change of -11.10%
2025-01-19 15:43:41,465 - INFO - Processing GWRE - 2025-01-03 10:15:00 UTC
2025-01-19 15:43:41,550 - INFO - GXAI: 1mo change of 13.64%
2025-01-19 15:43:41,550 - INFO - Processing GXAI - 2024-12-12 15:30:00 UTC
2025-01-19 15:43:41,583 - INFO - Retrieved article length: 7408 characters
2025-01-19 15:43:41,759 - INFO - GXO: 1wk change of -9.38%
2025-01-19 15:43:41,843 - INFO - GXO: 1mo change of -25.15%
2025-01-19 15:43:41,844 - INFO - Processing GXO - 2024-12-13 16:15:41 UTC
2025-01-19 15:43:42,138 - INFO - Retrieved article length: 6171 characters
2025-01-19 15:43:42,222 - INFO - Retrieved article length: 12981 characters
2025-01-19 15:43:42,225 - INFO - GWAV: 1h change of 1.61%
2025-01-19 15:43:42,306 - INFO - GWAV: 1wk change of 113.11%
2025-01-19 15:43:42,320 - INFO - GWRE: 1h change of 1.65%
2025-01-19 15:43:42,377 - INFO - Retrieved article length: 3468 characters
2025-01-19 15:43:42,384 - INFO - GWAV: 1mo change of 35.20%
2025-01-19 15:43:42,417 - INFO - GWRE: 1wk change of -2.06%
2025-01-19 15:43:42,482 - INFO - GXAI: 1h change of -24.75%
2025-01-19 15:43:42,501 - INFO - Processing GYRE - 2025-01-06 15:00:00 UTC
2025-01-19 15:43:42,512 - INFO - GWRE: 1mo change of -11.98%
2025-01-19 15:43:42,512 - INFO - Processing GWRE - 2025-01-02 16:49:00 UTC
2025-01-19 15:43:42,583 - INFO - GXAI: 1wk change of 97.52%
2025-01-19 15:43:42,635 - INFO - Retrieved article length: 1647 characters
2025-01-19 15:43:42,687 - INFO - GXAI: 1mo change of 28.57%
2025-01-19 15:43:42,687 - INFO - Processing GXAI - 2024-12-06 15:30:00 UTC
2025-01-19 15:43:42,825 - INFO - GXO: 1wk change of -28.88%
2025-01-19 15:43:42,904 - INFO - GXO: 1mo change of -25.74%
2025-01-19 15:43:42,905 - INFO - Processing GXO - 2024-12-12 16:00:00 UTC
2025-01-19 15:43:43,273 - INFO - Retrieved article length: 11263 characters
2025-01-19 15:43:43,342 - INFO - Retrieved article length: 3815 characters
2025-01-19 15:43:43,372 - INFO - GWRE: 1h change of 2.04%
2025-01-19 15:43:43,466 - INFO - GWRE: 1wk change of -1.56%
2025-01-19 15:43:43,483 - INFO - Retrieved article length: 3117 characters
2025-01-19 15:43:43,522 - INFO - GYRE: 1wk change of -12.21%
2025-01-19 15:43:43,564 - INFO - GWRE: 1mo change of -11.98%
2025-01-19 15:43:43,590 - INFO - GXAI: 1h change of 101.49%
2025-01-19 15:43:43,624 - INFO - GYRE: 1mo change of -7.44%
2025-01-19 15:43:43,624 - INFO - Processing GYRE - 2024-11-15 14:27:12 UTC
2025-01-19 15:43:43,687 - INFO - Processing GYRO - 2024-10-22 04:03:09 UTC
2025-01-19 15:43:43,687 - INFO - Retrieved article length: 4441 characters
2025-01-19 15:43:43,688 - INFO - GXAI: 1wk change of 179.20%
2025-01-19 15:43:43,769 - INFO - GXO: 1h change of -2.25%
2025-01-19 15:43:43,785 - INFO - GXAI: 1mo change of 55.80%
2025-01-19 15:43:43,855 - INFO - GXO: 1wk change of -30.53%
2025-01-19 15:43:43,932 - INFO - Processing H - 2025-01-17 20:00:57 UTC
2025-01-19 15:43:43,957 - INFO - GXO: 1mo change of -25.65%
2025-01-19 15:43:43,957 - INFO - Processing GXO - 2024-12-12 15:17:22 UTC
2025-01-19 15:43:44,407 - INFO - Retrieved article length: 1684 characters
2025-01-19 15:43:44,539 - INFO - GYRE: 1h change of -3.47%
2025-01-19 15:43:44,633 - INFO - GYRE: 1wk change of -24.58%
2025-01-19 15:43:44,690 - INFO - Retrieved article length: 4707 characters
2025-01-19 15:43:44,727 - INFO - GYRE: 1mo change of -19.18%
2025-01-19 15:43:44,727 - INFO - Processing GYRE - 2024-11-13 14:00:00 UTC
2025-01-19 15:43:44,745 - INFO - Retrieved article length: 1622 characters
2025-01-19 15:43:44,754 - INFO - GXO: 1h change of -2.25%
2025-01-19 15:43:44,759 - INFO - GXO: 1wk change of -30.53%
2025-01-19 15:43:44,765 - INFO - GXO: 1mo change of -25.65%
2025-01-19 15:43:44,765 - INFO - Processing GXO - 2024-12-11 15:00:00 UTC
2025-01-19 15:43:44,790 - INFO - GYRO: 1h change of -4.22%
2025-01-19 15:43:44,820 - INFO - Retrieved article length: 5414 characters
2025-01-19 15:43:44,897 - INFO - GYRO: 1wk change of 29.07%
2025-01-19 15:43:45,009 - INFO - GYRO: 1mo change of 27.18%
2025-01-19 15:43:45,025 - INFO - H: 1wk change of 1.89%
2025-01-19 15:43:45,134 - INFO - H: 1mo change of -1.89%
2025-01-19 15:43:45,135 - INFO - Processing H - 2025-01-17 18:07:26 UTC
2025-01-19 15:43:45,141 - INFO - Processing HAE - 2025-01-17 17:45:10 UTC
2025-01-19 15:43:45,524 - INFO - Retrieved article length: 3935 characters
2025-01-19 15:43:45,586 - INFO - Retrieved article length: 22954 characters
2025-01-19 15:43:45,609 - INFO - GXO: 1h change of -2.32%
2025-01-19 15:43:45,671 - INFO - GYRE: 1h change of -11.91%
2025-01-19 15:43:45,695 - INFO - GXO: 1wk change of -30.53%
2025-01-19 15:43:45,760 - INFO - GYRE: 1wk change of -23.41%
2025-01-19 15:43:45,786 - INFO - GXO: 1mo change of -29.12%
2025-01-19 15:43:45,809 - INFO - Retrieved article length: 2644 characters
2025-01-19 15:43:45,812 - INFO - Retrieved article length: 2241 characters
2025-01-19 15:43:45,850 - INFO - GYRE: 1mo change of -11.96%
2025-01-19 15:43:45,851 - INFO - Processing GYRE - 2024-10-22 23:05:00 UTC
2025-01-19 15:43:45,885 - INFO - H: 1wk change of 1.89%
2025-01-19 15:43:45,918 - INFO - HAE: 1h change of -8.91%
2025-01-19 15:43:45,949 - INFO - H: 1mo change of -1.89%
2025-01-19 15:43:45,950 - INFO - Processing H - 2025-01-15 12:46:32 UTC
2025-01-19 15:43:46,016 - INFO - HAE: 1wk change of -5.44%
2025-01-19 15:43:46,116 - INFO - HAE: 1mo change of -9.48%
2025-01-19 15:43:46,117 - INFO - Processing HAE - 2025-01-17 14:15:00 UTC
2025-01-19 15:43:46,205 - INFO - Processing HAIN - 2025-01-14 22:23:30 UTC
2025-01-19 15:43:46,668 - INFO - Retrieved article length: 7848 characters
2025-01-19 15:43:46,769 - INFO - H: 1h change of 1.93%
2025-01-19 15:43:46,870 - INFO - H: 1wk change of 1.48%
2025-01-19 15:43:46,887 - INFO - Retrieved article length: 4813 characters
2025-01-19 15:43:46,895 - INFO - Retrieved article length: 5773 characters
2025-01-19 15:43:46,905 - INFO - HAE: 1h change of -8.91%
2025-01-19 15:43:46,970 - INFO - HAE: 1wk change of -5.44%
2025-01-19 15:43:46,977 - INFO - HAIN: 1h change of -5.85%
2025-01-19 15:43:46,979 - INFO - H: 1mo change of -3.36%
2025-01-19 15:43:46,979 - INFO - Processing H - 2025-01-14 20:10:18 UTC
2025-01-19 15:43:47,036 - INFO - HAE: 1mo change of -9.48%
2025-01-19 15:43:47,036 - INFO - Processing HAE - 2025-01-17 14:14:00 UTC
2025-01-19 15:43:47,056 - INFO - HAIN: 1wk change of -16.25%
2025-01-19 15:43:47,138 - INFO - HAIN: 1mo change of -41.96%
2025-01-19 15:43:47,138 - INFO - Processing HAIN - 2025-01-07 16:41:00 UTC
2025-01-19 15:43:47,799 - INFO - Retrieved article length: 3373 characters
2025-01-19 15:43:47,855 - INFO - Retrieved article length: 7204 characters
2025-01-19 15:43:47,863 - INFO - HAE: 1h change of -8.91%
2025-01-19 15:43:47,895 - INFO - H: 1h change of 1.84%
2025-01-19 15:43:47,928 - INFO - HAE: 1wk change of -5.44%
2025-01-19 15:43:47,994 - INFO - HAE: 1mo change of -9.48%
2025-01-19 15:43:47,994 - INFO - Processing HAE - 2025-01-16 15:25:00 UTC
2025-01-19 15:43:47,997 - INFO - H: 1wk change of 1.48%
2025-01-19 15:43:48,011 - INFO - Retrieved article length: 6827 characters
2025-01-19 15:43:48,099 - INFO - HAIN: 1h change of -9.43%
2025-01-19 15:43:48,105 - INFO - H: 1mo change of -2.03%
2025-01-19 15:43:48,105 - INFO - Processing H - 2025-01-14 00:30:00 UTC
2025-01-19 15:43:48,182 - INFO - HAIN: 1wk change of -23.04%
2025-01-19 15:43:48,260 - INFO - HAIN: 1mo change of -43.63%
2025-01-19 15:43:48,260 - INFO - Processing HAIN - 2025-01-07 15:50:36 UTC
2025-01-19 15:43:48,745 - INFO - Retrieved article length: 7382 characters
2025-01-19 15:43:48,853 - INFO - HAE: 1h change of -8.17%
2025-01-19 15:43:48,945 - INFO - Retrieved article length: 3144 characters
2025-01-19 15:43:48,948 - INFO - HAE: 1wk change of -6.75%
2025-01-19 15:43:48,954 - INFO - H: 1h change of 1.84%
2025-01-19 15:43:49,005 - INFO - Retrieved article length: 3494 characters
2025-01-19 15:43:49,015 - INFO - HAIN: 1h change of -9.43%
2025-01-19 15:43:49,019 - INFO - H: 1wk change of 1.48%
2025-01-19 15:43:49,021 - INFO - HAIN: 1wk change of -23.04%
2025-01-19 15:43:49,042 - INFO - HAE: 1mo change of -10.70%
2025-01-19 15:43:49,042 - INFO - Processing HAE - 2025-01-15 17:38:00 UTC
2025-01-19 15:43:49,072 - INFO - HAIN: 1mo change of -43.63%
2025-01-19 15:43:49,072 - INFO - Processing HAIN - 2025-01-03 12:08:49 UTC
2025-01-19 15:43:49,083 - INFO - H: 1mo change of -2.03%
2025-01-19 15:43:49,083 - INFO - Processing H - 2025-01-09 20:30:00 UTC
2025-01-19 15:43:49,791 - INFO - Retrieved article length: 6174 characters
2025-01-19 15:43:49,848 - INFO - Retrieved article length: 6427 characters
2025-01-19 15:43:49,891 - INFO - HAE: 1h change of -5.56%
2025-01-19 15:43:49,922 - INFO - Retrieved article length: 7078 characters
2025-01-19 15:43:49,986 - INFO - HAE: 1wk change of -6.75%
2025-01-19 15:43:49,995 - INFO - Retrieved article length: 10667 characters
2025-01-19 15:43:50,011 - INFO - GYRE: 1h change of -1.79%
2025-01-19 15:43:50,016 - INFO - HAIN: 1wk change of -24.46%
2025-01-19 15:43:50,090 - INFO - HAE: 1mo change of -11.82%
2025-01-19 15:43:50,091 - INFO - Processing HAE - 2025-01-15 15:57:00 UTC
2025-01-19 15:43:50,093 - INFO - H: 1h change of -2.00%
2025-01-19 15:43:50,096 - INFO - HAIN: 1mo change of -43.29%
2025-01-19 15:43:50,096 - INFO - Processing HAIN - 2025-01-02 23:25:17 UTC
2025-01-19 15:43:50,099 - INFO - GYRE: 1wk change of 7.20%
2025-01-19 15:43:50,187 - INFO - GYRE: 1mo change of -17.17%
2025-01-19 15:43:50,196 - INFO - H: 1wk change of -1.37%
2025-01-19 15:43:50,298 - INFO - H: 1mo change of -5.24%
2025-01-19 15:43:50,298 - INFO - Processing H - 2025-01-09 12:20:45 UTC
2025-01-19 15:43:50,309 - INFO - Processing HAL - 2025-01-17 16:29:00 UTC
2025-01-19 15:43:50,784 - INFO - Retrieved article length: 6219 characters
2025-01-19 15:43:50,792 - INFO - HAE: 1h change of -5.56%
2025-01-19 15:43:50,825 - INFO - Retrieved article length: 8099 characters
2025-01-19 15:43:50,860 - INFO - HAE: 1wk change of -6.75%
2025-01-19 15:43:50,926 - INFO - HAE: 1mo change of -11.82%
2025-01-19 15:43:50,926 - INFO - Processing HAE - 2025-01-14 19:31:00 UTC
2025-01-19 15:43:50,990 - INFO - Retrieved article length: 5607 characters
2025-01-19 15:43:51,007 - INFO - HAIN: 1wk change of -23.88%
2025-01-19 15:43:51,087 - INFO - HAL: 1h change of 4.78%
2025-01-19 15:43:51,100 - INFO - HAIN: 1mo change of -43.29%
2025-01-19 15:43:51,100 - INFO - Processing HAIN - 2024-12-31 00:26:25 UTC
2025-01-19 15:43:51,117 - INFO - Retrieved article length: 3074 characters
2025-01-19 15:43:51,125 - INFO - H: 1h change of -2.00%
2025-01-19 15:43:51,130 - INFO - H: 1wk change of -1.37%
2025-01-19 15:43:51,203 - INFO - H: 1mo change of -5.24%
2025-01-19 15:43:51,203 - INFO - Processing H - 2025-01-07 13:12:14 UTC
2025-01-19 15:43:51,237 - INFO - HAL: 1wk change of 7.75%
2025-01-19 15:43:51,379 - INFO - HAL: 1mo change of 4.25%
2025-01-19 15:43:51,379 - INFO - Processing HAL - 2025-01-16 23:34:22 UTC
2025-01-19 15:43:51,621 - INFO - Retrieved article length: 6722 characters
2025-01-19 15:43:51,727 - INFO - HAE: 1h change of -3.69%
2025-01-19 15:43:51,827 - INFO - HAE: 1wk change of -6.75%
2025-01-19 15:43:51,923 - INFO - Retrieved article length: 2635 characters
2025-01-19 15:43:51,923 - INFO - Processing HAE - 2025-01-14 18:11:23 UTC
2025-01-19 15:43:52,018 - INFO - Retrieved article length: 1070 characters
2025-01-19 15:43:52,022 - INFO - H: 1h change of -2.85%
2025-01-19 15:43:52,123 - INFO - H: 1wk change of -2.02%
2025-01-19 15:43:52,185 - INFO - HAIN: 1wk change of -17.10%
2025-01-19 15:43:52,228 - INFO - Retrieved article length: 3148 characters
2025-01-19 15:43:52,228 - INFO - H: 1mo change of -1.30%
2025-01-19 15:43:52,266 - INFO - HAIN: 1mo change of -43.63%
2025-01-19 15:43:52,267 - INFO - Processing HAIN - 2024-12-30 23:47:12 UTC
2025-01-19 15:43:52,326 - INFO - HAL: 1h change of 7.84%
2025-01-19 15:43:52,361 - INFO - Processing HALO - 2025-01-15 23:44:00 UTC
2025-01-19 15:43:52,499 - INFO - HAL: 1wk change of 8.10%
2025-01-19 15:43:52,628 - INFO - Retrieved article length: 516 characters
2025-01-19 15:43:52,637 - INFO - HAE: 1h change of -3.69%
2025-01-19 15:43:52,639 - INFO - HAL: 1mo change of 3.50%
2025-01-19 15:43:52,639 - INFO - Processing HAL - 2025-01-16 17:15:27 UTC
2025-01-19 15:43:52,702 - INFO - HAE: 1wk change of -6.75%
2025-01-19 15:43:52,770 - INFO - HAE: 1mo change of -12.39%
2025-01-19 15:43:52,939 - INFO - Processing HAO - 2025-01-18 15:34:53 UTC
2025-01-19 15:43:53,009 - INFO - Retrieved article length: 524 characters
2025-01-19 15:43:53,106 - INFO - Retrieved article length: 241 characters
2025-01-19 15:43:53,172 - INFO - HAIN: 1wk change of -16.20%
2025-01-19 15:43:53,208 - INFO - HALO: 1h change of 4.01%
2025-01-19 15:43:53,256 - INFO - HAIN: 1mo change of -45.34%
2025-01-19 15:43:53,256 - INFO - Processing HAIN - 2024-12-30 21:23:00 UTC
2025-01-19 15:43:53,305 - INFO - HALO: 1wk change of 8.49%
2025-01-19 15:43:53,400 - INFO - HALO: 1mo change of 15.64%
2025-01-19 15:43:53,400 - INFO - Processing HALO - 2025-01-15 17:40:12 UTC
2025-01-19 15:43:53,426 - INFO - Retrieved article length: 3619 characters
2025-01-19 15:43:53,436 - INFO - HAL: 1h change of 7.84%
2025-01-19 15:43:53,492 - INFO - HAL: 1wk change of 8.10%
2025-01-19 15:43:53,546 - INFO - HAL: 1mo change of 3.50%
2025-01-19 15:43:53,546 - INFO - Processing HAL - 2025-01-15 18:00:29 UTC
2025-01-19 15:43:53,750 - INFO - Retrieved article length: 4656 characters
2025-01-19 15:43:53,956 - INFO - HAO: 1wk change of -6.04%
2025-01-19 15:43:54,051 - INFO - HAO: 1mo change of 14.75%
2025-01-19 15:43:54,052 - INFO - Processing HAO - 2024-11-27 17:25:00 UTC
2025-01-19 15:43:54,109 - INFO - Retrieved article length: 2547 characters
2025-01-19 15:43:54,117 - INFO - HALO: 1h change of 4.01%
2025-01-19 15:43:54,126 - INFO - Retrieved article length: 527 characters
2025-01-19 15:43:54,140 - INFO - HAIN: 1wk change of -16.20%
2025-01-19 15:43:54,182 - INFO - HALO: 1wk change of 8.49%
2025-01-19 15:43:54,191 - INFO - HAIN: 1mo change of -45.34%
2025-01-19 15:43:54,213 - INFO - Retrieved article length: 6486 characters
2025-01-19 15:43:54,247 - INFO - HALO: 1mo change of 15.64%
2025-01-19 15:43:54,247 - INFO - Processing HALO - 2025-01-15 11:48:00 UTC
2025-01-19 15:43:54,298 - INFO - HAL: 1h change of 5.77%
2025-01-19 15:43:54,318 - INFO - Processing HAS - 2025-01-18 02:15:18 UTC
2025-01-19 15:43:54,445 - INFO - HAL: 1wk change of 8.10%
2025-01-19 15:43:54,593 - INFO - HAL: 1mo change of 2.40%
2025-01-19 15:43:54,594 - INFO - Processing HAL - 2025-01-15 16:09:04 UTC
2025-01-19 15:43:54,839 - INFO - Retrieved article length: 4246 characters
2025-01-19 15:43:54,907 - INFO - Retrieved article length: 12654 characters
2025-01-19 15:43:54,916 - INFO - HALO: 1h change of 4.01%
2025-01-19 15:43:54,936 - INFO - HAO: 1h change of -43.75%
2025-01-19 15:43:54,981 - INFO - HALO: 1wk change of 8.49%
2025-01-19 15:43:55,030 - INFO - HAO: 1wk change of -41.36%
2025-01-19 15:43:55,047 - INFO - HALO: 1mo change of 15.64%
2025-01-19 15:43:55,047 - INFO - Processing HALO - 2025-01-14 23:30:00 UTC
2025-01-19 15:43:55,066 - INFO - Retrieved article length: 3322 characters
2025-01-19 15:43:55,126 - INFO - HAO: 1mo change of -19.35%
2025-01-19 15:43:55,127 - INFO - Processing HAO - 2024-11-07 00:05:00 UTC
2025-01-19 15:43:55,158 - INFO - HAS: 1h change of 2.01%
2025-01-19 15:43:55,382 - INFO - Retrieved article length: 529 characters
2025-01-19 15:43:55,390 - INFO - HAL: 1h change of 5.77%
2025-01-19 15:43:55,430 - INFO - HAS: 1mo change of -5.72%
2025-01-19 15:43:55,431 - INFO - Processing HAS - 2025-01-15 13:55:08 UTC
2025-01-19 15:43:55,441 - INFO - HAL: 1wk change of 8.10%
2025-01-19 15:43:55,497 - INFO - HAL: 1mo change of 2.40%
2025-01-19 15:43:55,497 - INFO - Processing HAL - 2025-01-15 02:15:23 UTC
2025-01-19 15:43:55,726 - INFO - Retrieved article length: 296 characters
2025-01-19 15:43:55,781 - INFO - Retrieved article length: 4845 characters
2025-01-19 15:43:55,825 - INFO - HALO: 1h change of 2.49%
2025-01-19 15:43:55,878 - INFO - HAO: 1h change of 2.16%
2025-01-19 15:43:55,917 - INFO - HALO: 1wk change of 8.49%
2025-01-19 15:43:55,972 - INFO - HAO: 1wk change of 20.23%
2025-01-19 15:43:56,013 - INFO - HALO: 1mo change of 11.70%
2025-01-19 15:43:56,014 - INFO - Processing HALO - 2025-01-14 18:02:00 UTC
2025-01-19 15:43:56,074 - INFO - HAO: 1mo change of -50.19%
2025-01-19 15:43:56,075 - INFO - Processing HAO - 2024-10-29 15:30:00 UTC
2025-01-19 15:43:56,106 - INFO - Retrieved article length: 3356 characters
2025-01-19 15:43:56,117 - INFO - HAL: 1h change of 5.77%
2025-01-19 15:43:56,168 - INFO - HAL: 1wk change of 8.10%
2025-01-19 15:43:56,219 - INFO - HAL: 1mo change of 2.40%
2025-01-19 15:43:56,219 - INFO - Processing HAL - 2025-01-14 22:45:00 UTC
2025-01-19 15:43:56,234 - INFO - Retrieved article length: 514 characters
2025-01-19 15:43:56,326 - INFO - HAS: 1h change of 1.85%
2025-01-19 15:43:56,597 - INFO - HAS: 1mo change of -10.94%
2025-01-19 15:43:56,597 - INFO - Processing HAS - 2025-01-13 20:10:16 UTC
2025-01-19 15:43:56,802 - INFO - Retrieved article length: 10775 characters
2025-01-19 15:43:56,811 - INFO - HALO: 1h change of 2.49%
2025-01-19 15:43:56,869 - INFO - Retrieved article length: 14748 characters
2025-01-19 15:43:56,877 - INFO - HALO: 1wk change of 8.49%
2025-01-19 15:43:56,942 - INFO - HALO: 1mo change of 11.70%
2025-01-19 15:43:56,942 - INFO - Processing HALO - 2025-01-13 19:43:00 UTC
2025-01-19 15:43:56,967 - INFO - HAO: 1h change of 18.62%
2025-01-19 15:43:56,993 - INFO - Retrieved article length: 6115 characters
2025-01-19 15:43:57,065 - INFO - HAO: 1wk change of 1.02%
2025-01-19 15:43:57,084 - INFO - HAL: 1h change of 4.50%
2025-01-19 15:43:57,160 - INFO - HAO: 1mo change of -68.00%
2025-01-19 15:43:57,210 - INFO - HAL: 1wk change of 8.10%
2025-01-19 15:43:57,284 - INFO - Retrieved article length: 3238 characters
2025-01-19 15:43:57,288 - INFO - Processing HASI - 2025-01-16 15:30:00 UTC
2025-01-19 15:43:57,335 - INFO - HAL: 1mo change of 2.86%
2025-01-19 15:43:57,336 - INFO - Processing HAL - 2025-01-14 18:37:10 UTC
2025-01-19 15:43:57,647 - INFO - HAS: 1mo change of -11.76%
2025-01-19 15:43:57,647 - INFO - Processing HAS - 2025-01-11 02:00:21 UTC
2025-01-19 15:43:57,770 - INFO - Retrieved article length: 5406 characters
2025-01-19 15:43:57,868 - INFO - HALO: 1h change of 1.16%
2025-01-19 15:43:57,967 - INFO - HALO: 1wk change of 14.79%
2025-01-19 15:43:58,066 - INFO - HALO: 1mo change of 11.70%
2025-01-19 15:43:58,066 - INFO - Processing HALO - 2025-01-10 20:45:03 UTC
2025-01-19 15:43:58,069 - INFO - Retrieved article length: 494 characters
2025-01-19 15:43:58,078 - INFO - HAL: 1h change of 4.50%
2025-01-19 15:43:58,101 - INFO - Retrieved article length: 4094 characters
2025-01-19 15:43:58,130 - INFO - HAL: 1wk change of 8.10%
2025-01-19 15:43:58,182 - INFO - HAL: 1mo change of 2.86%
2025-01-19 15:43:58,209 - INFO - HASI: 1h change of 3.56%
2025-01-19 15:43:58,293 - INFO - Processing HAYW - 2025-01-13 16:45:08 UTC
2025-01-19 15:43:58,315 - INFO - HASI: 1wk change of 2.05%
2025-01-19 15:43:58,394 - INFO - Retrieved article length: 3279 characters
2025-01-19 15:43:58,422 - INFO - HASI: 1mo change of -5.60%
2025-01-19 15:43:58,422 - INFO - Processing HASI - 2025-01-08 17:35:52 UTC
2025-01-19 15:43:58,610 - INFO - HAS: 1wk change of 1.61%
2025-01-19 15:43:58,729 - INFO - HAS: 1mo change of -11.76%
2025-01-19 15:43:58,729 - INFO - Processing HAS - 2025-01-09 02:15:21 UTC
2025-01-19 15:43:58,746 - INFO - Retrieved article length: 4057 characters
2025-01-19 15:43:58,946 - INFO - HALO: 1wk change of 14.62%
2025-01-19 15:43:59,042 - INFO - HALO: 1mo change of 13.22%
2025-01-19 15:43:59,043 - INFO - Processing HALO - 2025-01-10 18:16:00 UTC
2025-01-19 15:43:59,147 - INFO - Retrieved article length: 3854 characters
2025-01-19 15:43:59,178 - INFO - Retrieved article length: 2335 characters
2025-01-19 15:43:59,232 - INFO - HAYW: 1h change of 1.30%
2025-01-19 15:43:59,386 - INFO - HASI: 1wk change of 4.53%
2025-01-19 15:43:59,395 - INFO - HAYW: 1mo change of -5.57%
2025-01-19 15:43:59,395 - INFO - Processing HAYW - 2025-01-08 12:04:12 UTC
2025-01-19 15:43:59,493 - INFO - HASI: 1mo change of -8.31%
2025-01-19 15:43:59,493 - INFO - Processing HASI - 2024-12-10 15:00:00 UTC
2025-01-19 15:43:59,497 - INFO - Retrieved article length: 3272 characters
2025-01-19 15:43:59,587 - INFO - HAS: 1h change of -1.23%
2025-01-19 15:43:59,717 - INFO - HAS: 1wk change of 2.93%
2025-01-19 15:43:59,808 - INFO - Retrieved article length: 5296 characters
2025-01-19 15:43:59,853 - INFO - HAS: 1mo change of -14.55%
2025-01-19 15:43:59,853 - INFO - Processing HAS - 2025-01-08 18:40:31 UTC
2025-01-19 15:43:59,882 - INFO - HALO: 1wk change of 14.62%
2025-01-19 15:43:59,951 - INFO - HALO: 1mo change of 13.22%
2025-01-19 15:44:00,087 - INFO - Processing HBAN - 2025-01-18 16:19:54 UTC
2025-01-19 15:44:00,092 - INFO - Retrieved article length: 6005 characters
2025-01-19 15:44:00,174 - INFO - HAYW: 1h change of -3.91%
2025-01-19 15:44:00,211 - INFO - Retrieved article length: 5275 characters
2025-01-19 15:44:00,254 - INFO - HAYW: 1wk change of -1.18%
2025-01-19 15:44:00,309 - INFO - HASI: 1h change of -2.73%
2025-01-19 15:44:00,340 - INFO - HAYW: 1mo change of -5.68%
2025-01-19 15:44:00,340 - INFO - Processing HAYW - 2025-01-06 15:12:28 UTC
2025-01-19 15:44:00,423 - INFO - HASI: 1wk change of -15.25%
2025-01-19 15:44:00,531 - INFO - HASI: 1mo change of -23.82%
2025-01-19 15:44:00,532 - INFO - Processing HASI - 2024-11-22 17:30:18 UTC
2025-01-19 15:44:00,570 - INFO - Retrieved article length: 4233 characters
2025-01-19 15:44:00,784 - INFO - HAS: 1wk change of 2.93%
2025-01-19 15:44:00,821 - INFO - Retrieved article length: 2145 characters
2025-01-19 15:44:00,904 - INFO - HAS: 1mo change of -14.75%
2025-01-19 15:44:00,904 - INFO - Processing HAS - 2025-01-08 18:15:20 UTC
2025-01-19 15:44:01,027 - INFO - Retrieved article length: 530 characters
2025-01-19 15:44:01,095 - INFO - HBAN: 1wk change of 3.53%
2025-01-19 15:44:01,113 - INFO - HAYW: 1h change of -2.38%
2025-01-19 15:44:01,195 - INFO - HAYW: 1wk change of -3.63%
2025-01-19 15:44:01,240 - INFO - Processing HBAN - 2025-01-18 10:00:54 UTC
2025-01-19 15:44:01,246 - INFO - Retrieved article length: 8384 characters
2025-01-19 15:44:01,276 - INFO - HAYW: 1mo change of -5.62%
2025-01-19 15:44:01,276 - INFO - Processing HAYW - 2024-12-19 12:04:12 UTC
2025-01-19 15:44:01,344 - INFO - HASI: 1h change of 2.96%
2025-01-19 15:44:01,453 - INFO - HASI: 1wk change of 16.58%
2025-01-19 15:44:01,565 - INFO - HASI: 1mo change of -21.33%
2025-01-19 15:44:01,566 - INFO - Processing HASI - 2024-11-21 15:30:00 UTC
2025-01-19 15:44:01,659 - INFO - Retrieved article length: 4426 characters
2025-01-19 15:44:01,671 - INFO - HAS: 1wk change of 2.93%
2025-01-19 15:44:01,722 - INFO - HAS: 1mo change of -14.75%
2025-01-19 15:44:01,722 - INFO - Processing HAS - 2025-01-08 17:45:11 UTC
2025-01-19 15:44:01,881 - INFO - Retrieved article length: 5774 characters
2025-01-19 15:44:01,973 - INFO - HAYW: 1h change of -3.80%
2025-01-19 15:44:02,024 - INFO - Retrieved article length: 4924 characters
2025-01-19 15:44:02,054 - INFO - HAYW: 1wk change of -3.44%
2025-01-19 15:44:02,139 - INFO - HAYW: 1mo change of -4.13%
2025-01-19 15:44:02,140 - INFO - Processing HAYW - 2024-12-16 19:32:32 UTC
2025-01-19 15:44:02,159 - INFO - HBAN: 1wk change of 3.53%
2025-01-19 15:44:02,225 - INFO - Processing HBAN - 2025-01-18 09:09:00 UTC
2025-01-19 15:44:02,412 - INFO - Retrieved article length: 2189 characters
2025-01-19 15:44:02,425 - INFO - HAS: 1wk change of 2.93%
2025-01-19 15:44:02,476 - INFO - HAS: 1mo change of -14.75%
2025-01-19 15:44:02,491 - INFO - Retrieved article length: 7782 characters
2025-01-19 15:44:02,589 - INFO - Processing HBI - 2025-01-15 12:05:11 UTC
2025-01-19 15:44:02,595 - INFO - HASI: 1h change of 5.92%
2025-01-19 15:44:02,706 - INFO - HASI: 1wk change of 7.47%
2025-01-19 15:44:02,825 - INFO - HASI: 1mo change of -21.56%
2025-01-19 15:44:02,825 - INFO - Processing HASI - 2024-11-09 17:22:45 UTC
2025-01-19 15:44:02,979 - INFO - Retrieved article length: 4696 characters
2025-01-19 15:44:03,064 - INFO - Retrieved article length: 47808 characters
2025-01-19 15:44:03,146 - INFO - HAYW: 1wk change of -3.74%
2025-01-19 15:44:03,202 - INFO - HBAN: 1wk change of 3.53%
2025-01-19 15:44:03,237 - INFO - HAYW: 1mo change of -5.57%
2025-01-19 15:44:03,237 - INFO - Processing HAYW - 2024-12-06 11:16:39 UTC
2025-01-19 15:44:03,270 - INFO - Processing HBAN - 2025-01-18 00:05:00 UTC
2025-01-19 15:44:03,273 - INFO - Retrieved article length: 5904 characters
2025-01-19 15:44:03,372 - INFO - HBI: 1h change of 2.34%
2025-01-19 15:44:03,569 - INFO - Retrieved article length: 2104 characters
2025-01-19 15:44:03,608 - INFO - HBI: 1mo change of -4.27%
2025-01-19 15:44:03,608 - INFO - Processing HBI - 2025-01-09 23:02:00 UTC
2025-01-19 15:44:03,672 - INFO - HASI: 1h change of -10.57%
2025-01-19 15:44:03,786 - INFO - HASI: 1wk change of -22.32%
2025-01-19 15:44:03,898 - INFO - HASI: 1mo change of -14.36%
2025-01-19 15:44:03,899 - INFO - Processing HASI - 2024-11-08 10:34:34 UTC
2025-01-19 15:44:04,074 - INFO - Retrieved article length: 3693 characters
2025-01-19 15:44:04,267 - INFO - Retrieved article length: 2795 characters
2025-01-19 15:44:04,323 - INFO - HAYW: 1mo change of -10.22%
2025-01-19 15:44:04,323 - INFO - Processing HAYW - 2024-12-05 09:45:07 UTC
2025-01-19 15:44:04,354 - INFO - Retrieved article length: 7207 characters
2025-01-19 15:44:04,403 - INFO - HBAN: 1wk change of 3.53%
2025-01-19 15:44:04,442 - INFO - HBI: 1h change of 1.04%
2025-01-19 15:44:04,474 - INFO - Processing HBAN - 2025-01-17 19:20:00 UTC
2025-01-19 15:44:04,555 - INFO - HBI: 1wk change of 2.09%
2025-01-19 15:44:04,652 - INFO - HBI: 1mo change of -3.72%
2025-01-19 15:44:04,653 - INFO - Processing HBI - 2025-01-08 16:11:00 UTC
2025-01-19 15:44:04,786 - INFO - Retrieved article length: 4589 characters
2025-01-19 15:44:04,889 - INFO - HASI: 1h change of -9.59%
2025-01-19 15:44:05,004 - INFO - HASI: 1wk change of -20.46%
2025-01-19 15:44:05,037 - INFO - Retrieved article length: 5963 characters
2025-01-19 15:44:05,118 - INFO - HASI: 1mo change of -13.13%
2025-01-19 15:44:05,118 - INFO - Processing HASI - 2024-11-08 00:05:00 UTC
2025-01-19 15:44:05,189 - INFO - Retrieved article length: 5659 characters
2025-01-19 15:44:05,269 - INFO - Retrieved article length: 10585 characters
2025-01-19 15:44:05,301 - INFO - HAYW: 1mo change of -10.82%
2025-01-19 15:44:05,301 - INFO - Processing HAYW - 2024-11-26 13:10:06 UTC
2025-01-19 15:44:05,993 - INFO - Retrieved article length: 6006 characters
2025-01-19 15:44:06,270 - INFO - Retrieved article length: 43615 characters
2025-01-19 15:44:06,279 - INFO - HASI: 1h change of -9.59%
2025-01-19 15:44:06,285 - INFO - HASI: 1wk change of -20.46%
2025-01-19 15:44:06,293 - INFO - HASI: 1mo change of -13.13%
2025-01-19 15:44:06,966 - ERROR - HBAN: No price data found, symbol may be delisted (1d 2025-01-07 -> 2025-01-27)
2025-01-19 15:44:07,001 - ERROR - HAYW: No price data found, symbol may be delisted (1h 2024-11-24 -> 2024-11-28)
2025-01-19 15:44:07,042 - ERROR - HBI: No price data found, symbol may be delisted (1d 2024-12-29 -> 2025-01-18)
2025-01-19 15:44:07,781 - ERROR - Error getting news for HCA: Expecting value: line 1 column 1 (char 0)
2025-01-19 15:44:08,042 - ERROR - HBAN: No price data found, symbol may be delisted (1d 2024-12-13 -> 2025-02-21)
2025-01-19 15:44:08,043 - INFO - Processing HBAN - 2025-01-17 17:30:09 UTC
2025-01-19 15:44:08,106 - ERROR - HBI: No price data found, symbol may be delisted (1d 2024-12-04 -> 2025-02-12)
2025-01-19 15:44:08,107 - INFO - Processing HBI - 2025-01-07 19:14:00 UTC
2025-01-19 15:44:08,267 - ERROR - HAYW: No price data found, symbol may be delisted (1d 2024-11-16 -> 2024-12-06)
2025-01-19 15:44:08,815 - ERROR - Error getting news for HCC: Expecting value: line 1 column 1 (char 0)
2025-01-19 15:44:08,868 - INFO - Retrieved article length: 3156 characters
2025-01-19 15:44:08,890 - INFO - Retrieved article length: 8584 characters
2025-01-19 15:44:09,242 - ERROR - HAYW: No price data found, symbol may be delisted (1d 2024-10-22 -> 2024-12-31)
2025-01-19 15:44:09,862 - ERROR - Error getting news for HCP: Expecting value: line 1 column 1 (char 0)
2025-01-19 15:44:10,055 - ERROR - HBAN: No price data found, symbol may be delisted (1d 2025-01-07 -> 2025-01-27)
2025-01-19 15:44:10,095 - ERROR - HBI: No price data found, symbol may be delisted (1h 2025-01-05 -> 2025-01-09)
2025-01-19 15:44:10,367 - ERROR - Error getting news for HCTI: Expecting value: line 1 column 1 (char 0)
2025-01-19 15:44:11,191 - ERROR - HBAN: No price data found, symbol may be delisted (1d 2024-12-13 -> 2025-02-21)
2025-01-19 15:44:11,192 - INFO - Processing HBAN - 2025-01-17 16:40:38 UTC
2025-01-19 15:44:11,272 - ERROR - Error getting news for HCWB: Expecting value: line 1 column 1 (char 0)
2025-01-19 15:44:11,422 - ERROR - Error getting news for HD: Expecting value: line 1 column 1 (char 0)
2025-01-19 15:44:11,559 - ERROR - HBI: No price data found, symbol may be delisted (1d 2024-12-28 -> 2025-01-17)
2025-01-19 15:44:12,006 - INFO - Retrieved article length: 2180 characters
2025-01-19 15:44:12,478 - ERROR - Error getting news for HDSN: Expecting value: line 1 column 1 (char 0)
2025-01-19 15:44:12,542 - ERROR - Error getting news for HE: Expecting value: line 1 column 1 (char 0)
2025-01-19 15:44:12,627 - ERROR - HBI: No price data found, symbol may be delisted (1d 2024-12-03 -> 2025-02-11)
2025-01-19 15:44:12,627 - INFO - Processing HBI - 2025-01-07 18:33:00 UTC
2025-01-19 15:44:13,216 - ERROR - HBAN: No price data found, symbol may be delisted (1d 2025-01-07 -> 2025-01-27)
2025-01-19 15:44:13,329 - INFO - Retrieved article length: 4298 characters
2025-01-19 15:44:13,329 - ERROR - HBI: No price data found, symbol may be delisted (1h 2025-01-05 -> 2025-01-09)
2025-01-19 15:44:13,330 - ERROR - HBI: No price data found, symbol may be delisted (1d 2024-12-28 -> 2025-01-17)
2025-01-19 15:44:13,536 - ERROR - Error getting news for HEFA: Expecting value: line 1 column 1 (char 0)
2025-01-19 15:44:13,587 - ERROR - Error getting news for HEPA: Expecting value: line 1 column 1 (char 0)
2025-01-19 15:44:14,280 - ERROR - HBAN: No price data found, symbol may be delisted (1d 2024-12-13 -> 2025-02-21)
2025-01-19 15:44:14,281 - INFO - Processing HBAN - 2025-01-17 16:25:03 UTC
2025-01-19 15:44:14,512 - ERROR - HBI: No price data found, symbol may be delisted (1d 2024-12-03 -> 2025-02-11)
2025-01-19 15:44:14,513 - INFO - Processing HBI - 2025-01-07 15:49:00 UTC
2025-01-19 15:44:14,540 - ERROR - Error getting news for HES: Expecting value: line 1 column 1 (char 0)
2025-01-19 15:44:14,847 - ERROR - Error getting news for HESM: Expecting value: line 1 column 1 (char 0)
2025-01-19 15:44:14,975 - INFO - Retrieved article length: 4418 characters
2025-01-19 15:44:15,247 - INFO - Retrieved article length: 6935 characters
2025-01-19 15:44:15,248 - ERROR - HBI: No price data found, symbol may be delisted (1h 2025-01-05 -> 2025-01-09)
2025-01-19 15:44:15,249 - ERROR - HBI: No price data found, symbol may be delisted (1d 2024-12-28 -> 2025-01-17)
2025-01-19 15:44:15,593 - ERROR - Error getting news for HFBL: Expecting value: line 1 column 1 (char 0)
2025-01-19 15:44:15,886 - ERROR - Error getting news for HFFG: Expecting value: line 1 column 1 (char 0)
2025-01-19 15:44:16,060 - ERROR - HBAN: No price data found, symbol may be delisted (1d 2025-01-07 -> 2025-01-27)
2025-01-19 15:44:16,390 - ERROR - HBI: No price data found, symbol may be delisted (1d 2024-12-03 -> 2025-02-11)
2025-01-19 15:44:16,391 - INFO - Processing HBI - 2025-01-07 14:48:00 UTC
2025-01-19 15:44:16,617 - ERROR - Error getting news for HGBL: Expecting value: line 1 column 1 (char 0)
2025-01-19 15:44:17,078 - ERROR - HBAN: No price data found, symbol may be delisted (1d 2024-12-13 -> 2025-02-21)
2025-01-19 15:44:17,169 - ERROR - Error getting news for HGV: Expecting value: line 1 column 1 (char 0)
2025-01-19 15:44:17,338 - INFO - Retrieved article length: 7061 characters
2025-01-19 15:44:17,339 - ERROR - HBI: No price data found, symbol may be delisted (1h 2025-01-05 -> 2025-01-09)
2025-01-19 15:44:17,340 - ERROR - HBI: No price data found, symbol may be delisted (1d 2024-12-28 -> 2025-01-17)
2025-01-19 15:44:17,744 - ERROR - Error getting news for HHGC: Expecting value: line 1 column 1 (char 0)
2025-01-19 15:44:18,474 - ERROR - HBI: No price data found, symbol may be delisted (1d 2024-12-03 -> 2025-02-11)
2025-01-19 15:44:18,475 - INFO - Processing HBI - 2025-01-07 12:01:08 UTC
2025-01-19 15:44:19,384 - INFO - Retrieved article length: 5801 characters
2025-01-19 15:44:19,385 - ERROR - HBI: No price data found, symbol may be delisted (1h 2025-01-05 -> 2025-01-09)
2025-01-19 15:44:19,385 - ERROR - HBI: No price data found, symbol may be delisted (1d 2024-12-28 -> 2025-01-17)
2025-01-19 15:44:20,414 - ERROR - HBI: No price data found, symbol may be delisted (1d 2024-12-03 -> 2025-02-11)
