2025-01-19 12:16:35,239 - INFO - Starting new training session. Logging to: logs/training_20250119_121635.log
2025-01-19 12:16:35,260 - INFO - Starting new training session. Logging to: logs/training_20250119_121635.log
2025-01-19 12:16:36,739 - INFO - Processing ASPI - 2025-01-14 18:10:55 UTC
2025-01-19 12:16:36,763 - INFO - Processing ASPCU - 2024-11-13 02:00:00 UTC
2025-01-19 12:16:37,879 - INFO - Retrieved article length: 4016 characters
2025-01-19 12:16:37,910 - INFO - Retrieved article length: 6870 characters
2025-01-19 12:16:38,032 - INFO - ASPI: 1h change of 12.31%
2025-01-19 12:16:38,141 - INFO - ASPI: 1wk change of 12.52%
2025-01-19 12:16:38,233 - INFO - ASPI: 1mo change of 25.78%
2025-01-19 12:16:38,673 - INFO - Processing ASPCU - 2024-11-08 17:20:00 UTC
2025-01-19 12:16:38,734 - INFO - Processing ASPI - 2025-01-13 18:30:00 UTC
2025-01-19 12:16:39,944 - INFO - Retrieved article length: 4172 characters
2025-01-19 12:16:40,036 - INFO - Retrieved article length: 11255 characters
2025-01-19 12:16:40,130 - INFO - ASPI: 1h change of 5.72%
2025-01-19 12:16:40,215 - INFO - ASPI: 1wk change of 5.40%
2025-01-19 12:16:40,294 - INFO - ASPI: 1mo change of 27.19%
2025-01-19 12:16:40,807 - INFO - Processing ASPI - 2025-01-02 19:00:32 UTC
2025-01-19 12:16:41,881 - INFO - Processing ASPN - 2025-01-16 19:27:10 UTC
2025-01-19 12:16:42,046 - INFO - Retrieved article length: 3028 characters
2025-01-19 12:16:42,157 - INFO - ASPI: 1h change of 20.97%
2025-01-19 12:16:42,239 - INFO - ASPI: 1wk change of -1.43%
2025-01-19 12:16:42,392 - INFO - ASPI: 1mo change of 1.98%
2025-01-19 12:16:42,900 - INFO - Processing ASPI - 2024-12-18 15:57:00 UTC
2025-01-19 12:16:42,967 - INFO - Retrieved article length: 5381 characters
2025-01-19 12:16:43,061 - INFO - ASPN: 1h change of -1.05%
2025-01-19 12:16:43,159 - INFO - ASPN: 1wk change of -8.49%
2025-01-19 12:16:43,253 - INFO - ASPN: 1mo change of -3.27%
2025-01-19 12:16:43,755 - INFO - Processing ASPN - 2025-01-14 17:00:15 UTC
2025-01-19 12:16:44,046 - INFO - Retrieved article length: 8212 characters
2025-01-19 12:16:44,160 - INFO - ASPI: 1h change of -25.77%
2025-01-19 12:16:44,264 - INFO - ASPI: 1wk change of 8.31%
2025-01-19 12:16:44,346 - INFO - ASPI: 1mo change of -32.05%
2025-01-19 12:16:44,857 - INFO - Processing ASPI - 2024-12-16 16:00:00 UTC
2025-01-19 12:16:44,930 - INFO - Retrieved article length: 2934 characters
2025-01-19 12:16:45,025 - INFO - ASPN: 1h change of 6.52%
2025-01-19 12:16:45,111 - INFO - ASPN: 1wk change of -8.49%
2025-01-19 12:16:45,213 - INFO - ASPN: 1mo change of -7.15%
2025-01-19 12:16:45,723 - INFO - Processing ASPN - 2025-01-13 17:00:14 UTC
2025-01-19 12:16:46,009 - INFO - Retrieved article length: 23882 characters
2025-01-19 12:16:46,108 - INFO - ASPI: 1h change of -7.24%
2025-01-19 12:16:46,200 - INFO - ASPI: 1wk change of -1.74%
2025-01-19 12:16:46,296 - INFO - ASPI: 1mo change of -31.56%
2025-01-19 12:16:46,797 - INFO - Processing ASPI - 2024-12-16 14:05:53 UTC
2025-01-19 12:16:46,826 - INFO - Retrieved article length: 3103 characters
2025-01-19 12:16:46,913 - INFO - ASPN: 1h change of 4.43%
2025-01-19 12:16:46,996 - INFO - ASPN: 1wk change of -2.30%
2025-01-19 12:16:47,079 - INFO - ASPN: 1mo change of -11.05%
2025-01-19 12:16:47,582 - INFO - Processing ASPN - 2025-01-10 17:55:04 UTC
2025-01-19 12:16:47,846 - INFO - Retrieved article length: 7305 characters
2025-01-19 12:16:47,862 - INFO - ASPI: 1h change of -7.24%
2025-01-19 12:16:47,873 - INFO - ASPI: 1wk change of -1.74%
2025-01-19 12:16:47,918 - INFO - ASPI: 1mo change of -31.56%
2025-01-19 12:16:48,427 - INFO - Processing ASPI - 2024-12-13 17:07:14 UTC
2025-01-19 12:16:48,811 - INFO - Retrieved article length: 4858 characters
2025-01-19 12:16:48,909 - INFO - ASPN: 1h change of -3.10%
2025-01-19 12:16:49,054 - INFO - ASPN: 1wk change of 7.07%
2025-01-19 12:16:49,144 - INFO - ASPN: 1mo change of -4.79%
2025-01-19 12:16:49,645 - INFO - Processing ASPN - 2025-01-02 12:41:00 UTC
2025-01-19 12:16:49,829 - INFO - Retrieved article length: 509 characters
2025-01-19 12:16:49,921 - INFO - ASPI: 1h change of 16.07%
2025-01-19 12:16:50,108 - INFO - ASPI: 1mo change of -41.39%
2025-01-19 12:16:50,611 - INFO - Processing ASPI - 2024-12-13 16:00:00 UTC
2025-01-19 12:16:50,914 - INFO - Retrieved article length: 13580 characters
2025-01-19 12:16:51,015 - INFO - ASPN: 1h change of 8.78%
2025-01-19 12:16:51,100 - INFO - ASPN: 1wk change of 4.07%
2025-01-19 12:16:51,191 - INFO - ASPN: 1mo change of -14.05%
2025-01-19 12:16:51,697 - INFO - Processing ASPN - 2024-12-31 16:25:31 UTC
2025-01-19 12:16:51,747 - INFO - Retrieved article length: 22158 characters
2025-01-19 12:16:51,762 - INFO - ASPI: 1h change of 16.07%
2025-01-19 12:16:51,773 - INFO - ASPI: 1mo change of -41.39%
2025-01-19 12:16:52,901 - INFO - Retrieved article length: 4187 characters
2025-01-19 12:16:53,094 - INFO - ASPN: 1wk change of 9.21%
2025-01-19 12:16:53,167 - INFO - ASPN: 1mo change of -11.30%
2025-01-19 12:16:53,477 - INFO - Processing ASRT - 2025-01-04 00:30:00 UTC
2025-01-19 12:16:53,684 - INFO - Processing ASPN - 2024-12-09 17:18:31 UTC
2025-01-19 12:16:54,569 - INFO - Retrieved article length: 4442 characters
2025-01-19 12:16:54,663 - INFO - ASRT: 1h change of -1.76%
2025-01-19 12:16:54,758 - INFO - ASRT: 1wk change of -10.00%
2025-01-19 12:16:54,850 - INFO - ASRT: 1mo change of -18.63%
2025-01-19 12:16:54,883 - INFO - Retrieved article length: 4060 characters
2025-01-19 12:16:55,027 - INFO - ASPN: 1h change of -1.86%
2025-01-19 12:16:55,115 - INFO - ASPN: 1wk change of -15.61%
2025-01-19 12:16:55,194 - INFO - ASPN: 1mo change of -31.29%
2025-01-19 12:16:55,353 - INFO - Processing ASRT - 2024-12-17 16:30:00 UTC
2025-01-19 12:16:55,704 - INFO - Processing ASPN - 2024-12-05 01:15:13 UTC
2025-01-19 12:16:56,571 - INFO - Retrieved article length: 5593 characters
2025-01-19 12:16:56,672 - INFO - ASRT: 1h change of -6.46%
2025-01-19 12:16:56,760 - INFO - ASRT: 1wk change of -3.23%
2025-01-19 12:16:56,850 - INFO - ASRT: 1mo change of -2.35%
2025-01-19 12:16:56,890 - INFO - Retrieved article length: 3513 characters
2025-01-19 12:16:56,974 - INFO - ASPN: 1h change of -5.48%
2025-01-19 12:16:57,067 - INFO - ASPN: 1wk change of -12.69%
2025-01-19 12:16:57,167 - INFO - ASPN: 1mo change of -26.23%
2025-01-19 12:16:57,354 - INFO - Processing ASRT - 2024-12-13 16:00:00 UTC
2025-01-19 12:16:58,517 - INFO - Retrieved article length: 5341 characters
2025-01-19 12:16:58,607 - INFO - ASRT: 1h change of -3.99%
2025-01-19 12:16:58,704 - INFO - ASRT: 1wk change of -11.00%
2025-01-19 12:16:58,808 - INFO - ASRT: 1mo change of -5.88%
2025-01-19 12:16:58,836 - INFO - Processing ASST - 2024-12-11 16:58:39 UTC
2025-01-19 12:16:59,309 - INFO - Processing ASRT - 2024-12-12 16:00:00 UTC
2025-01-19 12:17:00,055 - INFO - Retrieved article length: 492 characters
2025-01-19 12:17:00,147 - INFO - ASST: 1h change of -22.26%
2025-01-19 12:17:00,227 - INFO - ASST: 1wk change of -13.13%
2025-01-19 12:17:00,312 - INFO - ASST: 1mo change of -33.54%
2025-01-19 12:17:00,503 - INFO - Retrieved article length: 6382 characters
2025-01-19 12:17:00,577 - INFO - ASRT: 1h change of -5.09%
2025-01-19 12:17:00,680 - INFO - ASRT: 1wk change of -12.75%
2025-01-19 12:17:00,769 - INFO - ASRT: 1mo change of -17.82%
2025-01-19 12:17:00,813 - INFO - Processing ASST - 2024-12-11 16:15:00 UTC
2025-01-19 12:17:01,274 - INFO - Processing ASRT - 2024-12-06 15:00:00 UTC
2025-01-19 12:17:02,009 - INFO - Retrieved article length: 5400 characters
2025-01-19 12:17:02,009 - INFO - ASST: 1h change of -22.26%
2025-01-19 12:17:02,031 - INFO - ASST: 1wk change of -13.13%
2025-01-19 12:17:02,036 - INFO - ASST: 1mo change of -33.54%
2025-01-19 12:17:02,537 - INFO - Processing ASST - 2024-11-26 16:00:00 UTC
2025-01-19 12:17:02,674 - INFO - Retrieved article length: 7134 characters
2025-01-19 12:17:02,769 - INFO - ASRT: 1h change of -2.08%
2025-01-19 12:17:02,855 - INFO - ASRT: 1wk change of -6.12%
2025-01-19 12:17:02,945 - INFO - ASRT: 1mo change of -19.42%
2025-01-19 12:17:03,453 - INFO - Processing ASRT - 2024-11-13 13:27:44 UTC
2025-01-19 12:17:03,703 - INFO - Retrieved article length: 7543 characters
2025-01-19 12:17:03,788 - INFO - ASST: 1h change of -20.63%
2025-01-19 12:17:03,876 - INFO - ASST: 1wk change of -35.12%
2025-01-19 12:17:03,973 - INFO - ASST: 1mo change of -51.48%
2025-01-19 12:17:04,475 - INFO - Processing ASST - 2024-11-25 16:00:00 UTC
2025-01-19 12:17:04,616 - INFO - Retrieved article length: 1993 characters
2025-01-19 12:17:04,721 - INFO - ASRT: 1h change of -13.09%
2025-01-19 12:17:04,803 - INFO - ASRT: 1wk change of -11.32%
2025-01-19 12:17:04,906 - INFO - ASRT: 1mo change of -14.68%
2025-01-19 12:17:05,413 - INFO - Processing ASRT - 2024-11-12 17:41:20 UTC
2025-01-19 12:17:05,694 - INFO - Retrieved article length: 7041 characters
2025-01-19 12:17:05,847 - INFO - ASST: 1h change of -13.35%
2025-01-19 12:17:05,918 - INFO - ASST: 1wk change of -30.15%
2025-01-19 12:17:06,009 - INFO - ASST: 1mo change of -54.76%
2025-01-19 12:17:06,519 - INFO - Processing ASST - 2024-11-21 16:00:00 UTC
2025-01-19 12:17:06,656 - INFO - Retrieved article length: 30158 characters
2025-01-19 12:17:06,758 - INFO - ASRT: 1h change of -10.62%
2025-01-19 12:17:06,844 - INFO - ASRT: 1wk change of -8.49%
2025-01-19 12:17:06,947 - INFO - ASRT: 1mo change of -14.55%
2025-01-19 12:17:07,450 - INFO - Processing ASRT - 2024-11-12 00:09:12 UTC
2025-01-19 12:17:07,790 - INFO - Retrieved article length: 8351 characters
2025-01-19 12:17:07,881 - INFO - ASST: 1h change of -3.82%
2025-01-19 12:17:08,019 - INFO - ASST: 1wk change of -42.36%
2025-01-19 12:17:08,107 - INFO - ASST: 1mo change of -61.55%
2025-01-19 12:17:08,609 - INFO - Processing ASST - 2024-11-17 16:05:32 UTC
2025-01-19 12:17:08,710 - INFO - Retrieved article length: 804 characters
2025-01-19 12:17:08,726 - INFO - ASRT: 1h change of -10.62%
2025-01-19 12:17:08,736 - INFO - ASRT: 1wk change of -8.49%
2025-01-19 12:17:08,742 - INFO - ASRT: 1mo change of -14.55%
2025-01-19 12:17:09,822 - INFO - Retrieved article length: 1609 characters
2025-01-19 12:17:09,913 - INFO - ASST: 1h change of -6.15%
2025-01-19 12:17:09,998 - INFO - ASST: 1wk change of -29.11%
2025-01-19 12:17:10,095 - INFO - ASST: 1mo change of -65.33%
2025-01-19 12:17:10,383 - INFO - Processing ASTC - 2025-01-14 16:30:00 UTC
2025-01-19 12:17:10,597 - INFO - Processing ASST - 2024-11-15 16:00:00 UTC
2025-01-19 12:17:11,540 - INFO - Retrieved article length: 5373 characters
2025-01-19 12:17:11,722 - INFO - ASTC: 1wk change of -4.22%
2025-01-19 12:17:11,760 - INFO - Retrieved article length: 4590 characters
2025-01-19 12:17:11,797 - INFO - ASTC: 1mo change of -5.05%
2025-01-19 12:17:11,851 - INFO - ASST: 1h change of -14.40%
2025-01-19 12:17:11,938 - INFO - ASST: 1wk change of -21.11%
2025-01-19 12:17:12,035 - INFO - ASST: 1mo change of -63.08%
2025-01-19 12:17:12,312 - INFO - Processing ASTC - 2024-11-15 13:06:04 UTC
2025-01-19 12:17:12,545 - INFO - Processing ASST - 2024-10-22 15:00:00 UTC
2025-01-19 12:17:13,505 - INFO - Retrieved article length: 1579 characters
2025-01-19 12:17:13,606 - INFO - ASTC: 1h change of 3.14%
2025-01-19 12:17:13,679 - INFO - Retrieved article length: 6662 characters
2025-01-19 12:17:13,695 - INFO - ASTC: 1wk change of 10.00%
2025-01-19 12:17:13,776 - INFO - ASST: 1h change of -15.28%
2025-01-19 12:17:13,778 - INFO - ASTC: 1mo change of -12.07%
2025-01-19 12:17:13,886 - INFO - ASST: 1wk change of -10.48%
2025-01-19 12:17:13,974 - INFO - ASST: 1mo change of -62.66%
2025-01-19 12:17:14,292 - INFO - Processing ASTC - 2024-11-13 00:30:00 UTC
2025-01-19 12:17:15,599 - INFO - Retrieved article length: 9694 characters
2025-01-19 12:17:15,662 - INFO - Processing ASTH - 2025-01-15 22:41:59 UTC
2025-01-19 12:17:15,704 - INFO - ASTC: 1h change of -1.13%
2025-01-19 12:17:15,792 - INFO - ASTC: 1wk change of 11.76%
2025-01-19 12:17:15,876 - INFO - ASTC: 1mo change of -7.74%
2025-01-19 12:17:16,776 - INFO - Retrieved article length: 4359 characters
2025-01-19 12:17:16,867 - INFO - ASTH: 1h change of 14.00%
2025-01-19 12:17:16,957 - INFO - ASTH: 1wk change of 11.86%
2025-01-19 12:17:17,041 - INFO - ASTH: 1mo change of -8.65%
2025-01-19 12:17:17,548 - INFO - Processing ASTH - 2025-01-08 23:37:00 UTC
2025-01-19 12:17:17,548 - INFO - Processing ASTI - 2025-01-15 16:11:29 UTC
2025-01-19 12:17:18,662 - INFO - Retrieved article length: 2451 characters
2025-01-19 12:17:18,702 - INFO - Retrieved article length: 150 characters
2025-01-19 12:17:18,756 - INFO - ASTI: 1h change of 5.75%
2025-01-19 12:17:18,846 - INFO - ASTI: 1wk change of -16.93%
2025-01-19 12:17:18,866 - INFO - ASTH: 1wk change of 9.97%
2025-01-19 12:17:18,959 - INFO - ASTH: 1mo change of -19.00%
2025-01-19 12:17:19,439 - INFO - Processing ASTI - 2025-01-14 16:00:00 UTC
2025-01-19 12:17:19,461 - INFO - Processing ASTH - 2024-12-30 15:17:07 UTC
2025-01-19 12:17:20,630 - INFO - Retrieved article length: 6163 characters
2025-01-19 12:17:20,721 - INFO - ASTH: 1h change of -1.04%
2025-01-19 12:17:20,721 - INFO - Retrieved article length: 6934 characters
2025-01-19 12:17:20,817 - INFO - ASTH: 1wk change of -6.05%
2025-01-19 12:17:20,817 - INFO - ASTI: 1h change of 7.63%
2025-01-19 12:17:20,898 - INFO - ASTH: 1mo change of -17.05%
2025-01-19 12:17:20,898 - INFO - ASTI: 1wk change of -16.93%
2025-01-19 12:17:21,007 - INFO - ASTI: 1mo change of -2.93%
2025-01-19 12:17:21,406 - INFO - Processing ASTH - 2024-12-20 00:16:00 UTC
2025-01-19 12:17:22,573 - INFO - Retrieved article length: 2306 characters
2025-01-19 12:17:22,655 - INFO - ASTH: 1h change of -6.61%
2025-01-19 12:17:22,674 - INFO - Processing ASTR - 2025-01-18 20:31:11 UTC
2025-01-19 12:17:22,753 - INFO - ASTH: 1wk change of -17.10%
2025-01-19 12:17:22,841 - INFO - ASTH: 1mo change of -13.82%
2025-01-19 12:17:23,341 - INFO - Processing ASTH - 2024-12-13 15:17:37 UTC
2025-01-19 12:17:23,784 - INFO - Retrieved article length: 4761 characters
2025-01-19 12:17:24,498 - INFO - Retrieved article length: 3731 characters
2025-01-19 12:17:24,643 - INFO - ASTH: 1h change of -4.41%
2025-01-19 12:17:24,731 - INFO - ASTH: 1wk change of -22.01%
2025-01-19 12:17:24,826 - INFO - ASTH: 1mo change of -28.96%
2025-01-19 12:17:25,012 - ERROR - ASTR: No timezone found, symbol may be delisted
2025-01-19 12:17:25,012 - ERROR - ASTR: No timezone found, symbol may be delisted
2025-01-19 12:17:25,012 - ERROR - ASTR: No timezone found, symbol may be delisted
2025-01-19 12:17:25,327 - INFO - Processing ASTH - 2024-11-26 18:03:55 UTC
2025-01-19 12:17:25,523 - INFO - Processing ASTR - 2025-01-18 16:20:48 UTC
2025-01-19 12:17:26,586 - INFO - Retrieved article length: 2169 characters
2025-01-19 12:17:26,586 - ERROR - ASTR: No timezone found, symbol may be delisted
2025-01-19 12:17:26,586 - ERROR - ASTR: No timezone found, symbol may be delisted
2025-01-19 12:17:26,586 - ERROR - ASTR: No timezone found, symbol may be delisted
2025-01-19 12:17:26,696 - INFO - Retrieved article length: 6987 characters
2025-01-19 12:17:26,882 - INFO - ASTH: 1wk change of 5.90%
2025-01-19 12:17:26,955 - INFO - ASTH: 1mo change of -44.77%
2025-01-19 12:17:27,096 - INFO - Processing ASTR - 2025-01-18 01:35:00 UTC
2025-01-19 12:17:27,469 - INFO - Processing ASTH - 2024-11-21 16:00:00 UTC
2025-01-19 12:17:28,339 - INFO - Retrieved article length: 24183 characters
2025-01-19 12:17:28,339 - ERROR - ASTR: No timezone found, symbol may be delisted
2025-01-19 12:17:28,339 - ERROR - ASTR: No timezone found, symbol may be delisted
2025-01-19 12:17:28,339 - ERROR - ASTR: No timezone found, symbol may be delisted
2025-01-19 12:17:28,627 - INFO - Retrieved article length: 4430 characters
2025-01-19 12:17:28,710 - INFO - ASTH: 1h change of 4.02%
2025-01-19 12:17:28,803 - INFO - ASTH: 1wk change of -7.61%
2025-01-19 12:17:28,844 - INFO - Processing ASTR - 2025-01-18 00:13:52 UTC
2025-01-19 12:17:28,949 - INFO - ASTH: 1mo change of -45.45%
2025-01-19 12:17:29,458 - INFO - Processing ASTH - 2024-11-20 13:26:17 UTC
2025-01-19 12:17:30,022 - INFO - Retrieved article length: 1168 characters
2025-01-19 12:17:30,022 - ERROR - ASTR: No timezone found, symbol may be delisted
2025-01-19 12:17:30,038 - ERROR - ASTR: No timezone found, symbol may be delisted
2025-01-19 12:17:30,038 - ERROR - ASTR: No timezone found, symbol may be delisted
2025-01-19 12:17:30,540 - INFO - Processing ASTR - 2025-01-17 23:00:00 UTC
2025-01-19 12:17:30,712 - INFO - Retrieved article length: 4117 characters
2025-01-19 12:17:30,795 - INFO - ASTH: 1h change of 3.75%
2025-01-19 12:17:30,887 - INFO - ASTH: 1wk change of -7.61%
2025-01-19 12:17:30,985 - INFO - ASTH: 1mo change of -46.47%
2025-01-19 12:17:31,688 - INFO - Retrieved article length: 8345 characters
2025-01-19 12:17:31,688 - ERROR - ASTR: No timezone found, symbol may be delisted
2025-01-19 12:17:31,688 - ERROR - ASTR: No timezone found, symbol may be delisted
2025-01-19 12:17:31,688 - ERROR - ASTR: No timezone found, symbol may be delisted
2025-01-19 12:17:32,201 - INFO - Processing ASTR - 2025-01-17 17:46:24 UTC
2025-01-19 12:17:32,646 - INFO - Processing ASTS - 2025-01-07 16:16:15 UTC
2025-01-19 12:17:33,239 - INFO - Retrieved article length: 3926 characters
2025-01-19 12:17:33,239 - ERROR - ASTR: No timezone found, symbol may be delisted
2025-01-19 12:17:33,239 - ERROR - ASTR: No timezone found, symbol may be delisted
2025-01-19 12:17:33,239 - ERROR - ASTR: No timezone found, symbol may be delisted
2025-01-19 12:17:33,749 - INFO - Processing ASTR - 2025-01-17 16:32:13 UTC
2025-01-19 12:17:34,024 - INFO - Retrieved article length: 2433 characters
2025-01-19 12:17:34,154 - INFO - ASTS: 1h change of -8.17%
2025-01-19 12:17:34,250 - INFO - ASTS: 1wk change of -3.71%
2025-01-19 12:17:34,342 - INFO - ASTS: 1mo change of -9.30%
2025-01-19 12:17:34,843 - INFO - Processing ASTS - 2025-01-06 16:00:00 UTC
2025-01-19 12:17:34,919 - INFO - Retrieved article length: 589 characters
2025-01-19 12:17:34,919 - ERROR - ASTR: No timezone found, symbol may be delisted
2025-01-19 12:17:34,919 - ERROR - ASTR: No timezone found, symbol may be delisted
2025-01-19 12:17:34,919 - ERROR - ASTR: No timezone found, symbol may be delisted
2025-01-19 12:17:35,426 - INFO - Processing ASTR - 2025-01-17 16:26:31 UTC
2025-01-19 12:17:36,062 - INFO - Retrieved article length: 11987 characters
2025-01-19 12:17:36,155 - INFO - ASTS: 1h change of -6.21%
2025-01-19 12:17:36,267 - INFO - ASTS: 1wk change of -6.02%
2025-01-19 12:17:36,357 - INFO - ASTS: 1mo change of -10.51%
2025-01-19 12:17:36,547 - INFO - Retrieved article length: 529 characters
2025-01-19 12:17:36,547 - ERROR - ASTR: No timezone found, symbol may be delisted
2025-01-19 12:17:36,547 - ERROR - ASTR: No timezone found, symbol may be delisted
2025-01-19 12:17:36,547 - ERROR - ASTR: No timezone found, symbol may be delisted
2025-01-19 12:17:36,858 - INFO - Processing ASTS - 2024-12-22 17:41:46 UTC
2025-01-19 12:17:38,062 - INFO - Retrieved article length: 6549 characters
2025-01-19 12:17:38,191 - INFO - Processing ASUR - 2025-01-16 11:55:00 UTC
2025-01-19 12:17:38,248 - INFO - ASTS: 1wk change of -9.56%
2025-01-19 12:17:38,339 - INFO - ASTS: 1mo change of -19.46%
2025-01-19 12:17:38,840 - INFO - Processing ASTS - 2024-12-10 00:17:55 UTC
2025-01-19 12:17:39,496 - INFO - Retrieved article length: 11626 characters
2025-01-19 12:17:39,605 - INFO - ASUR: 1h change of 5.02%
2025-01-19 12:17:39,688 - INFO - ASUR: 1wk change of 21.40%
2025-01-19 12:17:39,775 - INFO - ASUR: 1mo change of 28.33%
2025-01-19 12:17:40,026 - INFO - Retrieved article length: 158 characters
2025-01-19 12:17:40,113 - INFO - ASTS: 1h change of -15.68%
2025-01-19 12:17:40,288 - INFO - Processing ASUR - 2025-01-15 17:16:00 UTC
2025-01-19 12:17:40,292 - INFO - ASTS: 1mo change of -12.68%
2025-01-19 12:17:40,806 - INFO - Processing ASTS - 2024-12-09 15:30:00 UTC
2025-01-19 12:17:41,505 - INFO - Retrieved article length: 9932 characters
2025-01-19 12:17:41,610 - INFO - ASUR: 1h change of 6.61%
2025-01-19 12:17:41,706 - INFO - ASUR: 1wk change of 21.40%
2025-01-19 12:17:41,798 - INFO - ASUR: 1mo change of 27.25%
2025-01-19 12:17:41,920 - INFO - Retrieved article length: 9183 characters
2025-01-19 12:17:42,023 - INFO - ASTS: 1h change of -12.81%
2025-01-19 12:17:42,103 - INFO - ASTS: 1wk change of -1.89%
2025-01-19 12:17:42,246 - INFO - ASTS: 1mo change of -6.56%
2025-01-19 12:17:42,300 - INFO - Processing ASUR - 2025-01-13 13:01:00 UTC
2025-01-19 12:17:42,755 - INFO - Processing ASTS - 2024-12-03 17:20:00 UTC
2025-01-19 12:17:43,496 - INFO - Retrieved article length: 6231 characters
2025-01-19 12:17:43,597 - INFO - ASUR: 1h change of 4.51%
2025-01-19 12:17:43,696 - INFO - ASUR: 1wk change of 25.80%
2025-01-19 12:17:43,798 - INFO - ASUR: 1mo change of 34.59%
2025-01-19 12:17:44,003 - INFO - Retrieved article length: 9452 characters
2025-01-19 12:17:44,095 - INFO - ASTS: 1h change of -5.71%
2025-01-19 12:17:44,179 - INFO - ASTS: 1wk change of -3.63%
2025-01-19 12:17:44,262 - INFO - ASTS: 1mo change of -10.53%
2025-01-19 12:17:44,301 - INFO - Processing ASUR - 2025-01-08 17:54:00 UTC
2025-01-19 12:17:44,771 - INFO - Processing ASTS - 2024-11-28 15:20:57 UTC
2025-01-19 12:17:45,466 - INFO - Retrieved article length: 2804 characters
2025-01-19 12:17:45,562 - INFO - ASUR: 1h change of 17.40%
2025-01-19 12:17:45,670 - INFO - ASUR: 1wk change of 29.01%
2025-01-19 12:17:45,750 - INFO - ASUR: 1mo change of 28.87%
2025-01-19 12:17:45,959 - INFO - Retrieved article length: 2281 characters
2025-01-19 12:17:46,151 - INFO - ASTS: 1wk change of -1.86%
2025-01-19 12:17:46,240 - INFO - ASTS: 1mo change of -15.84%
2025-01-19 12:17:46,258 - INFO - Processing ASUR - 2025-01-07 22:46:00 UTC
2025-01-19 12:17:46,742 - INFO - Processing ASTS - 2024-11-25 13:49:06 UTC
2025-01-19 12:17:47,395 - INFO - Retrieved article length: 2642 characters
2025-01-19 12:17:47,484 - INFO - ASUR: 1h change of 17.40%
2025-01-19 12:17:47,569 - INFO - ASUR: 1wk change of 27.10%
2025-01-19 12:17:47,668 - INFO - ASUR: 1mo change of 26.06%
2025-01-19 12:17:47,825 - INFO - Retrieved article length: 3748 characters
2025-01-19 12:17:47,921 - INFO - ASTS: 1h change of -3.82%
2025-01-19 12:17:48,009 - INFO - ASTS: 1wk change of -6.56%
2025-01-19 12:17:48,104 - INFO - ASTS: 1mo change of -17.08%
2025-01-19 12:17:48,169 - INFO - Processing ASUR - 2025-01-03 16:00:00 UTC
2025-01-19 12:17:49,378 - INFO - Retrieved article length: 1619 characters
2025-01-19 12:17:49,561 - INFO - ASUR: 1wk change of 23.09%
2025-01-19 12:17:49,657 - INFO - ASUR: 1mo change of 24.00%
2025-01-19 12:17:49,766 - INFO - Processing ATCH - 2025-01-13 17:38:00 UTC
2025-01-19 12:17:50,159 - INFO - Processing ASUR - 2024-12-13 15:55:42 UTC
2025-01-19 12:17:50,992 - INFO - Retrieved article length: 4195 characters
2025-01-19 12:17:51,100 - INFO - ATCH: 1h change of -20.05%
2025-01-19 12:17:51,189 - INFO - ATCH: 1wk change of -20.25%
2025-01-19 12:17:51,278 - INFO - ATCH: 1mo change of -49.85%
2025-01-19 12:17:51,389 - INFO - Retrieved article length: 3561 characters
2025-01-19 12:17:51,501 - INFO - ASUR: 1h change of 5.09%
2025-01-19 12:17:51,572 - INFO - ASUR: 1wk change of -5.30%
2025-01-19 12:17:51,672 - INFO - ASUR: 1mo change of 27.37%
2025-01-19 12:17:51,780 - INFO - Processing ATCH - 2025-01-02 01:00:15 UTC
2025-01-19 12:17:52,180 - INFO - Processing ASUR - 2024-11-13 13:38:40 UTC
2025-01-19 12:17:52,968 - INFO - Retrieved article length: 2077 characters
2025-01-19 12:17:53,119 - INFO - ATCH: 1h change of -16.10%
2025-01-19 12:17:53,210 - INFO - ATCH: 1wk change of -19.92%
2025-01-19 12:17:53,299 - INFO - ATCH: 1mo change of -51.85%
2025-01-19 12:17:53,515 - INFO - Retrieved article length: 6364 characters
2025-01-19 12:17:53,618 - INFO - ASUR: 1h change of -9.52%
2025-01-19 12:17:53,716 - INFO - ASUR: 1wk change of 16.13%
2025-01-19 12:17:53,801 - INFO - Processing ATCH - 2025-01-01 00:50:00 UTC
2025-01-19 12:17:53,814 - INFO - ASUR: 1mo change of 9.01%
2025-01-19 12:17:54,958 - INFO - Retrieved article length: 10782 characters
2025-01-19 12:17:55,046 - INFO - ATCH: 1h change of 4.19%
2025-01-19 12:17:55,157 - INFO - ATCH: 1wk change of -19.92%
2025-01-19 12:17:55,245 - INFO - ATCH: 1mo change of -46.90%
2025-01-19 12:17:55,460 - INFO - Processing ATEC - 2025-01-18 15:27:52 UTC
2025-01-19 12:17:55,747 - INFO - Processing ATCH - 2024-12-21 00:30:00 UTC
2025-01-19 12:17:56,571 - INFO - Retrieved article length: 7509 characters
2025-01-19 12:17:56,669 - INFO - ATEC: 1h change of 4.80%
2025-01-19 12:17:56,773 - INFO - ATEC: 1wk change of 19.77%
2025-01-19 12:17:56,865 - INFO - ATEC: 1mo change of 22.18%
2025-01-19 12:17:57,016 - INFO - Retrieved article length: 7656 characters
2025-01-19 12:17:57,114 - INFO - ATCH: 1h change of -4.79%
2025-01-19 12:17:57,197 - INFO - ATCH: 1wk change of -28.19%
2025-01-19 12:17:57,294 - INFO - ATCH: 1mo change of -50.76%
2025-01-19 12:17:57,367 - INFO - Processing ATEC - 2025-01-14 22:51:19 UTC
2025-01-19 12:17:57,797 - INFO - Processing ATCH - 2024-12-17 01:18:00 UTC
2025-01-19 12:17:58,566 - INFO - Retrieved article length: 524 characters
2025-01-19 12:17:58,651 - INFO - ATEC: 1h change of 1.79%
2025-01-19 12:17:58,748 - INFO - ATEC: 1wk change of 23.48%
2025-01-19 12:17:58,842 - INFO - ATEC: 1mo change of 19.90%
2025-01-19 12:17:59,065 - INFO - Retrieved article length: 10101 characters
2025-01-19 12:17:59,168 - INFO - ATCH: 1h change of -4.16%
2025-01-19 12:17:59,250 - INFO - ATCH: 1wk change of -16.67%
2025-01-19 12:17:59,342 - INFO - ATCH: 1mo change of -46.90%
2025-01-19 12:17:59,345 - INFO - Processing ATEC - 2025-01-14 14:11:00 UTC
2025-01-19 12:17:59,844 - INFO - Processing ATCH - 2024-11-18 17:03:00 UTC
2025-01-19 12:18:00,610 - INFO - Retrieved article length: 2771 characters
2025-01-19 12:18:00,628 - INFO - ATEC: 1h change of 1.79%
2025-01-19 12:18:00,676 - INFO - ATEC: 1wk change of 23.48%
2025-01-19 12:18:00,725 - INFO - ATEC: 1mo change of 19.90%
2025-01-19 12:18:01,063 - INFO - Retrieved article length: 8541 characters
2025-01-19 12:18:01,149 - INFO - ATCH: 1h change of -26.26%
2025-01-19 12:18:01,228 - INFO - Processing ATEC - 2025-01-13 17:00:00 UTC
2025-01-19 12:18:01,233 - INFO - ATCH: 1wk change of -17.74%
2025-01-19 12:18:01,378 - INFO - ATCH: 1mo change of 6.29%
2025-01-19 12:18:02,490 - INFO - Retrieved article length: 7965 characters
2025-01-19 12:18:02,688 - INFO - ATEC: 1wk change of 23.48%
2025-01-19 12:18:02,780 - INFO - ATEC: 1mo change of 20.40%
2025-01-19 12:18:03,053 - INFO - Processing ATEN - 2025-01-06 16:00:00 UTC
2025-01-19 12:18:03,281 - INFO - Processing ATEC - 2024-12-27 18:03:29 UTC
2025-01-19 12:18:04,236 - INFO - Retrieved article length: 2276 characters
2025-01-19 12:18:04,340 - INFO - ATEN: 1h change of 1.09%
2025-01-19 12:18:04,436 - INFO - ATEN: 1wk change of 1.13%
2025-01-19 12:18:04,481 - INFO - Retrieved article length: 6936 characters
2025-01-19 12:18:04,520 - INFO - ATEN: 1mo change of 8.34%
2025-01-19 12:18:04,696 - INFO - ATEC: 1wk change of -1.58%
2025-01-19 12:18:04,792 - INFO - ATEC: 1mo change of 15.01%
2025-01-19 12:18:05,025 - INFO - Processing ATEN - 2025-01-05 15:20:09 UTC
2025-01-19 12:18:05,294 - INFO - Processing ATEC - 2024-12-19 14:46:56 UTC
2025-01-19 12:18:06,214 - INFO - Retrieved article length: 3974 characters
2025-01-19 12:18:06,405 - INFO - ATEN: 1wk change of -3.19%
2025-01-19 12:18:06,482 - INFO - ATEN: 1mo change of 8.34%
2025-01-19 12:18:06,535 - INFO - Retrieved article length: 4014 characters
2025-01-19 12:18:06,719 - INFO - ATEC: 1wk change of -4.37%
2025-01-19 12:18:06,824 - INFO - ATEC: 1mo change of 32.53%
2025-01-19 12:18:06,992 - INFO - Processing ATEN - 2024-12-04 11:02:07 UTC
2025-01-19 12:18:07,325 - INFO - Processing ATEC - 2024-12-14 00:41:48 UTC
2025-01-19 12:18:08,278 - INFO - Retrieved article length: 3837 characters
2025-01-19 12:18:08,367 - INFO - ATEN: 1h change of 6.78%
2025-01-19 12:18:08,459 - INFO - ATEN: 1wk change of 13.22%
2025-01-19 12:18:08,558 - INFO - ATEN: 1mo change of 26.38%
2025-01-19 12:18:08,599 - INFO - Retrieved article length: 525 characters
2025-01-19 12:18:08,709 - INFO - ATEC: 1h change of 1.42%
2025-01-19 12:18:08,803 - INFO - ATEC: 1wk change of -9.25%
2025-01-19 12:18:08,893 - INFO - ATEC: 1mo change of 19.28%
2025-01-19 12:18:09,060 - INFO - Processing ATEN - 2024-12-01 16:34:22 UTC
2025-01-19 12:18:09,404 - INFO - Processing ATEC - 2024-12-09 17:00:00 UTC
2025-01-19 12:18:10,243 - INFO - Retrieved article length: 7863 characters
2025-01-19 12:18:10,408 - INFO - ATEN: 1h change of 3.18%
2025-01-19 12:18:10,486 - INFO - ATEN: 1wk change of 11.84%
2025-01-19 12:18:10,591 - INFO - ATEN: 1mo change of 26.08%
2025-01-19 12:18:10,708 - INFO - Retrieved article length: 1637 characters
2025-01-19 12:18:10,808 - INFO - ATEC: 1h change of 1.63%
2025-01-19 12:18:10,895 - INFO - ATEC: 1wk change of -15.84%
2025-01-19 12:18:10,997 - INFO - ATEC: 1mo change of 19.26%
2025-01-19 12:18:11,093 - INFO - Processing ATEN - 2024-11-26 16:00:00 UTC
2025-01-19 12:18:12,295 - INFO - Retrieved article length: 4090 characters
2025-01-19 12:18:12,381 - INFO - ATEN: 1h change of 2.70%
2025-01-19 12:18:12,471 - INFO - ATEN: 1wk change of 10.83%
2025-01-19 12:18:12,628 - INFO - ATEN: 1mo change of 24.93%
2025-01-19 12:18:12,657 - INFO - Processing ATER - 2025-01-08 21:31:13 UTC
2025-01-19 12:18:13,129 - INFO - Processing ATEN - 2024-11-22 21:55:25 UTC
2025-01-19 12:18:13,973 - INFO - Retrieved article length: 7007 characters
2025-01-19 12:18:14,088 - INFO - ATER: 1h change of -10.28%
2025-01-19 12:18:14,182 - INFO - ATER: 1wk change of -9.02%
2025-01-19 12:18:14,266 - INFO - ATER: 1mo change of -10.77%
2025-01-19 12:18:14,266 - INFO - Retrieved article length: 6802 characters
2025-01-19 12:18:14,370 - INFO - ATEN: 1h change of 2.00%
2025-01-19 12:18:14,465 - INFO - ATEN: 1wk change of 2.59%
2025-01-19 12:18:14,559 - INFO - ATEN: 1mo change of 29.40%
2025-01-19 12:18:14,769 - INFO - Processing ATER - 2024-12-09 15:30:00 UTC
2025-01-19 12:18:15,062 - INFO - Processing ATEN - 2024-11-19 00:08:54 UTC
2025-01-19 12:18:15,924 - INFO - Retrieved article length: 7960 characters
2025-01-19 12:18:16,006 - INFO - ATER: 1h change of -2.78%
2025-01-19 12:18:16,109 - INFO - ATER: 1wk change of -20.15%
2025-01-19 12:18:16,190 - INFO - ATER: 1mo change of -18.77%
2025-01-19 12:18:16,190 - INFO - Retrieved article length: 501 characters
2025-01-19 12:18:16,380 - INFO - ATEN: 1wk change of 3.45%
2025-01-19 12:18:16,467 - INFO - ATEN: 1mo change of 27.07%
2025-01-19 12:18:16,696 - INFO - Processing ATER - 2024-11-27 15:06:02 UTC
2025-01-19 12:18:16,980 - INFO - Processing ATEN - 2024-11-18 16:00:00 UTC
2025-01-19 12:18:17,833 - INFO - Retrieved article length: 1469 characters
2025-01-19 12:18:17,929 - INFO - ATER: 1h change of -1.82%
2025-01-19 12:18:18,034 - INFO - ATER: 1wk change of 6.28%
2025-01-19 12:18:18,116 - INFO - ATER: 1mo change of -13.67%
2025-01-19 12:18:18,141 - INFO - Retrieved article length: 2219 characters
2025-01-19 12:18:18,323 - INFO - ATEN: 1wk change of 6.13%
2025-01-19 12:18:18,421 - INFO - ATEN: 1mo change of 26.28%
2025-01-19 12:18:18,627 - INFO - Processing ATER - 2024-11-15 15:57:57 UTC
2025-01-19 12:18:19,822 - INFO - Retrieved article length: 4635 characters
2025-01-19 12:18:19,926 - INFO - ATER: 1h change of -11.12%
2025-01-19 12:18:20,022 - INFO - ATER: 1wk change of -12.24%
2025-01-19 12:18:20,045 - INFO - Processing ATEX - 2025-01-17 19:00:00 UTC
2025-01-19 12:18:20,118 - INFO - ATER: 1mo change of -24.17%
2025-01-19 12:18:20,621 - INFO - Processing ATER - 2024-11-14 15:55:50 UTC
2025-01-19 12:18:21,275 - INFO - Retrieved article length: 5745 characters
2025-01-19 12:18:21,373 - INFO - ATEX: 1h change of 9.16%
2025-01-19 12:18:21,450 - INFO - ATEX: 1wk change of 5.66%
2025-01-19 12:18:21,553 - INFO - ATEX: 1mo change of -7.52%
2025-01-19 12:18:21,768 - INFO - Retrieved article length: 2002 characters
2025-01-19 12:18:21,865 - INFO - ATER: 1h change of -14.42%
2025-01-19 12:18:21,961 - INFO - ATER: 1wk change of -11.95%
2025-01-19 12:18:22,044 - INFO - ATER: 1mo change of -22.14%
2025-01-19 12:18:22,054 - INFO - Processing ATEX - 2025-01-13 15:30:00 UTC
2025-01-19 12:18:22,554 - INFO - Processing ATER - 2024-11-12 20:49:57 UTC
2025-01-19 12:18:23,202 - INFO - Retrieved article length: 7270 characters
2025-01-19 12:18:23,289 - INFO - ATEX: 1h change of -4.24%
2025-01-19 12:18:23,378 - INFO - ATEX: 1wk change of 2.38%
2025-01-19 12:18:23,463 - INFO - ATEX: 1mo change of -8.99%
2025-01-19 12:18:23,710 - INFO - Retrieved article length: 43454 characters
2025-01-19 12:18:23,816 - INFO - ATER: 1h change of -5.68%
2025-01-19 12:18:23,907 - INFO - ATER: 1wk change of -18.09%
2025-01-19 12:18:23,977 - INFO - Processing ATEX - 2025-01-06 17:14:00 UTC
2025-01-19 12:18:23,991 - INFO - ATER: 1mo change of -19.72%
2025-01-19 12:18:24,496 - INFO - Processing ATER - 2024-11-12 00:24:12 UTC
2025-01-19 12:18:25,276 - INFO - Retrieved article length: 9860 characters
2025-01-19 12:18:25,375 - INFO - ATEX: 1h change of -2.27%
2025-01-19 12:18:25,447 - INFO - ATEX: 1wk change of -9.79%
2025-01-19 12:18:25,539 - INFO - ATEX: 1mo change of -8.80%
2025-01-19 12:18:25,661 - INFO - Retrieved article length: 912 characters
2025-01-19 12:18:25,661 - INFO - ATER: 1h change of -5.68%
2025-01-19 12:18:25,677 - INFO - ATER: 1wk change of -18.09%
2025-01-19 12:18:25,683 - INFO - ATER: 1mo change of -19.72%
2025-01-19 12:18:26,054 - INFO - Processing ATEX - 2025-01-03 16:19:00 UTC
2025-01-19 12:18:26,185 - INFO - Processing ATER - 2024-11-12 00:15:00 UTC
2025-01-19 12:18:27,325 - INFO - Retrieved article length: 7841 characters
2025-01-19 12:18:27,417 - INFO - ATEX: 1h change of -2.23%
2025-01-19 12:18:27,563 - INFO - ATEX: 1wk change of -7.57%
2025-01-19 12:18:27,646 - INFO - ATEX: 1mo change of -10.69%
2025-01-19 12:18:27,646 - INFO - Retrieved article length: 25336 characters
2025-01-19 12:18:27,665 - INFO - ATER: 1h change of -5.68%
2025-01-19 12:18:27,671 - INFO - ATER: 1wk change of -18.09%
2025-01-19 12:18:27,677 - INFO - ATER: 1mo change of -19.72%
2025-01-19 12:18:28,148 - INFO - Processing ATEX - 2024-12-31 01:28:17 UTC
2025-01-19 12:18:29,324 - INFO - Processing ATGL - 2024-11-01 18:15:00 UTC
2025-01-19 12:18:29,379 - INFO - Retrieved article length: 473 characters
2025-01-19 12:18:29,466 - INFO - ATEX: 1h change of 1.36%
2025-01-19 12:18:29,558 - INFO - ATEX: 1wk change of -4.47%
2025-01-19 12:18:29,643 - INFO - ATEX: 1mo change of -5.98%
2025-01-19 12:18:30,144 - INFO - Processing ATEX - 2024-12-31 01:00:00 UTC
2025-01-19 12:18:30,432 - INFO - Retrieved article length: 3174 characters
2025-01-19 12:18:30,561 - INFO - ATGL: 1h change of 1.84%
2025-01-19 12:18:30,653 - INFO - ATGL: 1wk change of 52.39%
2025-01-19 12:18:30,755 - INFO - ATGL: 1mo change of 195.74%
2025-01-19 12:18:31,306 - INFO - Retrieved article length: 3579 characters
2025-01-19 12:18:31,320 - INFO - ATEX: 1h change of 1.36%
2025-01-19 12:18:31,332 - INFO - ATEX: 1wk change of -4.47%
2025-01-19 12:18:31,369 - INFO - ATEX: 1mo change of -5.98%
2025-01-19 12:18:31,880 - INFO - Processing ATEX - 2024-11-26 21:40:00 UTC
2025-01-19 12:18:32,418 - INFO - Processing ATHA - 2024-12-18 15:19:51 UTC
2025-01-19 12:18:33,063 - INFO - Retrieved article length: 2278 characters
2025-01-19 12:18:33,158 - INFO - ATEX: 1h change of 2.25%
2025-01-19 12:18:33,239 - INFO - ATEX: 1wk change of 3.60%
2025-01-19 12:18:33,339 - INFO - ATEX: 1mo change of -2.31%
2025-01-19 12:18:33,692 - INFO - Retrieved article length: 4078 characters
2025-01-19 12:18:33,800 - INFO - ATHA: 1h change of -6.74%
2025-01-19 12:18:33,842 - INFO - Processing ATEX - 2024-11-15 14:03:36 UTC
2025-01-19 12:18:33,886 - INFO - ATHA: 1wk change of -11.72%
2025-01-19 12:18:33,987 - INFO - ATHA: 1mo change of -27.40%
2025-01-19 12:18:34,488 - INFO - Processing ATHA - 2024-12-07 01:30:00 UTC
2025-01-19 12:18:35,085 - INFO - Retrieved article length: 1877 characters
2025-01-19 12:18:35,359 - INFO - ATEX: 1mo change of -3.27%
2025-01-19 12:18:35,600 - INFO - Retrieved article length: 6873 characters
2025-01-19 12:18:35,709 - INFO - ATHA: 1h change of 4.71%
2025-01-19 12:18:35,790 - INFO - ATHA: 1wk change of -11.64%
2025-01-19 12:18:35,897 - INFO - ATHA: 1mo change of -11.72%
2025-01-19 12:18:36,400 - INFO - Processing ATHA - 2024-11-08 12:50:03 UTC
2025-01-19 12:18:37,034 - INFO - Processing ATHE - 2025-01-10 15:35:35 UTC
2025-01-19 12:18:37,613 - INFO - Retrieved article length: 3285 characters
2025-01-19 12:18:37,703 - INFO - ATHA: 1h change of -8.85%
2025-01-19 12:18:37,808 - INFO - ATHA: 1wk change of 38.43%
2025-01-19 12:18:37,898 - INFO - ATHA: 1mo change of 36.94%
2025-01-19 12:18:38,306 - INFO - Retrieved article length: 2792 characters
2025-01-19 12:18:38,400 - INFO - Processing ATHA - 2024-11-08 00:05:00 UTC
2025-01-19 12:18:38,408 - INFO - ATHE: 1h change of 2.14%
2025-01-19 12:18:38,515 - INFO - ATHE: 1wk change of 3.32%
2025-01-19 12:18:38,610 - INFO - ATHE: 1mo change of 59.07%
2025-01-19 12:18:39,112 - INFO - Processing ATHE - 2025-01-09 15:25:00 UTC
2025-01-19 12:18:39,879 - INFO - Retrieved article length: 10869 characters
2025-01-19 12:18:39,895 - INFO - ATHA: 1h change of -8.85%
2025-01-19 12:18:39,905 - INFO - ATHA: 1wk change of 38.43%
2025-01-19 12:18:39,911 - INFO - ATHA: 1mo change of 36.94%
2025-01-19 12:18:40,201 - INFO - Retrieved article length: 6429 characters
2025-01-19 12:18:40,308 - INFO - ATHE: 1h change of -13.81%
2025-01-19 12:18:40,389 - INFO - ATHE: 1wk change of -2.29%
2025-01-19 12:18:40,412 - INFO - Processing ATHA - 2024-11-04 20:05:02 UTC
2025-01-19 12:18:40,481 - INFO - ATHE: 1mo change of 76.29%
2025-01-19 12:18:40,986 - INFO - Processing ATHE - 2024-12-04 15:35:00 UTC
2025-01-19 12:18:41,654 - INFO - Retrieved article length: 6937 characters
2025-01-19 12:18:41,740 - INFO - ATHA: 1h change of 17.92%
2025-01-19 12:18:41,891 - INFO - ATHA: 1wk change of 55.98%
2025-01-19 12:18:41,978 - INFO - ATHA: 1mo change of 42.38%
2025-01-19 12:18:42,444 - INFO - Retrieved article length: 8692 characters
2025-01-19 12:18:42,481 - INFO - Processing ATHA - 2024-10-22 14:00:00 UTC
2025-01-19 12:18:42,523 - INFO - ATHE: 1h change of 28.76%
2025-01-19 12:18:42,631 - INFO - ATHE: 1wk change of 128.57%
2025-01-19 12:18:42,719 - INFO - ATHE: 1mo change of 215.25%
2025-01-19 12:18:43,221 - INFO - Processing ATHE - 2024-11-19 15:25:00 UTC
2025-01-19 12:18:43,688 - INFO - Retrieved article length: 7373 characters
2025-01-19 12:18:43,788 - INFO - ATHA: 1h change of 3.69%
2025-01-19 12:18:43,868 - INFO - ATHA: 1wk change of -2.95%
2025-01-19 12:18:43,969 - INFO - ATHA: 1mo change of 29.22%
2025-01-19 12:18:44,446 - INFO - Retrieved article length: 4682 characters
2025-01-19 12:18:44,534 - INFO - ATHE: 1h change of -5.41%
2025-01-19 12:18:44,621 - INFO - ATHE: 1wk change of -8.40%
2025-01-19 12:18:44,701 - INFO - ATHE: 1mo change of 90.48%
2025-01-19 12:18:45,216 - INFO - Processing ATHE - 2024-11-12 15:35:00 UTC
2025-01-19 12:18:45,667 - INFO - Processing ATI - 2025-01-16 02:15:20 UTC
2025-01-19 12:18:46,614 - INFO - Retrieved article length: 10370 characters
2025-01-19 12:18:46,707 - INFO - ATHE: 1h change of 3.51%
2025-01-19 12:18:46,770 - INFO - Retrieved article length: 3541 characters
2025-01-19 12:18:46,795 - INFO - ATHE: 1wk change of -6.14%
2025-01-19 12:18:46,882 - INFO - ATHE: 1mo change of 73.68%
2025-01-19 12:18:46,882 - INFO - ATI: 1h change of 1.34%
2025-01-19 12:18:47,144 - INFO - ATI: 1wk change of 1.53%
2025-01-19 12:18:47,356 - INFO - ATI: 1mo change of 2.09%
2025-01-19 12:18:47,385 - INFO - Processing ATHE - 2024-11-06 15:35:00 UTC
2025-01-19 12:18:47,857 - INFO - Processing ATI - 2025-01-10 02:15:21 UTC
2025-01-19 12:18:48,624 - INFO - Retrieved article length: 7738 characters
2025-01-19 12:18:48,711 - INFO - ATHE: 1h change of 3.51%
2025-01-19 12:18:48,804 - INFO - ATHE: 1wk change of -3.48%
2025-01-19 12:18:48,893 - INFO - ATHE: 1mo change of 62.24%
2025-01-19 12:18:49,016 - INFO - Retrieved article length: 3435 characters
2025-01-19 12:18:49,244 - INFO - ATI: 1wk change of 3.89%
2025-01-19 12:18:49,395 - INFO - Processing ATHE - 2024-10-31 14:35:00 UTC
2025-01-19 12:18:49,867 - INFO - Processing ATI - 2025-01-06 15:30:00 UTC
2025-01-19 12:18:50,546 - INFO - Retrieved article length: 12824 characters
2025-01-19 12:18:50,651 - INFO - ATHE: 1h change of -3.31%
2025-01-19 12:18:50,748 - INFO - ATHE: 1wk change of -4.92%
2025-01-19 12:18:50,840 - INFO - ATHE: 1mo change of 51.61%
2025-01-19 12:18:51,047 - INFO - Retrieved article length: 1803 characters
2025-01-19 12:18:51,150 - INFO - ATI: 1h change of -2.30%
2025-01-19 12:18:51,264 - INFO - ATI: 1wk change of 2.98%
2025-01-19 12:18:51,463 - INFO - ATI: 1mo change of -4.22%
2025-01-19 12:18:51,974 - INFO - Processing ATI - 2025-01-04 02:15:20 UTC
2025-01-19 12:18:52,505 - INFO - Processing ATKR - 2025-01-16 15:38:46 UTC
2025-01-19 12:18:53,146 - INFO - Retrieved article length: 3472 characters
2025-01-19 12:18:53,338 - INFO - ATI: 1wk change of -2.03%
2025-01-19 12:18:53,474 - INFO - ATI: 1mo change of -4.22%
2025-01-19 12:18:53,710 - INFO - Retrieved article length: 517 characters
2025-01-19 12:18:53,896 - INFO - ATKR: 1wk change of -1.69%
2025-01-19 12:18:53,977 - INFO - Processing ATI - 2025-01-03 15:25:48 UTC
2025-01-19 12:18:53,977 - INFO - ATKR: 1mo change of -1.86%
2025-01-19 12:18:54,491 - INFO - Processing ATKR - 2025-01-14 01:00:00 UTC
2025-01-19 12:18:55,150 - INFO - Retrieved article length: 1704 characters
2025-01-19 12:18:55,353 - INFO - ATI: 1wk change of -1.31%
2025-01-19 12:18:55,463 - INFO - ATI: 1mo change of -4.97%
2025-01-19 12:18:55,581 - INFO - Retrieved article length: 2231 characters
2025-01-19 12:18:55,682 - INFO - ATKR: 1h change of 1.01%
2025-01-19 12:18:55,770 - INFO - ATKR: 1wk change of -1.69%
2025-01-19 12:18:55,855 - INFO - ATKR: 1mo change of -4.32%
2025-01-19 12:18:55,970 - INFO - Processing ATI - 2024-12-28 02:15:21 UTC
2025-01-19 12:18:56,365 - INFO - Processing ATKR - 2025-01-11 00:56:08 UTC
2025-01-19 12:18:57,111 - INFO - Retrieved article length: 3811 characters
2025-01-19 12:18:57,320 - INFO - ATI: 1wk change of 3.89%
2025-01-19 12:18:57,416 - INFO - ATI: 1mo change of -4.94%
2025-01-19 12:18:57,580 - INFO - Retrieved article length: 493 characters
2025-01-19 12:18:57,683 - INFO - ATKR: 1h change of -3.32%
2025-01-19 12:18:57,761 - INFO - ATKR: 1wk change of 4.59%
2025-01-19 12:18:57,856 - INFO - ATKR: 1mo change of -6.26%
2025-01-19 12:18:57,924 - INFO - Processing ATI - 2024-12-20 02:00:20 UTC
2025-01-19 12:18:58,368 - INFO - Processing ATKR - 2025-01-11 00:15:00 UTC
2025-01-19 12:18:59,152 - INFO - Retrieved article length: 3597 characters
2025-01-19 12:18:59,236 - INFO - ATI: 1h change of -2.59%
2025-01-19 12:18:59,365 - INFO - ATI: 1wk change of -2.87%
2025-01-19 12:18:59,469 - INFO - ATI: 1mo change of 1.80%
2025-01-19 12:18:59,541 - INFO - Retrieved article length: 2944 characters
2025-01-19 12:18:59,557 - INFO - ATKR: 1h change of -3.32%
2025-01-19 12:18:59,600 - INFO - ATKR: 1wk change of 4.59%
2025-01-19 12:18:59,648 - INFO - ATKR: 1mo change of -6.26%
2025-01-19 12:18:59,972 - INFO - Processing ATI - 2024-12-18 19:25:51 UTC
2025-01-19 12:19:00,154 - INFO - Processing ATKR - 2025-01-07 21:40:09 UTC
2025-01-19 12:19:01,279 - INFO - Retrieved article length: 7611 characters
2025-01-19 12:19:01,365 - INFO - ATKR: 1h change of -4.03%
2025-01-19 12:19:01,567 - INFO - ATKR: 1mo change of -8.95%
2025-01-19 12:19:01,847 - INFO - Retrieved article length: 3644 characters
2025-01-19 12:19:01,948 - INFO - ATI: 1h change of -4.43%
2025-01-19 12:19:02,056 - INFO - ATI: 1wk change of -2.19%
2025-01-19 12:19:02,069 - INFO - Processing ATKR - 2024-12-31 17:59:21 UTC
2025-01-19 12:19:02,159 - INFO - ATI: 1mo change of -2.04%
2025-01-19 12:19:03,323 - INFO - Retrieved article length: 3184 characters
2025-01-19 12:19:03,418 - INFO - ATKR: 1h change of 1.28%
2025-01-19 12:19:03,603 - INFO - ATKR: 1mo change of -9.98%
2025-01-19 12:19:03,793 - INFO - Processing ATLO - 2025-01-17 14:35:48 UTC
2025-01-19 12:19:04,104 - INFO - Processing ATKR - 2024-12-26 12:09:00 UTC
2025-01-19 12:19:04,959 - INFO - Retrieved article length: 283 characters
2025-01-19 12:19:05,058 - INFO - ATLO: 1h change of 1.87%
2025-01-19 12:19:05,169 - INFO - ATLO: 1wk change of 5.64%
2025-01-19 12:19:05,287 - INFO - Retrieved article length: 3988 characters
2025-01-19 12:19:05,287 - INFO - ATLO: 1mo change of 4.37%
2025-01-19 12:19:05,507 - INFO - ATKR: 1wk change of -1.38%
2025-01-19 12:19:05,793 - INFO - Processing ATLO - 2024-11-10 15:23:03 UTC
2025-01-19 12:19:06,099 - INFO - Processing ATKR - 2024-12-18 15:10:21 UTC
2025-01-19 12:19:06,952 - INFO - Retrieved article length: 1713 characters
2025-01-19 12:19:07,160 - INFO - ATLO: 1wk change of 4.82%
2025-01-19 12:19:07,280 - INFO - ATLO: 1mo change of -3.49%
2025-01-19 12:19:07,317 - INFO - Retrieved article length: 3691 characters
2025-01-19 12:19:07,406 - INFO - ATKR: 1h change of -3.01%
2025-01-19 12:19:07,500 - INFO - ATKR: 1wk change of -8.24%
2025-01-19 12:19:07,584 - INFO - ATKR: 1mo change of -7.58%
2025-01-19 12:19:07,783 - INFO - Processing ATLO - 2024-10-27 16:14:01 UTC
2025-01-19 12:19:09,074 - INFO - Retrieved article length: 4855 characters
2025-01-19 12:19:09,203 - INFO - Processing ATLX - 2024-12-30 15:00:00 UTC
2025-01-19 12:19:09,286 - INFO - ATLO: 1wk change of -6.67%
2025-01-19 12:19:09,393 - INFO - ATLO: 1mo change of -7.96%
2025-01-19 12:19:10,362 - INFO - Retrieved article length: 7887 characters
2025-01-19 12:19:10,516 - INFO - ATLX: 1h change of -3.23%
2025-01-19 12:19:10,599 - INFO - ATLX: 1wk change of 8.65%
2025-01-19 12:19:10,695 - INFO - ATLX: 1mo change of -4.30%
2025-01-19 12:19:11,035 - INFO - Processing ATMU - 2025-01-16 14:30:00 UTC
2025-01-19 12:19:11,205 - INFO - Processing ATLX - 2024-12-09 17:24:12 UTC
2025-01-19 12:19:12,155 - INFO - Retrieved article length: 3351 characters
2025-01-19 12:19:12,261 - INFO - ATMU: 1h change of 4.95%
2025-01-19 12:19:12,358 - INFO - ATMU: 1wk change of 7.02%
2025-01-19 12:19:12,446 - INFO - ATMU: 1mo change of 2.88%
2025-01-19 12:19:12,446 - INFO - Retrieved article length: 5691 characters
2025-01-19 12:19:12,547 - INFO - ATLX: 1h change of -5.49%
2025-01-19 12:19:12,636 - INFO - ATLX: 1wk change of -5.78%
2025-01-19 12:19:12,724 - INFO - ATLX: 1mo change of -29.00%
2025-01-19 12:19:12,950 - INFO - Processing ATMU - 2024-12-20 13:58:28 UTC
2025-01-19 12:19:13,228 - INFO - Processing ATLX - 2024-11-25 15:30:00 UTC
2025-01-19 12:19:14,175 - INFO - Retrieved article length: 7790 characters
2025-01-19 12:19:14,271 - INFO - ATMU: 1h change of -2.58%
2025-01-19 12:19:14,357 - INFO - ATMU: 1wk change of -5.13%
2025-01-19 12:19:14,391 - INFO - Retrieved article length: 7836 characters
2025-01-19 12:19:14,444 - INFO - ATMU: 1mo change of -2.43%
2025-01-19 12:19:14,494 - INFO - ATLX: 1h change of -12.20%
2025-01-19 12:19:14,576 - INFO - ATLX: 1wk change of -3.60%
2025-01-19 12:19:14,659 - INFO - ATLX: 1mo change of -9.38%
2025-01-19 12:19:14,945 - INFO - Processing ATMU - 2024-11-16 15:50:37 UTC
2025-01-19 12:19:15,173 - INFO - Processing ATLX - 2024-10-28 14:30:00 UTC
2025-01-19 12:19:16,172 - INFO - Retrieved article length: 3597 characters
2025-01-19 12:19:16,321 - INFO - Retrieved article length: 6119 characters
2025-01-19 12:19:16,370 - INFO - ATMU: 1wk change of 6.14%
2025-01-19 12:19:16,398 - INFO - ATLX: 1h change of -1.36%
2025-01-19 12:19:16,502 - INFO - ATLX: 1wk change of 14.16%
2025-01-19 12:19:16,576 - INFO - ATLX: 1mo change of 4.88%
2025-01-19 12:19:16,962 - INFO - Processing ATMU - 2024-11-13 15:01:39 UTC
2025-01-19 12:19:18,156 - INFO - Retrieved article length: 1260 characters
2025-01-19 12:19:18,396 - INFO - ATMU: 1wk change of 14.48%
2025-01-19 12:19:18,489 - INFO - ATMU: 1mo change of 4.06%
2025-01-19 12:19:18,991 - INFO - Processing ATMU - 2024-11-12 15:04:26 UTC
2025-01-19 12:19:20,177 - INFO - Retrieved article length: 5318 characters
2025-01-19 12:19:20,330 - INFO - ATMU: 1h change of 1.95%
2025-01-19 12:19:20,424 - INFO - ATMU: 1wk change of 12.61%
2025-01-19 12:19:20,485 - INFO - Processing ATNF - 2024-12-27 17:00:00 UTC
2025-01-19 12:19:20,505 - INFO - ATMU: 1mo change of 5.06%
2025-01-19 12:19:21,015 - INFO - Processing ATMU - 2024-11-10 17:41:23 UTC
2025-01-19 12:19:21,680 - INFO - Retrieved article length: 11713 characters
2025-01-19 12:19:21,772 - INFO - ATNF: 1h change of -16.63%
2025-01-19 12:19:21,856 - INFO - ATNF: 1wk change of -5.49%
2025-01-19 12:19:21,944 - INFO - ATNF: 1mo change of -30.67%
2025-01-19 12:19:22,193 - INFO - Retrieved article length: 1993 characters
2025-01-19 12:19:22,293 - INFO - ATMU: 1h change of -2.49%
2025-01-19 12:19:22,396 - INFO - ATMU: 1wk change of 10.48%
2025-01-19 12:19:22,449 - INFO - Processing ATNF - 2024-12-12 16:00:00 UTC
2025-01-19 12:19:22,485 - INFO - ATMU: 1mo change of 5.65%
2025-01-19 12:19:22,986 - INFO - Processing ATMU - 2024-11-10 00:01:09 UTC
2025-01-19 12:19:23,754 - INFO - Retrieved article length: 10098 characters
2025-01-19 12:19:23,890 - INFO - ATNF: 1h change of -10.28%
2025-01-19 12:19:23,985 - INFO - ATNF: 1wk change of -21.85%
2025-01-19 12:19:24,057 - INFO - ATNF: 1mo change of -44.03%
2025-01-19 12:19:24,115 - INFO - Retrieved article length: 4444 characters
2025-01-19 12:19:24,115 - INFO - ATMU: 1h change of -2.49%
2025-01-19 12:19:24,134 - INFO - ATMU: 1wk change of 10.48%
2025-01-19 12:19:24,141 - INFO - ATMU: 1mo change of 5.65%
2025-01-19 12:19:24,573 - INFO - Processing ATNF - 2024-12-04 16:00:00 UTC
2025-01-19 12:19:24,643 - INFO - Processing ATMU - 2024-11-09 01:15:12 UTC
2025-01-19 12:19:25,768 - INFO - Retrieved article length: 10853 characters
2025-01-19 12:19:25,862 - INFO - ATNF: 1h change of -14.87%
2025-01-19 12:19:25,923 - INFO - Retrieved article length: 39341 characters
2025-01-19 12:19:26,012 - INFO - ATNF: 1wk change of -13.06%
2025-01-19 12:19:26,012 - INFO - ATMU: 1h change of 5.95%
2025-01-19 12:19:26,099 - INFO - ATNF: 1mo change of -57.76%
2025-01-19 12:19:26,152 - INFO - ATMU: 1wk change of 10.34%
2025-01-19 12:19:26,244 - INFO - ATMU: 1mo change of 5.65%
2025-01-19 12:19:26,608 - INFO - Processing ATNF - 2024-10-31 15:00:00 UTC
2025-01-19 12:19:27,841 - INFO - Retrieved article length: 10271 characters
2025-01-19 12:19:27,871 - INFO - Processing ATO - 2025-01-16 19:45:16 UTC
2025-01-19 12:19:27,924 - INFO - ATNF: 1h change of -15.09%
2025-01-19 12:19:28,014 - INFO - ATNF: 1wk change of -41.65%
2025-01-19 12:19:28,104 - INFO - ATNF: 1mo change of 27.43%
2025-01-19 12:19:28,607 - INFO - Processing ATNF - 2024-10-29 15:00:00 UTC
2025-01-19 12:19:29,093 - INFO - Retrieved article length: 4981 characters
2025-01-19 12:19:29,211 - INFO - ATO: 1h change of 4.37%
2025-01-19 12:19:29,324 - INFO - ATO: 1wk change of 6.49%
2025-01-19 12:19:29,459 - INFO - ATO: 1mo change of 3.67%
2025-01-19 12:19:29,809 - INFO - Retrieved article length: 10515 characters
2025-01-19 12:19:29,961 - INFO - Processing ATO - 2025-01-15 19:45:03 UTC
2025-01-19 12:19:29,995 - INFO - ATNF: 1wk change of -41.05%
2025-01-19 12:19:30,080 - INFO - ATNF: 1mo change of 27.27%
2025-01-19 12:19:30,586 - INFO - Processing ATNF - 2024-10-25 16:00:00 UTC
2025-01-19 12:19:31,087 - INFO - Retrieved article length: 3111 characters
2025-01-19 12:19:31,176 - INFO - ATO: 1h change of 5.81%
2025-01-19 12:19:31,294 - INFO - ATO: 1wk change of 6.49%
2025-01-19 12:19:31,427 - INFO - ATO: 1mo change of 3.81%
2025-01-19 12:19:31,833 - INFO - Retrieved article length: 7517 characters
2025-01-19 12:19:31,916 - INFO - ATNF: 1h change of -7.25%
2025-01-19 12:19:31,934 - INFO - Processing ATO - 2025-01-15 12:18:00 UTC
2025-01-19 12:19:32,068 - INFO - ATNF: 1wk change of 146.05%
2025-01-19 12:19:32,203 - INFO - ATNF: 1mo change of 11.17%
2025-01-19 12:19:33,082 - INFO - Retrieved article length: 8131 characters
2025-01-19 12:19:33,092 - INFO - ATO: 1h change of 5.81%
2025-01-19 12:19:33,143 - INFO - ATO: 1wk change of 6.49%
2025-01-19 12:19:33,191 - INFO - ATO: 1mo change of 3.81%
2025-01-19 12:19:33,696 - INFO - Processing ATO - 2025-01-14 22:00:00 UTC
2025-01-19 12:19:33,843 - INFO - Processing ATOM - 2025-01-10 14:30:00 UTC
2025-01-19 12:19:34,848 - INFO - Retrieved article length: 6587 characters
2025-01-19 12:19:34,952 - INFO - ATO: 1h change of 3.01%
2025-01-19 12:19:34,991 - INFO - Retrieved article length: 1582 characters
2025-01-19 12:19:35,089 - INFO - ATO: 1wk change of 6.49%
2025-01-19 12:19:35,091 - INFO - ATOM: 1h change of -13.92%
2025-01-19 12:19:35,190 - INFO - ATOM: 1wk change of -25.52%
2025-01-19 12:19:35,216 - INFO - ATO: 1mo change of 3.02%
2025-01-19 12:19:35,276 - INFO - ATOM: 1mo change of 27.81%
2025-01-19 12:19:35,716 - INFO - Processing ATO - 2025-01-14 19:40:13 UTC
2025-01-19 12:19:35,786 - INFO - Processing ATOM - 2025-01-03 00:16:00 UTC
2025-01-19 12:19:36,851 - INFO - Retrieved article length: 2771 characters
2025-01-19 12:19:36,867 - INFO - ATO: 1h change of 3.01%
2025-01-19 12:19:36,913 - INFO - ATO: 1wk change of 6.49%
2025-01-19 12:19:36,970 - INFO - ATO: 1mo change of 3.02%
2025-01-19 12:19:37,016 - INFO - Retrieved article length: 131 characters
2025-01-19 12:19:37,100 - INFO - ATOM: 1h change of 35.86%
2025-01-19 12:19:37,197 - INFO - ATOM: 1wk change of 7.34%
2025-01-19 12:19:37,287 - INFO - ATOM: 1mo change of 39.81%
2025-01-19 12:19:37,477 - INFO - Processing ATO - 2025-01-11 15:51:50 UTC
2025-01-19 12:19:37,788 - INFO - Processing ATOM - 2024-10-30 10:16:01 UTC
2025-01-19 12:19:38,564 - INFO - Retrieved article length: 5201 characters
2025-01-19 12:19:38,825 - INFO - ATO: 1wk change of 5.12%
2025-01-19 12:19:38,962 - INFO - ATO: 1mo change of 3.06%
2025-01-19 12:19:39,072 - INFO - Retrieved article length: 4826 characters
2025-01-19 12:19:39,162 - INFO - ATOM: 1h change of 15.55%
2025-01-19 12:19:39,237 - INFO - ATOM: 1wk change of 52.30%
2025-01-19 12:19:39,325 - INFO - ATOM: 1mo change of 146.03%
2025-01-19 12:19:39,467 - INFO - Processing ATO - 2025-01-10 17:06:00 UTC
2025-01-19 12:19:39,832 - INFO - Processing ATOM - 2024-10-30 07:30:14 UTC
2025-01-19 12:19:40,647 - INFO - Retrieved article length: 8637 characters
2025-01-19 12:19:40,892 - INFO - ATO: 1wk change of 4.38%
2025-01-19 12:19:41,012 - INFO - ATO: 1mo change of 2.40%
2025-01-19 12:19:41,060 - INFO - Retrieved article length: 39981 characters
2025-01-19 12:19:41,065 - INFO - ATOM: 1h change of 15.55%
2025-01-19 12:19:41,072 - INFO - ATOM: 1wk change of 52.30%
2025-01-19 12:19:41,078 - INFO - ATOM: 1mo change of 146.03%
2025-01-19 12:19:41,528 - INFO - Processing ATO - 2025-01-10 16:40:00 UTC
2025-01-19 12:19:41,581 - INFO - Processing ATOM - 2024-10-29 23:02:00 UTC
2025-01-19 12:19:42,692 - INFO - Retrieved article length: 10960 characters
2025-01-19 12:19:42,757 - INFO - ATO: 1wk change of 4.38%
2025-01-19 12:19:42,803 - INFO - ATO: 1mo change of 2.40%
2025-01-19 12:19:42,841 - INFO - Retrieved article length: 9532 characters
2025-01-19 12:19:42,943 - INFO - ATOM: 1h change of 19.02%
2025-01-19 12:19:43,029 - INFO - ATOM: 1wk change of 50.86%
2025-01-19 12:19:43,130 - INFO - ATOM: 1mo change of 148.83%
2025-01-19 12:19:44,469 - INFO - Processing ATOS - 2025-01-06 17:00:00 UTC
2025-01-19 12:19:44,736 - INFO - Processing ATPC - 2025-01-14 16:05:04 UTC
2025-01-19 12:19:45,658 - INFO - Retrieved article length: 6740 characters
2025-01-19 12:19:45,757 - INFO - ATOS: 1h change of -5.16%
2025-01-19 12:19:45,833 - INFO - ATOS: 1wk change of -11.22%
2025-01-19 12:19:45,872 - INFO - Retrieved article length: 7073 characters
2025-01-19 12:19:45,927 - INFO - ATOS: 1mo change of -34.65%
2025-01-19 12:19:45,970 - INFO - ATPC: 1h change of -30.96%
2025-01-19 12:19:46,056 - INFO - ATPC: 1wk change of 8.13%
2025-01-19 12:19:46,147 - INFO - ATPC: 1mo change of -7.64%
2025-01-19 12:19:46,431 - INFO - Processing ATOS - 2024-12-20 17:40:09 UTC
2025-01-19 12:19:46,648 - INFO - Processing ATPC - 2024-11-29 17:00:00 UTC
2025-01-19 12:19:47,714 - INFO - Retrieved article length: 2935 characters
2025-01-19 12:19:47,802 - INFO - ATOS: 1h change of -4.16%
2025-01-19 12:19:47,855 - INFO - Retrieved article length: 8719 characters
2025-01-19 12:19:47,897 - INFO - ATOS: 1wk change of -22.22%
2025-01-19 12:19:47,939 - INFO - ATPC: 1h change of 3.47%
2025-01-19 12:19:47,985 - INFO - ATOS: 1mo change of -35.16%
2025-01-19 12:19:48,085 - INFO - ATPC: 1wk change of 6.07%
2025-01-19 12:19:48,180 - INFO - ATPC: 1mo change of -40.82%
2025-01-19 12:19:48,486 - INFO - Processing ATOS - 2024-12-13 16:20:36 UTC
2025-01-19 12:19:49,652 - INFO - Retrieved article length: 1570 characters
2025-01-19 12:19:49,746 - INFO - ATOS: 1h change of -9.68%
2025-01-19 12:19:49,831 - INFO - Processing ATRC - 2025-01-13 22:32:16 UTC
2025-01-19 12:19:49,831 - INFO - ATOS: 1wk change of -21.95%
2025-01-19 12:19:49,927 - INFO - ATOS: 1mo change of -43.33%
2025-01-19 12:19:50,433 - INFO - Processing ATOS - 2024-12-12 16:15:00 UTC
2025-01-19 12:19:51,002 - INFO - Retrieved article length: 526 characters
2025-01-19 12:19:51,097 - INFO - ATRC: 1h change of 5.41%
2025-01-19 12:19:51,192 - INFO - ATRC: 1wk change of 20.11%
2025-01-19 12:19:51,279 - INFO - ATRC: 1mo change of 13.35%
2025-01-19 12:19:51,663 - INFO - Retrieved article length: 8549 characters
2025-01-19 12:19:51,752 - INFO - ATOS: 1h change of -8.94%
2025-01-19 12:19:51,780 - INFO - Processing ATRC - 2025-01-13 16:00:00 UTC
2025-01-19 12:19:51,858 - INFO - ATOS: 1wk change of -24.41%
2025-01-19 12:19:51,955 - INFO - ATOS: 1mo change of -42.00%
2025-01-19 12:19:52,472 - INFO - Processing ATOS - 2024-12-11 16:15:00 UTC
2025-01-19 12:19:52,920 - INFO - Retrieved article length: 6220 characters
2025-01-19 12:19:52,920 - INFO - ATRC: 1h change of 5.41%
2025-01-19 12:19:52,981 - INFO - ATRC: 1wk change of 20.11%
2025-01-19 12:19:53,029 - INFO - ATRC: 1mo change of 13.35%
2025-01-19 12:19:53,531 - INFO - Processing ATRC - 2024-12-23 16:00:00 UTC
2025-01-19 12:19:53,666 - INFO - Retrieved article length: 9096 characters
2025-01-19 12:19:53,764 - INFO - ATOS: 1h change of -9.84%
2025-01-19 12:19:53,874 - INFO - ATOS: 1wk change of -24.41%
2025-01-19 12:19:53,993 - INFO - ATOS: 1mo change of -41.22%
2025-01-19 12:19:54,494 - INFO - Processing ATOS - 2024-12-10 17:05:00 UTC
2025-01-19 12:19:54,807 - INFO - Retrieved article length: 2180 characters
2025-01-19 12:19:55,006 - INFO - ATRC: 1wk change of -3.50%
2025-01-19 12:19:55,076 - INFO - ATRC: 1mo change of 10.80%
2025-01-19 12:19:55,592 - INFO - Processing ATRC - 2024-11-28 15:35:30 UTC
2025-01-19 12:19:55,667 - INFO - Retrieved article length: 10710 characters
2025-01-19 12:19:55,768 - INFO - ATOS: 1h change of -3.93%
2025-01-19 12:19:55,856 - INFO - ATOS: 1wk change of -22.83%
2025-01-19 12:19:55,949 - INFO - ATOS: 1mo change of -34.29%
2025-01-19 12:19:56,458 - INFO - Processing ATOS - 2024-12-09 16:15:00 UTC
2025-01-19 12:19:56,855 - INFO - Retrieved article length: 7460 characters
2025-01-19 12:19:56,960 - INFO - ATRC: 1h change of 2.37%
2025-01-19 12:19:57,044 - INFO - ATRC: 1wk change of -1.35%
2025-01-19 12:19:57,147 - INFO - ATRC: 1mo change of 6.56%
2025-01-19 12:19:57,600 - INFO - Retrieved article length: 8186 characters
2025-01-19 12:19:57,648 - INFO - Processing ATRC - 2024-11-20 16:00:00 UTC
2025-01-19 12:19:57,696 - INFO - ATOS: 1h change of -1.17%
2025-01-19 12:19:57,769 - INFO - ATOS: 1wk change of -23.85%
2025-01-19 12:19:57,876 - INFO - ATOS: 1mo change of -36.17%
2025-01-19 12:19:58,377 - INFO - Processing ATOS - 2024-11-21 16:30:00 UTC
2025-01-19 12:19:58,930 - INFO - Retrieved article length: 2211 characters
2025-01-19 12:19:59,122 - INFO - ATRC: 1wk change of -5.34%
2025-01-19 12:19:59,205 - INFO - ATRC: 1mo change of 4.60%
2025-01-19 12:19:59,533 - INFO - Retrieved article length: 6660 characters
2025-01-19 12:19:59,634 - INFO - ATOS: 1h change of -6.56%
2025-01-19 12:19:59,711 - INFO - Processing ATRC - 2024-11-07 16:00:00 UTC
2025-01-19 12:19:59,735 - INFO - ATOS: 1wk change of -19.75%
2025-01-19 12:19:59,821 - INFO - ATOS: 1mo change of -28.97%
2025-01-19 12:20:01,022 - INFO - Retrieved article length: 2173 characters
2025-01-19 12:20:01,121 - INFO - ATRC: 1h change of 7.21%
2025-01-19 12:20:01,200 - INFO - ATRC: 1wk change of 21.84%
2025-01-19 12:20:01,290 - INFO - ATRC: 1mo change of 21.39%
2025-01-19 12:20:01,442 - INFO - Processing ATSG - 2025-01-08 12:05:40 UTC
2025-01-19 12:20:01,790 - INFO - Processing ATRC - 2024-11-01 14:51:58 UTC
2025-01-19 12:20:02,590 - INFO - Retrieved article length: 3774 characters
2025-01-19 12:20:03,007 - INFO - Retrieved article length: 4415 characters
2025-01-19 12:20:03,095 - INFO - ATRC: 1h change of -6.69%
2025-01-19 12:20:03,193 - INFO - ATRC: 1wk change of 30.81%
2025-01-19 12:20:03,276 - INFO - ATRC: 1mo change of 21.04%
2025-01-19 12:20:03,432 - INFO - Processing ATSG - 2025-01-07 16:52:00 UTC
2025-01-19 12:20:03,788 - INFO - Processing ATRC - 2024-10-31 14:07:48 UTC
2025-01-19 12:20:04,574 - INFO - Retrieved article length: 2445 characters
2025-01-19 12:20:04,983 - INFO - Retrieved article length: 1940 characters
2025-01-19 12:20:05,089 - INFO - ATRC: 1h change of 15.04%
2025-01-19 12:20:05,169 - INFO - ATRC: 1wk change of 31.22%
2025-01-19 12:20:05,255 - INFO - ATRC: 1mo change of 27.76%
2025-01-19 12:20:05,372 - INFO - Processing ATSG - 2024-12-19 08:52:09 UTC
2025-01-19 12:20:06,561 - INFO - Retrieved article length: 8463 characters
2025-01-19 12:20:06,798 - INFO - ATSG: 1wk change of -1.39%
2025-01-19 12:20:06,900 - INFO - Processing ATUS - 2025-01-18 19:32:00 UTC
2025-01-19 12:20:07,412 - INFO - Processing ATSG - 2024-12-10 12:43:10 UTC
2025-01-19 12:20:08,043 - INFO - Retrieved article length: 2890 characters
2025-01-19 12:20:08,160 - INFO - ATUS: 1h change of 3.18%
2025-01-19 12:20:08,244 - INFO - ATUS: 1wk change of 10.84%
2025-01-19 12:20:08,332 - INFO - ATUS: 1mo change of 5.34%
2025-01-19 12:20:08,664 - INFO - Retrieved article length: 494 characters
2025-01-19 12:20:08,841 - INFO - Processing ATUS - 2025-01-17 16:47:00 UTC
2025-01-19 12:20:09,438 - INFO - Processing ATSG - 2024-12-10 02:00:00 UTC
2025-01-19 12:20:10,044 - INFO - Retrieved article length: 4908 characters
2025-01-19 12:20:10,147 - INFO - ATUS: 1h change of 4.55%
2025-01-19 12:20:10,231 - INFO - ATUS: 1wk change of 11.29%
2025-01-19 12:20:10,327 - INFO - ATUS: 1mo change of 2.99%
2025-01-19 12:20:10,618 - INFO - Retrieved article length: 14113 characters
2025-01-19 12:20:10,834 - INFO - Processing ATUS - 2025-01-17 14:45:21 UTC
2025-01-19 12:20:11,154 - INFO - Processing ATSG - 2024-12-03 00:01:00 UTC
2025-01-19 12:20:11,918 - INFO - Retrieved article length: 528 characters
2025-01-19 12:20:11,935 - INFO - ATUS: 1h change of 4.55%
2025-01-19 12:20:11,983 - INFO - ATUS: 1wk change of 11.29%
2025-01-19 12:20:12,031 - INFO - ATUS: 1mo change of 2.99%
2025-01-19 12:20:12,324 - INFO - Retrieved article length: 4353 characters
2025-01-19 12:20:12,534 - INFO - Processing ATUS - 2025-01-17 00:16:00 UTC
2025-01-19 12:20:12,600 - INFO - ATSG: 1mo change of 25.95%
2025-01-19 12:20:13,105 - INFO - Processing ATSG - 2024-12-02 13:00:00 UTC
2025-01-19 12:20:13,665 - INFO - Retrieved article length: 7001 characters
2025-01-19 12:20:13,676 - INFO - ATUS: 1h change of 4.55%
2025-01-19 12:20:13,722 - INFO - ATUS: 1wk change of 11.29%
2025-01-19 12:20:13,781 - INFO - ATUS: 1mo change of 2.99%
2025-01-19 12:20:14,290 - INFO - Processing ATUS - 2025-01-16 17:30:00 UTC
2025-01-19 12:20:14,317 - INFO - Retrieved article length: 9175 characters
2025-01-19 12:20:14,595 - INFO - ATSG: 1mo change of 27.91%
2025-01-19 12:20:15,098 - INFO - Processing ATSG - 2024-11-26 01:33:53 UTC
2025-01-19 12:20:15,575 - INFO - Retrieved article length: 3776 characters
2025-01-19 12:20:15,880 - INFO - ATUS: 1h change of 8.88%
2025-01-19 12:20:15,981 - INFO - ATUS: 1wk change of 5.34%
2025-01-19 12:20:16,130 - INFO - ATUS: 1mo change of 5.75%
2025-01-19 12:20:16,325 - INFO - Retrieved article length: 573 characters
2025-01-19 12:20:16,602 - INFO - ATSG: 1mo change of 35.70%
2025-01-19 12:20:16,631 - INFO - Processing ATUS - 2025-01-14 02:08:00 UTC
2025-01-19 12:20:17,740 - INFO - Retrieved article length: 4511 characters
2025-01-19 12:20:17,863 - INFO - ATUS: 1h change of 13.19%
2025-01-19 12:20:17,951 - INFO - ATUS: 1wk change of 5.34%
2025-01-19 12:20:18,052 - INFO - ATUS: 1mo change of 15.00%
2025-01-19 12:20:18,234 - INFO - Processing ATXG - 2025-01-13 17:00:00 UTC
2025-01-19 12:20:18,554 - INFO - Processing ATUS - 2025-01-11 01:36:35 UTC
2025-01-19 12:20:19,530 - INFO - Retrieved article length: 5897 characters
2025-01-19 12:20:19,615 - INFO - ATXG: 1h change of -7.29%
2025-01-19 12:20:19,723 - INFO - ATXG: 1wk change of -11.88%
2025-01-19 12:20:19,743 - INFO - Retrieved article length: 1898 characters
2025-01-19 12:20:19,816 - INFO - ATXG: 1mo change of 11.90%
2025-01-19 12:20:19,922 - INFO - ATUS: 1wk change of 16.46%
2025-01-19 12:20:20,023 - INFO - ATUS: 1mo change of 16.95%
2025-01-19 12:20:20,325 - INFO - Processing ATXG - 2024-11-21 17:16:00 UTC
2025-01-19 12:20:20,525 - INFO - Processing ATUS - 2025-01-11 01:12:00 UTC
2025-01-19 12:20:21,436 - INFO - Retrieved article length: 5693 characters
2025-01-19 12:20:21,547 - INFO - ATXG: 1h change of 1.08%
2025-01-19 12:20:21,639 - INFO - ATXG: 1wk change of -9.59%
2025-01-19 12:20:21,690 - INFO - Retrieved article length: 4412 characters
2025-01-19 12:20:21,728 - INFO - ATXG: 1mo change of -13.81%
2025-01-19 12:20:21,730 - INFO - ATUS: 1wk change of 16.46%
2025-01-19 12:20:21,796 - INFO - ATUS: 1mo change of 16.95%
2025-01-19 12:20:22,229 - INFO - Processing ATXG - 2024-11-17 16:14:17 UTC
2025-01-19 12:20:23,435 - INFO - Processing ATXI - 2024-11-15 00:05:00 UTC
2025-01-19 12:20:24,750 - INFO - ATXG: 1wk change of -1.27%
2025-01-19 12:20:24,795 - INFO - Retrieved article length: 13170 characters
2025-01-19 12:20:24,850 - INFO - ATXG: 1mo change of -22.34%
2025-01-19 12:20:24,883 - INFO - ATXI: 1h change of -7.01%
2025-01-19 12:20:24,973 - INFO - ATXI: 1wk change of -9.46%
2025-01-19 12:20:25,057 - INFO - ATXI: 1mo change of -12.62%
2025-01-19 12:20:26,544 - INFO - Processing ATYR - 2025-01-10 13:20:00 UTC
2025-01-19 12:20:26,691 - INFO - Processing AUB - 2025-01-16 18:00:30 UTC
2025-01-19 12:20:27,703 - INFO - Retrieved article length: 3947 characters
2025-01-19 12:20:27,792 - INFO - ATYR: 1h change of -4.74%
2025-01-19 12:20:27,949 - INFO - Retrieved article length: 5645 characters
2025-01-19 12:20:27,971 - INFO - ATYR: 1mo change of 7.44%
2025-01-19 12:20:28,045 - INFO - AUB: 1h change of 4.24%
2025-01-19 12:20:28,188 - INFO - AUB: 1wk change of 2.38%
2025-01-19 12:20:28,293 - INFO - AUB: 1mo change of -8.33%
2025-01-19 12:20:28,472 - INFO - Processing ATYR - 2024-12-20 17:06:13 UTC
2025-01-19 12:20:28,809 - INFO - Processing AUB - 2025-01-15 18:07:20 UTC
2025-01-19 12:20:29,830 - INFO - Retrieved article length: 7272 characters
2025-01-19 12:20:29,909 - INFO - Retrieved article length: 6860 characters
2025-01-19 12:20:29,913 - INFO - ATYR: 1h change of 5.03%
2025-01-19 12:20:29,995 - INFO - AUB: 1h change of 6.74%
2025-01-19 12:20:29,995 - INFO - ATYR: 1wk change of 13.68%
2025-01-19 12:20:30,098 - INFO - ATYR: 1mo change of 24.27%
2025-01-19 12:20:30,120 - INFO - AUB: 1wk change of 2.38%
2025-01-19 12:20:30,220 - INFO - AUB: 1mo change of -9.23%
2025-01-19 12:20:30,600 - INFO - Processing ATYR - 2024-12-19 17:06:34 UTC
2025-01-19 12:20:30,733 - INFO - Processing AUB - 2025-01-14 02:09:00 UTC
2025-01-19 12:20:31,732 - INFO - Retrieved article length: 5746 characters
2025-01-19 12:20:31,827 - INFO - ATYR: 1h change of 8.75%
2025-01-19 12:20:31,910 - INFO - ATYR: 1wk change of 5.95%
2025-01-19 12:20:31,942 - INFO - Retrieved article length: 20720 characters
2025-01-19 12:20:32,004 - INFO - ATYR: 1mo change of 13.17%
2025-01-19 12:20:32,034 - INFO - AUB: 1h change of 8.22%
2025-01-19 12:20:32,145 - INFO - AUB: 1wk change of 2.38%
2025-01-19 12:20:32,256 - INFO - AUB: 1mo change of -9.57%
2025-01-19 12:20:32,505 - INFO - Processing ATYR - 2024-12-17 16:00:00 UTC
2025-01-19 12:20:32,758 - INFO - Processing AUB - 2025-01-08 14:14:42 UTC
2025-01-19 12:20:33,664 - INFO - Retrieved article length: 2365 characters
2025-01-19 12:20:33,847 - INFO - ATYR: 1wk change of 6.80%
2025-01-19 12:20:33,944 - INFO - ATYR: 1mo change of 3.44%
2025-01-19 12:20:33,988 - INFO - Retrieved article length: 4256 characters
2025-01-19 12:20:34,089 - INFO - AUB: 1h change of -2.30%
2025-01-19 12:20:34,355 - INFO - AUB: 1mo change of -11.50%
2025-01-19 12:20:34,446 - INFO - Processing ATYR - 2024-12-13 00:00:00 UTC
2025-01-19 12:20:34,858 - INFO - Processing AUB - 2025-01-03 14:04:42 UTC
2025-01-19 12:20:35,655 - INFO - Retrieved article length: 5345 characters
2025-01-19 12:20:35,761 - INFO - ATYR: 1h change of -3.47%
2025-01-19 12:20:35,946 - INFO - ATYR: 1mo change of 20.19%
2025-01-19 12:20:36,146 - INFO - Retrieved article length: 7281 characters
2025-01-19 12:20:36,234 - INFO - AUB: 1h change of -1.09%
2025-01-19 12:20:36,361 - INFO - AUB: 1wk change of -8.63%
2025-01-19 12:20:36,448 - INFO - Processing ATYR - 2024-12-10 16:00:00 UTC
2025-01-19 12:20:36,517 - INFO - AUB: 1mo change of -10.75%
2025-01-19 12:20:37,020 - INFO - Processing AUB - 2025-01-02 19:10:27 UTC
2025-01-19 12:20:37,576 - INFO - Retrieved article length: 6997 characters
2025-01-19 12:20:37,682 - INFO - ATYR: 1h change of -13.05%
2025-01-19 12:20:37,789 - INFO - ATYR: 1wk change of -11.52%
2025-01-19 12:20:37,870 - INFO - ATYR: 1mo change of 4.44%
2025-01-19 12:20:38,200 - INFO - Retrieved article length: 6884 characters
2025-01-19 12:20:38,294 - INFO - AUB: 1h change of -2.34%
2025-01-19 12:20:38,382 - INFO - Processing ATYR - 2024-12-09 16:00:00 UTC
2025-01-19 12:20:38,413 - INFO - AUB: 1wk change of -7.90%
2025-01-19 12:20:38,530 - INFO - AUB: 1mo change of -10.75%
2025-01-19 12:20:39,040 - INFO - Processing AUB - 2025-01-02 16:00:00 UTC
2025-01-19 12:20:39,687 - INFO - Retrieved article length: 8323 characters
2025-01-19 12:20:39,800 - INFO - ATYR: 1h change of -9.34%
2025-01-19 12:20:39,953 - INFO - ATYR: 1wk change of -10.76%
2025-01-19 12:20:40,086 - INFO - ATYR: 1mo change of 14.61%
2025-01-19 12:20:40,187 - INFO - Retrieved article length: 2063 characters
2025-01-19 12:20:40,197 - INFO - AUB: 1h change of -2.34%
2025-01-19 12:20:40,204 - INFO - AUB: 1wk change of -7.90%
2025-01-19 12:20:40,251 - INFO - AUB: 1mo change of -10.75%
2025-01-19 12:20:40,587 - INFO - Processing ATYR - 2024-11-15 16:00:00 UTC
2025-01-19 12:20:40,753 - INFO - Processing AUB - 2024-12-05 14:01:45 UTC
2025-01-19 12:20:41,699 - INFO - Retrieved article length: 5427 characters
2025-01-19 12:20:41,782 - INFO - ATYR: 1h change of -20.30%
2025-01-19 12:20:41,884 - INFO - ATYR: 1wk change of -3.81%
2025-01-19 12:20:41,915 - INFO - Retrieved article length: 7302 characters
2025-01-19 12:20:41,966 - INFO - ATYR: 1mo change of 41.26%
2025-01-19 12:20:42,002 - INFO - AUB: 1h change of -2.28%
2025-01-19 12:20:42,118 - INFO - AUB: 1wk change of -5.97%
2025-01-19 12:20:42,273 - INFO - AUB: 1mo change of -2.65%
2025-01-19 12:20:43,594 - INFO - Processing AUGX - 2025-01-19 12:15:00 UTC
2025-01-19 12:20:43,880 - INFO - Processing AUID - 2025-01-08 16:00:00 UTC
2025-01-19 12:20:44,811 - INFO - Retrieved article length: 4909 characters
2025-01-19 12:20:45,130 - INFO - Retrieved article length: 6828 characters
2025-01-19 12:20:45,229 - INFO - AUID: 1h change of -4.83%
2025-01-19 12:20:45,315 - INFO - AUID: 1wk change of -8.14%
2025-01-19 12:20:45,396 - INFO - AUID: 1mo change of 4.45%
2025-01-19 12:20:45,903 - INFO - Processing AUID - 2024-12-23 16:00:00 UTC
2025-01-19 12:20:46,115 - ERROR - AUGX: No timezone found, symbol may be delisted
2025-01-19 12:20:46,118 - ERROR - AUGX: No timezone found, symbol may be delisted
2025-01-19 12:20:46,119 - ERROR - AUGX: No timezone found, symbol may be delisted
2025-01-19 12:20:46,622 - INFO - Processing AUGX - 2025-01-19 12:12:00 UTC
2025-01-19 12:20:47,199 - INFO - Retrieved article length: 6870 characters
2025-01-19 12:20:47,298 - INFO - AUID: 1h change of 3.53%
2025-01-19 12:20:47,326 - ERROR - AUGX: No timezone found, symbol may be delisted
2025-01-19 12:20:47,327 - ERROR - AUGX: No timezone found, symbol may be delisted
2025-01-19 12:20:47,328 - ERROR - AUGX: No timezone found, symbol may be delisted
2025-01-19 12:20:47,374 - INFO - AUID: 1wk change of -1.15%
2025-01-19 12:20:47,463 - INFO - AUID: 1mo change of -13.80%
2025-01-19 12:20:47,829 - INFO - Processing AUGX - 2025-01-19 12:10:00 UTC
2025-01-19 12:20:47,966 - INFO - Processing AUID - 2024-12-19 16:00:00 UTC
2025-01-19 12:20:49,171 - INFO - Retrieved article length: 4898 characters
2025-01-19 12:20:49,171 - ERROR - AUGX: No timezone found, symbol may be delisted
2025-01-19 12:20:49,171 - ERROR - AUGX: No timezone found, symbol may be delisted
2025-01-19 12:20:49,171 - ERROR - AUGX: No timezone found, symbol may be delisted
2025-01-19 12:20:49,192 - INFO - Retrieved article length: 6651 characters
2025-01-19 12:20:49,333 - INFO - AUID: 1h change of 5.45%
2025-01-19 12:20:49,503 - INFO - AUID: 1wk change of -4.13%
2025-01-19 12:20:49,591 - INFO - AUID: 1mo change of -14.18%
2025-01-19 12:20:49,677 - INFO - Processing AUGX - 2025-01-19 12:08:00 UTC
2025-01-19 12:20:50,092 - INFO - Processing AUID - 2024-12-16 16:00:00 UTC
2025-01-19 12:20:50,955 - INFO - Retrieved article length: 5453 characters
2025-01-19 12:20:50,955 - ERROR - AUGX: No timezone found, symbol may be delisted
2025-01-19 12:20:50,955 - ERROR - AUGX: No timezone found, symbol may be delisted
2025-01-19 12:20:50,955 - ERROR - AUGX: No timezone found, symbol may be delisted
2025-01-19 12:20:51,352 - INFO - Retrieved article length: 5608 characters
2025-01-19 12:20:51,446 - INFO - AUID: 1h change of 6.65%
2025-01-19 12:20:51,469 - INFO - Processing AUGX - 2025-01-19 12:05:00 UTC
2025-01-19 12:20:51,524 - INFO - AUID: 1wk change of -5.11%
2025-01-19 12:20:51,616 - INFO - AUID: 1mo change of -18.59%
2025-01-19 12:20:52,128 - INFO - Processing AUID - 2024-12-10 16:00:00 UTC
2025-01-19 12:20:52,623 - INFO - Retrieved article length: 5560 characters
2025-01-19 12:20:52,630 - ERROR - AUGX: No timezone found, symbol may be delisted
2025-01-19 12:20:52,630 - ERROR - AUGX: No timezone found, symbol may be delisted
2025-01-19 12:20:52,630 - ERROR - AUGX: No timezone found, symbol may be delisted
2025-01-19 12:20:53,133 - INFO - Processing AUGX - 2025-01-19 12:03:26 UTC
2025-01-19 12:20:53,333 - INFO - Retrieved article length: 5926 characters
2025-01-19 12:20:53,412 - INFO - AUID: 1h change of -2.14%
2025-01-19 12:20:53,507 - INFO - AUID: 1wk change of -9.08%
2025-01-19 12:20:53,592 - INFO - AUID: 1mo change of -32.14%
2025-01-19 12:20:54,102 - INFO - Processing AUID - 2024-12-02 16:00:00 UTC
2025-01-19 12:20:54,344 - INFO - Retrieved article length: 3749 characters
2025-01-19 12:20:54,344 - ERROR - AUGX: No timezone found, symbol may be delisted
2025-01-19 12:20:54,344 - ERROR - AUGX: No timezone found, symbol may be delisted
2025-01-19 12:20:54,344 - ERROR - AUGX: No timezone found, symbol may be delisted
2025-01-19 12:20:54,853 - INFO - Processing AUGX - 2025-01-19 12:01:00 UTC
2025-01-19 12:20:55,267 - INFO - Retrieved article length: 4816 characters
2025-01-19 12:20:55,407 - INFO - AUID: 1h change of -5.68%
2025-01-19 12:20:55,496 - INFO - AUID: 1wk change of -2.90%
2025-01-19 12:20:55,588 - INFO - AUID: 1mo change of -10.34%
2025-01-19 12:20:56,032 - INFO - Retrieved article length: 12119 characters
2025-01-19 12:20:56,032 - ERROR - AUGX: No timezone found, symbol may be delisted
2025-01-19 12:20:56,036 - ERROR - AUGX: No timezone found, symbol may be delisted
2025-01-19 12:20:56,036 - ERROR - AUGX: No timezone found, symbol may be delisted
2025-01-19 12:20:56,093 - INFO - Processing AUID - 2024-11-22 16:00:00 UTC
2025-01-19 12:20:56,538 - INFO - Processing AUGX - 2025-01-19 12:00:00 UTC
2025-01-19 12:20:57,377 - INFO - Retrieved article length: 4799 characters
2025-01-19 12:20:57,472 - INFO - AUID: 1h change of -1.50%
2025-01-19 12:20:57,558 - INFO - AUID: 1wk change of -13.69%
2025-01-19 12:20:57,642 - INFO - AUID: 1mo change of -10.00%
2025-01-19 12:20:57,685 - INFO - Retrieved article length: 3272 characters
2025-01-19 12:20:57,686 - ERROR - AUGX: No timezone found, symbol may be delisted
2025-01-19 12:20:57,687 - ERROR - AUGX: No timezone found, symbol may be delisted
2025-01-19 12:20:57,687 - ERROR - AUGX: No timezone found, symbol may be delisted
2025-01-19 12:20:58,145 - INFO - Processing AUID - 2024-11-15 16:00:00 UTC
2025-01-19 12:20:59,286 - INFO - Retrieved article length: 2211 characters
2025-01-19 12:20:59,376 - INFO - AUID: 1h change of -4.27%
2025-01-19 12:20:59,461 - INFO - AUID: 1wk change of -19.21%
2025-01-19 12:20:59,548 - INFO - AUID: 1mo change of -19.22%
