2025-01-19 16:48:00,670 - INFO - Starting new training session. Logging to: logs/training_20250119_164800.log
2025-01-19 16:48:00,672 - INFO - Starting new training session. Logging to: logs/training_20250119_164800.log
2025-01-19 16:48:00,706 - INFO - Starting new training session. Logging to: logs/training_20250119_164800.log
2025-01-19 16:48:00,706 - INFO - Starting new training session. Logging to: logs/training_20250119_164800.log
2025-01-19 16:48:01,299 - INFO - Processing TGTX - 2025-01-15 21:03:15 UTC
2025-01-19 16:48:01,312 - INFO - Processing TGT - 2025-01-19 01:01:19 UTC
2025-01-19 16:48:01,313 - INFO - Processing TH - 2025-01-17 16:19:19 UTC
2025-01-19 16:48:01,384 - INFO - Processing TGNA - 2025-01-08 18:27:08 UTC
2025-01-19 16:48:01,949 - INFO - Retrieved article length: 5850 characters
2025-01-19 16:48:02,066 - INFO - Retrieved article length: 3202 characters
2025-01-19 16:48:02,104 - INFO - Retrieved article length: 7600 characters
2025-01-19 16:48:02,137 - INFO - Retrieved article length: 4368 characters
2025-01-19 16:48:02,211 - INFO - TH: 1h change of 2.90%
2025-01-19 16:48:02,216 - INFO - TGTX: 1h change of 4.72%
2025-01-19 16:48:02,260 - INFO - TGT: 1wk change of -5.66%
2025-01-19 16:48:02,264 - INFO - TGNA: 1h change of -2.35%
2025-01-19 16:48:02,299 - INFO - TGTX: 1wk change of 5.54%
2025-01-19 16:48:02,310 - INFO - TH: 1wk change of 12.40%
2025-01-19 16:48:02,380 - INFO - TGTX: 1mo change of -6.64%
2025-01-19 16:48:02,380 - INFO - Processing TGTX - 2025-01-15 18:29:45 UTC
2025-01-19 16:48:02,397 - INFO - TGNA: 1wk change of -2.02%
2025-01-19 16:48:02,402 - INFO - Processing TGT - 2025-01-17 23:00:00 UTC
2025-01-19 16:48:02,407 - INFO - TH: 1mo change of 22.84%
2025-01-19 16:48:02,407 - INFO - Processing TH - 2025-01-08 12:04:29 UTC
2025-01-19 16:48:02,543 - INFO - TGNA: 1mo change of -3.92%
2025-01-19 16:48:02,543 - INFO - Processing TGNA - 2025-01-06 17:00:00 UTC
2025-01-19 16:48:03,034 - INFO - Retrieved article length: 6282 characters
2025-01-19 16:48:03,120 - INFO - Retrieved article length: 6160 characters
2025-01-19 16:48:03,145 - INFO - TGT: 1h change of -2.78%
2025-01-19 16:48:03,150 - INFO - Retrieved article length: 2842 characters
2025-01-19 16:48:03,158 - INFO - TGTX: 1h change of 4.72%
2025-01-19 16:48:03,171 - INFO - Retrieved article length: 3886 characters
2025-01-19 16:48:03,210 - INFO - TGTX: 1wk change of 5.54%
2025-01-19 16:48:03,264 - INFO - TGTX: 1mo change of -6.64%
2025-01-19 16:48:03,264 - INFO - Processing TGTX - 2025-01-15 17:10:00 UTC
2025-01-19 16:48:03,269 - INFO - TGNA: 1h change of -1.44%
2025-01-19 16:48:03,291 - INFO - TGT: 1wk change of -4.05%
2025-01-19 16:48:03,312 - INFO - TH: 1wk change of 12.11%
2025-01-19 16:48:03,412 - INFO - TH: 1mo change of 36.71%
2025-01-19 16:48:03,412 - INFO - Processing TH - 2025-01-06 12:03:05 UTC
2025-01-19 16:48:03,448 - INFO - Processing TGT - 2025-01-17 14:38:39 UTC
2025-01-19 16:48:03,579 - INFO - TGNA: 1mo change of -3.62%
2025-01-19 16:48:03,579 - INFO - Processing TGNA - 2024-12-19 16:13:43 UTC
2025-01-19 16:48:04,081 - INFO - Retrieved article length: 3912 characters
2025-01-19 16:48:04,090 - INFO - TGTX: 1h change of 4.72%
2025-01-19 16:48:04,142 - INFO - TGTX: 1wk change of 5.54%
2025-01-19 16:48:04,170 - INFO - Retrieved article length: 3598 characters
2025-01-19 16:48:04,179 - INFO - TGT: 1h change of -2.78%
2025-01-19 16:48:04,194 - INFO - TGTX: 1mo change of -6.64%
2025-01-19 16:48:04,194 - INFO - Processing TGTX - 2025-01-15 16:15:00 UTC
2025-01-19 16:48:04,197 - INFO - Retrieved article length: 6389 characters
2025-01-19 16:48:04,245 - INFO - TGT: 1wk change of -4.05%
2025-01-19 16:48:04,300 - INFO - TH: 1h change of -1.76%
2025-01-19 16:48:04,311 - INFO - Processing TGT - 2025-01-16 21:26:20 UTC
2025-01-19 16:48:04,397 - INFO - TH: 1wk change of 8.46%
2025-01-19 16:48:04,404 - INFO - Retrieved article length: 533 characters
2025-01-19 16:48:04,500 - INFO - TH: 1mo change of 31.64%
2025-01-19 16:48:04,500 - INFO - Processing TH - 2025-01-02 13:07:18 UTC
2025-01-19 16:48:04,647 - INFO - TGNA: 1wk change of -1.76%
2025-01-19 16:48:04,792 - INFO - Processing TGNA - 2024-12-16 11:39:14 UTC
2025-01-19 16:48:04,916 - INFO - Retrieved article length: 2667 characters
2025-01-19 16:48:04,924 - INFO - TGTX: 1h change of 4.72%
2025-01-19 16:48:04,977 - INFO - TGTX: 1wk change of 5.54%
2025-01-19 16:48:05,029 - INFO - TGTX: 1mo change of -6.64%
2025-01-19 16:48:05,029 - INFO - Processing TGTX - 2025-01-14 23:00:19 UTC
2025-01-19 16:48:05,075 - INFO - Retrieved article length: 2983 characters
2025-01-19 16:48:05,184 - INFO - TGT: 1h change of -4.00%
2025-01-19 16:48:05,187 - INFO - Retrieved article length: 7071 characters
2025-01-19 16:48:05,333 - INFO - TGT: 1wk change of -4.08%
2025-01-19 16:48:05,396 - INFO - TH: 1wk change of 2.24%
2025-01-19 16:48:05,477 - INFO - TGT: 1mo change of -1.24%
2025-01-19 16:48:05,479 - INFO - Processing TGT - 2025-01-16 21:08:24 UTC
2025-01-19 16:48:05,489 - INFO - TH: 1mo change of 28.78%
2025-01-19 16:48:05,489 - INFO - Processing TH - 2025-01-02 12:05:40 UTC
2025-01-19 16:48:05,518 - INFO - Retrieved article length: 3465 characters
2025-01-19 16:48:05,624 - INFO - TGNA: 1h change of -2.37%
2025-01-19 16:48:05,761 - INFO - TGNA: 1wk change of -1.55%
2025-01-19 16:48:05,785 - INFO - Retrieved article length: 2094 characters
2025-01-19 16:48:05,911 - INFO - TGTX: 1h change of 8.35%
2025-01-19 16:48:05,936 - INFO - TGNA: 1mo change of -3.00%
2025-01-19 16:48:05,936 - INFO - Processing TGNA - 2024-12-14 19:30:58 UTC
2025-01-19 16:48:05,995 - INFO - TGTX: 1wk change of 5.54%
2025-01-19 16:48:06,082 - INFO - TGTX: 1mo change of -6.69%
2025-01-19 16:48:06,082 - INFO - Processing TGTX - 2025-01-14 16:02:50 UTC
2025-01-19 16:48:06,257 - INFO - Retrieved article length: 3488 characters
2025-01-19 16:48:06,265 - INFO - TGT: 1h change of -4.00%
2025-01-19 16:48:06,330 - INFO - TGT: 1wk change of -4.08%
2025-01-19 16:48:06,349 - INFO - Retrieved article length: 6584 characters
2025-01-19 16:48:06,363 - INFO - TH: 1wk change of 2.24%
2025-01-19 16:48:06,396 - INFO - TGT: 1mo change of -1.24%
2025-01-19 16:48:06,396 - INFO - Processing TGT - 2025-01-16 20:36:26 UTC
2025-01-19 16:48:06,428 - INFO - TH: 1mo change of 28.78%
2025-01-19 16:48:06,428 - INFO - Processing TH - 2024-12-30 14:45:00 UTC
2025-01-19 16:48:06,646 - INFO - Retrieved article length: 3624 characters
2025-01-19 16:48:06,915 - INFO - TGNA: 1wk change of -1.57%
2025-01-19 16:48:06,920 - INFO - Retrieved article length: 545 characters
2025-01-19 16:48:06,929 - INFO - TGTX: 1h change of 8.35%
2025-01-19 16:48:06,983 - INFO - TGTX: 1wk change of 5.54%
2025-01-19 16:48:07,037 - INFO - TGTX: 1mo change of -6.69%
2025-01-19 16:48:07,037 - INFO - Processing TGTX - 2025-01-14 15:00:00 UTC
2025-01-19 16:48:07,078 - INFO - TGNA: 1mo change of -3.00%
2025-01-19 16:48:07,078 - INFO - Processing TGNA - 2024-12-11 00:42:13 UTC
2025-01-19 16:48:07,094 - INFO - Retrieved article length: 5119 characters
2025-01-19 16:48:07,104 - INFO - TGT: 1h change of -4.00%
2025-01-19 16:48:07,169 - INFO - TGT: 1wk change of -4.08%
2025-01-19 16:48:07,175 - INFO - Retrieved article length: 2446 characters
2025-01-19 16:48:07,236 - INFO - TGT: 1mo change of -1.24%
2025-01-19 16:48:07,237 - INFO - Processing TGT - 2025-01-16 20:31:00 UTC
2025-01-19 16:48:07,374 - INFO - TH: 1wk change of 3.18%
2025-01-19 16:48:07,480 - INFO - TH: 1mo change of 26.48%
2025-01-19 16:48:07,480 - INFO - Processing TH - 2024-12-24 12:01:28 UTC
2025-01-19 16:48:07,840 - INFO - Retrieved article length: 19988 characters
2025-01-19 16:48:07,853 - INFO - TGTX: 1h change of 8.35%
2025-01-19 16:48:07,906 - INFO - TGTX: 1wk change of 5.54%
2025-01-19 16:48:07,938 - INFO - Retrieved article length: 513 characters
2025-01-19 16:48:07,959 - INFO - TGTX: 1mo change of -6.69%
2025-01-19 16:48:07,959 - INFO - Processing TGTX - 2025-01-10 15:32:28 UTC
2025-01-19 16:48:07,977 - INFO - Retrieved article length: 422 characters
2025-01-19 16:48:07,987 - INFO - TGT: 1h change of -4.00%
2025-01-19 16:48:08,038 - INFO - TGNA: 1h change of -1.74%
2025-01-19 16:48:08,053 - INFO - TGT: 1wk change of -4.08%
2025-01-19 16:48:08,117 - INFO - TGT: 1mo change of -1.24%
2025-01-19 16:48:08,117 - INFO - Processing TGT - 2025-01-16 18:57:03 UTC
2025-01-19 16:48:08,185 - INFO - TGNA: 1wk change of -1.31%
2025-01-19 16:48:08,192 - INFO - Retrieved article length: 6361 characters
2025-01-19 16:48:08,295 - INFO - TH: 1h change of 1.08%
2025-01-19 16:48:08,320 - INFO - TGNA: 1mo change of 2.64%
2025-01-19 16:48:08,320 - INFO - Processing TGNA - 2024-12-11 00:41:46 UTC
2025-01-19 16:48:08,389 - INFO - TH: 1wk change of 1.57%
2025-01-19 16:48:08,486 - INFO - TH: 1mo change of 25.59%
2025-01-19 16:48:08,486 - INFO - Processing TH - 2024-12-16 17:37:00 UTC
2025-01-19 16:48:08,654 - INFO - Retrieved article length: 3592 characters
2025-01-19 16:48:08,745 - INFO - TGTX: 1h change of 2.34%
2025-01-19 16:48:08,827 - INFO - TGTX: 1wk change of -1.83%
2025-01-19 16:48:08,836 - INFO - Retrieved article length: 3449 characters
2025-01-19 16:48:08,845 - INFO - TGT: 1h change of -4.00%
2025-01-19 16:48:08,912 - INFO - TGTX: 1mo change of -12.91%
2025-01-19 16:48:08,977 - INFO - TGT: 1mo change of -1.24%
2025-01-19 16:48:09,068 - INFO - Processing THAR - 2024-12-16 16:00:00 UTC
2025-01-19 16:48:09,154 - INFO - Processing THC - 2025-01-17 17:00:14 UTC
2025-01-19 16:48:09,223 - INFO - Retrieved article length: 515 characters
2025-01-19 16:48:09,231 - INFO - TGNA: 1h change of -1.74%
2025-01-19 16:48:09,237 - INFO - TGNA: 1wk change of -1.31%
2025-01-19 16:48:09,245 - INFO - TGNA: 1mo change of 2.64%
2025-01-19 16:48:09,245 - INFO - Processing TGNA - 2024-12-03 11:04:39 UTC
2025-01-19 16:48:09,410 - INFO - Retrieved article length: 2525 characters
2025-01-19 16:48:09,517 - INFO - TH: 1h change of 7.19%
2025-01-19 16:48:09,615 - INFO - TH: 1wk change of 15.32%
2025-01-19 16:48:09,711 - INFO - TH: 1mo change of 15.64%
2025-01-19 16:48:09,879 - INFO - Processing THCH - 2025-01-13 13:17:34 UTC
2025-01-19 16:48:09,919 - INFO - Retrieved article length: 5848 characters
2025-01-19 16:48:09,956 - INFO - Retrieved article length: 6189 characters
2025-01-19 16:48:10,040 - INFO - Retrieved article length: 10891 characters
2025-01-19 16:48:10,056 - INFO - TGNA: 1h change of 1.26%
2025-01-19 16:48:10,218 - INFO - THC: 1wk change of 1.60%
2025-01-19 16:48:10,229 - INFO - THAR: 1wk change of -5.33%
2025-01-19 16:48:10,314 - INFO - THAR: 1mo change of -10.18%
2025-01-19 16:48:10,314 - INFO - Processing THAR - 2024-12-07 00:15:00 UTC
2025-01-19 16:48:10,345 - INFO - TGNA: 1mo change of 13.93%
2025-01-19 16:48:10,352 - INFO - THC: 1mo change of -4.28%
2025-01-19 16:48:10,352 - INFO - Processing THC - 2025-01-15 02:00:22 UTC
2025-01-19 16:48:10,527 - INFO - Processing THO - 2025-01-08 15:40:58 UTC
2025-01-19 16:48:10,695 - INFO - Retrieved article length: 6668 characters
2025-01-19 16:48:10,800 - INFO - THCH: 1h change of -5.30%
2025-01-19 16:48:10,898 - INFO - THCH: 1wk change of -15.49%
2025-01-19 16:48:10,998 - INFO - THCH: 1mo change of -24.15%
2025-01-19 16:48:10,999 - INFO - Processing THCH - 2024-12-03 07:31:00 UTC
2025-01-19 16:48:11,085 - INFO - Retrieved article length: 3477 characters
2025-01-19 16:48:11,157 - INFO - Retrieved article length: 5452 characters
2025-01-19 16:48:11,190 - INFO - THC: 1h change of 4.81%
2025-01-19 16:48:11,243 - INFO - THAR: 1h change of 8.61%
2025-01-19 16:48:11,316 - INFO - THC: 1wk change of 4.18%
2025-01-19 16:48:11,325 - INFO - THAR: 1wk change of -3.98%
2025-01-19 16:48:11,408 - INFO - THAR: 1mo change of -30.51%
2025-01-19 16:48:11,408 - INFO - Processing THAR - 2024-11-27 15:00:00 UTC
2025-01-19 16:48:11,431 - INFO - THC: 1mo change of -6.59%
2025-01-19 16:48:11,432 - INFO - Processing THC - 2025-01-14 20:10:14 UTC
2025-01-19 16:48:11,464 - INFO - Retrieved article length: 1877 characters
2025-01-19 16:48:11,576 - INFO - THO: 1h change of -2.80%
2025-01-19 16:48:11,744 - INFO - Retrieved article length: 4371 characters
2025-01-19 16:48:11,746 - INFO - THO: 1wk change of 8.38%
2025-01-19 16:48:11,864 - INFO - THCH: 1h change of 1.47%
2025-01-19 16:48:11,896 - INFO - THO: 1mo change of -2.61%
2025-01-19 16:48:11,896 - INFO - Processing THO - 2025-01-06 21:10:17 UTC
2025-01-19 16:48:11,965 - INFO - THCH: 1wk change of -26.67%
2025-01-19 16:48:12,061 - INFO - THCH: 1mo change of 3.27%
2025-01-19 16:48:12,061 - INFO - Processing THCH - 2024-11-13 10:07:41 UTC
2025-01-19 16:48:12,065 - INFO - Retrieved article length: 3414 characters
2025-01-19 16:48:12,074 - INFO - Retrieved article length: 5141 characters
2025-01-19 16:48:12,162 - INFO - THAR: 1h change of -12.40%
2025-01-19 16:48:12,165 - INFO - THC: 1h change of 2.74%
2025-01-19 16:48:12,247 - INFO - THAR: 1wk change of -5.06%
2025-01-19 16:48:12,282 - INFO - THC: 1wk change of 4.18%
2025-01-19 16:48:12,332 - INFO - THAR: 1mo change of -1.17%
2025-01-19 16:48:12,332 - INFO - Processing THAR - 2024-11-18 16:00:00 UTC
2025-01-19 16:48:12,397 - INFO - THC: 1mo change of -5.92%
2025-01-19 16:48:12,397 - INFO - Processing THC - 2025-01-13 17:00:00 UTC
2025-01-19 16:48:12,591 - INFO - Retrieved article length: 4387 characters
2025-01-19 16:48:12,696 - INFO - THO: 1h change of -2.97%
2025-01-19 16:48:12,826 - INFO - Retrieved article length: 5385 characters
2025-01-19 16:48:12,833 - INFO - THO: 1wk change of 6.17%
2025-01-19 16:48:12,925 - INFO - THCH: 1h change of -3.45%
2025-01-19 16:48:12,980 - INFO - THO: 1mo change of -7.83%
2025-01-19 16:48:12,980 - INFO - Processing THO - 2025-01-03 19:30:12 UTC
2025-01-19 16:48:13,019 - INFO - THCH: 1wk change of 43.87%
2025-01-19 16:48:13,088 - INFO - Retrieved article length: 10087 characters
2025-01-19 16:48:13,114 - INFO - THCH: 1mo change of -12.77%
2025-01-19 16:48:13,114 - INFO - Processing THCH - 2024-11-12 13:45:00 UTC
2025-01-19 16:48:13,158 - INFO - Retrieved article length: 1788 characters
2025-01-19 16:48:13,177 - INFO - THAR: 1h change of 23.19%
2025-01-19 16:48:13,258 - INFO - THAR: 1wk change of -4.64%
2025-01-19 16:48:13,346 - INFO - THAR: 1mo change of 4.55%
2025-01-19 16:48:13,347 - INFO - Processing THAR - 2024-11-13 16:00:00 UTC
2025-01-19 16:48:13,371 - INFO - THC: 1wk change of 6.69%
2025-01-19 16:48:13,491 - INFO - THC: 1mo change of -7.20%
2025-01-19 16:48:13,491 - INFO - Processing THC - 2025-01-09 17:45:12 UTC
2025-01-19 16:48:13,697 - INFO - Retrieved article length: 4375 characters
2025-01-19 16:48:13,961 - INFO - THO: 1wk change of -2.12%
2025-01-19 16:48:14,120 - INFO - THO: 1mo change of -8.37%
2025-01-19 16:48:14,121 - INFO - Processing THO - 2024-12-23 16:27:00 UTC
2025-01-19 16:48:14,228 - INFO - Retrieved article length: 6141 characters
2025-01-19 16:48:14,333 - INFO - Retrieved article length: 43342 characters
2025-01-19 16:48:14,405 - INFO - THAR: 1wk change of -13.22%
2025-01-19 16:48:14,425 - INFO - Retrieved article length: 2392 characters
2025-01-19 16:48:14,435 - INFO - THCH: 1h change of -3.57%
2025-01-19 16:48:14,490 - INFO - THAR: 1mo change of 7.92%
2025-01-19 16:48:14,490 - INFO - Processing THAR - 2024-11-04 17:00:00 UTC
2025-01-19 16:48:14,538 - INFO - THCH: 1wk change of 43.87%
2025-01-19 16:48:14,642 - INFO - THCH: 1mo change of -19.59%
2025-01-19 16:48:14,643 - INFO - THC: 1wk change of 4.34%
2025-01-19 16:48:14,756 - INFO - THC: 1mo change of -5.79%
2025-01-19 16:48:14,756 - INFO - Processing THC - 2025-01-09 17:00:13 UTC
2025-01-19 16:48:14,809 - INFO - Processing THRY - 2025-01-07 18:20:31 UTC
2025-01-19 16:48:14,979 - INFO - Retrieved article length: 4884 characters
2025-01-19 16:48:15,222 - INFO - THO: 1wk change of -8.51%
2025-01-19 16:48:15,361 - INFO - Retrieved article length: 4686 characters
2025-01-19 16:48:15,371 - INFO - THO: 1mo change of -7.08%
2025-01-19 16:48:15,371 - INFO - Processing THO - 2024-12-19 19:21:00 UTC
2025-01-19 16:48:15,455 - INFO - THAR: 1h change of 12.20%
2025-01-19 16:48:15,537 - INFO - THAR: 1wk change of 11.79%
2025-01-19 16:48:15,608 - INFO - Retrieved article length: 6544 characters
2025-01-19 16:48:15,616 - INFO - Retrieved article length: 3117 characters
2025-01-19 16:48:15,622 - INFO - THAR: 1mo change of -9.27%
2025-01-19 16:48:15,622 - INFO - Processing THAR - 2024-10-30 15:00:00 UTC
2025-01-19 16:48:15,630 - INFO - THC: 1wk change of 4.34%
2025-01-19 16:48:15,700 - INFO - THC: 1mo change of -5.79%
2025-01-19 16:48:15,701 - INFO - Processing THC - 2025-01-09 02:00:23 UTC
2025-01-19 16:48:15,707 - INFO - THRY: 1h change of -5.93%
2025-01-19 16:48:15,806 - INFO - THRY: 1wk change of 11.40%
2025-01-19 16:48:15,907 - INFO - THRY: 1mo change of -4.48%
2025-01-19 16:48:15,908 - INFO - Processing THRY - 2025-01-07 17:05:00 UTC
2025-01-19 16:48:16,100 - INFO - Retrieved article length: 6357 characters
2025-01-19 16:48:16,208 - INFO - THO: 1h change of -4.49%
2025-01-19 16:48:16,358 - INFO - THO: 1wk change of -9.82%
2025-01-19 16:48:16,469 - INFO - Retrieved article length: 7155 characters
2025-01-19 16:48:16,502 - INFO - THO: 1mo change of -6.54%
2025-01-19 16:48:16,503 - INFO - Processing THO - 2024-12-16 19:07:00 UTC
2025-01-19 16:48:16,557 - INFO - THAR: 1h change of 51.62%
2025-01-19 16:48:16,637 - INFO - THAR: 1wk change of 10.75%
2025-01-19 16:48:16,648 - INFO - Retrieved article length: 3385 characters
2025-01-19 16:48:16,663 - INFO - THC: 1wk change of 4.34%
2025-01-19 16:48:16,685 - INFO - Retrieved article length: 1479 characters
2025-01-19 16:48:16,693 - INFO - THRY: 1h change of -5.93%
2025-01-19 16:48:16,699 - INFO - THRY: 1wk change of 11.40%
2025-01-19 16:48:16,720 - INFO - THAR: 1mo change of -7.95%
2025-01-19 16:48:16,720 - INFO - Processing THAR - 2024-10-28 16:00:00 UTC
2025-01-19 16:48:16,729 - INFO - THC: 1mo change of -5.79%
2025-01-19 16:48:16,729 - INFO - Processing THC - 2025-01-07 17:40:15 UTC
2025-01-19 16:48:16,763 - INFO - THRY: 1mo change of -4.48%
2025-01-19 16:48:16,764 - INFO - Processing THRY - 2024-12-23 17:05:00 UTC
2025-01-19 16:48:17,219 - INFO - Retrieved article length: 6102 characters
2025-01-19 16:48:17,324 - INFO - THO: 1h change of -2.31%
2025-01-19 16:48:17,474 - INFO - THO: 1wk change of -9.94%
2025-01-19 16:48:17,487 - INFO - Retrieved article length: 2529 characters
2025-01-19 16:48:17,584 - INFO - THC: 1h change of 3.92%
2025-01-19 16:48:17,594 - INFO - Retrieved article length: 10059 characters
2025-01-19 16:48:17,597 - INFO - Retrieved article length: 3831 characters
2025-01-19 16:48:17,630 - INFO - THO: 1mo change of -11.01%
2025-01-19 16:48:17,631 - INFO - Processing THO - 2024-12-14 14:35:32 UTC
2025-01-19 16:48:17,683 - INFO - THAR: 1h change of 9.14%
2025-01-19 16:48:17,694 - INFO - THRY: 1h change of 2.24%
2025-01-19 16:48:17,705 - INFO - THC: 1wk change of 5.86%
2025-01-19 16:48:17,770 - INFO - THAR: 1wk change of 27.85%
2025-01-19 16:48:17,790 - INFO - THRY: 1wk change of -4.82%
2025-01-19 16:48:17,828 - INFO - THC: 1mo change of -7.37%
2025-01-19 16:48:17,852 - INFO - THAR: 1mo change of -25.26%
2025-01-19 16:48:17,892 - INFO - THRY: 1mo change of 16.45%
2025-01-19 16:48:17,892 - INFO - Processing THRY - 2024-12-10 17:05:00 UTC
2025-01-19 16:48:18,017 - INFO - Processing THS - 2025-01-14 14:55:00 UTC
2025-01-19 16:48:18,030 - INFO - Processing THTX - 2025-01-10 01:05:00 UTC
2025-01-19 16:48:18,433 - INFO - Retrieved article length: 1553 characters
2025-01-19 16:48:18,535 - INFO - THO: 1h change of -1.75%
2025-01-19 16:48:18,659 - INFO - Retrieved article length: 6843 characters
2025-01-19 16:48:18,674 - INFO - THO: 1wk change of -8.16%
2025-01-19 16:48:18,744 - INFO - Retrieved article length: 1920 characters
2025-01-19 16:48:18,845 - INFO - THO: 1mo change of -11.01%
2025-01-19 16:48:18,845 - INFO - Processing THO - 2024-12-05 18:04:00 UTC
2025-01-19 16:48:18,855 - INFO - THS: 1h change of 1.07%
2025-01-19 16:48:18,857 - INFO - THRY: 1wk change of -7.46%
2025-01-19 16:48:18,949 - INFO - THS: 1wk change of 2.49%
2025-01-19 16:48:18,951 - INFO - Retrieved article length: 6785 characters
2025-01-19 16:48:18,954 - INFO - THRY: 1mo change of -6.44%
2025-01-19 16:48:18,954 - INFO - Processing THRY - 2024-12-03 15:30:00 UTC
2025-01-19 16:48:19,038 - INFO - THTX: 1h change of -9.00%
2025-01-19 16:48:19,050 - INFO - THS: 1mo change of 3.09%
2025-01-19 16:48:19,050 - INFO - Processing THS - 2025-01-14 12:06:31 UTC
2025-01-19 16:48:19,120 - INFO - THTX: 1wk change of -4.97%
2025-01-19 16:48:19,209 - INFO - THTX: 1mo change of 21.13%
2025-01-19 16:48:19,209 - INFO - Processing THTX - 2024-12-18 22:02:03 UTC
2025-01-19 16:48:19,658 - INFO - Retrieved article length: 4440 characters
2025-01-19 16:48:19,679 - INFO - Retrieved article length: 4858 characters
2025-01-19 16:48:19,759 - INFO - THO: 1h change of -3.10%
2025-01-19 16:48:19,779 - INFO - THRY: 1h change of 1.13%
2025-01-19 16:48:19,780 - INFO - Retrieved article length: 4001 characters
2025-01-19 16:48:19,790 - INFO - THS: 1h change of 1.07%
2025-01-19 16:48:19,854 - INFO - THS: 1wk change of 2.49%
2025-01-19 16:48:19,874 - INFO - THRY: 1wk change of 3.90%
2025-01-19 16:48:19,894 - INFO - THO: 1wk change of -9.46%
2025-01-19 16:48:19,919 - INFO - THS: 1mo change of 3.09%
2025-01-19 16:48:19,919 - INFO - Processing THS - 2025-01-06 17:32:00 UTC
2025-01-19 16:48:19,967 - INFO - THRY: 1mo change of -18.43%
2025-01-19 16:48:19,967 - INFO - Processing THRY - 2024-11-26 17:00:00 UTC
2025-01-19 16:48:20,032 - INFO - THO: 1mo change of -7.58%
2025-01-19 16:48:20,047 - INFO - Retrieved article length: 527 characters
2025-01-19 16:48:20,133 - INFO - THTX: 1h change of 5.00%
2025-01-19 16:48:20,225 - INFO - THTX: 1wk change of 15.48%
2025-01-19 16:48:20,231 - INFO - Processing TIL - 2025-01-14 15:00:00 UTC
2025-01-19 16:48:20,311 - INFO - THTX: 1mo change of 40.98%
2025-01-19 16:48:20,311 - INFO - Processing THTX - 2024-12-18 21:55:50 UTC
2025-01-19 16:48:20,740 - INFO - Retrieved article length: 8010 characters
2025-01-19 16:48:20,785 - INFO - Retrieved article length: 2165 characters
2025-01-19 16:48:20,843 - INFO - THS: 1h change of -2.47%
2025-01-19 16:48:20,887 - INFO - THRY: 1h change of 6.91%
2025-01-19 16:48:20,938 - INFO - THS: 1wk change of -4.64%
2025-01-19 16:48:20,984 - INFO - THRY: 1wk change of 15.34%
2025-01-19 16:48:20,990 - INFO - Retrieved article length: 6357 characters
2025-01-19 16:48:21,037 - INFO - Processing THS - 2025-01-03 16:17:00 UTC
2025-01-19 16:48:21,078 - INFO - THRY: 1mo change of -15.31%
2025-01-19 16:48:21,079 - INFO - Processing THRY - 2024-11-25 13:01:54 UTC
2025-01-19 16:48:21,087 - INFO - TIL: 1h change of 11.26%
2025-01-19 16:48:21,112 - INFO - Retrieved article length: 548 characters
2025-01-19 16:48:21,119 - INFO - THTX: 1h change of 5.00%
2025-01-19 16:48:21,124 - INFO - THTX: 1wk change of 15.48%
2025-01-19 16:48:21,180 - INFO - THTX: 1mo change of 40.98%
2025-01-19 16:48:21,180 - INFO - Processing THTX - 2024-12-18 21:30:00 UTC
2025-01-19 16:48:21,182 - INFO - TIL: 1wk change of 3.05%
2025-01-19 16:48:21,277 - INFO - TIL: 1mo change of -16.09%
2025-01-19 16:48:21,278 - INFO - Processing TIL - 2024-11-15 22:38:00 UTC
2025-01-19 16:48:21,872 - INFO - Retrieved article length: 4015 characters
2025-01-19 16:48:21,919 - INFO - Retrieved article length: 6135 characters
2025-01-19 16:48:21,927 - INFO - THTX: 1h change of 5.00%
2025-01-19 16:48:21,934 - INFO - THTX: 1wk change of 15.48%
2025-01-19 16:48:21,936 - INFO - Retrieved article length: 7588 characters
2025-01-19 16:48:21,985 - INFO - THTX: 1mo change of 40.98%
2025-01-19 16:48:21,985 - INFO - Processing THTX - 2024-12-10 23:25:38 UTC
2025-01-19 16:48:22,037 - INFO - THRY: 1h change of 2.35%
2025-01-19 16:48:22,066 - INFO - THS: 1wk change of -4.49%
2025-01-19 16:48:22,131 - INFO - THRY: 1wk change of 17.19%
2025-01-19 16:48:22,152 - INFO - Retrieved article length: 4505 characters
2025-01-19 16:48:22,160 - INFO - THS: 1mo change of 1.98%
2025-01-19 16:48:22,161 - INFO - Processing THS - 2025-01-03 01:05:39 UTC
2025-01-19 16:48:22,225 - INFO - THRY: 1mo change of -13.01%
2025-01-19 16:48:22,225 - INFO - Processing THRY - 2024-11-20 17:05:00 UTC
2025-01-19 16:48:22,256 - INFO - TIL: 1h change of -19.32%
2025-01-19 16:48:22,352 - INFO - TIL: 1wk change of -1.17%
2025-01-19 16:48:22,458 - INFO - TIL: 1mo change of -52.27%
2025-01-19 16:48:22,459 - INFO - Processing TIL - 2024-11-13 15:00:00 UTC
2025-01-19 16:48:22,951 - INFO - Retrieved article length: 497 characters
2025-01-19 16:48:22,966 - INFO - THS: 1wk change of -4.49%
2025-01-19 16:48:23,030 - INFO - THS: 1mo change of 1.98%
2025-01-19 16:48:23,031 - INFO - Processing THS - 2025-01-03 00:20:00 UTC
2025-01-19 16:48:23,124 - INFO - Retrieved article length: 547 characters
2025-01-19 16:48:23,125 - INFO - Retrieved article length: 5051 characters
2025-01-19 16:48:23,214 - INFO - THTX: 1h change of -5.33%
2025-01-19 16:48:23,227 - INFO - THRY: 1h change of 5.16%
2025-01-19 16:48:23,300 - INFO - THTX: 1wk change of 28.68%
2025-01-19 16:48:23,319 - INFO - THRY: 1wk change of 6.17%
2025-01-19 16:48:23,385 - INFO - THTX: 1mo change of 29.69%
2025-01-19 16:48:23,385 - INFO - Processing THTX - 2024-12-09 16:55:04 UTC
2025-01-19 16:48:23,414 - INFO - THRY: 1mo change of -19.97%
2025-01-19 16:48:23,501 - INFO - Retrieved article length: 13846 characters
2025-01-19 16:48:23,595 - INFO - Processing TILE - 2025-01-13 14:00:00 UTC
2025-01-19 16:48:23,603 - INFO - TIL: 1h change of -14.97%
2025-01-19 16:48:23,701 - INFO - TIL: 1wk change of -5.36%
2025-01-19 16:48:23,797 - INFO - TIL: 1mo change of -43.90%
2025-01-19 16:48:23,798 - INFO - Processing TIL - 2024-10-23 08:01:52 UTC
2025-01-19 16:48:23,838 - INFO - Retrieved article length: 5770 characters
2025-01-19 16:48:23,852 - INFO - THS: 1wk change of -4.49%
2025-01-19 16:48:23,916 - INFO - THS: 1mo change of 1.98%
2025-01-19 16:48:23,917 - INFO - Processing THS - 2025-01-02 17:36:00 UTC
2025-01-19 16:48:24,287 - INFO - Retrieved article length: 5564 characters
2025-01-19 16:48:24,312 - INFO - Retrieved article length: 548 characters
2025-01-19 16:48:24,385 - INFO - TILE: 1h change of 2.73%
2025-01-19 16:48:24,398 - INFO - THTX: 1h change of -6.00%
2025-01-19 16:48:24,488 - INFO - THTX: 1wk change of 46.28%
2025-01-19 16:48:24,571 - INFO - THTX: 1mo change of 57.14%
2025-01-19 16:48:24,571 - INFO - Processing THTX - 2024-12-09 15:30:00 UTC
2025-01-19 16:48:24,648 - INFO - Retrieved article length: 5011 characters
2025-01-19 16:48:24,655 - INFO - TILE: 1mo change of -8.39%
2025-01-19 16:48:24,655 - INFO - Processing TILE - 2025-01-10 22:02:42 UTC
2025-01-19 16:48:24,747 - INFO - TIL: 1h change of -15.66%
2025-01-19 16:48:24,759 - INFO - Retrieved article length: 5147 characters
2025-01-19 16:48:24,848 - INFO - TIL: 1wk change of -33.96%
2025-01-19 16:48:24,947 - INFO - TIL: 1mo change of -61.53%
2025-01-19 16:48:24,954 - INFO - THS: 1wk change of -2.54%
2025-01-19 16:48:25,049 - INFO - THS: 1mo change of 1.98%
2025-01-19 16:48:25,049 - INFO - Processing THS - 2024-12-26 19:30:21 UTC
2025-01-19 16:48:25,135 - INFO - Processing TIP - 2025-01-03 00:40:00 UTC
2025-01-19 16:48:25,408 - INFO - Retrieved article length: 10581 characters
2025-01-19 16:48:25,416 - INFO - THTX: 1h change of -6.00%
2025-01-19 16:48:25,421 - INFO - THTX: 1wk change of 46.28%
2025-01-19 16:48:25,427 - INFO - THTX: 1mo change of 57.14%
2025-01-19 16:48:25,428 - INFO - Processing THTX - 2024-12-05 15:35:49 UTC
2025-01-19 16:48:25,469 - INFO - Retrieved article length: 3669 characters
2025-01-19 16:48:25,745 - INFO - TILE: 1wk change of -1.40%
2025-01-19 16:48:25,865 - INFO - Retrieved article length: 6149 characters
2025-01-19 16:48:25,870 - INFO - TILE: 1mo change of -9.46%
2025-01-19 16:48:25,870 - INFO - Processing TILE - 2024-12-25 17:02:53 UTC
2025-01-19 16:48:25,947 - INFO - Retrieved article length: 2161 characters
2025-01-19 16:48:25,962 - INFO - THS: 1h change of 2.24%
2025-01-19 16:48:26,065 - INFO - THS: 1wk change of 2.53%
2025-01-19 16:48:26,188 - INFO - Retrieved article length: 1847 characters
2025-01-19 16:48:26,282 - INFO - THTX: 1h change of 9.58%
2025-01-19 16:48:26,292 - INFO - Processing TIPT - 2025-01-07 17:03:00 UTC
2025-01-19 16:48:26,329 - INFO - TIP: 1mo change of -1.13%
2025-01-19 16:48:26,365 - INFO - THTX: 1wk change of 26.67%
2025-01-19 16:48:26,450 - INFO - THTX: 1mo change of 65.29%
2025-01-19 16:48:26,452 - INFO - Processing TIRX - 2025-01-03 01:36:36 UTC
2025-01-19 16:48:26,586 - INFO - Retrieved article length: 6933 characters
2025-01-19 16:48:26,601 - INFO - Processing TIVC - 2024-12-24 15:51:18 UTC
2025-01-19 16:48:26,683 - INFO - TILE: 1h change of 2.95%
2025-01-19 16:48:26,820 - INFO - TILE: 1wk change of -7.16%
2025-01-19 16:48:26,961 - INFO - TILE: 1mo change of -5.70%
2025-01-19 16:48:26,961 - INFO - Processing TILE - 2024-12-12 18:16:43 UTC
2025-01-19 16:48:27,116 - INFO - Retrieved article length: 1972 characters
2025-01-19 16:48:27,219 - INFO - TIPT: 1h change of -1.14%
2025-01-19 16:48:27,322 - INFO - Retrieved article length: 469 characters
2025-01-19 16:48:27,331 - INFO - Retrieved article length: 502 characters
2025-01-19 16:48:27,362 - INFO - TIPT: 1wk change of -4.39%
2025-01-19 16:48:27,409 - INFO - TIVC: 1h change of 41.61%
2025-01-19 16:48:27,441 - INFO - TIRX: 1h change of 4.55%
2025-01-19 16:48:27,475 - INFO - TIPT: 1mo change of -10.64%
2025-01-19 16:48:27,475 - INFO - Processing TIPT - 2024-12-31 13:02:45 UTC
2025-01-19 16:48:27,491 - INFO - TIVC: 1wk change of 57.34%
2025-01-19 16:48:27,538 - INFO - TIRX: 1wk change of -17.33%
2025-01-19 16:48:27,580 - INFO - TIVC: 1mo change of 13.95%
2025-01-19 16:48:27,581 - INFO - Processing TIVC - 2024-12-24 00:54:00 UTC
2025-01-19 16:48:27,633 - INFO - TIRX: 1mo change of -2.74%
2025-01-19 16:48:27,656 - INFO - Retrieved article length: 5485 characters
2025-01-19 16:48:27,760 - INFO - Processing TJX - 2025-01-18 17:30:14 UTC
2025-01-19 16:48:27,888 - INFO - TILE: 1wk change of -7.75%
2025-01-19 16:48:28,044 - INFO - TILE: 1mo change of -1.23%
2025-01-19 16:48:28,045 - INFO - Processing TILE - 2024-11-28 20:24:00 UTC
2025-01-19 16:48:28,192 - INFO - Retrieved article length: 7178 characters
2025-01-19 16:48:28,289 - INFO - TIPT: 1h change of 1.12%
2025-01-19 16:48:28,404 - INFO - TIPT: 1wk change of -2.98%
2025-01-19 16:48:28,476 - INFO - Retrieved article length: 9955 characters
2025-01-19 16:48:28,487 - INFO - TIVC: 1h change of 41.61%
2025-01-19 16:48:28,495 - INFO - TIVC: 1wk change of 57.34%
2025-01-19 16:48:28,512 - INFO - TIPT: 1mo change of -8.19%
2025-01-19 16:48:28,512 - INFO - Processing TIPT - 2024-12-29 17:00:48 UTC
2025-01-19 16:48:28,549 - INFO - TIVC: 1mo change of 13.95%
2025-01-19 16:48:28,550 - INFO - Processing TIVC - 2024-11-17 17:22:57 UTC
2025-01-19 16:48:28,611 - INFO - Retrieved article length: 6478 characters
2025-01-19 16:48:28,724 - INFO - TJX: 1h change of 1.30%
2025-01-19 16:48:28,941 - INFO - Retrieved article length: 7329 characters
2025-01-19 16:48:29,000 - INFO - TJX: 1mo change of -1.51%
2025-01-19 16:48:29,000 - INFO - Processing TJX - 2025-01-17 01:50:23 UTC
2025-01-19 16:48:29,042 - INFO - TILE: 1h change of 1.09%
2025-01-19 16:48:29,202 - INFO - TILE: 1wk change of 6.04%
2025-01-19 16:48:29,335 - INFO - TILE: 1mo change of 32.60%
2025-01-19 16:48:29,335 - INFO - Processing TILE - 2024-11-26 17:15:20 UTC
2025-01-19 16:48:29,341 - INFO - Retrieved article length: 4757 characters
2025-01-19 16:48:29,488 - INFO - Retrieved article length: 1636 characters
2025-01-19 16:48:29,563 - INFO - TIPT: 1wk change of -2.53%
2025-01-19 16:48:29,574 - INFO - TIVC: 1h change of -6.90%
2025-01-19 16:48:29,659 - INFO - TIVC: 1wk change of -1.92%
2025-01-19 16:48:29,682 - INFO - TIPT: 1mo change of -6.94%
2025-01-19 16:48:29,683 - INFO - Processing TIPT - 2024-12-04 12:02:18 UTC
2025-01-19 16:48:29,749 - INFO - TIVC: 1mo change of -6.52%
2025-01-19 16:48:29,749 - INFO - Processing TIVC - 2024-11-15 19:46:22 UTC
2025-01-19 16:48:29,869 - INFO - Retrieved article length: 3605 characters
2025-01-19 16:48:29,972 - INFO - TJX: 1h change of 2.52%
2025-01-19 16:48:30,109 - INFO - TJX: 1wk change of 1.42%
2025-01-19 16:48:30,164 - INFO - Retrieved article length: 3332 characters
2025-01-19 16:48:30,247 - INFO - TJX: 1mo change of -2.40%
2025-01-19 16:48:30,247 - INFO - Processing TJX - 2025-01-16 17:00:16 UTC
2025-01-19 16:48:30,431 - INFO - TILE: 1wk change of 4.12%
2025-01-19 16:48:30,439 - INFO - Retrieved article length: 498 characters
2025-01-19 16:48:30,539 - INFO - TIPT: 1h change of -2.12%
2025-01-19 16:48:30,572 - INFO - TILE: 1mo change of 32.18%
2025-01-19 16:48:30,572 - INFO - Processing TILE - 2024-11-26 13:02:52 UTC
2025-01-19 16:48:30,646 - INFO - TIPT: 1wk change of -1.27%
2025-01-19 16:48:30,661 - INFO - Retrieved article length: 3177 characters
2025-01-19 16:48:30,753 - INFO - TIVC: 1h change of -11.77%
2025-01-19 16:48:30,755 - INFO - TIPT: 1mo change of 1.14%
2025-01-19 16:48:30,755 - INFO - Processing TIPT - 2024-12-04 10:00:00 UTC
2025-01-19 16:48:30,837 - INFO - TIVC: 1wk change of -8.15%
2025-01-19 16:48:30,887 - INFO - Retrieved article length: 5894 characters
2025-01-19 16:48:30,920 - INFO - TIVC: 1mo change of -15.55%
2025-01-19 16:48:30,921 - INFO - Processing TIVC - 2024-11-15 07:36:00 UTC
2025-01-19 16:48:31,005 - INFO - TJX: 1h change of 1.13%
2025-01-19 16:48:31,290 - INFO - TJX: 1mo change of -3.61%
2025-01-19 16:48:31,290 - INFO - Processing TJX - 2025-01-15 22:09:22 UTC
2025-01-19 16:48:31,333 - INFO - Retrieved article length: 6891 characters
2025-01-19 16:48:31,349 - INFO - TILE: 1wk change of 4.12%
2025-01-19 16:48:31,356 - INFO - TILE: 1mo change of 32.18%
2025-01-19 16:48:31,357 - INFO - Processing TILE - 2024-11-22 13:00:00 UTC
2025-01-19 16:48:31,479 - INFO - Retrieved article length: 2919 characters
2025-01-19 16:48:31,488 - INFO - TIPT: 1h change of -2.12%
2025-01-19 16:48:31,495 - INFO - TIPT: 1wk change of -1.27%
2025-01-19 16:48:31,501 - INFO - TIPT: 1mo change of 1.14%
2025-01-19 16:48:31,501 - INFO - Processing TIPT - 2024-12-02 17:03:00 UTC
2025-01-19 16:48:31,901 - INFO - Retrieved article length: 10459 characters
2025-01-19 16:48:31,909 - INFO - TIVC: 1h change of -11.77%
2025-01-19 16:48:31,915 - INFO - TIVC: 1wk change of -8.15%
2025-01-19 16:48:31,920 - INFO - TIVC: 1mo change of -15.55%
2025-01-19 16:48:31,920 - INFO - Processing TIVC - 2024-11-14 16:45:00 UTC
2025-01-19 16:48:32,044 - INFO - Retrieved article length: 487 characters
2025-01-19 16:48:32,140 - INFO - Retrieved article length: 9154 characters
2025-01-19 16:48:32,145 - INFO - TJX: 1h change of 2.21%
2025-01-19 16:48:32,246 - INFO - TILE: 1h change of 1.76%
2025-01-19 16:48:32,392 - INFO - Retrieved article length: 1573 characters
2025-01-19 16:48:32,395 - INFO - TILE: 1wk change of 3.31%
2025-01-19 16:48:32,430 - INFO - TJX: 1mo change of -3.91%
2025-01-19 16:48:32,430 - INFO - Processing TJX - 2025-01-15 19:39:40 UTC
2025-01-19 16:48:32,549 - INFO - TILE: 1mo change of 26.44%
2025-01-19 16:48:32,648 - INFO - Retrieved article length: 6447 characters
2025-01-19 16:48:32,726 - INFO - TIPT: 1mo change of 3.46%
2025-01-19 16:48:32,726 - INFO - Processing TIPT - 2024-12-02 13:05:55 UTC
2025-01-19 16:48:32,732 - INFO - TIVC: 1h change of -26.22%
2025-01-19 16:48:32,746 - INFO - Processing TKLF - 2025-01-14 16:00:00 UTC
2025-01-19 16:48:32,820 - INFO - TIVC: 1wk change of -14.48%
2025-01-19 16:48:32,909 - INFO - TIVC: 1mo change of -15.75%
2025-01-19 16:48:32,909 - INFO - Processing TIVC - 2024-11-12 16:30:00 UTC
2025-01-19 16:48:33,071 - INFO - Retrieved article length: 6084 characters
2025-01-19 16:48:33,079 - INFO - TJX: 1h change of 2.21%
2025-01-19 16:48:33,211 - INFO - TJX: 1mo change of -3.91%
2025-01-19 16:48:33,211 - INFO - Processing TJX - 2025-01-14 15:06:00 UTC
2025-01-19 16:48:33,408 - INFO - Retrieved article length: 5405 characters
2025-01-19 16:48:33,509 - INFO - TKLF: 1h change of 2.53%
2025-01-19 16:48:33,539 - INFO - Retrieved article length: 7234 characters
2025-01-19 16:48:33,559 - INFO - TIPT: 1mo change of 3.46%
2025-01-19 16:48:33,559 - INFO - Processing TIPT - 2024-12-01 15:04:32 UTC
2025-01-19 16:48:33,702 - INFO - TKLF: 1mo change of -8.84%
2025-01-19 16:48:33,702 - INFO - Processing TKLF - 2025-01-08 16:00:00 UTC
2025-01-19 16:48:33,721 - INFO - Retrieved article length: 5496 characters
2025-01-19 16:48:33,809 - INFO - TIVC: 1h change of -10.35%
2025-01-19 16:48:33,896 - INFO - TIVC: 1wk change of -16.55%
2025-01-19 16:48:33,985 - INFO - TIVC: 1mo change of -16.48%
2025-01-19 16:48:33,985 - INFO - Processing TIVC - 2024-11-07 16:30:00 UTC
2025-01-19 16:48:34,047 - INFO - Retrieved article length: 4954 characters
2025-01-19 16:48:34,356 - INFO - Retrieved article length: 6076 characters
2025-01-19 16:48:34,462 - INFO - TJX: 1mo change of -4.21%
2025-01-19 16:48:34,462 - INFO - Processing TJX - 2025-01-13 13:30:00 UTC
2025-01-19 16:48:34,464 - INFO - TIPT: 1h change of 1.35%
2025-01-19 16:48:34,682 - INFO - TIPT: 1mo change of 3.46%
2025-01-19 16:48:34,778 - INFO - Retrieved article length: 2046 characters
2025-01-19 16:48:34,812 - INFO - Retrieved article length: 4936 characters
2025-01-19 16:48:34,857 - INFO - Processing TKO - 2025-01-10 18:31:00 UTC
2025-01-19 16:48:34,877 - INFO - TIVC: 1h change of 49.37%
2025-01-19 16:48:34,910 - INFO - TKLF: 1h change of 5.05%
2025-01-19 16:48:34,959 - INFO - TIVC: 1wk change of -1.69%
2025-01-19 16:48:35,009 - INFO - TKLF: 1wk change of -7.04%
2025-01-19 16:48:35,107 - INFO - TKLF: 1mo change of 1.85%
2025-01-19 16:48:35,112 - INFO - Processing TKLF - 2024-12-18 14:00:00 UTC
2025-01-19 16:48:35,152 - INFO - Retrieved article length: 345 characters
2025-01-19 16:48:35,226 - INFO - Processing TKR - 2025-01-15 14:51:00 UTC
2025-01-19 16:48:35,525 - INFO - TJX: 1mo change of -3.22%
2025-01-19 16:48:35,526 - INFO - Processing TJX - 2025-01-11 01:45:19 UTC
2025-01-19 16:48:35,711 - INFO - Retrieved article length: 150 characters
2025-01-19 16:48:36,035 - INFO - TKO: 1mo change of -1.31%
2025-01-19 16:48:36,035 - INFO - Processing TKO - 2025-01-03 01:14:33 UTC
2025-01-19 16:48:36,082 - INFO - Retrieved article length: 2118 characters
2025-01-19 16:48:36,178 - INFO - TKR: 1h change of 5.02%
2025-01-19 16:48:36,280 - INFO - Retrieved article length: 3605 characters
2025-01-19 16:48:36,320 - INFO - TKR: 1wk change of 3.96%
2025-01-19 16:48:36,373 - INFO - Retrieved article length: 29199 characters
2025-01-19 16:48:36,408 - INFO - TJX: 1h change of -1.06%
2025-01-19 16:48:36,460 - INFO - Processing TKR - 2025-01-14 13:25:00 UTC
2025-01-19 16:48:36,470 - INFO - TKLF: 1h change of -9.04%
2025-01-19 16:48:36,579 - INFO - TKLF: 1wk change of -2.34%
2025-01-19 16:48:36,683 - INFO - TKLF: 1mo change of 10.00%
2025-01-19 16:48:36,683 - INFO - Processing TKLF - 2024-12-09 16:00:00 UTC
2025-01-19 16:48:36,774 - INFO - TJX: 1mo change of -3.22%
2025-01-19 16:48:36,819 - INFO - Retrieved article length: 134 characters
2025-01-19 16:48:36,943 - INFO - Processing TLF - 2025-01-04 00:10:00 UTC
2025-01-19 16:48:37,047 - INFO - TKO: 1wk change of -3.23%
2025-01-19 16:48:37,172 - INFO - TKO: 1mo change of 3.07%
2025-01-19 16:48:37,173 - INFO - Processing TKO - 2024-12-27 03:03:00 UTC
2025-01-19 16:48:37,394 - INFO - Retrieved article length: 2845 characters
2025-01-19 16:48:37,484 - INFO - TKR: 1h change of 4.00%
2025-01-19 16:48:37,548 - INFO - Retrieved article length: 4877 characters
2025-01-19 16:48:37,614 - INFO - TKR: 1wk change of 3.96%
2025-01-19 16:48:37,649 - INFO - TKLF: 1h change of -4.74%
2025-01-19 16:48:37,735 - INFO - TKR: 1mo change of -1.24%
2025-01-19 16:48:37,736 - INFO - Processing TKR - 2025-01-06 12:01:30 UTC
2025-01-19 16:48:37,745 - INFO - TKLF: 1wk change of 2.36%
2025-01-19 16:48:37,765 - INFO - Retrieved article length: 5130 characters
2025-01-19 16:48:37,843 - INFO - TKLF: 1mo change of -32.12%
2025-01-19 16:48:37,844 - INFO - Processing TKLF - 2024-11-15 14:36:14 UTC
2025-01-19 16:48:37,865 - INFO - TLF: 1h change of -1.46%
2025-01-19 16:48:37,963 - INFO - Retrieved article length: 139 characters
2025-01-19 16:48:37,965 - INFO - TLF: 1wk change of -8.13%
2025-01-19 16:48:38,071 - INFO - TLF: 1mo change of 8.85%
2025-01-19 16:48:38,071 - INFO - Processing TLF - 2024-12-10 16:10:30 UTC
2025-01-19 16:48:38,189 - INFO - TKO: 1wk change of -3.29%
2025-01-19 16:48:38,316 - INFO - TKO: 1mo change of 4.74%
2025-01-19 16:48:38,316 - INFO - Processing TKO - 2024-12-22 21:00:39 UTC
2025-01-19 16:48:38,531 - INFO - Retrieved article length: 6422 characters
2025-01-19 16:48:38,568 - INFO - Retrieved article length: 4584 characters
2025-01-19 16:48:38,675 - INFO - TKLF: 1h change of -12.30%
2025-01-19 16:48:38,757 - INFO - TKR: 1wk change of 6.51%
2025-01-19 16:48:38,769 - INFO - TKLF: 1wk change of -34.12%
2025-01-19 16:48:38,835 - INFO - Retrieved article length: 7136 characters
2025-01-19 16:48:38,870 - INFO - TKLF: 1mo change of -32.94%
2025-01-19 16:48:38,870 - INFO - Processing TKLF - 2024-11-14 16:00:00 UTC
2025-01-19 16:48:38,886 - INFO - TKR: 1mo change of -1.60%
2025-01-19 16:48:38,886 - INFO - Processing TKR - 2025-01-03 19:47:32 UTC
2025-01-19 16:48:38,934 - INFO - TLF: 1h change of -8.87%
2025-01-19 16:48:39,038 - INFO - TLF: 1wk change of 14.25%
2025-01-19 16:48:39,137 - INFO - TLF: 1mo change of 4.01%
2025-01-19 16:48:39,137 - INFO - Processing TLF - 2024-12-07 01:15:00 UTC
2025-01-19 16:48:39,148 - INFO - Retrieved article length: 2227 characters
2025-01-19 16:48:39,491 - INFO - TKO: 1mo change of 13.75%
2025-01-19 16:48:39,491 - INFO - Processing TKO - 2024-12-19 17:14:52 UTC
2025-01-19 16:48:39,625 - INFO - Retrieved article length: 504 characters
2025-01-19 16:48:39,716 - INFO - Retrieved article length: 4408 characters
2025-01-19 16:48:39,826 - INFO - TKLF: 1h change of -28.92%
2025-01-19 16:48:39,837 - INFO - TKR: 1wk change of 1.10%
2025-01-19 16:48:39,927 - INFO - TKLF: 1wk change of -32.53%
2025-01-19 16:48:39,955 - INFO - Retrieved article length: 3510 characters
2025-01-19 16:48:39,967 - INFO - Processing TKR - 2024-12-17 17:17:02 UTC
2025-01-19 16:48:40,028 - INFO - TKLF: 1mo change of -33.27%
2025-01-19 16:48:40,028 - INFO - Processing TKLF - 2024-11-13 16:00:00 UTC
2025-01-19 16:48:40,154 - INFO - TLF: 1wk change of 13.67%
2025-01-19 16:48:40,202 - INFO - Retrieved article length: 7629 characters
2025-01-19 16:48:40,261 - INFO - TLF: 1mo change of 6.05%
2025-01-19 16:48:40,262 - INFO - Processing TLF - 2024-11-15 13:05:17 UTC
2025-01-19 16:48:40,299 - INFO - TKO: 1h change of -1.92%
2025-01-19 16:48:40,432 - INFO - TKO: 1wk change of 3.08%
2025-01-19 16:48:40,551 - INFO - TKO: 1mo change of 20.74%
2025-01-19 16:48:40,555 - INFO - Processing TKO - 2024-12-14 01:12:59 UTC
2025-01-19 16:48:40,746 - INFO - Retrieved article length: 1717 characters
2025-01-19 16:48:40,833 - INFO - TKR: 1h change of -4.62%
2025-01-19 16:48:40,834 - INFO - Retrieved article length: 4615 characters
2025-01-19 16:48:40,938 - INFO - TKLF: 1h change of -17.18%
2025-01-19 16:48:40,958 - INFO - TKR: 1wk change of -8.22%
2025-01-19 16:48:41,038 - INFO - TKLF: 1wk change of -32.53%
2025-01-19 16:48:41,039 - INFO - Retrieved article length: 1668 characters
2025-01-19 16:48:41,085 - INFO - TKR: 1mo change of 3.22%
2025-01-19 16:48:41,086 - INFO - Processing TKR - 2024-12-13 17:45:00 UTC
2025-01-19 16:48:41,139 - INFO - TKLF: 1mo change of -34.39%
2025-01-19 16:48:41,140 - INFO - Processing TKLF - 2024-11-12 16:00:00 UTC
2025-01-19 16:48:41,351 - INFO - TLF: 1mo change of 6.90%
2025-01-19 16:48:41,351 - INFO - Processing TLF - 2024-11-13 01:20:00 UTC
2025-01-19 16:48:41,404 - INFO - Retrieved article length: 2406 characters
2025-01-19 16:48:41,514 - INFO - TKO: 1h change of -1.13%
2025-01-19 16:48:41,634 - INFO - TKO: 1wk change of 2.66%
2025-01-19 16:48:41,797 - INFO - TKO: 1mo change of 19.46%
2025-01-19 16:48:41,797 - INFO - Processing TKO - 2024-11-30 13:30:00 UTC
2025-01-19 16:48:41,884 - INFO - Retrieved article length: 2860 characters
2025-01-19 16:48:41,969 - INFO - TKR: 1h change of -2.10%
2025-01-19 16:48:42,088 - INFO - TKR: 1wk change of -7.72%
2025-01-19 16:48:42,171 - INFO - Retrieved article length: 5465 characters
2025-01-19 16:48:42,210 - INFO - Processing TKR - 2024-12-05 19:30:53 UTC
2025-01-19 16:48:42,257 - INFO - Retrieved article length: 4907 characters
2025-01-19 16:48:42,271 - INFO - TKLF: 1h change of -29.41%
2025-01-19 16:48:42,366 - INFO - TKLF: 1wk change of -34.95%
2025-01-19 16:48:42,366 - INFO - TLF: 1h change of 1.20%
2025-01-19 16:48:42,463 - INFO - TKLF: 1mo change of -33.64%
2025-01-19 16:48:42,469 - INFO - TLF: 1wk change of -2.09%
2025-01-19 16:48:42,575 - INFO - TLF: 1mo change of 8.97%
2025-01-19 16:48:42,583 - INFO - Retrieved article length: 145 characters
2025-01-19 16:48:42,809 - INFO - TKO: 1wk change of 5.22%
2025-01-19 16:48:42,941 - INFO - TKO: 1mo change of 22.49%
2025-01-19 16:48:42,941 - INFO - Processing TKO - 2024-11-25 17:00:00 UTC
2025-01-19 16:48:42,951 - INFO - Processing TLN - 2025-01-15 17:37:06 UTC
2025-01-19 16:48:42,966 - INFO - Retrieved article length: 5946 characters
2025-01-19 16:48:43,004 - INFO - Processing TLSA - 2025-01-13 03:10:03 UTC
2025-01-19 16:48:43,052 - INFO - TKR: 1h change of -1.67%
2025-01-19 16:48:43,181 - INFO - TKR: 1wk change of -2.86%
2025-01-19 16:48:43,307 - INFO - TKR: 1mo change of -10.50%
2025-01-19 16:48:43,307 - INFO - Processing TKR - 2024-12-04 19:00:00 UTC
2025-01-19 16:48:43,747 - INFO - Retrieved article length: 2083 characters
2025-01-19 16:48:43,777 - INFO - Retrieved article length: 459 characters
2025-01-19 16:48:43,802 - INFO - Retrieved article length: 7247 characters
2025-01-19 16:48:43,876 - INFO - TLN: 1h change of 9.72%
2025-01-19 16:48:43,901 - INFO - TLSA: 1h change of -3.09%
2025-01-19 16:48:43,972 - INFO - TLN: 1wk change of 7.68%
2025-01-19 16:48:43,997 - INFO - TLSA: 1wk change of 1.37%
2025-01-19 16:48:44,067 - INFO - TLN: 1mo change of 11.49%
2025-01-19 16:48:44,068 - INFO - Processing TLN - 2025-01-14 23:22:00 UTC
2025-01-19 16:48:44,093 - INFO - TLSA: 1mo change of -26.73%
2025-01-19 16:48:44,093 - INFO - Processing TLSA - 2025-01-10 16:00:00 UTC
2025-01-19 16:48:44,093 - INFO - Retrieved article length: 2789 characters
2025-01-19 16:48:44,100 - INFO - TKO: 1wk change of 15.80%
2025-01-19 16:48:44,186 - INFO - TKR: 1h change of -1.98%
2025-01-19 16:48:44,218 - INFO - TKO: 1mo change of 11.76%
2025-01-19 16:48:44,313 - INFO - TKR: 1wk change of -2.86%
2025-01-19 16:48:44,384 - INFO - Processing TLT - 2025-01-14 14:01:56 UTC
2025-01-19 16:48:44,447 - INFO - TKR: 1mo change of -12.13%
2025-01-19 16:48:44,759 - INFO - Processing TMCI - 2025-01-13 16:00:00 UTC
2025-01-19 16:48:44,802 - ERROR - Error fetching article content: ('Connection broken: IncompleteRead(4908 bytes read, 1236 more expected)', IncompleteRead(4908 bytes read, 1236 more expected))
2025-01-19 16:48:44,906 - INFO - TLSA: 1h change of 21.68%
2025-01-19 16:48:44,977 - INFO - Retrieved article length: 140 characters
2025-01-19 16:48:45,014 - INFO - TLSA: 1wk change of 5.71%
2025-01-19 16:48:45,120 - INFO - TLSA: 1mo change of -26.73%
2025-01-19 16:48:45,120 - INFO - Processing TLSA - 2025-01-08 15:00:00 UTC
2025-01-19 16:48:45,193 - INFO - Retrieved article length: 5204 characters
2025-01-19 16:48:45,296 - INFO - TLT: 1h change of 1.73%
2025-01-19 16:48:45,313 - INFO - TLN: 1h change of 5.87%
2025-01-19 16:48:45,414 - INFO - TLN: 1wk change of 7.68%
2025-01-19 16:48:45,440 - INFO - Retrieved article length: 7739 characters
2025-01-19 16:48:45,517 - INFO - TLN: 1mo change of 15.36%
2025-01-19 16:48:45,517 - INFO - Processing TLN - 2025-01-14 01:15:00 UTC
2025-01-19 16:48:45,588 - INFO - TLT: 1mo change of -5.96%
2025-01-19 16:48:45,588 - INFO - Processing TLT - 2024-12-31 17:10:56 UTC
2025-01-19 16:48:45,611 - INFO - TMCI: 1wk change of 10.25%
2025-01-19 16:48:45,696 - INFO - TMCI: 1mo change of 9.97%
2025-01-19 16:48:45,697 - INFO - Processing TMCI - 2025-01-06 19:08:00 UTC
2025-01-19 16:48:45,975 - INFO - Retrieved article length: 8406 characters
2025-01-19 16:48:46,078 - INFO - TLSA: 1h change of 2.80%
2025-01-19 16:48:46,173 - INFO - TLSA: 1wk change of -1.33%
2025-01-19 16:48:46,268 - INFO - TLSA: 1mo change of -27.45%
2025-01-19 16:48:46,268 - INFO - Processing TLSA - 2024-12-17 15:00:00 UTC
2025-01-19 16:48:46,362 - INFO - Retrieved article length: 6130 characters
2025-01-19 16:48:46,370 - INFO - TLN: 1h change of 5.87%
2025-01-19 16:48:46,403 - INFO - Retrieved article length: 1385 characters
2025-01-19 16:48:46,434 - INFO - TLN: 1wk change of 7.68%
2025-01-19 16:48:46,437 - INFO - Retrieved article length: 6134 characters
2025-01-19 16:48:46,503 - INFO - TLN: 1mo change of 15.36%
2025-01-19 16:48:46,504 - INFO - Processing TLN - 2025-01-11 01:28:04 UTC
2025-01-19 16:48:46,528 - INFO - TMCI: 1h change of -3.05%
2025-01-19 16:48:46,611 - INFO - TMCI: 1wk change of 21.35%
2025-01-19 16:48:46,636 - INFO - TLT: 1wk change of -1.68%
2025-01-19 16:48:46,699 - INFO - Processing TMCI - 2025-01-03 00:15:00 UTC
2025-01-19 16:48:46,761 - INFO - TLT: 1mo change of -4.91%
2025-01-19 16:48:46,761 - INFO - Processing TLT - 2024-11-19 17:00:00 UTC
2025-01-19 16:48:46,893 - INFO - TLN: 1wk change of 10.71%
2025-01-19 16:48:46,987 - INFO - TLN: 1mo change of 12.59%
2025-01-19 16:48:46,988 - INFO - Processing TLN - 2025-01-09 02:25:25 UTC
2025-01-19 16:48:47,031 - INFO - Retrieved article length: 8073 characters
2025-01-19 16:48:47,134 - INFO - TLSA: 1h change of 4.25%
2025-01-19 16:48:47,233 - INFO - TLSA: 1wk change of -30.69%
2025-01-19 16:48:47,337 - INFO - TLSA: 1mo change of -21.28%
2025-01-19 16:48:47,337 - INFO - Processing TLSA - 2024-12-05 16:08:48 UTC
2025-01-19 16:48:47,443 - INFO - Retrieved article length: 2751 characters
2025-01-19 16:48:47,471 - INFO - Retrieved article length: 3262 characters
2025-01-19 16:48:47,532 - INFO - TMCI: 1h change of 1.95%
2025-01-19 16:48:47,617 - INFO - TMCI: 1wk change of 4.73%
2025-01-19 16:48:47,691 - INFO - TLT: 1wk change of 1.05%
2025-01-19 16:48:47,700 - INFO - TMCI: 1mo change of 2.23%
2025-01-19 16:48:47,700 - INFO - Processing TMCI - 2024-12-31 22:24:53 UTC
2025-01-19 16:48:47,761 - INFO - Retrieved article length: 449 characters
2025-01-19 16:48:47,827 - INFO - TLT: 1mo change of -6.81%
2025-01-19 16:48:47,829 - INFO - Processing TLT - 2024-11-18 17:00:00 UTC
2025-01-19 16:48:47,863 - INFO - TLN: 1h change of 5.47%
2025-01-19 16:48:47,960 - INFO - TLN: 1wk change of 16.51%
2025-01-19 16:48:48,019 - INFO - Retrieved article length: 7131 characters
2025-01-19 16:48:48,058 - INFO - TLN: 1mo change of 5.10%
2025-01-19 16:48:48,058 - INFO - Processing TLN - 2025-01-06 20:13:22 UTC
2025-01-19 16:48:48,119 - INFO - TLSA: 1h change of 6.13%
2025-01-19 16:48:48,216 - INFO - TLSA: 1wk change of -2.08%
2025-01-19 16:48:48,312 - INFO - TLSA: 1mo change of -24.49%
2025-01-19 16:48:48,312 - INFO - Processing TLSA - 2024-12-05 15:07:12 UTC
2025-01-19 16:48:48,420 - INFO - Retrieved article length: 523 characters
2025-01-19 16:48:48,509 - INFO - TMCI: 1h change of 10.88%
2025-01-19 16:48:48,581 - INFO - Retrieved article length: 2274 characters
2025-01-19 16:48:48,598 - INFO - TMCI: 1wk change of 8.76%
2025-01-19 16:48:48,681 - INFO - TLT: 1h change of 1.22%
2025-01-19 16:48:48,681 - INFO - TMCI: 1mo change of 5.19%
2025-01-19 16:48:48,682 - INFO - Processing TMCI - 2024-12-31 17:19:15 UTC
2025-01-19 16:48:48,848 - INFO - Retrieved article length: 2472 characters
2025-01-19 16:48:48,949 - INFO - TLN: 1h change of -1.89%
2025-01-19 16:48:49,019 - INFO - TLT: 1mo change of -4.81%
2025-01-19 16:48:49,019 - INFO - Processing TLT - 2024-11-16 19:42:03 UTC
2025-01-19 16:48:49,044 - INFO - TLN: 1wk change of 13.13%
2025-01-19 16:48:49,139 - INFO - TLN: 1mo change of 11.98%
2025-01-19 16:48:49,140 - INFO - Processing TLN - 2025-01-06 16:00:00 UTC
2025-01-19 16:48:49,143 - INFO - Retrieved article length: 1632 characters
2025-01-19 16:48:49,151 - INFO - TLSA: 1h change of 6.13%
2025-01-19 16:48:49,159 - INFO - TLSA: 1wk change of -2.08%
2025-01-19 16:48:49,164 - INFO - TLSA: 1mo change of -24.49%
2025-01-19 16:48:49,164 - INFO - Processing TLSA - 2024-12-04 15:00:00 UTC
2025-01-19 16:48:49,516 - INFO - Retrieved article length: 515 characters
2025-01-19 16:48:49,524 - INFO - TMCI: 1h change of 10.88%
2025-01-19 16:48:49,530 - INFO - TMCI: 1wk change of 8.76%
2025-01-19 16:48:49,586 - INFO - TMCI: 1mo change of 5.19%
2025-01-19 16:48:49,586 - INFO - Processing TMCI - 2024-12-30 16:15:00 UTC
2025-01-19 16:48:49,814 - INFO - Retrieved article length: 4070 characters
2025-01-19 16:48:49,862 - INFO - Retrieved article length: 8495 characters
2025-01-19 16:48:49,869 - INFO - TLN: 1h change of -1.89%
2025-01-19 16:48:49,875 - INFO - TLN: 1wk change of 13.13%
2025-01-19 16:48:49,939 - INFO - TLN: 1mo change of 11.98%
2025-01-19 16:48:49,940 - INFO - Processing TLN - 2025-01-04 18:31:33 UTC
2025-01-19 16:48:49,987 - INFO - Retrieved article length: 4992 characters
2025-01-19 16:48:50,039 - INFO - TLT: 1wk change of 2.80%
2025-01-19 16:48:50,087 - INFO - TLSA: 1h change of 7.45%
2025-01-19 16:48:50,163 - INFO - TLT: 1mo change of -4.81%
2025-01-19 16:48:50,163 - INFO - Processing TLT - 2024-11-13 23:48:57 UTC
2025-01-19 16:48:50,182 - INFO - TLSA: 1wk change of -2.08%
2025-01-19 16:48:50,277 - INFO - TLSA: 1mo change of -40.68%
2025-01-19 16:48:50,277 - INFO - Processing TLSA - 2024-11-20 15:28:28 UTC
2025-01-19 16:48:50,312 - INFO - Retrieved article length: 7269 characters
2025-01-19 16:48:50,400 - INFO - TMCI: 1h change of 10.88%
2025-01-19 16:48:50,489 - INFO - TMCI: 1wk change of 8.76%
2025-01-19 16:48:50,574 - INFO - TMCI: 1mo change of 5.07%
2025-01-19 16:48:50,575 - INFO - Processing TMCI - 2024-12-29 17:07:26 UTC
2025-01-19 16:48:50,617 - INFO - Retrieved article length: 179 characters
2025-01-19 16:48:50,724 - INFO - TLN: 1h change of 3.75%
2025-01-19 16:48:50,829 - INFO - TLN: 1wk change of 2.96%
2025-01-19 16:48:50,880 - INFO - Retrieved article length: 2034 characters
2025-01-19 16:48:50,923 - INFO - TLN: 1mo change of 11.98%
2025-01-19 16:48:50,959 - INFO - Retrieved article length: 1303 characters
2025-01-19 16:48:50,981 - INFO - TLT: 1h change of -1.51%
2025-01-19 16:48:51,058 - INFO - TLSA: 1h change of 6.59%
2025-01-19 16:48:51,109 - INFO - Processing TMDX - 2025-01-17 17:22:00 UTC
2025-01-19 16:48:51,111 - INFO - TLT: 1wk change of -2.02%
2025-01-19 16:48:51,237 - INFO - TLT: 1mo change of -3.38%
2025-01-19 16:48:51,237 - INFO - Processing TLT - 2024-11-09 01:14:32 UTC
2025-01-19 16:48:51,249 - INFO - Retrieved article length: 6152 characters
2025-01-19 16:48:51,250 - INFO - TLSA: 1mo change of -21.59%
2025-01-19 16:48:51,422 - INFO - TMCI: 1wk change of 10.87%
2025-01-19 16:48:51,458 - INFO - TMDX: 1h change of -9.45%
2025-01-19 16:48:51,506 - INFO - TMCI: 1mo change of 5.07%
2025-01-19 16:48:51,506 - INFO - Processing TMCI - 2024-12-19 15:37:04 UTC
2025-01-19 16:48:51,571 - INFO - TMDX: 1wk change of -27.29%
2025-01-19 16:48:51,626 - INFO - Processing TMHC - 2025-01-15 14:55:00 UTC
2025-01-19 16:48:51,665 - INFO - TMDX: 1mo change of -10.99%
2025-01-19 16:48:51,666 - INFO - Processing TMDX - 2025-01-17 16:07:11 UTC
2025-01-19 16:48:52,301 - INFO - Retrieved article length: 1670 characters
2025-01-19 16:48:52,303 - INFO - Retrieved article length: 2204 characters
2025-01-19 16:48:52,391 - INFO - TMCI: 1h change of -7.07%
2025-01-19 16:48:52,402 - INFO - TMHC: 1h change of 10.64%
2025-01-19 16:48:52,478 - INFO - TMCI: 1wk change of -11.87%
2025-01-19 16:48:52,484 - INFO - Retrieved article length: 3737 characters
2025-01-19 16:48:52,495 - INFO - TMDX: 1h change of -9.45%
2025-01-19 16:48:52,498 - INFO - TMHC: 1wk change of 8.12%
2025-01-19 16:48:52,562 - INFO - TMDX: 1wk change of -27.29%
2025-01-19 16:48:52,565 - INFO - TMCI: 1mo change of 14.15%
2025-01-19 16:48:52,596 - INFO - TMHC: 1mo change of -2.67%
2025-01-19 16:48:52,596 - INFO - Processing TMHC - 2025-01-14 12:02:38 UTC
2025-01-19 16:48:52,626 - INFO - TMDX: 1mo change of -10.99%
2025-01-19 16:48:52,626 - INFO - Processing TMDX - 2025-01-13 15:00:00 UTC
2025-01-19 16:48:52,629 - INFO - Retrieved article length: 2415 characters
2025-01-19 16:48:52,689 - INFO - Processing TMO - 2025-01-16 19:06:03 UTC
2025-01-19 16:48:52,733 - INFO - TLT: 1h change of 1.59%
2025-01-19 16:48:52,875 - INFO - TLT: 1wk change of -1.90%
2025-01-19 16:48:53,028 - INFO - TLT: 1mo change of -4.28%
2025-01-19 16:48:53,029 - INFO - Processing TLT - 2024-11-07 17:00:00 UTC
2025-01-19 16:48:53,239 - INFO - Retrieved article length: 5969 characters
2025-01-19 16:48:53,341 - INFO - TMHC: 1h change of 9.04%
2025-01-19 16:48:53,397 - INFO - Retrieved article length: 9012 characters
2025-01-19 16:48:53,436 - INFO - TMHC: 1wk change of 8.12%
2025-01-19 16:48:53,445 - INFO - Retrieved article length: 2893 characters
2025-01-19 16:48:53,496 - INFO - TMDX: 1h change of 4.22%
2025-01-19 16:48:53,534 - INFO - TMHC: 1mo change of -3.78%
2025-01-19 16:48:53,534 - INFO - Processing TMHC - 2025-01-13 14:55:00 UTC
2025-01-19 16:48:53,592 - INFO - TMDX: 1wk change of -17.21%
2025-01-19 16:48:53,689 - INFO - TMO: 1wk change of 4.18%
2025-01-19 16:48:53,689 - INFO - TMDX: 1mo change of -18.10%
2025-01-19 16:48:53,689 - INFO - Processing TMDX - 2025-01-11 00:16:00 UTC
2025-01-19 16:48:53,752 - INFO - Retrieved article length: 2267 characters
2025-01-19 16:48:53,815 - INFO - TMO: 1mo change of 6.68%
2025-01-19 16:48:53,815 - INFO - Processing TMO - 2025-01-15 19:51:53 UTC
2025-01-19 16:48:53,981 - INFO - TLT: 1wk change of -1.64%
2025-01-19 16:48:54,103 - INFO - TLT: 1mo change of -4.04%
2025-01-19 16:48:54,239 - INFO - Processing TMUS - 2025-01-14 21:09:00 UTC
2025-01-19 16:48:54,296 - INFO - Retrieved article length: 2507 characters
2025-01-19 16:48:54,379 - INFO - Retrieved article length: 1170 characters
2025-01-19 16:48:54,395 - INFO - TMHC: 1h change of 5.59%
2025-01-19 16:48:54,480 - INFO - TMDX: 1h change of 12.62%
2025-01-19 16:48:54,489 - INFO - TMHC: 1wk change of 7.46%
2025-01-19 16:48:54,581 - INFO - TMDX: 1wk change of -13.98%
2025-01-19 16:48:54,586 - INFO - TMHC: 1mo change of -5.40%
2025-01-19 16:48:54,586 - INFO - Processing TMHC - 2025-01-10 15:59:07 UTC
2025-01-19 16:48:54,638 - INFO - Retrieved article length: 514 characters
2025-01-19 16:48:54,678 - INFO - TMDX: 1mo change of -18.10%
2025-01-19 16:48:54,678 - INFO - Processing TMDX - 2025-01-10 22:00:58 UTC
2025-01-19 16:48:54,729 - INFO - TMO: 1h change of 1.16%
2025-01-19 16:48:54,853 - INFO - TMO: 1wk change of 4.18%
2025-01-19 16:48:54,969 - INFO - TMO: 1mo change of 4.81%
2025-01-19 16:48:54,969 - INFO - Processing TMO - 2025-01-15 11:00:00 UTC
2025-01-19 16:48:55,005 - INFO - Retrieved article length: 5252 characters
2025-01-19 16:48:55,219 - INFO - TMUS: 1wk change of 3.10%
2025-01-19 16:48:55,313 - INFO - Retrieved article length: 524 characters
2025-01-19 16:48:55,326 - INFO - TMUS: 1mo change of -6.22%
2025-01-19 16:48:55,326 - INFO - Processing TMUS - 2025-01-14 17:37:03 UTC
2025-01-19 16:48:55,419 - INFO - Retrieved article length: 521 characters
2025-01-19 16:48:55,516 - INFO - TMHC: 1wk change of 7.29%
2025-01-19 16:48:55,521 - INFO - TMDX: 1h change of -9.43%
2025-01-19 16:48:55,622 - INFO - TMDX: 1wk change of -8.26%
2025-01-19 16:48:55,622 - INFO - TMHC: 1mo change of -4.67%
2025-01-19 16:48:55,622 - INFO - Processing TMHC - 2025-01-08 15:51:42 UTC
2025-01-19 16:48:55,675 - INFO - Retrieved article length: 5269 characters
2025-01-19 16:48:55,682 - INFO - TMO: 1h change of 1.16%
2025-01-19 16:48:55,719 - INFO - TMDX: 1mo change of -16.20%
2025-01-19 16:48:55,719 - INFO - Processing TMDX - 2025-01-10 19:42:57 UTC
2025-01-19 16:48:55,735 - INFO - TMO: 1wk change of 4.18%
2025-01-19 16:48:55,790 - INFO - TMO: 1mo change of 4.81%
2025-01-19 16:48:55,790 - INFO - Processing TMO - 2025-01-15 11:00:00 UTC
2025-01-19 16:48:56,005 - INFO - Retrieved article length: 1943 characters
2025-01-19 16:48:56,083 - INFO - TMUS: 1wk change of 3.10%
2025-01-19 16:48:56,154 - INFO - TMUS: 1mo change of -6.22%
2025-01-19 16:48:56,154 - INFO - Processing TMUS - 2025-01-14 14:01:53 UTC
2025-01-19 16:48:56,370 - INFO - Retrieved article length: 534 characters
2025-01-19 16:48:56,447 - INFO - Retrieved article length: 3389 characters
2025-01-19 16:48:56,455 - INFO - TMDX: 1h change of -9.43%
2025-01-19 16:48:56,468 - INFO - TMHC: 1h change of -1.04%
2025-01-19 16:48:56,520 - INFO - TMDX: 1wk change of -8.26%
2025-01-19 16:48:56,526 - INFO - Retrieved article length: 5323 characters
2025-01-19 16:48:56,535 - INFO - TMO: 1h change of 1.16%
2025-01-19 16:48:56,572 - INFO - TMHC: 1wk change of 7.48%
2025-01-19 16:48:56,585 - INFO - TMDX: 1mo change of -16.20%
2025-01-19 16:48:56,585 - INFO - Processing TMDX - 2025-01-10 18:28:21 UTC
2025-01-19 16:48:56,587 - INFO - TMO: 1wk change of 4.18%
2025-01-19 16:48:56,644 - INFO - TMO: 1mo change of 4.81%
2025-01-19 16:48:56,644 - INFO - Processing TMO - 2025-01-15 00:24:44 UTC
2025-01-19 16:48:56,667 - INFO - TMHC: 1mo change of -6.75%
2025-01-19 16:48:56,668 - INFO - Processing TMHC - 2025-01-07 14:03:00 UTC
2025-01-19 16:48:56,838 - INFO - Retrieved article length: 5694 characters
2025-01-19 16:48:56,911 - INFO - TMUS: 1wk change of 3.10%
2025-01-19 16:48:56,984 - INFO - TMUS: 1mo change of -6.22%
2025-01-19 16:48:56,985 - INFO - Processing TMUS - 2025-01-14 01:05:00 UTC
2025-01-19 16:48:57,374 - INFO - Retrieved article length: 1297 characters
2025-01-19 16:48:57,385 - INFO - TMDX: 1h change of -9.43%
2025-01-19 16:48:57,449 - INFO - TMDX: 1wk change of -8.26%
2025-01-19 16:48:57,463 - INFO - Retrieved article length: 7514 characters
2025-01-19 16:48:57,472 - INFO - TMO: 1h change of 1.16%
2025-01-19 16:48:57,514 - INFO - TMDX: 1mo change of -16.20%
2025-01-19 16:48:57,514 - INFO - Processing TMDX - 2025-01-10 18:12:23 UTC
2025-01-19 16:48:57,518 - INFO - Retrieved article length: 5133 characters
2025-01-19 16:48:57,526 - INFO - TMO: 1wk change of 4.18%
2025-01-19 16:48:57,580 - INFO - TMO: 1mo change of 4.81%
2025-01-19 16:48:57,580 - INFO - Processing TMO - 2025-01-14 19:31:00 UTC
2025-01-19 16:48:57,618 - INFO - TMHC: 1h change of -1.04%
2025-01-19 16:48:57,712 - INFO - TMHC: 1wk change of 8.64%
2025-01-19 16:48:57,719 - INFO - Retrieved article length: 4477 characters
2025-01-19 16:48:57,797 - INFO - TMUS: 1wk change of 3.10%
2025-01-19 16:48:57,814 - INFO - TMHC: 1mo change of -9.87%
2025-01-19 16:48:57,815 - INFO - Processing TMHC - 2025-01-07 13:40:00 UTC
2025-01-19 16:48:57,863 - INFO - TMUS: 1mo change of -6.22%
2025-01-19 16:48:57,863 - INFO - Processing TMUS - 2025-01-14 00:26:00 UTC
2025-01-19 16:48:58,194 - INFO - Retrieved article length: 513 characters
2025-01-19 16:48:58,202 - INFO - TMDX: 1h change of -9.43%
2025-01-19 16:48:58,273 - INFO - TMDX: 1wk change of -8.26%
2025-01-19 16:48:58,350 - INFO - TMDX: 1mo change of -16.20%
2025-01-19 16:48:58,441 - INFO - Retrieved article length: 6722 characters
2025-01-19 16:48:58,537 - INFO - Retrieved article length: 15304 characters
2025-01-19 16:48:58,545 - INFO - TMHC: 1h change of -1.04%
2025-01-19 16:48:58,551 - INFO - TMHC: 1wk change of 8.64%
2025-01-19 16:48:58,554 - INFO - Retrieved article length: 546 characters
2025-01-19 16:48:58,628 - INFO - TMUS: 1wk change of 3.10%
2025-01-19 16:48:58,646 - INFO - TMO: 1wk change of 4.18%
2025-01-19 16:48:58,646 - INFO - TMHC: 1mo change of -9.87%
2025-01-19 16:48:58,647 - INFO - Processing TMHC - 2025-01-06 19:04:00 UTC
2025-01-19 16:48:58,696 - INFO - TMUS: 1mo change of -6.22%
2025-01-19 16:48:58,696 - INFO - Processing TMUS - 2025-01-13 18:42:48 UTC
2025-01-19 16:48:58,765 - INFO - TMO: 1mo change of 4.52%
2025-01-19 16:48:58,765 - INFO - Processing TMO - 2025-01-14 14:02:08 UTC
2025-01-19 16:48:58,845 - INFO - Processing TNDM - 2025-01-16 00:05:00 UTC
2025-01-19 16:48:59,387 - INFO - Retrieved article length: 1674 characters
2025-01-19 16:48:59,429 - INFO - Retrieved article length: 12898 characters
2025-01-19 16:48:59,503 - INFO - Retrieved article length: 5738 characters
2025-01-19 16:48:59,530 - INFO - TMHC: 1h change of -2.58%
2025-01-19 16:48:59,565 - INFO - TMO: 1wk change of 4.18%
2025-01-19 16:48:59,583 - INFO - Retrieved article length: 2353 characters
2025-01-19 16:48:59,620 - INFO - TMO: 1mo change of 4.52%
2025-01-19 16:48:59,620 - INFO - Processing TMO - 2025-01-14 00:03:29 UTC
2025-01-19 16:48:59,625 - INFO - TMHC: 1wk change of 7.87%
2025-01-19 16:48:59,686 - INFO - TNDM: 1h change of -2.58%
2025-01-19 16:48:59,694 - INFO - TMUS: 1mo change of -4.32%
2025-01-19 16:48:59,694 - INFO - Processing TMUS - 2025-01-13 17:55:26 UTC
2025-01-19 16:48:59,721 - INFO - TMHC: 1mo change of -10.26%
2025-01-19 16:48:59,779 - INFO - TNDM: 1wk change of -5.90%
2025-01-19 16:48:59,871 - INFO - Processing TNFA - 2025-01-15 17:15:00 UTC
2025-01-19 16:48:59,875 - INFO - TNDM: 1mo change of 2.45%
2025-01-19 16:48:59,875 - INFO - Processing TNDM - 2025-01-09 15:57:00 UTC
2025-01-19 16:49:00,368 - INFO - Retrieved article length: 501 characters
2025-01-19 16:49:00,417 - INFO - Retrieved article length: 3454 characters
2025-01-19 16:49:00,479 - INFO - TMO: 1wk change of 4.18%
2025-01-19 16:49:00,507 - INFO - TMUS: 1mo change of -4.32%
2025-01-19 16:49:00,507 - INFO - Processing TMUS - 2025-01-13 17:07:11 UTC
2025-01-19 16:49:00,532 - INFO - TMO: 1mo change of 4.52%
2025-01-19 16:49:00,539 - INFO - Retrieved article length: 7720 characters
2025-01-19 16:49:00,596 - INFO - Retrieved article length: 5719 characters
2025-01-19 16:49:00,637 - INFO - TNFA: 1h change of -16.31%
2025-01-19 16:49:00,652 - INFO - Processing TNGX - 2024-12-03 15:00:00 UTC
2025-01-19 16:49:00,693 - INFO - TNDM: 1h change of -3.45%
2025-01-19 16:49:00,790 - INFO - TNDM: 1wk change of -4.67%
2025-01-19 16:49:00,832 - INFO - TNFA: 1mo change of -4.92%
2025-01-19 16:49:00,832 - INFO - Processing TNFA - 2024-12-19 17:15:00 UTC
2025-01-19 16:49:00,893 - INFO - TNDM: 1mo change of 16.12%
2025-01-19 16:49:00,893 - INFO - Processing TNDM - 2025-01-09 14:21:52 UTC
2025-01-19 16:49:01,350 - INFO - Retrieved article length: 529 characters
2025-01-19 16:49:01,406 - INFO - Retrieved article length: 2877 characters
2025-01-19 16:49:01,487 - INFO - TMUS: 1mo change of -4.32%
2025-01-19 16:49:01,495 - INFO - TNGX: 1h change of -9.11%
2025-01-19 16:49:01,577 - INFO - TNGX: 1wk change of -25.00%
2025-01-19 16:49:01,593 - INFO - Retrieved article length: 9040 characters
2025-01-19 16:49:01,672 - INFO - TNGX: 1mo change of -49.17%
2025-01-19 16:49:01,672 - INFO - Processing TNGX - 2024-11-27 15:00:00 UTC
2025-01-19 16:49:01,682 - INFO - Processing TNL - 2025-01-15 00:56:49 UTC
2025-01-19 16:49:01,691 - INFO - TNFA: 1h change of 21.23%
2025-01-19 16:49:01,766 - INFO - Retrieved article length: 536 characters
2025-01-19 16:49:01,774 - INFO - TNDM: 1h change of -3.45%
2025-01-19 16:49:01,780 - INFO - TNDM: 1wk change of -4.67%
2025-01-19 16:49:01,785 - INFO - TNFA: 1wk change of -11.35%
2025-01-19 16:49:01,847 - INFO - TNDM: 1mo change of 16.12%
2025-01-19 16:49:01,847 - INFO - Processing TNDM - 2025-01-07 18:23:51 UTC
2025-01-19 16:49:01,882 - INFO - TNFA: 1mo change of -5.61%
2025-01-19 16:49:01,883 - INFO - Processing TNFA - 2024-12-09 17:00:00 UTC
2025-01-19 16:49:02,287 - INFO - Retrieved article length: 1231 characters
2025-01-19 16:49:02,390 - INFO - TNL: 1h change of 4.90%
2025-01-19 16:49:02,442 - INFO - Retrieved article length: 1717 characters
2025-01-19 16:49:02,532 - INFO - TNGX: 1h change of 3.16%
2025-01-19 16:49:02,533 - INFO - TNL: 1wk change of 1.95%
2025-01-19 16:49:02,614 - INFO - TNGX: 1wk change of -5.97%
2025-01-19 16:49:02,627 - INFO - Retrieved article length: 544 characters
2025-01-19 16:49:02,646 - INFO - TNL: 1mo change of -2.35%
2025-01-19 16:49:02,647 - INFO - Processing TNL - 2025-01-11 17:00:00 UTC
2025-01-19 16:49:02,689 - INFO - Retrieved article length: 8677 characters
2025-01-19 16:49:02,701 - INFO - TNGX: 1mo change of -50.72%
2025-01-19 16:49:02,701 - INFO - Processing TNGX - 2024-11-23 18:26:40 UTC
2025-01-19 16:49:02,790 - INFO - TNFA: 1h change of 5.44%
2025-01-19 16:49:02,829 - INFO - TNDM: 1wk change of 1.79%
2025-01-19 16:49:02,890 - INFO - TNFA: 1wk change of 28.32%
2025-01-19 16:49:02,926 - INFO - TNDM: 1mo change of 5.33%
2025-01-19 16:49:02,927 - INFO - Processing TNDM - 2025-01-07 17:00:00 UTC
2025-01-19 16:49:02,988 - INFO - TNFA: 1mo change of -3.44%
2025-01-19 16:49:03,301 - INFO - Processing TNON - 2025-01-09 16:00:00 UTC
2025-01-19 16:49:03,444 - INFO - Retrieved article length: 2448 characters
2025-01-19 16:49:03,465 - INFO - Retrieved article length: 7385 characters
2025-01-19 16:49:03,545 - INFO - TNL: 1h change of -1.36%
2025-01-19 16:49:03,639 - INFO - TNGX: 1wk change of 9.27%
2025-01-19 16:49:03,660 - INFO - TNL: 1wk change of 4.65%
2025-01-19 16:49:03,720 - INFO - TNGX: 1mo change of -56.36%
2025-01-19 16:49:03,732 - INFO - Processing TNGX - 2024-11-08 14:05:17 UTC
2025-01-19 16:49:03,774 - INFO - TNL: 1mo change of -2.28%
2025-01-19 16:49:03,774 - INFO - Processing TNL - 2025-01-08 13:57:20 UTC
2025-01-19 16:49:03,776 - INFO - Retrieved article length: 6119 characters
2025-01-19 16:49:03,790 - INFO - TNDM: 1wk change of 1.79%
2025-01-19 16:49:03,855 - INFO - TNDM: 1mo change of 5.33%
2025-01-19 16:49:03,855 - INFO - Processing TNDM - 2025-01-07 15:44:00 UTC
2025-01-19 16:49:04,049 - INFO - Retrieved article length: 2658 characters
2025-01-19 16:49:04,147 - INFO - TNON: 1h change of -14.62%
2025-01-19 16:49:04,249 - INFO - TNON: 1wk change of -6.28%
2025-01-19 16:49:04,351 - INFO - TNON: 1mo change of -19.00%
2025-01-19 16:49:04,351 - INFO - Processing TNON - 2024-11-14 10:16:11 UTC
2025-01-19 16:49:04,453 - INFO - Retrieved article length: 2003 characters
2025-01-19 16:49:04,511 - INFO - Retrieved article length: 8947 characters
2025-01-19 16:49:04,541 - INFO - TNGX: 1h change of -10.62%
2025-01-19 16:49:04,609 - INFO - TNL: 1h change of -1.03%
2025-01-19 16:49:04,612 - INFO - Retrieved article length: 2700 characters
2025-01-19 16:49:04,624 - INFO - TNGX: 1wk change of -35.83%
2025-01-19 16:49:04,626 - INFO - TNDM: 1wk change of 1.79%
2025-01-19 16:49:04,691 - INFO - TNDM: 1mo change of 5.33%
2025-01-19 16:49:04,692 - INFO - Processing TNDM - 2025-01-01 13:10:01 UTC
2025-01-19 16:49:04,708 - INFO - TNGX: 1mo change of -59.17%
2025-01-19 16:49:04,708 - INFO - Processing TNGX - 2024-11-06 15:05:00 UTC
2025-01-19 16:49:04,724 - INFO - TNL: 1wk change of 4.38%
2025-01-19 16:49:04,842 - INFO - TNL: 1mo change of -4.45%
2025-01-19 16:49:04,843 - INFO - Processing TNL - 2025-01-06 23:20:40 UTC
2025-01-19 16:49:05,053 - INFO - Retrieved article length: 4003 characters
2025-01-19 16:49:05,161 - INFO - TNON: 1h change of -22.51%
2025-01-19 16:49:05,257 - INFO - TNON: 1wk change of -25.95%
2025-01-19 16:49:05,357 - INFO - TNON: 1mo change of -48.61%
2025-01-19 16:49:05,358 - INFO - Processing TNON - 2024-11-14 00:05:00 UTC
2025-01-19 16:49:05,421 - INFO - Retrieved article length: 7562 characters
2025-01-19 16:49:05,505 - INFO - Retrieved article length: 1694 characters
2025-01-19 16:49:05,603 - INFO - TNL: 1h change of -1.36%
2025-01-19 16:49:05,615 - INFO - TNDM: 1wk change of -1.67%
2025-01-19 16:49:05,652 - INFO - Retrieved article length: 20301 characters
2025-01-19 16:49:05,717 - INFO - TNL: 1wk change of 2.49%
2025-01-19 16:49:05,718 - INFO - TNDM: 1mo change of 12.59%
2025-01-19 16:49:05,718 - INFO - Processing TNDM - 2024-12-13 16:42:00 UTC
2025-01-19 16:49:05,747 - INFO - TNGX: 1h change of -45.75%
2025-01-19 16:49:05,834 - INFO - TNGX: 1wk change of -34.97%
2025-01-19 16:49:05,835 - INFO - TNL: 1mo change of -4.75%
2025-01-19 16:49:05,835 - INFO - Processing TNL - 2025-01-06 23:10:06 UTC
2025-01-19 16:49:05,916 - INFO - TNGX: 1mo change of -52.98%
2025-01-19 16:49:05,917 - INFO - Processing TNGX - 2024-11-06 15:00:00 UTC
2025-01-19 16:49:06,102 - INFO - Retrieved article length: 14925 characters
2025-01-19 16:49:06,110 - INFO - TNON: 1h change of -22.51%
2025-01-19 16:49:06,117 - INFO - TNON: 1wk change of -25.95%
2025-01-19 16:49:06,121 - INFO - TNON: 1mo change of -48.61%
2025-01-19 16:49:06,122 - INFO - Processing TNON - 2024-10-30 23:05:00 UTC
2025-01-19 16:49:06,392 - INFO - Retrieved article length: 5341 characters
2025-01-19 16:49:06,492 - INFO - TNDM: 1h change of -5.36%
2025-01-19 16:49:06,587 - INFO - TNDM: 1wk change of 7.61%
2025-01-19 16:49:06,601 - INFO - Retrieved article length: 5864 characters
2025-01-19 16:49:06,608 - INFO - TNL: 1h change of -1.36%
2025-01-19 16:49:06,614 - INFO - TNL: 1wk change of 2.49%
2025-01-19 16:49:06,680 - INFO - TNL: 1mo change of -4.75%
2025-01-19 16:49:06,680 - INFO - Processing TNL - 2025-01-06 17:13:52 UTC
2025-01-19 16:49:06,681 - INFO - TNDM: 1mo change of 22.65%
2025-01-19 16:49:06,683 - INFO - Retrieved article length: 19810 characters
2025-01-19 16:49:06,691 - INFO - TNGX: 1h change of -45.75%
2025-01-19 16:49:06,696 - INFO - TNGX: 1wk change of -34.97%
2025-01-19 16:49:06,702 - INFO - TNGX: 1mo change of -52.98%
2025-01-19 16:49:06,702 - INFO - Processing TNGX - 2024-10-29 14:26:29 UTC
2025-01-19 16:49:06,859 - INFO - Processing TNXP - 2025-01-08 15:00:00 UTC
2025-01-19 16:49:06,892 - INFO - Retrieved article length: 6815 characters
2025-01-19 16:49:06,993 - INFO - TNON: 1h change of 8.26%
2025-01-19 16:49:07,093 - INFO - TNON: 1wk change of -19.17%
2025-01-19 16:49:07,191 - INFO - TNON: 1mo change of -59.18%
2025-01-19 16:49:07,191 - INFO - Processing TNON - 2024-10-30 15:00:00 UTC
2025-01-19 16:49:07,371 - INFO - Retrieved article length: 4859 characters
2025-01-19 16:49:07,457 - INFO - TNGX: 1h change of -6.38%
2025-01-19 16:49:07,492 - INFO - Retrieved article length: 491 characters
2025-01-19 16:49:07,501 - INFO - TNL: 1h change of -1.36%
2025-01-19 16:49:07,506 - INFO - TNL: 1wk change of 2.49%
2025-01-19 16:49:07,539 - INFO - TNGX: 1wk change of -60.42%
2025-01-19 16:49:07,574 - INFO - TNL: 1mo change of -4.75%
2025-01-19 16:49:07,574 - INFO - Retrieved article length: 13292 characters
2025-01-19 16:49:07,574 - INFO - Processing TNL - 2024-12-28 16:51:24 UTC
2025-01-19 16:49:07,629 - INFO - TNGX: 1mo change of -47.79%
2025-01-19 16:49:07,673 - INFO - TNXP: 1h change of -18.05%
2025-01-19 16:49:07,773 - INFO - TNXP: 1wk change of -33.33%
2025-01-19 16:49:07,790 - INFO - Processing TNYA - 2025-01-13 17:16:00 UTC
2025-01-19 16:49:07,872 - INFO - TNXP: 1mo change of 41.18%
2025-01-19 16:49:07,872 - INFO - Processing TNXP - 2025-01-07 15:00:00 UTC
2025-01-19 16:49:08,004 - INFO - Retrieved article length: 2855 characters
2025-01-19 16:49:08,012 - INFO - TNON: 1h change of 8.26%
2025-01-19 16:49:08,017 - INFO - TNON: 1wk change of -19.17%
2025-01-19 16:49:08,022 - INFO - TNON: 1mo change of -59.18%
2025-01-19 16:49:08,023 - INFO - Processing TNON - 2024-10-28 15:00:00 UTC
2025-01-19 16:49:08,243 - INFO - Retrieved article length: 4470 characters
2025-01-19 16:49:08,461 - INFO - TNL: 1wk change of 2.21%
2025-01-19 16:49:08,469 - INFO - Retrieved article length: 12535 characters
2025-01-19 16:49:08,559 - INFO - TNYA: 1h change of -5.29%
2025-01-19 16:49:08,570 - INFO - TNL: 1mo change of -6.32%
2025-01-19 16:49:08,571 - INFO - Processing TNL - 2024-12-20 17:32:44 UTC
2025-01-19 16:49:08,641 - INFO - TNYA: 1wk change of -7.89%
2025-01-19 16:49:08,650 - INFO - Retrieved article length: 6878 characters
2025-01-19 16:49:08,701 - INFO - Retrieved article length: 4127 characters
2025-01-19 16:49:08,723 - INFO - TNYA: 1mo change of -62.96%
2025-01-19 16:49:08,723 - INFO - Processing TNYA - 2024-12-17 23:58:52 UTC
2025-01-19 16:49:08,751 - INFO - TNXP: 1h change of -18.05%
2025-01-19 16:49:08,808 - INFO - TNON: 1h change of -3.86%
2025-01-19 16:49:08,854 - INFO - TNXP: 1wk change of -33.33%
2025-01-19 16:49:08,909 - INFO - TNON: 1wk change of -18.36%
2025-01-19 16:49:08,951 - INFO - TNXP: 1mo change of 26.32%
2025-01-19 16:49:08,951 - INFO - Processing TNXP - 2024-12-23 16:59:06 UTC
2025-01-19 16:49:09,049 - INFO - TNON: 1mo change of -51.17%
2025-01-19 16:49:09,233 - INFO - Processing TOI - 2024-12-19 00:05:00 UTC
2025-01-19 16:49:09,337 - INFO - Retrieved article length: 488 characters
2025-01-19 16:49:09,443 - INFO - TNL: 1h change of -3.74%
2025-01-19 16:49:09,491 - INFO - Retrieved article length: 544 characters
2025-01-19 16:49:09,565 - INFO - TNL: 1wk change of -5.17%
2025-01-19 16:49:09,579 - INFO - TNYA: 1h change of -55.58%
2025-01-19 16:49:09,634 - INFO - Retrieved article length: 523 characters
2025-01-19 16:49:09,661 - INFO - TNYA: 1wk change of -57.41%
2025-01-19 16:49:09,694 - INFO - TNL: 1mo change of -1.97%
2025-01-19 16:49:09,732 - INFO - TNXP: 1h change of -16.71%
2025-01-19 16:49:09,744 - INFO - TNYA: 1mo change of -36.65%
2025-01-19 16:49:09,745 - INFO - Processing TNYA - 2024-12-17 20:34:54 UTC
2025-01-19 16:49:09,831 - INFO - TNXP: 1wk change of 37.50%
2025-01-19 16:49:09,870 - INFO - Processing TOL - 2025-01-17 19:30:06 UTC
2025-01-19 16:49:09,928 - INFO - TNXP: 1mo change of 84.62%
2025-01-19 16:49:09,928 - INFO - Processing TNXP - 2024-12-23 16:00:00 UTC
2025-01-19 16:49:09,962 - INFO - Retrieved article length: 7688 characters
2025-01-19 16:49:10,065 - INFO - TOI: 1h change of 11.87%
2025-01-19 16:49:10,177 - INFO - TOI: 1wk change of 40.27%
2025-01-19 16:49:10,276 - INFO - TOI: 1mo change of 134.04%
2025-01-19 16:49:10,276 - INFO - Processing TOI - 2024-11-16 15:30:52 UTC
2025-01-19 16:49:10,601 - INFO - Retrieved article length: 538 characters
2025-01-19 16:49:10,609 - INFO - TNYA: 1h change of -55.58%
2025-01-19 16:49:10,615 - INFO - TNYA: 1wk change of -57.41%
2025-01-19 16:49:10,631 - INFO - Retrieved article length: 8095 characters
2025-01-19 16:49:10,634 - INFO - Retrieved article length: 18202 characters
2025-01-19 16:49:10,644 - INFO - TNXP: 1h change of -16.71%
2025-01-19 16:49:10,650 - INFO - TNXP: 1wk change of 37.50%
2025-01-19 16:49:10,668 - INFO - TNYA: 1mo change of -36.65%
2025-01-19 16:49:10,669 - INFO - Processing TNYA - 2024-12-17 16:26:01 UTC
2025-01-19 16:49:10,717 - INFO - TNXP: 1mo change of 84.62%
2025-01-19 16:49:10,717 - INFO - Processing TNXP - 2024-12-17 16:49:20 UTC
2025-01-19 16:49:10,849 - INFO - TOL: 1wk change of 9.32%
2025-01-19 16:49:10,943 - INFO - Retrieved article length: 1658 characters
2025-01-19 16:49:10,961 - INFO - TOL: 1mo change of 1.16%
2025-01-19 16:49:10,962 - INFO - Processing TOL - 2025-01-17 01:45:20 UTC
2025-01-19 16:49:11,045 - INFO - TOI: 1h change of -28.00%
2025-01-19 16:49:11,151 - INFO - TOI: 1wk change of -48.47%
2025-01-19 16:49:11,247 - INFO - TOI: 1mo change of -33.54%
2025-01-19 16:49:11,248 - INFO - Processing TOI - 2024-11-14 00:05:00 UTC
2025-01-19 16:49:11,377 - INFO - Retrieved article length: 549 characters
2025-01-19 16:49:11,385 - INFO - TNYA: 1h change of -55.58%
2025-01-19 16:49:11,391 - INFO - TNYA: 1wk change of -57.41%
2025-01-19 16:49:11,446 - INFO - TNYA: 1mo change of -36.65%
2025-01-19 16:49:11,446 - INFO - Processing TNYA - 2024-12-17 15:00:00 UTC
2025-01-19 16:49:11,539 - INFO - Retrieved article length: 526 characters
2025-01-19 16:49:11,635 - INFO - TNXP: 1h change of 6.25%
2025-01-19 16:49:11,652 - INFO - Retrieved article length: 3600 characters
2025-01-19 16:49:11,730 - INFO - TOL: 1wk change of 9.32%
2025-01-19 16:49:11,731 - INFO - TNXP: 1wk change of 94.74%
2025-01-19 16:49:11,801 - INFO - TOL: 1mo change of 1.16%
2025-01-19 16:49:11,801 - INFO - Processing TOL - 2025-01-16 23:04:00 UTC
2025-01-19 16:49:11,826 - INFO - TNXP: 1mo change of 71.43%
2025-01-19 16:49:11,826 - INFO - Processing TNXP - 2024-12-17 16:00:00 UTC
2025-01-19 16:49:12,200 - INFO - Retrieved article length: 16146 characters
2025-01-19 16:49:12,208 - INFO - TNYA: 1h change of -55.58%
2025-01-19 16:49:12,214 - INFO - TNYA: 1wk change of -57.41%
2025-01-19 16:49:12,224 - INFO - Retrieved article length: 25632 characters
2025-01-19 16:49:12,270 - INFO - TNYA: 1mo change of -36.65%
2025-01-19 16:49:12,270 - INFO - Processing TNYA - 2024-12-17 00:30:00 UTC
2025-01-19 16:49:12,327 - INFO - TOI: 1h change of -34.88%
2025-01-19 16:49:12,421 - INFO - TOI: 1wk change of -45.00%
2025-01-19 16:49:12,497 - INFO - Retrieved article length: 4181 characters
2025-01-19 16:49:12,519 - INFO - TOI: 1mo change of -42.94%
2025-01-19 16:49:12,520 - INFO - Processing TOI - 2024-11-11 16:00:00 UTC
2025-01-19 16:49:12,544 - INFO - Retrieved article length: 18777 characters
2025-01-19 16:49:12,553 - INFO - TNXP: 1h change of 6.25%
2025-01-19 16:49:12,559 - INFO - TNXP: 1wk change of 94.74%
2025-01-19 16:49:12,601 - INFO - TOL: 1h change of 4.50%
2025-01-19 16:49:12,625 - INFO - TNXP: 1mo change of 71.43%
2025-01-19 16:49:12,625 - INFO - Processing TNXP - 2024-12-16 19:40:00 UTC
2025-01-19 16:49:12,709 - INFO - TOL: 1wk change of 7.38%
2025-01-19 16:49:12,813 - INFO - TOL: 1mo change of -2.21%
2025-01-19 16:49:12,814 - INFO - Processing TOL - 2025-01-16 22:50:00 UTC
2025-01-19 16:49:13,014 - INFO - Retrieved article length: 2594 characters
2025-01-19 16:49:13,022 - INFO - TNYA: 1h change of -55.58%
2025-01-19 16:49:13,028 - INFO - TNYA: 1wk change of -57.41%
2025-01-19 16:49:13,085 - INFO - TNYA: 1mo change of -36.65%
2025-01-19 16:49:13,085 - INFO - Processing TNYA - 2024-11-25 16:30:00 UTC
2025-01-19 16:49:13,480 - INFO - Retrieved article length: 2189 characters
2025-01-19 16:49:13,499 - INFO - Retrieved article length: 24227 characters
2025-01-19 16:49:13,560 - INFO - Retrieved article length: 4528 characters
2025-01-19 16:49:13,569 - INFO - TOL: 1h change of 4.50%
2025-01-19 16:49:13,579 - INFO - TOI: 1h change of 11.28%
2025-01-19 16:49:13,598 - INFO - TNXP: 1h change of -2.72%
2025-01-19 16:49:13,636 - INFO - TOL: 1wk change of 7.38%
2025-01-19 16:49:13,683 - INFO - TOI: 1wk change of -56.00%
2025-01-19 16:49:13,692 - INFO - TNXP: 1wk change of 116.67%
2025-01-19 16:49:13,702 - INFO - TOL: 1mo change of -2.21%
2025-01-19 16:49:13,703 - INFO - Processing TOL - 2025-01-15 21:48:00 UTC
2025-01-19 16:49:13,783 - INFO - TOI: 1mo change of -31.17%
2025-01-19 16:49:13,784 - INFO - Processing TOI - 2024-11-05 03:09:00 UTC
2025-01-19 16:49:13,793 - INFO - TNXP: 1mo change of 71.43%
2025-01-19 16:49:13,794 - INFO - Processing TNXP - 2024-12-09 15:30:00 UTC
2025-01-19 16:49:14,042 - INFO - Retrieved article length: 11409 characters
2025-01-19 16:49:14,132 - INFO - TNYA: 1h change of 25.48%
2025-01-19 16:49:14,223 - INFO - TNYA: 1wk change of 73.60%
2025-01-19 16:49:14,311 - INFO - TNYA: 1mo change of -21.87%
2025-01-19 16:49:14,312 - INFO - Processing TNYA - 2024-11-19 16:00:00 UTC
2025-01-19 16:49:14,550 - INFO - Retrieved article length: 5014 characters
2025-01-19 16:49:14,563 - INFO - Retrieved article length: 5472 characters
2025-01-19 16:49:14,646 - INFO - TOL: 1h change of 8.80%
2025-01-19 16:49:14,662 - INFO - TNXP: 1h change of -1.16%
2025-01-19 16:49:14,686 - INFO - Retrieved article length: 1963 characters
2025-01-19 16:49:14,761 - INFO - TNXP: 1wk change of 89.47%
2025-01-19 16:49:14,762 - INFO - TOL: 1wk change of 7.38%
2025-01-19 16:49:14,787 - INFO - TOI: 1h change of -8.68%
2025-01-19 16:49:14,865 - INFO - TNXP: 1mo change of 100.00%
2025-01-19 16:49:14,870 - INFO - TOL: 1mo change of -4.93%
2025-01-19 16:49:14,871 - INFO - Processing TOL - 2025-01-15 20:18:00 UTC
2025-01-19 16:49:14,887 - INFO - TOI: 1wk change of -27.69%
2025-01-19 16:49:14,986 - INFO - TOI: 1mo change of -29.60%
2025-01-19 16:49:14,986 - INFO - Processing TOI - 2024-10-23 15:00:00 UTC
2025-01-19 16:49:15,020 - INFO - Processing TOMZ - 2025-01-15 16:30:00 UTC
2025-01-19 16:49:15,398 - INFO - Retrieved article length: 2681 characters
2025-01-19 16:49:15,486 - INFO - TNYA: 1h change of 6.49%
2025-01-19 16:49:15,570 - INFO - TNYA: 1wk change of 28.02%
2025-01-19 16:49:15,657 - INFO - TNYA: 1mo change of -5.92%
2025-01-19 16:49:15,755 - INFO - Retrieved article length: 5243 characters
2025-01-19 16:49:15,763 - INFO - TOL: 1h change of 8.80%
2025-01-19 16:49:15,786 - INFO - Retrieved article length: 5773 characters
2025-01-19 16:49:15,795 - INFO - Retrieved article length: 3049 characters
2025-01-19 16:49:15,830 - INFO - TOL: 1wk change of 7.38%
2025-01-19 16:49:17,352 - ERROR - TOI: No price data found, symbol may be delisted (1h 2024-10-21 -> 2024-10-25)
2025-01-19 16:49:17,362 - ERROR - TOL: No price data found, symbol may be delisted (1d 2024-12-11 -> 2025-02-19)
2025-01-19 16:49:17,363 - INFO - Processing TOL - 2025-01-15 02:28:43 UTC
2025-01-19 16:49:17,423 - ERROR - TOMZ: No price data found, symbol may be delisted (1h 2025-01-13 -> 2025-01-17)
2025-01-19 16:49:18,113 - INFO - Retrieved article length: 3133 characters
2025-01-19 16:49:18,121 - INFO - TOL: 1h change of 8.80%
2025-01-19 16:49:18,591 - ERROR - TOMZ: No price data found, symbol may be delisted (1d 2025-01-05 -> 2025-01-25)
2025-01-19 16:49:18,641 - ERROR - TOI: No price data found, symbol may be delisted (1d 2024-10-13 -> 2024-11-02)
2025-01-19 16:49:19,149 - ERROR - TOL: No price data found, symbol may be delisted (1d 2025-01-05 -> 2025-01-25)
2025-01-19 16:49:19,825 - ERROR - TOMZ: No price data found, symbol may be delisted (1d 2024-12-11 -> 2025-02-19)
2025-01-19 16:49:19,827 - INFO - Processing TOMZ - 2025-01-10 16:30:00 UTC
2025-01-19 16:49:20,020 - ERROR - TOI: No price data found, symbol may be delisted (1d 2024-09-18 -> 2024-11-27)
2025-01-19 16:49:20,182 - ERROR - TOL: No price data found, symbol may be delisted (1d 2024-12-11 -> 2025-02-19)
2025-01-19 16:49:20,183 - INFO - Processing TOL - 2025-01-15 00:25:00 UTC
2025-01-19 16:49:20,599 - INFO - Retrieved article length: 6634 characters
2025-01-19 16:49:20,884 - INFO - Retrieved article length: 4265 characters
2025-01-19 16:49:20,892 - INFO - TOL: 1h change of 8.80%
2025-01-19 16:49:21,814 - ERROR - TOMZ: No price data found, symbol may be delisted (1h 2025-01-08 -> 2025-01-12)
2025-01-19 16:49:22,415 - ERROR - TOL: No price data found, symbol may be delisted (1d 2025-01-05 -> 2025-01-25)
2025-01-19 16:49:22,921 - ERROR - TOMZ: No price data found, symbol may be delisted (1d 2024-12-31 -> 2025-01-20)
2025-01-19 16:49:23,496 - ERROR - TOL: No price data found, symbol may be delisted (1d 2024-12-11 -> 2025-02-19)
2025-01-19 16:49:23,953 - ERROR - TOMZ: No price data found, symbol may be delisted (1d 2024-12-06 -> 2025-02-14)
2025-01-19 16:49:23,955 - INFO - Processing TOMZ - 2024-12-26 17:15:00 UTC
2025-01-19 16:49:24,797 - INFO - Retrieved article length: 4574 characters
2025-01-19 16:49:26,121 - ERROR - TOMZ: No price data found, symbol may be delisted (1h 2024-12-24 -> 2024-12-28)
2025-01-19 16:49:27,246 - ERROR - TOMZ: No price data found, symbol may be delisted (1d 2024-12-16 -> 2025-01-05)
2025-01-19 16:49:28,625 - ERROR - TOMZ: No price data found, symbol may be delisted (1d 2024-11-21 -> 2025-01-30)
2025-01-19 16:49:28,626 - INFO - Processing TOMZ - 2024-12-19 16:30:00 UTC
2025-01-19 16:49:29,503 - INFO - Retrieved article length: 5197 characters
2025-01-19 16:49:30,676 - ERROR - TOMZ: No price data found, symbol may be delisted (1h 2024-12-17 -> 2024-12-21)
2025-01-19 16:49:31,708 - ERROR - TOMZ: No price data found, symbol may be delisted (1d 2024-12-09 -> 2024-12-29)
2025-01-19 16:49:33,000 - ERROR - TOMZ: No price data found, symbol may be delisted (1d 2024-11-14 -> 2025-01-23)
2025-01-19 16:49:33,003 - INFO - Processing TOMZ - 2024-12-19 16:08:15 UTC
2025-01-19 16:49:33,723 - INFO - Retrieved article length: 7201 characters
2025-01-19 16:49:33,728 - ERROR - TOMZ: No price data found, symbol may be delisted (1h 2024-12-17 -> 2024-12-21)
2025-01-19 16:49:33,729 - ERROR - TOMZ: No price data found, symbol may be delisted (1d 2024-12-09 -> 2024-12-29)
2025-01-19 16:49:34,917 - ERROR - TOMZ: No price data found, symbol may be delisted (1d 2024-11-14 -> 2025-01-23)
2025-01-19 16:49:34,917 - INFO - Processing TOMZ - 2024-12-17 16:30:00 UTC
2025-01-19 16:49:35,742 - INFO - Retrieved article length: 6045 characters
2025-01-19 16:49:36,865 - ERROR - TOMZ: No price data found, symbol may be delisted (1h 2024-12-15 -> 2024-12-19)
2025-01-19 16:49:38,014 - ERROR - TOMZ: No price data found, symbol may be delisted (1d 2024-12-07 -> 2024-12-27)
2025-01-19 16:49:39,079 - ERROR - TOMZ: No price data found, symbol may be delisted (1d 2024-11-12 -> 2025-01-21)
2025-01-19 16:49:39,080 - INFO - Processing TOMZ - 2024-11-26 16:30:00 UTC
2025-01-19 16:49:39,854 - INFO - Retrieved article length: 5741 characters
2025-01-19 16:49:41,237 - ERROR - TOMZ: No price data found, symbol may be delisted (1h 2024-11-24 -> 2024-11-28)
2025-01-19 16:49:42,288 - ERROR - TOMZ: No price data found, symbol may be delisted (1d 2024-11-16 -> 2024-12-06)
2025-01-19 16:49:43,669 - ERROR - TOMZ: No price data found, symbol may be delisted (1d 2024-10-22 -> 2024-12-31)
2025-01-19 16:49:43,670 - INFO - Processing TOMZ - 2024-11-01 15:53:03 UTC
2025-01-19 16:49:44,460 - INFO - Retrieved article length: 2032 characters
2025-01-19 16:49:45,558 - ERROR - TOMZ: No price data found, symbol may be delisted (1h 2024-10-30 -> 2024-11-03)
2025-01-19 16:49:46,902 - ERROR - TOMZ: No price data found, symbol may be delisted (1d 2024-10-22 -> 2024-11-11)
2025-01-19 16:49:47,937 - ERROR - TOMZ: No price data found, symbol may be delisted (1d 2024-09-27 -> 2024-12-06)
