2025-01-19 11:44:15,235 - INFO - Starting new training session. Logging to: logs/training_20250119_114415.log
2025-01-19 11:44:15,235 - INFO - Starting new training session. Logging to: logs/training_20250119_114415.log
2025-01-19 11:44:17,962 - ERROR - Error getting news for A: Expecting value: line 1 column 1 (char 0)
2025-01-19 11:44:18,191 - ERROR - Error getting news for AA: Expecting value: line 1 column 1 (char 0)
2025-01-19 11:44:24,337 - INFO - Processing AADI - 2024-12-23 03:09:51 UTC
2025-01-19 11:44:25,475 - INFO - Retrieved article length: 6984 characters
2025-01-19 11:44:25,599 - INFO - AADI: 1h change of -5.59%
2025-01-19 11:44:25,687 - INFO - AADI: 1wk change of 30.91%
2025-01-19 11:44:25,779 - INFO - AADI: 1mo change of 38.60%
2025-01-19 11:44:25,955 - INFO - Processing AAL - 2025-01-18 02:15:21 UTC
2025-01-19 11:44:26,290 - INFO - Processing AADI - 2024-12-21 14:31:33 UTC
2025-01-19 11:44:27,035 - INFO - Retrieved article length: 3468 characters
2025-01-19 11:44:27,175 - INFO - AAL: 1h change of 2.38%
2025-01-19 11:44:27,257 - INFO - AAL: 1wk change of 3.81%
2025-01-19 11:44:27,348 - INFO - AAL: 1mo change of 10.59%
2025-01-19 11:44:27,377 - INFO - Retrieved article length: 1829 characters
2025-01-19 11:44:27,457 - INFO - AADI: 1h change of 49.57%
2025-01-19 11:44:27,548 - INFO - AADI: 1wk change of 22.31%
2025-01-19 11:44:27,644 - INFO - AADI: 1mo change of 38.60%
2025-01-19 11:44:27,851 - INFO - Processing AAL - 2025-01-18 00:31:00 UTC
2025-01-19 11:44:28,146 - INFO - Processing AADI - 2024-12-20 02:30:00 UTC
2025-01-19 11:44:29,003 - INFO - Retrieved article length: 1107 characters
2025-01-19 11:44:29,068 - INFO - AAL: 1h change of 2.38%
2025-01-19 11:44:29,118 - INFO - AAL: 1wk change of 3.81%
2025-01-19 11:44:29,167 - INFO - AAL: 1mo change of 10.59%
2025-01-19 11:44:29,318 - INFO - Retrieved article length: 19657 characters
2025-01-19 11:44:29,391 - INFO - AADI: 1h change of 46.11%
2025-01-19 11:44:29,488 - INFO - AADI: 1wk change of 34.31%
2025-01-19 11:44:29,584 - INFO - AADI: 1mo change of 41.23%
2025-01-19 11:44:29,668 - INFO - Processing AAL - 2025-01-17 20:29:00 UTC
2025-01-19 11:44:30,085 - INFO - Processing AADI - 2024-11-12 23:07:28 UTC
2025-01-19 11:44:30,940 - INFO - Retrieved article length: 175 characters
2025-01-19 11:44:31,132 - INFO - AAL: 1wk change of 3.28%
2025-01-19 11:44:31,203 - INFO - Retrieved article length: 6942 characters
2025-01-19 11:44:31,218 - INFO - AAL: 1mo change of 7.98%
2025-01-19 11:44:31,294 - INFO - AADI: 1h change of 4.07%
2025-01-19 11:44:31,375 - INFO - AADI: 1wk change of 16.33%
2025-01-19 11:44:31,477 - INFO - AADI: 1mo change of 22.05%
2025-01-19 11:44:31,719 - INFO - Processing AAL - 2025-01-17 18:12:00 UTC
2025-01-19 11:44:31,987 - INFO - Processing AADI - 2024-11-06 16:00:00 UTC
2025-01-19 11:44:32,838 - INFO - Retrieved article length: 4978 characters
2025-01-19 11:44:32,899 - INFO - AAL: 1wk change of 3.28%
2025-01-19 11:44:32,948 - INFO - AAL: 1mo change of 7.98%
2025-01-19 11:44:33,107 - INFO - Retrieved article length: 8425 characters
2025-01-19 11:44:33,201 - INFO - AADI: 1h change of 8.12%
2025-01-19 11:44:33,307 - INFO - AADI: 1wk change of 3.94%
2025-01-19 11:44:33,390 - INFO - AADI: 1mo change of 21.94%
2025-01-19 11:44:33,456 - INFO - Processing AAL - 2025-01-17 17:15:30 UTC
2025-01-19 11:44:33,892 - INFO - Processing AADI - 2024-10-30 23:05:00 UTC
2025-01-19 11:44:34,522 - INFO - Retrieved article length: 4363 characters
2025-01-19 11:44:34,589 - INFO - AAL: 1wk change of 3.28%
2025-01-19 11:44:34,627 - INFO - AAL: 1mo change of 7.98%
2025-01-19 11:44:34,983 - INFO - Retrieved article length: 1199 characters
2025-01-19 11:44:35,071 - INFO - AADI: 1h change of -1.93%
2025-01-19 11:44:35,140 - INFO - Processing AAL - 2025-01-17 15:11:28 UTC
2025-01-19 11:44:35,161 - INFO - AADI: 1wk change of 1.19%
2025-01-19 11:44:35,251 - INFO - AADI: 1mo change of 30.53%
2025-01-19 11:44:36,275 - INFO - Retrieved article length: 514 characters
2025-01-19 11:44:36,336 - INFO - AAL: 1wk change of 3.28%
2025-01-19 11:44:36,385 - INFO - AAL: 1mo change of 7.98%
2025-01-19 11:44:36,892 - INFO - Processing AAL - 2025-01-16 18:00:25 UTC
2025-01-19 11:44:36,970 - INFO - Processing AAOI - 2025-01-15 21:16:35 UTC
2025-01-19 11:44:37,990 - INFO - Retrieved article length: 6458 characters
2025-01-19 11:44:38,068 - INFO - Retrieved article length: 4148 characters
2025-01-19 11:44:38,089 - INFO - AAL: 1h change of 1.36%
2025-01-19 11:44:38,153 - INFO - AAOI: 1h change of 7.00%
2025-01-19 11:44:38,174 - INFO - AAL: 1wk change of 4.28%
2025-01-19 11:44:38,245 - INFO - AAOI: 1wk change of -8.55%
2025-01-19 11:44:38,271 - INFO - AAL: 1mo change of 5.97%
2025-01-19 11:44:38,337 - INFO - AAOI: 1mo change of -7.85%
2025-01-19 11:44:38,772 - INFO - Processing AAL - 2025-01-15 17:12:00 UTC
2025-01-19 11:44:38,841 - INFO - Processing AAOI - 2025-01-14 18:25:00 UTC
2025-01-19 11:44:39,976 - INFO - Retrieved article length: 5903 characters
2025-01-19 11:44:39,992 - INFO - Retrieved article length: 4815 characters
2025-01-19 11:44:40,079 - INFO - AAL: 1h change of 4.16%
2025-01-19 11:44:40,079 - INFO - AAOI: 1h change of 8.00%
2025-01-19 11:44:40,170 - INFO - AAOI: 1wk change of -8.55%
2025-01-19 11:44:40,170 - INFO - AAL: 1wk change of 4.28%
2025-01-19 11:44:40,262 - INFO - AAL: 1mo change of 3.92%
2025-01-19 11:44:40,262 - INFO - AAOI: 1mo change of -6.23%
2025-01-19 11:44:40,764 - INFO - Processing AAOI - 2025-01-02 20:00:10 UTC
2025-01-19 11:44:41,878 - INFO - Processing AAP - 2025-01-18 17:08:08 UTC
2025-01-19 11:44:41,878 - INFO - Retrieved article length: 4649 characters
2025-01-19 11:44:41,966 - INFO - AAOI: 1h change of 2.08%
2025-01-19 11:44:42,093 - INFO - AAOI: 1wk change of -13.94%
2025-01-19 11:44:42,177 - INFO - AAOI: 1mo change of -24.72%
2025-01-19 11:44:42,686 - INFO - Processing AAOI - 2024-12-25 01:49:07 UTC
2025-01-19 11:44:42,940 - INFO - Retrieved article length: 4196 characters
2025-01-19 11:44:43,035 - INFO - AAP: 1h change of 4.47%
2025-01-19 11:44:43,157 - INFO - AAP: 1wk change of 1.39%
2025-01-19 11:44:43,310 - INFO - AAP: 1mo change of 4.96%
2025-01-19 11:44:43,798 - INFO - Retrieved article length: 2127 characters
2025-01-19 11:44:43,813 - INFO - Processing AAP - 2025-01-14 18:17:25 UTC
2025-01-19 11:44:43,934 - INFO - AAOI: 1h change of 10.26%
2025-01-19 11:44:44,035 - INFO - AAOI: 1wk change of 8.01%
2025-01-19 11:44:44,110 - INFO - AAOI: 1mo change of -8.92%
2025-01-19 11:44:44,626 - INFO - Processing AAOI - 2024-12-24 01:55:15 UTC
2025-01-19 11:44:44,999 - INFO - Retrieved article length: 2092 characters
2025-01-19 11:44:45,080 - INFO - AAP: 1h change of -2.20%
2025-01-19 11:44:45,199 - INFO - AAP: 1wk change of -3.38%
2025-01-19 11:44:45,312 - INFO - AAP: 1mo change of -1.91%
2025-01-19 11:44:45,743 - INFO - Retrieved article length: 515 characters
2025-01-19 11:44:45,818 - INFO - Processing AAP - 2025-01-13 16:00:00 UTC
2025-01-19 11:44:45,839 - INFO - AAOI: 1h change of 7.76%
2025-01-19 11:44:45,927 - INFO - AAOI: 1wk change of 1.45%
2025-01-19 11:44:46,015 - INFO - AAOI: 1mo change of 8.69%
2025-01-19 11:44:46,523 - INFO - Processing AAOI - 2024-12-24 01:25:00 UTC
2025-01-19 11:44:46,965 - INFO - Retrieved article length: 5326 characters
2025-01-19 11:44:47,055 - INFO - AAP: 1h change of -1.43%
2025-01-19 11:44:47,253 - INFO - AAP: 1mo change of -2.69%
2025-01-19 11:44:47,540 - INFO - Retrieved article length: 11792 characters
2025-01-19 11:44:47,560 - INFO - AAOI: 1h change of 7.76%
2025-01-19 11:44:47,565 - INFO - AAOI: 1wk change of 1.45%
2025-01-19 11:44:47,615 - INFO - AAOI: 1mo change of 8.69%
2025-01-19 11:44:47,767 - INFO - Processing AAP - 2025-01-10 12:03:18 UTC
2025-01-19 11:44:48,116 - INFO - Processing AAOI - 2024-12-19 21:04:05 UTC
2025-01-19 11:44:48,851 - INFO - Retrieved article length: 6311 characters
2025-01-19 11:44:48,948 - INFO - AAP: 1h change of 2.17%
2025-01-19 11:44:49,071 - INFO - AAP: 1wk change of -2.38%
2025-01-19 11:44:49,170 - INFO - AAP: 1mo change of 2.65%
2025-01-19 11:44:49,300 - INFO - Retrieved article length: 7056 characters
2025-01-19 11:44:49,394 - INFO - AAOI: 1h change of 17.40%
2025-01-19 11:44:49,491 - INFO - AAOI: 1wk change of 4.37%
2025-01-19 11:44:49,588 - INFO - AAOI: 1mo change of 10.23%
2025-01-19 11:44:49,686 - INFO - Processing AAP - 2025-01-04 15:31:27 UTC
2025-01-19 11:44:50,089 - INFO - Processing AAOI - 2024-12-19 18:59:16 UTC
2025-01-19 11:44:50,763 - INFO - Retrieved article length: 4912 characters
2025-01-19 11:44:50,868 - INFO - AAP: 1h change of -3.09%
2025-01-19 11:44:50,991 - INFO - AAP: 1wk change of 1.94%
2025-01-19 11:44:51,101 - INFO - AAP: 1mo change of 8.36%
2025-01-19 11:44:51,146 - INFO - Retrieved article length: 540 characters
2025-01-19 11:44:51,146 - INFO - AAOI: 1h change of 17.40%
2025-01-19 11:44:51,166 - INFO - AAOI: 1wk change of 4.37%
2025-01-19 11:44:51,214 - INFO - AAOI: 1mo change of 10.23%
2025-01-19 11:44:51,607 - INFO - Processing AAP - 2024-12-21 17:01:29 UTC
2025-01-19 11:44:52,736 - INFO - Retrieved article length: 3346 characters
2025-01-19 11:44:52,833 - INFO - AAP: 1h change of 4.89%
2025-01-19 11:44:52,837 - INFO - Processing AAPL - 2025-01-19 09:39:41 UTC
2025-01-19 11:44:52,942 - INFO - AAP: 1wk change of 1.12%
2025-01-19 11:44:53,059 - INFO - AAP: 1mo change of 15.15%
2025-01-19 11:44:53,565 - INFO - Processing AAP - 2024-12-20 18:01:09 UTC
2025-01-19 11:44:54,092 - INFO - Retrieved article length: 4898 characters
2025-01-19 11:44:54,344 - INFO - AAPL: 1wk change of -2.90%
2025-01-19 11:44:54,481 - INFO - AAPL: 1mo change of -8.39%
2025-01-19 11:44:54,732 - INFO - Retrieved article length: 4122 characters
2025-01-19 11:44:54,822 - INFO - AAP: 1h change of -2.47%
2025-01-19 11:44:54,939 - INFO - AAP: 1wk change of -6.37%
2025-01-19 11:44:54,983 - INFO - Processing AAPL - 2025-01-19 08:06:02 UTC
2025-01-19 11:44:55,045 - INFO - AAP: 1mo change of 22.48%
2025-01-19 11:44:55,550 - INFO - Processing AAP - 2024-12-20 17:00:00 UTC
2025-01-19 11:44:56,133 - INFO - Retrieved article length: 4790 characters
2025-01-19 11:44:56,242 - INFO - AAPL: 1wk change of -2.90%
2025-01-19 11:44:56,290 - INFO - AAPL: 1mo change of -8.39%
2025-01-19 11:44:56,627 - INFO - Retrieved article length: 5476 characters
2025-01-19 11:44:56,628 - INFO - AAP: 1h change of -2.47%
2025-01-19 11:44:56,641 - INFO - AAP: 1wk change of -6.37%
2025-01-19 11:44:56,689 - INFO - AAP: 1mo change of 22.48%
2025-01-19 11:44:56,791 - INFO - Processing AAPL - 2025-01-19 08:02:00 UTC
2025-01-19 11:44:57,939 - INFO - Retrieved article length: 682 characters
2025-01-19 11:44:58,049 - INFO - AAPL: 1wk change of -2.90%
2025-01-19 11:44:58,099 - INFO - AAPL: 1mo change of -8.39%
2025-01-19 11:44:58,600 - INFO - Processing AAPL - 2025-01-19 07:48:00 UTC
2025-01-19 11:45:00,179 - INFO - Retrieved article length: 143 characters
2025-01-19 11:45:00,279 - INFO - AAPL: 1wk change of -2.90%
2025-01-19 11:45:00,326 - INFO - AAPL: 1mo change of -8.39%
2025-01-19 11:45:00,604 - INFO - Processing ABAT - 2024-12-28 16:57:53 UTC
2025-01-19 11:45:00,829 - INFO - Processing AAPL - 2025-01-19 06:14:12 UTC
2025-01-19 11:45:01,713 - INFO - Retrieved article length: 1828 characters
2025-01-19 11:45:01,799 - INFO - ABAT: 1h change of 18.95%
2025-01-19 11:45:01,891 - INFO - ABAT: 1wk change of 200.00%
2025-01-19 11:45:01,974 - INFO - ABAT: 1mo change of 111.64%
2025-01-19 11:45:02,040 - INFO - Retrieved article length: 196 characters
2025-01-19 11:45:02,156 - INFO - AAPL: 1wk change of -2.90%
2025-01-19 11:45:02,204 - INFO - AAPL: 1mo change of -8.39%
2025-01-19 11:45:02,480 - INFO - Processing ABAT - 2024-12-26 23:40:42 UTC
2025-01-19 11:45:02,710 - INFO - Processing AAPL - 2025-01-19 02:52:27 UTC
2025-01-19 11:45:03,564 - INFO - Retrieved article length: 537 characters
2025-01-19 11:45:03,661 - INFO - ABAT: 1h change of 40.74%
2025-01-19 11:45:03,751 - INFO - ABAT: 1wk change of 188.21%
2025-01-19 11:45:03,813 - INFO - Retrieved article length: 8604 characters
2025-01-19 11:45:03,834 - INFO - ABAT: 1mo change of 163.16%
2025-01-19 11:45:03,899 - INFO - AAPL: 1wk change of -2.90%
2025-01-19 11:45:03,962 - INFO - AAPL: 1mo change of -8.39%
2025-01-19 11:45:04,336 - INFO - Processing ABAT - 2024-12-26 23:26:00 UTC
2025-01-19 11:45:04,464 - INFO - Processing AAPL - 2025-01-19 02:02:00 UTC
2025-01-19 11:45:05,389 - INFO - Retrieved article length: 4835 characters
2025-01-19 11:45:05,398 - INFO - ABAT: 1h change of 40.74%
2025-01-19 11:45:05,405 - INFO - ABAT: 1wk change of 188.21%
2025-01-19 11:45:05,453 - INFO - ABAT: 1mo change of 163.16%
2025-01-19 11:45:05,629 - INFO - Retrieved article length: 10928 characters
2025-01-19 11:45:05,848 - INFO - AAPL: 1wk change of -2.90%
2025-01-19 11:45:05,954 - INFO - Processing ABAT - 2024-12-20 19:31:05 UTC
2025-01-19 11:45:05,987 - INFO - AAPL: 1mo change of -8.39%
2025-01-19 11:45:06,488 - INFO - Processing AAPL - 2025-01-19 00:24:00 UTC
2025-01-19 11:45:07,087 - INFO - Retrieved article length: 530 characters
2025-01-19 11:45:07,188 - INFO - ABAT: 1h change of 18.75%
2025-01-19 11:45:07,272 - INFO - ABAT: 1wk change of 261.29%
2025-01-19 11:45:07,357 - INFO - ABAT: 1mo change of 135.29%
2025-01-19 11:45:07,678 - INFO - Retrieved article length: 468 characters
2025-01-19 11:45:07,792 - INFO - AAPL: 1wk change of -2.90%
2025-01-19 11:45:07,840 - INFO - AAPL: 1mo change of -8.39%
2025-01-19 11:45:07,859 - INFO - Processing ABAT - 2024-12-20 16:30:00 UTC
2025-01-19 11:45:08,939 - INFO - Retrieved article length: 4823 characters
2025-01-19 11:45:08,947 - INFO - ABAT: 1h change of 18.75%
2025-01-19 11:45:08,952 - INFO - ABAT: 1wk change of 261.29%
2025-01-19 11:45:09,000 - INFO - ABAT: 1mo change of 135.29%
2025-01-19 11:45:09,461 - INFO - Processing ABBV - 2025-01-19 01:01:19 UTC
2025-01-19 11:45:09,503 - INFO - Processing ABAT - 2024-12-18 17:11:22 UTC
2025-01-19 11:45:10,604 - INFO - Retrieved article length: 5850 characters
2025-01-19 11:45:10,676 - INFO - Retrieved article length: 539 characters
2025-01-19 11:45:10,763 - INFO - ABAT: 1h change of 24.26%
2025-01-19 11:45:10,806 - INFO - ABBV: 1wk change of -1.14%
2025-01-19 11:45:10,849 - INFO - ABAT: 1wk change of 270.04%
2025-01-19 11:45:10,928 - INFO - ABAT: 1mo change of 103.25%
2025-01-19 11:45:11,420 - INFO - Processing ABBV - 2025-01-18 19:21:57 UTC
2025-01-19 11:45:11,437 - INFO - Processing ABAT - 2024-12-18 16:32:00 UTC
2025-01-19 11:45:12,658 - INFO - Retrieved article length: 7170 characters
2025-01-19 11:45:12,667 - INFO - ABAT: 1h change of 24.26%
2025-01-19 11:45:12,676 - INFO - ABAT: 1wk change of 270.04%
2025-01-19 11:45:12,734 - INFO - ABAT: 1mo change of 103.25%
2025-01-19 11:45:12,752 - INFO - Retrieved article length: 5741 characters
2025-01-19 11:45:12,944 - INFO - ABBV: 1wk change of -2.98%
2025-01-19 11:45:13,236 - INFO - Processing ABAT - 2024-12-16 19:51:00 UTC
2025-01-19 11:45:13,591 - INFO - Processing ABBV - 2025-01-18 16:20:48 UTC
2025-01-19 11:45:14,345 - INFO - Retrieved article length: 8942 characters
2025-01-19 11:45:14,484 - INFO - ABAT: 1h change of -4.01%
2025-01-19 11:45:14,592 - INFO - ABAT: 1wk change of 192.79%
2025-01-19 11:45:14,680 - INFO - ABAT: 1mo change of 109.64%
2025-01-19 11:45:14,777 - INFO - Retrieved article length: 2169 characters
2025-01-19 11:45:14,905 - INFO - ABBV: 1wk change of -2.98%
2025-01-19 11:45:15,470 - INFO - Processing ABBV - 2025-01-17 23:00:00 UTC
2025-01-19 11:45:16,300 - INFO - Processing ABEO - 2024-12-31 15:30:00 UTC
2025-01-19 11:45:16,620 - INFO - Retrieved article length: 8345 characters
2025-01-19 11:45:16,832 - INFO - ABBV: 1wk change of -3.54%
2025-01-19 11:45:17,402 - INFO - Retrieved article length: 4176 characters
2025-01-19 11:45:17,435 - INFO - Processing ABBV - 2025-01-17 20:15:20 UTC
2025-01-19 11:45:17,687 - INFO - ABEO: 1wk change of 4.75%
2025-01-19 11:45:17,773 - INFO - ABEO: 1mo change of -13.43%
2025-01-19 11:45:18,274 - INFO - Processing ABEO - 2024-12-28 16:38:01 UTC
2025-01-19 11:45:18,531 - INFO - Retrieved article length: 3638 characters
2025-01-19 11:45:18,604 - INFO - ABBV: 1wk change of -3.54%
2025-01-19 11:45:19,154 - INFO - Processing ABBV - 2025-01-17 17:46:24 UTC
2025-01-19 11:45:19,375 - INFO - Retrieved article length: 5786 characters
2025-01-19 11:45:19,575 - INFO - ABEO: 1wk change of 6.57%
2025-01-19 11:45:19,666 - INFO - ABEO: 1mo change of -12.12%
2025-01-19 11:45:20,167 - INFO - Processing ABEO - 2024-11-27 15:00:00 UTC
2025-01-19 11:45:20,237 - INFO - Retrieved article length: 3942 characters
2025-01-19 11:45:20,305 - INFO - ABBV: 1wk change of -3.54%
2025-01-19 11:45:20,854 - INFO - Processing ABBV - 2025-01-17 17:34:28 UTC
2025-01-19 11:45:21,521 - INFO - Retrieved article length: 5144 characters
2025-01-19 11:45:21,598 - INFO - ABEO: 1h change of 5.61%
2025-01-19 11:45:21,694 - INFO - ABEO: 1wk change of 2.90%
2025-01-19 11:45:21,846 - INFO - ABEO: 1mo change of -10.88%
2025-01-19 11:45:21,964 - INFO - Retrieved article length: 519 characters
2025-01-19 11:45:22,033 - INFO - ABBV: 1wk change of -3.54%
2025-01-19 11:45:22,347 - INFO - Processing ABEO - 2024-11-19 14:10:00 UTC
2025-01-19 11:45:22,584 - INFO - Processing ABBV - 2025-01-17 14:38:35 UTC
2025-01-19 11:45:23,441 - INFO - Retrieved article length: 7460 characters
2025-01-19 11:45:23,538 - INFO - ABEO: 1h change of -1.11%
2025-01-19 11:45:23,640 - INFO - Retrieved article length: 525 characters
2025-01-19 11:45:23,712 - INFO - ABBV: 1wk change of -3.54%
2025-01-19 11:45:23,712 - INFO - ABEO: 1mo change of -13.00%
2025-01-19 11:45:24,218 - INFO - Processing ABEO - 2024-11-15 10:06:56 UTC
2025-01-19 11:45:25,294 - INFO - Retrieved article length: 4937 characters
2025-01-19 11:45:25,386 - INFO - ABEO: 1h change of -4.40%
2025-01-19 11:45:25,386 - INFO - Processing ABL - 2024-12-10 16:30:00 UTC
2025-01-19 11:45:25,477 - INFO - ABEO: 1wk change of -3.70%
2025-01-19 11:45:25,558 - INFO - ABEO: 1mo change of -12.17%
2025-01-19 11:45:26,069 - INFO - Processing ABEO - 2024-11-14 15:42:38 UTC
2025-01-19 11:45:26,500 - INFO - Retrieved article length: 5419 characters
2025-01-19 11:45:26,602 - INFO - ABL: 1h change of -1.92%
2025-01-19 11:45:26,689 - INFO - ABL: 1wk change of -5.18%
2025-01-19 11:45:26,769 - INFO - ABL: 1mo change of -16.94%
2025-01-19 11:45:27,135 - INFO - Retrieved article length: 974 characters
2025-01-19 11:45:27,233 - INFO - ABEO: 1h change of -7.42%
2025-01-19 11:45:27,280 - INFO - Processing ABL - 2024-12-03 00:01:00 UTC
2025-01-19 11:45:27,405 - INFO - ABEO: 1mo change of -14.44%
2025-01-19 11:45:27,906 - INFO - Processing ABEO - 2024-11-14 15:30:00 UTC
2025-01-19 11:45:28,431 - INFO - Retrieved article length: 3486 characters
2025-01-19 11:45:28,515 - INFO - ABL: 1h change of -1.37%
2025-01-19 11:45:28,623 - INFO - ABL: 1wk change of 2.87%
2025-01-19 11:45:28,708 - INFO - ABL: 1mo change of -10.54%
2025-01-19 11:45:29,108 - INFO - Retrieved article length: 12601 characters
2025-01-19 11:45:29,118 - INFO - ABEO: 1h change of -7.42%
2025-01-19 11:45:29,128 - INFO - ABEO: 1mo change of -14.44%
2025-01-19 11:45:29,212 - INFO - Processing ABL - 2024-12-02 18:38:00 UTC
2025-01-19 11:45:29,631 - INFO - Processing ABEO - 2024-11-12 15:30:00 UTC
2025-01-19 11:45:30,300 - INFO - Retrieved article length: 4587 characters
2025-01-19 11:45:30,391 - INFO - ABL: 1h change of -1.06%
2025-01-19 11:45:30,484 - INFO - ABL: 1wk change of 4.90%
2025-01-19 11:45:30,569 - INFO - ABL: 1mo change of -12.22%
2025-01-19 11:45:30,963 - INFO - Retrieved article length: 5968 characters
2025-01-19 11:45:31,053 - INFO - ABEO: 1h change of -4.01%
2025-01-19 11:45:31,071 - INFO - Processing ABL - 2024-11-27 16:00:00 UTC
2025-01-19 11:45:31,141 - INFO - ABEO: 1wk change of -4.14%
2025-01-19 11:45:31,221 - INFO - ABEO: 1mo change of -9.80%
2025-01-19 11:45:32,201 - INFO - Retrieved article length: 5090 characters
2025-01-19 11:45:32,286 - INFO - ABL: 1h change of 3.99%
2025-01-19 11:45:32,377 - INFO - ABL: 1wk change of -5.93%
2025-01-19 11:45:32,461 - INFO - ABL: 1mo change of -10.92%
2025-01-19 11:45:32,842 - INFO - Processing ABLV - 2024-11-09 00:05:00 UTC
2025-01-19 11:45:32,965 - INFO - Processing ABL - 2024-11-27 15:00:00 UTC
2025-01-19 11:45:33,891 - INFO - Retrieved article length: 3981 characters
2025-01-19 11:45:33,981 - INFO - ABLV: 1h change of -5.21%
2025-01-19 11:45:34,037 - INFO - Retrieved article length: 5144 characters
2025-01-19 11:45:34,042 - INFO - ABL: 1h change of 3.99%
2025-01-19 11:45:34,051 - INFO - ABL: 1wk change of -5.93%
2025-01-19 11:45:34,055 - INFO - ABL: 1mo change of -10.92%
2025-01-19 11:45:34,110 - INFO - ABLV: 1wk change of -3.33%
2025-01-19 11:45:34,255 - INFO - ABLV: 1mo change of -39.46%
2025-01-19 11:45:34,559 - INFO - Processing ABL - 2024-11-26 17:48:00 UTC
2025-01-19 11:45:34,765 - INFO - Processing ABLV - 2024-11-02 00:15:00 UTC
2025-01-19 11:45:35,617 - INFO - Retrieved article length: 7529 characters
2025-01-19 11:45:35,717 - INFO - ABL: 1h change of 3.99%
2025-01-19 11:45:35,814 - INFO - ABL: 1wk change of -5.93%
2025-01-19 11:45:35,843 - INFO - Retrieved article length: 5503 characters
2025-01-19 11:45:35,937 - INFO - ABLV: 1h change of 1.14%
2025-01-19 11:45:35,946 - INFO - ABL: 1mo change of -10.92%
2025-01-19 11:45:36,016 - INFO - ABLV: 1wk change of -6.88%
2025-01-19 11:45:36,111 - INFO - ABLV: 1mo change of -25.26%
2025-01-19 11:45:36,451 - INFO - Processing ABL - 2024-11-26 01:23:00 UTC
2025-01-19 11:45:37,576 - INFO - Retrieved article length: 7604 characters
2025-01-19 11:45:37,587 - INFO - ABL: 1h change of 3.99%
2025-01-19 11:45:37,590 - INFO - ABL: 1wk change of -5.93%
2025-01-19 11:45:37,597 - INFO - ABL: 1mo change of -10.92%
2025-01-19 11:45:37,728 - INFO - Processing ABNB - 2025-01-17 17:00:18 UTC
2025-01-19 11:45:38,100 - INFO - Processing ABL - 2024-11-23 14:31:46 UTC
2025-01-19 11:45:38,781 - INFO - Retrieved article length: 5858 characters
2025-01-19 11:45:38,882 - INFO - ABNB: 1h change of 1.94%
2025-01-19 11:45:38,966 - INFO - ABNB: 1wk change of 2.92%
2025-01-19 11:45:39,056 - INFO - ABNB: 1mo change of 3.18%
2025-01-19 11:45:39,185 - INFO - Retrieved article length: 1484 characters
2025-01-19 11:45:39,268 - INFO - ABL: 1h change of -14.01%
2025-01-19 11:45:39,359 - INFO - ABL: 1wk change of -9.49%
2025-01-19 11:45:39,432 - INFO - ABL: 1mo change of -18.76%
2025-01-19 11:45:39,558 - INFO - Processing ABNB - 2025-01-17 16:08:17 UTC
2025-01-19 11:45:40,671 - INFO - Retrieved article length: 513 characters
2025-01-19 11:45:40,690 - INFO - ABNB: 1h change of 1.94%
2025-01-19 11:45:40,737 - INFO - ABNB: 1wk change of 2.92%
2025-01-19 11:45:40,783 - INFO - ABNB: 1mo change of 3.18%
2025-01-19 11:45:41,066 - INFO - Processing ABP - 2024-12-13 00:05:00 UTC
2025-01-19 11:45:41,284 - INFO - Processing ABNB - 2025-01-17 05:00:00 UTC
2025-01-19 11:45:42,146 - INFO - Retrieved article length: 9629 characters
2025-01-19 11:45:42,233 - INFO - ABP: 1h change of -12.07%
2025-01-19 11:45:42,336 - INFO - ABP: 1wk change of -14.11%
2025-01-19 11:45:42,426 - INFO - ABP: 1mo change of -87.38%
2025-01-19 11:45:42,520 - INFO - Retrieved article length: 224 characters
2025-01-19 11:45:42,529 - INFO - ABNB: 1h change of 1.94%
2025-01-19 11:45:42,572 - INFO - ABNB: 1wk change of 2.92%
2025-01-19 11:45:42,621 - INFO - ABNB: 1mo change of 3.18%
2025-01-19 11:45:43,124 - INFO - Processing ABNB - 2025-01-16 18:22:11 UTC
2025-01-19 11:45:44,053 - INFO - Processing ABR - 2025-01-14 02:00:18 UTC
2025-01-19 11:45:44,229 - INFO - Retrieved article length: 526 characters
2025-01-19 11:45:44,336 - INFO - ABNB: 1h change of 3.72%
2025-01-19 11:45:44,510 - INFO - ABNB: 1mo change of -1.71%
2025-01-19 11:45:45,019 - INFO - Processing ABNB - 2025-01-16 16:45:32 UTC
2025-01-19 11:45:45,136 - INFO - Retrieved article length: 3143 characters
2025-01-19 11:45:45,227 - INFO - ABR: 1h change of 5.58%
2025-01-19 11:45:45,446 - INFO - ABR: 1mo change of -4.17%
2025-01-19 11:45:45,948 - INFO - Processing ABR - 2025-01-10 17:00:13 UTC
2025-01-19 11:45:46,352 - INFO - Retrieved article length: 6505 characters
2025-01-19 11:45:46,352 - INFO - ABNB: 1h change of 3.72%
2025-01-19 11:45:46,458 - INFO - ABNB: 1mo change of -1.71%
2025-01-19 11:45:46,961 - INFO - Processing ABNB - 2025-01-16 16:43:00 UTC
2025-01-19 11:45:47,034 - INFO - Retrieved article length: 6032 characters
2025-01-19 11:45:47,126 - INFO - ABR: 1h change of -3.28%
2025-01-19 11:45:47,343 - INFO - ABR: 1mo change of -3.56%
2025-01-19 11:45:47,847 - INFO - Processing ABR - 2025-01-07 02:00:19 UTC
2025-01-19 11:45:48,108 - INFO - Retrieved article length: 7235 characters
2025-01-19 11:45:48,108 - INFO - ABNB: 1h change of 3.72%
2025-01-19 11:45:48,206 - INFO - ABNB: 1mo change of -1.71%
2025-01-19 11:45:48,716 - INFO - Processing ABNB - 2025-01-15 16:17:30 UTC
2025-01-19 11:45:48,974 - INFO - Retrieved article length: 2849 characters
2025-01-19 11:45:49,060 - INFO - ABR: 1h change of -2.03%
2025-01-19 11:45:49,280 - INFO - ABR: 1mo change of -2.40%
2025-01-19 11:45:49,781 - INFO - Processing ABR - 2025-01-01 01:50:18 UTC
2025-01-19 11:45:49,811 - INFO - Retrieved article length: 3756 characters
2025-01-19 11:45:49,890 - INFO - ABNB: 1h change of 2.29%
2025-01-19 11:45:50,065 - INFO - ABNB: 1mo change of -2.68%
2025-01-19 11:45:50,577 - INFO - Processing ABNB - 2025-01-14 17:22:40 UTC
2025-01-19 11:45:50,972 - INFO - Retrieved article length: 3426 characters
2025-01-19 11:45:51,064 - INFO - ABR: 1h change of 2.08%
2025-01-19 11:45:51,177 - INFO - ABR: 1wk change of -6.15%
2025-01-19 11:45:51,285 - INFO - ABR: 1mo change of -6.76%
2025-01-19 11:45:51,668 - INFO - Retrieved article length: 1516 characters
2025-01-19 11:45:51,764 - INFO - ABNB: 1h change of 2.62%
2025-01-19 11:45:51,798 - INFO - Processing ABR - 2024-12-31 00:30:00 UTC
2025-01-19 11:45:51,952 - INFO - ABNB: 1mo change of -2.30%
2025-01-19 11:45:52,904 - INFO - Retrieved article length: 3175 characters
2025-01-19 11:45:52,989 - INFO - ABR: 1h change of 2.82%
2025-01-19 11:45:53,099 - INFO - ABR: 1wk change of -2.46%
2025-01-19 11:45:53,220 - INFO - ABR: 1mo change of -7.01%
2025-01-19 11:45:53,583 - INFO - Processing ABSI - 2025-01-17 21:54:43 UTC
2025-01-19 11:45:53,723 - INFO - Processing ABR - 2024-12-18 17:37:25 UTC
2025-01-19 11:45:54,739 - INFO - Retrieved article length: 5077 characters
2025-01-19 11:45:54,805 - INFO - Retrieved article length: 3350 characters
2025-01-19 11:45:54,837 - INFO - ABSI: 1h change of 1.93%
2025-01-19 11:45:54,906 - INFO - ABR: 1h change of -4.95%
2025-01-19 11:45:54,975 - INFO - ABSI: 1wk change of -5.54%
2025-01-19 11:45:55,025 - INFO - ABR: 1wk change of -4.41%
2025-01-19 11:45:55,117 - INFO - ABSI: 1mo change of -21.52%
2025-01-19 11:45:55,133 - INFO - ABR: 1mo change of -7.28%
2025-01-19 11:45:55,630 - INFO - Processing ABSI - 2025-01-11 15:40:38 UTC
2025-01-19 11:45:55,646 - INFO - Processing ABR - 2024-12-17 17:00:13 UTC
2025-01-19 11:45:56,703 - INFO - Retrieved article length: 6031 characters
2025-01-19 11:45:56,715 - INFO - Retrieved article length: 1788 characters
2025-01-19 11:45:56,799 - INFO - ABR: 1h change of -4.68%
2025-01-19 11:45:56,802 - INFO - ABSI: 1h change of -3.89%
2025-01-19 11:45:56,887 - INFO - ABSI: 1wk change of 7.01%
2025-01-19 11:45:56,906 - INFO - ABR: 1wk change of -2.59%
2025-01-19 11:45:56,967 - INFO - ABSI: 1mo change of -9.66%
2025-01-19 11:45:57,018 - INFO - ABR: 1mo change of -8.36%
2025-01-19 11:45:57,475 - INFO - Processing ABSI - 2025-01-11 01:48:45 UTC
2025-01-19 11:45:57,523 - INFO - Processing ABR - 2024-12-13 05:57:04 UTC
2025-01-19 11:45:58,612 - INFO - Retrieved article length: 7939 characters
2025-01-19 11:45:58,647 - INFO - Retrieved article length: 5714 characters
2025-01-19 11:45:58,649 - INFO - ABSI: 1h change of -3.89%
2025-01-19 11:45:58,697 - INFO - ABSI: 1wk change of 7.01%
2025-01-19 11:45:58,746 - INFO - ABSI: 1mo change of -9.66%
2025-01-19 11:45:58,810 - INFO - ABR: 1wk change of -2.69%
2025-01-19 11:45:58,925 - INFO - ABR: 1mo change of -9.86%
2025-01-19 11:45:59,248 - INFO - Processing ABSI - 2025-01-10 18:59:42 UTC
2025-01-19 11:46:00,284 - INFO - Retrieved article length: 510 characters
2025-01-19 11:46:00,380 - INFO - ABSI: 1h change of -11.03%
2025-01-19 11:46:00,473 - INFO - ABSI: 1wk change of 10.69%
2025-01-19 11:46:00,539 - INFO - Processing ABT - 2025-01-18 14:00:43 UTC
2025-01-19 11:46:00,598 - INFO - ABSI: 1mo change of -6.75%
2025-01-19 11:46:01,098 - INFO - Processing ABSI - 2025-01-10 15:30:00 UTC
2025-01-19 11:46:01,588 - INFO - Retrieved article length: 5277 characters
2025-01-19 11:46:01,674 - INFO - ABT: 1h change of 1.06%
2025-01-19 11:46:01,968 - INFO - ABT: 1mo change of 1.29%
2025-01-19 11:46:02,172 - INFO - Retrieved article length: 8122 characters
2025-01-19 11:46:02,172 - INFO - ABSI: 1h change of -11.03%
2025-01-19 11:46:02,235 - INFO - ABSI: 1wk change of 10.69%
2025-01-19 11:46:02,283 - INFO - ABSI: 1mo change of -6.75%
2025-01-19 11:46:02,469 - INFO - Processing ABT - 2025-01-15 20:23:00 UTC
2025-01-19 11:46:02,784 - INFO - Processing ABSI - 2025-01-08 21:14:58 UTC
2025-01-19 11:46:03,586 - INFO - Retrieved article length: 5512 characters
2025-01-19 11:46:03,669 - INFO - ABT: 1h change of 1.64%
2025-01-19 11:46:03,866 - INFO - Retrieved article length: 1895 characters
2025-01-19 11:46:03,975 - INFO - ABSI: 1h change of -10.36%
2025-01-19 11:46:04,053 - INFO - ABSI: 1wk change of 9.43%
2025-01-19 11:46:04,155 - INFO - ABSI: 1mo change of -6.15%
2025-01-19 11:46:04,475 - INFO - Processing ABT - 2025-01-15 19:33:19 UTC
2025-01-19 11:46:04,659 - INFO - Processing ABSI - 2025-01-08 17:19:37 UTC
2025-01-19 11:46:05,540 - INFO - Retrieved article length: 6228 characters
2025-01-19 11:46:05,540 - INFO - ABT: 1h change of 1.64%
2025-01-19 11:46:05,784 - INFO - Retrieved article length: 539 characters
2025-01-19 11:46:05,784 - INFO - ABSI: 1h change of -10.36%
2025-01-19 11:46:05,799 - INFO - ABSI: 1wk change of 9.43%
2025-01-19 11:46:05,845 - INFO - ABSI: 1mo change of -6.15%
2025-01-19 11:46:06,153 - INFO - Processing ABT - 2025-01-15 17:00:10 UTC
2025-01-19 11:46:06,352 - INFO - Processing ABSI - 2025-01-08 17:12:15 UTC
2025-01-19 11:46:07,257 - INFO - Retrieved article length: 5908 characters
2025-01-19 11:46:07,273 - INFO - ABT: 1h change of 1.64%
2025-01-19 11:46:07,442 - INFO - Retrieved article length: 2285 characters
2025-01-19 11:46:07,461 - INFO - ABSI: 1h change of -10.36%
2025-01-19 11:46:07,464 - INFO - ABSI: 1wk change of 9.43%
2025-01-19 11:46:07,514 - INFO - ABSI: 1mo change of -6.15%
2025-01-19 11:46:07,874 - INFO - Processing ABT - 2025-01-15 16:57:00 UTC
2025-01-19 11:46:08,935 - INFO - Retrieved article length: 5873 characters
2025-01-19 11:46:08,951 - INFO - ABT: 1h change of 1.64%
2025-01-19 11:46:09,557 - INFO - Processing ABT - 2025-01-15 14:01:41 UTC
2025-01-19 11:46:10,257 - INFO - Processing ABUS - 2025-01-16 19:22:43 UTC
2025-01-19 11:46:10,674 - INFO - Retrieved article length: 5686 characters
2025-01-19 11:46:10,674 - INFO - ABT: 1h change of 1.64%
2025-01-19 11:46:11,285 - INFO - Processing ABT - 2025-01-14 19:49:00 UTC
2025-01-19 11:46:11,366 - INFO - Retrieved article length: 5292 characters
2025-01-19 11:46:11,465 - INFO - ABUS: 1h change of -3.03%
2025-01-19 11:46:11,539 - INFO - ABUS: 1wk change of -2.14%
2025-01-19 11:46:11,637 - INFO - ABUS: 1mo change of -10.11%
2025-01-19 11:46:12,138 - INFO - Processing ABUS - 2025-01-15 17:38:00 UTC
2025-01-19 11:46:12,499 - INFO - Retrieved article length: 4017 characters
2025-01-19 11:46:12,870 - INFO - ABT: 1mo change of -1.23%
2025-01-19 11:46:13,342 - INFO - Retrieved article length: 2591 characters
2025-01-19 11:46:13,373 - INFO - Processing ABT - 2025-01-14 15:00:14 UTC
2025-01-19 11:46:13,445 - INFO - ABUS: 1h change of 2.22%
2025-01-19 11:46:13,529 - INFO - ABUS: 1wk change of -2.14%
2025-01-19 11:46:13,627 - INFO - ABUS: 1mo change of -12.09%
2025-01-19 11:46:14,129 - INFO - Processing ABUS - 2025-01-13 15:30:00 UTC
2025-01-19 11:46:14,506 - INFO - Retrieved article length: 3823 characters
2025-01-19 11:46:14,621 - INFO - ABT: 1mo change of -1.23%
2025-01-19 11:46:15,192 - INFO - Retrieved article length: 13609 characters
2025-01-19 11:46:15,363 - INFO - ABUS: 1wk change of -6.43%
2025-01-19 11:46:15,461 - INFO - ABUS: 1mo change of -13.04%
2025-01-19 11:46:15,964 - INFO - Processing ABUS - 2024-12-06 16:20:23 UTC
2025-01-19 11:46:16,243 - INFO - Processing ABVC - 2025-01-16 16:30:00 UTC
2025-01-19 11:46:17,097 - INFO - Retrieved article length: 3012 characters
2025-01-19 11:46:17,181 - INFO - ABUS: 1h change of 4.99%
2025-01-19 11:46:17,274 - INFO - ABUS: 1wk change of 2.05%
2025-01-19 11:46:17,356 - INFO - Retrieved article length: 5311 characters
2025-01-19 11:46:17,363 - INFO - ABUS: 1mo change of -15.40%
2025-01-19 11:46:17,460 - INFO - ABVC: 1h change of 2.84%
2025-01-19 11:46:17,557 - INFO - ABVC: 1wk change of -20.70%
2025-01-19 11:46:17,649 - INFO - ABVC: 1mo change of 4.85%
2025-01-19 11:46:17,864 - INFO - Processing ABUS - 2024-12-03 16:00:00 UTC
2025-01-19 11:46:18,151 - INFO - Processing ABVC - 2025-01-15 16:30:00 UTC
2025-01-19 11:46:18,971 - INFO - Retrieved article length: 7137 characters
2025-01-19 11:46:19,060 - INFO - ABUS: 1h change of 7.15%
2025-01-19 11:46:19,147 - INFO - ABUS: 1wk change of 4.09%
2025-01-19 11:46:19,242 - INFO - ABUS: 1mo change of -19.06%
2025-01-19 11:46:19,322 - INFO - Retrieved article length: 8606 characters
2025-01-19 11:46:19,430 - INFO - ABVC: 1h change of 1.79%
2025-01-19 11:46:19,511 - INFO - ABVC: 1wk change of -20.70%
2025-01-19 11:46:19,613 - INFO - ABVC: 1mo change of 3.85%
2025-01-19 11:46:19,744 - INFO - Processing ABUS - 2024-11-26 15:30:00 UTC
2025-01-19 11:46:20,117 - INFO - Processing ABVC - 2025-01-14 16:30:00 UTC
2025-01-19 11:46:20,823 - INFO - Retrieved article length: 2077 characters
2025-01-19 11:46:20,921 - INFO - ABUS: 1h change of -1.56%
2025-01-19 11:46:21,014 - INFO - ABUS: 1wk change of 3.13%
2025-01-19 11:46:21,102 - INFO - ABUS: 1mo change of -20.60%
2025-01-19 11:46:21,189 - INFO - Retrieved article length: 6834 characters
2025-01-19 11:46:21,274 - INFO - ABVC: 1h change of 4.67%
2025-01-19 11:46:21,423 - INFO - ABVC: 1wk change of -20.70%
2025-01-19 11:46:21,519 - INFO - ABVC: 1mo change of 13.68%
2025-01-19 11:46:21,609 - INFO - Processing ABUS - 2024-11-15 20:27:23 UTC
2025-01-19 11:46:22,022 - INFO - Processing ABVC - 2025-01-13 17:00:00 UTC
2025-01-19 11:46:22,675 - INFO - Retrieved article length: 510 characters
2025-01-19 11:46:22,763 - INFO - ABUS: 1h change of -2.54%
2025-01-19 11:46:22,877 - INFO - ABUS: 1wk change of -11.36%
2025-01-19 11:46:22,962 - INFO - ABUS: 1mo change of -17.27%
2025-01-19 11:46:23,086 - INFO - Retrieved article length: 5176 characters
2025-01-19 11:46:23,184 - INFO - ABVC: 1h change of 3.69%
2025-01-19 11:46:23,281 - INFO - ABVC: 1wk change of -17.68%
2025-01-19 11:46:23,366 - INFO - ABVC: 1mo change of 7.78%
2025-01-19 11:46:23,465 - INFO - Processing ABUS - 2024-11-15 19:02:00 UTC
2025-01-19 11:46:23,867 - INFO - Processing ABVC - 2025-01-07 16:30:00 UTC
2025-01-19 11:46:24,576 - INFO - Retrieved article length: 12857 characters
2025-01-19 11:46:24,591 - INFO - ABUS: 1h change of -2.54%
2025-01-19 11:46:24,601 - INFO - ABUS: 1wk change of -11.36%
2025-01-19 11:46:24,607 - INFO - ABUS: 1mo change of -17.27%
2025-01-19 11:46:25,185 - INFO - Retrieved article length: 12832 characters
2025-01-19 11:46:25,275 - INFO - ABVC: 1h change of -20.18%
2025-01-19 11:46:25,344 - INFO - ABVC: 1wk change of -6.77%
2025-01-19 11:46:25,942 - INFO - Processing ABVC - 2025-01-02 17:00:00 UTC
2025-01-19 11:46:26,222 - INFO - Processing ACAC - 2024-11-20 23:05:02 UTC
2025-01-19 11:46:27,006 - INFO - Retrieved article length: 5906 characters
2025-01-19 11:46:27,127 - INFO - ABVC: 1h change of 6.04%
2025-01-19 11:46:27,216 - INFO - ABVC: 1wk change of 4.53%
2025-01-19 11:46:27,300 - INFO - ABVC: 1mo change of 1.89%
2025-01-19 11:46:27,330 - INFO - Retrieved article length: 6945 characters
2025-01-19 11:46:27,803 - INFO - Processing ABVC - 2024-12-19 16:30:00 UTC
2025-01-19 11:46:28,826 - ERROR - ACAC: No timezone found, symbol may be delisted
2025-01-19 11:46:28,826 - ERROR - ACAC: No timezone found, symbol may be delisted
2025-01-19 11:46:28,826 - ERROR - ACAC: No timezone found, symbol may be delisted
2025-01-19 11:46:28,874 - INFO - Retrieved article length: 8064 characters
2025-01-19 11:46:29,068 - INFO - ABVC: 1wk change of 15.97%
2025-01-19 11:46:29,227 - INFO - ABVC: 1mo change of -2.00%
2025-01-19 11:46:29,335 - INFO - Processing ACAC - 2024-11-13 10:05:29 UTC
2025-01-19 11:46:29,729 - INFO - Processing ABVC - 2024-12-11 14:30:00 UTC
2025-01-19 11:46:30,422 - INFO - Retrieved article length: 4197 characters
2025-01-19 11:46:30,427 - ERROR - ACAC: No timezone found, symbol may be delisted
2025-01-19 11:46:30,427 - ERROR - ACAC: No timezone found, symbol may be delisted
2025-01-19 11:46:30,427 - ERROR - ACAC: No timezone found, symbol may be delisted
2025-01-19 11:46:30,819 - INFO - Retrieved article length: 5490 characters
2025-01-19 11:46:30,930 - INFO - Processing ACAC - 2024-11-12 15:35:14 UTC
2025-01-19 11:46:31,107 - INFO - ABVC: 1mo change of -6.69%
2025-01-19 11:46:32,073 - INFO - Retrieved article length: 824 characters
2025-01-19 11:46:32,073 - ERROR - ACAC: No timezone found, symbol may be delisted
2025-01-19 11:46:32,073 - ERROR - ACAC: No timezone found, symbol may be delisted
2025-01-19 11:46:32,073 - ERROR - ACAC: No timezone found, symbol may be delisted
2025-01-19 11:46:32,584 - INFO - Processing ACAC - 2024-11-12 15:00:00 UTC
2025-01-19 11:46:32,741 - INFO - Processing ACACU - 2025-01-19 11:21:47 UTC
2025-01-19 11:46:33,861 - INFO - Retrieved article length: 34250 characters
2025-01-19 11:46:33,861 - ERROR - ACAC: No timezone found, symbol may be delisted
2025-01-19 11:46:33,861 - ERROR - ACAC: No timezone found, symbol may be delisted
2025-01-19 11:46:33,861 - ERROR - ACAC: No timezone found, symbol may be delisted
2025-01-19 11:46:33,894 - INFO - Retrieved article length: 4119 characters
2025-01-19 11:46:34,375 - INFO - Processing ACAC - 2024-11-11 15:15:37 UTC
2025-01-19 11:46:35,277 - ERROR - ACACU: No timezone found, symbol may be delisted
2025-01-19 11:46:35,277 - ERROR - ACACU: No timezone found, symbol may be delisted
2025-01-19 11:46:35,279 - ERROR - ACACU: No timezone found, symbol may be delisted
2025-01-19 11:46:35,555 - INFO - Retrieved article length: 3294 characters
2025-01-19 11:46:35,555 - ERROR - ACAC: No timezone found, symbol may be delisted
2025-01-19 11:46:35,555 - ERROR - ACAC: No timezone found, symbol may be delisted
2025-01-19 11:46:35,555 - ERROR - ACAC: No timezone found, symbol may be delisted
2025-01-19 11:46:35,779 - INFO - Processing ACACU - 2025-01-19 11:13:49 UTC
2025-01-19 11:46:36,061 - INFO - Processing ACAC - 2024-11-04 18:07:38 UTC
2025-01-19 11:46:37,132 - INFO - Retrieved article length: 4230 characters
2025-01-19 11:46:37,132 - ERROR - ACAC: No timezone found, symbol may be delisted
2025-01-19 11:46:37,132 - ERROR - ACAC: No timezone found, symbol may be delisted
2025-01-19 11:46:37,132 - ERROR - ACAC: No timezone found, symbol may be delisted
2025-01-19 11:46:37,563 - INFO - Retrieved article length: 4007 characters
2025-01-19 11:46:37,563 - ERROR - ACACU: No timezone found, symbol may be delisted
2025-01-19 11:46:37,563 - ERROR - ACACU: No timezone found, symbol may be delisted
2025-01-19 11:46:37,563 - ERROR - ACACU: No timezone found, symbol may be delisted
2025-01-19 11:46:37,640 - INFO - Processing ACAC - 2024-10-29 14:30:00 UTC
2025-01-19 11:46:38,066 - INFO - Processing ACACU - 2025-01-19 11:13:30 UTC
2025-01-19 11:46:38,681 - INFO - Retrieved article length: 2194 characters
2025-01-19 11:46:38,681 - ERROR - ACAC: No timezone found, symbol may be delisted
2025-01-19 11:46:38,681 - ERROR - ACAC: No timezone found, symbol may be delisted
2025-01-19 11:46:38,681 - ERROR - ACAC: No timezone found, symbol may be delisted
2025-01-19 11:46:39,185 - INFO - Processing ACAC - 2024-10-23 18:04:03 UTC
2025-01-19 11:46:39,223 - INFO - Retrieved article length: 4559 characters
2025-01-19 11:46:39,224 - ERROR - ACACU: No timezone found, symbol may be delisted
2025-01-19 11:46:39,225 - ERROR - ACACU: No timezone found, symbol may be delisted
2025-01-19 11:46:39,226 - ERROR - ACACU: No timezone found, symbol may be delisted
2025-01-19 11:46:39,726 - INFO - Processing ACACU - 2025-01-19 11:05:01 UTC
2025-01-19 11:46:40,311 - INFO - Retrieved article length: 7143 characters
2025-01-19 11:46:40,311 - ERROR - ACAC: No timezone found, symbol may be delisted
2025-01-19 11:46:40,311 - ERROR - ACAC: No timezone found, symbol may be delisted
2025-01-19 11:46:40,311 - ERROR - ACAC: No timezone found, symbol may be delisted
2025-01-19 11:46:41,078 - INFO - Retrieved article length: 2707 characters
2025-01-19 11:46:41,078 - ERROR - ACACU: No timezone found, symbol may be delisted
2025-01-19 11:46:41,078 - ERROR - ACACU: No timezone found, symbol may be delisted
2025-01-19 11:46:41,078 - ERROR - ACACU: No timezone found, symbol may be delisted
2025-01-19 11:46:41,585 - INFO - Processing ACACU - 2025-01-19 11:00:43 UTC
2025-01-19 11:46:41,957 - INFO - Processing ACAD - 2025-01-18 00:05:00 UTC
2025-01-19 11:46:42,749 - INFO - Retrieved article length: 2616 characters
2025-01-19 11:46:42,749 - ERROR - ACACU: No timezone found, symbol may be delisted
2025-01-19 11:46:42,749 - ERROR - ACACU: No timezone found, symbol may be delisted
2025-01-19 11:46:42,749 - ERROR - ACACU: No timezone found, symbol may be delisted
2025-01-19 11:46:43,060 - INFO - Retrieved article length: 2773 characters
2025-01-19 11:46:43,153 - INFO - ACAD: 1h change of 1.50%
2025-01-19 11:46:43,257 - INFO - Processing ACACU - 2025-01-19 11:00:00 UTC
2025-01-19 11:46:43,334 - INFO - ACAD: 1mo change of 1.33%
2025-01-19 11:46:43,847 - INFO - Processing ACAD - 2025-01-14 21:10:37 UTC
2025-01-19 11:46:44,454 - INFO - Retrieved article length: 162 characters
2025-01-19 11:46:44,454 - ERROR - ACACU: No timezone found, symbol may be delisted
2025-01-19 11:46:44,454 - ERROR - ACACU: No timezone found, symbol may be delisted
2025-01-19 11:46:44,454 - ERROR - ACACU: No timezone found, symbol may be delisted
2025-01-19 11:46:44,941 - INFO - Retrieved article length: 1965 characters
2025-01-19 11:46:44,959 - INFO - Processing ACACU - 2025-01-19 10:56:54 UTC
2025-01-19 11:46:45,035 - INFO - ACAD: 1h change of 1.15%
2025-01-19 11:46:45,217 - INFO - ACAD: 1mo change of -5.18%
2025-01-19 11:46:45,718 - INFO - Processing ACAD - 2025-01-14 19:26:06 UTC
2025-01-19 11:46:46,212 - INFO - Retrieved article length: 5865 characters
2025-01-19 11:46:46,212 - ERROR - ACACU: No timezone found, symbol may be delisted
2025-01-19 11:46:46,220 - ERROR - ACACU: No timezone found, symbol may be delisted
2025-01-19 11:46:46,220 - ERROR - ACACU: No timezone found, symbol may be delisted
2025-01-19 11:46:46,723 - INFO - Processing ACACU - 2025-01-19 10:56:00 UTC
2025-01-19 11:46:46,936 - INFO - Retrieved article length: 516 characters
2025-01-19 11:46:46,936 - INFO - ACAD: 1h change of 1.15%
2025-01-19 11:46:47,050 - INFO - ACAD: 1mo change of -5.18%
2025-01-19 11:46:47,553 - INFO - Processing ACAD - 2025-01-14 17:05:00 UTC
2025-01-19 11:46:48,000 - INFO - Retrieved article length: 218 characters
2025-01-19 11:46:48,000 - ERROR - ACACU: No timezone found, symbol may be delisted
2025-01-19 11:46:48,000 - ERROR - ACACU: No timezone found, symbol may be delisted
2025-01-19 11:46:48,000 - ERROR - ACACU: No timezone found, symbol may be delisted
2025-01-19 11:46:48,625 - INFO - Retrieved article length: 7623 characters
2025-01-19 11:46:48,633 - INFO - ACAD: 1h change of 1.15%
2025-01-19 11:46:48,724 - INFO - ACAD: 1mo change of -5.18%
2025-01-19 11:46:49,234 - INFO - Processing ACAD - 2025-01-14 17:00:00 UTC
2025-01-19 11:46:49,630 - INFO - Processing ACB - 2025-01-10 15:00:00 UTC
2025-01-19 11:46:50,484 - INFO - Retrieved article length: 10000 characters
2025-01-19 11:46:50,497 - INFO - ACAD: 1h change of 1.15%
2025-01-19 11:46:50,596 - INFO - ACAD: 1mo change of -5.18%
2025-01-19 11:46:50,761 - INFO - Retrieved article length: 7724 characters
2025-01-19 11:46:50,872 - INFO - ACB: 1h change of -6.47%
2025-01-19 11:46:50,993 - INFO - ACB: 1wk change of -9.41%
2025-01-19 11:46:51,076 - INFO - ACB: 1mo change of -14.25%
2025-01-19 11:46:51,097 - INFO - Processing ACAD - 2025-01-12 17:33:18 UTC
2025-01-19 11:46:51,586 - INFO - Processing ACB - 2025-01-09 01:09:33 UTC
2025-01-19 11:46:52,187 - INFO - Retrieved article length: 7112 characters
2025-01-19 11:46:52,280 - INFO - ACAD: 1h change of 2.46%
2025-01-19 11:46:52,385 - INFO - ACAD: 1wk change of -5.84%
2025-01-19 11:46:52,470 - INFO - ACAD: 1mo change of -6.34%
2025-01-19 11:46:52,851 - INFO - Retrieved article length: 1777 characters
2025-01-19 11:46:52,949 - INFO - ACB: 1h change of -12.53%
2025-01-19 11:46:52,981 - INFO - Processing ACAD - 2025-01-08 22:58:40 UTC
2025-01-19 11:46:53,042 - INFO - ACB: 1wk change of -8.33%
2025-01-19 11:46:53,125 - INFO - ACB: 1mo change of -11.70%
2025-01-19 11:46:53,635 - INFO - Processing ACB - 2025-01-08 21:58:25 UTC
2025-01-19 11:46:54,109 - INFO - Retrieved article length: 3964 characters
2025-01-19 11:46:54,196 - INFO - ACAD: 1h change of -4.81%
2025-01-19 11:46:54,277 - INFO - ACAD: 1wk change of 5.27%
2025-01-19 11:46:54,371 - INFO - ACAD: 1mo change of 2.33%
2025-01-19 11:46:54,754 - INFO - Retrieved article length: 7937 characters
2025-01-19 11:46:54,850 - INFO - ACB: 1h change of -5.64%
2025-01-19 11:46:54,882 - INFO - Processing ACAD - 2025-01-03 15:24:50 UTC
2025-01-19 11:46:54,943 - INFO - ACB: 1wk change of -8.33%
2025-01-19 11:46:55,040 - INFO - ACB: 1mo change of -11.49%
2025-01-19 11:46:55,549 - INFO - Processing ACB - 2025-01-06 09:07:53 UTC
2025-01-19 11:46:56,001 - INFO - Retrieved article length: 539 characters
2025-01-19 11:46:56,093 - INFO - ACAD: 1h change of -3.51%
2025-01-19 11:46:56,174 - INFO - ACAD: 1wk change of 1.11%
2025-01-19 11:46:56,271 - INFO - ACAD: 1mo change of 7.66%
2025-01-19 11:46:56,627 - INFO - Retrieved article length: 6859 characters
2025-01-19 11:46:56,857 - INFO - ACB: 1wk change of -7.67%
2025-01-19 11:46:56,945 - INFO - ACB: 1mo change of -16.85%
2025-01-19 11:46:57,447 - INFO - Processing ACB - 2024-12-26 22:14:17 UTC
2025-01-19 11:46:57,889 - INFO - Processing ACCD - 2025-01-13 15:24:45 UTC
2025-01-19 11:46:58,497 - INFO - Retrieved article length: 7671 characters
2025-01-19 11:46:58,699 - INFO - ACB: 1wk change of 9.56%
2025-01-19 11:46:58,785 - INFO - ACB: 1mo change of -10.47%
2025-01-19 11:46:58,946 - INFO - Retrieved article length: 533 characters
2025-01-19 11:46:59,125 - INFO - ACCD: 1wk change of 100.29%
2025-01-19 11:46:59,213 - INFO - ACCD: 1mo change of 90.33%
2025-01-19 11:46:59,292 - INFO - Processing ACB - 2024-12-19 16:32:12 UTC
2025-01-19 11:46:59,715 - INFO - Processing ACCD - 2025-01-10 19:05:08 UTC
2025-01-19 11:47:00,391 - INFO - Retrieved article length: 7592 characters
2025-01-19 11:47:00,573 - INFO - ACB: 1wk change of -4.44%
2025-01-19 11:47:00,666 - INFO - ACB: 1mo change of -11.29%
2025-01-19 11:47:00,767 - INFO - Retrieved article length: 4140 characters
2025-01-19 11:47:00,943 - INFO - ACCD: 1wk change of 101.46%
2025-01-19 11:47:01,024 - INFO - ACCD: 1mo change of 86.72%
2025-01-19 11:47:01,173 - INFO - Processing ACB - 2024-12-19 15:15:00 UTC
2025-01-19 11:47:01,533 - INFO - Processing ACCD - 2025-01-10 18:03:01 UTC
2025-01-19 11:47:02,446 - INFO - Retrieved article length: 5835 characters
2025-01-19 11:47:02,461 - INFO - ACB: 1wk change of -4.44%
2025-01-19 11:47:02,510 - INFO - ACB: 1mo change of -11.29%
2025-01-19 11:47:02,664 - INFO - Retrieved article length: 1105 characters
2025-01-19 11:47:02,727 - INFO - ACCD: 1wk change of 101.46%
2025-01-19 11:47:02,774 - INFO - ACCD: 1mo change of 86.72%
2025-01-19 11:47:03,011 - INFO - Processing ACB - 2024-12-17 15:52:06 UTC
2025-01-19 11:47:03,282 - INFO - Processing ACCD - 2025-01-10 15:57:37 UTC
2025-01-19 11:47:04,056 - INFO - Retrieved article length: 530 characters
2025-01-19 11:47:04,151 - INFO - ACB: 1h change of -2.53%
2025-01-19 11:47:04,237 - INFO - ACB: 1wk change of -3.56%
2025-01-19 11:47:04,300 - INFO - Retrieved article length: 492 characters
2025-01-19 11:47:04,324 - INFO - ACB: 1mo change of -18.60%
2025-01-19 11:47:04,368 - INFO - ACCD: 1wk change of 101.46%
2025-01-19 11:47:04,411 - INFO - ACCD: 1mo change of 86.72%
2025-01-19 11:47:04,918 - INFO - Processing ACCD - 2025-01-09 18:17:00 UTC
2025-01-19 11:47:05,994 - INFO - Processing ACCO - 2025-01-17 18:00:00 UTC
2025-01-19 11:47:06,122 - INFO - Retrieved article length: 2637 characters
2025-01-19 11:47:06,217 - INFO - ACCD: 1h change of 95.70%
2025-01-19 11:47:06,312 - INFO - ACCD: 1wk change of 100.29%
2025-01-19 11:47:06,395 - INFO - ACCD: 1mo change of 94.63%
2025-01-19 11:47:06,906 - INFO - Processing ACCD - 2025-01-09 16:35:44 UTC
2025-01-19 11:47:07,225 - INFO - Retrieved article length: 4677 characters
2025-01-19 11:47:07,468 - INFO - ACCO: 1wk change of 1.36%
2025-01-19 11:47:07,564 - INFO - ACCO: 1mo change of -11.71%
2025-01-19 11:47:07,970 - INFO - Retrieved article length: 1385 characters
2025-01-19 11:47:07,986 - INFO - ACCD: 1h change of 95.70%
2025-01-19 11:47:07,988 - INFO - ACCD: 1wk change of 100.29%
2025-01-19 11:47:08,040 - INFO - ACCD: 1mo change of 94.63%
2025-01-19 11:47:08,066 - INFO - Processing ACCO - 2025-01-06 14:24:28 UTC
2025-01-19 11:47:08,540 - INFO - Processing ACCD - 2025-01-09 13:41:02 UTC
2025-01-19 11:47:09,092 - INFO - Retrieved article length: 4401 characters
2025-01-19 11:47:09,186 - INFO - ACCO: 1h change of -3.57%
2025-01-19 11:47:09,287 - INFO - ACCO: 1wk change of -1.33%
2025-01-19 11:47:09,391 - INFO - ACCO: 1mo change of -15.17%
2025-01-19 11:47:09,626 - INFO - Retrieved article length: 549 characters
2025-01-19 11:47:09,634 - INFO - ACCD: 1h change of 95.70%
2025-01-19 11:47:09,640 - INFO - ACCD: 1wk change of 100.29%
2025-01-19 11:47:09,686 - INFO - ACCD: 1mo change of 94.63%
2025-01-19 11:47:09,892 - INFO - Processing ACCO - 2024-12-11 18:00:00 UTC
2025-01-19 11:47:10,188 - INFO - Processing ACCD - 2025-01-09 13:33:40 UTC
2025-01-19 11:47:10,938 - INFO - Retrieved article length: 5239 characters
2025-01-19 11:47:11,027 - INFO - ACCO: 1h change of -2.27%
2025-01-19 11:47:11,124 - INFO - ACCO: 1wk change of -13.54%
2025-01-19 11:47:11,221 - INFO - Retrieved article length: 504 characters
2025-01-19 11:47:11,221 - INFO - ACCO: 1mo change of -14.45%
2025-01-19 11:47:11,227 - INFO - ACCD: 1h change of 95.70%
2025-01-19 11:47:11,239 - INFO - ACCD: 1wk change of 100.29%
2025-01-19 11:47:11,286 - INFO - ACCD: 1mo change of 94.63%
2025-01-19 11:47:11,722 - INFO - Processing ACCO - 2024-12-09 21:55:29 UTC
2025-01-19 11:47:12,820 - INFO - Retrieved article length: 3640 characters
2025-01-19 11:47:12,911 - INFO - Processing ACDC - 2025-01-07 17:40:20 UTC
2025-01-19 11:47:13,008 - INFO - ACCO: 1wk change of -6.19%
2025-01-19 11:47:13,100 - INFO - ACCO: 1mo change of -8.58%
2025-01-19 11:47:13,601 - INFO - Processing ACCO - 2024-11-14 18:00:00 UTC
2025-01-19 11:47:13,989 - INFO - Retrieved article length: 2615 characters
2025-01-19 11:47:14,087 - INFO - ACDC: 1h change of -6.43%
2025-01-19 11:47:14,179 - INFO - ACDC: 1wk change of 17.30%
2025-01-19 11:47:14,269 - INFO - ACDC: 1mo change of 1.25%
2025-01-19 11:47:14,770 - INFO - Processing ACDC - 2024-12-30 13:01:52 UTC
2025-01-19 11:47:14,843 - INFO - Retrieved article length: 4780 characters
2025-01-19 11:47:14,933 - INFO - ACCO: 1h change of -7.69%
2025-01-19 11:47:15,030 - INFO - ACCO: 1wk change of 5.99%
2025-01-19 11:47:15,130 - INFO - ACCO: 1mo change of 5.71%
2025-01-19 11:47:15,631 - INFO - Processing ACCO - 2024-11-12 21:48:42 UTC
2025-01-19 11:47:15,935 - INFO - Retrieved article length: 7105 characters
2025-01-19 11:47:16,020 - INFO - ACDC: 1h change of 6.76%
2025-01-19 11:47:16,105 - INFO - ACDC: 1wk change of 9.16%
2025-01-19 11:47:16,190 - INFO - ACDC: 1mo change of 13.21%
2025-01-19 11:47:16,675 - INFO - Retrieved article length: 3967 characters
2025-01-19 11:47:16,693 - INFO - Processing ACDC - 2024-12-26 13:43:09 UTC
2025-01-19 11:47:16,857 - INFO - ACCO: 1wk change of 3.26%
2025-01-19 11:47:16,961 - INFO - ACCO: 1mo change of 13.36%
2025-01-19 11:47:17,463 - INFO - Processing ACCO - 2024-11-10 15:22:16 UTC
2025-01-19 11:47:17,784 - INFO - Retrieved article length: 4155 characters
2025-01-19 11:47:17,963 - INFO - ACDC: 1wk change of 11.10%
2025-01-19 11:47:18,046 - INFO - ACDC: 1mo change of 18.01%
2025-01-19 11:47:18,557 - INFO - Processing ACDC - 2024-12-06 15:39:46 UTC
2025-01-19 11:47:18,615 - INFO - Retrieved article length: 4646 characters
2025-01-19 11:47:18,715 - INFO - ACCO: 1h change of 4.38%
2025-01-19 11:47:18,798 - INFO - ACCO: 1wk change of 18.00%
2025-01-19 11:47:18,960 - INFO - ACCO: 1mo change of 13.82%
2025-01-19 11:47:19,463 - INFO - Processing ACCO - 2024-11-06 14:06:00 UTC
2025-01-19 11:47:19,639 - INFO - Retrieved article length: 520 characters
2025-01-19 11:47:19,739 - INFO - ACDC: 1h change of -14.97%
2025-01-19 11:47:19,817 - INFO - ACDC: 1wk change of -8.41%
2025-01-19 11:47:19,916 - INFO - ACDC: 1mo change of 28.02%
2025-01-19 11:47:20,418 - INFO - Processing ACDC - 2024-11-29 13:01:45 UTC
2025-01-19 11:47:20,615 - INFO - Retrieved article length: 4923 characters
2025-01-19 11:47:20,727 - INFO - ACCO: 1h change of 12.92%
2025-01-19 11:47:20,846 - INFO - ACCO: 1wk change of 19.30%
2025-01-19 11:47:20,989 - INFO - ACCO: 1mo change of 19.16%
2025-01-19 11:47:22,630 - INFO - Processing ACET - 2025-01-09 00:10:00 UTC
2025-01-19 11:47:23,762 - INFO - Retrieved article length: 9424 characters
2025-01-19 11:47:23,852 - INFO - ACET: 1h change of -9.20%
2025-01-19 11:47:24,022 - INFO - ACET: 1mo change of -8.00%
2025-01-19 11:47:24,528 - INFO - Processing ACET - 2025-01-01 00:48:00 UTC
2025-01-19 11:47:25,706 - INFO - Retrieved article length: 2613 characters
2025-01-19 11:47:25,805 - INFO - ACET: 1h change of 11.87%
2025-01-19 11:47:25,893 - INFO - ACET: 1wk change of 2.57%
2025-01-19 11:47:25,989 - INFO - ACET: 1mo change of -18.20%
2025-01-19 11:47:26,491 - INFO - Processing ACET - 2024-12-19 15:00:00 UTC
2025-01-19 11:47:27,538 - INFO - Retrieved article length: 8106 characters
2025-01-19 11:47:27,719 - INFO - ACET: 1wk change of -12.64%
2025-01-19 11:47:27,800 - INFO - ACET: 1mo change of -13.52%
2025-01-19 11:47:28,302 - INFO - Processing ACET - 2024-12-18 15:00:00 UTC
2025-01-19 11:47:28,700 - INFO - ACDC: 1h change of 2.37%
2025-01-19 11:47:28,782 - INFO - ACDC: 1wk change of 9.78%
2025-01-19 11:47:28,882 - INFO - ACDC: 1mo change of 39.93%
2025-01-19 11:47:29,390 - INFO - Processing ACDC - 2024-11-13 15:18:21 UTC
2025-01-19 11:47:29,515 - INFO - Retrieved article length: 8581 characters
2025-01-19 11:47:29,616 - INFO - ACET: 1h change of -7.66%
2025-01-19 11:47:29,705 - INFO - ACET: 1wk change of -12.64%
2025-01-19 11:47:29,793 - INFO - ACET: 1mo change of -20.35%
2025-01-19 11:47:30,296 - INFO - Processing ACET - 2024-11-19 00:00:00 UTC
2025-01-19 11:47:30,472 - INFO - Retrieved article length: 1283 characters
2025-01-19 11:47:30,571 - INFO - ACDC: 1h change of -9.14%
2025-01-19 11:47:30,664 - INFO - ACDC: 1wk change of 24.20%
2025-01-19 11:47:30,749 - INFO - ACDC: 1mo change of 5.78%
2025-01-19 11:47:31,251 - INFO - Processing ACDC - 2024-11-12 15:00:00 UTC
2025-01-19 11:47:31,370 - INFO - Retrieved article length: 7880 characters
2025-01-19 11:47:31,465 - INFO - ACET: 1h change of -1.17%
2025-01-19 11:47:31,561 - INFO - ACET: 1wk change of -11.90%
2025-01-19 11:47:31,654 - INFO - ACET: 1mo change of -36.14%
2025-01-19 11:47:32,155 - INFO - Processing ACET - 2024-11-18 15:00:00 UTC
2025-01-19 11:47:32,308 - INFO - Retrieved article length: 11233 characters
2025-01-19 11:47:32,390 - INFO - ACDC: 1h change of -4.94%
2025-01-19 11:47:32,487 - INFO - ACDC: 1wk change of 20.99%
2025-01-19 11:47:32,585 - INFO - ACDC: 1mo change of 2.64%
2025-01-19 11:47:33,088 - INFO - Processing ACDC - 2024-11-12 15:00:00 UTC
2025-01-19 11:47:33,177 - INFO - Retrieved article length: 7613 characters
2025-01-19 11:47:33,262 - INFO - ACET: 1h change of 5.16%
2025-01-19 11:47:33,357 - INFO - ACET: 1wk change of -15.27%
2025-01-19 11:47:33,445 - INFO - ACET: 1mo change of -34.06%
2025-01-19 11:47:33,946 - INFO - Processing ACET - 2024-11-18 14:33:52 UTC
2025-01-19 11:47:34,140 - INFO - Retrieved article length: 11215 characters
2025-01-19 11:47:34,158 - INFO - ACDC: 1h change of -4.94%
2025-01-19 11:47:34,164 - INFO - ACDC: 1wk change of 20.99%
2025-01-19 11:47:34,170 - INFO - ACDC: 1mo change of 2.64%
2025-01-19 11:47:35,141 - INFO - Retrieved article length: 4627 characters
2025-01-19 11:47:35,160 - INFO - ACET: 1h change of 5.16%
2025-01-19 11:47:35,165 - INFO - ACET: 1wk change of -15.27%
2025-01-19 11:47:35,171 - INFO - ACET: 1mo change of -34.06%
2025-01-19 11:47:35,673 - INFO - Processing ACET - 2024-11-16 17:00:00 UTC
2025-01-19 11:47:35,835 - INFO - Processing ACHC - 2025-01-08 20:08:00 UTC
2025-01-19 11:47:36,780 - INFO - Retrieved article length: 9085 characters
2025-01-19 11:47:36,882 - INFO - ACET: 1h change of -16.44%
2025-01-19 11:47:36,963 - INFO - Retrieved article length: 5465 characters
2025-01-19 11:47:37,023 - INFO - ACET: 1wk change of -30.46%
2025-01-19 11:47:37,043 - INFO - ACHC: 1h change of 1.12%
2025-01-19 11:47:37,123 - INFO - ACET: 1mo change of -34.06%
2025-01-19 11:47:37,139 - INFO - ACHC: 1wk change of 13.48%
2025-01-19 11:47:37,231 - INFO - ACHC: 1mo change of 3.84%
2025-01-19 11:47:37,739 - INFO - Processing ACHC - 2025-01-07 19:00:00 UTC
2025-01-19 11:47:38,748 - INFO - Processing ACHL - 2024-12-25 17:35:11 UTC
2025-01-19 11:47:38,834 - INFO - Retrieved article length: 1757 characters
2025-01-19 11:47:38,941 - INFO - ACHC: 1h change of 1.12%
2025-01-19 11:47:39,025 - INFO - ACHC: 1wk change of 8.74%
2025-01-19 11:47:39,111 - INFO - ACHC: 1mo change of 3.62%
2025-01-19 11:47:39,614 - INFO - Processing ACHC - 2025-01-07 17:29:55 UTC
2025-01-19 11:47:39,844 - INFO - Retrieved article length: 2006 characters
2025-01-19 11:47:39,945 - INFO - ACHL: 1h change of 16.87%
2025-01-19 11:47:40,040 - INFO - ACHL: 1wk change of 17.53%
2025-01-19 11:47:40,127 - INFO - ACHL: 1mo change of 6.54%
2025-01-19 11:47:40,628 - INFO - Processing ACHL - 2024-12-24 17:44:19 UTC
2025-01-19 11:47:40,750 - INFO - Retrieved article length: 2367 characters
2025-01-19 11:47:40,750 - INFO - ACHC: 1h change of 1.12%
2025-01-19 11:47:40,763 - INFO - ACHC: 1wk change of 8.74%
2025-01-19 11:47:40,812 - INFO - ACHC: 1mo change of 3.62%
2025-01-19 11:47:41,312 - INFO - Processing ACHC - 2025-01-07 14:33:30 UTC
2025-01-19 11:47:41,762 - INFO - Retrieved article length: 564 characters
2025-01-19 11:47:41,863 - INFO - ACHL: 1h change of 15.85%
2025-01-19 11:47:42,046 - INFO - ACHL: 1wk change of 15.50%
2025-01-19 11:47:42,151 - INFO - ACHL: 1mo change of 8.57%
2025-01-19 11:47:42,340 - INFO - Retrieved article length: 526 characters
2025-01-19 11:47:42,340 - INFO - ACHC: 1h change of 1.12%
2025-01-19 11:47:42,361 - INFO - ACHC: 1wk change of 8.74%
2025-01-19 11:47:42,413 - INFO - ACHC: 1mo change of 3.62%
2025-01-19 11:47:42,653 - INFO - Processing ACHL - 2024-12-24 17:30:00 UTC
2025-01-19 11:47:42,914 - INFO - Processing ACHC - 2024-12-19 15:56:18 UTC
2025-01-19 11:47:43,737 - INFO - Retrieved article length: 5983 characters
2025-01-19 11:47:43,737 - INFO - ACHL: 1h change of 15.85%
2025-01-19 11:47:43,755 - INFO - ACHL: 1wk change of 15.50%
2025-01-19 11:47:43,803 - INFO - ACHL: 1mo change of 8.57%
2025-01-19 11:47:43,990 - INFO - Retrieved article length: 3995 characters
2025-01-19 11:47:44,090 - INFO - ACHC: 1h change of -4.82%
2025-01-19 11:47:44,182 - INFO - ACHC: 1wk change of -6.96%
2025-01-19 11:47:44,271 - INFO - ACHC: 1mo change of 11.23%
2025-01-19 11:47:44,304 - INFO - Processing ACHL - 2024-11-19 20:04:52 UTC
2025-01-19 11:47:44,774 - INFO - Processing ACHC - 2024-12-12 15:15:29 UTC
2025-01-19 11:47:45,457 - INFO - Retrieved article length: 6911 characters
2025-01-19 11:47:45,554 - INFO - ACHL: 1h change of 3.88%
2025-01-19 11:47:45,652 - INFO - ACHL: 1wk change of 2.88%
2025-01-19 11:47:45,866 - INFO - Retrieved article length: 533 characters
2025-01-19 11:47:45,963 - INFO - ACHC: 1h change of 6.29%
2025-01-19 11:47:46,064 - INFO - ACHC: 1wk change of -10.87%
2025-01-19 11:47:46,148 - INFO - ACHC: 1mo change of 2.28%
2025-01-19 11:47:46,243 - INFO - Processing ACHL - 2024-11-19 15:00:00 UTC
2025-01-19 11:47:46,649 - INFO - Processing ACHC - 2024-12-03 16:36:00 UTC
2025-01-19 11:47:47,380 - INFO - Retrieved article length: 4813 characters
2025-01-19 11:47:47,392 - INFO - ACHL: 1h change of 3.88%
2025-01-19 11:47:47,398 - INFO - ACHL: 1wk change of 2.88%
2025-01-19 11:47:47,719 - INFO - Retrieved article length: 2540 characters
2025-01-19 11:47:47,805 - INFO - ACHC: 1h change of 1.81%
2025-01-19 11:47:47,906 - INFO - Processing ACHL - 2024-11-14 15:00:00 UTC
2025-01-19 11:47:47,992 - INFO - ACHC: 1mo change of -13.08%
2025-01-19 11:47:48,494 - INFO - Processing ACHC - 2024-11-29 19:31:42 UTC
2025-01-19 11:47:49,034 - INFO - Retrieved article length: 7377 characters
2025-01-19 11:47:49,120 - INFO - ACHL: 1h change of 3.45%
2025-01-19 11:47:49,211 - INFO - ACHL: 1wk change of 3.41%
2025-01-19 11:47:49,292 - INFO - ACHL: 1mo change of -1.23%
2025-01-19 11:47:49,562 - INFO - Retrieved article length: 5890 characters
2025-01-19 11:47:49,752 - INFO - ACHC: 1wk change of 10.87%
2025-01-19 11:47:49,842 - INFO - ACHC: 1mo change of -19.89%
2025-01-19 11:47:50,996 - INFO - Processing ACHR - 2024-12-19 16:30:00 UTC
2025-01-19 11:47:51,469 - INFO - Processing ACHV - 2025-01-10 16:30:00 UTC
2025-01-19 11:47:52,063 - INFO - Retrieved article length: 12142 characters
2025-01-19 11:47:52,211 - INFO - ACHR: 1h change of 6.99%
2025-01-19 11:47:52,302 - INFO - ACHR: 1wk change of 42.97%
2025-01-19 11:47:52,383 - INFO - ACHR: 1mo change of 105.59%
2025-01-19 11:47:52,541 - INFO - Retrieved article length: 10406 characters
2025-01-19 11:47:52,634 - INFO - ACHV: 1h change of -8.30%
2025-01-19 11:47:52,718 - INFO - ACHV: 1wk change of -12.22%
2025-01-19 11:47:52,812 - INFO - ACHV: 1mo change of -31.64%
2025-01-19 11:47:52,893 - INFO - Processing ACHR - 2024-12-12 19:50:21 UTC
2025-01-19 11:47:53,320 - INFO - Processing ACHV - 2025-01-07 16:30:00 UTC
2025-01-19 11:47:54,008 - INFO - Retrieved article length: 1841 characters
2025-01-19 11:47:54,108 - INFO - ACHR: 1h change of 8.11%
2025-01-19 11:47:54,184 - INFO - ACHR: 1wk change of 30.00%
2025-01-19 11:47:54,287 - INFO - ACHR: 1mo change of 151.14%
2025-01-19 11:47:54,386 - INFO - Retrieved article length: 10011 characters
2025-01-19 11:47:54,484 - INFO - ACHV: 1h change of -6.38%
2025-01-19 11:47:54,574 - INFO - ACHV: 1wk change of -14.96%
2025-01-19 11:47:54,656 - INFO - ACHV: 1mo change of -32.24%
2025-01-19 11:47:54,788 - INFO - Processing ACHR - 2024-12-12 16:45:00 UTC
2025-01-19 11:47:55,166 - INFO - Processing ACHV - 2025-01-06 16:30:00 UTC
2025-01-19 11:47:55,867 - INFO - Retrieved article length: 6029 characters
2025-01-19 11:47:55,879 - INFO - ACHR: 1h change of 8.11%
2025-01-19 11:47:55,885 - INFO - ACHR: 1wk change of 30.00%
2025-01-19 11:47:55,891 - INFO - ACHR: 1mo change of 151.14%
2025-01-19 11:47:56,288 - INFO - Retrieved article length: 7199 characters
2025-01-19 11:47:56,392 - INFO - Processing ACHR - 2024-12-06 17:28:00 UTC
2025-01-19 11:47:56,469 - INFO - ACHV: 1wk change of -9.89%
2025-01-19 11:47:56,572 - INFO - ACHV: 1mo change of -29.45%
2025-01-19 11:47:57,074 - INFO - Processing ACHV - 2025-01-02 19:04:38 UTC
2025-01-19 11:47:57,514 - INFO - Retrieved article length: 12763 characters
2025-01-19 11:47:57,608 - INFO - ACHR: 1h change of 16.36%
2025-01-19 11:47:57,708 - INFO - ACHR: 1wk change of 16.20%
2025-01-19 11:47:57,803 - INFO - ACHR: 1mo change of 219.51%
2025-01-19 11:47:58,194 - INFO - Retrieved article length: 3106 characters
2025-01-19 11:47:58,295 - INFO - ACHV: 1h change of 4.53%
2025-01-19 11:47:58,303 - INFO - Processing ACHR - 2024-11-20 00:18:51 UTC
2025-01-19 11:47:58,382 - INFO - ACHV: 1wk change of -10.58%
2025-01-19 11:47:58,470 - INFO - ACHV: 1mo change of -29.93%
2025-01-19 11:47:58,972 - INFO - Processing ACHV - 2024-12-22 17:45:08 UTC
2025-01-19 11:47:59,450 - INFO - Retrieved article length: 1218 characters
2025-01-19 11:47:59,550 - INFO - ACHR: 1h change of 36.80%
2025-01-19 11:47:59,643 - INFO - ACHR: 1wk change of 112.20%
2025-01-19 11:47:59,732 - INFO - ACHR: 1mo change of 238.56%
2025-01-19 11:48:00,128 - INFO - Retrieved article length: 6432 characters
2025-01-19 11:48:00,214 - INFO - ACHV: 1h change of -1.05%
2025-01-19 11:48:00,233 - INFO - Processing ACHR - 2024-11-12 08:00:00 UTC
2025-01-19 11:48:00,305 - INFO - ACHV: 1wk change of -14.98%
2025-01-19 11:48:00,390 - INFO - ACHV: 1mo change of -25.72%
2025-01-19 11:48:00,892 - INFO - Processing ACHV - 2024-12-09 18:15:44 UTC
2025-01-19 11:48:01,567 - INFO - Retrieved article length: 4860 characters
2025-01-19 11:48:01,646 - INFO - ACHR: 1h change of -3.74%
2025-01-19 11:48:01,745 - INFO - ACHR: 1wk change of 78.40%
2025-01-19 11:48:01,902 - INFO - ACHR: 1mo change of 192.74%
2025-01-19 11:48:02,027 - INFO - Retrieved article length: 480 characters
2025-01-19 11:48:02,128 - INFO - ACHV: 1h change of -3.30%
2025-01-19 11:48:02,210 - INFO - ACHV: 1wk change of -9.30%
2025-01-19 11:48:02,306 - INFO - ACHV: 1mo change of -28.69%
2025-01-19 11:48:02,402 - INFO - Processing ACHR - 2024-11-08 00:05:00 UTC
2025-01-19 11:48:02,807 - INFO - Processing ACHV - 2024-12-09 16:30:00 UTC
2025-01-19 11:48:03,469 - INFO - Retrieved article length: 16590 characters
2025-01-19 11:48:03,554 - INFO - ACHR: 1h change of 20.18%
2025-01-19 11:48:03,696 - INFO - ACHR: 1wk change of 22.32%
2025-01-19 11:48:03,810 - INFO - ACHR: 1mo change of 140.60%
2025-01-19 11:48:03,862 - INFO - Retrieved article length: 8977 characters
2025-01-19 11:48:03,881 - INFO - ACHV: 1h change of -3.30%
2025-01-19 11:48:03,889 - INFO - ACHV: 1wk change of -9.30%
2025-01-19 11:48:03,896 - INFO - ACHV: 1mo change of -28.69%
2025-01-19 11:48:04,312 - INFO - Processing ACHR - 2024-11-07 16:00:00 UTC
2025-01-19 11:48:04,397 - INFO - Processing ACHV - 2024-12-03 16:30:00 UTC
2025-01-19 11:48:05,452 - INFO - Retrieved article length: 6642 characters
2025-01-19 11:48:05,527 - INFO - Retrieved article length: 10892 characters
2025-01-19 11:48:05,544 - INFO - ACHR: 1h change of 22.20%
2025-01-19 11:48:05,628 - INFO - ACHV: 1h change of 2.03%
2025-01-19 11:48:05,682 - INFO - ACHR: 1wk change of 20.53%
2025-01-19 11:48:05,740 - INFO - ACHV: 1wk change of -8.20%
2025-01-19 11:48:05,772 - INFO - ACHR: 1mo change of 151.36%
2025-01-19 11:48:05,824 - INFO - ACHV: 1mo change of -24.79%
2025-01-19 11:48:07,390 - INFO - Processing ACI - 2025-01-17 13:30:00 UTC
2025-01-19 11:48:07,458 - INFO - Processing ACIC - 2024-12-25 17:02:53 UTC
2025-01-19 11:48:08,487 - INFO - Retrieved article length: 6933 characters
2025-01-19 11:48:08,580 - INFO - ACIC: 1h change of 4.59%
2025-01-19 11:48:08,701 - INFO - ACIC: 1wk change of -8.84%
2025-01-19 11:48:08,734 - INFO - Retrieved article length: 5128 characters
2025-01-19 11:48:08,798 - INFO - ACIC: 1mo change of -3.10%
2025-01-19 11:48:08,828 - INFO - ACI: 1h change of -2.48%
2025-01-19 11:48:09,308 - INFO - Processing ACIC - 2024-12-04 17:00:00 UTC
2025-01-19 11:48:09,533 - INFO - Processing ACI - 2025-01-16 20:30:00 UTC
2025-01-19 11:48:10,348 - INFO - Retrieved article length: 1860 characters
2025-01-19 11:48:10,446 - INFO - ACIC: 1h change of 6.32%
2025-01-19 11:48:10,545 - INFO - ACIC: 1wk change of 2.28%
2025-01-19 11:48:10,648 - INFO - ACIC: 1mo change of 4.03%
2025-01-19 11:48:10,682 - INFO - Retrieved article length: 1188 characters
2025-01-19 11:48:10,781 - INFO - ACI: 1h change of -5.24%
2025-01-19 11:48:10,960 - INFO - ACI: 1mo change of 2.72%
2025-01-19 11:48:11,153 - INFO - Processing ACIC - 2024-11-26 17:08:12 UTC
2025-01-19 11:48:11,461 - INFO - Processing ACI - 2025-01-15 19:00:00 UTC
2025-01-19 11:48:12,266 - INFO - Retrieved article length: 7470 characters
2025-01-19 11:48:12,353 - INFO - ACIC: 1h change of -1.45%
2025-01-19 11:48:12,469 - INFO - ACIC: 1wk change of 9.33%
2025-01-19 11:48:12,568 - INFO - ACIC: 1mo change of 27.20%
2025-01-19 11:48:12,610 - INFO - Retrieved article length: 1541 characters
2025-01-19 11:48:12,710 - INFO - ACI: 1h change of -1.42%
2025-01-19 11:48:12,889 - INFO - ACI: 1mo change of 7.73%
2025-01-19 11:48:13,079 - INFO - Processing ACIC - 2024-11-25 13:18:25 UTC
2025-01-19 11:48:13,392 - INFO - Processing ACI - 2025-01-14 23:09:10 UTC
2025-01-19 11:48:14,168 - INFO - Retrieved article length: 4557 characters
2025-01-19 11:48:14,273 - INFO - ACIC: 1h change of -2.24%
2025-01-19 11:48:14,387 - INFO - ACIC: 1wk change of 10.93%
2025-01-19 11:48:14,478 - INFO - ACIC: 1mo change of 28.16%
2025-01-19 11:48:14,532 - INFO - Retrieved article length: 7715 characters
2025-01-19 11:48:14,813 - INFO - ACI: 1mo change of 6.10%
2025-01-19 11:48:14,993 - INFO - Processing ACIC - 2024-11-19 16:34:00 UTC
2025-01-19 11:48:15,319 - INFO - Processing ACI - 2025-01-14 17:45:00 UTC
2025-01-19 11:48:16,090 - INFO - Retrieved article length: 2616 characters
2025-01-19 11:48:16,235 - INFO - ACIC: 1h change of -1.74%
2025-01-19 11:48:16,330 - INFO - ACIC: 1wk change of 1.72%
2025-01-19 11:48:16,449 - INFO - ACIC: 1mo change of 22.71%
2025-01-19 11:48:16,538 - INFO - Retrieved article length: 2568 characters
2025-01-19 11:48:16,647 - INFO - ACI: 1mo change of 6.10%
2025-01-19 11:48:16,952 - INFO - Processing ACIC - 2024-11-08 13:45:34 UTC
2025-01-19 11:48:17,150 - INFO - Processing ACI - 2025-01-10 19:22:32 UTC
2025-01-19 11:48:18,024 - INFO - Retrieved article length: 2065 characters
2025-01-19 11:48:18,216 - INFO - ACIC: 1wk change of 9.41%
2025-01-19 11:48:18,216 - INFO - Retrieved article length: 6464 characters
2025-01-19 11:48:18,314 - INFO - ACIC: 1mo change of 23.75%
2025-01-19 11:48:18,507 - INFO - ACI: 1mo change of 2.61%
2025-01-19 11:48:18,819 - INFO - Processing ACIC - 2024-11-08 00:00:21 UTC
2025-01-19 11:48:19,008 - INFO - Processing ACI - 2025-01-10 15:09:00 UTC
2025-01-19 11:48:19,942 - INFO - Retrieved article length: 3962 characters
2025-01-19 11:48:19,956 - INFO - ACIC: 1wk change of 9.41%
2025-01-19 11:48:19,959 - INFO - ACIC: 1mo change of 23.75%
2025-01-19 11:48:20,276 - INFO - Retrieved article length: 2286 characters
2025-01-19 11:48:20,390 - INFO - ACI: 1mo change of 2.61%
2025-01-19 11:48:20,463 - INFO - Processing ACIC - 2024-11-07 00:05:00 UTC
2025-01-19 11:48:20,892 - INFO - Processing ACI - 2025-01-10 09:00:11 UTC
2025-01-19 11:48:21,783 - INFO - Retrieved article length: 32323 characters
2025-01-19 11:48:21,884 - INFO - ACIC: 1h change of 4.86%
2025-01-19 11:48:22,006 - INFO - ACIC: 1wk change of 6.97%
2025-01-19 11:48:22,055 - INFO - Retrieved article length: 1686 characters
2025-01-19 11:48:22,110 - INFO - ACIC: 1mo change of 28.40%
2025-01-19 11:48:22,146 - INFO - ACI: 1mo change of 2.61%
2025-01-19 11:48:23,738 - INFO - Processing ACIW - 2025-01-16 12:38:00 UTC
2025-01-19 11:48:23,783 - INFO - Processing ACLS - 2025-01-10 16:44:00 UTC
2025-01-19 11:48:24,835 - INFO - Retrieved article length: 2801 characters
2025-01-19 11:48:24,874 - INFO - Retrieved article length: 2579 characters
2025-01-19 11:48:24,949 - INFO - ACIW: 1h change of 3.28%
2025-01-19 11:48:24,974 - INFO - ACLS: 1h change of -3.80%
2025-01-19 11:48:25,041 - INFO - ACIW: 1wk change of 2.11%
2025-01-19 11:48:25,063 - INFO - ACLS: 1wk change of 2.49%
2025-01-19 11:48:25,131 - INFO - ACIW: 1mo change of -1.39%
2025-01-19 11:48:25,131 - INFO - ACLS: 1mo change of -3.48%
2025-01-19 11:48:25,633 - INFO - Processing ACIW - 2025-01-15 15:00:00 UTC
2025-01-19 11:48:25,645 - INFO - Processing ACLS - 2025-01-09 15:31:12 UTC
2025-01-19 11:48:26,720 - INFO - Retrieved article length: 3647 characters
2025-01-19 11:48:26,791 - INFO - Retrieved article length: 7358 characters
2025-01-19 11:48:26,820 - INFO - ACIW: 1h change of 6.45%
2025-01-19 11:48:26,881 - INFO - ACLS: 1h change of -8.17%
2025-01-19 11:48:26,901 - INFO - ACIW: 1wk change of 2.11%
2025-01-19 11:48:26,989 - INFO - ACIW: 1mo change of -3.60%
2025-01-19 11:48:27,007 - INFO - ACLS: 1wk change of 2.27%
2025-01-19 11:48:27,109 - INFO - ACLS: 1mo change of -2.58%
2025-01-19 11:48:27,493 - INFO - Processing ACIW - 2025-01-14 18:40:44 UTC
2025-01-19 11:48:27,625 - INFO - Processing ACLS - 2025-01-08 18:42:19 UTC
2025-01-19 11:48:28,835 - INFO - Retrieved article length: 9428 characters
2025-01-19 11:48:28,835 - INFO - Retrieved article length: 3117 characters
2025-01-19 11:48:28,931 - INFO - ACIW: 1h change of 4.77%
2025-01-19 11:48:28,931 - INFO - ACLS: 1h change of -4.47%
2025-01-19 11:48:29,026 - INFO - ACLS: 1wk change of 2.27%
2025-01-19 11:48:29,026 - INFO - ACIW: 1wk change of 2.11%
2025-01-19 11:48:29,123 - INFO - ACLS: 1mo change of -6.06%
2025-01-19 11:48:29,615 - INFO - Processing ACIW - 2025-01-09 16:08:00 UTC
2025-01-19 11:48:29,631 - INFO - Processing ACLS - 2025-01-06 16:00:00 UTC
2025-01-19 11:48:30,705 - INFO - Retrieved article length: 3683 characters
2025-01-19 11:48:30,887 - INFO - ACIW: 1wk change of 4.56%
2025-01-19 11:48:30,956 - INFO - Retrieved article length: 2105 characters
2025-01-19 11:48:31,027 - INFO - ACIW: 1mo change of -2.50%
2025-01-19 11:48:31,046 - INFO - ACLS: 1h change of -3.70%
2025-01-19 11:48:31,219 - INFO - ACLS: 1mo change of -7.32%
2025-01-19 11:48:31,528 - INFO - Processing ACIW - 2025-01-08 14:15:00 UTC
2025-01-19 11:48:31,724 - INFO - Processing ACLS - 2024-12-21 02:15:08 UTC
2025-01-19 11:48:32,772 - INFO - Retrieved article length: 3791 characters
2025-01-19 11:48:32,857 - INFO - ACIW: 1h change of -2.05%
2025-01-19 11:48:32,953 - INFO - ACIW: 1wk change of 4.56%
2025-01-19 11:48:32,968 - INFO - Retrieved article length: 3774 characters
2025-01-19 11:48:33,035 - INFO - ACIW: 1mo change of -4.59%
2025-01-19 11:48:33,147 - INFO - ACLS: 1wk change of -7.69%
2025-01-19 11:48:33,538 - INFO - Processing ACIW - 2024-12-19 08:30:00 UTC
2025-01-19 11:48:33,738 - INFO - Processing ACLS - 2024-12-17 14:32:47 UTC
2025-01-19 11:48:34,664 - INFO - Retrieved article length: 4336 characters
2025-01-19 11:48:34,756 - INFO - ACIW: 1h change of -1.08%
2025-01-19 11:48:34,786 - INFO - Retrieved article length: 8462 characters
2025-01-19 11:48:34,829 - INFO - ACIW: 1wk change of -3.66%
2025-01-19 11:48:34,876 - INFO - ACLS: 1h change of -6.22%
2025-01-19 11:48:34,953 - INFO - ACIW: 1mo change of -2.11%
2025-01-19 11:48:34,953 - INFO - ACLS: 1wk change of -6.55%
2025-01-19 11:48:35,045 - INFO - ACLS: 1mo change of -13.44%
2025-01-19 11:48:35,455 - INFO - Processing ACIW - 2024-12-12 08:30:00 UTC
2025-01-19 11:48:35,546 - INFO - Processing ACLS - 2024-12-16 19:18:07 UTC
2025-01-19 11:48:36,573 - INFO - Retrieved article length: 4950 characters
2025-01-19 11:48:36,629 - INFO - Retrieved article length: 526 characters
2025-01-19 11:48:36,737 - INFO - ACLS: 1h change of -1.19%
2025-01-19 11:48:36,768 - INFO - ACIW: 1wk change of -7.18%
2025-01-19 11:48:36,823 - INFO - ACLS: 1wk change of -2.82%
2025-01-19 11:48:36,865 - INFO - ACIW: 1mo change of -9.66%
2025-01-19 11:48:36,914 - INFO - ACLS: 1mo change of -16.08%
2025-01-19 11:48:37,367 - INFO - Processing ACIW - 2024-12-07 16:17:55 UTC
2025-01-19 11:48:37,415 - INFO - Processing ACLS - 2024-12-13 02:15:09 UTC
2025-01-19 11:48:38,462 - INFO - Retrieved article length: 3874 characters
2025-01-19 11:48:38,494 - INFO - Retrieved article length: 3836 characters
2025-01-19 11:48:38,585 - INFO - ACLS: 1h change of -1.43%
2025-01-19 11:48:38,623 - INFO - ACIW: 1wk change of -3.12%
2025-01-19 11:48:38,671 - INFO - ACLS: 1wk change of -8.83%
2025-01-19 11:48:38,720 - INFO - ACIW: 1mo change of 2.37%
2025-01-19 11:48:38,758 - INFO - ACLS: 1mo change of -15.40%
2025-01-19 11:48:40,406 - INFO - Processing ACLX - 2025-01-16 16:33:00 UTC
2025-01-19 11:48:41,667 - INFO - Retrieved article length: 3088 characters
2025-01-19 11:48:41,777 - INFO - ACLX: 1h change of -1.12%
2025-01-19 11:48:41,860 - INFO - ACLX: 1wk change of -11.37%
2025-01-19 11:48:41,951 - INFO - ACLX: 1mo change of -20.31%
2025-01-19 11:48:42,453 - INFO - Processing ACLX - 2025-01-13 11:22:52 UTC
2025-01-19 11:48:43,532 - INFO - Retrieved article length: 516 characters
2025-01-19 11:48:43,627 - INFO - ACLX: 1h change of -2.62%
2025-01-19 11:48:43,718 - INFO - ACLX: 1wk change of -15.99%
2025-01-19 11:48:43,806 - INFO - ACLX: 1mo change of -19.86%
2025-01-19 11:48:44,308 - INFO - Processing ACLX - 2025-01-13 11:22:01 UTC
2025-01-19 11:48:45,420 - INFO - Retrieved article length: 516 characters
2025-01-19 11:48:45,438 - INFO - ACLX: 1h change of -2.62%
2025-01-19 11:48:45,485 - INFO - ACLX: 1wk change of -15.99%
2025-01-19 11:48:45,542 - INFO - ACLX: 1mo change of -19.86%
2025-01-19 11:48:46,044 - INFO - Processing ACLX - 2025-01-07 12:14:00 UTC
2025-01-19 11:48:47,148 - INFO - Retrieved article length: 2765 characters
2025-01-19 11:48:47,243 - INFO - ACLX: 1h change of -6.39%
2025-01-19 11:48:47,321 - INFO - ACLX: 1wk change of -14.47%
2025-01-19 11:48:47,420 - INFO - ACLX: 1mo change of -25.01%
2025-01-19 11:48:47,922 - INFO - Processing ACLX - 2025-01-07 11:16:17 UTC
2025-01-19 11:48:48,968 - INFO - Retrieved article length: 515 characters
2025-01-19 11:48:48,968 - INFO - ACLX: 1h change of -6.39%
2025-01-19 11:48:48,984 - INFO - ACLX: 1wk change of -14.47%
2025-01-19 11:48:49,032 - INFO - ACLX: 1mo change of -25.01%
2025-01-19 11:48:49,535 - INFO - Processing ACLX - 2024-12-27 22:09:00 UTC
2025-01-19 11:48:50,682 - INFO - Retrieved article length: 143 characters
2025-01-19 11:48:50,761 - INFO - ACLX: 1h change of 1.48%
2025-01-19 11:48:50,863 - INFO - ACLX: 1wk change of -3.53%
2025-01-19 11:48:50,953 - INFO - ACLX: 1mo change of -26.49%
2025-01-19 11:48:51,459 - INFO - Processing ACLX - 2024-12-11 05:00:00 UTC
2025-01-19 11:48:52,601 - INFO - Retrieved article length: 3325 characters
2025-01-19 11:48:52,782 - INFO - ACLX: 1wk change of -21.08%
2025-01-19 11:48:52,877 - INFO - ACLX: 1mo change of -30.47%
2025-01-19 11:48:53,380 - INFO - Processing ACLX - 2024-12-10 22:31:04 UTC
2025-01-19 11:48:54,439 - INFO - Retrieved article length: 553 characters
2025-01-19 11:48:54,543 - INFO - ACLX: 1h change of 4.09%
2025-01-19 11:48:54,616 - INFO - ACLX: 1wk change of -21.43%
2025-01-19 11:48:54,716 - INFO - ACLX: 1mo change of -22.68%
