2025-01-19 11:44:13,948 - INFO - Starting new training session. Logging to: logs/training_20250119_114413.log
2025-01-19 11:44:13,948 - INFO -  Starting Market ML Training...
2025-01-19 11:44:13,952 - INFO - Loaded 3826 symbols
2025-01-19 11:44:13,952 - INFO -  Starting training process...
2025-01-19 11:44:13,952 - INFO - 
Processing chunk 1/96
2025-01-19 11:48:55,221 - INFO - Total samples collected so far: 239
2025-01-19 11:48:55,254 - INFO - Taking a break between chunks...
2025-01-19 11:49:05,255 - INFO - 
Processing chunk 2/96
2025-01-19 11:53:34,086 - INFO - Total samples collected so far: 495
2025-01-19 11:53:34,124 - INFO - Taking a break between chunks...
2025-01-19 11:53:44,125 - INFO - 
Processing chunk 3/96
2025-01-19 11:57:21,756 - INFO - Total samples collected so far: 657
2025-01-19 11:57:21,784 - INFO - Taking a break between chunks...
2025-01-19 11:57:31,785 - INFO - 
Processing chunk 4/96
2025-01-19 12:01:52,276 - INFO - Total samples collected so far: 863
2025-01-19 12:01:52,306 - INFO - Taking a break between chunks...
2025-01-19 12:02:02,306 - INFO - 
Processing chunk 5/96
2025-01-19 12:06:59,091 - INFO - Total samples collected so far: 1147
2025-01-19 12:06:59,118 - INFO - Taking a break between chunks...
2025-01-19 12:07:09,119 - INFO - 
Processing chunk 6/96
2025-01-19 12:11:43,883 - INFO - Total samples collected so far: 1410
2025-01-19 12:11:43,908 - INFO - Taking a break between chunks...
2025-01-19 12:11:53,909 - INFO - 
Processing chunk 7/96
2025-01-19 12:16:24,005 - INFO - Total samples collected so far: 1651
2025-01-19 12:16:24,033 - INFO - Taking a break between chunks...
2025-01-19 12:16:34,034 - INFO - 
Processing chunk 8/96
2025-01-19 12:21:00,055 - INFO - Total samples collected so far: 1878
2025-01-19 12:21:00,075 - INFO - Taking a break between chunks...
2025-01-19 12:21:10,077 - INFO - 
Processing chunk 9/96
2025-01-19 12:25:44,134 - INFO - Total samples collected so far: 2121
2025-01-19 12:25:44,158 - INFO - Taking a break between chunks...
2025-01-19 12:25:54,160 - INFO - 
Processing chunk 10/96
2025-01-19 12:30:50,364 - INFO - Total samples collected so far: 2393
2025-01-19 12:30:50,391 - INFO - Taking a break between chunks...
2025-01-19 12:31:00,392 - INFO - 
Processing chunk 11/96
2025-01-19 12:34:51,663 - INFO - Total samples collected so far: 2590
2025-01-19 12:34:51,688 - INFO - Taking a break between chunks...
2025-01-19 12:35:01,690 - INFO - 
Processing chunk 12/96
2025-01-19 12:39:40,546 - INFO - Total samples collected so far: 2833
2025-01-19 12:39:40,569 - INFO - Taking a break between chunks...
2025-01-19 12:39:50,572 - INFO - 
Processing chunk 13/96
2025-01-19 12:43:39,500 - INFO - Total samples collected so far: 3034
2025-01-19 12:43:39,526 - INFO - Taking a break between chunks...
2025-01-19 12:43:49,530 - INFO - 
Processing chunk 14/96
2025-01-19 12:48:00,338 - INFO - Total samples collected so far: 3253
2025-01-19 12:48:00,358 - INFO - Taking a break between chunks...
2025-01-19 12:48:10,361 - INFO - 
Processing chunk 15/96
2025-01-19 12:53:46,175 - INFO - Total samples collected so far: 3540
2025-01-19 12:53:46,197 - INFO - Taking a break between chunks...
2025-01-19 12:53:56,203 - INFO - 
Processing chunk 16/96
2025-01-19 12:58:35,104 - INFO - Total samples collected so far: 3764
2025-01-19 12:58:35,134 - INFO - Taking a break between chunks...
2025-01-19 12:58:45,135 - INFO - 
Processing chunk 17/96
2025-01-19 13:02:00,973 - INFO - Total samples collected so far: 3871
2025-01-19 13:02:00,993 - INFO - Taking a break between chunks...
2025-01-19 13:02:10,994 - INFO - 
Processing chunk 18/96
2025-01-19 13:06:33,443 - INFO - Total samples collected so far: 4103
2025-01-19 13:06:33,463 - INFO - Taking a break between chunks...
2025-01-19 13:06:43,463 - INFO - 
Processing chunk 19/96
2025-01-19 13:12:04,575 - INFO - Total samples collected so far: 4402
2025-01-19 13:12:04,598 - INFO - Taking a break between chunks...
2025-01-19 13:12:14,599 - INFO - 
Processing chunk 20/96
2025-01-19 13:16:51,098 - INFO - Total samples collected so far: 4651
2025-01-19 13:16:51,122 - INFO - Taking a break between chunks...
2025-01-19 13:17:01,123 - INFO - 
Processing chunk 21/96
2025-01-19 13:22:04,956 - INFO - Total samples collected so far: 4925
2025-01-19 13:22:04,983 - INFO - Taking a break between chunks...
2025-01-19 13:22:14,983 - INFO - 
Processing chunk 22/96
2025-01-19 13:27:11,890 - INFO - Total samples collected so far: 5192
2025-01-19 13:27:11,929 - INFO - Taking a break between chunks...
2025-01-19 13:27:21,930 - INFO - 
Processing chunk 23/96
2025-01-19 13:31:48,179 - INFO - Total samples collected so far: 5428
2025-01-19 13:31:48,202 - INFO - Taking a break between chunks...
2025-01-19 13:31:58,204 - INFO - 
Processing chunk 24/96
2025-01-19 13:36:48,379 - INFO - Total samples collected so far: 5685
2025-01-19 13:36:48,415 - INFO - Taking a break between chunks...
2025-01-19 13:36:58,417 - INFO - 
Processing chunk 25/96
2025-01-19 13:41:34,200 - INFO - Total samples collected so far: 5927
2025-01-19 13:41:34,237 - INFO - Taking a break between chunks...
2025-01-19 13:41:44,239 - INFO - 
Processing chunk 26/96
2025-01-19 13:46:23,163 - INFO - Total samples collected so far: 6171
2025-01-19 13:46:23,185 - INFO - Taking a break between chunks...
2025-01-19 13:46:33,187 - INFO - 
Processing chunk 27/96
2025-01-19 13:50:41,675 - INFO - Total samples collected so far: 6391
2025-01-19 13:50:41,700 - INFO - Taking a break between chunks...
2025-01-19 13:50:51,701 - INFO - 
Processing chunk 28/96
2025-01-19 13:55:45,661 - INFO - Total samples collected so far: 6643
2025-01-19 13:55:45,686 - INFO - Taking a break between chunks...
2025-01-19 13:55:55,687 - INFO - 
Processing chunk 29/96
2025-01-19 14:00:07,853 - INFO - Total samples collected so far: 6860
2025-01-19 14:00:07,891 - INFO - Taking a break between chunks...
2025-01-19 14:00:17,892 - INFO - 
Processing chunk 30/96
2025-01-19 14:04:30,010 - INFO - Total samples collected so far: 7077
2025-01-19 14:04:30,036 - INFO - Taking a break between chunks...
2025-01-19 14:04:40,037 - INFO - 
Processing chunk 31/96
2025-01-19 14:08:42,747 - INFO - Total samples collected so far: 7257
2025-01-19 14:08:42,774 - INFO - Taking a break between chunks...
2025-01-19 14:08:52,776 - INFO - 
Processing chunk 32/96
2025-01-19 14:13:29,537 - INFO - Total samples collected so far: 7490
2025-01-19 14:13:29,562 - INFO - Taking a break between chunks...
2025-01-19 14:13:39,563 - INFO - 
Processing chunk 33/96
2025-01-19 14:17:33,492 - INFO - Total samples collected so far: 7678
2025-01-19 14:17:33,520 - INFO - Taking a break between chunks...
2025-01-19 14:17:43,522 - INFO - 
Processing chunk 34/96
2025-01-19 14:22:28,246 - INFO - Total samples collected so far: 7917
2025-01-19 14:22:28,268 - INFO - Taking a break between chunks...
2025-01-19 14:22:38,269 - INFO - 
Processing chunk 35/96
2025-01-19 14:25:56,404 - INFO - Total samples collected so far: 8071
2025-01-19 14:25:56,430 - INFO - Taking a break between chunks...
2025-01-19 14:26:06,431 - INFO - 
Processing chunk 36/96
2025-01-19 14:30:22,575 - INFO - Total samples collected so far: 8295
2025-01-19 14:30:22,602 - INFO - Taking a break between chunks...
2025-01-19 14:30:32,603 - INFO - 
Processing chunk 37/96
2025-01-19 14:35:47,148 - INFO - Total samples collected so far: 8565
2025-01-19 14:35:47,179 - INFO - Taking a break between chunks...
2025-01-19 14:35:57,179 - INFO - 
Processing chunk 38/96
2025-01-19 14:39:57,155 - INFO - Total samples collected so far: 8760
2025-01-19 14:39:57,184 - INFO - Taking a break between chunks...
2025-01-19 14:40:07,185 - INFO - 
Processing chunk 39/96
2025-01-19 14:45:12,813 - INFO - Total samples collected so far: 9022
2025-01-19 14:45:12,852 - INFO - Taking a break between chunks...
2025-01-19 14:45:22,854 - INFO - 
Processing chunk 40/96
2025-01-19 14:49:15,040 - INFO - Total samples collected so far: 9145
2025-01-19 14:49:15,080 - INFO - Taking a break between chunks...
2025-01-19 14:49:25,081 - INFO - 
Processing chunk 41/96
2025-01-19 14:49:49,003 - INFO - Total samples collected so far: 9145
2025-01-19 14:49:49,032 - INFO - Taking a break between chunks...
2025-01-19 14:49:59,033 - INFO - 
Processing chunk 42/96
