2025-01-19 16:31:17,093 - INFO - Starting new training session. Logging to: logs/training_20250119_163117.log
2025-01-19 16:31:17,094 - INFO - Starting new training session. Logging to: logs/training_20250119_163117.log
2025-01-19 16:31:17,094 - INFO - Starting new training session. Logging to: logs/training_20250119_163117.log
2025-01-19 16:31:17,094 - INFO - Starting new training session. Logging to: logs/training_20250119_163117.log
2025-01-19 16:31:17,703 - INFO - Processing RIOT - 2025-01-17 21:05:02 UTC
2025-01-19 16:31:17,714 - INFO - Processing RIVN - 2025-01-19 15:45:00 UTC
2025-01-19 16:31:17,784 - INFO - Processing RITM - 2025-01-03 16:02:07 UTC
2025-01-19 16:31:17,841 - INFO - Processing RJF - 2025-01-17 10:53:00 UTC
2025-01-19 16:31:18,487 - INFO - Retrieved article length: 1055 characters
2025-01-19 16:31:18,487 - INFO - Retrieved article length: 5847 characters
2025-01-19 16:31:18,535 - INFO - Retrieved article length: 5619 characters
2025-01-19 16:31:18,622 - INFO - RITM: 1h change of 2.63%
2025-01-19 16:31:18,675 - INFO - RIVN: 1h change of -3.82%
2025-01-19 16:31:18,675 - INFO - Retrieved article length: 8298 characters
2025-01-19 16:31:18,705 - INFO - RIOT: 1wk change of 7.90%
2025-01-19 16:31:18,771 - INFO - RIVN: 1wk change of 2.60%
2025-01-19 16:31:18,793 - INFO - RIOT: 1mo change of 3.08%
2025-01-19 16:31:18,794 - INFO - Processing RIOT - 2025-01-17 15:59:27 UTC
2025-01-19 16:31:18,811 - INFO - RJF: 1h change of 3.85%
2025-01-19 16:31:18,840 - INFO - RITM: 1mo change of 3.26%
2025-01-19 16:31:18,840 - INFO - Processing RITM - 2024-12-17 00:33:00 UTC
2025-01-19 16:31:18,865 - INFO - RIVN: 1mo change of -7.37%
2025-01-19 16:31:18,865 - INFO - Processing RIVN - 2025-01-19 13:32:00 UTC
2025-01-19 16:31:18,949 - INFO - RJF: 1wk change of 5.05%
2025-01-19 16:31:19,093 - INFO - RJF: 1mo change of 4.40%
2025-01-19 16:31:19,093 - INFO - Processing RJF - 2025-01-16 17:50:13 UTC
2025-01-19 16:31:19,658 - INFO - Retrieved article length: 3191 characters
2025-01-19 16:31:19,664 - INFO - Retrieved article length: 3015 characters
2025-01-19 16:31:19,725 - INFO - RIOT: 1wk change of 7.90%
2025-01-19 16:31:19,727 - INFO - Retrieved article length: 5798 characters
2025-01-19 16:31:19,762 - INFO - RITM: 1h change of -4.21%
2025-01-19 16:31:19,777 - INFO - RIOT: 1mo change of 3.08%
2025-01-19 16:31:19,777 - INFO - Processing RIOT - 2025-01-17 03:00:00 UTC
2025-01-19 16:31:19,796 - INFO - RIVN: 1h change of -3.82%
2025-01-19 16:31:19,860 - INFO - RIVN: 1wk change of 2.60%
2025-01-19 16:31:19,872 - INFO - RITM: 1wk change of -1.70%
2025-01-19 16:31:19,909 - INFO - Retrieved article length: 2684 characters
2025-01-19 16:31:19,926 - INFO - RIVN: 1mo change of -7.37%
2025-01-19 16:31:19,926 - INFO - Processing RIVN - 2025-01-18 18:30:06 UTC
2025-01-19 16:31:19,982 - INFO - RITM: 1mo change of 8.27%
2025-01-19 16:31:19,982 - INFO - Processing RITM - 2024-11-26 13:15:00 UTC
2025-01-19 16:31:20,014 - INFO - RJF: 1h change of 6.97%
2025-01-19 16:31:20,157 - INFO - RJF: 1wk change of 4.47%
2025-01-19 16:31:20,297 - INFO - RJF: 1mo change of 4.48%
2025-01-19 16:31:20,298 - INFO - Processing RJF - 2025-01-16 11:48:00 UTC
2025-01-19 16:31:20,578 - INFO - Retrieved article length: 157 characters
2025-01-19 16:31:20,638 - INFO - RIOT: 1wk change of 7.90%
2025-01-19 16:31:20,669 - INFO - Retrieved article length: 5138 characters
2025-01-19 16:31:20,689 - INFO - RIOT: 1mo change of 3.08%
2025-01-19 16:31:20,689 - INFO - Processing RIOT - 2025-01-06 19:21:10 UTC
2025-01-19 16:31:20,741 - INFO - Retrieved article length: 5864 characters
2025-01-19 16:31:20,775 - INFO - RIVN: 1h change of -1.52%
2025-01-19 16:31:20,949 - INFO - RITM: 1wk change of 4.22%
2025-01-19 16:31:20,964 - INFO - RIVN: 1mo change of -7.37%
2025-01-19 16:31:20,965 - INFO - Processing RIVN - 2025-01-18 18:30:00 UTC
2025-01-19 16:31:21,060 - INFO - RITM: 1mo change of 2.55%
2025-01-19 16:31:21,060 - INFO - Processing RITM - 2024-11-15 01:15:38 UTC
2025-01-19 16:31:21,189 - INFO - Retrieved article length: 14741 characters
2025-01-19 16:31:21,198 - INFO - RJF: 1h change of 6.97%
2025-01-19 16:31:21,265 - INFO - RJF: 1wk change of 4.47%
2025-01-19 16:31:21,335 - INFO - RJF: 1mo change of 4.48%
2025-01-19 16:31:21,335 - INFO - Processing RJF - 2025-01-15 17:16:00 UTC
2025-01-19 16:31:21,481 - INFO - Retrieved article length: 1878 characters
2025-01-19 16:31:21,578 - INFO - RIOT: 1h change of -2.24%
2025-01-19 16:31:21,659 - INFO - RIOT: 1wk change of 22.47%
2025-01-19 16:31:21,675 - INFO - Retrieved article length: 4528 characters
2025-01-19 16:31:21,739 - INFO - RIOT: 1mo change of 10.66%
2025-01-19 16:31:21,741 - INFO - Processing RIOT - 2025-01-04 16:42:19 UTC
2025-01-19 16:31:21,745 - INFO - RIVN: 1h change of -1.52%
2025-01-19 16:31:21,815 - INFO - Retrieved article length: 456 characters
2025-01-19 16:31:21,878 - INFO - RIVN: 1mo change of -7.37%
2025-01-19 16:31:21,878 - INFO - Processing RIVN - 2025-01-18 14:10:00 UTC
2025-01-19 16:31:22,024 - INFO - RITM: 1wk change of 4.37%
2025-01-19 16:31:22,148 - INFO - Processing RITM - 2024-11-15 00:15:00 UTC
2025-01-19 16:31:22,264 - INFO - Retrieved article length: 12914 characters
2025-01-19 16:31:22,370 - INFO - RJF: 1h change of 7.32%
2025-01-19 16:31:22,490 - INFO - Retrieved article length: 2981 characters
2025-01-19 16:31:22,512 - INFO - RJF: 1wk change of 4.47%
2025-01-19 16:31:22,578 - INFO - RIOT: 1h change of 17.98%
2025-01-19 16:31:22,649 - INFO - Retrieved article length: 2950 characters
2025-01-19 16:31:22,651 - INFO - RJF: 1mo change of 3.74%
2025-01-19 16:31:22,651 - INFO - Processing RJF - 2025-01-14 15:39:00 UTC
2025-01-19 16:31:22,663 - INFO - RIOT: 1wk change of 1.90%
2025-01-19 16:31:22,718 - INFO - RIVN: 1h change of -1.52%
2025-01-19 16:31:22,743 - INFO - RIOT: 1mo change of 10.66%
2025-01-19 16:31:22,744 - INFO - Processing RIOT - 2025-01-04 00:19:23 UTC
2025-01-19 16:31:22,854 - INFO - RIVN: 1mo change of -7.37%
2025-01-19 16:31:22,855 - INFO - Processing RIVN - 2025-01-18 00:44:00 UTC
2025-01-19 16:31:22,955 - INFO - Retrieved article length: 4596 characters
2025-01-19 16:31:22,968 - INFO - RITM: 1wk change of 4.37%
2025-01-19 16:31:22,974 - INFO - Processing RITM - 2024-11-12 17:19:00 UTC
2025-01-19 16:31:23,398 - INFO - Retrieved article length: 8625 characters
2025-01-19 16:31:23,476 - INFO - Retrieved article length: 159 characters
2025-01-19 16:31:23,484 - INFO - RIOT: 1h change of 17.98%
2025-01-19 16:31:23,490 - INFO - RIOT: 1wk change of 1.90%
2025-01-19 16:31:23,499 - INFO - RJF: 1h change of 5.07%
2025-01-19 16:31:23,541 - INFO - RIOT: 1mo change of 10.66%
2025-01-19 16:31:23,542 - INFO - Processing RIOT - 2024-12-20 20:32:13 UTC
2025-01-19 16:31:23,586 - INFO - Retrieved article length: 261 characters
2025-01-19 16:31:23,635 - INFO - RJF: 1wk change of 4.47%
2025-01-19 16:31:23,655 - INFO - RIVN: 1h change of -1.52%
2025-01-19 16:31:23,666 - INFO - Retrieved article length: 6352 characters
2025-01-19 16:31:23,789 - INFO - RIVN: 1mo change of -7.37%
2025-01-19 16:31:23,789 - INFO - Processing RIVN - 2025-01-17 22:34:36 UTC
2025-01-19 16:31:23,803 - INFO - RJF: 1mo change of 4.13%
2025-01-19 16:31:23,803 - INFO - Processing RJF - 2025-01-11 15:36:13 UTC
2025-01-19 16:31:23,899 - INFO - RITM: 1wk change of 3.65%
2025-01-19 16:31:24,013 - INFO - RITM: 1mo change of 4.88%
2025-01-19 16:31:24,013 - INFO - Processing RITM - 2024-11-12 13:49:53 UTC
2025-01-19 16:31:24,448 - INFO - Retrieved article length: 1967 characters
2025-01-19 16:31:24,458 - INFO - Retrieved article length: 2031 characters
2025-01-19 16:31:24,504 - INFO - Retrieved article length: 1697 characters
2025-01-19 16:31:24,545 - INFO - RIOT: 1h change of -13.41%
2025-01-19 16:31:24,555 - INFO - RIVN: 1h change of 1.61%
2025-01-19 16:31:24,696 - INFO - RIVN: 1wk change of -4.95%
2025-01-19 16:31:24,708 - INFO - RIOT: 1mo change of 8.25%
2025-01-19 16:31:24,709 - INFO - Processing RIOT - 2024-12-20 15:51:00 UTC
2025-01-19 16:31:24,749 - INFO - RJF: 1wk change of 7.75%
2025-01-19 16:31:24,794 - INFO - RIVN: 1mo change of -1.11%
2025-01-19 16:31:24,794 - INFO - Processing RIVN - 2025-01-17 21:57:51 UTC
2025-01-19 16:31:24,848 - INFO - Retrieved article length: 4440 characters
2025-01-19 16:31:24,861 - INFO - RITM: 1wk change of 3.65%
2025-01-19 16:31:24,867 - INFO - RITM: 1mo change of 4.88%
2025-01-19 16:31:24,867 - INFO - Processing RITM - 2024-11-05 00:05:00 UTC
2025-01-19 16:31:24,898 - INFO - RJF: 1mo change of 3.73%
2025-01-19 16:31:24,898 - INFO - Processing RJF - 2025-01-07 17:40:14 UTC
2025-01-19 16:31:25,516 - INFO - Retrieved article length: 519 characters
2025-01-19 16:31:25,519 - INFO - Retrieved article length: 6210 characters
2025-01-19 16:31:25,525 - INFO - RIVN: 1h change of 1.61%
2025-01-19 16:31:25,527 - INFO - RIOT: 1h change of -13.41%
2025-01-19 16:31:25,584 - INFO - RIOT: 1mo change of 8.25%
2025-01-19 16:31:25,590 - INFO - RIVN: 1wk change of -4.95%
2025-01-19 16:31:25,601 - INFO - Retrieved article length: 2662 characters
2025-01-19 16:31:25,657 - INFO - RIVN: 1mo change of -1.11%
2025-01-19 16:31:25,698 - INFO - RJF: 1h change of -1.04%
2025-01-19 16:31:25,728 - INFO - Retrieved article length: 4015 characters
2025-01-19 16:31:25,761 - INFO - Processing RKDA - 2024-12-09 18:23:00 UTC
2025-01-19 16:31:25,788 - INFO - Processing RKLB - 2025-01-17 19:40:00 UTC
2025-01-19 16:31:25,851 - INFO - RJF: 1wk change of 6.50%
2025-01-19 16:31:25,946 - INFO - RITM: 1wk change of 2.96%
2025-01-19 16:31:25,996 - INFO - RJF: 1mo change of 1.27%
2025-01-19 16:31:25,996 - INFO - Processing RJF - 2025-01-03 19:40:06 UTC
2025-01-19 16:31:26,054 - INFO - RITM: 1mo change of 2.19%
2025-01-19 16:31:26,193 - INFO - Processing RKT - 2025-01-15 17:24:09 UTC
2025-01-19 16:31:26,582 - INFO - Retrieved article length: 3770 characters
2025-01-19 16:31:26,666 - INFO - Retrieved article length: 1232 characters
2025-01-19 16:31:26,670 - INFO - RKDA: 1h change of 6.40%
2025-01-19 16:31:26,734 - INFO - Retrieved article length: 2960 characters
2025-01-19 16:31:26,751 - INFO - RKDA: 1wk change of 110.39%
2025-01-19 16:31:26,774 - INFO - RKLB: 1h change of -8.61%
2025-01-19 16:31:26,834 - INFO - RKDA: 1mo change of 27.71%
2025-01-19 16:31:26,834 - INFO - Processing RKDA - 2024-12-07 14:42:02 UTC
2025-01-19 16:31:26,870 - INFO - RKLB: 1wk change of -14.13%
2025-01-19 16:31:26,877 - INFO - RJF: 1h change of 1.50%
2025-01-19 16:31:26,972 - INFO - RKLB: 1mo change of -1.72%
2025-01-19 16:31:26,972 - INFO - Processing RKLB - 2025-01-16 19:02:25 UTC
2025-01-19 16:31:27,006 - INFO - RJF: 1wk change of -1.64%
2025-01-19 16:31:27,133 - INFO - Retrieved article length: 2717 characters
2025-01-19 16:31:27,140 - INFO - RJF: 1mo change of -1.02%
2025-01-19 16:31:27,239 - INFO - RKT: 1h change of 16.00%
2025-01-19 16:31:27,273 - INFO - Processing RL - 2025-01-19 16:12:07 UTC
2025-01-19 16:31:27,340 - INFO - RKT: 1wk change of 9.70%
2025-01-19 16:31:27,457 - INFO - RKT: 1mo change of -7.05%
2025-01-19 16:31:27,458 - INFO - Processing RKT - 2025-01-14 17:15:00 UTC
2025-01-19 16:31:27,564 - INFO - Retrieved article length: 1393 characters
2025-01-19 16:31:27,649 - INFO - RKDA: 1h change of -30.66%
2025-01-19 16:31:27,650 - INFO - Retrieved article length: 1177 characters
2025-01-19 16:31:27,737 - INFO - RKDA: 1wk change of 124.64%
2025-01-19 16:31:27,760 - INFO - RKLB: 1h change of -1.76%
2025-01-19 16:31:27,823 - INFO - RKDA: 1mo change of 27.71%
2025-01-19 16:31:27,823 - INFO - Processing RKDA - 2024-12-05 21:10:02 UTC
2025-01-19 16:31:27,856 - INFO - RKLB: 1wk change of -16.67%
2025-01-19 16:31:27,953 - INFO - RKLB: 1mo change of 6.29%
2025-01-19 16:31:27,953 - INFO - Processing RKLB - 2025-01-16 02:46:00 UTC
2025-01-19 16:31:27,960 - INFO - Retrieved article length: 7126 characters
2025-01-19 16:31:28,195 - INFO - RL: 1wk change of 1.31%
2025-01-19 16:31:28,295 - INFO - Retrieved article length: 8104 characters
2025-01-19 16:31:28,312 - INFO - RL: 1mo change of 4.17%
2025-01-19 16:31:28,312 - INFO - Processing RL - 2025-01-17 17:02:00 UTC
2025-01-19 16:31:28,399 - INFO - RKT: 1h change of 14.32%
2025-01-19 16:31:28,501 - INFO - RKT: 1wk change of 9.70%
2025-01-19 16:31:28,599 - INFO - RKT: 1mo change of -5.64%
2025-01-19 16:31:28,600 - INFO - Processing RKT - 2025-01-14 12:47:00 UTC
2025-01-19 16:31:28,638 - INFO - Retrieved article length: 465 characters
2025-01-19 16:31:28,726 - INFO - RKDA: 1h change of 98.57%
2025-01-19 16:31:28,733 - INFO - Retrieved article length: 7745 characters
2025-01-19 16:31:28,743 - INFO - RKLB: 1h change of -1.76%
2025-01-19 16:31:28,812 - INFO - RKLB: 1wk change of -16.67%
2025-01-19 16:31:28,812 - INFO - RKDA: 1wk change of 128.26%
2025-01-19 16:31:28,881 - INFO - RKLB: 1mo change of 6.29%
2025-01-19 16:31:28,881 - INFO - Processing RKLB - 2025-01-10 20:29:52 UTC
2025-01-19 16:31:28,896 - INFO - RKDA: 1mo change of 20.52%
2025-01-19 16:31:28,896 - INFO - Processing RKDA - 2024-12-05 17:00:20 UTC
2025-01-19 16:31:29,254 - INFO - Retrieved article length: 6477 characters
2025-01-19 16:31:29,363 - INFO - RL: 1h change of 1.96%
2025-01-19 16:31:29,410 - INFO - Retrieved article length: 3735 characters
2025-01-19 16:31:29,417 - INFO - RKT: 1h change of 14.32%
2025-01-19 16:31:29,484 - INFO - RKT: 1wk change of 9.70%
2025-01-19 16:31:29,553 - INFO - RKT: 1mo change of -5.64%
2025-01-19 16:31:29,553 - INFO - Processing RKT - 2025-01-01 17:07:31 UTC
2025-01-19 16:31:29,600 - INFO - RL: 1mo change of 6.10%
2025-01-19 16:31:29,601 - INFO - Processing RL - 2025-01-17 10:22:00 UTC
2025-01-19 16:31:29,712 - INFO - Retrieved article length: 1765 characters
2025-01-19 16:31:29,732 - INFO - Retrieved article length: 526 characters
2025-01-19 16:31:29,741 - INFO - RKDA: 1h change of 98.57%
2025-01-19 16:31:29,746 - INFO - RKDA: 1wk change of 128.26%
2025-01-19 16:31:29,751 - INFO - RKDA: 1mo change of 20.52%
2025-01-19 16:31:29,751 - INFO - Processing RKDA - 2024-12-05 16:02:00 UTC
2025-01-19 16:31:29,913 - INFO - RKLB: 1wk change of -5.77%
2025-01-19 16:31:30,013 - INFO - RKLB: 1mo change of -2.76%
2025-01-19 16:31:30,014 - INFO - Processing RKLB - 2025-01-10 20:24:57 UTC
2025-01-19 16:31:30,126 - INFO - Retrieved article length: 9322 characters
2025-01-19 16:31:30,135 - INFO - RL: 1h change of 1.96%
2025-01-19 16:31:30,242 - INFO - Retrieved article length: 6547 characters
2025-01-19 16:31:30,266 - INFO - RL: 1mo change of 6.10%
2025-01-19 16:31:30,266 - INFO - Processing RL - 2025-01-16 22:58:07 UTC
2025-01-19 16:31:30,444 - INFO - RKT: 1wk change of -9.43%
2025-01-19 16:31:30,540 - INFO - RKT: 1mo change of -17.22%
2025-01-19 16:31:30,540 - INFO - Processing RKT - 2024-12-23 22:27:32 UTC
2025-01-19 16:31:30,542 - INFO - Retrieved article length: 21063 characters
2025-01-19 16:31:30,551 - INFO - RKDA: 1h change of 98.57%
2025-01-19 16:31:30,556 - INFO - RKDA: 1wk change of 128.26%
2025-01-19 16:31:30,562 - INFO - RKDA: 1mo change of 20.52%
2025-01-19 16:31:30,563 - INFO - Processing RKDA - 2024-11-18 21:02:00 UTC
2025-01-19 16:31:30,769 - INFO - Retrieved article length: 1873 characters
2025-01-19 16:31:30,842 - INFO - RKLB: 1wk change of -5.77%
2025-01-19 16:31:30,907 - INFO - RKLB: 1mo change of -2.76%
2025-01-19 16:31:30,908 - INFO - Processing RKLB - 2025-01-10 01:17:00 UTC
2025-01-19 16:31:30,929 - INFO - Retrieved article length: 4720 characters
2025-01-19 16:31:31,153 - INFO - RL: 1wk change of -1.03%
2025-01-19 16:31:31,216 - INFO - Retrieved article length: 4238 characters
2025-01-19 16:31:31,281 - INFO - RL: 1mo change of 6.75%
2025-01-19 16:31:31,281 - INFO - Processing RL - 2025-01-16 22:00:00 UTC
2025-01-19 16:31:31,300 - INFO - Retrieved article length: 2341 characters
2025-01-19 16:31:31,384 - INFO - RKDA: 1wk change of -31.85%
2025-01-19 16:31:31,400 - INFO - RKT: 1h change of -5.04%
2025-01-19 16:31:31,500 - INFO - RKT: 1wk change of -7.02%
2025-01-19 16:31:31,504 - INFO - RKDA: 1mo change of 130.07%
2025-01-19 16:31:31,504 - INFO - Processing RKDA - 2024-11-15 13:55:12 UTC
2025-01-19 16:31:31,595 - INFO - RKT: 1mo change of -11.62%
2025-01-19 16:31:31,596 - INFO - Processing RKT - 2024-12-20 14:55:39 UTC
2025-01-19 16:31:31,618 - INFO - Retrieved article length: 2954 characters
2025-01-19 16:31:31,696 - INFO - RKLB: 1wk change of -5.77%
2025-01-19 16:31:31,766 - INFO - RKLB: 1mo change of -2.76%
2025-01-19 16:31:31,766 - INFO - Processing RKLB - 2025-01-10 00:30:00 UTC
2025-01-19 16:31:31,944 - INFO - Retrieved article length: 7451 characters
2025-01-19 16:31:32,022 - INFO - RL: 1wk change of -1.03%
2025-01-19 16:31:32,089 - INFO - RL: 1mo change of 6.75%
2025-01-19 16:31:32,089 - INFO - Processing RL - 2025-01-16 19:34:04 UTC
2025-01-19 16:31:32,316 - INFO - Retrieved article length: 2022 characters
2025-01-19 16:31:32,375 - INFO - Retrieved article length: 1541 characters
2025-01-19 16:31:32,400 - INFO - RKDA: 1h change of -30.25%
2025-01-19 16:31:32,474 - INFO - RKT: 1h change of -4.06%
2025-01-19 16:31:32,483 - INFO - RKDA: 1wk change of -27.13%
2025-01-19 16:31:32,556 - INFO - Retrieved article length: 6940 characters
2025-01-19 16:31:32,566 - INFO - RKDA: 1mo change of 121.35%
2025-01-19 16:31:32,566 - INFO - Processing RKDA - 2024-11-14 19:57:00 UTC
2025-01-19 16:31:32,571 - INFO - RKT: 1wk change of -11.76%
2025-01-19 16:31:32,635 - INFO - RKLB: 1wk change of -5.77%
2025-01-19 16:31:32,668 - INFO - RKT: 1mo change of -12.72%
2025-01-19 16:31:32,669 - INFO - Processing RKT - 2024-12-11 20:35:45 UTC
2025-01-19 16:31:32,703 - INFO - RKLB: 1mo change of -2.76%
2025-01-19 16:31:32,703 - INFO - Processing RKLB - 2025-01-09 16:00:00 UTC
2025-01-19 16:31:32,934 - INFO - Retrieved article length: 5921 characters
2025-01-19 16:31:33,013 - INFO - RL: 1wk change of -1.03%
2025-01-19 16:31:33,082 - INFO - RL: 1mo change of 6.75%
2025-01-19 16:31:33,082 - INFO - Processing RL - 2025-01-15 19:46:00 UTC
2025-01-19 16:31:33,294 - INFO - Retrieved article length: 4095 characters
2025-01-19 16:31:33,377 - INFO - RKDA: 1h change of -30.05%
2025-01-19 16:31:33,417 - INFO - Retrieved article length: 4155 characters
2025-01-19 16:31:33,460 - INFO - RKDA: 1wk change of -30.01%
2025-01-19 16:31:33,490 - INFO - Retrieved article length: 6655 characters
2025-01-19 16:31:33,517 - INFO - RKT: 1h change of -6.82%
2025-01-19 16:31:33,543 - INFO - RKDA: 1mo change of 115.02%
2025-01-19 16:31:33,590 - INFO - RKLB: 1h change of -2.90%
2025-01-19 16:31:33,613 - INFO - RKT: 1wk change of -16.64%
2025-01-19 16:31:33,665 - INFO - Processing RLAY - 2025-01-17 17:24:48 UTC
2025-01-19 16:31:33,695 - INFO - RKLB: 1wk change of -8.81%
2025-01-19 16:31:33,712 - INFO - RKT: 1mo change of -29.65%
2025-01-19 16:31:33,712 - INFO - Processing RKT - 2024-12-10 17:04:02 UTC
2025-01-19 16:31:33,784 - INFO - Retrieved article length: 6572 characters
2025-01-19 16:31:33,889 - INFO - RL: 1h change of 2.69%
2025-01-19 16:31:33,926 - INFO - Processing RLJ - 2025-01-14 17:00:00 UTC
2025-01-19 16:31:34,016 - INFO - RL: 1wk change of -1.03%
2025-01-19 16:31:34,144 - INFO - RL: 1mo change of 6.11%
2025-01-19 16:31:34,145 - INFO - Processing RL - 2025-01-15 19:07:00 UTC
2025-01-19 16:31:34,441 - INFO - Retrieved article length: 2850 characters
2025-01-19 16:31:34,489 - INFO - Retrieved article length: 4775 characters
2025-01-19 16:31:34,540 - INFO - RKT: 1h change of -4.84%
2025-01-19 16:31:34,579 - INFO - RLAY: 1h change of 6.83%
2025-01-19 16:31:34,635 - INFO - RKT: 1wk change of -17.98%
2025-01-19 16:31:34,644 - INFO - Retrieved article length: 1898 characters
2025-01-19 16:31:34,659 - INFO - RLAY: 1wk change of -3.46%
2025-01-19 16:31:34,736 - INFO - RKT: 1mo change of -36.07%
2025-01-19 16:31:34,740 - INFO - RLAY: 1mo change of -5.31%
2025-01-19 16:31:34,740 - INFO - Processing RLAY - 2025-01-08 00:05:00 UTC
2025-01-19 16:31:34,742 - INFO - RLJ: 1h change of 3.50%
2025-01-19 16:31:34,802 - INFO - Retrieved article length: 5930 characters
2025-01-19 16:31:34,810 - INFO - RL: 1h change of 2.69%
2025-01-19 16:31:34,890 - INFO - Processing RLMD - 2025-01-02 20:06:14 UTC
2025-01-19 16:31:34,961 - INFO - RL: 1mo change of 6.11%
2025-01-19 16:31:34,961 - INFO - RLJ: 1mo change of -5.04%
2025-01-19 16:31:34,962 - INFO - Processing RLJ - 2024-12-27 20:00:12 UTC
2025-01-19 16:31:35,110 - INFO - Processing RMBI - 2024-12-01 16:08:54 UTC
2025-01-19 16:31:35,469 - INFO - Retrieved article length: 1997 characters
2025-01-19 16:31:35,561 - INFO - RLAY: 1h change of 7.68%
2025-01-19 16:31:35,644 - INFO - RLAY: 1wk change of 6.70%
2025-01-19 16:31:35,738 - INFO - RLAY: 1mo change of 1.59%
2025-01-19 16:31:35,738 - INFO - Processing RLAY - 2024-12-30 22:57:49 UTC
2025-01-19 16:31:35,820 - INFO - Retrieved article length: 6984 characters
2025-01-19 16:31:35,825 - INFO - Retrieved article length: 4565 characters
2025-01-19 16:31:35,924 - INFO - RLMD: 1h change of 4.72%
2025-01-19 16:31:35,980 - INFO - Retrieved article length: 4369 characters
2025-01-19 16:31:36,017 - INFO - RLMD: 1wk change of 8.42%
2025-01-19 16:31:36,052 - INFO - RLJ: 1wk change of -4.28%
2025-01-19 16:31:36,078 - INFO - RMBI: 1h change of 2.84%
2025-01-19 16:31:36,116 - INFO - RLMD: 1mo change of -87.62%
2025-01-19 16:31:36,116 - INFO - Processing RLMD - 2024-12-09 15:30:00 UTC
2025-01-19 16:31:36,169 - INFO - RLJ: 1mo change of 1.48%
2025-01-19 16:31:36,169 - INFO - Processing RLJ - 2024-12-27 19:40:10 UTC
2025-01-19 16:31:36,178 - INFO - RMBI: 1wk change of 9.80%
2025-01-19 16:31:36,282 - INFO - RMBI: 1mo change of 3.83%
2025-01-19 16:31:36,282 - INFO - Processing RMBI - 2024-11-21 00:15:00 UTC
2025-01-19 16:31:36,569 - INFO - Retrieved article length: 8262 characters
2025-01-19 16:31:36,663 - INFO - RLAY: 1h change of -1.90%
2025-01-19 16:31:36,744 - INFO - RLAY: 1wk change of 16.11%
2025-01-19 16:31:36,824 - INFO - RLAY: 1mo change of -8.23%
2025-01-19 16:31:36,824 - INFO - Processing RLAY - 2024-12-20 20:00:11 UTC
2025-01-19 16:31:36,876 - INFO - Retrieved article length: 5137 characters
2025-01-19 16:31:36,976 - INFO - RLMD: 1h change of -2.49%
2025-01-19 16:31:36,998 - INFO - Retrieved article length: 2818 characters
2025-01-19 16:31:37,012 - INFO - RLJ: 1wk change of -4.28%
2025-01-19 16:31:37,076 - INFO - RLMD: 1wk change of -88.31%
2025-01-19 16:31:37,078 - INFO - RLJ: 1mo change of 1.48%
2025-01-19 16:31:37,078 - INFO - Processing RLJ - 2024-12-27 17:40:16 UTC
2025-01-19 16:31:37,125 - INFO - Retrieved article length: 3417 characters
2025-01-19 16:31:37,173 - INFO - RLMD: 1mo change of -87.95%
2025-01-19 16:31:37,173 - INFO - Processing RLMD - 2024-12-05 21:31:57 UTC
2025-01-19 16:31:37,227 - INFO - RMBI: 1h change of 4.51%
2025-01-19 16:31:37,336 - INFO - RMBI: 1wk change of 9.90%
2025-01-19 16:31:37,447 - INFO - RMBI: 1mo change of 4.19%
2025-01-19 16:31:37,447 - INFO - Processing RMBI - 2024-10-26 17:01:09 UTC
2025-01-19 16:31:37,594 - INFO - Retrieved article length: 4609 characters
2025-01-19 16:31:37,683 - INFO - RLAY: 1h change of -6.29%
2025-01-19 16:31:37,769 - INFO - RLAY: 1wk change of -1.58%
2025-01-19 16:31:37,858 - INFO - RLAY: 1mo change of -12.63%
2025-01-19 16:31:37,859 - INFO - Processing RLAY - 2024-12-19 00:58:31 UTC
2025-01-19 16:31:37,979 - INFO - Retrieved article length: 3166 characters
2025-01-19 16:31:37,995 - INFO - RLJ: 1wk change of -4.28%
2025-01-19 16:31:38,061 - INFO - RLJ: 1mo change of 1.48%
2025-01-19 16:31:38,061 - INFO - Processing RLJ - 2024-12-13 17:00:00 UTC
2025-01-19 16:31:38,075 - INFO - Retrieved article length: 503 characters
2025-01-19 16:31:38,175 - INFO - RLMD: 1h change of -85.62%
2025-01-19 16:31:38,261 - INFO - Retrieved article length: 1728 characters
2025-01-19 16:31:38,279 - INFO - RLMD: 1wk change of -86.70%
2025-01-19 16:31:38,368 - INFO - RMBI: 1h change of 1.56%
2025-01-19 16:31:38,373 - INFO - RLMD: 1mo change of -87.01%
2025-01-19 16:31:38,374 - INFO - Processing RLMD - 2024-12-05 15:36:09 UTC
2025-01-19 16:31:38,578 - INFO - RMBI: 1mo change of 11.01%
2025-01-19 16:31:38,578 - INFO - Processing RMBI - 2024-10-24 23:15:00 UTC
2025-01-19 16:31:38,668 - INFO - Retrieved article length: 526 characters
2025-01-19 16:31:38,755 - INFO - RLAY: 1h change of -9.05%
2025-01-19 16:31:38,799 - INFO - Retrieved article length: 3166 characters
2025-01-19 16:31:38,838 - INFO - RLAY: 1wk change of -7.23%
2025-01-19 16:31:38,906 - INFO - RLJ: 1h change of -1.47%
2025-01-19 16:31:38,920 - INFO - RLAY: 1mo change of -20.36%
2025-01-19 16:31:38,920 - INFO - Processing RLAY - 2024-12-14 01:49:02 UTC
2025-01-19 16:31:39,013 - INFO - RLJ: 1wk change of -3.65%
2025-01-19 16:31:39,089 - INFO - Retrieved article length: 1989 characters
2025-01-19 16:31:39,097 - INFO - RLMD: 1h change of -85.62%
2025-01-19 16:31:39,103 - INFO - RLMD: 1wk change of -86.70%
2025-01-19 16:31:39,108 - INFO - RLMD: 1mo change of -87.01%
2025-01-19 16:31:39,108 - INFO - Processing RLMD - 2024-12-04 23:43:27 UTC
2025-01-19 16:31:39,176 - INFO - RLJ: 1mo change of 4.40%
2025-01-19 16:31:39,177 - INFO - Processing RLJ - 2024-11-12 16:25:38 UTC
2025-01-19 16:31:39,590 - INFO - Retrieved article length: 36017 characters
2025-01-19 16:31:39,760 - INFO - Retrieved article length: 3556 characters
2025-01-19 16:31:39,830 - INFO - Retrieved article length: 519 characters
2025-01-19 16:31:39,845 - INFO - RLAY: 1h change of -4.37%
2025-01-19 16:31:39,908 - INFO - RMBI: 1mo change of 11.73%
2025-01-19 16:31:39,926 - INFO - RLAY: 1wk change of -1.14%
2025-01-19 16:31:39,928 - INFO - RLMD: 1h change of -85.25%
2025-01-19 16:31:40,020 - INFO - RLAY: 1mo change of -27.60%
2025-01-19 16:31:40,020 - INFO - Processing RLAY - 2024-12-11 15:58:20 UTC
2025-01-19 16:31:40,024 - INFO - RLMD: 1wk change of -86.70%
2025-01-19 16:31:40,052 - INFO - Retrieved article length: 527 characters
2025-01-19 16:31:40,090 - INFO - Processing RMBL - 2025-01-14 12:01:32 UTC
2025-01-19 16:31:40,122 - INFO - RLMD: 1mo change of -86.43%
2025-01-19 16:31:40,122 - INFO - Processing RLMD - 2024-12-04 22:33:22 UTC
2025-01-19 16:31:40,155 - INFO - RLJ: 1h change of 1.26%
2025-01-19 16:31:40,261 - INFO - RLJ: 1wk change of 10.86%
2025-01-19 16:31:40,386 - INFO - RLJ: 1mo change of 14.44%
2025-01-19 16:31:40,386 - INFO - Processing RLJ - 2024-11-08 13:38:19 UTC
2025-01-19 16:31:40,806 - INFO - Retrieved article length: 566 characters
2025-01-19 16:31:40,965 - INFO - Retrieved article length: 493 characters
2025-01-19 16:31:40,969 - INFO - Retrieved article length: 481 characters
2025-01-19 16:31:40,975 - INFO - RLAY: 1wk change of -10.92%
2025-01-19 16:31:40,977 - INFO - RLMD: 1h change of -85.25%
2025-01-19 16:31:40,982 - INFO - RLMD: 1wk change of -86.70%
2025-01-19 16:31:40,988 - INFO - RLMD: 1mo change of -86.43%
2025-01-19 16:31:40,989 - INFO - Processing RLMD - 2024-12-04 16:05:03 UTC
2025-01-19 16:31:41,064 - INFO - RLAY: 1mo change of -30.48%
2025-01-19 16:31:41,064 - INFO - Processing RLAY - 2024-12-11 14:00:00 UTC
2025-01-19 16:31:41,066 - INFO - RMBL: 1h change of -6.43%
2025-01-19 16:31:41,164 - INFO - RMBL: 1wk change of -19.05%
2025-01-19 16:31:41,270 - INFO - RMBL: 1mo change of -35.31%
2025-01-19 16:31:41,271 - INFO - Processing RMBL - 2025-01-14 01:46:00 UTC
2025-01-19 16:31:41,283 - INFO - Retrieved article length: 36516 characters
2025-01-19 16:31:41,389 - INFO - RLJ: 1h change of 5.88%
2025-01-19 16:31:41,518 - INFO - RLJ: 1wk change of 6.07%
2025-01-19 16:31:41,634 - INFO - RLJ: 1mo change of 11.36%
2025-01-19 16:31:41,634 - INFO - Processing RLJ - 2024-11-08 10:25:42 UTC
2025-01-19 16:31:41,839 - INFO - Retrieved article length: 541 characters
2025-01-19 16:31:41,847 - INFO - RLMD: 1h change of -85.25%
2025-01-19 16:31:41,854 - INFO - RLMD: 1wk change of -86.70%
2025-01-19 16:31:41,859 - INFO - RLMD: 1mo change of -86.43%
2025-01-19 16:31:41,859 - INFO - Processing RLMD - 2024-12-04 15:30:00 UTC
2025-01-19 16:31:42,064 - INFO - Retrieved article length: 6343 characters
2025-01-19 16:31:42,071 - INFO - RMBL: 1h change of -6.43%
2025-01-19 16:31:42,135 - INFO - RMBL: 1wk change of -19.05%
2025-01-19 16:31:42,153 - INFO - Retrieved article length: 13393 characters
2025-01-19 16:31:42,166 - INFO - RLAY: 1wk change of -10.92%
2025-01-19 16:31:42,171 - INFO - RLAY: 1mo change of -30.48%
2025-01-19 16:31:42,201 - INFO - RMBL: 1mo change of -35.31%
2025-01-19 16:31:42,201 - INFO - Processing RMBL - 2025-01-13 13:58:15 UTC
2025-01-19 16:31:42,289 - INFO - Processing RMBS - 2025-01-15 00:05:00 UTC
2025-01-19 16:31:42,451 - INFO - Retrieved article length: 5528 characters
2025-01-19 16:31:42,459 - INFO - RLJ: 1h change of 5.88%
2025-01-19 16:31:42,465 - INFO - RLJ: 1wk change of 6.07%
2025-01-19 16:31:42,472 - INFO - RLJ: 1mo change of 11.36%
2025-01-19 16:31:42,592 - INFO - Processing RMCO - 2025-01-16 17:00:00 UTC
2025-01-19 16:31:42,610 - INFO - Retrieved article length: 5291 characters
2025-01-19 16:31:42,618 - INFO - RLMD: 1h change of -85.25%
2025-01-19 16:31:42,624 - INFO - RLMD: 1wk change of -86.70%
2025-01-19 16:31:42,629 - INFO - RLMD: 1mo change of -86.43%
2025-01-19 16:31:42,757 - INFO - Processing RMD - 2025-01-17 18:37:00 UTC
2025-01-19 16:31:42,851 - INFO - Retrieved article length: 3780 characters
2025-01-19 16:31:42,948 - INFO - RMBL: 1h change of -10.37%
2025-01-19 16:31:43,000 - INFO - Retrieved article length: 1674 characters
2025-01-19 16:31:43,044 - INFO - RMBL: 1wk change of -19.81%
2025-01-19 16:31:43,089 - INFO - RMBS: 1h change of 7.52%
2025-01-19 16:31:43,141 - INFO - RMBL: 1mo change of -36.47%
2025-01-19 16:31:43,142 - INFO - Processing RMBL - 2025-01-04 00:31:00 UTC
2025-01-19 16:31:43,170 - INFO - RMBS: 1wk change of 7.97%
2025-01-19 16:31:43,253 - INFO - RMBS: 1mo change of 4.84%
2025-01-19 16:31:43,253 - INFO - Processing RMBS - 2025-01-07 17:16:00 UTC
2025-01-19 16:31:43,437 - INFO - Retrieved article length: 12033 characters
2025-01-19 16:31:43,493 - INFO - Retrieved article length: 6385 characters
2025-01-19 16:31:43,546 - INFO - RMCO: 1h change of 7.46%
2025-01-19 16:31:43,595 - INFO - RMD: 1h change of 2.59%
2025-01-19 16:31:43,641 - INFO - RMCO: 1wk change of 3.85%
2025-01-19 16:31:43,706 - INFO - RMD: 1wk change of 1.43%
2025-01-19 16:31:43,740 - INFO - RMCO: 1mo change of 5.88%
2025-01-19 16:31:43,740 - INFO - Processing RMCO - 2025-01-13 17:00:00 UTC
2025-01-19 16:31:43,819 - INFO - Processing RMD - 2025-01-17 16:06:00 UTC
2025-01-19 16:31:43,879 - INFO - Retrieved article length: 131 characters
2025-01-19 16:31:43,986 - INFO - RMBL: 1h change of -4.85%
2025-01-19 16:31:44,080 - INFO - RMBL: 1wk change of -21.75%
2025-01-19 16:31:44,116 - INFO - Retrieved article length: 2654 characters
2025-01-19 16:31:44,177 - INFO - RMBL: 1mo change of -33.49%
2025-01-19 16:31:44,177 - INFO - Processing RMBL - 2024-12-18 01:00:00 UTC
2025-01-19 16:31:44,200 - INFO - RMBS: 1h change of -2.37%
2025-01-19 16:31:44,285 - INFO - RMBS: 1wk change of 11.32%
2025-01-19 16:31:44,378 - INFO - RMBS: 1mo change of 5.59%
2025-01-19 16:31:44,378 - INFO - Processing RMBS - 2025-01-07 16:00:07 UTC
2025-01-19 16:31:44,565 - INFO - Retrieved article length: 5482 characters
2025-01-19 16:31:44,574 - INFO - RMD: 1h change of 2.59%
2025-01-19 16:31:44,591 - INFO - Retrieved article length: 3606 characters
2025-01-19 16:31:44,641 - INFO - RMD: 1wk change of 1.43%
2025-01-19 16:31:44,706 - INFO - Processing RMD - 2025-01-16 22:01:32 UTC
2025-01-19 16:31:44,800 - INFO - RMCO: 1wk change of 6.93%
2025-01-19 16:31:44,912 - INFO - RMCO: 1mo change of 10.20%
2025-01-19 16:31:45,010 - INFO - Retrieved article length: 6687 characters
2025-01-19 16:31:45,077 - INFO - Processing RMR - 2025-01-16 16:00:00 UTC
2025-01-19 16:31:45,110 - INFO - RMBL: 1h change of -12.55%
2025-01-19 16:31:45,187 - INFO - Retrieved article length: 321 characters
2025-01-19 16:31:45,194 - INFO - RMBS: 1h change of -2.37%
2025-01-19 16:31:45,201 - INFO - RMBS: 1wk change of 11.32%
2025-01-19 16:31:45,204 - INFO - RMBL: 1wk change of -18.09%
2025-01-19 16:31:45,251 - INFO - RMBS: 1mo change of 5.59%
2025-01-19 16:31:45,251 - INFO - Processing RMBS - 2024-12-30 13:29:47 UTC
2025-01-19 16:31:45,303 - INFO - RMBL: 1mo change of -17.56%
2025-01-19 16:31:45,303 - INFO - Processing RMBL - 2024-12-13 17:16:05 UTC
2025-01-19 16:31:45,356 - INFO - Retrieved article length: 1401 characters
2025-01-19 16:31:45,463 - INFO - RMD: 1h change of 4.28%
2025-01-19 16:31:45,579 - INFO - RMD: 1wk change of 1.99%
2025-01-19 16:31:45,694 - INFO - RMD: 1mo change of -1.13%
2025-01-19 16:31:45,695 - INFO - Processing RMD - 2025-01-16 19:41:00 UTC
2025-01-19 16:31:45,747 - INFO - Retrieved article length: 3126 characters
2025-01-19 16:31:46,020 - INFO - Retrieved article length: 3644 characters
2025-01-19 16:31:46,072 - INFO - RMR: 1mo change of -9.81%
2025-01-19 16:31:46,072 - INFO - Processing RMR - 2025-01-08 16:00:00 UTC
2025-01-19 16:31:46,175 - INFO - Retrieved article length: 522 characters
2025-01-19 16:31:46,185 - INFO - RMBS: 1wk change of 8.56%
2025-01-19 16:31:46,271 - INFO - RMBS: 1mo change of 8.84%
2025-01-19 16:31:46,271 - INFO - Processing RMBS - 2024-12-19 18:02:03 UTC
2025-01-19 16:31:46,274 - INFO - RMBL: 1h change of -12.97%
2025-01-19 16:31:46,372 - INFO - RMBL: 1wk change of -18.40%
2025-01-19 16:31:46,467 - INFO - RMBL: 1mo change of -22.16%
2025-01-19 16:31:46,467 - INFO - Processing RMBL - 2024-12-13 16:15:00 UTC
2025-01-19 16:31:46,492 - INFO - Retrieved article length: 6951 characters
2025-01-19 16:31:46,501 - INFO - RMD: 1h change of 4.28%
2025-01-19 16:31:46,569 - INFO - RMD: 1wk change of 1.99%
2025-01-19 16:31:46,638 - INFO - RMD: 1mo change of -1.13%
2025-01-19 16:31:46,638 - INFO - Processing RMD - 2025-01-16 15:29:00 UTC
2025-01-19 16:31:46,740 - INFO - Retrieved article length: 2420 characters
2025-01-19 16:31:46,846 - INFO - RMR: 1h change of -4.21%
2025-01-19 16:31:46,947 - INFO - RMR: 1wk change of -4.31%
2025-01-19 16:31:47,001 - INFO - Retrieved article length: 3185 characters
2025-01-19 16:31:47,047 - INFO - RMR: 1mo change of -10.39%
2025-01-19 16:31:47,047 - INFO - Processing RMR - 2024-12-10 16:30:47 UTC
2025-01-19 16:31:47,088 - INFO - RMBS: 1h change of -8.85%
2025-01-19 16:31:47,169 - INFO - RMBS: 1wk change of -7.12%
2025-01-19 16:31:47,215 - INFO - Retrieved article length: 7589 characters
2025-01-19 16:31:47,224 - INFO - RMBL: 1h change of -12.97%
2025-01-19 16:31:47,230 - INFO - RMBL: 1wk change of -18.40%
2025-01-19 16:31:47,235 - INFO - RMBL: 1mo change of -22.16%
2025-01-19 16:31:47,235 - INFO - Processing RMBL - 2024-12-05 21:52:06 UTC
2025-01-19 16:31:47,254 - INFO - RMBS: 1mo change of 16.06%
2025-01-19 16:31:47,254 - INFO - Processing RMBS - 2024-12-17 22:56:00 UTC
2025-01-19 16:31:47,300 - INFO - Retrieved article length: 5206 characters
2025-01-19 16:31:47,309 - INFO - RMD: 1h change of 4.28%
2025-01-19 16:31:47,377 - INFO - RMD: 1wk change of 1.99%
2025-01-19 16:31:47,449 - INFO - RMD: 1mo change of -1.13%
2025-01-19 16:31:47,450 - INFO - Processing RMD - 2025-01-15 20:23:00 UTC
2025-01-19 16:31:47,793 - INFO - Retrieved article length: 4268 characters
2025-01-19 16:31:48,001 - INFO - RMR: 1wk change of -7.26%
2025-01-19 16:31:48,029 - INFO - Retrieved article length: 133 characters
2025-01-19 16:31:48,040 - INFO - Retrieved article length: 4026 characters
2025-01-19 16:31:48,104 - INFO - RMR: 1mo change of -16.94%
2025-01-19 16:31:48,105 - INFO - Processing RMR - 2024-11-13 14:44:55 UTC
2025-01-19 16:31:48,121 - INFO - RMBS: 1h change of -6.44%
2025-01-19 16:31:48,138 - INFO - RMBL: 1h change of 1.28%
2025-01-19 16:31:48,199 - INFO - Retrieved article length: 5512 characters
2025-01-19 16:31:48,202 - INFO - RMBS: 1wk change of -6.37%
2025-01-19 16:31:48,232 - INFO - RMBL: 1wk change of 1.32%
2025-01-19 16:31:48,287 - INFO - RMBS: 1mo change of 11.83%
2025-01-19 16:31:48,287 - INFO - Processing RMBS - 2024-12-13 20:10:57 UTC
2025-01-19 16:31:48,295 - INFO - RMD: 1h change of 4.13%
2025-01-19 16:31:48,331 - INFO - RMBL: 1mo change of -5.16%
2025-01-19 16:31:48,406 - INFO - RMD: 1wk change of 1.99%
2025-01-19 16:31:48,455 - INFO - Processing RMSG - 2024-12-18 17:00:00 UTC
2025-01-19 16:31:48,527 - INFO - RMD: 1mo change of -2.44%
2025-01-19 16:31:48,527 - INFO - Processing RMD - 2025-01-15 12:01:00 UTC
2025-01-19 16:31:49,060 - INFO - Retrieved article length: 4175 characters
2025-01-19 16:31:49,066 - INFO - Retrieved article length: 513 characters
2025-01-19 16:31:49,158 - INFO - RMBS: 1h change of -2.18%
2025-01-19 16:31:49,159 - INFO - RMR: 1h change of -8.84%
2025-01-19 16:31:49,242 - INFO - RMBS: 1wk change of -10.33%
2025-01-19 16:31:49,264 - INFO - RMR: 1wk change of -6.42%
2025-01-19 16:31:49,316 - INFO - Retrieved article length: 13619 characters
2025-01-19 16:31:49,325 - INFO - RMD: 1h change of 4.13%
2025-01-19 16:31:49,325 - INFO - RMBS: 1mo change of 6.97%
2025-01-19 16:31:49,325 - INFO - Processing RMBS - 2024-12-10 17:54:55 UTC
2025-01-19 16:31:49,370 - INFO - RMR: 1mo change of -13.32%
2025-01-19 16:31:49,371 - INFO - Processing RMR - 2024-11-13 10:14:08 UTC
2025-01-19 16:31:49,391 - INFO - RMD: 1wk change of 1.99%
2025-01-19 16:31:49,459 - INFO - RMD: 1mo change of -2.44%
2025-01-19 16:31:49,459 - INFO - Processing RMD - 2025-01-14 20:13:00 UTC
2025-01-19 16:31:49,564 - INFO - Retrieved article length: 5770 characters
2025-01-19 16:31:49,668 - INFO - RMSG: 1h change of 18.48%
2025-01-19 16:31:49,767 - INFO - RMSG: 1wk change of 36.03%
2025-01-19 16:31:49,869 - INFO - RMSG: 1mo change of -94.43%
2025-01-19 16:31:49,870 - INFO - Processing RMSG - 2024-11-27 16:00:00 UTC
2025-01-19 16:31:50,150 - INFO - Retrieved article length: 5255 characters
2025-01-19 16:31:50,159 - INFO - RMR: 1h change of -8.84%
2025-01-19 16:31:50,164 - INFO - RMR: 1wk change of -6.42%
2025-01-19 16:31:50,171 - INFO - RMR: 1mo change of -13.32%
2025-01-19 16:31:50,171 - INFO - Processing RMR - 2024-11-12 00:15:00 UTC
2025-01-19 16:31:50,261 - INFO - Retrieved article length: 1938 characters
2025-01-19 16:31:50,407 - INFO - Retrieved article length: 5886 characters
2025-01-19 16:31:50,439 - INFO - RMBS: 1wk change of -8.92%
2025-01-19 16:31:50,511 - INFO - RMD: 1h change of 2.46%
2025-01-19 16:31:50,519 - INFO - RMBS: 1mo change of 11.52%
2025-01-19 16:31:50,615 - INFO - Retrieved article length: 7953 characters
2025-01-19 16:31:50,620 - INFO - RMD: 1wk change of 1.99%
2025-01-19 16:31:50,645 - INFO - Processing RMTI - 2024-12-17 15:51:16 UTC
2025-01-19 16:31:50,718 - INFO - RMSG: 1h change of -32.89%
2025-01-19 16:31:50,726 - INFO - RMD: 1mo change of -2.22%
2025-01-19 16:31:50,817 - INFO - RMSG: 1wk change of -95.95%
2025-01-19 16:31:50,911 - INFO - RMSG: 1mo change of -93.11%
2025-01-19 16:31:50,911 - INFO - Processing RMSG - 2024-11-22 18:30:00 UTC
2025-01-19 16:31:50,914 - INFO - Retrieved article length: 2160 characters
2025-01-19 16:31:50,920 - INFO - Processing RNA - 2025-01-17 19:06:44 UTC
2025-01-19 16:31:51,019 - INFO - RMR: 1h change of -7.70%
2025-01-19 16:31:51,128 - INFO - RMR: 1wk change of -5.82%
2025-01-19 16:31:51,237 - INFO - RMR: 1mo change of -13.24%
2025-01-19 16:31:51,238 - INFO - Processing RMR - 2024-10-29 23:15:00 UTC
2025-01-19 16:31:51,474 - INFO - Retrieved article length: 2110 characters
2025-01-19 16:31:51,563 - INFO - RMTI: 1h change of 4.50%
2025-01-19 16:31:51,652 - INFO - Retrieved article length: 6212 characters
2025-01-19 16:31:51,700 - INFO - Retrieved article length: 6460 characters
2025-01-19 16:31:51,731 - INFO - RMTI: 1mo change of -25.09%
2025-01-19 16:31:51,731 - INFO - Processing RMTI - 2024-12-17 14:00:00 UTC
2025-01-19 16:31:51,750 - INFO - RMSG: 1h change of -19.27%
2025-01-19 16:31:51,816 - INFO - RNA: 1h change of 1.96%
2025-01-19 16:31:51,851 - INFO - RMSG: 1wk change of -95.00%
2025-01-19 16:31:51,914 - INFO - RNA: 1wk change of -6.07%
2025-01-19 16:31:51,970 - INFO - RMSG: 1mo change of -93.73%
2025-01-19 16:31:51,970 - INFO - Processing RMSG - 2024-11-20 00:08:00 UTC
2025-01-19 16:31:52,012 - INFO - RNA: 1mo change of -10.99%
2025-01-19 16:31:52,012 - INFO - Processing RNA - 2025-01-09 00:05:00 UTC
2025-01-19 16:31:52,136 - INFO - Retrieved article length: 2484 characters
2025-01-19 16:31:52,472 - INFO - RMR: 1mo change of -10.06%
2025-01-19 16:31:52,513 - INFO - Retrieved article length: 5554 characters
2025-01-19 16:31:52,522 - INFO - RMTI: 1h change of 4.50%
2025-01-19 16:31:52,584 - INFO - RMTI: 1mo change of -25.09%
2025-01-19 16:31:52,584 - INFO - Processing RMTI - 2024-12-12 14:00:00 UTC
2025-01-19 16:31:52,588 - INFO - Processing RNAZ - 2025-01-14 16:00:00 UTC
2025-01-19 16:31:52,783 - INFO - Retrieved article length: 4058 characters
2025-01-19 16:31:52,814 - INFO - Retrieved article length: 7894 characters
2025-01-19 16:31:52,890 - INFO - RNA: 1h change of -5.47%
2025-01-19 16:31:52,920 - INFO - RMSG: 1h change of 9.11%
2025-01-19 16:31:53,019 - INFO - RMSG: 1wk change of -95.00%
2025-01-19 16:31:53,087 - INFO - RNA: 1mo change of -21.58%
2025-01-19 16:31:53,087 - INFO - Processing RNA - 2025-01-08 19:23:11 UTC
2025-01-19 16:31:53,116 - INFO - RMSG: 1mo change of -93.49%
2025-01-19 16:31:53,251 - INFO - Processing RNG - 2025-01-16 14:25:00 UTC
2025-01-19 16:31:53,380 - INFO - Retrieved article length: 7670 characters
2025-01-19 16:31:53,448 - INFO - Retrieved article length: 5745 characters
2025-01-19 16:31:53,484 - INFO - RNAZ: 1h change of 10.96%
2025-01-19 16:31:53,533 - INFO - RMTI: 1h change of -1.40%
2025-01-19 16:31:53,581 - INFO - RNAZ: 1wk change of -4.01%
2025-01-19 16:31:53,620 - INFO - RMTI: 1wk change of -7.14%
2025-01-19 16:31:53,680 - INFO - RNAZ: 1mo change of -60.36%
2025-01-19 16:31:53,680 - INFO - Processing RNAZ - 2025-01-07 16:00:00 UTC
2025-01-19 16:31:53,705 - INFO - RMTI: 1mo change of -50.12%
2025-01-19 16:31:53,705 - INFO - Processing RMTI - 2024-12-05 14:00:00 UTC
2025-01-19 16:31:54,008 - INFO - Retrieved article length: 528 characters
2025-01-19 16:31:54,018 - INFO - Retrieved article length: 2879 characters
2025-01-19 16:31:54,109 - INFO - RNA: 1h change of -4.87%
2025-01-19 16:31:54,124 - INFO - RNG: 1h change of 3.14%
2025-01-19 16:31:54,223 - INFO - RNG: 1wk change of -8.05%
2025-01-19 16:31:54,307 - INFO - RNA: 1mo change of -23.75%
2025-01-19 16:31:54,307 - INFO - Processing RNA - 2025-01-08 17:00:00 UTC
2025-01-19 16:31:54,316 - INFO - RNG: 1mo change of -18.23%
2025-01-19 16:31:54,316 - INFO - Processing RNG - 2025-01-10 17:40:13 UTC
2025-01-19 16:31:54,540 - INFO - Retrieved article length: 6223 characters
2025-01-19 16:31:54,613 - INFO - Retrieved article length: 6235 characters
2025-01-19 16:31:54,642 - INFO - RNAZ: 1h change of -10.76%
2025-01-19 16:31:54,697 - INFO - RMTI: 1h change of -2.97%
2025-01-19 16:31:54,738 - INFO - RNAZ: 1wk change of -10.90%
2025-01-19 16:31:54,785 - INFO - RMTI: 1wk change of -11.69%
2025-01-19 16:31:54,838 - INFO - RNAZ: 1mo change of -62.95%
2025-01-19 16:31:54,838 - INFO - Processing RNAZ - 2024-12-18 16:00:00 UTC
2025-01-19 16:31:54,866 - INFO - RMTI: 1mo change of -41.64%
2025-01-19 16:31:54,866 - INFO - Processing RMTI - 2024-11-19 14:00:00 UTC
2025-01-19 16:31:55,016 - INFO - Retrieved article length: 2460 characters
2025-01-19 16:31:55,087 - INFO - Retrieved article length: 11360 characters
2025-01-19 16:31:55,095 - INFO - RNA: 1h change of -4.87%
2025-01-19 16:31:55,112 - INFO - RNG: 1h change of -1.73%
2025-01-19 16:31:55,166 - INFO - RNA: 1mo change of -23.75%
2025-01-19 16:31:55,166 - INFO - Processing RNA - 2025-01-01 21:12:31 UTC
2025-01-19 16:31:55,209 - INFO - RNG: 1wk change of -3.43%
2025-01-19 16:31:55,306 - INFO - RNG: 1mo change of -17.60%
2025-01-19 16:31:55,306 - INFO - Processing RNG - 2025-01-08 21:58:00 UTC
2025-01-19 16:31:55,736 - INFO - Retrieved article length: 5097 characters
2025-01-19 16:31:55,826 - INFO - RMTI: 1h change of -2.52%
2025-01-19 16:31:55,896 - INFO - Retrieved article length: 8032 characters
2025-01-19 16:31:55,905 - INFO - RMTI: 1wk change of -52.26%
2025-01-19 16:31:55,971 - INFO - Retrieved article length: 6585 characters
2025-01-19 16:31:55,985 - INFO - RMTI: 1mo change of -38.66%
2025-01-19 16:31:55,986 - INFO - Processing RMTI - 2024-11-15 13:54:04 UTC
2025-01-19 16:31:56,000 - INFO - RNAZ: 1h change of -46.90%
2025-01-19 16:31:56,075 - INFO - RNA: 1h change of 7.77%
2025-01-19 16:31:56,094 - INFO - RNAZ: 1wk change of -51.26%
2025-01-19 16:31:56,127 - INFO - Retrieved article length: 5142 characters
2025-01-19 16:31:56,170 - INFO - RNA: 1wk change of -6.89%
2025-01-19 16:31:56,191 - INFO - RNAZ: 1mo change of -72.11%
2025-01-19 16:31:56,191 - INFO - Processing RNAZ - 2024-11-30 00:25:00 UTC
2025-01-19 16:31:56,227 - INFO - RNG: 1h change of -8.45%
2025-01-19 16:31:56,267 - INFO - RNA: 1mo change of -33.26%
2025-01-19 16:31:56,267 - INFO - Processing RNA - 2024-12-20 15:12:09 UTC
2025-01-19 16:31:56,319 - INFO - RNG: 1wk change of -4.65%
2025-01-19 16:31:56,419 - INFO - RNG: 1mo change of -15.03%
2025-01-19 16:31:56,419 - INFO - Processing RNG - 2025-01-07 22:44:43 UTC
2025-01-19 16:31:56,690 - INFO - Retrieved article length: 4275 characters
2025-01-19 16:31:56,784 - INFO - RMTI: 1h change of -12.27%
2025-01-19 16:31:56,869 - INFO - RMTI: 1wk change of -45.12%
2025-01-19 16:31:56,957 - INFO - RMTI: 1mo change of -40.41%
2025-01-19 16:31:56,957 - INFO - Processing RMTI - 2024-11-14 13:51:56 UTC
2025-01-19 16:31:57,092 - INFO - Retrieved article length: 5705 characters
2025-01-19 16:31:57,103 - INFO - Retrieved article length: 526 characters
2025-01-19 16:31:57,198 - INFO - RNA: 1h change of -2.85%
2025-01-19 16:31:57,222 - INFO - Retrieved article length: 2550 characters
2025-01-19 16:31:57,287 - INFO - RNAZ: 1wk change of -32.09%
2025-01-19 16:31:57,291 - INFO - RNA: 1wk change of -16.59%
2025-01-19 16:31:57,318 - INFO - RNG: 1h change of -8.45%
2025-01-19 16:31:57,389 - INFO - RNAZ: 1mo change of -81.52%
2025-01-19 16:31:57,389 - INFO - Processing RNAZ - 2024-11-28 15:20:42 UTC
2025-01-19 16:31:57,389 - INFO - RNA: 1mo change of -31.44%
2025-01-19 16:31:57,389 - INFO - Processing RNA - 2024-12-20 11:39:11 UTC
2025-01-19 16:31:57,411 - INFO - RNG: 1wk change of -5.47%
2025-01-19 16:31:57,512 - INFO - RNG: 1mo change of -8.74%
2025-01-19 16:31:57,512 - INFO - Processing RNG - 2025-01-07 18:06:55 UTC
2025-01-19 16:31:57,829 - INFO - Retrieved article length: 3776 characters
2025-01-19 16:31:57,925 - INFO - RMTI: 1h change of -27.05%
2025-01-19 16:31:58,015 - INFO - RMTI: 1wk change of -42.16%
2025-01-19 16:31:58,097 - INFO - RMTI: 1mo change of -36.28%
2025-01-19 16:31:58,097 - INFO - Processing RMTI - 2024-11-13 10:06:55 UTC
2025-01-19 16:31:58,151 - INFO - Retrieved article length: 7100 characters
2025-01-19 16:31:58,161 - INFO - RNG: 1h change of -8.45%
2025-01-19 16:31:58,167 - INFO - RNG: 1wk change of -5.47%
2025-01-19 16:31:58,232 - INFO - RNG: 1mo change of -8.74%
2025-01-19 16:31:58,232 - INFO - Processing RNG - 2025-01-07 16:00:50 UTC
2025-01-19 16:31:58,256 - INFO - Retrieved article length: 2782 characters
2025-01-19 16:31:58,277 - INFO - Retrieved article length: 528 characters
2025-01-19 16:31:58,285 - INFO - RNA: 1h change of -2.85%
2025-01-19 16:31:58,291 - INFO - RNA: 1wk change of -16.59%
2025-01-19 16:31:58,356 - INFO - RNA: 1mo change of -31.44%
2025-01-19 16:31:58,356 - INFO - Processing RNA - 2024-12-19 00:53:05 UTC
2025-01-19 16:31:58,359 - INFO - RNAZ: 1h change of -3.95%
2025-01-19 16:31:58,468 - INFO - RNAZ: 1wk change of -29.02%
2025-01-19 16:31:58,575 - INFO - RNAZ: 1mo change of -84.29%
2025-01-19 16:31:58,576 - INFO - Processing RNAZ - 2024-11-27 19:24:35 UTC
2025-01-19 16:31:58,931 - INFO - Retrieved article length: 4445 characters
2025-01-19 16:31:59,016 - INFO - RMTI: 1h change of -47.95%
2025-01-19 16:31:59,098 - INFO - RMTI: 1wk change of -42.16%
2025-01-19 16:31:59,120 - INFO - Retrieved article length: 540 characters
2025-01-19 16:31:59,129 - INFO - RNG: 1h change of -8.45%
2025-01-19 16:31:59,134 - INFO - RNG: 1wk change of -5.47%
2025-01-19 16:31:59,180 - INFO - RMTI: 1mo change of -33.93%
2025-01-19 16:31:59,200 - INFO - RNG: 1mo change of -8.74%
2025-01-19 16:31:59,200 - INFO - Processing RNG - 2025-01-03 17:45:11 UTC
2025-01-19 16:31:59,311 - INFO - Retrieved article length: 525 characters
2025-01-19 16:31:59,329 - INFO - Processing RNLX - 2024-11-20 15:00:00 UTC
2025-01-19 16:31:59,381 - INFO - Retrieved article length: 517 characters
2025-01-19 16:31:59,408 - INFO - RNA: 1h change of -4.53%
2025-01-19 16:31:59,505 - INFO - RNA: 1wk change of -18.29%
2025-01-19 16:31:59,981 - INFO - Retrieved article length: 2236 characters
2025-01-19 16:32:00,421 - INFO - Retrieved article length: 11542 characters
2025-01-19 16:32:00,895 - ERROR - RNAZ: No price data found, symbol may be delisted (1d 2024-11-17 -> 2024-12-07)
2025-01-19 16:32:01,195 - ERROR - RNA: No price data found, symbol may be delisted (1d 2024-11-14 -> 2025-01-23)
2025-01-19 16:32:01,365 - ERROR - RNG: No price data found, symbol may be delisted (1h 2025-01-01 -> 2025-01-05)
2025-01-19 16:32:02,110 - ERROR - RNAZ: No price data found, symbol may be delisted (1d 2024-10-23 -> 2025-01-01)
2025-01-19 16:32:02,111 - INFO - Processing RNAZ - 2024-11-27 15:00:00 UTC
2025-01-19 16:32:02,376 - ERROR - RNG: No price data found, symbol may be delisted (1d 2024-12-24 -> 2025-01-13)
2025-01-19 16:32:02,544 - ERROR - Error getting news for RNXT: JSON decode error
2025-01-19 16:32:02,546 - INFO - Retrying RNXT (Attempt 2/3)
2025-01-19 16:32:02,790 - ERROR - Failed to get ticker 'RNLX' reason: Expecting value: line 1 column 1 (char 0)
2025-01-19 16:32:02,792 - ERROR - RNLX: No timezone found, symbol may be delisted
2025-01-19 16:32:02,795 - ERROR - Failed to get ticker 'RNLX' reason: Expecting value: line 1 column 1 (char 0)
2025-01-19 16:32:02,797 - ERROR - RNLX: No timezone found, symbol may be delisted
2025-01-19 16:32:02,800 - ERROR - Failed to get ticker 'RNLX' reason: Expecting value: line 1 column 1 (char 0)
2025-01-19 16:32:02,802 - ERROR - RNLX: No timezone found, symbol may be delisted
2025-01-19 16:32:02,909 - INFO - Retrieved article length: 5575 characters
2025-01-19 16:32:02,917 - ERROR - RNAZ: No price data found, symbol may be delisted (1d 2024-11-17 -> 2024-12-07)
2025-01-19 16:32:02,918 - ERROR - RNAZ: No price data found, symbol may be delisted (1d 2024-10-23 -> 2025-01-01)
2025-01-19 16:32:02,918 - INFO - Processing RNAZ - 2024-11-26 15:05:20 UTC
2025-01-19 16:32:03,472 - ERROR - RNG: No price data found, symbol may be delisted (1d 2024-11-29 -> 2025-02-07)
2025-01-19 16:32:03,474 - INFO - Processing RNG - 2025-01-03 15:35:23 UTC
2025-01-19 16:32:03,616 - INFO - Retrieved article length: 3291 characters
2025-01-19 16:32:03,924 - ERROR - Error getting news for ROIC: JSON decode error
2025-01-19 16:32:03,925 - INFO - Retrying ROIC (Attempt 2/3)
2025-01-19 16:32:04,342 - INFO - Retrieved article length: 522 characters
2025-01-19 16:32:04,343 - ERROR - RNG: No price data found, symbol may be delisted (1h 2025-01-01 -> 2025-01-05)
2025-01-19 16:32:04,343 - ERROR - RNG: No price data found, symbol may be delisted (1d 2024-12-24 -> 2025-01-13)
2025-01-19 16:32:04,638 - ERROR - RNAZ: No price data found, symbol may be delisted (1h 2024-11-24 -> 2024-11-28)
2025-01-19 16:32:05,408 - ERROR - RNG: No price data found, symbol may be delisted (1d 2024-11-29 -> 2025-02-07)
2025-01-19 16:32:05,936 - ERROR - RNAZ: No price data found, symbol may be delisted (1d 2024-11-16 -> 2024-12-06)
2025-01-19 16:32:06,470 - ERROR - Error getting news for ROK: JSON decode error
2025-01-19 16:32:06,471 - INFO - Retrying ROK (Attempt 2/3)
2025-01-19 16:32:07,040 - ERROR - RNAZ: No price data found, symbol may be delisted (1d 2024-10-22 -> 2024-12-31)
2025-01-19 16:32:07,549 - ERROR - Error getting news for RNXT: JSON decode error
2025-01-19 16:32:07,550 - INFO - Retrying RNXT (Attempt 3/3)
2025-01-19 16:32:08,240 - ERROR - Error getting news for ROKU: JSON decode error
2025-01-19 16:32:08,241 - INFO - Retrying ROKU (Attempt 2/3)
2025-01-19 16:32:08,928 - ERROR - Error getting news for ROIC: JSON decode error
2025-01-19 16:32:08,929 - INFO - Retrying ROIC (Attempt 3/3)
2025-01-19 16:32:11,472 - ERROR - Error getting news for ROK: JSON decode error
2025-01-19 16:32:11,472 - INFO - Retrying ROK (Attempt 3/3)
2025-01-19 16:32:12,552 - ERROR - Error getting news for RNXT: JSON decode error
2025-01-19 16:32:12,553 - ERROR - Failed to get news for RNXT after 3 attempts
2025-01-19 16:32:13,243 - ERROR - Error getting news for ROKU: JSON decode error
2025-01-19 16:32:13,243 - INFO - Retrying ROKU (Attempt 3/3)
2025-01-19 16:32:13,883 - ERROR - Error getting news for ROL: JSON decode error
2025-01-19 16:32:13,884 - INFO - Retrying ROL (Attempt 2/3)
2025-01-19 16:32:13,931 - ERROR - Error getting news for ROIC: JSON decode error
2025-01-19 16:32:13,931 - ERROR - Failed to get news for ROIC after 3 attempts
2025-01-19 16:32:15,070 - ERROR - Error getting news for ROMA: JSON decode error
2025-01-19 16:32:15,072 - INFO - Retrying ROMA (Attempt 2/3)
2025-01-19 16:32:16,474 - ERROR - Error getting news for ROK: JSON decode error
2025-01-19 16:32:16,475 - ERROR - Failed to get news for ROK after 3 attempts
2025-01-19 16:32:17,602 - ERROR - Error getting news for ROOT: JSON decode error
2025-01-19 16:32:17,603 - INFO - Retrying ROOT (Attempt 2/3)
2025-01-19 16:32:18,244 - ERROR - Error getting news for ROKU: JSON decode error
2025-01-19 16:32:18,245 - ERROR - Failed to get news for ROKU after 3 attempts
2025-01-19 16:32:18,886 - ERROR - Error getting news for ROL: JSON decode error
2025-01-19 16:32:18,886 - INFO - Retrying ROL (Attempt 3/3)
2025-01-19 16:32:19,469 - ERROR - Error getting news for ROP: JSON decode error
2025-01-19 16:32:19,470 - INFO - Retrying ROP (Attempt 2/3)
2025-01-19 16:32:20,074 - ERROR - Error getting news for ROMA: JSON decode error
2025-01-19 16:32:20,075 - INFO - Retrying ROMA (Attempt 3/3)
2025-01-19 16:32:22,604 - ERROR - Error getting news for ROOT: JSON decode error
2025-01-19 16:32:22,606 - INFO - Retrying ROOT (Attempt 3/3)
2025-01-19 16:32:23,888 - ERROR - Error getting news for ROL: JSON decode error
2025-01-19 16:32:23,890 - ERROR - Failed to get news for ROL after 3 attempts
2025-01-19 16:32:24,472 - ERROR - Error getting news for ROP: JSON decode error
2025-01-19 16:32:24,473 - INFO - Retrying ROP (Attempt 3/3)
2025-01-19 16:32:25,075 - ERROR - Error getting news for ROMA: JSON decode error
2025-01-19 16:32:25,077 - ERROR - Failed to get news for ROMA after 3 attempts
2025-01-19 16:32:25,147 - ERROR - Error getting news for ROST: JSON decode error
2025-01-19 16:32:25,148 - INFO - Retrying ROST (Attempt 2/3)
2025-01-19 16:32:26,419 - ERROR - Error getting news for RPAY: JSON decode error
2025-01-19 16:32:26,420 - INFO - Retrying RPAY (Attempt 2/3)
2025-01-19 16:32:27,607 - ERROR - Error getting news for ROOT: JSON decode error
2025-01-19 16:32:27,610 - ERROR - Failed to get news for ROOT after 3 attempts
2025-01-19 16:32:28,734 - ERROR - Error getting news for RPD: JSON decode error
2025-01-19 16:32:28,734 - INFO - Retrying RPD (Attempt 2/3)
2025-01-19 16:32:29,475 - ERROR - Error getting news for ROP: JSON decode error
2025-01-19 16:32:29,475 - ERROR - Failed to get news for ROP after 3 attempts
2025-01-19 16:32:30,149 - ERROR - Error getting news for ROST: JSON decode error
2025-01-19 16:32:30,149 - INFO - Retrying ROST (Attempt 3/3)
2025-01-19 16:32:30,554 - ERROR - Error getting news for RPID: JSON decode error
2025-01-19 16:32:30,556 - INFO - Retrying RPID (Attempt 2/3)
2025-01-19 16:32:31,422 - ERROR - Error getting news for RPAY: JSON decode error
2025-01-19 16:32:31,423 - INFO - Retrying RPAY (Attempt 3/3)
2025-01-19 16:32:33,736 - ERROR - Error getting news for RPD: JSON decode error
2025-01-19 16:32:33,738 - INFO - Retrying RPD (Attempt 3/3)
2025-01-19 16:32:35,152 - ERROR - Error getting news for ROST: JSON decode error
2025-01-19 16:32:35,155 - ERROR - Failed to get news for ROST after 3 attempts
2025-01-19 16:32:35,558 - ERROR - Error getting news for RPID: JSON decode error
2025-01-19 16:32:35,559 - INFO - Retrying RPID (Attempt 3/3)
2025-01-19 16:32:36,395 - ERROR - Error getting news for RPM: JSON decode error
2025-01-19 16:32:36,396 - INFO - Retrying RPM (Attempt 2/3)
2025-01-19 16:32:36,423 - ERROR - Error getting news for RPAY: JSON decode error
2025-01-19 16:32:36,423 - ERROR - Failed to get news for RPAY after 3 attempts
2025-01-19 16:32:37,695 - ERROR - Error getting news for RPRX: JSON decode error
2025-01-19 16:32:37,696 - INFO - Retrying RPRX (Attempt 2/3)
2025-01-19 16:32:38,739 - ERROR - Error getting news for RPD: JSON decode error
2025-01-19 16:32:38,741 - ERROR - Failed to get news for RPD after 3 attempts
2025-01-19 16:32:39,800 - ERROR - Error getting news for RR: JSON decode error
2025-01-19 16:32:39,801 - INFO - Retrying RR (Attempt 2/3)
2025-01-19 16:32:40,561 - ERROR - Error getting news for RPID: JSON decode error
2025-01-19 16:32:40,563 - ERROR - Failed to get news for RPID after 3 attempts
2025-01-19 16:32:41,398 - ERROR - Error getting news for RPM: JSON decode error
2025-01-19 16:32:41,398 - INFO - Retrying RPM (Attempt 3/3)
2025-01-19 16:32:42,007 - ERROR - Error getting news for RRC: JSON decode error
2025-01-19 16:32:42,008 - INFO - Retrying RRC (Attempt 2/3)
2025-01-19 16:32:42,697 - ERROR - Error getting news for RPRX: JSON decode error
2025-01-19 16:32:42,699 - INFO - Retrying RPRX (Attempt 3/3)
2025-01-19 16:32:44,803 - ERROR - Error getting news for RR: JSON decode error
2025-01-19 16:32:44,805 - INFO - Retrying RR (Attempt 3/3)
2025-01-19 16:32:46,399 - ERROR - Error getting news for RPM: JSON decode error
2025-01-19 16:32:46,401 - ERROR - Failed to get news for RPM after 3 attempts
2025-01-19 16:32:47,010 - ERROR - Error getting news for RRC: JSON decode error
2025-01-19 16:32:47,011 - INFO - Retrying RRC (Attempt 3/3)
2025-01-19 16:32:47,442 - ERROR - Error getting news for RRR: JSON decode error
2025-01-19 16:32:47,443 - INFO - Retrying RRR (Attempt 2/3)
2025-01-19 16:32:47,701 - ERROR - Error getting news for RPRX: JSON decode error
2025-01-19 16:32:47,702 - ERROR - Failed to get news for RPRX after 3 attempts
2025-01-19 16:32:49,806 - ERROR - Error getting news for RR: JSON decode error
2025-01-19 16:32:49,806 - ERROR - Failed to get news for RR after 3 attempts
2025-01-19 16:32:50,105 - ERROR - Error getting news for RSG: JSON decode error
2025-01-19 16:32:50,106 - INFO - Retrying RSG (Attempt 2/3)
2025-01-19 16:32:50,818 - ERROR - Error getting news for RSI: JSON decode error
2025-01-19 16:32:50,819 - INFO - Retrying RSI (Attempt 2/3)
2025-01-19 16:32:52,013 - ERROR - Error getting news for RRC: JSON decode error
2025-01-19 16:32:52,015 - ERROR - Failed to get news for RRC after 3 attempts
2025-01-19 16:32:52,445 - ERROR - Error getting news for RRR: JSON decode error
2025-01-19 16:32:52,446 - INFO - Retrying RRR (Attempt 3/3)
2025-01-19 16:32:53,096 - ERROR - Error getting news for RSLS: JSON decode error
2025-01-19 16:32:53,096 - INFO - Retrying RSLS (Attempt 2/3)
2025-01-19 16:32:55,106 - ERROR - Error getting news for RSG: JSON decode error
2025-01-19 16:32:55,107 - INFO - Retrying RSG (Attempt 3/3)
2025-01-19 16:32:55,820 - ERROR - Error getting news for RSI: JSON decode error
2025-01-19 16:32:55,822 - INFO - Retrying RSI (Attempt 3/3)
2025-01-19 16:32:57,449 - ERROR - Error getting news for RRR: JSON decode error
2025-01-19 16:32:57,449 - ERROR - Failed to get news for RRR after 3 attempts
2025-01-19 16:32:58,098 - ERROR - Error getting news for RSLS: JSON decode error
2025-01-19 16:32:58,099 - INFO - Retrying RSLS (Attempt 3/3)
2025-01-19 16:32:58,580 - ERROR - Error getting news for RSP: JSON decode error
2025-01-19 16:32:58,580 - INFO - Retrying RSP (Attempt 2/3)
2025-01-19 16:33:00,109 - ERROR - Error getting news for RSG: JSON decode error
2025-01-19 16:33:00,109 - ERROR - Failed to get news for RSG after 3 attempts
2025-01-19 16:33:00,824 - ERROR - Error getting news for RSI: JSON decode error
2025-01-19 16:33:00,824 - ERROR - Failed to get news for RSI after 3 attempts
2025-01-19 16:33:01,167 - ERROR - Error getting news for RSSS: JSON decode error
2025-01-19 16:33:01,167 - INFO - Retrying RSSS (Attempt 2/3)
2025-01-19 16:33:01,975 - ERROR - Error getting news for RSTN: JSON decode error
2025-01-19 16:33:01,977 - INFO - Retrying RSTN (Attempt 2/3)
2025-01-19 16:33:03,102 - ERROR - Error getting news for RSLS: JSON decode error
2025-01-19 16:33:03,104 - ERROR - Failed to get news for RSLS after 3 attempts
2025-01-19 16:33:03,581 - ERROR - Error getting news for RSP: JSON decode error
2025-01-19 16:33:03,582 - INFO - Retrying RSP (Attempt 3/3)
2025-01-19 16:33:04,173 - ERROR - Error getting news for RTX: JSON decode error
2025-01-19 16:33:04,174 - INFO - Retrying RTX (Attempt 2/3)
2025-01-19 16:33:06,169 - ERROR - Error getting news for RSSS: JSON decode error
2025-01-19 16:33:06,170 - INFO - Retrying RSSS (Attempt 3/3)
2025-01-19 16:33:06,979 - ERROR - Error getting news for RSTN: JSON decode error
2025-01-19 16:33:06,981 - INFO - Retrying RSTN (Attempt 3/3)
2025-01-19 16:33:08,584 - ERROR - Error getting news for RSP: JSON decode error
2025-01-19 16:33:08,584 - ERROR - Failed to get news for RSP after 3 attempts
2025-01-19 16:33:09,176 - ERROR - Error getting news for RTX: JSON decode error
2025-01-19 16:33:09,177 - INFO - Retrying RTX (Attempt 3/3)
2025-01-19 16:33:09,985 - ERROR - Error getting news for RUM: JSON decode error
2025-01-19 16:33:09,986 - INFO - Retrying RUM (Attempt 2/3)
2025-01-19 16:33:11,172 - ERROR - Error getting news for RSSS: JSON decode error
2025-01-19 16:33:11,173 - ERROR - Failed to get news for RSSS after 3 attempts
2025-01-19 16:33:11,983 - ERROR - Error getting news for RSTN: JSON decode error
2025-01-19 16:33:11,985 - ERROR - Failed to get news for RSTN after 3 attempts
2025-01-19 16:33:12,500 - ERROR - Error getting news for RUN: JSON decode error
2025-01-19 16:33:12,501 - INFO - Retrying RUN (Attempt 2/3)
2025-01-19 16:33:14,179 - ERROR - Error getting news for RTX: JSON decode error
2025-01-19 16:33:14,181 - ERROR - Failed to get news for RTX after 3 attempts
2025-01-19 16:33:14,988 - ERROR - Error getting news for RUM: JSON decode error
2025-01-19 16:33:14,989 - INFO - Retrying RUM (Attempt 3/3)
2025-01-19 16:33:17,503 - ERROR - Error getting news for RUN: JSON decode error
2025-01-19 16:33:17,503 - INFO - Retrying RUN (Attempt 3/3)
2025-01-19 16:33:19,992 - ERROR - Error getting news for RUM: JSON decode error
2025-01-19 16:33:19,993 - ERROR - Failed to get news for RUM after 3 attempts
2025-01-19 16:33:22,505 - ERROR - Error getting news for RUN: JSON decode error
2025-01-19 16:33:22,508 - ERROR - Failed to get news for RUN after 3 attempts
