2025-01-19 16:37:36,909 - INFO - Starting new training session. Logging to: logs/training_20250119_163736.log
2025-01-19 16:37:36,915 - INFO - Starting new training session. Logging to: logs/training_20250119_163736.log
2025-01-19 16:37:36,932 - INFO - Starting new training session. Logging to: logs/training_20250119_163736.log
2025-01-19 16:37:36,941 - INFO - Starting new training session. Logging to: logs/training_20250119_163736.log
2025-01-19 16:37:38,921 - ERROR - Error getting news for SGOL: JSON decode error
2025-01-19 16:37:38,922 - INFO - Retrying SGOL (Attempt 2/3)
2025-01-19 16:37:38,972 - ERROR - Error getting news for SGMO: JSON decode error
2025-01-19 16:37:38,972 - INFO - Retrying SGMO (Attempt 2/3)
2025-01-19 16:37:39,100 - ERROR - Error getting news for SGML: JSON decode error
2025-01-19 16:37:39,101 - INFO - Retrying SGML (Attempt 2/3)
2025-01-19 16:37:39,195 - ERROR - Error getting news for SGMT: JSON decode error
2025-01-19 16:37:39,196 - INFO - Retrying SGMT (Attempt 2/3)
2025-01-19 16:37:43,938 - ERROR - Error getting news for SGOL: JSON decode error
2025-01-19 16:37:43,939 - INFO - Retrying SGOL (Attempt 3/3)
2025-01-19 16:37:43,973 - ERROR - Error getting news for SGMO: JSON decode error
2025-01-19 16:37:43,973 - INFO - Retrying SGMO (Attempt 3/3)
2025-01-19 16:37:44,102 - ERROR - Error getting news for SGML: JSON decode error
2025-01-19 16:37:44,103 - INFO - Retrying SGML (Attempt 3/3)
2025-01-19 16:37:44,198 - ERROR - Error getting news for SGMT: JSON decode error
2025-01-19 16:37:44,199 - INFO - Retrying SGMT (Attempt 3/3)
2025-01-19 16:37:48,941 - ERROR - Error getting news for SGOL: JSON decode error
2025-01-19 16:37:48,942 - ERROR - Failed to get news for SGOL after 3 attempts
2025-01-19 16:37:48,974 - ERROR - Error getting news for SGMO: JSON decode error
2025-01-19 16:37:48,974 - ERROR - Failed to get news for SGMO after 3 attempts
2025-01-19 16:37:49,105 - ERROR - Error getting news for SGML: JSON decode error
2025-01-19 16:37:49,106 - ERROR - Failed to get news for SGML after 3 attempts
2025-01-19 16:37:49,201 - ERROR - Error getting news for SGMT: JSON decode error
2025-01-19 16:37:49,203 - ERROR - Failed to get news for SGMT after 3 attempts
2025-01-19 16:37:50,033 - ERROR - Error getting news for SGRY: JSON decode error
2025-01-19 16:37:50,033 - INFO - Retrying SGRY (Attempt 2/3)
2025-01-19 16:37:50,090 - ERROR - Error getting news for SGRP: JSON decode error
2025-01-19 16:37:50,090 - INFO - Retrying SGRP (Attempt 2/3)
2025-01-19 16:37:50,093 - ERROR - Error getting news for SGOV: JSON decode error
2025-01-19 16:37:50,093 - INFO - Retrying SGOV (Attempt 2/3)
2025-01-19 16:37:50,272 - ERROR - Error getting news for SH: JSON decode error
2025-01-19 16:37:50,274 - INFO - Retrying SH (Attempt 2/3)
2025-01-19 16:37:55,034 - ERROR - Error getting news for SGRY: JSON decode error
2025-01-19 16:37:55,036 - INFO - Retrying SGRY (Attempt 3/3)
2025-01-19 16:37:55,091 - ERROR - Error getting news for SGRP: JSON decode error
2025-01-19 16:37:55,092 - INFO - Retrying SGRP (Attempt 3/3)
2025-01-19 16:37:55,094 - ERROR - Error getting news for SGOV: JSON decode error
2025-01-19 16:37:55,094 - INFO - Retrying SGOV (Attempt 3/3)
2025-01-19 16:37:55,276 - ERROR - Error getting news for SH: JSON decode error
2025-01-19 16:37:55,277 - INFO - Retrying SH (Attempt 3/3)
2025-01-19 16:38:00,038 - ERROR - Error getting news for SGRY: JSON decode error
2025-01-19 16:38:00,038 - ERROR - Failed to get news for SGRY after 3 attempts
2025-01-19 16:38:00,093 - ERROR - Error getting news for SGRP: JSON decode error
2025-01-19 16:38:00,093 - ERROR - Failed to get news for SGRP after 3 attempts
2025-01-19 16:38:00,095 - ERROR - Error getting news for SGOV: JSON decode error
2025-01-19 16:38:00,095 - ERROR - Failed to get news for SGOV after 3 attempts
2025-01-19 16:38:00,278 - ERROR - Error getting news for SH: JSON decode error
2025-01-19 16:38:00,278 - ERROR - Failed to get news for SH after 3 attempts
2025-01-19 16:38:00,979 - ERROR - Error getting news for SHAK: JSON decode error
2025-01-19 16:38:00,993 - INFO - Retrying SHAK (Attempt 2/3)
2025-01-19 16:38:01,112 - ERROR - Error getting news for SHC: JSON decode error
2025-01-19 16:38:01,112 - INFO - Retrying SHC (Attempt 2/3)
2025-01-19 16:38:01,597 - ERROR - Error getting news for SHIM: JSON decode error
2025-01-19 16:38:01,597 - INFO - Retrying SHIM (Attempt 2/3)
2025-01-19 16:38:05,994 - ERROR - Error getting news for SHAK: JSON decode error
2025-01-19 16:38:05,995 - INFO - Retrying SHAK (Attempt 3/3)
2025-01-19 16:38:06,113 - ERROR - Error getting news for SHC: JSON decode error
2025-01-19 16:38:06,114 - INFO - Retrying SHC (Attempt 3/3)
2025-01-19 16:38:06,598 - ERROR - Error getting news for SHIM: JSON decode error
2025-01-19 16:38:06,598 - INFO - Retrying SHIM (Attempt 3/3)
2025-01-19 16:38:10,998 - ERROR - Error getting news for SHAK: JSON decode error
2025-01-19 16:38:11,000 - ERROR - Failed to get news for SHAK after 3 attempts
2025-01-19 16:38:11,116 - ERROR - Error getting news for SHC: JSON decode error
2025-01-19 16:38:11,118 - ERROR - Failed to get news for SHC after 3 attempts
2025-01-19 16:38:11,599 - ERROR - Error getting news for SHIM: JSON decode error
2025-01-19 16:38:11,599 - ERROR - Failed to get news for SHIM after 3 attempts
2025-01-19 16:38:11,951 - ERROR - Error getting news for SHIP: JSON decode error
2025-01-19 16:38:11,951 - INFO - Retrying SHIP (Attempt 2/3)
2025-01-19 16:38:12,146 - ERROR - Error getting news for SHLS: JSON decode error
2025-01-19 16:38:12,146 - INFO - Retrying SHLS (Attempt 2/3)
2025-01-19 16:38:12,649 - ERROR - Error getting news for SHLT: JSON decode error
2025-01-19 16:38:12,650 - INFO - Retrying SHLT (Attempt 2/3)
2025-01-19 16:38:16,952 - ERROR - Error getting news for SHIP: JSON decode error
2025-01-19 16:38:16,953 - INFO - Retrying SHIP (Attempt 3/3)
2025-01-19 16:38:17,148 - ERROR - Error getting news for SHLS: JSON decode error
2025-01-19 16:38:17,150 - INFO - Retrying SHLS (Attempt 3/3)
2025-01-19 16:38:17,651 - ERROR - Error getting news for SHLT: JSON decode error
2025-01-19 16:38:17,653 - INFO - Retrying SHLT (Attempt 3/3)
2025-01-19 16:38:21,956 - ERROR - Error getting news for SHIP: JSON decode error
2025-01-19 16:38:21,956 - ERROR - Failed to get news for SHIP after 3 attempts
2025-01-19 16:38:22,152 - ERROR - Error getting news for SHLS: JSON decode error
2025-01-19 16:38:22,152 - ERROR - Failed to get news for SHLS after 3 attempts
2025-01-19 16:38:22,228 - ERROR - Error getting news for SHFS: JSON decode error
2025-01-19 16:38:22,229 - INFO - Retrying SHFS (Attempt 2/3)
2025-01-19 16:38:22,655 - ERROR - Error getting news for SHLT: JSON decode error
2025-01-19 16:38:22,656 - ERROR - Failed to get news for SHLT after 3 attempts
2025-01-19 16:38:23,206 - ERROR - Error getting news for SHO: JSON decode error
2025-01-19 16:38:23,208 - INFO - Retrying SHO (Attempt 2/3)
2025-01-19 16:38:23,267 - ERROR - Error getting news for SHOO: JSON decode error
2025-01-19 16:38:23,267 - INFO - Retrying SHOO (Attempt 2/3)
2025-01-19 16:38:23,663 - ERROR - Error getting news for SHOT: JSON decode error
2025-01-19 16:38:23,664 - INFO - Retrying SHOT (Attempt 2/3)
2025-01-19 16:38:27,230 - ERROR - Error getting news for SHFS: JSON decode error
2025-01-19 16:38:27,232 - INFO - Retrying SHFS (Attempt 3/3)
2025-01-19 16:38:28,209 - ERROR - Error getting news for SHO: JSON decode error
2025-01-19 16:38:28,211 - INFO - Retrying SHO (Attempt 3/3)
2025-01-19 16:38:28,268 - ERROR - Error getting news for SHOO: JSON decode error
2025-01-19 16:38:28,268 - INFO - Retrying SHOO (Attempt 3/3)
2025-01-19 16:38:28,664 - ERROR - Error getting news for SHOT: JSON decode error
2025-01-19 16:38:28,666 - INFO - Retrying SHOT (Attempt 3/3)
2025-01-19 16:38:32,234 - ERROR - Error getting news for SHFS: JSON decode error
2025-01-19 16:38:32,236 - ERROR - Failed to get news for SHFS after 3 attempts
2025-01-19 16:38:33,213 - ERROR - Error getting news for SHO: JSON decode error
2025-01-19 16:38:33,215 - ERROR - Failed to get news for SHO after 3 attempts
2025-01-19 16:38:33,269 - ERROR - Error getting news for SHOO: JSON decode error
2025-01-19 16:38:33,269 - ERROR - Failed to get news for SHOO after 3 attempts
2025-01-19 16:38:33,498 - INFO - Processing SHW - 2025-01-17 17:11:08 UTC
2025-01-19 16:38:33,668 - ERROR - Error getting news for SHOT: JSON decode error
2025-01-19 16:38:33,669 - ERROR - Failed to get news for SHOT after 3 attempts
2025-01-19 16:38:33,718 - INFO - Processing SHPH - 2025-01-07 17:00:00 UTC
2025-01-19 16:38:33,953 - INFO - Processing SIDU - 2025-01-02 15:54:26 UTC
2025-01-19 16:38:34,000 - INFO - Processing SIEB - 2025-01-08 16:30:00 UTC
2025-01-19 16:38:34,321 - INFO - Retrieved article length: 537 characters
2025-01-19 16:38:34,445 - INFO - SHW: 1h change of 1.84%
2025-01-19 16:38:34,476 - INFO - Retrieved article length: 5236 characters
2025-01-19 16:38:34,597 - INFO - SHW: 1wk change of 5.86%
2025-01-19 16:38:34,600 - INFO - SHPH: 1h change of -7.53%
2025-01-19 16:38:34,682 - INFO - SHPH: 1wk change of 13.97%
2025-01-19 16:38:34,731 - INFO - SHW: 1mo change of -2.89%
2025-01-19 16:38:34,731 - INFO - Processing SHW - 2025-01-14 22:57:10 UTC
2025-01-19 16:38:34,761 - INFO - SHPH: 1mo change of 6.33%
2025-01-19 16:38:34,761 - INFO - Processing SHPH - 2024-12-19 17:00:00 UTC
2025-01-19 16:38:34,784 - INFO - Retrieved article length: 460 characters
2025-01-19 16:38:34,803 - INFO - Retrieved article length: 6586 characters
2025-01-19 16:38:34,899 - INFO - SIDU: 1h change of -32.99%
2025-01-19 16:38:34,917 - INFO - SIEB: 1h change of -4.55%
2025-01-19 16:38:34,985 - INFO - SIDU: 1wk change of -41.41%
2025-01-19 16:38:35,063 - INFO - SIEB: 1wk change of -5.94%
2025-01-19 16:38:35,066 - INFO - SIDU: 1mo change of 72.67%
2025-01-19 16:38:35,066 - INFO - Processing SIDU - 2024-12-30 16:30:00 UTC
2025-01-19 16:38:35,211 - INFO - SIEB: 1mo change of 2.03%
2025-01-19 16:38:35,211 - INFO - Processing SIEB - 2024-12-18 16:30:00 UTC
2025-01-19 16:38:35,471 - INFO - Retrieved article length: 6378 characters
2025-01-19 16:38:35,491 - INFO - Retrieved article length: 7703 characters
2025-01-19 16:38:35,558 - INFO - SHPH: 1h change of -3.88%
2025-01-19 16:38:35,577 - INFO - SHW: 1h change of 5.09%
2025-01-19 16:38:35,641 - INFO - SHPH: 1wk change of -4.76%
2025-01-19 16:38:35,724 - INFO - SHW: 1wk change of 4.78%
2025-01-19 16:38:35,725 - INFO - SHPH: 1mo change of -21.50%
2025-01-19 16:38:35,725 - INFO - Processing SHPH - 2024-11-26 17:00:00 UTC
2025-01-19 16:38:35,907 - INFO - Retrieved article length: 9079 characters
2025-01-19 16:38:35,909 - INFO - Retrieved article length: 9101 characters
2025-01-19 16:38:35,909 - INFO - SHW: 1mo change of -4.74%
2025-01-19 16:38:35,909 - INFO - Processing SHW - 2025-01-14 18:48:53 UTC
2025-01-19 16:38:35,994 - INFO - SIEB: 1h change of -9.15%
2025-01-19 16:38:36,076 - INFO - SIDU: 1wk change of -31.31%
2025-01-19 16:38:36,102 - INFO - SIEB: 1wk change of -8.16%
2025-01-19 16:38:36,157 - INFO - SIDU: 1mo change of 93.28%
2025-01-19 16:38:36,157 - INFO - Processing SIDU - 2024-12-23 16:30:00 UTC
2025-01-19 16:38:36,210 - INFO - SIEB: 1mo change of 13.16%
2025-01-19 16:38:36,211 - INFO - Processing SIEB - 2024-12-03 16:00:00 UTC
2025-01-19 16:38:36,462 - INFO - Retrieved article length: 6952 characters
2025-01-19 16:38:36,556 - INFO - SHPH: 1h change of -1.16%
2025-01-19 16:38:36,636 - INFO - SHPH: 1wk change of -14.29%
2025-01-19 16:38:36,683 - INFO - Retrieved article length: 527 characters
2025-01-19 16:38:36,690 - INFO - SHW: 1h change of 5.09%
2025-01-19 16:38:36,715 - INFO - SHPH: 1mo change of -45.56%
2025-01-19 16:38:36,716 - INFO - Processing SHPH - 2024-11-14 01:00:00 UTC
2025-01-19 16:38:36,744 - INFO - SHW: 1wk change of 4.78%
2025-01-19 16:38:36,798 - INFO - SHW: 1mo change of -4.74%
2025-01-19 16:38:36,799 - INFO - Processing SHW - 2025-01-14 15:29:30 UTC
2025-01-19 16:38:36,960 - INFO - Retrieved article length: 4872 characters
2025-01-19 16:38:37,047 - INFO - SIDU: 1h change of 7.51%
2025-01-19 16:38:37,096 - INFO - Retrieved article length: 5697 characters
2025-01-19 16:38:37,130 - INFO - SIDU: 1wk change of 242.66%
2025-01-19 16:38:37,211 - INFO - SIDU: 1mo change of 121.37%
2025-01-19 16:38:37,211 - INFO - Processing SIDU - 2024-12-20 16:30:00 UTC
2025-01-19 16:38:37,307 - INFO - SIEB: 1wk change of 6.92%
2025-01-19 16:38:37,415 - INFO - SIEB: 1mo change of 28.24%
2025-01-19 16:38:37,415 - INFO - Processing SIEB - 2024-11-15 13:29:31 UTC
2025-01-19 16:38:37,468 - INFO - Retrieved article length: 523 characters
2025-01-19 16:38:37,474 - INFO - Retrieved article length: 7766 characters
2025-01-19 16:38:37,477 - INFO - SHW: 1h change of 5.09%
2025-01-19 16:38:37,530 - INFO - SHW: 1wk change of 4.78%
2025-01-19 16:38:37,572 - INFO - SHPH: 1h change of -17.83%
2025-01-19 16:38:37,585 - INFO - SHW: 1mo change of -4.74%
2025-01-19 16:38:37,585 - INFO - Processing SHW - 2025-01-10 19:19:58 UTC
2025-01-19 16:38:37,655 - INFO - SHPH: 1wk change of -45.56%
2025-01-19 16:38:37,768 - INFO - SHPH: 1mo change of -44.95%
2025-01-19 16:38:37,768 - INFO - Processing SHPH - 2024-10-30 04:05:00 UTC
2025-01-19 16:38:38,109 - INFO - Retrieved article length: 4738 characters
2025-01-19 16:38:38,112 - INFO - Retrieved article length: 1616 characters
2025-01-19 16:38:38,197 - INFO - SIDU: 1h change of -12.78%
2025-01-19 16:38:38,198 - INFO - SIEB: 1h change of 3.61%
2025-01-19 16:38:38,277 - INFO - SIDU: 1wk change of 277.44%
2025-01-19 16:38:38,303 - INFO - SIEB: 1wk change of 13.55%
2025-01-19 16:38:38,307 - INFO - Retrieved article length: 522 characters
2025-01-19 16:38:38,360 - INFO - SIDU: 1mo change of 115.83%
2025-01-19 16:38:38,360 - INFO - Processing SIDU - 2024-12-20 00:05:00 UTC
2025-01-19 16:38:38,394 - INFO - SHW: 1h change of -1.28%
2025-01-19 16:38:38,414 - INFO - SIEB: 1mo change of 35.51%
2025-01-19 16:38:38,414 - INFO - Processing SIEB - 2024-11-12 17:08:00 UTC
2025-01-19 16:38:38,535 - INFO - SHW: 1wk change of 4.13%
2025-01-19 16:38:38,659 - INFO - SHW: 1mo change of -8.05%
2025-01-19 16:38:38,659 - INFO - Processing SHW - 2025-01-08 15:55:40 UTC
2025-01-19 16:38:38,663 - INFO - Retrieved article length: 5805 characters
2025-01-19 16:38:38,748 - INFO - SHPH: 1h change of 45.80%
2025-01-19 16:38:38,834 - INFO - SHPH: 1wk change of -10.08%
2025-01-19 16:38:38,918 - INFO - SHPH: 1mo change of -39.23%
2025-01-19 16:38:38,918 - INFO - Processing SHPH - 2024-10-29 23:05:00 UTC
2025-01-19 16:38:39,132 - INFO - Retrieved article length: 5695 characters
2025-01-19 16:38:39,140 - INFO - SIDU: 1h change of -12.78%
2025-01-19 16:38:39,146 - INFO - SIDU: 1wk change of 277.44%
2025-01-19 16:38:39,170 - INFO - Retrieved article length: 6761 characters
2025-01-19 16:38:39,197 - INFO - SIDU: 1mo change of 115.83%
2025-01-19 16:38:39,197 - INFO - Processing SIDU - 2024-12-17 18:17:36 UTC
2025-01-19 16:38:39,257 - INFO - SIEB: 1h change of 1.89%
2025-01-19 16:38:39,367 - INFO - SIEB: 1wk change of 12.70%
2025-01-19 16:38:39,474 - INFO - SIEB: 1mo change of 33.62%
2025-01-19 16:38:39,475 - INFO - Processing SIEB - 2024-10-24 15:57:37 UTC
2025-01-19 16:38:39,606 - INFO - Retrieved article length: 1703 characters
2025-01-19 16:38:39,813 - INFO - Retrieved article length: 5962 characters
2025-01-19 16:38:39,816 - INFO - SHW: 1wk change of 4.50%
2025-01-19 16:38:39,897 - INFO - SHPH: 1h change of 34.35%
2025-01-19 16:38:39,939 - INFO - SHW: 1mo change of -9.72%
2025-01-19 16:38:39,939 - INFO - Processing SHW - 2025-01-06 17:32:00 UTC
2025-01-19 16:38:39,944 - INFO - Retrieved article length: 511 characters
2025-01-19 16:38:39,978 - INFO - SHPH: 1wk change of -9.30%
2025-01-19 16:38:40,031 - INFO - SIDU: 1h change of 97.15%
2025-01-19 16:38:40,058 - INFO - SHPH: 1mo change of -40.15%
2025-01-19 16:38:40,059 - INFO - Processing SHPH - 2024-10-29 16:00:00 UTC
2025-01-19 16:38:40,111 - INFO - SIDU: 1wk change of 244.85%
2025-01-19 16:38:40,197 - INFO - SIDU: 1mo change of 15.11%
2025-01-19 16:38:40,199 - INFO - Processing SIDU - 2024-12-17 17:11:00 UTC
2025-01-19 16:38:40,312 - INFO - Retrieved article length: 6002 characters
2025-01-19 16:38:40,405 - INFO - SIEB: 1h change of 4.00%
2025-01-19 16:38:40,515 - INFO - SIEB: 1wk change of -1.59%
2025-01-19 16:38:40,621 - INFO - SIEB: 1mo change of 33.79%
2025-01-19 16:38:40,642 - INFO - Retrieved article length: 530 characters
2025-01-19 16:38:40,729 - INFO - SHW: 1h change of -1.66%
2025-01-19 16:38:40,781 - INFO - Processing SIFY - 2025-01-18 16:41:25 UTC
2025-01-19 16:38:40,852 - INFO - SHW: 1wk change of 1.06%
2025-01-19 16:38:40,854 - INFO - Retrieved article length: 5436 characters
2025-01-19 16:38:40,863 - INFO - SHPH: 1h change of 34.35%
2025-01-19 16:38:40,868 - INFO - SHPH: 1wk change of -9.30%
2025-01-19 16:38:40,874 - INFO - SHPH: 1mo change of -40.15%
2025-01-19 16:38:40,874 - INFO - Processing SHPH - 2024-10-28 23:05:00 UTC
2025-01-19 16:38:40,981 - INFO - Retrieved article length: 5894 characters
2025-01-19 16:38:40,989 - INFO - SIDU: 1h change of 97.15%
2025-01-19 16:38:40,996 - INFO - SIDU: 1wk change of 244.85%
2025-01-19 16:38:41,011 - INFO - SHW: 1mo change of -10.52%
2025-01-19 16:38:41,011 - INFO - Processing SHW - 2025-01-03 12:05:40 UTC
2025-01-19 16:38:41,046 - INFO - SIDU: 1mo change of 15.11%
2025-01-19 16:38:41,046 - INFO - Processing SIDU - 2024-12-17 15:39:07 UTC
2025-01-19 16:38:41,481 - INFO - Retrieved article length: 1973 characters
2025-01-19 16:38:41,569 - INFO - SIFY: 1h change of -9.69%
2025-01-19 16:38:41,614 - INFO - Retrieved article length: 5961 characters
2025-01-19 16:38:41,654 - INFO - SIFY: 1wk change of -1.03%
2025-01-19 16:38:41,686 - INFO - Retrieved article length: 468 characters
2025-01-19 16:38:41,695 - INFO - SIDU: 1h change of 97.15%
2025-01-19 16:38:41,695 - INFO - SHPH: 1h change of 35.11%
2025-01-19 16:38:41,699 - INFO - Retrieved article length: 3908 characters
2025-01-19 16:38:41,701 - INFO - SIDU: 1wk change of 244.85%
2025-01-19 16:38:41,740 - INFO - SIFY: 1mo change of -8.54%
2025-01-19 16:38:41,740 - INFO - Processing SIFY - 2025-01-18 10:00:52 UTC
2025-01-19 16:38:41,752 - INFO - SIDU: 1mo change of 15.11%
2025-01-19 16:38:41,777 - INFO - SHPH: 1wk change of 5.04%
2025-01-19 16:38:41,864 - INFO - SHPH: 1mo change of -38.10%
2025-01-19 16:38:41,913 - INFO - SHW: 1wk change of -4.72%
2025-01-19 16:38:41,921 - INFO - Processing SIGA - 2025-01-18 01:45:22 UTC
2025-01-19 16:38:42,010 - INFO - Processing SIL - 2024-12-11 20:33:15 UTC
2025-01-19 16:38:42,056 - INFO - SHW: 1mo change of -10.93%
2025-01-19 16:38:42,205 - INFO - Processing SILJ - 2024-10-23 01:34:00 UTC
2025-01-19 16:38:42,424 - INFO - Retrieved article length: 4150 characters
2025-01-19 16:38:42,477 - INFO - SIFY: 1h change of -9.69%
2025-01-19 16:38:42,531 - INFO - SIFY: 1wk change of -1.03%
2025-01-19 16:38:42,583 - INFO - SIFY: 1mo change of -8.54%
2025-01-19 16:38:42,583 - INFO - Processing SIFY - 2025-01-17 15:34:00 UTC
2025-01-19 16:38:42,626 - INFO - Retrieved article length: 2865 characters
2025-01-19 16:38:42,704 - INFO - Retrieved article length: 1763 characters
2025-01-19 16:38:42,792 - INFO - SIL: 1h change of -5.29%
2025-01-19 16:38:42,879 - INFO - Processing SIGA - 2025-01-16 01:50:22 UTC
2025-01-19 16:38:42,921 - INFO - SIL: 1wk change of -8.62%
2025-01-19 16:38:42,942 - INFO - Retrieved article length: 1521 characters
2025-01-19 16:38:43,032 - INFO - SILJ: 1h change of -1.14%
2025-01-19 16:38:43,046 - INFO - SIL: 1mo change of -10.71%
2025-01-19 16:38:43,046 - INFO - Processing SIL - 2024-12-03 17:43:55 UTC
2025-01-19 16:38:43,130 - INFO - SILJ: 1wk change of 1.43%
2025-01-19 16:38:43,231 - INFO - SILJ: 1mo change of -5.71%
2025-01-19 16:38:43,383 - INFO - Processing SILO - 2025-01-09 16:36:21 UTC
2025-01-19 16:38:43,436 - INFO - Retrieved article length: 12287 characters
2025-01-19 16:38:43,523 - INFO - SIFY: 1h change of -5.25%
2025-01-19 16:38:43,563 - INFO - Retrieved article length: 2833 characters
2025-01-19 16:38:43,610 - INFO - SIFY: 1wk change of -7.67%
2025-01-19 16:38:43,654 - INFO - SIGA: 1h change of -1.19%
2025-01-19 16:38:43,696 - INFO - SIFY: 1mo change of -10.25%
2025-01-19 16:38:43,697 - INFO - Processing SIFY - 2025-01-14 14:26:15 UTC
2025-01-19 16:38:43,739 - INFO - SIGA: 1wk change of -2.66%
2025-01-19 16:38:43,793 - INFO - Retrieved article length: 1199 characters
2025-01-19 16:38:43,819 - INFO - SIGA: 1mo change of 1.30%
2025-01-19 16:38:43,820 - INFO - Processing SIGA - 2025-01-03 14:40:18 UTC
2025-01-19 16:38:43,879 - INFO - SIL: 1h change of 5.41%
2025-01-19 16:38:43,990 - INFO - SIL: 1wk change of 7.70%
2025-01-19 16:38:44,091 - INFO - SIL: 1mo change of -20.52%
2025-01-19 16:38:44,091 - INFO - Processing SIL - 2024-11-05 19:22:43 UTC
2025-01-19 16:38:44,239 - INFO - Retrieved article length: 1884 characters
2025-01-19 16:38:44,327 - INFO - SILO: 1h change of 75.50%
2025-01-19 16:38:44,409 - INFO - SILO: 1wk change of 120.22%
2025-01-19 16:38:44,462 - INFO - Retrieved article length: 4295 characters
2025-01-19 16:38:44,491 - INFO - SILO: 1mo change of 110.75%
2025-01-19 16:38:44,491 - INFO - Processing SILO - 2025-01-08 16:29:00 UTC
2025-01-19 16:38:44,552 - INFO - SIFY: 1h change of 8.89%
2025-01-19 16:38:44,633 - INFO - Retrieved article length: 2874 characters
2025-01-19 16:38:44,637 - INFO - SIFY: 1wk change of -5.25%
2025-01-19 16:38:44,717 - INFO - SIGA: 1h change of 1.12%
2025-01-19 16:38:44,725 - INFO - SIFY: 1mo change of -12.95%
2025-01-19 16:38:44,726 - INFO - Processing SIFY - 2025-01-10 16:44:00 UTC
2025-01-19 16:38:44,798 - INFO - SIGA: 1wk change of 3.50%
2025-01-19 16:38:44,859 - INFO - Retrieved article length: 1128 characters
2025-01-19 16:38:44,881 - INFO - SIGA: 1mo change of -14.42%
2025-01-19 16:38:44,881 - INFO - Processing SIGA - 2025-01-02 18:10:22 UTC
2025-01-19 16:38:44,944 - INFO - SIL: 1h change of -2.21%
2025-01-19 16:38:45,052 - INFO - SIL: 1wk change of -13.06%
2025-01-19 16:38:45,149 - INFO - SIL: 1mo change of 10.36%
2025-01-19 16:38:45,149 - INFO - Processing SIL - 2024-11-04 17:47:44 UTC
2025-01-19 16:38:45,220 - INFO - Retrieved article length: 4745 characters
2025-01-19 16:38:45,314 - INFO - SILO: 1h change of 81.80%
2025-01-19 16:38:45,406 - INFO - SILO: 1wk change of 120.22%
2025-01-19 16:38:45,460 - INFO - Retrieved article length: 4102 characters
2025-01-19 16:38:45,486 - INFO - SILO: 1mo change of 102.27%
2025-01-19 16:38:45,486 - INFO - Processing SILO - 2025-01-02 16:45:00 UTC
2025-01-19 16:38:45,548 - INFO - SIFY: 1h change of -2.75%
2025-01-19 16:38:45,633 - INFO - SIFY: 1wk change of 1.05%
2025-01-19 16:38:45,645 - INFO - Retrieved article length: 3273 characters
2025-01-19 16:38:45,725 - INFO - SIFY: 1mo change of -15.50%
2025-01-19 16:38:45,726 - INFO - Processing SIFY - 2024-12-05 15:56:00 UTC
2025-01-19 16:38:45,736 - INFO - SIGA: 1h change of 4.56%
2025-01-19 16:38:45,821 - INFO - SIGA: 1wk change of 4.55%
2025-01-19 16:38:45,875 - INFO - Retrieved article length: 1331 characters
2025-01-19 16:38:45,901 - INFO - SIGA: 1mo change of -14.42%
2025-01-19 16:38:45,902 - INFO - Processing SIGA - 2025-01-02 16:15:08 UTC
2025-01-19 16:38:46,062 - INFO - SIL: 1wk change of -14.46%
2025-01-19 16:38:46,157 - INFO - SIL: 1mo change of 9.40%
2025-01-19 16:38:46,157 - INFO - Processing SIL - 2024-11-02 18:14:39 UTC
2025-01-19 16:38:46,205 - INFO - Retrieved article length: 10369 characters
2025-01-19 16:38:46,297 - INFO - SILO: 1h change of 10.01%
2025-01-19 16:38:46,383 - INFO - SILO: 1wk change of 100.45%
2025-01-19 16:38:46,467 - INFO - SILO: 1mo change of 96.00%
2025-01-19 16:38:46,468 - INFO - Processing SILO - 2024-12-19 15:40:40 UTC
2025-01-19 16:38:46,610 - INFO - Retrieved article length: 4653 characters
2025-01-19 16:38:46,774 - INFO - Retrieved article length: 563 characters
2025-01-19 16:38:46,782 - INFO - SIGA: 1h change of 4.56%
2025-01-19 16:38:46,786 - INFO - SIFY: 1wk change of -6.94%
2025-01-19 16:38:46,790 - INFO - SIGA: 1wk change of 4.55%
2025-01-19 16:38:46,840 - INFO - SIGA: 1mo change of -14.42%
2025-01-19 16:38:46,841 - INFO - Processing SIGA - 2025-01-02 15:30:00 UTC
2025-01-19 16:38:46,874 - INFO - SIFY: 1mo change of -10.98%
2025-01-19 16:38:46,875 - INFO - Processing SIFY - 2024-11-19 13:49:27 UTC
2025-01-19 16:38:46,886 - INFO - Retrieved article length: 5588 characters
2025-01-19 16:38:47,076 - INFO - SIL: 1wk change of -10.97%
2025-01-19 16:38:47,179 - INFO - SIL: 1mo change of 9.40%
2025-01-19 16:38:47,179 - INFO - Processing SIL - 2024-10-29 20:34:52 UTC
2025-01-19 16:38:47,284 - INFO - Retrieved article length: 1580 characters
2025-01-19 16:38:47,379 - INFO - SILO: 1h change of -1.15%
2025-01-19 16:38:47,466 - INFO - SILO: 1wk change of 4.10%
2025-01-19 16:38:47,519 - INFO - Retrieved article length: 4143 characters
2025-01-19 16:38:47,548 - INFO - SILO: 1mo change of 70.43%
2025-01-19 16:38:47,548 - INFO - Processing SILO - 2024-12-18 15:35:00 UTC
2025-01-19 16:38:47,606 - INFO - SIFY: 1h change of 6.47%
2025-01-19 16:38:47,670 - INFO - Retrieved article length: 10165 characters
2025-01-19 16:38:47,678 - INFO - SIGA: 1h change of 4.56%
2025-01-19 16:38:47,684 - INFO - SIGA: 1wk change of 4.55%
2025-01-19 16:38:47,691 - INFO - SIFY: 1wk change of 13.11%
2025-01-19 16:38:47,735 - INFO - SIGA: 1mo change of -14.42%
2025-01-19 16:38:47,735 - INFO - Processing SIGA - 2024-12-25 17:40:11 UTC
2025-01-19 16:38:47,783 - INFO - SIFY: 1mo change of -10.27%
2025-01-19 16:38:47,784 - INFO - Processing SIFY - 2024-11-04 16:37:00 UTC
2025-01-19 16:38:47,911 - INFO - Retrieved article length: 2635 characters
2025-01-19 16:38:48,004 - INFO - SIL: 1h change of -2.35%
2025-01-19 16:38:48,101 - INFO - SIL: 1wk change of -3.79%
2025-01-19 16:38:48,212 - INFO - SIL: 1mo change of -1.25%
2025-01-19 16:38:48,212 - INFO - Processing SIL - 2024-10-24 16:44:21 UTC
2025-01-19 16:38:48,373 - INFO - Retrieved article length: 5096 characters
2025-01-19 16:38:48,402 - INFO - Retrieved article length: 2579 characters
2025-01-19 16:38:48,457 - INFO - SILO: 1h change of 3.10%
2025-01-19 16:38:48,485 - INFO - SIGA: 1h change of 2.80%
2025-01-19 16:38:48,539 - INFO - SILO: 1wk change of 4.10%
2025-01-19 16:38:48,568 - INFO - SIGA: 1wk change of 2.43%
2025-01-19 16:38:48,624 - INFO - SILO: 1mo change of 78.18%
2025-01-19 16:38:48,624 - INFO - Processing SILO - 2024-11-29 16:05:00 UTC
2025-01-19 16:38:48,632 - INFO - Retrieved article length: 5983 characters
2025-01-19 16:38:48,651 - INFO - Processing SIGA - 2024-12-20 13:02:28 UTC
2025-01-19 16:38:48,719 - INFO - SIFY: 1h change of 7.96%
2025-01-19 16:38:48,809 - INFO - SIFY: 1wk change of -10.82%
2025-01-19 16:38:48,896 - INFO - SIFY: 1mo change of 58.33%
2025-01-19 16:38:48,951 - INFO - Retrieved article length: 1279 characters
2025-01-19 16:38:49,094 - INFO - Processing SINT - 2024-12-17 14:00:00 UTC
2025-01-19 16:38:49,146 - INFO - SIL: 1wk change of 5.13%
2025-01-19 16:38:49,246 - INFO - SIL: 1mo change of 1.14%
2025-01-19 16:38:49,247 - INFO - Processing SIL - 2024-10-22 16:42:59 UTC
2025-01-19 16:38:49,530 - INFO - Retrieved article length: 4970 characters
2025-01-19 16:38:49,574 - INFO - Retrieved article length: 6874 characters
2025-01-19 16:38:49,618 - INFO - SILO: 1h change of 6.57%
2025-01-19 16:38:49,662 - INFO - SIGA: 1h change of -1.33%
2025-01-19 16:38:49,704 - INFO - SILO: 1wk change of -4.74%
2025-01-19 16:38:49,745 - INFO - SIGA: 1wk change of -8.35%
2025-01-19 16:38:49,797 - INFO - SILO: 1mo change of -18.80%
2025-01-19 16:38:49,797 - INFO - Processing SILO - 2024-11-18 16:40:00 UTC
2025-01-19 16:38:49,836 - INFO - SIGA: 1mo change of 4.88%
2025-01-19 16:38:49,970 - INFO - Processing SIRI - 2025-01-18 14:23:00 UTC
2025-01-19 16:38:50,034 - INFO - Retrieved article length: 1219 characters
2025-01-19 16:38:50,241 - INFO - SIL: 1wk change of 6.56%
2025-01-19 16:38:50,365 - INFO - Retrieved article length: 5992 characters
2025-01-19 16:38:50,450 - INFO - SINT: 1h change of 30.33%
2025-01-19 16:38:50,482 - INFO - Processing SISI - 2024-11-12 17:00:00 UTC
2025-01-19 16:38:50,514 - INFO - Retrieved article length: 5769 characters
2025-01-19 16:38:50,534 - INFO - SINT: 1wk change of 8.27%
2025-01-19 16:38:50,602 - INFO - SILO: 1h change of -5.38%
2025-01-19 16:38:50,615 - INFO - SINT: 1mo change of 34.18%
2025-01-19 16:38:50,616 - INFO - Processing SINT - 2024-11-21 14:00:00 UTC
2025-01-19 16:38:50,685 - INFO - SILO: 1wk change of -29.69%
2025-01-19 16:38:50,686 - INFO - Retrieved article length: 5598 characters
2025-01-19 16:38:50,780 - INFO - SILO: 1mo change of -13.07%
2025-01-19 16:38:50,780 - INFO - Processing SILO - 2024-11-15 14:35:59 UTC
2025-01-19 16:38:50,783 - INFO - SIRI: 1h change of 2.76%
2025-01-19 16:38:50,881 - INFO - SIRI: 1wk change of 3.34%
2025-01-19 16:38:50,982 - INFO - SIRI: 1mo change of -1.63%
2025-01-19 16:38:50,982 - INFO - Processing SIRI - 2025-01-15 19:45:00 UTC
2025-01-19 16:38:51,321 - INFO - Retrieved article length: 6493 characters
2025-01-19 16:38:51,326 - INFO - Retrieved article length: 7257 characters
2025-01-19 16:38:51,413 - INFO - SINT: 1h change of 57.78%
2025-01-19 16:38:51,415 - INFO - SISI: 1h change of -9.46%
2025-01-19 16:38:51,499 - INFO - SINT: 1wk change of 49.07%
2025-01-19 16:38:51,503 - INFO - SISI: 1wk change of -16.35%
2025-01-19 16:38:51,555 - INFO - Retrieved article length: 1584 characters
2025-01-19 16:38:51,583 - INFO - SINT: 1mo change of 27.15%
2025-01-19 16:38:51,583 - INFO - Processing SINT - 2024-11-19 14:49:55 UTC
2025-01-19 16:38:51,588 - INFO - SISI: 1mo change of -50.90%
2025-01-19 16:38:51,588 - INFO - Processing SISI - 2024-10-27 00:49:46 UTC
2025-01-19 16:38:51,640 - INFO - SILO: 1h change of -3.42%
2025-01-19 16:38:51,685 - INFO - Retrieved article length: 6792 characters
2025-01-19 16:38:51,722 - INFO - SILO: 1wk change of -22.52%
2025-01-19 16:38:51,768 - INFO - SIRI: 1h change of 6.04%
2025-01-19 16:38:51,803 - INFO - SILO: 1mo change of -18.93%
2025-01-19 16:38:51,867 - INFO - SIRI: 1wk change of -3.72%
2025-01-19 16:38:51,958 - INFO - Processing SITC - 2025-01-10 20:47:49 UTC
2025-01-19 16:38:51,968 - INFO - SIRI: 1mo change of -12.74%
2025-01-19 16:38:51,969 - INFO - Processing SIRI - 2025-01-14 12:52:00 UTC
2025-01-19 16:38:52,368 - INFO - Retrieved article length: 1372 characters
2025-01-19 16:38:52,397 - INFO - Retrieved article length: 824 characters
2025-01-19 16:38:52,455 - INFO - SINT: 1h change of 24.29%
2025-01-19 16:38:52,540 - INFO - SINT: 1wk change of 47.21%
2025-01-19 16:38:52,565 - INFO - SISI: 1wk change of -25.14%
2025-01-19 16:38:52,625 - INFO - SINT: 1mo change of 30.10%
2025-01-19 16:38:52,626 - INFO - Processing SINT - 2024-11-19 14:00:00 UTC
2025-01-19 16:38:52,648 - INFO - SISI: 1mo change of -67.84%
2025-01-19 16:38:52,661 - INFO - Retrieved article length: 6044 characters
2025-01-19 16:38:52,694 - INFO - Retrieved article length: 6098 characters
2025-01-19 16:38:52,747 - INFO - SITC: 1h change of -2.61%
2025-01-19 16:38:52,779 - INFO - SIRI: 1h change of 4.11%
2025-01-19 16:38:52,796 - INFO - Processing SIVR - 2024-11-02 18:14:39 UTC
2025-01-19 16:38:52,884 - INFO - SIRI: 1wk change of -3.72%
2025-01-19 16:38:52,985 - INFO - Processing SITC - 2024-12-23 13:02:50 UTC
2025-01-19 16:38:52,986 - INFO - SIRI: 1mo change of -11.70%
2025-01-19 16:38:52,986 - INFO - Processing SIRI - 2025-01-14 05:23:00 UTC
2025-01-19 16:38:53,216 - INFO - Retrieved article length: 5720 characters
2025-01-19 16:38:53,231 - INFO - SINT: 1h change of 24.29%
2025-01-19 16:38:53,237 - INFO - SINT: 1wk change of 47.21%
2025-01-19 16:38:53,242 - INFO - SINT: 1mo change of 30.10%
2025-01-19 16:38:53,242 - INFO - Processing SINT - 2024-11-18 15:29:15 UTC
2025-01-19 16:38:53,450 - INFO - Retrieved article length: 5588 characters
2025-01-19 16:38:53,536 - INFO - SIVR: 1h change of -1.15%
2025-01-19 16:38:53,623 - INFO - SIVR: 1wk change of -8.83%
2025-01-19 16:38:53,696 - INFO - Retrieved article length: 5642 characters
2025-01-19 16:38:53,703 - INFO - SIRI: 1h change of 4.11%
2025-01-19 16:38:53,706 - INFO - Processing SIVR - 2024-11-01 22:54:40 UTC
2025-01-19 16:38:53,739 - INFO - Retrieved article length: 6866 characters
2025-01-19 16:38:53,755 - INFO - SIRI: 1wk change of -3.72%
2025-01-19 16:38:53,809 - INFO - SIRI: 1mo change of -11.70%
2025-01-19 16:38:53,809 - INFO - Processing SIRI - 2025-01-10 14:24:00 UTC
2025-01-19 16:38:53,940 - INFO - SITC: 1wk change of -2.05%
2025-01-19 16:38:54,053 - INFO - SITC: 1mo change of -1.91%
2025-01-19 16:38:54,053 - INFO - Processing SITC - 2024-11-26 00:05:00 UTC
2025-01-19 16:38:54,091 - INFO - Retrieved article length: 380 characters
2025-01-19 16:38:54,185 - INFO - SINT: 1h change of 7.62%
2025-01-19 16:38:54,276 - INFO - SINT: 1wk change of 37.02%
2025-01-19 16:38:54,370 - INFO - SINT: 1mo change of 13.18%
2025-01-19 16:38:54,370 - INFO - Processing SINT - 2024-11-18 14:00:00 UTC
2025-01-19 16:38:54,516 - INFO - Retrieved article length: 2224 characters
2025-01-19 16:38:54,558 - INFO - Retrieved article length: 2887 characters
2025-01-19 16:38:54,601 - INFO - SIVR: 1h change of -4.09%
2025-01-19 16:38:54,643 - INFO - SIRI: 1h change of -5.43%
2025-01-19 16:38:54,684 - INFO - SIVR: 1wk change of -10.17%
2025-01-19 16:38:54,725 - INFO - Retrieved article length: 3437 characters
2025-01-19 16:38:54,734 - INFO - SIRI: 1wk change of -2.32%
2025-01-19 16:38:54,813 - INFO - SITC: 1h change of -2.86%
2025-01-19 16:38:54,832 - INFO - SIRI: 1mo change of -21.34%
2025-01-19 16:38:54,833 - INFO - Processing SIRI - 2025-01-09 12:03:19 UTC
2025-01-19 16:38:54,887 - INFO - Processing SJ - 2024-12-11 23:05:12 UTC
2025-01-19 16:38:54,927 - INFO - SITC: 1wk change of -2.04%
2025-01-19 16:38:55,051 - INFO - SITC: 1mo change of -11.47%
2025-01-19 16:38:55,051 - INFO - Processing SITC - 2024-11-22 13:04:30 UTC
2025-01-19 16:38:55,179 - INFO - Retrieved article length: 5806 characters
2025-01-19 16:38:55,187 - INFO - SINT: 1h change of 7.62%
2025-01-19 16:38:55,193 - INFO - SINT: 1wk change of 37.02%
2025-01-19 16:38:55,198 - INFO - SINT: 1mo change of 13.18%
2025-01-19 16:38:55,198 - INFO - Processing SINT - 2024-11-15 13:48:55 UTC
2025-01-19 16:38:55,644 - INFO - Retrieved article length: 6053 characters
2025-01-19 16:38:55,692 - INFO - Retrieved article length: 7163 characters
2025-01-19 16:38:55,734 - INFO - SIRI: 1h change of -11.70%
2025-01-19 16:38:55,783 - INFO - SJ: 1h change of 6.62%
2025-01-19 16:38:55,845 - INFO - SIRI: 1wk change of -2.32%
2025-01-19 16:38:55,862 - INFO - SJ: 1wk change of 6.28%
2025-01-19 16:38:55,922 - INFO - Retrieved article length: 7263 characters
2025-01-19 16:38:55,944 - INFO - SJ: 1mo change of -15.00%
2025-01-19 16:38:55,944 - INFO - Processing SJ - 2024-11-27 15:00:00 UTC
2025-01-19 16:38:55,951 - INFO - SIRI: 1mo change of -17.73%
2025-01-19 16:38:55,954 - INFO - Processing SIRI - 2025-01-08 19:45:00 UTC
2025-01-19 16:38:55,998 - INFO - Retrieved article length: 1941 characters
2025-01-19 16:38:56,087 - INFO - SINT: 1h change of -12.17%
2025-01-19 16:38:56,133 - INFO - SITC: 1wk change of -4.20%
2025-01-19 16:38:56,171 - INFO - SINT: 1wk change of 71.03%
2025-01-19 16:38:56,253 - INFO - SITC: 1mo change of -8.76%
2025-01-19 16:38:56,254 - INFO - Processing SITC - 2024-10-31 20:52:00 UTC
2025-01-19 16:38:56,254 - INFO - SINT: 1mo change of 15.09%
2025-01-19 16:38:56,254 - INFO - Processing SINT - 2024-11-14 14:00:00 UTC
2025-01-19 16:38:56,646 - INFO - Retrieved article length: 5141 characters
2025-01-19 16:38:56,675 - INFO - Retrieved article length: 5635 characters
2025-01-19 16:38:56,737 - INFO - SJ: 1h change of 1.06%
2025-01-19 16:38:56,763 - INFO - SIRI: 1h change of -5.98%
2025-01-19 16:38:56,822 - INFO - SJ: 1wk change of -8.91%
2025-01-19 16:38:56,856 - INFO - SIRI: 1wk change of -2.32%
2025-01-19 16:38:56,904 - INFO - SJ: 1mo change of 14.54%
2025-01-19 16:38:56,905 - INFO - Processing SJ - 2024-11-25 16:30:00 UTC
2025-01-19 16:38:56,949 - INFO - SIRI: 1mo change of -19.83%
2025-01-19 16:38:56,950 - INFO - Processing SIRI - 2025-01-08 17:12:00 UTC
2025-01-19 16:38:57,005 - INFO - Retrieved article length: 6011 characters
2025-01-19 16:38:57,010 - INFO - Retrieved article length: 3654 characters
2025-01-19 16:38:57,100 - INFO - SINT: 1h change of -23.31%
2025-01-19 16:38:57,100 - INFO - SITC: 1h change of -4.46%
2025-01-19 16:38:57,179 - INFO - SINT: 1wk change of 69.28%
2025-01-19 16:38:57,218 - INFO - SITC: 1wk change of -4.11%
2025-01-19 16:38:57,260 - INFO - SINT: 1mo change of 25.48%
2025-01-19 16:38:57,351 - INFO - SITC: 1mo change of -11.38%
2025-01-19 16:38:57,351 - INFO - Processing SITC - 2024-10-30 16:30:44 UTC
2025-01-19 16:38:57,375 - INFO - Processing SJM - 2025-01-19 14:35:00 UTC
2025-01-19 16:38:57,697 - INFO - Retrieved article length: 5355 characters
2025-01-19 16:38:57,706 - INFO - SIRI: 1h change of -5.98%
2025-01-19 16:38:57,712 - INFO - SIRI: 1wk change of -2.32%
2025-01-19 16:38:57,763 - INFO - SIRI: 1mo change of -19.83%
2025-01-19 16:38:57,823 - INFO - Retrieved article length: 22589 characters
2025-01-19 16:38:57,909 - INFO - SJ: 1h change of 4.29%
2025-01-19 16:38:57,997 - INFO - SJ: 1wk change of -3.37%
2025-01-19 16:38:58,020 - INFO - Processing SKIN - 2024-12-18 00:30:00 UTC
2025-01-19 16:38:58,054 - INFO - Retrieved article length: 8370 characters
2025-01-19 16:38:58,076 - INFO - SJ: 1mo change of 13.29%
2025-01-19 16:38:58,076 - INFO - Processing SJ - 2024-11-11 03:09:32 UTC
2025-01-19 16:38:58,140 - INFO - SJM: 1h change of -1.32%
2025-01-19 16:38:58,213 - INFO - Retrieved article length: 2650 characters
2025-01-19 16:38:58,248 - INFO - SJM: 1wk change of 1.23%
2025-01-19 16:38:58,310 - INFO - SITC: 1h change of -4.98%
2025-01-19 16:38:58,360 - INFO - SJM: 1mo change of -9.43%
2025-01-19 16:38:58,361 - INFO - Processing SJM - 2025-01-17 20:57:00 UTC
2025-01-19 16:38:58,431 - INFO - SITC: 1wk change of -4.11%
2025-01-19 16:38:58,552 - INFO - SITC: 1mo change of -11.73%
2025-01-19 16:38:58,553 - INFO - Processing SITC - 2024-10-30 16:20:03 UTC
2025-01-19 16:38:58,781 - INFO - Retrieved article length: 3029 characters
2025-01-19 16:38:58,814 - INFO - Retrieved article length: 6889 characters
2025-01-19 16:38:58,871 - INFO - SKIN: 1h change of -9.62%
2025-01-19 16:38:58,900 - INFO - SJ: 1h change of 9.89%
2025-01-19 16:38:58,958 - INFO - SKIN: 1wk change of 8.00%
2025-01-19 16:38:58,979 - INFO - SJ: 1wk change of 20.87%
2025-01-19 16:38:59,042 - INFO - SKIN: 1mo change of -5.95%
2025-01-19 16:38:59,042 - INFO - Processing SKIN - 2024-12-11 16:00:00 UTC
2025-01-19 16:38:59,059 - INFO - SJ: 1mo change of -7.84%
2025-01-19 16:38:59,059 - INFO - Processing SJ - 2024-10-28 15:30:00 UTC
2025-01-19 16:38:59,089 - INFO - Retrieved article length: 157 characters
2025-01-19 16:38:59,290 - INFO - SJM: 1wk change of -4.96%
2025-01-19 16:38:59,369 - INFO - Retrieved article length: 4292 characters
2025-01-19 16:38:59,377 - INFO - SITC: 1h change of -4.98%
2025-01-19 16:38:59,384 - INFO - SITC: 1wk change of -4.11%
2025-01-19 16:38:59,388 - INFO - SITC: 1mo change of -11.73%
2025-01-19 16:38:59,389 - INFO - Processing SITC - 2024-10-30 15:00:00 UTC
2025-01-19 16:38:59,407 - INFO - SJM: 1mo change of -10.03%
2025-01-19 16:38:59,407 - INFO - Processing SJM - 2025-01-16 17:49:00 UTC
2025-01-19 16:38:59,789 - INFO - Retrieved article length: 6154 characters
2025-01-19 16:38:59,791 - INFO - Retrieved article length: 3890 characters
2025-01-19 16:38:59,876 - INFO - SKIN: 1h change of -4.46%
2025-01-19 16:38:59,876 - INFO - SJ: 1h change of -4.95%
2025-01-19 16:38:59,960 - INFO - SJ: 1wk change of 11.11%
2025-01-19 16:38:59,960 - INFO - SKIN: 1wk change of -3.95%
2025-01-19 16:39:00,028 - INFO - Retrieved article length: 5963 characters
2025-01-19 16:39:00,040 - INFO - SKIN: 1mo change of -8.98%
2025-01-19 16:39:00,049 - INFO - Processing SKIN - 2024-11-14 14:36:41 UTC
2025-01-19 16:39:00,264 - INFO - SJM: 1wk change of -6.43%
2025-01-19 16:39:00,319 - INFO - Processing SKT - 2025-01-17 16:00:00 UTC
2025-01-19 16:39:00,371 - INFO - SJM: 1mo change of -10.02%
2025-01-19 16:39:00,372 - INFO - Processing SJM - 2025-01-15 12:05:43 UTC
2025-01-19 16:39:00,520 - INFO - Retrieved article length: 19839 characters
2025-01-19 16:39:00,529 - INFO - SITC: 1h change of -4.98%
2025-01-19 16:39:00,536 - INFO - SITC: 1wk change of -4.11%
2025-01-19 16:39:00,541 - INFO - SITC: 1mo change of -11.73%
2025-01-19 16:39:00,695 - INFO - Processing SKX - 2025-01-17 01:50:22 UTC
2025-01-19 16:39:00,772 - INFO - Retrieved article length: 1994 characters
2025-01-19 16:39:00,854 - INFO - SKIN: 1h change of -13.31%
2025-01-19 16:39:00,933 - INFO - SKIN: 1wk change of -11.80%
2025-01-19 16:39:01,010 - INFO - Retrieved article length: 6069 characters
2025-01-19 16:39:01,013 - INFO - SKIN: 1mo change of -6.00%
2025-01-19 16:39:01,014 - INFO - Processing SKIN - 2024-11-13 10:18:58 UTC
2025-01-19 16:39:01,204 - INFO - SJM: 1wk change of -6.43%
2025-01-19 16:39:01,309 - INFO - SJM: 1mo change of -9.81%
2025-01-19 16:39:01,309 - INFO - Processing SJM - 2025-01-13 17:16:26 UTC
2025-01-19 16:39:01,392 - INFO - Retrieved article length: 3417 characters
2025-01-19 16:39:01,495 - INFO - SKX: 1h change of -1.09%
2025-01-19 16:39:01,552 - INFO - Retrieved article length: 1459 characters
2025-01-19 16:39:01,656 - INFO - Processing SKX - 2025-01-16 15:48:00 UTC
2025-01-19 16:39:01,779 - INFO - Retrieved article length: 3572 characters
2025-01-19 16:39:01,868 - INFO - SKIN: 1h change of 6.23%
2025-01-19 16:39:01,879 - INFO - SKT: 1mo change of -6.59%
2025-01-19 16:39:01,879 - INFO - Processing SKT - 2025-01-10 16:00:00 UTC
2025-01-19 16:39:01,959 - INFO - SKIN: 1wk change of -11.80%
2025-01-19 16:39:02,045 - INFO - SKIN: 1mo change of 6.62%
2025-01-19 16:39:02,045 - INFO - Processing SKIN - 2024-11-13 00:05:00 UTC
2025-01-19 16:39:02,164 - INFO - Retrieved article length: 6362 characters
2025-01-19 16:39:02,343 - INFO - Retrieved article length: 6525 characters
2025-01-19 16:39:02,361 - INFO - SJM: 1wk change of -8.42%
2025-01-19 16:39:02,439 - INFO - SKX: 1h change of -3.93%
2025-01-19 16:39:02,473 - INFO - SJM: 1mo change of -13.32%
2025-01-19 16:39:02,473 - INFO - Processing SJM - 2025-01-13 12:06:50 UTC
2025-01-19 16:39:02,608 - INFO - Processing SKX - 2025-01-13 17:06:00 UTC
2025-01-19 16:39:02,642 - INFO - Retrieved article length: 2106 characters
2025-01-19 16:39:02,851 - INFO - SKT: 1wk change of -2.75%
2025-01-19 16:39:02,968 - INFO - SKT: 1mo change of -8.57%
2025-01-19 16:39:02,968 - INFO - Processing SKT - 2024-12-25 17:35:05 UTC
2025-01-19 16:39:03,165 - INFO - Retrieved article length: 20469 characters
2025-01-19 16:39:03,173 - INFO - SKIN: 1h change of 6.23%
2025-01-19 16:39:03,178 - INFO - SKIN: 1wk change of -11.80%
2025-01-19 16:39:03,184 - INFO - SKIN: 1mo change of 6.62%
2025-01-19 16:39:03,184 - INFO - Processing SKIN - 2024-11-08 16:00:00 UTC
2025-01-19 16:39:03,282 - INFO - Retrieved article length: 6726 characters
2025-01-19 16:39:03,337 - INFO - Retrieved article length: 6086 characters
2025-01-19 16:39:03,368 - INFO - SKX: 1h change of 1.89%
2025-01-19 16:39:03,394 - INFO - SJM: 1wk change of -8.42%
2025-01-19 16:39:03,447 - INFO - SJM: 1mo change of -13.32%
2025-01-19 16:39:03,448 - INFO - Processing SJM - 2025-01-10 14:00:00 UTC
2025-01-19 16:39:03,448 - INFO - SKX: 1wk change of 1.26%
2025-01-19 16:39:03,531 - INFO - SKX: 1mo change of -2.83%
2025-01-19 16:39:03,532 - INFO - Processing SKX - 2025-01-12 13:30:00 UTC
2025-01-19 16:39:03,647 - INFO - Retrieved article length: 2913 characters
2025-01-19 16:39:03,740 - INFO - SKT: 1h change of 1.86%
2025-01-19 16:39:03,849 - INFO - SKT: 1wk change of -3.07%
2025-01-19 16:39:03,890 - INFO - Retrieved article length: 2278 characters
2025-01-19 16:39:03,969 - INFO - SKT: 1mo change of -8.89%
2025-01-19 16:39:03,970 - INFO - Processing SKT - 2024-12-24 17:55:05 UTC
2025-01-19 16:39:03,975 - INFO - SKIN: 1h change of -4.41%
2025-01-19 16:39:04,066 - INFO - SKIN: 1wk change of -14.53%
2025-01-19 16:39:04,150 - INFO - SKIN: 1mo change of 2.03%
2025-01-19 16:39:04,198 - INFO - Retrieved article length: 188 characters
2025-01-19 16:39:04,293 - INFO - SJM: 1h change of -3.48%
2025-01-19 16:39:04,310 - INFO - Processing SKY - 2025-01-17 15:15:45 UTC
2025-01-19 16:39:04,370 - INFO - Retrieved article length: 6850 characters
2025-01-19 16:39:04,404 - INFO - SJM: 1wk change of -7.25%
2025-01-19 16:39:04,461 - INFO - SKX: 1h change of 1.93%
2025-01-19 16:39:04,514 - INFO - SJM: 1mo change of -12.30%
2025-01-19 16:39:04,514 - INFO - Processing SJM - 2025-01-10 12:07:01 UTC
2025-01-19 16:39:04,549 - INFO - SKX: 1wk change of 3.97%
2025-01-19 16:39:04,634 - INFO - SKX: 1mo change of -2.83%
2025-01-19 16:39:04,635 - INFO - Processing SKX - 2025-01-11 01:50:22 UTC
2025-01-19 16:39:04,686 - INFO - Retrieved article length: 3941 characters
2025-01-19 16:39:04,890 - INFO - SKT: 1wk change of -4.20%
2025-01-19 16:39:05,012 - INFO - SKT: 1mo change of -9.09%
2025-01-19 16:39:05,013 - INFO - Processing SKT - 2024-12-11 02:06:00 UTC
2025-01-19 16:39:05,129 - INFO - Retrieved article length: 3053 characters
2025-01-19 16:39:05,216 - INFO - SKY: 1h change of -4.08%
2025-01-19 16:39:05,259 - INFO - Retrieved article length: 3173 characters
2025-01-19 16:39:05,266 - INFO - SJM: 1h change of -3.48%
2025-01-19 16:39:05,320 - INFO - SJM: 1wk change of -7.25%
2025-01-19 16:39:05,324 - INFO - SKY: 1wk change of 5.70%
2025-01-19 16:39:05,373 - INFO - SJM: 1mo change of -12.30%
2025-01-19 16:39:05,425 - INFO - Retrieved article length: 3401 characters
2025-01-19 16:39:05,432 - INFO - SKY: 1mo change of -14.01%
2025-01-19 16:39:05,432 - INFO - Processing SKY - 2025-01-15 00:15:00 UTC
2025-01-19 16:39:05,515 - INFO - Processing SKYQ - 2025-01-16 16:31:00 UTC
2025-01-19 16:39:05,599 - INFO - SKX: 1wk change of 3.97%
2025-01-19 16:39:05,688 - INFO - SKX: 1mo change of -2.83%
2025-01-19 16:39:05,689 - INFO - Processing SKX - 2025-01-10 19:40:09 UTC
2025-01-19 16:39:05,908 - INFO - Retrieved article length: 6787 characters
2025-01-19 16:39:05,997 - INFO - SKT: 1h change of -2.04%
2025-01-19 16:39:06,138 - INFO - SKT: 1wk change of -7.09%
2025-01-19 16:39:06,184 - INFO - Retrieved article length: 2843 characters
2025-01-19 16:39:06,258 - INFO - SKT: 1mo change of -1.36%
2025-01-19 16:39:06,258 - INFO - Processing SKT - 2024-11-22 00:15:00 UTC
2025-01-19 16:39:06,284 - INFO - SKY: 1h change of 6.98%
2025-01-19 16:39:06,376 - INFO - Retrieved article length: 5588 characters
2025-01-19 16:39:06,437 - INFO - Retrieved article length: 2819 characters
2025-01-19 16:39:06,466 - INFO - SKYQ: 1h change of 6.84%
2025-01-19 16:39:06,466 - INFO - SKY: 1wk change of 1.99%
2025-01-19 16:39:06,522 - INFO - SKX: 1h change of 2.16%
2025-01-19 16:39:06,545 - INFO - SKYQ: 1wk change of 5.04%
2025-01-19 16:39:06,606 - INFO - SKY: 1mo change of -16.81%
2025-01-19 16:39:06,606 - INFO - Processing SKY - 2025-01-14 12:02:38 UTC
2025-01-19 16:39:06,607 - INFO - SKX: 1wk change of 4.05%
2025-01-19 16:39:06,626 - INFO - SKYQ: 1mo change of 30.07%
2025-01-19 16:39:06,626 - INFO - Processing SKYQ - 2025-01-15 16:31:00 UTC
2025-01-19 16:39:06,688 - INFO - SKX: 1mo change of -1.53%
2025-01-19 16:39:06,688 - INFO - Processing SKX - 2025-01-10 17:40:11 UTC
2025-01-19 16:39:07,016 - INFO - Retrieved article length: 9944 characters
2025-01-19 16:39:07,217 - INFO - Retrieved article length: 5969 characters
2025-01-19 16:39:07,218 - INFO - SKT: 1wk change of 2.87%
2025-01-19 16:39:07,302 - INFO - SKY: 1h change of 7.75%
2025-01-19 16:39:07,331 - INFO - Processing SKT - 2024-11-07 00:05:00 UTC
2025-01-19 16:39:07,424 - INFO - SKY: 1wk change of 1.99%
2025-01-19 16:39:07,440 - INFO - Retrieved article length: 5071 characters
2025-01-19 16:39:07,462 - INFO - Retrieved article length: 2712 characters
2025-01-19 16:39:07,471 - INFO - SKX: 1h change of 2.16%
2025-01-19 16:39:07,525 - INFO - SKX: 1wk change of 4.05%
2025-01-19 16:39:07,544 - INFO - SKY: 1mo change of -15.62%
2025-01-19 16:39:07,544 - INFO - Processing SKY - 2025-01-06 16:22:58 UTC
2025-01-19 16:39:07,579 - INFO - SKX: 1mo change of -1.53%
2025-01-19 16:39:07,579 - INFO - Processing SKX - 2025-01-10 17:00:12 UTC
2025-01-19 16:39:07,607 - INFO - SKYQ: 1wk change of 5.04%
2025-01-19 16:39:07,698 - INFO - SKYQ: 1mo change of 28.47%
2025-01-19 16:39:07,699 - INFO - Processing SKYQ - 2025-01-09 21:48:00 UTC
2025-01-19 16:39:08,325 - INFO - Retrieved article length: 2929 characters
2025-01-19 16:39:08,328 - INFO - Retrieved article length: 3998 characters
2025-01-19 16:39:08,333 - INFO - SKX: 1h change of 2.16%
2025-01-19 16:39:08,385 - INFO - SKX: 1wk change of 4.05%
2025-01-19 16:39:08,400 - INFO - Retrieved article length: 5702 characters
2025-01-19 16:39:08,414 - INFO - SKY: 1h change of -5.41%
2025-01-19 16:39:08,438 - INFO - SKX: 1mo change of -1.53%
2025-01-19 16:39:08,490 - INFO - Retrieved article length: 52701 characters
2025-01-19 16:39:08,491 - INFO - SKYQ: 1h change of 11.79%
2025-01-19 16:39:08,531 - INFO - SKY: 1wk change of 4.99%
2025-01-19 16:39:08,574 - INFO - SKYQ: 1wk change of -2.34%
2025-01-19 16:39:08,595 - INFO - Processing SKYT - 2025-01-16 17:00:19 UTC
2025-01-19 16:39:08,613 - INFO - SKT: 1h change of 6.00%
2025-01-19 16:39:08,654 - INFO - SKY: 1mo change of -13.96%
2025-01-19 16:39:08,654 - INFO - Processing SKY - 2025-01-05 16:33:21 UTC
2025-01-19 16:39:08,660 - INFO - SKYQ: 1mo change of 34.41%
2025-01-19 16:39:08,660 - INFO - Processing SKYQ - 2025-01-08 16:00:00 UTC
2025-01-19 16:39:08,766 - INFO - SKT: 1wk change of 7.06%
2025-01-19 16:39:08,886 - INFO - SKT: 1mo change of 9.93%
2025-01-19 16:39:09,054 - INFO - Processing SKYX - 2025-01-15 16:45:00 UTC
2025-01-19 16:39:09,410 - INFO - Retrieved article length: 6026 characters
2025-01-19 16:39:09,434 - INFO - Retrieved article length: 4317 characters
2025-01-19 16:39:09,505 - INFO - SKYT: 1h change of 1.76%
2025-01-19 16:39:09,596 - INFO - SKYT: 1wk change of -26.39%
2025-01-19 16:39:09,680 - INFO - SKYT: 1mo change of 24.46%
2025-01-19 16:39:09,680 - INFO - Processing SKYT - 2025-01-15 15:05:00 UTC
2025-01-19 16:39:09,756 - INFO - SKY: 1mo change of -13.96%
2025-01-19 16:39:09,756 - INFO - Processing SKY - 2024-12-31 12:01:29 UTC
2025-01-19 16:39:09,846 - INFO - Retrieved article length: 6407 characters
2025-01-19 16:39:09,935 - INFO - SKYX: 1h change of -5.26%
2025-01-19 16:39:10,007 - INFO - Retrieved article length: 5549 characters
2025-01-19 16:39:10,017 - INFO - SKYX: 1wk change of -3.57%
2025-01-19 16:39:10,097 - INFO - SKYX: 1mo change of 26.17%
2025-01-19 16:39:10,097 - INFO - SKYQ: 1h change of 21.85%
2025-01-19 16:39:10,098 - INFO - Processing SKYX - 2024-12-17 17:15:00 UTC
2025-01-19 16:39:10,179 - INFO - SKYQ: 1wk change of -2.34%
2025-01-19 16:39:10,264 - INFO - SKYQ: 1mo change of 46.89%
2025-01-19 16:39:10,265 - INFO - Processing SKYQ - 2024-12-19 16:00:00 UTC
2025-01-19 16:39:10,445 - INFO - Retrieved article length: 7365 characters
2025-01-19 16:39:10,544 - INFO - Retrieved article length: 5926 characters
2025-01-19 16:39:10,617 - INFO - SKYT: 1wk change of -26.39%
2025-01-19 16:39:10,627 - INFO - SKY: 1h change of 1.30%
2025-01-19 16:39:10,703 - INFO - SKYT: 1mo change of 25.54%
2025-01-19 16:39:10,704 - INFO - Processing SKYT - 2025-01-15 01:50:20 UTC
2025-01-19 16:39:10,751 - INFO - SKY: 1wk change of -4.59%
2025-01-19 16:39:10,833 - INFO - Retrieved article length: 6315 characters
2025-01-19 16:39:10,871 - INFO - SKY: 1mo change of -12.41%
2025-01-19 16:39:10,872 - INFO - Processing SKY - 2024-12-24 12:06:38 UTC
2025-01-19 16:39:10,994 - INFO - Retrieved article length: 10381 characters
2025-01-19 16:39:11,001 - INFO - SKYX: 1wk change of -5.56%
2025-01-19 16:39:11,083 - INFO - SKYX: 1mo change of 7.14%
2025-01-19 16:39:11,083 - INFO - Processing SKYX - 2024-12-09 18:35:00 UTC
2025-01-19 16:39:11,084 - INFO - SKYQ: 1h change of 14.61%
2025-01-19 16:39:11,168 - INFO - SKYQ: 1wk change of 15.60%
2025-01-19 16:39:11,290 - INFO - SKYQ: 1mo change of -36.87%
2025-01-19 16:39:11,290 - INFO - Processing SKYQ - 2024-12-03 13:30:00 UTC
2025-01-19 16:39:11,474 - INFO - Retrieved article length: 2940 characters
2025-01-19 16:39:11,538 - INFO - SKYT: 1wk change of -26.39%
2025-01-19 16:39:11,589 - INFO - SKYT: 1mo change of 25.54%
2025-01-19 16:39:11,590 - INFO - Processing SKYT - 2025-01-13 19:46:00 UTC
2025-01-19 16:39:11,621 - INFO - Retrieved article length: 6152 characters
2025-01-19 16:39:11,705 - INFO - SKY: 1h change of -1.12%
2025-01-19 16:39:11,821 - INFO - Retrieved article length: 2409 characters
2025-01-19 16:39:11,829 - INFO - SKY: 1wk change of -16.23%
2025-01-19 16:39:11,910 - INFO - SKYX: 1h change of -1.80%
2025-01-19 16:39:11,954 - INFO - SKY: 1mo change of -8.24%
2025-01-19 16:39:11,954 - INFO - Processing SKY - 2024-12-23 12:02:45 UTC
2025-01-19 16:39:11,989 - INFO - SKYX: 1wk change of -1.90%
2025-01-19 16:39:12,007 - INFO - Retrieved article length: 4728 characters
2025-01-19 16:39:12,077 - INFO - SKYX: 1mo change of 6.30%
2025-01-19 16:39:12,077 - INFO - Processing SKYX - 2024-11-27 18:30:00 UTC
2025-01-19 16:39:12,096 - INFO - SKYQ: 1h change of -19.39%
2025-01-19 16:39:12,196 - INFO - SKYQ: 1wk change of -17.16%
2025-01-19 16:39:12,260 - INFO - Retrieved article length: 5323 characters
2025-01-19 16:39:12,277 - INFO - SKYQ: 1mo change of -49.15%
2025-01-19 16:39:12,277 - INFO - Processing SKYQ - 2024-12-02 17:00:00 UTC
2025-01-19 16:39:12,349 - INFO - SKYT: 1h change of -1.65%
2025-01-19 16:39:12,441 - INFO - SKYT: 1wk change of -20.29%
2025-01-19 16:39:12,529 - INFO - SKYT: 1mo change of 25.14%
2025-01-19 16:39:12,529 - INFO - Processing SKYT - 2025-01-13 17:30:18 UTC
2025-01-19 16:39:12,650 - INFO - Retrieved article length: 6444 characters
2025-01-19 16:39:12,746 - INFO - SKY: 1h change of -1.12%
2025-01-19 16:39:12,810 - INFO - Retrieved article length: 2749 characters
2025-01-19 16:39:12,890 - INFO - SKY: 1wk change of -16.39%
2025-01-19 16:39:12,977 - INFO - SKYX: 1wk change of 4.67%
2025-01-19 16:39:13,018 - INFO - SKY: 1mo change of -6.38%
2025-01-19 16:39:13,027 - INFO - Retrieved article length: 23276 characters
2025-01-19 16:39:13,059 - INFO - SKYX: 1mo change of -1.69%
2025-01-19 16:39:13,059 - INFO - Processing SKYX - 2024-11-18 22:15:00 UTC
2025-01-19 16:39:13,120 - INFO - SKYQ: 1h change of -11.63%
2025-01-19 16:39:13,199 - INFO - Retrieved article length: 5381 characters
2025-01-19 16:39:13,207 - INFO - SKYT: 1h change of -1.65%
2025-01-19 16:39:13,212 - INFO - SKYQ: 1wk change of -16.84%
2025-01-19 16:39:13,224 - INFO - Processing SLAM - 2024-11-07 16:00:00 UTC
2025-01-19 16:39:13,260 - INFO - SKYT: 1wk change of -20.29%
2025-01-19 16:39:13,306 - INFO - SKYQ: 1mo change of -53.33%
2025-01-19 16:39:13,307 - INFO - Processing SKYQ - 2024-11-29 06:57:39 UTC
2025-01-19 16:39:13,311 - INFO - SKYT: 1mo change of 25.14%
2025-01-19 16:39:13,311 - INFO - Processing SKYT - 2025-01-07 17:52:00 UTC
2025-01-19 16:39:13,716 - INFO - Retrieved article length: 2074 characters
2025-01-19 16:39:13,809 - INFO - SKYX: 1h change of -4.49%
2025-01-19 16:39:13,895 - INFO - SKYX: 1wk change of -25.71%
2025-01-19 16:39:13,993 - INFO - SKYX: 1mo change of -18.25%
2025-01-19 16:39:13,993 - INFO - Processing SKYX - 2024-11-15 15:07:41 UTC
2025-01-19 16:39:14,053 - INFO - Retrieved article length: 2566 characters
2025-01-19 16:39:14,149 - INFO - SKYT: 1h change of -24.99%
2025-01-19 16:39:14,164 - INFO - Retrieved article length: 18204 characters
2025-01-19 16:39:14,205 - INFO - Retrieved article length: 2243 characters
2025-01-19 16:39:14,232 - INFO - SKYT: 1wk change of -19.97%
2025-01-19 16:39:14,292 - INFO - SKYQ: 1h change of 14.05%
2025-01-19 16:39:14,315 - INFO - SKYT: 1mo change of 40.17%
2025-01-19 16:39:14,315 - INFO - Processing SKYT - 2025-01-07 00:05:00 UTC
2025-01-19 16:39:14,374 - INFO - SKYQ: 1wk change of -35.92%
2025-01-19 16:39:14,456 - INFO - SKYQ: 1mo change of -53.06%
2025-01-19 16:39:14,560 - INFO - Processing SLAMU - 2025-01-19 16:33:56 UTC
2025-01-19 16:39:14,819 - INFO - Retrieved article length: 1974 characters
2025-01-19 16:39:14,905 - INFO - SKYX: 1h change of -11.50%
2025-01-19 16:39:14,984 - INFO - SKYX: 1wk change of -21.26%
2025-01-19 16:39:15,006 - INFO - Retrieved article length: 1924 characters
2025-01-19 16:39:15,014 - INFO - SKYT: 1h change of -24.99%
2025-01-19 16:39:15,021 - INFO - SKYT: 1wk change of -19.97%
2025-01-19 16:39:15,065 - INFO - SKYX: 1mo change of -21.05%
2025-01-19 16:39:15,065 - INFO - Processing SKYX - 2024-11-13 16:36:08 UTC
2025-01-19 16:39:15,073 - INFO - SKYT: 1mo change of 40.17%
2025-01-19 16:39:15,073 - INFO - Processing SKYT - 2025-01-06 16:44:53 UTC
2025-01-19 16:39:15,173 - ERROR - SLAM: No timezone found, symbol may be delisted
2025-01-19 16:39:15,176 - ERROR - SLAM: No timezone found, symbol may be delisted
2025-01-19 16:39:15,180 - ERROR - SLAM: No timezone found, symbol may be delisted
2025-01-19 16:39:15,316 - INFO - Processing SLB - 2025-01-18 17:23:35 UTC
2025-01-19 16:39:15,336 - INFO - Retrieved article length: 6083 characters
2025-01-19 16:39:15,895 - INFO - Retrieved article length: 36327 characters
2025-01-19 16:39:15,976 - INFO - Retrieved article length: 6462 characters
2025-01-19 16:39:15,990 - INFO - SKYX: 1h change of -13.77%
2025-01-19 16:39:16,064 - INFO - Retrieved article length: 2998 characters
2025-01-19 16:39:16,066 - INFO - SKYT: 1h change of -7.93%
2025-01-19 16:39:16,074 - INFO - SKYX: 1wk change of -21.26%
2025-01-19 16:39:16,154 - INFO - SKYT: 1wk change of -20.79%
2025-01-19 16:39:16,156 - INFO - SKYX: 1mo change of -13.60%
2025-01-19 16:39:16,157 - INFO - Processing SKYX - 2024-11-13 10:19:34 UTC
2025-01-19 16:39:16,161 - INFO - SLB: 1h change of 7.42%
2025-01-19 16:39:16,212 - ERROR - SLAMU: No timezone found, symbol may be delisted
2025-01-19 16:39:16,213 - ERROR - SLAMU: No timezone found, symbol may be delisted
2025-01-19 16:39:16,214 - ERROR - SLAMU: No timezone found, symbol may be delisted
2025-01-19 16:39:16,214 - INFO - Processing SLAMU - 2025-01-19 16:31:00 UTC
2025-01-19 16:39:16,243 - INFO - SKYT: 1mo change of 38.32%
2025-01-19 16:39:16,283 - INFO - SLB: 1wk change of 12.29%
2025-01-19 16:39:16,419 - INFO - SLB: 1mo change of 9.28%
2025-01-19 16:39:16,419 - INFO - Processing SLB - 2025-01-18 10:01:17 UTC
2025-01-19 16:39:16,422 - INFO - Processing SLDP - 2024-12-24 03:05:44 UTC
2025-01-19 16:39:16,870 - INFO - Retrieved article length: 3887 characters
2025-01-19 16:39:16,872 - ERROR - SLAMU: No timezone found, symbol may be delisted
2025-01-19 16:39:16,872 - ERROR - SLAMU: No timezone found, symbol may be delisted
2025-01-19 16:39:16,873 - ERROR - SLAMU: No timezone found, symbol may be delisted
2025-01-19 16:39:16,873 - INFO - Processing SLAMU - 2025-01-19 16:30:16 UTC
2025-01-19 16:39:16,934 - INFO - Retrieved article length: 4325 characters
2025-01-19 16:39:16,943 - INFO - SKYX: 1h change of -13.77%
2025-01-19 16:39:16,948 - INFO - SKYX: 1wk change of -21.26%
2025-01-19 16:39:16,954 - INFO - SKYX: 1mo change of -13.60%
2025-01-19 16:39:17,037 - INFO - Retrieved article length: 7207 characters
2025-01-19 16:39:17,115 - INFO - Retrieved article length: 4740 characters
2025-01-19 16:39:17,122 - INFO - SLDP: 1h change of 17.09%
2025-01-19 16:39:17,170 - INFO - SLB: 1h change of 7.42%
2025-01-19 16:39:17,205 - INFO - SLDP: 1wk change of 89.91%
2025-01-19 16:39:17,221 - INFO - SLB: 1wk change of 12.29%
2025-01-19 16:39:17,274 - INFO - SLB: 1mo change of 9.28%
2025-01-19 16:39:17,274 - INFO - Processing SLB - 2025-01-18 08:30:28 UTC
2025-01-19 16:39:17,287 - INFO - SLDP: 1mo change of 59.62%
2025-01-19 16:39:17,287 - INFO - Processing SLDP - 2024-12-18 00:05:00 UTC
2025-01-19 16:39:17,535 - INFO - Retrieved article length: 10909 characters
2025-01-19 16:39:17,536 - ERROR - SLAMU: No timezone found, symbol may be delisted
2025-01-19 16:39:17,537 - ERROR - SLAMU: No timezone found, symbol may be delisted
2025-01-19 16:39:17,538 - ERROR - SLAMU: No timezone found, symbol may be delisted
2025-01-19 16:39:17,538 - INFO - Processing SLAMU - 2025-01-19 16:30:00 UTC
2025-01-19 16:39:17,994 - INFO - Retrieved article length: 49424 characters
2025-01-19 16:39:18,036 - INFO - Retrieved article length: 1803 characters
2025-01-19 16:39:18,047 - INFO - SLB: 1h change of 7.42%
2025-01-19 16:39:18,098 - INFO - SLB: 1wk change of 12.29%
2025-01-19 16:39:18,122 - INFO - SLDP: 1h change of 6.57%
2025-01-19 16:39:18,149 - INFO - SLB: 1mo change of 9.28%
2025-01-19 16:39:18,149 - INFO - Processing SLB - 2025-01-18 00:10:27 UTC
2025-01-19 16:39:18,180 - INFO - Retrieved article length: 5386 characters
2025-01-19 16:39:18,181 - ERROR - SLAMU: No timezone found, symbol may be delisted
2025-01-19 16:39:18,181 - ERROR - SLAMU: No timezone found, symbol may be delisted
2025-01-19 16:39:18,182 - ERROR - SLAMU: No timezone found, symbol may be delisted
2025-01-19 16:39:18,182 - INFO - Processing SLAMU - 2025-01-19 16:30:00 UTC
2025-01-19 16:39:18,205 - INFO - SLDP: 1wk change of 82.05%
2025-01-19 16:39:18,292 - INFO - SLDP: 1mo change of 46.90%
2025-01-19 16:39:18,292 - INFO - Processing SLDP - 2024-11-25 20:05:24 UTC
2025-01-19 16:39:18,847 - INFO - Retrieved article length: 323 characters
2025-01-19 16:39:18,890 - INFO - Retrieved article length: 6675 characters
2025-01-19 16:39:18,890 - ERROR - SLAMU: No timezone found, symbol may be delisted
2025-01-19 16:39:18,891 - ERROR - SLAMU: No timezone found, symbol may be delisted
2025-01-19 16:39:18,892 - ERROR - SLAMU: No timezone found, symbol may be delisted
2025-01-19 16:39:18,892 - INFO - Processing SLAMU - 2025-01-19 16:27:46 UTC
2025-01-19 16:39:18,902 - INFO - SLB: 1h change of 7.42%
2025-01-19 16:39:18,953 - INFO - SLB: 1wk change of 12.29%
2025-01-19 16:39:19,003 - INFO - SLB: 1mo change of 9.28%
2025-01-19 16:39:19,004 - INFO - Processing SLB - 2025-01-18 00:06:05 UTC
2025-01-19 16:39:19,011 - INFO - Retrieved article length: 7046 characters
2025-01-19 16:39:19,099 - INFO - SLDP: 1h change of -6.36%
2025-01-19 16:39:19,188 - INFO - SLDP: 1wk change of 6.86%
2025-01-19 16:39:19,275 - INFO - SLDP: 1mo change of 73.17%
2025-01-19 16:39:19,275 - INFO - Processing SLDP - 2024-11-10 16:47:42 UTC
2025-01-19 16:39:19,632 - INFO - Retrieved article length: 2395 characters
2025-01-19 16:39:19,634 - ERROR - SLAMU: No timezone found, symbol may be delisted
2025-01-19 16:39:19,634 - ERROR - SLAMU: No timezone found, symbol may be delisted
2025-01-19 16:39:19,635 - ERROR - SLAMU: No timezone found, symbol may be delisted
2025-01-19 16:39:19,635 - INFO - Processing SLAMU - 2025-01-19 16:27:10 UTC
2025-01-19 16:39:19,736 - INFO - Retrieved article length: 167 characters
2025-01-19 16:39:19,794 - INFO - SLB: 1h change of 7.42%
2025-01-19 16:39:19,849 - INFO - SLB: 1wk change of 12.29%
2025-01-19 16:39:19,902 - INFO - SLB: 1mo change of 9.28%
2025-01-19 16:39:19,902 - INFO - Processing SLB - 2025-01-17 23:54:06 UTC
2025-01-19 16:39:20,045 - INFO - Retrieved article length: 4045 characters
2025-01-19 16:39:20,134 - INFO - SLDP: 1h change of 6.91%
2025-01-19 16:39:20,223 - INFO - SLDP: 1wk change of -11.86%
2025-01-19 16:39:20,312 - INFO - SLDP: 1mo change of -13.49%
2025-01-19 16:39:20,313 - INFO - Processing SLDP - 2024-11-08 00:05:00 UTC
2025-01-19 16:39:20,389 - INFO - Retrieved article length: 10205 characters
2025-01-19 16:39:20,389 - ERROR - SLAMU: No timezone found, symbol may be delisted
2025-01-19 16:39:20,390 - ERROR - SLAMU: No timezone found, symbol may be delisted
2025-01-19 16:39:20,390 - ERROR - SLAMU: No timezone found, symbol may be delisted
2025-01-19 16:39:20,390 - INFO - Processing SLAMU - 2025-01-19 16:23:00 UTC
2025-01-19 16:39:20,600 - INFO - Retrieved article length: 1095 characters
2025-01-19 16:39:20,698 - INFO - SLB: 1h change of 7.88%
2025-01-19 16:39:20,910 - INFO - SLB: 1wk change of 10.69%
2025-01-19 16:39:21,033 - INFO - SLB: 1mo change of 8.35%
2025-01-19 16:39:21,033 - INFO - Processing SLB - 2025-01-17 21:35:28 UTC
2025-01-19 16:39:21,144 - INFO - Retrieved article length: 15745 characters
2025-01-19 16:39:21,156 - INFO - Retrieved article length: 6401 characters
2025-01-19 16:39:21,157 - ERROR - SLAMU: No timezone found, symbol may be delisted
2025-01-19 16:39:21,158 - ERROR - SLAMU: No timezone found, symbol may be delisted
2025-01-19 16:39:21,159 - ERROR - SLAMU: No timezone found, symbol may be delisted
2025-01-19 16:39:21,317 - INFO - SLDP: 1wk change of -18.40%
2025-01-19 16:39:21,403 - INFO - SLDP: 1mo change of -13.18%
2025-01-19 16:39:21,405 - INFO - Processing SLDP - 2024-11-06 15:44:41 UTC
2025-01-19 16:39:21,777 - INFO - Retrieved article length: 555 characters
2025-01-19 16:39:21,786 - INFO - SLB: 1h change of 7.88%
2025-01-19 16:39:21,838 - INFO - SLB: 1wk change of 10.69%
2025-01-19 16:39:21,891 - INFO - SLB: 1mo change of 8.35%
2025-01-19 16:39:21,892 - INFO - Processing SLB - 2025-01-17 21:05:18 UTC
2025-01-19 16:39:22,275 - INFO - Retrieved article length: 3334 characters
2025-01-19 16:39:22,366 - INFO - SLDP: 1h change of 2.60%
2025-01-19 16:39:22,450 - INFO - SLDP: 1wk change of -19.05%
2025-01-19 16:39:22,532 - INFO - SLDP: 1mo change of -8.66%
2025-01-19 16:39:22,564 - INFO - Retrieved article length: 1934 characters
2025-01-19 16:39:22,572 - INFO - SLB: 1h change of 7.88%
2025-01-19 16:39:22,626 - INFO - SLB: 1wk change of 10.69%
2025-01-19 16:39:22,679 - INFO - SLB: 1mo change of 8.35%
