2025-01-19 13:02:12,427 - INFO - Starting new training session. Logging to: logs/training_20250119_130212.log
2025-01-19 13:02:12,437 - INFO - Starting new training session. Logging to: logs/training_20250119_130212.log
2025-01-19 13:02:13,870 - INFO - Processing CINF - 2025-01-19 01:29:16 UTC
2025-01-19 13:02:13,930 - INFO - Processing CIM - 2025-01-09 13:02:03 UTC
2025-01-19 13:02:14,977 - INFO - Retrieved article length: 6407 characters
2025-01-19 13:02:15,108 - INFO - CINF: 1h change of -1.60%
2025-01-19 13:02:15,241 - INFO - CINF: 1wk change of 3.75%
2025-01-19 13:02:15,325 - INFO - Retrieved article length: 7562 characters
2025-01-19 13:02:15,371 - INFO - CINF: 1mo change of -7.11%
2025-01-19 13:02:15,456 - INFO - CIM: 1h change of -3.60%
2025-01-19 13:02:15,612 - INFO - CIM: 1wk change of 5.15%
2025-01-19 13:02:15,872 - INFO - Processing CINF - 2025-01-15 17:03:00 UTC
2025-01-19 13:02:16,226 - INFO - Processing CIM - 2024-12-20 01:00:00 UTC
2025-01-19 13:02:17,112 - INFO - Retrieved article length: 5091 characters
2025-01-19 13:02:17,204 - INFO - CINF: 1h change of 5.24%
2025-01-19 13:02:17,412 - INFO - Retrieved article length: 5744 characters
2025-01-19 13:02:17,459 - INFO - CINF: 1mo change of -6.74%
2025-01-19 13:02:17,508 - INFO - CIM: 1h change of -3.91%
2025-01-19 13:02:17,606 - INFO - CIM: 1wk change of -6.41%
2025-01-19 13:02:17,960 - INFO - Processing CINF - 2025-01-08 16:30:00 UTC
2025-01-19 13:02:18,211 - INFO - Processing CIM - 2024-12-16 17:38:00 UTC
2025-01-19 13:02:19,150 - INFO - Retrieved article length: 1650 characters
2025-01-19 13:02:19,364 - INFO - CINF: 1wk change of -1.73%
2025-01-19 13:02:19,441 - INFO - Retrieved article length: 2563 characters
2025-01-19 13:02:19,495 - INFO - CINF: 1mo change of -9.49%
2025-01-19 13:02:19,533 - INFO - CIM: 1h change of -1.75%
2025-01-19 13:02:19,646 - INFO - CIM: 1wk change of -2.31%
2025-01-19 13:02:19,763 - INFO - CIM: 1mo change of -4.06%
2025-01-19 13:02:19,996 - INFO - Processing CINF - 2024-12-20 13:02:00 UTC
2025-01-19 13:02:20,264 - INFO - Processing CIM - 2024-12-13 00:39:45 UTC
2025-01-19 13:02:21,220 - INFO - Retrieved article length: 11861 characters
2025-01-19 13:02:21,320 - INFO - CINF: 1h change of -1.68%
2025-01-19 13:02:21,414 - INFO - Retrieved article length: 527 characters
2025-01-19 13:02:21,447 - INFO - CINF: 1wk change of -3.31%
2025-01-19 13:02:21,573 - INFO - CINF: 1mo change of -6.80%
2025-01-19 13:02:21,603 - INFO - CIM: 1wk change of -2.11%
2025-01-19 13:02:21,708 - INFO - CIM: 1mo change of -4.07%
2025-01-19 13:02:22,074 - INFO - Processing CINF - 2024-12-19 20:13:00 UTC
2025-01-19 13:02:22,209 - INFO - Processing CIM - 2024-12-11 13:01:51 UTC
2025-01-19 13:02:23,276 - INFO - Retrieved article length: 10210 characters
2025-01-19 13:02:23,369 - INFO - CINF: 1h change of -2.88%
2025-01-19 13:02:23,495 - INFO - CINF: 1wk change of -5.71%
2025-01-19 13:02:23,531 - INFO - Retrieved article length: 7454 characters
2025-01-19 13:02:23,634 - INFO - CINF: 1mo change of -5.41%
2025-01-19 13:02:23,729 - INFO - CIM: 1wk change of -2.77%
2025-01-19 13:02:23,835 - INFO - CIM: 1mo change of -3.74%
2025-01-19 13:02:24,135 - INFO - Processing CINF - 2024-12-18 20:22:24 UTC
2025-01-19 13:02:24,336 - INFO - Processing CIM - 2024-12-04 14:57:46 UTC
2025-01-19 13:02:25,268 - INFO - Retrieved article length: 7433 characters
2025-01-19 13:02:25,360 - INFO - CINF: 1h change of -7.36%
2025-01-19 13:02:25,472 - INFO - Retrieved article length: 1413 characters
2025-01-19 13:02:25,493 - INFO - CINF: 1wk change of -5.71%
2025-01-19 13:02:25,568 - INFO - CIM: 1h change of -1.01%
2025-01-19 13:02:25,679 - INFO - CINF: 1mo change of -6.18%
2025-01-19 13:02:25,694 - INFO - CIM: 1wk change of 1.21%
2025-01-19 13:02:25,798 - INFO - CIM: 1mo change of -8.36%
2025-01-19 13:02:26,180 - INFO - Processing CINF - 2024-12-16 18:01:00 UTC
2025-01-19 13:02:26,299 - INFO - Processing CIM - 2024-12-03 17:25:21 UTC
2025-01-19 13:02:27,431 - INFO - Retrieved article length: 5301 characters
2025-01-19 13:02:27,491 - INFO - Retrieved article length: 518 characters
2025-01-19 13:02:27,525 - INFO - CINF: 1h change of -3.73%
2025-01-19 13:02:27,656 - INFO - CINF: 1wk change of -6.37%
2025-01-19 13:02:27,784 - INFO - CINF: 1mo change of -6.42%
2025-01-19 13:02:27,787 - INFO - CIM: 1mo change of -6.65%
2025-01-19 13:02:28,285 - INFO - Processing CINF - 2024-12-16 17:30:12 UTC
2025-01-19 13:02:28,288 - INFO - Processing CIM - 2024-12-03 14:30:00 UTC
2025-01-19 13:02:29,490 - INFO - Retrieved article length: 6583 characters
2025-01-19 13:02:29,511 - INFO - CIM: 1mo change of -6.65%
2025-01-19 13:02:29,590 - INFO - Retrieved article length: 553 characters
2025-01-19 13:02:29,599 - INFO - CINF: 1h change of -3.73%
2025-01-19 13:02:29,606 - INFO - CINF: 1wk change of -6.37%
2025-01-19 13:02:29,658 - INFO - CINF: 1mo change of -6.42%
2025-01-19 13:02:31,153 - INFO - Processing CING - 2025-01-07 15:30:00 UTC
2025-01-19 13:02:31,352 - INFO - Processing CISO - 2024-12-16 16:00:00 UTC
2025-01-19 13:02:32,335 - INFO - Retrieved article length: 9212 characters
2025-01-19 13:02:32,430 - INFO - CING: 1h change of -13.39%
2025-01-19 13:02:32,598 - INFO - CING: 1mo change of 14.15%
2025-01-19 13:02:32,600 - INFO - Retrieved article length: 4523 characters
2025-01-19 13:02:32,692 - INFO - CISO: 1h change of -3.42%
2025-01-19 13:02:32,777 - INFO - CISO: 1wk change of 51.77%
2025-01-19 13:02:32,861 - INFO - CISO: 1mo change of 16.52%
2025-01-19 13:02:33,099 - INFO - Processing CING - 2024-12-24 15:57:38 UTC
2025-01-19 13:02:34,286 - INFO - Retrieved article length: 2047 characters
2025-01-19 13:02:34,373 - INFO - CING: 1h change of 7.23%
2025-01-19 13:02:34,462 - INFO - CING: 1wk change of 26.55%
2025-01-19 13:02:34,511 - INFO - Processing CISS - 2024-12-30 17:10:00 UTC
2025-01-19 13:02:34,545 - INFO - CING: 1mo change of 16.10%
2025-01-19 13:02:35,046 - INFO - Processing CING - 2024-12-23 20:30:45 UTC
2025-01-19 13:02:35,598 - INFO - Retrieved article length: 6330 characters
2025-01-19 13:02:35,768 - INFO - CISS: 1wk change of -15.82%
2025-01-19 13:02:35,857 - INFO - CISS: 1mo change of -41.43%
2025-01-19 13:02:36,194 - INFO - Retrieved article length: 504 characters
2025-01-19 13:02:36,281 - INFO - CING: 1h change of 7.23%
2025-01-19 13:02:36,366 - INFO - CING: 1wk change of 17.10%
 17:10:00 UTC
2025-01-19 13:02:36,460 - INFO - CING: 1mo change of 18.41%
2025-01-19 13:02:36,961 - INFO - Processing CING - 2024-12-23 15:30:00 UTC
2025-01-19 13:02:37,689 - INFO - Retrieved article length: 29245 characters
2025-01-19 13:02:37,785 - INFO - CISS: 1h change of -9.71%
2025-01-19 13:02:37,873 - INFO - CISS: 1wk change of -35.04%
2025-01-19 13:02:37,959 - INFO - CISS: 1mo change of -45.52%
2025-01-19 13:02:38,168 - INFO - Retrieved article length: 4925 characters
2025-01-19 13:02:38,176 - INFO - CING: 1h change of 7.23%
2025-01-19 13:02:38,188 - INFO - CING: 1wk change of 17.10%
2025-01-19 13:02:38,235 - INFO - CING: 1mo change of 18.41%
2025-01-19 13:02:38,460 - INFO - Processing CISS - 2024-11-12 17:00:00 UTC
2025-01-19 13:02:38,736 - INFO - Processing CING - 2024-11-12 11:15:00 UTC
2025-01-19 13:02:39,652 - INFO - Retrieved article length: 1677 characters
2025-01-19 13:02:39,740 - INFO - CISS: 1h change of -1.30%
2025-01-19 13:02:39,822 - INFO - CISS: 1wk change of -28.15%
2025-01-19 13:02:39,876 - INFO - Retrieved article length: 6249 characters
2025-01-19 13:02:39,910 - INFO - CISS: 1mo change of -36.55%
2025-01-19 13:02:39,965 - INFO - CING: 1h change of 4.85%
2025-01-19 13:02:40,047 - INFO - CING: 1wk change of 21.41%
2025-01-19 13:02:40,133 - INFO - CING: 1mo change of -10.44%
2025-01-19 13:02:40,635 - INFO - Processing CING - 2024-11-07 15:30:00 UTC
2025-01-19 13:02:41,558 - INFO - Processing CITE - 2024-12-24 04:28:00 UTC
2025-01-19 13:02:41,850 - INFO - Retrieved article length: 8938 characters
2025-01-19 13:02:41,939 - INFO - CING: 1h change of -8.42%
2025-01-19 13:02:42,021 - INFO - CING: 1wk change of -3.23%
2025-01-19 13:02:42,109 - INFO - CING: 1mo change of -11.20%
2025-01-19 13:02:42,838 - INFO - Retrieved article length: 5592 characters
2025-01-19 13:02:43,756 - INFO - Processing CITEU - 2024-12-24 04:28:00 UTC
2025-01-19 13:02:43,836 - INFO - Processing CITE - 2024-12-03 14:34:18 UTC
2025-01-19 13:02:44,843 - INFO - Retrieved article length: 5592 characters
2025-01-19 13:02:44,920 - ERROR - CITEU: No price data found, symbol may be delisted (1h 2024-12-22 -> 2024-12-26)
2025-01-19 13:02:45,007 - INFO - CITEU: 1wk change of 2.36%
2025-01-19 13:02:45,089 - INFO - CITEU: 1mo change of -4.46%
2025-01-19 13:02:45,185 - INFO - Retrieved article length: 1426 characters
2025-01-19 13:02:45,273 - INFO - CITE: 1h change of 1.21%
2025-01-19 13:02:45,503 - INFO - CITE: 1mo change of 1.56%
2025-01-19 13:02:45,590 - INFO - Processing CITEU - 2024-12-03 14:34:18 UTC
2025-01-19 13:02:46,769 - INFO - Retrieved article length: 1426 characters
2025-01-19 13:02:46,899 - ERROR - CITEU: No price data found, symbol may be delisted (1h 2024-12-01 -> 2024-12-05)
2025-01-19 13:02:47,068 - INFO - CITEU: 1mo change of 2.36%
2025-01-19 13:02:47,173 - INFO - Processing CIVB - 2025-01-17 17:40:12 UTC
2025-01-19 13:02:48,319 - INFO - Retrieved article length: 3517 characters
2025-01-19 13:02:48,413 - INFO - CIVB: 1h change of 2.76%
2025-01-19 13:02:48,525 - INFO - CIVB: 1wk change of 4.14%
2025-01-19 13:02:48,636 - INFO - CIVB: 1mo change of -6.91%
2025-01-19 13:02:48,735 - INFO - Processing CIVI - 2025-01-18 15:38:11 UTC
2025-01-19 13:02:49,137 - INFO - Processing CIVB - 2025-01-07 01:00:00 UTC
2025-01-19 13:02:49,951 - INFO - Retrieved article length: 4638 characters
2025-01-19 13:02:50,043 - INFO - CIVI: 1h change of -1.32%
2025-01-19 13:02:50,132 - INFO - CIVI: 1wk change of 9.43%
2025-01-19 13:02:50,227 - INFO - CIVI: 1mo change of 17.35%
2025-01-19 13:02:50,551 - INFO - Retrieved article length: 2662 characters
2025-01-19 13:02:50,638 - INFO - CIVB: 1h change of -5.16%
2025-01-19 13:02:50,728 - INFO - Processing CIVI - 2025-01-14 17:40:20 UTC
2025-01-19 13:02:50,750 - INFO - CIVB: 1wk change of -2.80%
2025-01-19 13:02:50,871 - INFO - CIVB: 1mo change of -8.22%
2025-01-19 13:02:51,372 - INFO - Processing CIVB - 2025-01-03 13:03:40 UTC
2025-01-19 13:02:51,926 - INFO - Retrieved article length: 3297 characters
2025-01-19 13:02:52,013 - INFO - CIVI: 1h change of 2.43%
2025-01-19 13:02:52,105 - INFO - CIVI: 1wk change of 11.02%
2025-01-19 13:02:52,200 - INFO - CIVI: 1mo change of 14.86%
2025-01-19 13:02:52,533 - INFO - Retrieved article length: 7262 characters
2025-01-19 13:02:52,622 - INFO - CIVB: 1h change of -1.47%
2025-01-19 13:02:52,701 - INFO - Processing CIVI - 2024-12-21 14:55:59 UTC
2025-01-19 13:02:52,750 - INFO - CIVB: 1wk change of -11.64%
2025-01-19 13:02:52,858 - INFO - CIVB: 1mo change of -8.74%
2025-01-19 13:02:53,360 - INFO - Processing CIVB - 2024-12-31 18:03:49 UTC
2025-01-19 13:02:53,821 - INFO - Retrieved article length: 1487 characters
2025-01-19 13:02:53,909 - INFO - CIVI: 1h change of -2.28%
2025-01-19 13:02:54,001 - INFO - CIVI: 1wk change of -7.12%
2025-01-19 13:02:54,098 - INFO - CIVI: 1mo change of 3.99%
2025-01-19 13:02:54,567 - INFO - Retrieved article length: 6695 characters
2025-01-19 13:02:54,599 - INFO - Processing CIVI - 2024-11-09 16:58:53 UTC
2025-01-19 13:02:54,785 - INFO - CIVB: 1wk change of -8.22%
2025-01-19 13:02:54,900 - INFO - CIVB: 1mo change of -8.42%
2025-01-19 13:02:55,401 - INFO - Processing CIVB - 2024-12-17 16:32:00 UTC
2025-01-19 13:02:55,816 - INFO - Retrieved article length: 2199 characters
2025-01-19 13:02:56,000 - INFO - CIVI: 1wk change of 6.02%
2025-01-19 13:02:56,127 - INFO - CIVI: 1mo change of -11.60%
2025-01-19 13:02:56,627 - INFO - Processing CIVI - 2024-11-08 00:18:00 UTC
2025-01-19 13:02:56,940 - INFO - CIVB: 1h change of -4.85%
2025-01-19 13:02:57,102 - INFO - CIVB: 1wk change of -4.28%
2025-01-19 13:02:57,210 - INFO - CIVB: 1mo change of -10.00%
2025-01-19 13:02:57,711 - INFO - Processing CIVB - 2024-12-05 13:01:55 UTC
2025-01-19 13:02:57,874 - INFO - Retrieved article length: 1449 characters
2025-01-19 13:02:58,051 - INFO - CIVI: 1wk change of 5.33%
2025-01-19 13:02:58,149 - INFO - CIVI: 1mo change of -10.05%
2025-01-19 13:02:58,650 - INFO - Processing CIVI - 2024-11-08 00:15:00 UTC
2025-01-19 13:02:58,885 - INFO - Retrieved article length: 7667 characters
2025-01-19 13:02:58,973 - INFO - CIVB: 1h change of -1.31%
2025-01-19 13:02:59,135 - INFO - CIVB: 1wk change of -3.44%
2025-01-19 13:02:59,240 - INFO - CIVB: 1mo change of -3.86%
2025-01-19 13:02:59,741 - INFO - Processing CIVB - 2024-12-03 13:48:27 UTC
2025-01-19 13:03:00,236 - INFO - Retrieved article length: 35988 characters
2025-01-19 13:03:00,252 - INFO - CIVI: 1wk change of 5.33%
2025-01-19 13:03:00,264 - INFO - CIVI: 1mo change of -10.05%
2025-01-19 13:03:00,765 - INFO - Processing CIVI - 2024-11-03 15:56:03 UTC
2025-01-19 13:03:00,979 - INFO - Retrieved article length: 4613 characters
2025-01-19 13:03:01,073 - INFO - CIVB: 1h change of 1.80%
2025-01-19 13:03:01,191 - INFO - CIVB: 1wk change of -3.01%
2025-01-19 13:03:01,307 - INFO - CIVB: 1mo change of 7.35%
2025-01-19 13:03:01,808 - INFO - Processing CIVB - 2024-11-06 13:05:46 UTC
2025-01-19 13:03:01,905 - INFO - Retrieved article length: 7819 characters
2025-01-19 13:03:02,180 - INFO - CIVI: 1mo change of -7.32%
2025-01-19 13:03:02,681 - INFO - Processing CIVI - 2024-10-25 15:30:00 UTC
2025-01-19 13:03:03,092 - INFO - Retrieved article length: 7402 characters
2025-01-19 13:03:03,181 - INFO - CIVB: 1h change of 7.99%
2025-01-19 13:03:03,347 - INFO - CIVB: 1wk change of 21.44%
2025-01-19 13:03:03,457 - INFO - CIVB: 1mo change of 30.09%
2025-01-19 13:03:03,998 - INFO - Retrieved article length: 2591 characters
2025-01-19 13:03:04,195 - INFO - CIVI: 1wk change of -3.82%
2025-01-19 13:03:04,288 - INFO - CIVI: 1mo change of -5.23%
2025-01-19 13:03:05,070 - INFO - Processing CJJD - 2024-10-22 15:37:06 UTC
2025-01-19 13:03:05,917 - INFO - Processing CKPT - 2024-12-23 12:19:34 UTC
2025-01-19 13:03:06,203 - INFO - Retrieved article length: 4336 characters
2025-01-19 13:03:06,289 - INFO - CJJD: 1h change of 1.10%
2025-01-19 13:03:06,377 - INFO - CJJD: 1wk change of 42.94%
2025-01-19 13:03:06,461 - INFO - CJJD: 1mo change of 21.08%
2025-01-19 13:03:07,136 - INFO - Retrieved article length: 533 characters
2025-01-19 13:03:07,231 - INFO - CKPT: 1h change of 6.18%
2025-01-19 13:03:07,325 - INFO - CKPT: 1wk change of -12.81%
2025-01-19 13:03:07,410 - INFO - CKPT: 1mo change of -3.64%
2025-01-19 13:03:07,912 - INFO - Processing CKPT - 2024-12-23 12:19:07 UTC
2025-01-19 13:03:08,086 - INFO - Processing CL - 2025-01-17 17:39:00 UTC
2025-01-19 13:03:09,173 - INFO - Retrieved article length: 533 characters
2025-01-19 13:03:09,185 - INFO - CKPT: 1h change of 6.18%
2025-01-19 13:03:09,191 - INFO - CKPT: 1wk change of -12.81%
2025-01-19 13:03:09,199 - INFO - Retrieved article length: 6655 characters
2025-01-19 13:03:09,239 - INFO - CKPT: 1mo change of -3.64%
2025-01-19 13:03:09,440 - INFO - CL: 1wk change of 1.49%
2025-01-19 13:03:09,573 - INFO - CL: 1mo change of -5.08%
2025-01-19 13:03:09,741 - INFO - Processing CKPT - 2024-12-16 17:22:01 UTC
2025-01-19 13:03:10,075 - INFO - Processing CL - 2025-01-17 17:34:41 UTC
2025-01-19 13:03:10,879 - INFO - Retrieved article length: 2851 characters
2025-01-19 13:03:10,968 - INFO - CKPT: 1h change of -2.78%
2025-01-19 13:03:11,052 - INFO - CKPT: 1wk change of -13.54%
2025-01-19 13:03:11,258 - INFO - Retrieved article length: 508 characters
2025-01-19 13:03:11,322 - INFO - CL: 1wk change of 1.49%
2025-01-19 13:03:11,371 - INFO - CL: 1mo change of -5.08%
2025-01-19 13:03:11,643 - INFO - Processing CKPT - 2024-12-16 14:59:00 UTC
2025-01-19 13:03:11,872 - INFO - Processing CL - 2025-01-17 17:30:00 UTC
2025-01-19 13:03:13,048 - INFO - Retrieved article length: 3791 characters
2025-01-19 13:03:13,059 - INFO - CKPT: 1h change of -2.78%
2025-01-19 13:03:13,068 - INFO - CKPT: 1wk change of -13.54%
2025-01-19 13:03:13,225 - INFO - Retrieved article length: 2550 characters
2025-01-19 13:03:13,292 - INFO - CL: 1wk change of 1.49%
2025-01-19 13:03:13,341 - INFO - CL: 1mo change of -5.08%
2025-01-19 13:03:13,618 - INFO - Processing CKPT - 2024-12-14 02:15:00 UTC
2025-01-19 13:03:13,842 - INFO - Processing CL - 2025-01-17 17:28:19 UTC
2025-01-19 13:03:14,862 - INFO - Retrieved article length: 19286 characters
2025-01-19 13:03:14,948 - INFO - CKPT: 1h change of -8.27%
2025-01-19 13:03:15,031 - INFO - CKPT: 1wk change of -13.24%
2025-01-19 13:03:15,088 - INFO - Retrieved article length: 524 characters
2025-01-19 13:03:15,143 - INFO - CL: 1wk change of 1.49%
2025-01-19 13:03:15,192 - INFO - CL: 1mo change of -5.08%
2025-01-19 13:03:15,617 - INFO - Processing CKPT - 2024-11-15 15:12:25 UTC
2025-01-19 13:03:15,694 - INFO - Processing CL - 2025-01-17 16:00:16 UTC
2025-01-19 13:03:16,836 - INFO - Retrieved article length: 7485 characters
2025-01-19 13:03:16,893 - INFO - CL: 1wk change of 1.49%
2025-01-19 13:03:16,940 - INFO - CL: 1mo change of -5.08%
2025-01-19 13:03:17,283 - INFO - Retrieved article length: 1785 characters
2025-01-19 13:03:17,425 - INFO - CKPT: 1h change of -1.74%
2025-01-19 13:03:17,441 - INFO - Processing CL - 2025-01-16 18:32:51 UTC
2025-01-19 13:03:17,508 - INFO - CKPT: 1wk change of 13.64%
2025-01-19 13:03:17,592 - INFO - CKPT: 1mo change of 38.40%
2025-01-19 13:03:18,092 - INFO - Processing CKPT - 2024-11-13 00:30:00 UTC
2025-01-19 13:03:18,612 - INFO - Retrieved article length: 533 characters
2025-01-19 13:03:18,709 - INFO - CL: 1h change of 1.14%
2025-01-19 13:03:18,852 - INFO - CL: 1wk change of 1.31%
2025-01-19 13:03:19,002 - INFO - CL: 1mo change of -5.21%
2025-01-19 13:03:19,504 - INFO - Processing CL - 2025-01-16 18:29:04 UTC
2025-01-19 13:03:19,570 - INFO - Retrieved article length: 13522 characters
2025-01-19 13:03:19,660 - INFO - CKPT: 1h change of 13.25%
2025-01-19 13:03:19,745 - INFO - CKPT: 1wk change of 7.45%
2025-01-19 13:03:19,837 - INFO - CKPT: 1mo change of 58.76%
2025-01-19 13:03:20,689 - INFO - Retrieved article length: 502 characters
2025-01-19 13:03:20,698 - INFO - CL: 1h change of 1.14%
2025-01-19 13:03:20,745 - INFO - CL: 1wk change of 1.31%
2025-01-19 13:03:20,791 - INFO - CL: 1mo change of -5.21%
2025-01-19 13:03:21,292 - INFO - Processing CL - 2025-01-16 17:36:22 UTC
2025-01-19 13:03:21,488 - INFO - Processing CLDI - 2025-01-13 16:00:00 UTC
2025-01-19 13:03:22,506 - INFO - Retrieved article length: 517 characters
2025-01-19 13:03:22,515 - INFO - CL: 1h change of 1.14%
2025-01-19 13:03:22,562 - INFO - CL: 1wk change of 1.31%
2025-01-19 13:03:22,608 - INFO - CL: 1mo change of -5.21%
2025-01-19 13:03:22,679 - INFO - Retrieved article length: 6256 characters
2025-01-19 13:03:22,769 - INFO - CLDI: 1h change of -3.03%
2025-01-19 13:03:22,889 - INFO - CLDI: 1wk change of -27.32%
2025-01-19 13:03:22,971 - INFO - CLDI: 1mo change of -53.68%
2025-01-19 13:03:23,473 - INFO - Processing CLDI - 2025-01-11 00:30:00 UTC
2025-01-19 13:03:24,228 - INFO - Processing CLDX - 2025-01-02 13:04:57 UTC
2025-01-19 13:03:24,588 - INFO - Retrieved article length: 5439 characters
2025-01-19 13:03:24,673 - INFO - CLDI: 1h change of 3.65%
2025-01-19 13:03:24,758 - INFO - CLDI: 1wk change of -24.24%
2025-01-19 13:03:24,839 - INFO - CLDI: 1mo change of -53.68%
2025-01-19 13:03:25,341 - INFO - Processing CLDI - 2025-01-10 16:30:00 UTC
2025-01-19 13:03:25,460 - INFO - Retrieved article length: 7067 characters
2025-01-19 13:03:25,554 - INFO - CLDX: 1h change of 6.70%
2025-01-19 13:03:25,639 - INFO - CLDX: 1wk change of -1.70%
2025-01-19 13:03:25,722 - INFO - CLDX: 1mo change of -13.34%
2025-01-19 13:03:26,224 - INFO - Processing CLDX - 2025-01-01 14:33:49 UTC
2025-01-19 13:03:26,524 - INFO - Retrieved article length: 5737 characters
2025-01-19 13:03:26,615 - INFO - CLDI: 1h change of -31.22%
2025-01-19 13:03:26,700 - INFO - CLDI: 1wk change of -22.26%
2025-01-19 13:03:26,792 - INFO - CLDI: 1mo change of -57.43%
2025-01-19 13:03:27,303 - INFO - Processing CLDI - 2025-01-09 00:01:00 UTC
2025-01-19 13:03:27,438 - INFO - Retrieved article length: 7702 characters
2025-01-19 13:03:27,528 - INFO - CLDX: 1h change of 3.99%
2025-01-19 13:03:27,613 - INFO - CLDX: 1wk change of -1.70%
2025-01-19 13:03:27,701 - INFO - CLDX: 1mo change of -14.74%
2025-01-19 13:03:28,202 - INFO - Processing CLDX - 2024-12-19 16:01:00 UTC
2025-01-19 13:03:28,703 - INFO - Retrieved article length: 6100 characters
2025-01-19 13:03:28,792 - INFO - CLDI: 1h change of -31.57%
2025-01-19 13:03:28,877 - INFO - CLDI: 1wk change of -26.72%
2025-01-19 13:03:28,960 - INFO - CLDI: 1mo change of -55.52%
2025-01-19 13:03:29,460 - INFO - Processing CLDI - 2024-11-18 16:00:00 UTC
2025-01-19 13:03:29,686 - INFO - Retrieved article length: 9065 characters
2025-01-19 13:03:29,772 - INFO - CLDX: 1h change of -3.01%
2025-01-19 13:03:29,866 - INFO - CLDX: 1wk change of -3.83%
2025-01-19 13:03:29,953 - INFO - CLDX: 1mo change of -7.61%
2025-01-19 13:03:30,453 - INFO - Processing CLDX - 2024-12-12 19:30:26 UTC
2025-01-19 13:03:30,704 - INFO - Retrieved article length: 6770 characters
2025-01-19 13:03:30,800 - INFO - CLDI: 1h change of -2.50%
2025-01-19 13:03:30,883 - INFO - CLDI: 1wk change of 27.38%
2025-01-19 13:03:30,966 - INFO - CLDI: 1mo change of 30.52%
2025-01-19 13:03:31,466 - INFO - Processing CLDI - 2024-11-16 00:05:00 UTC
2025-01-19 13:03:31,672 - INFO - Retrieved article length: 7146 characters
2025-01-19 13:03:31,771 - INFO - CLDX: 1h change of -4.29%
2025-01-19 13:03:31,855 - INFO - CLDX: 1wk change of -7.68%
2025-01-19 13:03:31,945 - INFO - CLDX: 1mo change of -14.54%
2025-01-19 13:03:32,446 - INFO - Processing CLDX - 2024-11-20 16:56:02 UTC
2025-01-19 13:03:32,790 - INFO - Retrieved article length: 5438 characters
2025-01-19 13:03:32,878 - INFO - CLDI: 1h change of -7.10%
2025-01-19 13:03:32,960 - INFO - CLDI: 1wk change of 39.31%
2025-01-19 13:03:33,043 - INFO - CLDI: 1mo change of 30.52%
2025-01-19 13:03:33,545 - INFO - Processing CLDI - 2024-11-14 16:30:00 UTC
2025-01-19 13:03:33,660 - INFO - Retrieved article length: 524 characters
2025-01-19 13:03:33,762 - INFO - CLDX: 1h change of 12.37%
2025-01-19 13:03:33,853 - INFO - CLDX: 1wk change of 4.69%
2025-01-19 13:03:33,950 - INFO - CLDX: 1mo change of -15.44%
2025-01-19 13:03:34,452 - INFO - Processing CLDX - 2024-11-20 16:01:00 UTC
2025-01-19 13:03:34,725 - INFO - Retrieved article length: 5878 characters
2025-01-19 13:03:34,812 - INFO - CLDI: 1h change of 30.00%
2025-01-19 13:03:34,904 - INFO - CLDI: 1wk change of 62.12%
2025-01-19 13:03:35,000 - INFO - CLDI: 1mo change of 39.67%
2025-01-19 13:03:35,501 - INFO - Processing CLDI - 2024-11-13 01:29:00 UTC
2025-01-19 13:03:35,690 - INFO - Retrieved article length: 6964 characters
2025-01-19 13:03:35,700 - INFO - CLDX: 1h change of 12.37%
2025-01-19 13:03:35,707 - INFO - CLDX: 1wk change of 4.69%
2025-01-19 13:03:35,713 - INFO - CLDX: 1mo change of -15.44%
2025-01-19 13:03:36,214 - INFO - Processing CLDX - 2024-11-12 00:01:00 UTC
2025-01-19 13:03:36,918 - INFO - Retrieved article length: 10430 characters
2025-01-19 13:03:37,006 - INFO - CLDI: 1h change of 24.04%
2025-01-19 13:03:37,093 - INFO - CLDI: 1wk change of 62.12%
2025-01-19 13:03:37,181 - INFO - CLDI: 1mo change of 71.29%
2025-01-19 13:03:37,677 - INFO - Retrieved article length: 1518 characters
2025-01-19 13:03:37,763 - INFO - CLDX: 1h change of 2.84%
2025-01-19 13:03:37,903 - INFO - CLDX: 1wk change of 3.27%
2025-01-19 13:03:37,996 - INFO - CLDX: 1mo change of -14.24%
2025-01-19 13:03:38,497 - INFO - Processing CLDX - 2024-11-08 13:29:47 UTC
2025-01-19 13:03:38,828 - INFO - Processing CLEU - 2025-01-13 16:30:00 UTC
2025-01-19 13:03:39,689 - INFO - Retrieved article length: 1919 characters
2025-01-19 13:03:39,781 - INFO - CLDX: 1h change of 2.78%
2025-01-19 13:03:39,867 - INFO - CLDX: 1wk change of -12.32%
2025-01-19 13:03:39,957 - INFO - CLDX: 1mo change of -13.70%
2025-01-19 13:03:40,072 - INFO - Retrieved article length: 5502 characters
2025-01-19 13:03:40,258 - INFO - CLEU: 1wk change of 29.12%
2025-01-19 13:03:40,383 - INFO - CLEU: 1mo change of 2355.88%
2025-01-19 13:03:40,883 - INFO - Processing CLEU - 2024-12-20 16:00:00 UTC
2025-01-19 13:03:41,580 - INFO - Processing CLF - 2025-01-19 06:16:18 UTC
2025-01-19 13:03:42,220 - INFO - Retrieved article length: 4944 characters
2025-01-19 13:03:42,308 - INFO - CLEU: 1h change of -9.91%
2025-01-19 13:03:42,397 - INFO - CLEU: 1wk change of 1781.44%
2025-01-19 13:03:42,481 - INFO - CLEU: 1mo change of 2332.04%
2025-01-19 13:03:42,803 - INFO - Retrieved article length: 8499 characters
2025-01-19 13:03:42,908 - INFO - CLF: 1h change of -1.16%
2025-01-19 13:03:42,982 - INFO - Processing CLEU - 2024-10-31 23:10:00 UTC
2025-01-19 13:03:43,048 - INFO - CLF: 1wk change of 3.74%
2025-01-19 13:03:43,182 - INFO - CLF: 1mo change of 3.22%
2025-01-19 13:03:43,683 - INFO - Processing CLF - 2025-01-19 05:05:10 UTC
2025-01-19 13:03:44,245 - INFO - Retrieved article length: 5291 characters
2025-01-19 13:03:44,347 - INFO - CLEU: 1h change of -9.68%
2025-01-19 13:03:44,445 - INFO - CLEU: 1wk change of -17.47%
2025-01-19 13:03:44,532 - INFO - CLEU: 1mo change of -38.14%
2025-01-19 13:03:44,863 - INFO - Retrieved article length: 8456 characters
2025-01-19 13:03:44,921 - INFO - CLF: 1h change of -1.16%
2025-01-19 13:03:44,971 - INFO - CLF: 1wk change of 3.74%
2025-01-19 13:03:45,023 - INFO - CLF: 1mo change of 3.22%
2025-01-19 13:03:45,524 - INFO - Processing CLF - 2025-01-18 01:13:00 UTC
2025-01-19 13:03:46,184 - INFO - Processing CLIK - 2024-12-03 14:35:00 UTC
2025-01-19 13:03:46,768 - INFO - Retrieved article length: 337 characters
2025-01-19 13:03:46,880 - INFO - CLF: 1h change of -1.34%
2025-01-19 13:03:47,039 - INFO - CLF: 1wk change of 5.33%
2025-01-19 13:03:47,256 - INFO - CLF: 1mo change of 3.22%
2025-01-19 13:03:47,503 - INFO - Retrieved article length: 4843 characters
2025-01-19 13:03:47,653 - INFO - CLIK: 1h change of -18.18%
2025-01-19 13:03:47,746 - INFO - CLIK: 1wk change of -11.21%
2025-01-19 13:03:47,757 - INFO - Processing CLF - 2025-01-18 00:30:00 UTC
2025-01-19 13:03:47,840 - INFO - CLIK: 1mo change of -16.41%
2025-01-19 13:03:48,341 - INFO - Processing CLIK - 2024-11-23 01:10:00 UTC
2025-01-19 13:03:49,067 - INFO - Retrieved article length: 1725 characters
2025-01-19 13:03:49,123 - INFO - CLF: 1h change of -1.34%
2025-01-19 13:03:49,170 - INFO - CLF: 1wk change of 5.33%
2025-01-19 13:03:49,218 - INFO - CLF: 1mo change of 3.22%
2025-01-19 13:03:49,554 - INFO - Retrieved article length: 5627 characters
2025-01-19 13:03:49,645 - INFO - CLIK: 1h change of 29.46%
2025-01-19 13:03:49,718 - INFO - Processing CLF - 2025-01-16 17:00:11 UTC
2025-01-19 13:03:49,780 - INFO - CLIK: 1wk change of -15.56%
2025-01-19 13:03:49,870 - INFO - CLIK: 1mo change of -27.33%
2025-01-19 13:03:50,925 - INFO - Retrieved article length: 5909 characters
2025-01-19 13:03:51,033 - INFO - CLF: 1h change of -1.25%
2025-01-19 13:03:51,262 - INFO - CLF: 1wk change of 3.74%
2025-01-19 13:03:51,393 - INFO - CLF: 1mo change of -6.30%
2025-01-19 13:03:51,540 - INFO - Processing CLIR - 2024-12-28 16:34:41 UTC
2025-01-19 13:03:51,894 - INFO - Processing CLF - 2025-01-16 02:00:20 UTC
2025-01-19 13:03:52,733 - INFO - Retrieved article length: 3924 characters
2025-01-19 13:03:52,820 - INFO - CLIR: 1h change of 9.01%
2025-01-19 13:03:52,906 - INFO - CLIR: 1wk change of 21.10%
2025-01-19 13:03:52,987 - INFO - CLIR: 1mo change of 45.19%
2025-01-19 13:03:53,151 - INFO - Retrieved article length: 2801 characters
2025-01-19 13:03:53,161 - INFO - CLF: 1h change of -1.25%
2025-01-19 13:03:53,210 - INFO - CLF: 1wk change of 3.74%
2025-01-19 13:03:53,258 - INFO - CLF: 1mo change of -6.30%
2025-01-19 13:03:53,488 - INFO - Processing CLIR - 2024-12-10 16:30:00 UTC
2025-01-19 13:03:53,759 - INFO - Processing CLF - 2025-01-15 17:54:19 UTC
2025-01-19 13:03:54,983 - INFO - Retrieved article length: 8228 characters
2025-01-19 13:03:55,070 - INFO - CLF: 1h change of 3.12%
2025-01-19 13:03:55,240 - INFO - CLF: 1wk change of 3.74%
2025-01-19 13:03:55,375 - INFO - CLF: 1mo change of -12.74%
2025-01-19 13:03:55,876 - INFO - Processing CLF - 2025-01-15 00:29:00 UTC
2025-01-19 13:03:56,103 - ERROR - Error fetching article content: Response ended prematurely
2025-01-19 13:03:56,190 - INFO - CLIR: 1h change of -4.10%
2025-01-19 13:03:56,274 - INFO - CLIR: 1wk change of -6.84%
2025-01-19 13:03:56,358 - INFO - CLIR: 1mo change of 20.65%
2025-01-19 13:03:56,859 - INFO - Processing CLIR - 2024-12-09 16:30:00 UTC
2025-01-19 13:03:57,173 - INFO - Retrieved article length: 181 characters
2025-01-19 13:03:57,182 - INFO - CLF: 1h change of 3.12%
2025-01-19 13:03:57,231 - INFO - CLF: 1wk change of 3.74%
2025-01-19 13:03:57,282 - INFO - CLF: 1mo change of -12.74%
2025-01-19 13:03:58,129 - INFO - Retrieved article length: 5717 characters
2025-01-19 13:03:58,306 - INFO - CLIR: 1wk change of -7.63%
2025-01-19 13:03:58,408 - INFO - CLIR: 1mo change of 31.82%
2025-01-19 13:03:58,909 - INFO - Processing CLIR - 2024-12-04 16:30:00 UTC
2025-01-19 13:03:58,983 - INFO - Processing CLM - 2024-11-23 00:15:00 UTC
2025-01-19 13:04:00,075 - INFO - Retrieved article length: 5828 characters
2025-01-19 13:04:00,160 - INFO - Retrieved article length: 2334 characters
2025-01-19 13:04:00,243 - INFO - CLM: 1h change of 2.45%
2025-01-19 13:04:00,264 - INFO - CLIR: 1wk change of 11.54%
2025-01-19 13:04:00,357 - INFO - CLM: 1wk change of 3.28%
2025-01-19 13:04:00,371 - INFO - CLIR: 1mo change of 32.53%
2025-01-19 13:04:00,470 - INFO - CLM: 1mo change of 9.57%
2025-01-19 13:04:00,872 - INFO - Processing CLIR - 2024-11-27 16:30:00 UTC
2025-01-19 13:04:00,970 - INFO - Processing CLM - 2024-11-01 23:30:00 UTC
2025-01-19 13:04:02,054 - INFO - Retrieved article length: 6530 characters
2025-01-19 13:04:02,151 - INFO - CLIR: 1h change of -4.24%
2025-01-19 13:04:02,236 - INFO - CLIR: 1wk change of 35.63%
2025-01-19 13:04:02,276 - INFO - Retrieved article length: 9825 characters
2025-01-19 13:04:02,323 - INFO - CLIR: 1mo change of 67.44%
2025-01-19 13:04:02,482 - INFO - CLM: 1wk change of 6.12%
2025-01-19 13:04:02,596 - INFO - CLM: 1mo change of 23.59%
2025-01-19 13:04:02,825 - INFO - Processing CLIR - 2024-11-21 10:04:10 UTC
2025-01-19 13:04:04,007 - INFO - Retrieved article length: 4682 characters
2025-01-19 13:04:04,104 - INFO - CLIR: 1h change of 34.87%
2025-01-19 13:04:04,192 - INFO - CLIR: 1wk change of 31.11%
2025-01-19 13:04:04,255 - INFO - Processing CLMT - 2025-01-15 17:37:00 UTC
2025-01-19 13:04:04,277 - INFO - CLIR: 1mo change of 33.73%
2025-01-19 13:04:04,778 - INFO - Processing CLIR - 2024-11-21 00:05:00 UTC
2025-01-19 13:04:05,407 - INFO - Retrieved article length: 4488 characters
2025-01-19 13:04:05,493 - INFO - CLMT: 1h change of -16.93%
2025-01-19 13:04:05,657 - INFO - CLMT: 1wk change of -18.00%
2025-01-19 13:04:05,750 - INFO - CLMT: 1mo change of -17.41%
2025-01-19 13:04:06,057 - INFO - Retrieved article length: 11233 characters
2025-01-19 13:04:06,066 - INFO - CLIR: 1h change of 34.87%
2025-01-19 13:04:06,071 - INFO - CLIR: 1wk change of 31.11%
2025-01-19 13:04:06,078 - INFO - CLIR: 1mo change of 33.73%
2025-01-19 13:04:06,252 - INFO - Processing CLMT - 2025-01-15 12:43:41 UTC
2025-01-19 13:04:06,579 - INFO - Processing CLIR - 2024-11-17 15:12:11 UTC
2025-01-19 13:04:07,498 - INFO - Retrieved article length: 510 characters
2025-01-19 13:04:07,506 - INFO - CLMT: 1h change of -16.93%
2025-01-19 13:04:07,559 - INFO - CLMT: 1wk change of -18.00%
2025-01-19 13:04:07,606 - INFO - CLMT: 1mo change of -17.41%
2025-01-19 13:04:07,858 - INFO - Retrieved article length: 1891 characters
2025-01-19 13:04:07,945 - INFO - CLIR: 1h change of -7.41%
2025-01-19 13:04:08,053 - INFO - CLIR: 1wk change of 21.18%
2025-01-19 13:04:08,106 - INFO - Processing CLMT - 2025-01-15 03:35:00 UTC
2025-01-19 13:04:08,138 - INFO - CLIR: 1mo change of 36.14%
2025-01-19 13:04:09,273 - INFO - Retrieved article length: 5049 characters
2025-01-19 13:04:09,282 - INFO - CLMT: 1h change of -16.93%
2025-01-19 13:04:09,342 - INFO - CLMT: 1wk change of -18.00%
2025-01-19 13:04:09,389 - INFO - CLMT: 1mo change of -17.41%
2025-01-19 13:04:09,762 - INFO - Processing CLNE - 2025-01-06 14:33:00 UTC
2025-01-19 13:04:09,890 - INFO - Processing CLMT - 2025-01-14 23:12:15 UTC
2025-01-19 13:04:11,024 - INFO - Retrieved article length: 5793 characters
2025-01-19 13:04:11,055 - INFO - Retrieved article length: 3086 characters
2025-01-19 13:04:11,143 - INFO - CLMT: 1h change of -13.40%
2025-01-19 13:04:11,167 - INFO - CLNE: 1h change of 2.74%
2025-01-19 13:04:11,249 - INFO - CLMT: 1wk change of -18.00%
2025-01-19 13:04:11,250 - INFO - CLNE: 1wk change of 8.78%
2025-01-19 13:04:11,339 - INFO - CLMT: 1mo change of -14.74%
2025-01-19 13:04:11,342 - INFO - CLNE: 1mo change of -4.64%
2025-01-19 13:04:11,840 - INFO - Processing CLMT - 2025-01-14 18:36:52 UTC
2025-01-19 13:04:11,843 - INFO - Processing CLNE - 2024-12-11 14:30:00 UTC
2025-01-19 13:04:13,059 - INFO - Retrieved article length: 565 characters
2025-01-19 13:04:13,069 - INFO - CLMT: 1h change of -13.40%
2025-01-19 13:04:13,086 - INFO - Retrieved article length: 5884 characters
2025-01-19 13:04:13,118 - INFO - CLMT: 1wk change of -18.00%
2025-01-19 13:04:13,165 - INFO - CLMT: 1mo change of -14.74%
2025-01-19 13:04:13,191 - INFO - CLNE: 1h change of -3.32%
2025-01-19 13:04:13,334 - INFO - CLNE: 1wk change of -15.23%
2025-01-19 13:04:13,480 - INFO - CLNE: 1mo change of -16.92%
2025-01-19 13:04:13,666 - INFO - Processing CLMT - 2025-01-14 17:27:00 UTC
2025-01-19 13:04:13,981 - INFO - Processing CLNE - 2024-12-05 19:04:14 UTC
2025-01-19 13:04:14,821 - INFO - Retrieved article length: 4929 characters
2025-01-19 13:04:14,829 - INFO - CLMT: 1h change of -13.40%
2025-01-19 13:04:14,876 - INFO - CLMT: 1wk change of -18.00%
2025-01-19 13:04:14,925 - INFO - CLMT: 1mo change of -14.74%
2025-01-19 13:04:15,426 - INFO - Processing CLMT - 2025-01-14 17:25:00 UTC
2025-01-19 13:04:15,530 - INFO - Retrieved article length: 515 characters
2025-01-19 13:04:15,621 - INFO - CLNE: 1h change of -8.01%
2025-01-19 13:04:15,708 - INFO - CLNE: 1wk change of -4.48%
2025-01-19 13:04:15,845 - INFO - CLNE: 1mo change of 6.36%
2025-01-19 13:04:16,346 - INFO - Processing CLNE - 2024-12-05 14:30:00 UTC
2025-01-19 13:04:16,602 - INFO - Retrieved article length: 6255 characters
2025-01-19 13:04:16,611 - INFO - CLMT: 1h change of -13.40%
2025-01-19 13:04:16,658 - INFO - CLMT: 1wk change of -18.00%
2025-01-19 13:04:16,705 - INFO - CLMT: 1mo change of -14.74%
2025-01-19 13:04:17,206 - INFO - Processing CLMT - 2025-01-14 15:44:00 UTC
2025-01-19 13:04:17,550 - INFO - Retrieved article length: 8784 characters
2025-01-19 13:04:17,560 - INFO - CLNE: 1h change of -8.01%
2025-01-19 13:04:17,567 - INFO - CLNE: 1wk change of -4.48%
2025-01-19 13:04:17,575 - INFO - CLNE: 1mo change of 6.36%
2025-01-19 13:04:18,076 - INFO - Processing CLNE - 2024-11-27 17:00:00 UTC
2025-01-19 13:04:18,413 - INFO - Retrieved article length: 17524 characters
2025-01-19 13:04:18,422 - INFO - CLMT: 1h change of -13.40%
2025-01-19 13:04:18,469 - INFO - CLMT: 1wk change of -18.00%
2025-01-19 13:04:18,515 - INFO - CLMT: 1mo change of -14.74%
2025-01-19 13:04:19,499 - INFO - Retrieved article length: 6783 characters
2025-01-19 13:04:19,587 - INFO - CLNE: 1h change of 12.10%
2025-01-19 13:04:19,674 - INFO - CLNE: 1wk change of 2.97%
2025-01-19 13:04:19,778 - INFO - CLNE: 1mo change of -10.04%
2025-01-19 13:04:20,164 - INFO - Processing CLNN - 2025-01-13 19:18:10 UTC
2025-01-19 13:04:20,279 - INFO - Processing CLNE - 2024-11-26 23:00:00 UTC
2025-01-19 13:04:21,311 - INFO - Retrieved article length: 5153 characters
2025-01-19 13:04:21,410 - INFO - CLNN: 1h change of -9.70%
2025-01-19 13:04:21,443 - INFO - Retrieved article length: 6485 characters
2025-01-19 13:04:21,498 - INFO - CLNN: 1wk change of -10.30%
2025-01-19 13:04:21,534 - INFO - CLNE: 1h change of 12.10%
2025-01-19 13:04:21,618 - INFO - CLNE: 1wk change of 1.49%
2025-01-19 13:04:21,712 - INFO - CLNE: 1mo change of -12.32%
2025-01-19 13:04:22,081 - INFO - Processing CLNN - 2024-12-30 17:20:51 UTC
2025-01-19 13:04:22,213 - INFO - Processing CLNE - 2024-11-25 20:38:04 UTC
2025-01-19 13:04:23,227 - INFO - Retrieved article length: 5663 characters
2025-01-19 13:04:23,312 - INFO - CLNN: 1h change of 9.45%
2025-01-19 13:04:23,458 - INFO - CLNN: 1wk change of 20.00%
2025-01-19 13:04:23,539 - INFO - CLNN: 1mo change of 17.40%
2025-01-19 13:04:23,629 - INFO - Retrieved article length: 7337 characters
2025-01-19 13:04:23,714 - INFO - CLNE: 1h change of 1.10%
2025-01-19 13:04:23,801 - INFO - CLNE: 1wk change of 6.04%
2025-01-19 13:04:23,888 - INFO - CLNE: 1mo change of -7.42%
2025-01-19 13:04:24,040 - INFO - Processing CLNN - 2024-12-19 22:44:31 UTC
2025-01-19 13:04:24,389 - INFO - Processing CLNE - 2024-11-25 14:30:00 UTC
2025-01-19 13:04:25,240 - INFO - Retrieved article length: 4803 characters
2025-01-19 13:04:25,335 - INFO - CLNN: 1h change of -2.00%
2025-01-19 13:04:25,416 - INFO - CLNN: 1wk change of 5.05%
2025-01-19 13:04:25,512 - INFO - CLNN: 1mo change of 2.13%
2025-01-19 13:04:25,614 - INFO - Retrieved article length: 5416 characters
2025-01-19 13:04:25,624 - INFO - CLNE: 1h change of 1.10%
2025-01-19 13:04:25,630 - INFO - CLNE: 1wk change of 6.04%
2025-01-19 13:04:25,637 - INFO - CLNE: 1mo change of -7.42%
2025-01-19 13:04:26,013 - INFO - Processing CLNN - 2024-12-19 16:00:00 UTC
2025-01-19 13:04:27,287 - INFO - Processing CLOE - 2024-11-08 17:27:00 UTC
2025-01-19 13:04:27,321 - INFO - Retrieved article length: 7964 characters
2025-01-19 13:04:27,330 - INFO - CLNN: 1h change of -2.00%
2025-01-19 13:04:27,337 - INFO - CLNN: 1wk change of 5.05%
2025-01-19 13:04:27,385 - INFO - CLNN: 1mo change of 2.13%
2025-01-19 13:04:27,886 - INFO - Processing CLNN - 2024-12-11 19:15:14 UTC
2025-01-19 13:04:28,481 - INFO - Retrieved article length: 2712 characters
2025-01-19 13:04:29,128 - INFO - Retrieved article length: 4799 characters
2025-01-19 13:04:29,225 - INFO - CLNN: 1h change of 12.13%
2025-01-19 13:04:29,312 - INFO - CLNN: 1wk change of 7.32%
2025-01-19 13:04:29,393 - INFO - CLNN: 1mo change of -16.08%
2025-01-19 13:04:29,894 - INFO - Processing CLNN - 2024-12-10 16:30:00 UTC
2025-01-19 13:04:30,499 - INFO - Processing CLOER - 2024-11-08 17:27:00 UTC
2025-01-19 13:04:31,067 - INFO - Retrieved article length: 14138 characters
2025-01-19 13:04:31,156 - INFO - CLNN: 1h change of 12.58%
2025-01-19 13:04:31,237 - INFO - CLNN: 1wk change of 4.88%
2025-01-19 13:04:31,320 - INFO - CLNN: 1mo change of -14.21%
2025-01-19 13:04:31,618 - INFO - Retrieved article length: 2712 characters
2025-01-19 13:04:31,708 - INFO - CLOER: 1h change of -50.00%
2025-01-19 13:04:31,784 - ERROR - CLOER: Period '1mo' is invalid, must be one of ['1d', '5d']
2025-01-19 13:04:31,821 - INFO - Processing CLNN - 2024-11-15 15:11:36 UTC
2025-01-19 13:04:31,867 - ERROR - CLOER: Period '1mo' is invalid, must be one of ['1d', '5d']
2025-01-19 13:04:32,968 - INFO - Retrieved article length: 1570 characters
2025-01-19 13:04:33,055 - INFO - CLNN: 1h change of -7.96%
2025-01-19 13:04:33,140 - INFO - CLNN: 1wk change of -27.73%
2025-01-19 13:04:33,227 - INFO - CLNN: 1mo change of -22.80%
2025-01-19 13:04:33,472 - INFO - Processing CLOEU - 2024-11-08 17:27:00 UTC
2025-01-19 13:04:33,729 - INFO - Processing CLNN - 2024-11-13 16:00:00 UTC
2025-01-19 13:04:34,610 - INFO - Retrieved article length: 2712 characters
2025-01-19 13:04:35,116 - INFO - Retrieved article length: 15769 characters
2025-01-19 13:04:35,214 - INFO - CLNN: 1h change of -16.07%
2025-01-19 13:04:35,303 - INFO - CLNN: 1wk change of -26.46%
2025-01-19 13:04:35,385 - INFO - CLNN: 1mo change of -25.47%
2025-01-19 13:04:36,501 - INFO - Processing CLOV - 2025-01-14 17:30:12 UTC
2025-01-19 13:04:37,026 - INFO - Processing CLPT - 2024-11-14 02:15:00 UTC
2025-01-19 13:04:37,622 - INFO - Retrieved article length: 2205 characters
2025-01-19 13:04:37,715 - INFO - CLOV: 1h change of 7.01%
2025-01-19 13:04:37,797 - INFO - CLOV: 1wk change of 20.71%
2025-01-19 13:04:37,877 - INFO - CLOV: 1mo change of 28.71%
2025-01-19 13:04:38,303 - INFO - Retrieved article length: 9695 characters
2025-01-19 13:04:38,378 - INFO - Processing CLOV - 2025-01-13 17:00:00 UTC
2025-01-19 13:04:38,398 - INFO - CLPT: 1h change of -1.35%
2025-01-19 13:04:38,483 - INFO - CLPT: 1wk change of -7.06%
2025-01-19 13:04:38,567 - INFO - CLPT: 1mo change of 32.40%
2025-01-19 13:04:39,068 - INFO - Processing CLPT - 2024-11-10 16:02:01 UTC
2025-01-19 13:04:39,548 - INFO - Retrieved article length: 8754 characters
2025-01-19 13:04:39,719 - INFO - CLOV: 1wk change of 24.01%
2025-01-19 13:04:39,802 - INFO - CLOV: 1mo change of 23.64%
2025-01-19 13:04:40,267 - INFO - Retrieved article length: 4615 characters
2025-01-19 13:04:40,303 - INFO - Processing CLOV - 2025-01-07 20:27:52 UTC
2025-01-19 13:04:40,352 - INFO - CLPT: 1h change of -7.28%
2025-01-19 13:04:40,433 - INFO - CLPT: 1wk change of -11.46%
2025-01-19 13:04:40,516 - INFO - CLPT: 1mo change of 41.94%
2025-01-19 13:04:41,017 - INFO - Processing CLPT - 2024-11-08 00:05:00 UTC
2025-01-19 13:04:41,508 - INFO - Retrieved article length: 2719 characters
2025-01-19 13:04:41,593 - INFO - CLOV: 1h change of 8.01%
2025-01-19 13:04:41,731 - INFO - CLOV: 1wk change of 27.59%
2025-01-19 13:04:41,835 - INFO - CLOV: 1mo change of 20.00%
2025-01-19 13:04:42,336 - INFO - Processing CLOV - 2025-01-07 17:00:00 UTC
2025-01-19 13:04:42,393 - INFO - Retrieved article length: 16341 characters
2025-01-19 13:04:42,484 - INFO - CLPT: 1h change of -9.74%
2025-01-19 13:04:42,577 - INFO - CLPT: 1wk change of -16.05%
2025-01-19 13:04:42,664 - INFO - CLPT: 1mo change of 46.30%
2025-01-19 13:04:43,166 - INFO - Processing CLPT - 2024-11-06 15:38:59 UTC
2025-01-19 13:04:43,573 - INFO - Retrieved article length: 4755 characters
2025-01-19 13:04:43,582 - INFO - CLOV: 1h change of 8.01%
2025-01-19 13:04:43,588 - INFO - CLOV: 1wk change of 27.59%
2025-01-19 13:04:43,636 - INFO - CLOV: 1mo change of 20.00%
2025-01-19 13:04:44,137 - INFO - Processing CLOV - 2025-01-01 18:08:10 UTC
2025-01-19 13:04:44,388 - INFO - Retrieved article length: 3285 characters
2025-01-19 13:04:44,473 - INFO - CLPT: 1h change of 6.18%
2025-01-19 13:04:44,558 - INFO - CLPT: 1wk change of -16.88%
2025-01-19 13:04:44,642 - INFO - CLPT: 1mo change of 52.89%
2025-01-19 13:04:45,143 - INFO - Processing CLPT - 2024-11-06 13:34:55 UTC
2025-01-19 13:04:45,183 - INFO - Retrieved article length: 6790 characters
2025-01-19 13:04:45,355 - INFO - CLOV: 1wk change of 11.31%
2025-01-19 13:04:45,439 - INFO - CLOV: 1mo change of 19.30%
2025-01-19 13:04:45,940 - INFO - Processing CLOV - 2024-12-27 03:04:39 UTC
2025-01-19 13:04:46,394 - INFO - Retrieved article length: 3733 characters
2025-01-19 13:04:46,403 - INFO - CLPT: 1h change of 6.18%
2025-01-19 13:04:46,409 - INFO - CLPT: 1wk change of -16.88%
2025-01-19 13:04:46,415 - INFO - CLPT: 1mo change of 52.89%
2025-01-19 13:04:46,915 - INFO - Processing CLPT - 2024-10-31 23:05:00 UTC
2025-01-19 13:04:47,265 - INFO - Retrieved article length: 6939 characters
2025-01-19 13:04:47,352 - INFO - CLOV: 1h change of -1.06%
2025-01-19 13:04:47,451 - INFO - CLOV: 1wk change of 2.49%
2025-01-19 13:04:47,546 - INFO - CLOV: 1mo change of 21.07%
2025-01-19 13:04:48,047 - INFO - Processing CLOV - 2024-12-18 00:05:00 UTC
2025-01-19 13:04:48,168 - INFO - Retrieved article length: 5451 characters
2025-01-19 13:04:48,257 - INFO - CLPT: 1h change of -1.38%
2025-01-19 13:04:48,340 - INFO - CLPT: 1wk change of -11.94%
2025-01-19 13:04:48,425 - INFO - CLPT: 1mo change of 14.49%
2025-01-19 13:04:49,291 - INFO - Retrieved article length: 2181 characters
2025-01-19 13:04:49,380 - INFO - CLOV: 1h change of -1.39%
2025-01-19 13:04:49,467 - INFO - CLOV: 1wk change of -1.21%
2025-01-19 13:04:49,552 - INFO - CLOV: 1mo change of 29.11%
2025-01-19 13:04:50,042 - INFO - Processing CLRB - 2025-01-13 02:00:00 UTC
2025-01-19 13:04:50,053 - INFO - Processing CLOV - 2024-11-28 16:07:43 UTC
2025-01-19 13:04:51,149 - INFO - Retrieved article length: 8922 characters
2025-01-19 13:04:51,185 - INFO - Retrieved article length: 6854 characters
2025-01-19 13:04:51,238 - INFO - CLRB: 1h change of -4.49%
2025-01-19 13:04:51,321 - INFO - CLRB: 1wk change of -31.43%
2025-01-19 13:04:51,365 - INFO - CLOV: 1wk change of 4.67%
2025-01-19 13:04:51,407 - INFO - CLRB: 1mo change of -82.22%
2025-01-19 13:04:51,453 - INFO - CLOV: 1mo change of -16.89%
2025-01-19 13:04:51,908 - INFO - Processing CLRB - 2024-12-11 19:25:02 UTC
2025-01-19 13:04:53,062 - INFO - Processing CLRO - 2025-01-16 18:29:00 UTC
2025-01-19 13:04:53,101 - INFO - Retrieved article length: 3240 characters
2025-01-19 13:04:53,190 - INFO - CLRB: 1h change of -81.09%
2025-01-19 13:04:53,272 - INFO - CLRB: 1wk change of -84.21%
2025-01-19 13:04:53,356 - INFO - CLRB: 1mo change of -86.47%
2025-01-19 13:04:53,857 - INFO - Processing CLRB - 2024-12-11 01:00:00 UTC
2025-01-19 13:04:54,238 - INFO - Retrieved article length: 4487 characters
2025-01-19 13:04:54,329 - INFO - CLRO: 1h change of -7.99%
2025-01-19 13:04:54,423 - INFO - CLRO: 1wk change of -44.55%
2025-01-19 13:04:54,515 - INFO - CLRO: 1mo change of 7.02%
2025-01-19 13:04:55,012 - INFO - Retrieved article length: 9069 characters
2025-01-19 13:04:55,016 - INFO - Processing CLRO - 2024-12-06 20:09:16 UTC
2025-01-19 13:04:55,021 - INFO - CLRB: 1h change of -81.09%
2025-01-19 13:04:55,028 - INFO - CLRB: 1wk change of -84.21%
2025-01-19 13:04:55,034 - INFO - CLRB: 1mo change of -86.47%
2025-01-19 13:04:55,535 - INFO - Processing CLRB - 2024-11-19 16:26:34 UTC
2025-01-19 13:04:56,158 - INFO - Retrieved article length: 6930 characters
2025-01-19 13:04:56,249 - INFO - CLRO: 1h change of 14.03%
2025-01-19 13:04:56,345 - INFO - CLRO: 1wk change of 17.02%
2025-01-19 13:04:56,441 - INFO - CLRO: 1mo change of 38.60%
2025-01-19 13:04:56,739 - INFO - Retrieved article length: 536 characters
2025-01-19 13:04:56,823 - INFO - CLRB: 1h change of -17.07%
2025-01-19 13:04:56,909 - INFO - CLRB: 1wk change of -27.83%
2025-01-19 13:04:56,942 - INFO - Processing CLRO - 2024-11-17 15:05:47 UTC
2025-01-19 13:04:56,990 - INFO - CLRB: 1mo change of -86.27%
2025-01-19 13:04:57,491 - INFO - Processing CLRB - 2024-11-19 09:39:55 UTC
2025-01-19 13:04:58,100 - INFO - Retrieved article length: 1602 characters
2025-01-19 13:04:58,197 - INFO - CLRO: 1h change of -1.97%
2025-01-19 13:04:58,353 - INFO - CLRO: 1wk change of -14.55%
2025-01-19 13:04:58,444 - INFO - CLRO: 1mo change of 5.17%
2025-01-19 13:04:58,717 - INFO - Retrieved article length: 37148 characters
2025-01-19 13:04:58,726 - INFO - CLRB: 1h change of -17.07%
2025-01-19 13:04:58,731 - INFO - CLRB: 1wk change of -27.83%
2025-01-19 13:04:58,737 - INFO - CLRB: 1mo change of -86.27%
2025-01-19 13:04:58,945 - INFO - Processing CLRO - 2024-11-15 20:09:05 UTC
2025-01-19 13:04:59,238 - INFO - Processing CLRB - 2024-11-18 15:05:00 UTC
2025-01-19 13:05:00,123 - INFO - Retrieved article length: 795 characters
2025-01-19 13:05:00,216 - INFO - CLRO: 1h change of -6.54%
2025-01-19 13:05:00,304 - INFO - CLRO: 1wk change of -12.28%
2025-01-19 13:05:00,401 - INFO - CLRO: 1mo change of 3.39%
2025-01-19 13:05:00,468 - INFO - Retrieved article length: 12597 characters
2025-01-19 13:05:00,557 - INFO - CLRB: 1h change of -14.13%
2025-01-19 13:05:00,641 - INFO - CLRB: 1wk change of -27.83%
2025-01-19 13:05:00,725 - INFO - CLRB: 1mo change of -88.46%
2025-01-19 13:05:00,903 - INFO - Processing CLRO - 2024-11-15 20:00:00 UTC
2025-01-19 13:05:01,226 - INFO - Processing CLRB - 2024-11-14 16:05:00 UTC
2025-01-19 13:05:02,333 - INFO - Retrieved article length: 15448 characters
2025-01-19 13:05:02,341 - INFO - CLRO: 1h change of -6.54%
2025-01-19 13:05:02,348 - INFO - CLRO: 1wk change of -12.28%
2025-01-19 13:05:02,354 - INFO - CLRO: 1mo change of 3.39%
2025-01-19 13:05:02,450 - INFO - Retrieved article length: 7254 characters
2025-01-19 13:05:02,539 - INFO - CLRB: 1h change of -12.26%
2025-01-19 13:05:02,626 - INFO - CLRB: 1wk change of -22.17%
2025-01-19 13:05:02,712 - INFO - CLRB: 1mo change of -88.10%
2025-01-19 13:05:02,854 - INFO - Processing CLRO - 2024-11-15 19:28:58 UTC
2025-01-19 13:05:03,213 - INFO - Processing CLRB - 2024-11-12 16:05:00 UTC
2025-01-19 13:05:04,075 - INFO - Retrieved article length: 458 characters
2025-01-19 13:05:04,083 - INFO - CLRO: 1h change of -6.54%
2025-01-19 13:05:04,089 - INFO - CLRO: 1wk change of -12.28%
2025-01-19 13:05:04,095 - INFO - CLRO: 1mo change of 3.39%
2025-01-19 13:05:04,524 - INFO - Retrieved article length: 7243 characters
2025-01-19 13:05:04,612 - INFO - CLRB: 1h change of -2.34%
2025-01-19 13:05:04,702 - INFO - CLRB: 1wk change of -22.17%
2025-01-19 13:05:04,786 - INFO - CLRB: 1mo change of -87.79%
2025-01-19 13:05:05,769 - INFO - Processing CLSD - 2024-12-20 15:16:19 UTC
2025-01-19 13:05:06,405 - INFO - Processing CLSK - 2025-01-10 17:30:42 UTC
2025-01-19 13:05:06,987 - INFO - Retrieved article length: 1674 characters
2025-01-19 13:05:07,080 - INFO - CLSD: 1h change of -12.58%
2025-01-19 13:05:07,162 - INFO - CLSD: 1wk change of -5.00%
2025-01-19 13:05:07,246 - INFO - CLSD: 1mo change of -6.06%
2025-01-19 13:05:07,548 - INFO - Retrieved article length: 1983 characters
2025-01-19 13:05:07,718 - INFO - CLSK: 1wk change of 28.88%
2025-01-19 13:05:07,747 - INFO - Processing CLSD - 2024-12-20 13:29:38 UTC
2025-01-19 13:05:07,822 - INFO - CLSK: 1mo change of -20.71%
2025-01-19 13:05:08,323 - INFO - Processing CLSK - 2025-01-06 21:07:59 UTC
2025-01-19 13:05:08,974 - INFO - Retrieved article length: 1838 characters
2025-01-19 13:05:08,981 - INFO - CLSD: 1h change of -12.58%
2025-01-19 13:05:08,988 - INFO - CLSD: 1wk change of -5.00%
2025-01-19 13:05:09,039 - INFO - CLSD: 1mo change of -6.06%
2025-01-19 13:05:09,543 - INFO - Processing CLSD - 2024-12-19 15:05:00 UTC
2025-01-19 13:05:09,559 - INFO - Retrieved article length: 7498 characters
2025-01-19 13:05:09,646 - INFO - CLSK: 1h change of -3.08%
2025-01-19 13:05:09,730 - INFO - CLSK: 1wk change of 14.52%
2025-01-19 13:05:09,817 - INFO - CLSK: 1mo change of -18.25%
2025-01-19 13:05:10,318 - INFO - Processing CLSK - 2025-01-04 00:56:43 UTC
2025-01-19 13:05:10,900 - INFO - Retrieved article length: 4151 characters
2025-01-19 13:05:10,987 - INFO - CLSD: 1h change of -13.86%
2025-01-19 13:05:11,070 - INFO - CLSD: 1wk change of -6.86%
2025-01-19 13:05:11,162 - INFO - CLSD: 1mo change of -11.43%
2025-01-19 13:05:11,398 - INFO - Retrieved article length: 1705 characters
2025-01-19 13:05:11,483 - INFO - CLSK: 1h change of 14.88%
2025-01-19 13:05:11,573 - INFO - CLSK: 1wk change of -1.64%
2025-01-19 13:05:11,663 - INFO - Processing CLSD - 2024-12-12 17:55:05 UTC
2025-01-19 13:05:11,667 - INFO - CLSK: 1mo change of -18.25%
2025-01-19 13:05:12,168 - INFO - Processing CLSK - 2025-01-04 00:19:23 UTC
2025-01-19 13:05:12,816 - INFO - Retrieved article length: 3987 characters
2025-01-19 13:05:12,991 - INFO - CLSD: 1wk change of -20.00%
2025-01-19 13:05:13,076 - INFO - CLSD: 1mo change of -15.32%
2025-01-19 13:05:13,351 - INFO - Retrieved article length: 159 characters
2025-01-19 13:05:13,360 - INFO - CLSK: 1h change of 14.88%
2025-01-19 13:05:13,367 - INFO - CLSK: 1wk change of -1.64%
2025-01-19 13:05:13,413 - INFO - CLSK: 1mo change of -18.25%
2025-01-19 13:05:13,578 - INFO - Processing CLSD - 2024-11-25 15:05:00 UTC
2025-01-19 13:05:13,915 - INFO - Processing CLSK - 2025-01-03 21:43:29 UTC
2025-01-19 13:05:14,743 - INFO - Retrieved article length: 13219 characters
2025-01-19 13:05:14,918 - INFO - CLSD: 1wk change of 3.03%
2025-01-19 13:05:15,003 - INFO - CLSD: 1mo change of -28.03%
2025-01-19 13:05:15,143 - INFO - Retrieved article length: 2194 characters
2025-01-19 13:05:15,232 - INFO - CLSK: 1h change of 14.88%
2025-01-19 13:05:15,314 - INFO - CLSK: 1wk change of -5.35%
2025-01-19 13:05:15,399 - INFO - CLSK: 1mo change of -17.28%
2025-01-19 13:05:15,505 - INFO - Processing CLSD - 2024-11-15 20:00:11 UTC
2025-01-19 13:05:15,899 - INFO - Processing CLSK - 2024-12-28 16:40:01 UTC
2025-01-19 13:05:16,736 - INFO - Retrieved article length: 4581 characters
2025-01-19 13:05:16,821 - INFO - CLSD: 1h change of -9.15%
2025-01-19 13:05:16,995 - INFO - CLSD: 1mo change of -25.00%
2025-01-19 13:05:17,060 - INFO - Retrieved article length: 2619 characters
2025-01-19 13:05:17,157 - INFO - CLSK: 1h change of -7.64%
2025-01-19 13:05:17,387 - INFO - CLSK: 1mo change of -20.60%
2025-01-19 13:05:17,496 - INFO - Processing CLSD - 2024-11-15 14:43:20 UTC
2025-01-19 13:05:17,888 - INFO - Processing CLSK - 2024-12-26 16:01:33 UTC
2025-01-19 13:05:18,744 - INFO - Retrieved article length: 2032 characters
2025-01-19 13:05:18,751 - INFO - CLSD: 1h change of -9.15%
2025-01-19 13:05:18,763 - INFO - CLSD: 1mo change of -25.00%
2025-01-19 13:05:19,258 - INFO - Retrieved article length: 2486 characters
2025-01-19 13:05:19,264 - INFO - Processing CLSD - 2024-11-13 10:17:21 UTC
2025-01-19 13:05:19,344 - INFO - CLSK: 1h change of -7.73%
2025-01-19 13:05:19,426 - INFO - CLSK: 1wk change of -13.46%
2025-01-19 13:05:19,520 - INFO - CLSK: 1mo change of -8.45%
2025-01-19 13:05:20,021 - INFO - Processing CLSK - 2024-11-28 00:18:53 UTC
2025-01-19 13:05:20,440 - INFO - Retrieved article length: 4005 characters
2025-01-19 13:05:20,527 - INFO - CLSD: 1h change of -4.09%
2025-01-19 13:05:20,613 - INFO - CLSD: 1wk change of 4.85%
2025-01-19 13:05:20,703 - INFO - CLSD: 1mo change of -22.14%
2025-01-19 13:05:21,272 - INFO - Retrieved article length: 166 characters
2025-01-19 13:05:21,358 - INFO - CLSK: 1h change of 4.28%
2025-01-19 13:05:21,439 - INFO - CLSK: 1wk change of 11.88%
2025-01-19 13:05:21,531 - INFO - CLSK: 1mo change of -22.99%
2025-01-19 13:05:22,317 - INFO - Processing CLST - 2024-11-25 15:00:00 UTC
2025-01-19 13:05:23,176 - INFO - Processing CLWT - 2024-12-21 16:08:37 UTC
2025-01-19 13:05:23,531 - INFO - Retrieved article length: 6705 characters
2025-01-19 13:05:23,674 - INFO - CLST: 1h change of 2.16%
2025-01-19 13:05:23,756 - INFO - CLST: 1wk change of 2.79%
2025-01-19 13:05:23,842 - INFO - CLST: 1mo change of 2.04%
2025-01-19 13:05:24,344 - INFO - Processing CLST - 2024-10-24 14:00:00 UTC
2025-01-19 13:05:24,345 - INFO - Retrieved article length: 1712 characters
2025-01-19 13:05:24,433 - INFO - CLWT: 1h change of 3.45%
2025-01-19 13:05:24,611 - INFO - CLWT: 1mo change of -8.97%
2025-01-19 13:05:25,112 - INFO - Processing CLWT - 2024-12-19 15:30:00 UTC
2025-01-19 13:05:26,281 - INFO - Retrieved article length: 21781 characters
2025-01-19 13:05:26,373 - INFO - Retrieved article length: 9851 characters
2025-01-19 13:05:26,375 - INFO - CLST: 1h change of 2.41%
2025-01-19 13:05:26,465 - INFO - CLWT: 1h change of 2.74%
2025-01-19 13:05:26,549 - INFO - CLST: 1mo change of 7.73%
2025-01-19 13:05:26,553 - INFO - CLWT: 1wk change of -2.78%
2025-01-19 13:05:26,640 - INFO - CLWT: 1mo change of -8.97%
2025-01-19 13:05:28,176 - INFO - Processing CLX - 2025-01-17 17:28:46 UTC
2025-01-19 13:05:28,257 - INFO - Processing CM - 2025-01-16 23:52:53 UTC
2025-01-19 13:05:29,329 - INFO - Retrieved article length: 506 characters
2025-01-19 13:05:29,393 - INFO - Retrieved article length: 3440 characters
2025-01-19 13:05:29,430 - INFO - CLX: 1h change of 1.72%
2025-01-19 13:05:29,486 - INFO - CM: 1h change of 1.67%
2025-01-19 13:05:29,725 - INFO - CM: 1mo change of -5.50%
2025-01-19 13:05:29,833 - INFO - CLX: 1mo change of -2.80%
2025-01-19 13:05:30,226 - INFO - Processing CM - 2025-01-14 23:03:07 UTC
2025-01-19 13:05:30,335 - INFO - Processing CLX - 2025-01-16 18:45:03 UTC
2025-01-19 13:05:31,440 - INFO - Retrieved article length: 3282 characters
2025-01-19 13:05:31,443 - INFO - Retrieved article length: 528 characters
2025-01-19 13:05:31,528 - INFO - CM: 1h change of 1.30%
2025-01-19 13:05:31,692 - INFO - CLX: 1wk change of 1.71%
2025-01-19 13:05:31,765 - INFO - CM: 1mo change of -5.75%
2025-01-19 13:05:31,845 - INFO - CLX: 1mo change of -2.65%
2025-01-19 13:05:32,266 - INFO - Processing CM - 2025-01-10 22:31:00 UTC
2025-01-19 13:05:32,346 - INFO - Processing CLX - 2025-01-16 18:44:42 UTC
2025-01-19 13:05:33,521 - INFO - Retrieved article length: 516 characters
2025-01-19 13:05:33,579 - INFO - CLX: 1wk change of 1.71%
2025-01-19 13:05:33,626 - INFO - CLX: 1mo change of -2.65%
2025-01-19 13:05:33,645 - INFO - Retrieved article length: 1961 characters
2025-01-19 13:05:33,960 - INFO - CM: 1mo change of -6.00%
2025-01-19 13:05:34,127 - INFO - Processing CLX - 2025-01-16 15:06:37 UTC
2025-01-19 13:05:34,462 - INFO - Processing CM - 2025-01-08 19:45:02 UTC
2025-01-19 13:05:35,398 - INFO - Retrieved article length: 7456 characters
2025-01-19 13:05:35,454 - INFO - CLX: 1wk change of 1.71%
2025-01-19 13:05:35,501 - INFO - CLX: 1mo change of -2.65%
2025-01-19 13:05:35,600 - INFO - Retrieved article length: 3152 characters
2025-01-19 13:05:35,798 - INFO - CM: 1wk change of -1.15%
2025-01-19 13:05:35,913 - INFO - CM: 1mo change of -1.51%
2025-01-19 13:05:36,002 - INFO - Processing CLX - 2025-01-14 16:15:00 UTC
2025-01-19 13:05:36,415 - INFO - Processing CM - 2025-01-08 03:00:00 UTC
2025-01-19 13:05:37,155 - INFO - Retrieved article length: 4796 characters
2025-01-19 13:05:37,242 - INFO - CLX: 1h change of 1.13%
2025-01-19 13:05:37,376 - INFO - CLX: 1wk change of 1.71%
2025-01-19 13:05:37,519 - INFO - CLX: 1mo change of -4.40%
2025-01-19 13:05:37,573 - INFO - Retrieved article length: 2902 characters
2025-01-19 13:05:37,589 - INFO - CM: 1wk change of -1.15%
2025-01-19 13:05:37,637 - INFO - CM: 1mo change of -1.51%
2025-01-19 13:05:38,020 - INFO - Processing CLX - 2025-01-14 00:30:00 UTC
2025-01-19 13:05:38,138 - INFO - Processing CM - 2025-01-03 23:05:32 UTC
2025-01-19 13:05:39,201 - INFO - Retrieved article length: 1633 characters
2025-01-19 13:05:39,209 - INFO - CLX: 1h change of 1.13%
2025-01-19 13:05:39,255 - INFO - CLX: 1wk change of 1.71%
2025-01-19 13:05:39,307 - INFO - CLX: 1mo change of -4.40%
2025-01-19 13:05:39,356 - INFO - Retrieved article length: 487 characters
2025-01-19 13:05:39,559 - INFO - CM: 1wk change of -3.60%
2025-01-19 13:05:39,673 - INFO - CM: 1mo change of -3.24%
2025-01-19 13:05:39,808 - INFO - Processing CLX - 2025-01-13 22:00:00 UTC
2025-01-19 13:05:40,174 - INFO - Processing CM - 2024-12-31 18:30:00 UTC
2025-01-19 13:05:40,990 - INFO - Retrieved article length: 6184 characters
2025-01-19 13:05:41,086 - INFO - CLX: 1h change of 1.60%
2025-01-19 13:05:41,228 - INFO - CLX: 1wk change of -1.60%
2025-01-19 13:05:41,351 - INFO - CLX: 1mo change of -4.25%
2025-01-19 13:05:41,393 - INFO - Retrieved article length: 5627 characters
2025-01-19 13:05:41,582 - INFO - CM: 1wk change of -1.91%
2025-01-19 13:05:41,699 - INFO - CM: 1mo change of -3.20%
2025-01-19 13:05:41,852 - INFO - Processing CLX - 2025-01-13 16:08:27 UTC
2025-01-19 13:05:42,199 - INFO - Processing CM - 2024-12-31 18:30:00 UTC
2025-01-19 13:05:43,140 - INFO - Retrieved article length: 7137 characters
2025-01-19 13:05:43,148 - INFO - CLX: 1h change of 1.60%
2025-01-19 13:05:43,196 - INFO - CLX: 1wk change of -1.60%
2025-01-19 13:05:43,242 - INFO - CLX: 1mo change of -4.25%
2025-01-19 13:05:43,540 - INFO - Retrieved article length: 6854 characters
2025-01-19 13:05:43,597 - INFO - CM: 1wk change of -1.91%
2025-01-19 13:05:43,644 - INFO - CM: 1mo change of -3.20%
2025-01-19 13:05:44,866 - INFO - Processing CMA - 2025-01-16 17:15:32 UTC
2025-01-19 13:05:45,273 - INFO - Processing CMC - 2025-01-10 15:40:23 UTC
2025-01-19 13:05:46,013 - INFO - Retrieved article length: 4245 characters
2025-01-19 13:05:46,110 - INFO - CMA: 1h change of 6.55%
2025-01-19 13:05:46,238 - INFO - CMA: 1wk change of 4.80%
2025-01-19 13:05:46,510 - INFO - Retrieved article length: 534 characters
2025-01-19 13:05:46,596 - INFO - CMC: 1h change of -2.36%
2025-01-19 13:05:46,726 - INFO - CMC: 1wk change of 2.37%
2025-01-19 13:05:46,856 - INFO - CMC: 1mo change of -17.26%
2025-01-19 13:05:46,873 - INFO - Processing CMA - 2025-01-15 18:00:27 UTC
2025-01-19 13:05:47,357 - INFO - Processing CMC - 2025-01-07 20:32:00 UTC
2025-01-19 13:05:48,022 - INFO - Retrieved article length: 6499 characters
2025-01-19 13:05:48,110 - INFO - CMA: 1h change of 8.83%
2025-01-19 13:05:48,227 - INFO - CMA: 1wk change of 4.80%
2025-01-19 13:05:48,727 - INFO - Retrieved article length: 6183 characters
2025-01-19 13:05:48,823 - INFO - CMC: 1h change of -7.48%
2025-01-19 13:05:48,880 - INFO - Processing CMA - 2025-01-09 16:27:59 UTC
2025-01-19 13:05:48,939 - INFO - CMC: 1wk change of 3.73%
2025-01-19 13:05:49,116 - INFO - CMC: 1mo change of -19.61%
2025-01-19 13:05:49,617 - INFO - Processing CMC - 2025-01-07 13:02:04 UTC
2025-01-19 13:05:50,092 - INFO - Retrieved article length: 1815 characters
2025-01-19 13:05:50,180 - INFO - CMA: 1h change of -3.73%
2025-01-19 13:05:50,305 - INFO - CMA: 1wk change of 7.58%
2025-01-19 13:05:50,425 - INFO - CMA: 1mo change of -4.44%
2025-01-19 13:05:50,733 - INFO - Retrieved article length: 2064 characters
2025-01-19 13:05:50,741 - INFO - CMC: 1h change of -7.48%
2025-01-19 13:05:50,748 - INFO - CMC: 1wk change of 3.73%
2025-01-19 13:05:50,798 - INFO - CMC: 1mo change of -19.61%
2025-01-19 13:05:50,925 - INFO - Processing CMA - 2025-01-08 16:02:44 UTC
2025-01-19 13:05:51,300 - INFO - Processing CMC - 2025-01-07 10:36:00 UTC
2025-01-19 13:05:52,145 - INFO - Retrieved article length: 510 characters
2025-01-19 13:05:52,233 - INFO - CMA: 1h change of -1.73%
2025-01-19 13:05:52,412 - INFO - CMA: 1wk change of 7.58%
2025-01-19 13:05:52,430 - INFO - Retrieved article length: 1412 characters
2025-01-19 13:05:52,440 - INFO - CMC: 1h change of -7.48%
2025-01-19 13:05:52,448 - INFO - CMC: 1wk change of 3.73%
2025-01-19 13:05:52,495 - INFO - CMC: 1mo change of -19.61%
2025-01-19 13:05:52,537 - INFO - CMA: 1mo change of -5.67%
2025-01-19 13:05:52,996 - INFO - Processing CMC - 2025-01-07 10:23:03 UTC
2025-01-19 13:05:53,038 - INFO - Processing CMA - 2025-01-08 15:23:12 UTC
2025-01-19 13:05:54,216 - INFO - Retrieved article length: 1746 characters
2025-01-19 13:05:54,224 - INFO - CMA: 1h change of -1.73%
2025-01-19 13:05:54,231 - INFO - CMA: 1wk change of 7.58%
2025-01-19 13:05:54,279 - INFO - CMA: 1mo change of -5.67%
2025-01-19 13:05:54,343 - INFO - Retrieved article length: 42245 characters
2025-01-19 13:05:54,351 - INFO - CMC: 1h change of -7.48%
2025-01-19 13:05:54,358 - INFO - CMC: 1wk change of 3.73%
2025-01-19 13:05:54,407 - INFO - CMC: 1mo change of -19.61%
2025-01-19 13:05:54,780 - INFO - Processing CMA - 2025-01-07 15:31:17 UTC
2025-01-19 13:05:54,907 - INFO - Processing CMC - 2025-01-07 10:00:38 UTC
2025-01-19 13:05:55,981 - INFO - Retrieved article length: 526 characters
2025-01-19 13:05:56,069 - INFO - CMA: 1h change of -1.73%
2025-01-19 13:05:56,133 - INFO - Retrieved article length: 5799 characters
2025-01-19 13:05:56,142 - INFO - CMC: 1h change of -7.48%
2025-01-19 13:05:56,150 - INFO - CMC: 1wk change of 3.73%
2025-01-19 13:05:56,192 - INFO - CMA: 1wk change of 5.99%
2025-01-19 13:05:56,197 - INFO - CMC: 1mo change of -19.61%
2025-01-19 13:05:56,321 - INFO - CMA: 1mo change of -5.63%
2025-01-19 13:05:56,698 - INFO - Processing CMC - 2025-01-06 22:45:25 UTC
2025-01-19 13:05:56,822 - INFO - Processing CMA - 2025-01-02 20:10:19 UTC
2025-01-19 13:05:57,986 - INFO - Retrieved article length: 47494 characters
2025-01-19 13:05:58,047 - INFO - Retrieved article length: 3411 characters
2025-01-19 13:05:58,071 - INFO - CMC: 1h change of -4.95%
2025-01-19 13:05:58,203 - INFO - CMC: 1wk change of 2.99%
2025-01-19 13:05:58,255 - INFO - CMA: 1wk change of -2.67%
2025-01-19 13:05:58,337 - INFO - CMC: 1mo change of -19.81%
2025-01-19 13:05:58,389 - INFO - CMA: 1mo change of -7.52%
2025-01-19 13:05:58,838 - INFO - Processing CMC - 2025-01-06 17:30:02 UTC
2025-01-19 13:05:58,890 - INFO - Processing CMA - 2024-12-31 14:20:06 UTC
2025-01-19 13:06:00,016 - INFO - Retrieved article length: 4557 characters
2025-01-19 13:06:00,017 - INFO - Retrieved article length: 2892 characters
2025-01-19 13:06:00,026 - INFO - CMC: 1h change of -4.95%
2025-01-19 13:06:00,033 - INFO - CMC: 1wk change of 2.99%
2025-01-19 13:06:00,081 - INFO - CMC: 1mo change of -19.81%
2025-01-19 13:06:00,106 - INFO - CMA: 1h change of 1.52%
2025-01-19 13:06:00,398 - INFO - CMA: 1mo change of -8.02%
2025-01-19 13:06:01,713 - INFO - Processing CMCSA - 2025-01-19 03:05:14 UTC
2025-01-19 13:06:02,020 - INFO - Processing CMCT - 2025-01-03 15:06:08 UTC
2025-01-19 13:06:02,944 - INFO - Retrieved article length: 7425 characters
2025-01-19 13:06:03,127 - INFO - Retrieved article length: 1756 characters
2025-01-19 13:06:03,218 - INFO - CMCT: 1h change of -25.13%
2025-01-19 13:06:03,344 - INFO - CMCSA: 1mo change of -5.08%
2025-01-19 13:06:03,345 - INFO - CMCT: 1wk change of 585.71%
2025-01-19 13:06:03,465 - INFO - CMCT: 1mo change of 177.78%
2025-01-19 13:06:03,845 - INFO - Processing CMCSA - 2025-01-17 19:30:04 UTC
2025-01-19 13:06:03,966 - INFO - Processing CMCT - 2025-01-02 14:45:00 UTC
2025-01-19 13:06:04,935 - INFO - Retrieved article length: 7311 characters
2025-01-19 13:06:05,280 - INFO - CMCSA: 1mo change of -7.60%
2025-01-19 13:06:05,343 - INFO - Retrieved article length: 7054 characters
2025-01-19 13:06:05,442 - INFO - CMCT: 1h change of -12.96%
2025-01-19 13:06:05,560 - INFO - CMCT: 1wk change of 700.00%
2025-01-19 13:06:05,675 - INFO - CMCT: 1mo change of 177.78%
2025-01-19 13:06:05,781 - INFO - Processing CMCSA - 2025-01-17 19:00:00 UTC
2025-01-19 13:06:06,176 - INFO - Processing CMCT - 2024-12-18 16:00:00 UTC
2025-01-19 13:06:07,018 - INFO - Retrieved article length: 4633 characters
2025-01-19 13:06:07,134 - INFO - CMCSA: 1mo change of -7.60%
2025-01-19 13:06:07,345 - INFO - Retrieved article length: 7137 characters
2025-01-19 13:06:07,433 - INFO - CMCT: 1h change of -21.95%
2025-01-19 13:06:07,553 - INFO - CMCT: 1wk change of -15.00%
2025-01-19 13:06:07,635 - INFO - Processing CMCSA - 2025-01-17 18:05:42 UTC
2025-01-19 13:06:07,688 - INFO - CMCT: 1mo change of 158.62%
2025-01-19 13:06:08,189 - INFO - Processing CMCT - 2024-12-09 16:00:00 UTC
2025-01-19 13:06:08,803 - INFO - Retrieved article length: 1162 characters
2025-01-19 13:06:08,907 - INFO - CMCSA: 1mo change of -7.60%
2025-01-19 13:06:09,306 - INFO - Retrieved article length: 7772 characters
2025-01-19 13:06:09,392 - INFO - CMCT: 1h change of 11.54%
2025-01-19 13:06:09,408 - INFO - Processing CMCSA - 2025-01-17 17:00:14 UTC
2025-01-19 13:06:09,515 - INFO - CMCT: 1wk change of -40.74%
2025-01-19 13:06:09,643 - INFO - CMCT: 1mo change of 152.63%
2025-01-19 13:06:10,144 - INFO - Processing CMCT - 2024-11-09 10:33:35 UTC
2025-01-19 13:06:10,547 - INFO - Retrieved article length: 3151 characters
2025-01-19 13:06:10,652 - INFO - CMCSA: 1mo change of -7.60%
2025-01-19 13:06:11,152 - INFO - Processing CMCSA - 2025-01-16 20:59:56 UTC
2025-01-19 13:06:11,313 - INFO - Retrieved article length: 19010 characters
2025-01-19 13:06:11,402 - INFO - CMCT: 1h change of 1.25%
2025-01-19 13:06:11,522 - INFO - CMCT: 1wk change of -45.83%
2025-01-19 13:06:11,637 - INFO - CMCT: 1mo change of -71.83%
2025-01-19 13:06:12,138 - INFO - Processing CMCT - 2024-11-09 10:10:11 UTC
2025-01-19 13:06:12,256 - INFO - Retrieved article length: 7621 characters
2025-01-19 13:06:12,476 - INFO - CMCSA: 1wk change of -1.61%
2025-01-19 13:06:12,600 - INFO - CMCSA: 1mo change of -8.33%
2025-01-19 13:06:13,101 - INFO - Processing CMCSA - 2025-01-16 18:00:00 UTC
2025-01-19 13:06:13,311 - INFO - Retrieved article length: 4681 characters
2025-01-19 13:06:13,319 - INFO - CMCT: 1h change of 1.25%
2025-01-19 13:06:13,326 - INFO - CMCT: 1wk change of -45.83%
2025-01-19 13:06:13,331 - INFO - CMCT: 1mo change of -71.83%
2025-01-19 13:06:13,832 - INFO - Processing CMCT - 2024-11-08 14:12:07 UTC
2025-01-19 13:06:14,208 - INFO - Retrieved article length: 3623 characters
2025-01-19 13:06:14,265 - INFO - CMCSA: 1wk change of -1.61%
2025-01-19 13:06:14,311 - INFO - CMCSA: 1mo change of -8.33%
2025-01-19 13:06:14,812 - INFO - Processing CMCSA - 2025-01-15 17:52:25 UTC
2025-01-19 13:06:15,052 - INFO - Retrieved article length: 1033 characters
2025-01-19 13:06:15,146 - INFO - CMCT: 1h change of -1.32%
2025-01-19 13:06:15,262 - INFO - CMCT: 1wk change of -45.10%
2025-01-19 13:06:15,375 - INFO - CMCT: 1mo change of -70.42%
2025-01-19 13:06:15,876 - INFO - Processing CMCT - 2024-11-08 14:00:00 UTC
2025-01-19 13:06:15,998 - INFO - Retrieved article length: 493 characters
2025-01-19 13:06:16,213 - INFO - CMCSA: 1wk change of -1.61%
2025-01-19 13:06:16,342 - INFO - CMCSA: 1mo change of -7.11%
2025-01-19 13:06:17,356 - INFO - Retrieved article length: 39912 characters
2025-01-19 13:06:17,412 - INFO - CMCT: 1h change of -1.32%
2025-01-19 13:06:17,417 - INFO - CMCT: 1wk change of -45.10%
2025-01-19 13:06:17,424 - INFO - CMCT: 1mo change of -70.42%
2025-01-19 13:06:17,970 - INFO - Processing CME - 2025-01-13 19:49:48 UTC
2025-01-19 13:06:19,211 - INFO - Retrieved article length: 506 characters
2025-01-19 13:06:20,067 - INFO - Processing CME - 2025-01-13 11:00:00 UTC
2025-01-19 13:06:21,325 - INFO - Retrieved article length: 4470 characters
2025-01-19 13:06:21,928 - INFO - Processing CME - 2025-01-08 18:12:12 UTC
2025-01-19 13:06:23,218 - INFO - Retrieved article length: 516 characters
2025-01-19 13:06:23,540 - INFO - CME: 1mo change of -1.38%
2025-01-19 13:06:24,041 - INFO - Processing CME - 2025-01-08 18:08:25 UTC
2025-01-19 13:06:25,239 - INFO - Retrieved article length: 6343 characters
2025-01-19 13:06:25,303 - INFO - CME: 1mo change of -1.38%
2025-01-19 13:06:25,806 - INFO - Processing CME - 2025-01-08 17:30:00 UTC
2025-01-19 13:06:26,967 - INFO - Retrieved article length: 3668 characters
2025-01-19 13:06:27,026 - INFO - CME: 1mo change of -1.38%
2025-01-19 13:06:27,527 - INFO - Processing CME - 2025-01-07 17:30:00 UTC
2025-01-19 13:06:28,745 - INFO - Retrieved article length: 8610 characters
2025-01-19 13:06:29,608 - INFO - Processing CME - 2025-01-06 20:56:00 UTC
2025-01-19 13:06:30,801 - INFO - Retrieved article length: 3359 characters
2025-01-19 13:06:30,998 - INFO - CME: 1wk change of -2.41%
2025-01-19 13:06:31,126 - INFO - CME: 1mo change of 1.71%
2025-01-19 13:06:31,627 - INFO - Processing CME - 2025-01-06 19:25:34 UTC
2025-01-19 13:06:32,879 - INFO - Retrieved article length: 1494 characters
2025-01-19 13:06:32,895 - INFO - CME: 1wk change of -2.41%
2025-01-19 13:06:32,942 - INFO - CME: 1mo change of 1.71%
