2025-01-19 13:17:02,515 - INFO - Starting new training session. Logging to: logs/training_20250119_131702.log
2025-01-19 13:17:02,516 - INFO - Starting new training session. Logging to: logs/training_20250119_131702.log
2025-01-19 13:17:04,073 - INFO - Processing CRKN - 2025-01-17 17:30:00 UTC
2025-01-19 13:17:04,119 - INFO - Processing CRL - 2025-01-17 20:38:39 UTC
2025-01-19 13:17:05,316 - INFO - Retrieved article length: 531 characters
2025-01-19 13:17:05,497 - INFO - CRL: 1h change of -7.60%
2025-01-19 13:17:05,527 - INFO - Retrieved article length: 6337 characters
2025-01-19 13:17:05,580 - INFO - CRL: 1wk change of -13.84%
2025-01-19 13:17:05,665 - INFO - CRL: 1mo change of -14.16%
2025-01-19 13:17:05,675 - INFO - CRKN: 1h change of 73.37%
2025-01-19 13:17:05,766 - INFO - CRKN: 1wk change of -3.85%
2025-01-19 13:17:05,851 - INFO - CRKN: 1mo change of -37.50%
2025-01-19 13:17:06,166 - INFO - Processing CRL - 2025-01-17 18:44:42 UTC
2025-01-19 13:17:06,352 - INFO - Processing CRKN - 2025-01-15 17:00:00 UTC
2025-01-19 13:17:07,373 - INFO - Retrieved article length: 552 characters
2025-01-19 13:17:07,384 - INFO - CRL: 1h change of -7.60%
2025-01-19 13:17:07,432 - INFO - CRL: 1wk change of -13.84%
2025-01-19 13:17:07,480 - INFO - CRL: 1mo change of -14.16%
2025-01-19 13:17:07,513 - INFO - Retrieved article length: 5681 characters
2025-01-19 13:17:07,607 - INFO - CRKN: 1h change of -6.37%
2025-01-19 13:17:07,741 - INFO - CRKN: 1wk change of -6.02%
2025-01-19 13:17:07,823 - INFO - CRKN: 1mo change of -45.89%
2025-01-19 13:17:07,981 - INFO - Processing CRL - 2025-01-17 15:22:34 UTC
2025-01-19 13:17:08,324 - INFO - Processing CRKN - 2025-01-15 01:00:00 UTC
2025-01-19 13:17:09,199 - INFO - Retrieved article length: 2628 characters
2025-01-19 13:17:09,209 - INFO - CRL: 1h change of -7.60%
2025-01-19 13:17:09,255 - INFO - CRL: 1wk change of -13.84%
2025-01-19 13:17:09,302 - INFO - CRL: 1mo change of -14.16%
2025-01-19 13:17:09,485 - INFO - Retrieved article length: 5277 characters
2025-01-19 13:17:09,494 - INFO - CRKN: 1h change of -6.37%
2025-01-19 13:17:09,541 - INFO - CRKN: 1wk change of -6.02%
2025-01-19 13:17:09,590 - INFO - CRKN: 1mo change of -45.89%
2025-01-19 13:17:09,803 - INFO - Processing CRL - 2025-01-17 14:15:00 UTC
2025-01-19 13:17:10,091 - INFO - Processing CRKN - 2025-01-13 14:00:00 UTC
2025-01-19 13:17:11,003 - INFO - Retrieved article length: 5773 characters
2025-01-19 13:17:11,013 - INFO - CRL: 1h change of -7.60%
2025-01-19 13:17:11,062 - INFO - CRL: 1wk change of -13.84%
2025-01-19 13:17:11,108 - INFO - CRL: 1mo change of -14.16%
2025-01-19 13:17:11,235 - INFO - Retrieved article length: 4524 characters
2025-01-19 13:17:11,332 - INFO - CRKN: 1h change of 3.54%
2025-01-19 13:17:11,419 - INFO - CRKN: 1wk change of -4.58%
2025-01-19 13:17:11,512 - INFO - CRKN: 1mo change of -48.77%
2025-01-19 13:17:11,609 - INFO - Processing CRL - 2025-01-16 21:39:14 UTC
2025-01-19 13:17:12,013 - INFO - Processing CRKN - 2024-12-28 01:30:08 UTC
2025-01-19 13:17:12,824 - INFO - Retrieved article length: 524 characters
2025-01-19 13:17:12,933 - INFO - CRL: 1h change of -8.94%
2025-01-19 13:17:13,024 - INFO - CRL: 1wk change of -13.74%
2025-01-19 13:17:13,109 - INFO - CRL: 1mo change of -15.84%
2025-01-19 13:17:13,416 - INFO - Retrieved article length: 2906 characters
2025-01-19 13:17:13,506 - INFO - CRKN: 1h change of 7.05%
2025-01-19 13:17:13,592 - INFO - CRKN: 1wk change of -18.40%
2025-01-19 13:17:13,610 - INFO - Processing CRL - 2025-01-16 16:00:00 UTC
2025-01-19 13:17:13,678 - INFO - CRKN: 1mo change of -70.45%
2025-01-19 13:17:14,180 - INFO - Processing CRKN - 2024-12-27 00:30:00 UTC
2025-01-19 13:17:14,866 - INFO - Retrieved article length: 5279 characters
2025-01-19 13:17:14,875 - INFO - CRL: 1h change of -8.94%
2025-01-19 13:17:14,922 - INFO - CRL: 1wk change of -13.74%
2025-01-19 13:17:14,969 - INFO - CRL: 1mo change of -15.84%
2025-01-19 13:17:15,435 - INFO - Retrieved article length: 10064 characters
2025-01-19 13:17:15,471 - INFO - Processing CRL - 2025-01-16 00:13:11 UTC
2025-01-19 13:17:15,530 - INFO - CRKN: 1h change of 7.05%
2025-01-19 13:17:15,616 - INFO - CRKN: 1wk change of -24.28%
2025-01-19 13:17:15,763 - INFO - CRKN: 1mo change of -81.00%
2025-01-19 13:17:16,265 - INFO - Processing CRKN - 2024-12-23 17:43:00 UTC
2025-01-19 13:17:17,049 - INFO - Retrieved article length: 4757 characters
2025-01-19 13:17:17,058 - INFO - CRL: 1h change of -8.94%
2025-01-19 13:17:17,107 - INFO - CRL: 1wk change of -13.74%
2025-01-19 13:17:17,155 - INFO - CRL: 1mo change of -15.84%
2025-01-19 13:17:17,444 - INFO - Retrieved article length: 5302 characters
2025-01-19 13:17:17,530 - INFO - CRKN: 1h change of -7.87%
2025-01-19 13:17:17,618 - INFO - CRKN: 1wk change of -29.00%
2025-01-19 13:17:17,656 - INFO - Processing CRL - 2025-01-15 13:55:58 UTC
2025-01-19 13:17:17,702 - INFO - CRKN: 1mo change of -85.29%
2025-01-19 13:17:18,203 - INFO - Processing CRKN - 2024-12-17 17:15:00 UTC
2025-01-19 13:17:18,823 - INFO - Retrieved article length: 548 characters
2025-01-19 13:17:18,911 - INFO - CRL: 1h change of -12.30%
2025-01-19 13:17:18,996 - INFO - CRL: 1wk change of -13.74%
2025-01-19 13:17:19,079 - INFO - CRL: 1mo change of -15.53%
2025-01-19 13:17:19,568 - INFO - Retrieved article length: 4392 characters
2025-01-19 13:17:19,664 - INFO - CRKN: 1h change of -19.94%
2025-01-19 13:17:19,747 - INFO - CRKN: 1wk change of -45.90%
2025-01-19 13:17:19,830 - INFO - CRKN: 1mo change of -86.28%
2025-01-19 13:17:20,701 - INFO - Processing CRM - 2025-01-18 22:50:48 UTC
2025-01-19 13:17:21,505 - INFO - Processing CRMD - 2025-01-07 15:30:00 UTC
2025-01-19 13:17:21,857 - INFO - Retrieved article length: 6543 characters
2025-01-19 13:17:22,146 - INFO - CRM: 1mo change of -9.04%
2025-01-19 13:17:22,646 - INFO - Processing CRM - 2025-01-18 16:00:15 UTC
2025-01-19 13:17:22,779 - INFO - Retrieved article length: 7387 characters
2025-01-19 13:17:22,870 - INFO - CRMD: 1h change of 33.70%
2025-01-19 13:17:22,953 - INFO - CRMD: 1wk change of 57.90%
2025-01-19 13:17:23,045 - INFO - CRMD: 1mo change of 23.55%
2025-01-19 13:17:23,546 - INFO - Processing CRMD - 2024-12-20 15:21:01 UTC
2025-01-19 13:17:23,854 - INFO - Retrieved article length: 3563 characters
2025-01-19 13:17:24,006 - INFO - CRM: 1mo change of -9.04%
2025-01-19 13:17:24,507 - INFO - Processing CRM - 2025-01-18 00:25:00 UTC
2025-01-19 13:17:24,773 - INFO - Retrieved article length: 1503 characters
2025-01-19 13:17:24,860 - INFO - CRMD: 1h change of 2.02%
2025-01-19 13:17:24,945 - INFO - CRMD: 1wk change of -10.57%
2025-01-19 13:17:25,029 - INFO - CRMD: 1mo change of 17.81%
2025-01-19 13:17:25,530 - INFO - Processing CRMD - 2024-12-19 16:30:00 UTC
2025-01-19 13:17:25,742 - INFO - Retrieved article length: 1085 characters
2025-01-19 13:17:25,888 - INFO - CRM: 1mo change of -9.04%
2025-01-19 13:17:26,389 - INFO - Processing CRM - 2025-01-18 00:06:05 UTC
2025-01-19 13:17:26,654 - INFO - Retrieved article length: 1918 characters
2025-01-19 13:17:26,746 - INFO - CRMD: 1h change of 3.75%
2025-01-19 13:17:26,831 - INFO - CRMD: 1wk change of -12.19%
2025-01-19 13:17:26,913 - INFO - CRMD: 1mo change of 10.64%
2025-01-19 13:17:27,415 - INFO - Processing CRMD - 2024-11-26 16:30:00 UTC
2025-01-19 13:17:27,652 - INFO - Retrieved article length: 167 characters
2025-01-19 13:17:27,797 - INFO - CRM: 1mo change of -9.04%
2025-01-19 13:17:28,298 - INFO - Processing CRM - 2025-01-17 21:01:03 UTC
2025-01-19 13:17:28,590 - INFO - Retrieved article length: 4548 characters
2025-01-19 13:17:28,680 - INFO - CRMD: 1h change of -2.43%
2025-01-19 13:17:28,763 - INFO - CRMD: 1wk change of -11.09%
2025-01-19 13:17:28,847 - INFO - CRMD: 1mo change of -32.72%
2025-01-19 13:17:29,348 - INFO - Processing CRMD - 2024-11-04 16:30:00 UTC
2025-01-19 13:17:29,525 - INFO - Retrieved article length: 156 characters
2025-01-19 13:17:29,802 - INFO - CRM: 1mo change of -8.29%
2025-01-19 13:17:30,303 - INFO - Processing CRM - 2025-01-17 20:13:55 UTC
2025-01-19 13:17:30,597 - INFO - Retrieved article length: 1481 characters
2025-01-19 13:17:30,687 - INFO - CRMD: 1h change of -1.55%
2025-01-19 13:17:30,776 - INFO - CRMD: 1wk change of -12.96%
2025-01-19 13:17:30,864 - INFO - CRMD: 1mo change of 17.57%
2025-01-19 13:17:31,365 - INFO - Processing CRMD - 2024-11-04 13:37:33 UTC
2025-01-19 13:17:31,443 - INFO - Retrieved article length: 1646 characters
2025-01-19 13:17:31,550 - INFO - CRM: 1mo change of -8.29%
2025-01-19 13:17:32,051 - INFO - Processing CRM - 2025-01-17 19:40:00 UTC
2025-01-19 13:17:32,606 - INFO - Retrieved article length: 4038 characters
2025-01-19 13:17:32,615 - INFO - CRMD: 1h change of -1.55%
2025-01-19 13:17:32,622 - INFO - CRMD: 1wk change of -12.96%
2025-01-19 13:17:32,628 - INFO - CRMD: 1mo change of 17.57%
2025-01-19 13:17:33,128 - INFO - Processing CRMD - 2024-11-01 15:21:42 UTC
2025-01-19 13:17:33,216 - INFO - Retrieved article length: 349 characters
2025-01-19 13:17:33,321 - INFO - CRM: 1mo change of -8.29%
2025-01-19 13:17:33,822 - INFO - Processing CRM - 2025-01-17 10:17:00 UTC
2025-01-19 13:17:34,307 - INFO - Retrieved article length: 3756 characters
2025-01-19 13:17:34,483 - INFO - CRMD: 1wk change of -3.65%
2025-01-19 13:17:34,571 - INFO - CRMD: 1mo change of 20.50%
2025-01-19 13:17:35,073 - INFO - Processing CRMD - 2024-10-31 10:07:01 UTC
2025-01-19 13:17:35,142 - INFO - Retrieved article length: 6444 characters
2025-01-19 13:17:35,246 - INFO - CRM: 1mo change of -8.29%
2025-01-19 13:17:36,330 - INFO - Retrieved article length: 4639 characters
2025-01-19 13:17:36,419 - INFO - CRMD: 1h change of -24.59%
2025-01-19 13:17:36,509 - INFO - CRMD: 1wk change of 3.57%
2025-01-19 13:17:36,656 - INFO - CRMD: 1mo change of 17.62%
2025-01-19 13:17:36,929 - INFO - Processing CRNC - 2025-01-15 15:22:20 UTC
2025-01-19 13:17:38,033 - INFO - Retrieved article length: 7477 characters
2025-01-19 13:17:38,120 - INFO - CRNC: 1h change of -7.48%
2025-01-19 13:17:38,201 - INFO - CRNC: 1wk change of -37.66%
2025-01-19 13:17:38,275 - INFO - Processing CRNX - 2025-01-17 19:12:22 UTC
2025-01-19 13:17:38,285 - INFO - CRNC: 1mo change of 66.40%
2025-01-19 13:17:38,786 - INFO - Processing CRNC - 2025-01-06 16:00:00 UTC
2025-01-19 13:17:39,479 - INFO - Retrieved article length: 6882 characters
2025-01-19 13:17:39,713 - INFO - CRNX: 1wk change of -24.42%
2025-01-19 13:17:39,812 - INFO - CRNX: 1mo change of -30.40%
2025-01-19 13:17:40,249 - INFO - Retrieved article length: 1818 characters
2025-01-19 13:17:40,312 - INFO - Processing CRNX - 2025-01-11 01:15:00 UTC
2025-01-19 13:17:40,337 - INFO - CRNC: 1h change of -14.09%
2025-01-19 13:17:40,420 - INFO - CRNC: 1wk change of 57.77%
2025-01-19 13:17:40,505 - INFO - CRNC: 1mo change of 64.02%
2025-01-19 13:17:41,006 - INFO - Processing CRNC - 2025-01-06 14:40:07 UTC
2025-01-19 13:17:41,523 - INFO - Retrieved article length: 3318 characters
2025-01-19 13:17:41,615 - INFO - CRNX: 1h change of -9.89%
2025-01-19 13:17:41,750 - INFO - CRNX: 1wk change of -27.55%
2025-01-19 13:17:41,897 - INFO - CRNX: 1mo change of -34.03%
2025-01-19 13:17:42,398 - INFO - Processing CRNX - 2025-01-10 21:19:22 UTC
2025-01-19 13:17:42,943 - INFO - Retrieved article length: 159 characters
2025-01-19 13:17:42,951 - INFO - CRNC: 1h change of -14.09%
2025-01-19 13:17:42,958 - INFO - CRNC: 1wk change of 57.77%
2025-01-19 13:17:43,006 - INFO - CRNC: 1mo change of 64.02%
2025-01-19 13:17:43,507 - INFO - Processing CRNC - 2025-01-04 16:11:12 UTC
2025-01-19 13:17:43,640 - INFO - Retrieved article length: 558 characters
2025-01-19 13:17:43,728 - INFO - CRNX: 1h change of -17.18%
2025-01-19 13:17:43,811 - INFO - CRNX: 1wk change of -26.95%
2025-01-19 13:17:43,894 - INFO - CRNX: 1mo change of -36.56%
2025-01-19 13:17:44,396 - INFO - Processing CRNX - 2025-01-10 15:00:00 UTC
2025-01-19 13:17:44,699 - INFO - Retrieved article length: 2572 characters
2025-01-19 13:17:44,786 - INFO - CRNC: 1h change of 134.30%
2025-01-19 13:17:44,928 - INFO - CRNC: 1wk change of 57.80%
2025-01-19 13:17:45,012 - INFO - CRNC: 1mo change of 64.02%
2025-01-19 13:17:45,513 - INFO - Processing CRNC - 2025-01-03 23:59:02 UTC
2025-01-19 13:17:45,822 - INFO - Retrieved article length: 11000 characters
2025-01-19 13:17:45,831 - INFO - CRNX: 1h change of -17.18%
2025-01-19 13:17:45,878 - INFO - CRNX: 1wk change of -26.95%
2025-01-19 13:17:45,926 - INFO - CRNX: 1mo change of -36.56%
2025-01-19 13:17:46,427 - INFO - Processing CRNX - 2025-01-06 16:00:00 UTC
2025-01-19 13:17:46,700 - INFO - Retrieved article length: 1134 characters
2025-01-19 13:17:46,786 - INFO - CRNC: 1h change of 134.30%
2025-01-19 13:17:46,869 - INFO - CRNC: 1wk change of 85.89%
2025-01-19 13:17:46,962 - INFO - CRNC: 1mo change of 70.81%
2025-01-19 13:17:47,463 - INFO - Processing CRNC - 2025-01-03 16:00:00 UTC
2025-01-19 13:17:47,614 - INFO - Retrieved article length: 2274 characters
2025-01-19 13:17:47,707 - INFO - CRNX: 1h change of -3.82%
2025-01-19 13:17:47,793 - INFO - CRNX: 1wk change of -29.16%
2025-01-19 13:17:47,881 - INFO - CRNX: 1mo change of -34.92%
2025-01-19 13:17:48,383 - INFO - Processing CRNX - 2024-12-16 16:00:00 UTC
2025-01-19 13:17:48,770 - INFO - Retrieved article length: 4539 characters
2025-01-19 13:17:48,779 - INFO - CRNC: 1h change of 134.30%
2025-01-19 13:17:48,785 - INFO - CRNC: 1wk change of 85.89%
2025-01-19 13:17:48,833 - INFO - CRNC: 1mo change of 70.81%
2025-01-19 13:17:49,333 - INFO - Processing CRNC - 2025-01-02 16:00:00 UTC
2025-01-19 13:17:49,630 - INFO - Retrieved article length: 9196 characters
2025-01-19 13:17:49,844 - INFO - CRNX: 1h change of 4.42%
2025-01-19 13:17:49,934 - INFO - CRNX: 1wk change of -8.37%
2025-01-19 13:17:50,070 - INFO - CRNX: 1mo change of -37.76%
2025-01-19 13:17:50,514 - INFO - Retrieved article length: 3582 characters
2025-01-19 13:17:50,572 - INFO - Processing CRNX - 2024-12-11 04:44:00 UTC
2025-01-19 13:17:50,604 - INFO - CRNC: 1h change of 133.45%
2025-01-19 13:17:50,690 - INFO - CRNC: 1wk change of 93.86%
2025-01-19 13:17:50,774 - INFO - CRNC: 1mo change of 70.81%
2025-01-19 13:17:51,276 - INFO - Processing CRNC - 2024-12-25 15:26:16 UTC
2025-01-19 13:17:51,902 - INFO - Retrieved article length: 3280 characters
2025-01-19 13:17:51,991 - INFO - CRNX: 1h change of -4.58%
2025-01-19 13:17:52,074 - INFO - CRNX: 1wk change of -6.60%
2025-01-19 13:17:52,159 - INFO - CRNX: 1mo change of -39.79%
2025-01-19 13:17:52,339 - INFO - Retrieved article length: 4077 characters
2025-01-19 13:17:52,436 - INFO - CRNC: 1h change of 13.84%
2025-01-19 13:17:52,522 - INFO - CRNC: 1wk change of 136.89%
2025-01-19 13:17:52,607 - INFO - CRNC: 1mo change of 346.10%
2025-01-19 13:17:52,661 - INFO - Processing CRNX - 2024-12-09 17:21:25 UTC
2025-01-19 13:17:54,015 - INFO - Retrieved article length: 522 characters
2025-01-19 13:17:54,103 - INFO - CRNX: 1h change of -2.10%
2025-01-19 13:17:54,227 - INFO - CRNX: 1wk change of -8.93%
2025-01-19 13:17:54,233 - INFO - Processing CROX - 2025-01-17 19:35:33 UTC
2025-01-19 13:17:54,335 - INFO - CRNX: 1mo change of -28.56%
2025-01-19 13:17:55,367 - INFO - Retrieved article length: 1513 characters
2025-01-19 13:17:55,517 - INFO - CROX: 1h change of -6.35%
2025-01-19 13:17:55,606 - INFO - CROX: 1wk change of -9.99%
2025-01-19 13:17:55,689 - INFO - CROX: 1mo change of -10.52%
2025-01-19 13:17:55,975 - INFO - Processing CRS - 2025-01-17 23:00:00 UTC
2025-01-19 13:17:56,190 - INFO - Processing CROX - 2025-01-17 15:36:06 UTC
2025-01-19 13:17:57,280 - INFO - Retrieved article length: 5425 characters
2025-01-19 13:17:57,367 - INFO - Retrieved article length: 528 characters
2025-01-19 13:17:57,376 - INFO - CROX: 1h change of -6.35%
2025-01-19 13:17:57,380 - INFO - CRS: 1h change of 4.09%
2025-01-19 13:17:57,423 - INFO - CROX: 1wk change of -9.99%
2025-01-19 13:17:57,470 - INFO - CROX: 1mo change of -10.52%
2025-01-19 13:17:57,506 - INFO - CRS: 1wk change of 14.05%
2025-01-19 13:17:57,629 - INFO - CRS: 1mo change of 18.66%
2025-01-19 13:17:57,971 - INFO - Processing CROX - 2025-01-16 17:11:47 UTC
2025-01-19 13:17:58,130 - INFO - Processing CRS - 2025-01-17 16:32:00 UTC
2025-01-19 13:17:59,167 - INFO - Retrieved article length: 4113 characters
2025-01-19 13:17:59,267 - INFO - CROX: 1h change of -6.15%
2025-01-19 13:17:59,353 - INFO - CROX: 1wk change of -10.80%
2025-01-19 13:17:59,370 - INFO - Retrieved article length: 3070 characters
2025-01-19 13:17:59,381 - INFO - CRS: 1h change of 4.09%
2025-01-19 13:17:59,428 - INFO - CRS: 1wk change of 14.05%
2025-01-19 13:17:59,437 - INFO - CROX: 1mo change of -11.48%
2025-01-19 13:17:59,473 - INFO - CRS: 1mo change of 18.66%
2025-01-19 13:17:59,938 - INFO - Processing CROX - 2025-01-16 02:15:23 UTC
2025-01-19 13:17:59,975 - INFO - Processing CRS - 2025-01-16 19:51:00 UTC
2025-01-19 13:18:01,143 - INFO - Retrieved article length: 4742 characters
2025-01-19 13:18:01,174 - INFO - Retrieved article length: 3363 characters
2025-01-19 13:18:01,186 - INFO - CROX: 1h change of -6.15%
2025-01-19 13:18:01,241 - INFO - CROX: 1wk change of -10.80%
2025-01-19 13:18:01,245 - INFO - CRS: 1h change of 3.12%
2025-01-19 13:18:01,301 - INFO - CROX: 1mo change of -11.48%
2025-01-19 13:18:01,389 - INFO - CRS: 1wk change of 11.80%
2025-01-19 13:18:01,510 - INFO - CRS: 1mo change of 16.60%
2025-01-19 13:18:01,802 - INFO - Processing CROX - 2025-01-10 12:05:11 UTC
2025-01-19 13:18:02,011 - INFO - Processing CRS - 2025-01-16 17:37:00 UTC
2025-01-19 13:18:03,008 - INFO - Retrieved article length: 5862 characters
2025-01-19 13:18:03,119 - INFO - CROX: 1h change of 1.57%
2025-01-19 13:18:03,187 - INFO - Retrieved article length: 3409 characters
2025-01-19 13:18:03,197 - INFO - CRS: 1h change of 3.12%
2025-01-19 13:18:03,203 - INFO - CROX: 1wk change of -8.73%
2025-01-19 13:18:03,245 - INFO - CRS: 1wk change of 11.80%
2025-01-19 13:18:03,297 - INFO - CROX: 1mo change of -8.91%
2025-01-19 13:18:03,802 - INFO - Processing CRS - 2025-01-16 16:05:00 UTC
2025-01-19 13:18:03,802 - INFO - Processing CROX - 2025-01-09 02:15:21 UTC
2025-01-19 13:18:04,997 - INFO - Retrieved article length: 2765 characters
2025-01-19 13:18:05,008 - INFO - CRS: 1h change of 3.12%
2025-01-19 13:18:05,054 - INFO - CRS: 1wk change of 11.80%
2025-01-19 13:18:05,102 - INFO - CRS: 1mo change of 16.60%
2025-01-19 13:18:05,214 - INFO - Retrieved article length: 3380 characters
2025-01-19 13:18:05,395 - INFO - CROX: 1wk change of -8.04%
2025-01-19 13:18:05,479 - INFO - CROX: 1mo change of -9.04%
2025-01-19 13:18:05,603 - INFO - Processing CRS - 2025-01-16 15:57:00 UTC
2025-01-19 13:18:05,980 - INFO - Processing CROX - 2025-01-08 16:11:00 UTC
2025-01-19 13:18:06,748 - INFO - Retrieved article length: 2968 characters
2025-01-19 13:18:06,758 - INFO - CRS: 1h change of 3.12%
2025-01-19 13:18:06,803 - INFO - CRS: 1wk change of 11.80%
2025-01-19 13:18:06,853 - INFO - CRS: 1mo change of 16.60%
2025-01-19 13:18:07,330 - INFO - Retrieved article length: 10585 characters
2025-01-19 13:18:07,355 - INFO - Processing CRS - 2025-01-16 15:55:00 UTC
2025-01-19 13:18:07,418 - INFO - CROX: 1h change of -3.81%
2025-01-19 13:18:07,501 - INFO - CROX: 1wk change of -8.04%
2025-01-19 13:18:07,583 - INFO - CROX: 1mo change of -11.75%
2025-01-19 13:18:08,085 - INFO - Processing CROX - 2025-01-07 19:14:00 UTC
2025-01-19 13:18:08,598 - INFO - Retrieved article length: 4915 characters
2025-01-19 13:18:08,607 - INFO - CRS: 1h change of 3.12%
2025-01-19 13:18:08,655 - INFO - CRS: 1wk change of 11.80%
2025-01-19 13:18:08,701 - INFO - CRS: 1mo change of 16.60%
2025-01-19 13:18:09,203 - INFO - Processing CRS - 2025-01-16 00:15:00 UTC
2025-01-19 13:18:09,320 - INFO - Retrieved article length: 8584 characters
2025-01-19 13:18:09,411 - INFO - CROX: 1h change of -3.81%
2025-01-19 13:18:09,502 - INFO - CROX: 1wk change of -5.56%
2025-01-19 13:18:09,614 - INFO - CROX: 1mo change of -10.14%
2025-01-19 13:18:10,269 - INFO - Retrieved article length: 1318 characters
2025-01-19 13:18:10,279 - INFO - CRS: 1h change of 3.12%
2025-01-19 13:18:10,326 - INFO - CRS: 1wk change of 11.80%
2025-01-19 13:18:10,373 - INFO - CRS: 1mo change of 16.60%
2025-01-19 13:18:11,224 - INFO - Processing CRUS - 2025-01-16 00:00:00 UTC
2025-01-19 13:18:11,981 - INFO - Processing CRVO - 2024-12-12 15:45:21 UTC
2025-01-19 13:18:12,367 - INFO - Retrieved article length: 1551 characters
2025-01-19 13:18:12,558 - INFO - CRUS: 1wk change of -1.44%
2025-01-19 13:18:12,642 - INFO - CRUS: 1mo change of -5.11%
2025-01-19 13:18:13,142 - INFO - Processing CRUS - 2025-01-10 17:04:48 UTC
2025-01-19 13:18:13,262 - INFO - Retrieved article length: 1605 characters
2025-01-19 13:18:13,353 - INFO - CRVO: 1h change of -12.32%
2025-01-19 13:18:13,436 - INFO - CRVO: 1wk change of -78.74%
2025-01-19 13:18:13,518 - INFO - CRVO: 1mo change of -83.40%
2025-01-19 13:18:14,019 - INFO - Processing CRVO - 2024-12-12 15:00:00 UTC
2025-01-19 13:18:14,449 - INFO - Retrieved article length: 3825 characters
2025-01-19 13:18:14,593 - INFO - CRUS: 1h change of -1.95%
2025-01-19 13:18:14,681 - INFO - CRUS: 1wk change of 1.43%
2025-01-19 13:18:14,807 - INFO - CRUS: 1mo change of -3.29%
2025-01-19 13:18:15,274 - INFO - Retrieved article length: 4211 characters
2025-01-19 13:18:15,285 - INFO - CRVO: 1h change of -12.32%
2025-01-19 13:18:15,291 - INFO - CRVO: 1wk change of -78.74%
2025-01-19 13:18:15,299 - INFO - CRVO: 1mo change of -83.40%
2025-01-19 13:18:15,307 - INFO - Processing CRUS - 2025-01-08 17:41:00 UTC
2025-01-19 13:18:15,800 - INFO - Processing CRVO - 2024-12-11 15:57:03 UTC
2025-01-19 13:18:16,548 - INFO - Retrieved article length: 4772 characters
2025-01-19 13:18:16,866 - INFO - CRUS: 1mo change of -2.60%
2025-01-19 13:18:17,227 - INFO - Retrieved article length: 502 characters
2025-01-19 13:18:17,367 - INFO - Processing CRUS - 2025-01-07 17:30:00 UTC
2025-01-19 13:18:17,367 - INFO - CRVO: 1h change of -84.18%
2025-01-19 13:18:17,453 - INFO - CRVO: 1wk change of -78.74%
2025-01-19 13:18:17,537 - INFO - CRVO: 1mo change of -83.41%
2025-01-19 13:18:18,038 - INFO - Processing CRVO - 2024-12-11 15:16:06 UTC
2025-01-19 13:18:18,668 - INFO - Retrieved article length: 3597 characters
2025-01-19 13:18:18,954 - INFO - CRUS: 1mo change of -4.36%
2025-01-19 13:18:19,454 - INFO - Processing CRUS - 2024-12-14 16:14:25 UTC
2025-01-19 13:18:19,622 - INFO - Retrieved article length: 1679 characters
2025-01-19 13:18:19,632 - INFO - CRVO: 1h change of -84.18%
2025-01-19 13:18:19,639 - INFO - CRVO: 1wk change of -78.74%
2025-01-19 13:18:19,647 - INFO - CRVO: 1mo change of -83.41%
2025-01-19 13:18:20,148 - INFO - Processing CRVO - 2024-12-11 14:34:49 UTC
2025-01-19 13:18:20,847 - INFO - Retrieved article length: 4505 characters
2025-01-19 13:18:21,021 - INFO - CRUS: 1wk change of -1.04%
2025-01-19 13:18:21,105 - INFO - CRUS: 1mo change of -3.54%
2025-01-19 13:18:21,389 - INFO - Retrieved article length: 512 characters
2025-01-19 13:18:21,398 - INFO - CRVO: 1h change of -84.18%
2025-01-19 13:18:21,406 - INFO - CRVO: 1wk change of -78.74%
2025-01-19 13:18:21,412 - INFO - CRVO: 1mo change of -83.41%
2025-01-19 13:18:21,606 - INFO - Processing CRUS - 2024-12-06 17:25:00 UTC
2025-01-19 13:18:21,913 - INFO - Processing CRVO - 2024-12-10 21:14:22 UTC
2025-01-19 13:18:22,905 - INFO - Retrieved article length: 5442 characters
2025-01-19 13:18:23,046 - INFO - CRUS: 1h change of -1.35%
2025-01-19 13:18:23,167 - INFO - Retrieved article length: 492 characters
2025-01-19 13:18:23,211 - INFO - CRUS: 1mo change of -4.62%
2025-01-19 13:18:23,252 - INFO - CRVO: 1h change of -84.10%
2025-01-19 13:18:23,362 - INFO - CRVO: 1wk change of -78.74%
2025-01-19 13:18:23,445 - INFO - CRVO: 1mo change of -83.31%
2025-01-19 13:18:23,712 - INFO - Processing CRUS - 2024-12-05 17:30:00 UTC
2025-01-19 13:18:23,946 - INFO - Processing CRVO - 2024-12-10 19:37:14 UTC
2025-01-19 13:18:24,927 - INFO - Retrieved article length: 4066 characters
2025-01-19 13:18:25,027 - INFO - CRUS: 1h change of -1.68%
2025-01-19 13:18:25,112 - INFO - CRUS: 1wk change of -1.94%
2025-01-19 13:18:25,198 - INFO - Retrieved article length: 2681 characters
2025-01-19 13:18:25,200 - INFO - CRUS: 1mo change of -4.21%
2025-01-19 13:18:25,207 - INFO - CRVO: 1h change of -84.10%
2025-01-19 13:18:25,213 - INFO - CRVO: 1wk change of -78.74%
2025-01-19 13:18:25,218 - INFO - CRVO: 1mo change of -83.31%
2025-01-19 13:18:25,702 - INFO - Processing CRUS - 2024-12-05 00:00:00 UTC
2025-01-19 13:18:25,720 - INFO - Processing CRVO - 2024-12-10 19:05:51 UTC
2025-01-19 13:18:26,933 - INFO - Retrieved article length: 1388 characters
2025-01-19 13:18:26,944 - INFO - CRUS: 1h change of -1.68%
2025-01-19 13:18:26,944 - INFO - Retrieved article length: 497 characters
2025-01-19 13:18:26,950 - INFO - CRUS: 1wk change of -1.94%
2025-01-19 13:18:26,953 - INFO - CRVO: 1h change of -84.10%
2025-01-19 13:18:26,956 - INFO - CRUS: 1mo change of -4.21%
2025-01-19 13:18:26,959 - INFO - CRVO: 1wk change of -78.74%
2025-01-19 13:18:26,965 - INFO - CRVO: 1mo change of -83.31%
2025-01-19 13:18:28,598 - INFO - Processing CRWD - 2025-01-19 12:40:00 UTC
2025-01-19 13:18:28,608 - INFO - Processing CRVS - 2025-01-13 15:30:00 UTC
2025-01-19 13:18:29,836 - INFO - Retrieved article length: 6409 characters
2025-01-19 13:18:29,863 - INFO - Retrieved article length: 13148 characters
2025-01-19 13:18:29,954 - INFO - CRVS: 1h change of -1.43%
2025-01-19 13:18:29,981 - INFO - CRWD: 1h change of 1.23%
2025-01-19 13:18:30,039 - INFO - CRVS: 1wk change of -14.07%
2025-01-19 13:18:30,074 - INFO - CRWD: 1wk change of 2.34%
2025-01-19 13:18:30,126 - INFO - CRVS: 1mo change of -38.53%
2025-01-19 13:18:30,160 - INFO - CRWD: 1mo change of -8.04%
2025-01-19 13:18:30,627 - INFO - Processing CRVS - 2025-01-08 00:01:00 UTC
2025-01-19 13:18:30,661 - INFO - Processing CRWD - 2025-01-18 15:30:00 UTC
2025-01-19 13:18:31,778 - INFO - Retrieved article length: 1691 characters
2025-01-19 13:18:31,867 - INFO - CRVS: 1h change of -10.16%
2025-01-19 13:18:31,897 - INFO - Retrieved article length: 9468 characters
2025-01-19 13:18:31,959 - INFO - CRVS: 1wk change of -4.57%
2025-01-19 13:18:32,002 - INFO - CRWD: 1h change of -2.11%
2025-01-19 13:18:32,090 - INFO - CRVS: 1mo change of -37.61%
2025-01-19 13:18:32,221 - INFO - CRWD: 1mo change of -8.04%
2025-01-19 13:18:32,591 - INFO - Processing CRVS - 2025-01-07 17:18:50 UTC
2025-01-19 13:18:32,722 - INFO - Processing CRWD - 2025-01-17 18:48:09 UTC
2025-01-19 13:18:33,783 - INFO - Retrieved article length: 5107 characters
2025-01-19 13:18:33,892 - INFO - CRVS: 1h change of -10.16%
2025-01-19 13:18:33,932 - INFO - Retrieved article length: 5436 characters
2025-01-19 13:18:33,989 - INFO - CRVS: 1wk change of -9.90%
2025-01-19 13:18:34,072 - INFO - CRVS: 1mo change of -39.49%
2025-01-19 13:18:34,203 - INFO - CRWD: 1mo change of -2.99%
2025-01-19 13:18:34,574 - INFO - Processing CRVS - 2024-12-18 21:23:45 UTC
2025-01-19 13:18:34,703 - INFO - Processing CRWD - 2025-01-17 18:18:58 UTC
2025-01-19 13:18:35,853 - INFO - Retrieved article length: 520 characters
2025-01-19 13:18:35,910 - INFO - Retrieved article length: 3002 characters
2025-01-19 13:18:35,958 - INFO - CRWD: 1mo change of -2.99%
2025-01-19 13:18:35,998 - INFO - CRVS: 1h change of -28.44%
2025-01-19 13:18:36,081 - INFO - CRVS: 1wk change of -36.07%
2025-01-19 13:18:36,169 - INFO - CRVS: 1mo change of -43.52%
2025-01-19 13:18:36,459 - INFO - Processing CRWD - 2025-01-16 22:53:58 UTC
2025-01-19 13:18:36,669 - INFO - Processing CRVS - 2024-12-18 16:31:56 UTC
2025-01-19 13:18:37,704 - INFO - Retrieved article length: 151 characters
2025-01-19 13:18:37,801 - INFO - CRWD: 1h change of 2.67%
2025-01-19 13:18:37,892 - INFO - CRWD: 1wk change of -2.55%
2025-01-19 13:18:37,906 - INFO - Retrieved article length: 554 characters
2025-01-19 13:18:37,916 - INFO - CRVS: 1h change of -28.44%
2025-01-19 13:18:37,921 - INFO - CRVS: 1wk change of -36.07%
2025-01-19 13:18:37,969 - INFO - CRVS: 1mo change of -43.52%
2025-01-19 13:18:37,977 - INFO - CRWD: 1mo change of -2.33%
2025-01-19 13:18:38,470 - INFO - Processing CRVS - 2024-12-18 15:30:00 UTC
2025-01-19 13:18:38,478 - INFO - Processing CRWD - 2025-01-16 21:05:35 UTC
2025-01-19 13:18:39,732 - INFO - Retrieved article length: 17179 characters
2025-01-19 13:18:39,741 - INFO - CRVS: 1h change of -28.44%
2025-01-19 13:18:39,748 - INFO - CRVS: 1wk change of -36.07%
2025-01-19 13:18:39,762 - INFO - Retrieved article length: 7183 characters
2025-01-19 13:18:39,772 - INFO - CRWD: 1h change of 2.67%
2025-01-19 13:18:39,799 - INFO - CRVS: 1mo change of -43.52%
2025-01-19 13:18:39,818 - INFO - CRWD: 1wk change of -2.55%
2025-01-19 13:18:39,865 - INFO - CRWD: 1mo change of -2.33%
2025-01-19 13:18:40,300 - INFO - Processing CRVS - 2024-12-18 14:45:00 UTC
2025-01-19 13:18:40,366 - INFO - Processing CRWD - 2025-01-16 19:01:36 UTC
2025-01-19 13:18:41,437 - INFO - Retrieved article length: 3400 characters
2025-01-19 13:18:41,446 - INFO - CRVS: 1h change of -28.44%
2025-01-19 13:18:41,452 - INFO - CRVS: 1wk change of -36.07%
2025-01-19 13:18:41,502 - INFO - CRVS: 1mo change of -43.52%
2025-01-19 13:18:41,580 - INFO - Retrieved article length: 535 characters
2025-01-19 13:18:41,590 - INFO - CRWD: 1h change of 2.67%
2025-01-19 13:18:41,638 - INFO - CRWD: 1wk change of -2.55%
2025-01-19 13:18:41,686 - INFO - CRWD: 1mo change of -2.33%
2025-01-19 13:18:42,004 - INFO - Processing CRVS - 2024-12-18 00:01:00 UTC
2025-01-19 13:18:42,187 - INFO - Processing CRWD - 2025-01-16 16:11:00 UTC
2025-01-19 13:18:43,230 - INFO - Retrieved article length: 4254 characters
2025-01-19 13:18:43,243 - INFO - CRVS: 1h change of -28.44%
2025-01-19 13:18:43,251 - INFO - CRVS: 1wk change of -36.07%
2025-01-19 13:18:43,298 - INFO - CRVS: 1mo change of -43.52%
2025-01-19 13:18:43,463 - INFO - Retrieved article length: 7074 characters
2025-01-19 13:18:43,473 - INFO - CRWD: 1h change of 2.67%
2025-01-19 13:18:43,545 - INFO - CRWD: 1wk change of -2.55%
2025-01-19 13:18:43,592 - INFO - CRWD: 1mo change of -2.33%
2025-01-19 13:18:44,918 - INFO - Processing CRWS - 2025-01-04 15:08:10 UTC
2025-01-19 13:18:45,212 - INFO - Processing CSBR - 2025-01-12 16:22:17 UTC
2025-01-19 13:18:46,172 - INFO - Retrieved article length: 3781 characters
2025-01-19 13:18:46,471 - INFO - Retrieved article length: 7444 characters
2025-01-19 13:18:46,556 - INFO - CSBR: 1h change of -5.65%
2025-01-19 13:18:46,642 - INFO - CSBR: 1wk change of 19.27%
2025-01-19 13:18:46,729 - INFO - CSBR: 1mo change of 100.41%
2025-01-19 13:18:47,006 - INFO - Processing CRWS - 2024-12-19 12:31:00 UTC
2025-01-19 13:18:47,230 - INFO - Processing CSBR - 2025-01-09 16:30:47 UTC
2025-01-19 13:18:48,212 - INFO - Retrieved article length: 8930 characters
2025-01-19 13:18:48,496 - INFO - Retrieved article length: 1650 characters
2025-01-19 13:18:48,559 - INFO - CRWS: 1mo change of 1.35%
2025-01-19 13:18:48,676 - INFO - CSBR: 1wk change of 13.46%
2025-01-19 13:18:48,760 - INFO - CSBR: 1mo change of 125.35%
2025-01-19 13:18:49,060 - INFO - Processing CRWS - 2024-12-19 00:55:00 UTC
2025-01-19 13:18:49,261 - INFO - Processing CSBR - 2025-01-08 16:00:00 UTC
2025-01-19 13:18:50,438 - INFO - Retrieved article length: 10926 characters
2025-01-19 13:18:50,501 - INFO - CRWS: 1mo change of 1.35%
2025-01-19 13:18:50,594 - INFO - Retrieved article length: 2894 characters
2025-01-19 13:18:50,683 - INFO - CSBR: 1h change of 4.10%
2025-01-19 13:18:50,773 - INFO - CSBR: 1wk change of 13.46%
2025-01-19 13:18:50,855 - INFO - CSBR: 1mo change of 127.44%
2025-01-19 13:18:51,002 - INFO - Processing CRWS - 2024-12-08 15:04:23 UTC
2025-01-19 13:18:51,356 - INFO - Processing CSBR - 2024-12-22 17:04:41 UTC
2025-01-19 13:18:52,204 - INFO - Retrieved article length: 5162 characters
2025-01-19 13:18:52,289 - INFO - CRWS: 1h change of -1.29%
2025-01-19 13:18:52,586 - INFO - Retrieved article length: 6237 characters
2025-01-19 13:18:52,676 - INFO - CSBR: 1h change of 10.65%
2025-01-19 13:18:52,763 - INFO - CSBR: 1wk change of 66.09%
2025-01-19 13:18:52,848 - INFO - CSBR: 1mo change of 116.37%
2025-01-19 13:18:52,989 - INFO - Processing CRWS - 2024-11-18 03:07:41 UTC
2025-01-19 13:18:53,349 - INFO - Processing CSBR - 2024-12-12 00:00:00 UTC
2025-01-19 13:18:54,227 - INFO - Retrieved article length: 6862 characters
2025-01-19 13:18:54,422 - INFO - CRWS: 1wk change of 3.39%
2025-01-19 13:18:54,521 - INFO - CRWS: 1mo change of -4.11%
2025-01-19 13:18:54,606 - INFO - Retrieved article length: 15611 characters
2025-01-19 13:18:54,692 - INFO - CSBR: 1h change of 27.47%
2025-01-19 13:18:54,782 - INFO - CSBR: 1wk change of 74.25%
2025-01-19 13:18:54,866 - INFO - CSBR: 1mo change of 113.89%
2025-01-19 13:18:55,022 - INFO - Processing CRWS - 2024-11-15 13:29:57 UTC
2025-01-19 13:18:55,367 - INFO - Processing CSBR - 2024-12-06 00:30:00 UTC
2025-01-19 13:18:56,207 - INFO - Retrieved article length: 3638 characters
2025-01-19 13:18:56,293 - INFO - CRWS: 1h change of 1.38%
2025-01-19 13:18:56,517 - INFO - CRWS: 1mo change of -5.33%
2025-01-19 13:18:56,572 - INFO - Retrieved article length: 1880 characters
2025-01-19 13:18:56,664 - INFO - CSBR: 1h change of 7.33%
2025-01-19 13:18:56,746 - INFO - CSBR: 1wk change of 46.19%
2025-01-19 13:18:56,829 - INFO - CSBR: 1mo change of 141.50%
2025-01-19 13:18:57,018 - INFO - Processing CRWS - 2024-11-14 13:27:50 UTC
2025-01-19 13:18:57,330 - INFO - Processing CSBR - 2024-11-04 13:52:27 UTC
2025-01-19 13:18:58,288 - INFO - Retrieved article length: 1675 characters
2025-01-19 13:18:58,427 - INFO - CRWS: 1h change of 2.73%
2025-01-19 13:18:58,620 - INFO - Retrieved article length: 4206 characters
2025-01-19 13:18:58,625 - INFO - CRWS: 1mo change of -5.16%
2025-01-19 13:18:58,707 - INFO - CSBR: 1h change of 5.17%
2025-01-19 13:18:58,791 - INFO - CSBR: 1wk change of 12.75%
2025-01-19 13:18:58,891 - INFO - CSBR: 1mo change of -5.34%
2025-01-19 13:18:59,126 - INFO - Processing CRWS - 2024-11-13 18:31:00 UTC
2025-01-19 13:19:00,517 - INFO - Retrieved article length: 5324 characters
2025-01-19 13:19:00,597 - INFO - Processing CSCI - 2024-12-23 15:45:00 UTC
2025-01-19 13:19:00,604 - INFO - CRWS: 1h change of 1.57%
2025-01-19 13:19:00,812 - INFO - CRWS: 1mo change of -4.73%
2025-01-19 13:19:01,852 - INFO - Retrieved article length: 11100 characters
2025-01-19 13:19:02,043 - INFO - CSCI: 1wk change of -4.48%
2025-01-19 13:19:02,128 - INFO - CSCI: 1mo change of -6.25%
2025-01-19 13:19:02,430 - INFO - Processing CSCO - 2025-01-19 02:58:18 UTC
2025-01-19 13:19:02,629 - INFO - Processing CSCI - 2024-11-15 13:10:28 UTC
2025-01-19 13:19:03,580 - INFO - Retrieved article length: 3373 characters
2025-01-19 13:19:03,768 - INFO - CSCO: 1wk change of 2.54%
2025-01-19 13:19:03,867 - INFO - CSCO: 1mo change of 3.93%
2025-01-19 13:19:03,915 - INFO - Retrieved article length: 1590 characters
2025-01-19 13:19:04,085 - INFO - CSCI: 1wk change of -23.30%
2025-01-19 13:19:04,167 - INFO - CSCI: 1mo change of -25.20%
2025-01-19 13:19:04,368 - INFO - Processing CSCO - 2025-01-17 18:18:23 UTC
2025-01-19 13:19:04,668 - INFO - Processing CSCI - 2024-11-12 15:30:00 UTC
2025-01-19 13:19:05,638 - INFO - Retrieved article length: 519 characters
2025-01-19 13:19:05,827 - INFO - CSCO: 1wk change of 2.21%
2025-01-19 13:19:05,940 - INFO - CSCO: 1mo change of 3.45%
2025-01-19 13:19:06,088 - INFO - Retrieved article length: 15315 characters
2025-01-19 13:19:06,262 - INFO - CSCI: 1wk change of -20.27%
2025-01-19 13:19:06,417 - INFO - CSCI: 1mo change of -21.35%
2025-01-19 13:19:06,441 - INFO - Processing CSCO - 2025-01-16 21:10:15 UTC
2025-01-19 13:19:07,841 - INFO - Retrieved article length: 7681 characters
2025-01-19 13:19:07,942 - INFO - CSCO: 1h change of 2.06%
2025-01-19 13:19:08,055 - INFO - CSCO: 1wk change of 2.48%
2025-01-19 13:19:08,081 - INFO - Processing CSGP - 2025-01-17 00:07:00 UTC
2025-01-19 13:19:08,157 - INFO - CSCO: 1mo change of 3.04%
2025-01-19 13:19:08,658 - INFO - Processing CSCO - 2025-01-16 20:17:00 UTC
2025-01-19 13:19:09,319 - INFO - Retrieved article length: 4453 characters
2025-01-19 13:19:09,501 - INFO - CSGP: 1wk change of 4.96%
2025-01-19 13:19:09,585 - INFO - CSGP: 1mo change of -1.63%
2025-01-19 13:19:09,862 - INFO - Retrieved article length: 6022 characters
2025-01-19 13:19:09,872 - INFO - CSCO: 1h change of 2.06%
2025-01-19 13:19:09,920 - INFO - CSCO: 1wk change of 2.48%
2025-01-19 13:19:09,967 - INFO - CSCO: 1mo change of 3.04%
2025-01-19 13:19:10,086 - INFO - Processing CSGP - 2025-01-16 13:05:57 UTC
2025-01-19 13:19:10,468 - INFO - Processing CSCO - 2025-01-15 16:00:00 UTC
2025-01-19 13:19:11,335 - INFO - Retrieved article length: 6648 characters
2025-01-19 13:19:11,428 - INFO - CSGP: 1h change of 5.77%
2025-01-19 13:19:11,561 - INFO - CSGP: 1wk change of 3.71%
2025-01-19 13:19:11,645 - INFO - CSGP: 1mo change of -5.62%
2025-01-19 13:19:11,850 - INFO - Retrieved article length: 7210 characters
2025-01-19 13:19:11,945 - INFO - CSCO: 1h change of 2.10%
2025-01-19 13:19:12,042 - INFO - CSCO: 1wk change of 2.48%
2025-01-19 13:19:12,143 - INFO - CSCO: 1mo change of 3.50%
2025-01-19 13:19:12,146 - INFO - Processing CSGP - 2025-01-15 02:07:34 UTC
2025-01-19 13:19:12,644 - INFO - Processing CSCO - 2025-01-15 01:45:18 UTC
2025-01-19 13:19:13,452 - INFO - Retrieved article length: 7576 characters
2025-01-19 13:19:13,539 - INFO - CSGP: 1h change of 6.05%
2025-01-19 13:19:13,625 - INFO - CSGP: 1wk change of 3.71%
2025-01-19 13:19:13,710 - INFO - CSGP: 1mo change of -4.81%
2025-01-19 13:19:13,965 - INFO - Retrieved article length: 3767 characters
2025-01-19 13:19:13,974 - INFO - CSCO: 1h change of 2.10%
2025-01-19 13:19:14,020 - INFO - CSCO: 1wk change of 2.48%
2025-01-19 13:19:14,068 - INFO - CSCO: 1mo change of 3.50%
2025-01-19 13:19:14,211 - INFO - Processing CSGP - 2025-01-14 18:29:01 UTC
2025-01-19 13:19:14,569 - INFO - Processing CSCO - 2025-01-14 23:09:51 UTC
2025-01-19 13:19:15,586 - INFO - Retrieved article length: 494 characters
2025-01-19 13:19:15,675 - INFO - CSGP: 1h change of 5.79%
2025-01-19 13:19:15,761 - INFO - CSGP: 1wk change of 3.71%
2025-01-19 13:19:15,787 - INFO - Retrieved article length: 7982 characters
2025-01-19 13:19:15,844 - INFO - CSGP: 1mo change of -3.38%
2025-01-19 13:19:15,883 - INFO - CSCO: 1h change of 2.36%
2025-01-19 13:19:15,980 - INFO - CSCO: 1wk change of 2.48%
2025-01-19 13:19:16,080 - INFO - CSCO: 1mo change of 3.27%
2025-01-19 13:19:16,345 - INFO - Processing CSGP - 2025-01-13 05:00:00 UTC
2025-01-19 13:19:16,581 - INFO - Processing CSCO - 2025-01-14 14:02:01 UTC
2025-01-19 13:19:17,660 - INFO - Retrieved article length: 221 characters
2025-01-19 13:19:17,828 - INFO - CSGP: 1wk change of 2.21%
2025-01-19 13:19:17,866 - INFO - Retrieved article length: 5700 characters
2025-01-19 13:19:17,875 - INFO - CSCO: 1h change of 2.36%
2025-01-19 13:19:17,911 - INFO - CSGP: 1mo change of -6.10%
2025-01-19 13:19:17,922 - INFO - CSCO: 1wk change of 2.48%
2025-01-19 13:19:17,969 - INFO - CSCO: 1mo change of 3.27%
2025-01-19 13:19:18,413 - INFO - Processing CSGP - 2025-01-10 20:28:13 UTC
2025-01-19 13:19:19,619 - INFO - Processing CSLM - 2024-12-21 14:32:22 UTC
2025-01-19 13:19:19,710 - INFO - Retrieved article length: 528 characters
2025-01-19 13:19:19,813 - INFO - CSGP: 1h change of -1.41%
2025-01-19 13:19:19,900 - INFO - CSGP: 1wk change of 3.16%
2025-01-19 13:19:19,983 - INFO - CSGP: 1mo change of -4.49%
2025-01-19 13:19:20,485 - INFO - Processing CSGP - 2025-01-10 15:00:00 UTC
2025-01-19 13:19:21,020 - INFO - Retrieved article length: 1772 characters
2025-01-19 13:19:21,190 - INFO - CSLM: 1wk change of 1.32%
2025-01-19 13:19:21,272 - INFO - CSLM: 1mo change of 5.73%
2025-01-19 13:19:21,774 - INFO - Processing CSLM - 2024-12-06 01:30:00 UTC
2025-01-19 13:19:21,885 - INFO - Retrieved article length: 170 characters
2025-01-19 13:19:21,892 - INFO - CSGP: 1h change of -1.41%
2025-01-19 13:19:21,940 - INFO - CSGP: 1wk change of 3.16%
2025-01-19 13:19:21,986 - INFO - CSGP: 1mo change of -4.49%
2025-01-19 13:19:22,487 - INFO - Processing CSGP - 2025-01-09 01:00:00 UTC
2025-01-19 13:19:22,998 - INFO - Retrieved article length: 11578 characters
2025-01-19 13:19:23,075 - ERROR - CSLM: No price data found, symbol may be delisted (1h 2024-12-04 -> 2024-12-08)
2025-01-19 13:19:23,258 - INFO - CSLM: 1mo change of 4.07%
2025-01-19 13:19:23,880 - INFO - Retrieved article length: 5030 characters
2025-01-19 13:19:23,966 - INFO - CSGP: 1h change of -2.03%
2025-01-19 13:19:24,050 - INFO - CSGP: 1wk change of 2.83%
2025-01-19 13:19:24,192 - INFO - CSGP: 1mo change of -4.13%
2025-01-19 13:19:24,915 - INFO - Processing CSLMR - 2024-12-21 14:32:22 UTC
2025-01-19 13:19:25,826 - INFO - Processing CSLMU - 2024-12-21 14:32:22 UTC
2025-01-19 13:19:26,148 - INFO - Retrieved article length: 1772 characters
2025-01-19 13:19:26,323 - ERROR - CSLMR: Period '1mo' is invalid, must be one of ['1d', '5d']
2025-01-19 13:19:26,907 - INFO - Processing CSLMR - 2024-12-06 01:30:00 UTC
2025-01-19 13:19:27,061 - INFO - Retrieved article length: 1772 characters
2025-01-19 13:19:27,143 - ERROR - CSLMU: No price data found, symbol may be delisted (1h 2024-12-19 -> 2024-12-23)
2025-01-19 13:19:27,316 - INFO - CSLMU: 1mo change of 9.24%
2025-01-19 13:19:27,817 - INFO - Processing CSLMU - 2024-12-06 01:30:00 UTC
2025-01-19 13:19:28,192 - INFO - Retrieved article length: 11578 characters
2025-01-19 13:19:28,278 - INFO - CSLMR: 1h change of -12.45%
2025-01-19 13:19:28,359 - ERROR - CSLMR: Period '1mo' is invalid, must be one of ['1d', '5d']
2025-01-19 13:19:28,440 - ERROR - CSLMR: Period '1mo' is invalid, must be one of ['1d', '5d']
2025-01-19 13:19:28,943 - INFO - Retrieved article length: 11578 characters
2025-01-19 13:19:29,025 - ERROR - CSLMU: No price data found, symbol may be delisted (1h 2024-12-04 -> 2024-12-08)
2025-01-19 13:19:29,192 - INFO - CSLMU: 1mo change of 2.74%
2025-01-19 13:19:30,091 - INFO - Processing CSLR - 2024-11-18 16:30:00 UTC
2025-01-19 13:19:30,813 - INFO - Processing CSX - 2025-01-17 17:12:00 UTC
2025-01-19 13:19:31,369 - INFO - Retrieved article length: 4512 characters
2025-01-19 13:19:31,464 - INFO - CSLR: 1h change of 1.84%
2025-01-19 13:19:31,555 - INFO - CSLR: 1wk change of 4.12%
2025-01-19 13:19:31,641 - INFO - CSLR: 1mo change of -30.00%
2025-01-19 13:19:31,982 - INFO - Retrieved article length: 3524 characters
2025-01-19 13:19:32,142 - INFO - Processing CSLR - 2024-11-14 04:20:00 UTC
2025-01-19 13:19:32,211 - INFO - CSX: 1wk change of 1.68%
2025-01-19 13:19:32,351 - INFO - CSX: 1mo change of -1.53%
2025-01-19 13:19:32,852 - INFO - Processing CSX - 2025-01-16 21:16:41 UTC
2025-01-19 13:19:33,469 - INFO - Retrieved article length: 11498 characters
2025-01-19 13:19:33,555 - INFO - CSLR: 1h change of 6.83%
2025-01-19 13:19:33,638 - INFO - CSLR: 1wk change of -9.77%
2025-01-19 13:19:33,723 - INFO - CSLR: 1mo change of -33.48%
2025-01-19 13:19:34,035 - INFO - Retrieved article length: 7871 characters
2025-01-19 13:19:34,127 - INFO - CSX: 1h change of 1.95%
2025-01-19 13:19:34,224 - INFO - Processing CSLR - 2024-11-05 19:54:00 UTC
2025-01-19 13:19:34,247 - INFO - CSX: 1wk change of 2.28%
2025-01-19 13:19:34,376 - INFO - CSX: 1mo change of -2.82%
2025-01-19 13:19:34,877 - INFO - Processing CSX - 2025-01-11 04:01:00 UTC
2025-01-19 13:19:35,428 - INFO - Retrieved article length: 6248 characters
2025-01-19 13:19:35,561 - INFO - CSLR: 1h change of -6.33%
2025-01-19 13:19:35,645 - INFO - CSLR: 1wk change of 2.75%
2025-01-19 13:19:35,729 - INFO - CSLR: 1mo change of -25.46%
2025-01-19 13:19:36,200 - INFO - Retrieved article length: 2477 characters
2025-01-19 13:19:36,230 - INFO - Processing CSLR - 2024-11-05 16:30:00 UTC
2025-01-19 13:19:36,436 - INFO - CSX: 1wk change of 1.77%
2025-01-19 13:19:36,568 - INFO - CSX: 1mo change of -3.65%
2025-01-19 13:19:37,069 - INFO - Processing CSX - 2025-01-03 13:30:00 UTC
2025-01-19 13:19:37,498 - INFO - Retrieved article length: 5974 characters
2025-01-19 13:19:37,506 - INFO - CSLR: 1h change of -6.33%
2025-01-19 13:19:37,514 - INFO - CSLR: 1wk change of 2.75%
2025-01-19 13:19:37,520 - INFO - CSLR: 1mo change of -25.46%
2025-01-19 13:19:38,021 - INFO - Processing CSLR - 2024-11-04 00:30:00 UTC
2025-01-19 13:19:38,303 - INFO - Retrieved article length: 134 characters
2025-01-19 13:19:38,567 - INFO - CSX: 1wk change of -2.43%
2025-01-19 13:19:38,758 - INFO - CSX: 1mo change of -10.45%
2025-01-19 13:19:39,238 - INFO - Retrieved article length: 1756 characters
2025-01-19 13:19:39,259 - INFO - Processing CSX - 2024-12-31 10:09:15 UTC
2025-01-19 13:19:39,326 - INFO - CSLR: 1h change of 3.17%
2025-01-19 13:19:39,409 - INFO - CSLR: 1wk change of -18.14%
2025-01-19 13:19:39,493 - INFO - CSLR: 1mo change of -37.72%
2025-01-19 13:19:39,994 - INFO - Processing CSLR - 2024-10-25 14:56:21 UTC
2025-01-19 13:19:40,475 - INFO - Retrieved article length: 5984 characters
2025-01-19 13:19:40,820 - INFO - CSX: 1mo change of -10.50%
2025-01-19 13:19:41,153 - INFO - Retrieved article length: 6827 characters
2025-01-19 13:19:41,295 - INFO - CSLR: 1h change of -8.50%
2025-01-19 13:19:41,321 - INFO - Processing CSX - 2024-12-27 13:30:00 UTC
2025-01-19 13:19:41,516 - INFO - CSLR: 1mo change of -29.86%
2025-01-19 13:19:42,559 - INFO - Retrieved article length: 602 characters
2025-01-19 13:19:42,840 - INFO - CSX: 1wk change of -1.79%
2025-01-19 13:19:42,993 - INFO - CSX: 1mo change of -8.22%
2025-01-19 13:19:43,137 - INFO - Processing CTAS - 2025-01-17 18:45:13 UTC
2025-01-19 13:19:43,495 - INFO - Processing CSX - 2024-12-25 12:04:23 UTC
2025-01-19 13:19:44,413 - INFO - Retrieved article length: 4937 characters
2025-01-19 13:19:44,505 - INFO - CTAS: 1h change of 1.78%
2025-01-19 13:19:44,632 - INFO - CTAS: 1wk change of 5.08%
2025-01-19 13:19:44,730 - INFO - Retrieved article length: 3752 characters
2025-01-19 13:19:44,756 - INFO - CTAS: 1mo change of -6.11%
2025-01-19 13:19:44,817 - INFO - CSX: 1h change of 1.73%
2025-01-19 13:19:44,955 - INFO - CSX: 1wk change of -1.82%
2025-01-19 13:19:45,108 - INFO - CSX: 1mo change of -5.01%
2025-01-19 13:19:45,256 - INFO - Processing CTAS - 2025-01-17 16:30:03 UTC
2025-01-19 13:19:45,609 - INFO - Processing CSX - 2024-12-24 20:49:07 UTC
2025-01-19 13:19:46,487 - INFO - Retrieved article length: 4451 characters
2025-01-19 13:19:46,497 - INFO - CTAS: 1h change of 1.78%
2025-01-19 13:19:46,544 - INFO - CTAS: 1wk change of 5.08%
2025-01-19 13:19:46,591 - INFO - CTAS: 1mo change of -6.11%
2025-01-19 13:19:47,051 - INFO - Retrieved article length: 6564 characters
2025-01-19 13:19:47,092 - INFO - Processing CTAS - 2025-01-15 22:33:38 UTC
2025-01-19 13:19:47,137 - INFO - CSX: 1h change of 1.81%
2025-01-19 13:19:47,280 - INFO - CSX: 1wk change of -2.37%
2025-01-19 13:19:47,404 - INFO - CSX: 1mo change of -5.09%
2025-01-19 13:19:48,360 - INFO - Retrieved article length: 6990 characters
2025-01-19 13:19:48,447 - INFO - CTAS: 1h change of 4.76%
2025-01-19 13:19:48,559 - INFO - CTAS: 1wk change of 7.14%
2025-01-19 13:19:48,683 - INFO - CTAS: 1mo change of -6.00%
2025-01-19 13:19:49,051 - INFO - Processing CTCX - 2025-01-16 16:00:00 UTC
2025-01-19 13:19:49,184 - INFO - Processing CTAS - 2025-01-15 18:00:00 UTC
2025-01-19 13:19:50,254 - INFO - Retrieved article length: 7840 characters
2025-01-19 13:19:50,349 - INFO - CTCX: 1h change of -10.21%
2025-01-19 13:19:50,391 - INFO - Retrieved article length: 483 characters
2025-01-19 13:19:50,400 - INFO - CTAS: 1h change of 4.76%
2025-01-19 13:19:50,448 - INFO - CTAS: 1wk change of 7.14%
2025-01-19 13:19:50,448 - INFO - CTCX: 1wk change of 6.71%
2025-01-19 13:19:50,495 - INFO - CTAS: 1mo change of -6.00%
2025-01-19 13:19:50,531 - INFO - CTCX: 1mo change of 140.83%
2025-01-19 13:19:50,996 - INFO - Processing CTAS - 2025-01-14 23:00:00 UTC
2025-01-19 13:19:51,033 - INFO - Processing CTCX - 2025-01-03 16:00:00 UTC
2025-01-19 13:19:52,237 - INFO - Retrieved article length: 7639 characters
2025-01-19 13:19:52,328 - INFO - CTCX: 1h change of -26.22%
2025-01-19 13:19:52,415 - INFO - CTCX: 1wk change of 72.63%
2025-01-19 13:19:52,427 - INFO - Retrieved article length: 2149 characters
2025-01-19 13:19:52,497 - INFO - CTCX: 1mo change of 73.84%
2025-01-19 13:19:52,517 - INFO - CTAS: 1h change of 3.54%
2025-01-19 13:19:52,640 - INFO - CTAS: 1wk change of 7.14%
2025-01-19 13:19:52,777 - INFO - CTAS: 1mo change of -5.63%
2025-01-19 13:19:52,998 - INFO - Processing CTCX - 2025-01-02 16:00:00 UTC
2025-01-19 13:19:53,278 - INFO - Processing CTAS - 2025-01-14 22:38:35 UTC
2025-01-19 13:19:54,215 - INFO - Retrieved article length: 7871 characters
2025-01-19 13:19:54,306 - INFO - CTCX: 1h change of 115.10%
2025-01-19 13:19:54,390 - INFO - CTCX: 1wk change of 117.70%
2025-01-19 13:19:54,470 - INFO - Retrieved article length: 8373 characters
2025-01-19 13:19:54,477 - INFO - CTCX: 1mo change of 73.84%
2025-01-19 13:19:54,480 - INFO - CTAS: 1h change of 3.54%
2025-01-19 13:19:54,527 - INFO - CTAS: 1wk change of 7.14%
2025-01-19 13:19:54,573 - INFO - CTAS: 1mo change of -5.63%
2025-01-19 13:19:54,977 - INFO - Processing CTCX - 2024-12-24 16:30:00 UTC
2025-01-19 13:19:55,075 - INFO - Processing CTAS - 2025-01-13 21:00:00 UTC
2025-01-19 13:19:56,271 - INFO - Retrieved article length: 6936 characters
2025-01-19 13:19:56,360 - INFO - CTCX: 1h change of 22.95%
2025-01-19 13:19:56,446 - INFO - Retrieved article length: 5689 characters
2025-01-19 13:19:56,450 - INFO - CTCX: 1wk change of 218.89%
2025-01-19 13:19:56,532 - INFO - CTAS: 1h change of 1.69%
2025-01-19 13:19:56,537 - INFO - CTCX: 1mo change of 110.84%
2025-01-19 13:19:56,644 - INFO - CTAS: 1wk change of 6.70%
2025-01-19 13:19:56,766 - INFO - CTAS: 1mo change of -4.80%
2025-01-19 13:19:57,267 - INFO - Processing CTAS - 2025-01-13 17:23:55 UTC
2025-01-19 13:19:58,148 - INFO - Processing CTHR - 2024-12-12 00:10:00 UTC
2025-01-19 13:19:58,407 - INFO - Retrieved article length: 6349 characters
2025-01-19 13:19:58,415 - INFO - CTAS: 1h change of 1.69%
2025-01-19 13:19:58,462 - INFO - CTAS: 1wk change of 6.70%
2025-01-19 13:19:58,509 - INFO - CTAS: 1mo change of -4.80%
2025-01-19 13:19:59,568 - INFO - Retrieved article length: 6147 characters
2025-01-19 13:19:59,666 - INFO - CTHR: 1h change of 43.26%
2025-01-19 13:19:59,756 - INFO - CTHR: 1wk change of 19.83%
2025-01-19 13:19:59,884 - INFO - CTHR: 1mo change of 15.04%
2025-01-19 13:20:00,126 - INFO - Processing CTKB - 2025-01-15 16:00:00 UTC
2025-01-19 13:20:00,386 - INFO - Processing CTHR - 2024-11-28 00:30:00 UTC
2025-01-19 13:20:01,419 - INFO - Retrieved article length: 9236 characters
2025-01-19 13:20:01,509 - INFO - CTKB: 1h change of -22.01%
2025-01-19 13:20:01,593 - INFO - CTKB: 1wk change of -19.59%
2025-01-19 13:20:01,675 - INFO - CTKB: 1mo change of -16.77%
2025-01-19 13:20:01,796 - INFO - Retrieved article length: 4852 characters
2025-01-19 13:20:01,890 - INFO - CTHR: 1h change of -8.59%
2025-01-19 13:20:01,980 - INFO - CTHR: 1wk change of -9.30%
2025-01-19 13:20:02,126 - INFO - CTHR: 1mo change of 7.26%
2025-01-19 13:20:02,177 - INFO - Processing CTKB - 2025-01-02 16:00:00 UTC
2025-01-19 13:20:02,627 - INFO - Processing CTHR - 2024-11-15 00:00:00 UTC
2025-01-19 13:20:03,555 - INFO - Retrieved article length: 3264 characters
2025-01-19 13:20:03,643 - INFO - CTKB: 1h change of 2.71%
2025-01-19 13:20:03,726 - INFO - CTKB: 1wk change of 5.57%
2025-01-19 13:20:03,816 - INFO - CTKB: 1mo change of -16.39%
2025-01-19 13:20:04,017 - INFO - Retrieved article length: 6644 characters
2025-01-19 13:20:04,105 - INFO - CTHR: 1h change of -10.89%
2025-01-19 13:20:04,317 - INFO - Processing CTKB - 2024-12-30 16:31:30 UTC
2025-01-19 13:20:04,436 - INFO - CTHR: 1mo change of -14.38%
2025-01-19 13:20:05,552 - INFO - Retrieved article length: 490 characters
2025-01-19 13:20:05,640 - INFO - CTKB: 1h change of -4.07%
2025-01-19 13:20:05,742 - INFO - CTKB: 1wk change of 8.07%
2025-01-19 13:20:05,827 - INFO - CTKB: 1mo change of -18.39%
2025-01-19 13:20:06,059 - INFO - Processing CTLT - 2025-01-19 13:11:59 UTC
2025-01-19 13:20:06,328 - INFO - Processing CTKB - 2024-12-30 16:00:00 UTC
2025-01-19 13:20:07,511 - INFO - Retrieved article length: 1187 characters
2025-01-19 13:20:07,572 - INFO - Retrieved article length: 6544 characters
2025-01-19 13:20:07,581 - INFO - CTKB: 1h change of -4.07%
2025-01-19 13:20:07,587 - INFO - CTKB: 1wk change of 8.07%
2025-01-19 13:20:07,606 - ERROR - CTLT: No price data found, symbol may be delisted (1h 2025-01-17 -> 2025-01-21)
2025-01-19 13:20:07,635 - INFO - CTKB: 1mo change of -18.39%
2025-01-19 13:20:07,683 - ERROR - CTLT: No price data found, symbol may be delisted (1d 2025-01-09 -> 2025-01-29)
2025-01-19 13:20:08,136 - INFO - Processing CTKB - 2024-11-21 00:05:00 UTC
2025-01-19 13:20:08,270 - INFO - Processing CTLT - 2025-01-19 13:10:25 UTC
2025-01-19 13:20:09,335 - INFO - Retrieved article length: 3296 characters
2025-01-19 13:20:09,425 - INFO - CTKB: 1h change of 8.26%
2025-01-19 13:20:09,510 - INFO - CTKB: 1wk change of -8.67%
2025-01-19 13:20:09,546 - INFO - Retrieved article length: 2995 characters
2025-01-19 13:20:09,589 - ERROR - CTLT: No price data found, symbol may be delisted (1h 2025-01-17 -> 2025-01-21)
2025-01-19 13:20:09,593 - INFO - CTKB: 1mo change of 26.26%
2025-01-19 13:20:09,632 - ERROR - CTLT: No price data found, symbol may be delisted (1d 2025-01-09 -> 2025-01-29)
2025-01-19 13:20:10,095 - INFO - Processing CTKB - 2024-11-20 01:00:00 UTC
2025-01-19 13:20:10,179 - INFO - Processing CTLT - 2025-01-19 13:10:09 UTC
2025-01-19 13:20:11,366 - INFO - Retrieved article length: 6857 characters
2025-01-19 13:20:11,508 - INFO - CTKB: 1h change of 6.69%
2025-01-19 13:20:11,593 - INFO - CTKB: 1wk change of -8.67%
2025-01-19 13:20:11,651 - INFO - Retrieved article length: 5085 characters
2025-01-19 13:20:11,684 - INFO - CTKB: 1mo change of 21.08%
2025-01-19 13:20:11,692 - ERROR - CTLT: No price data found, symbol may be delisted (1h 2025-01-17 -> 2025-01-21)
2025-01-19 13:20:11,737 - ERROR - CTLT: No price data found, symbol may be delisted (1d 2025-01-09 -> 2025-01-29)
2025-01-19 13:20:12,184 - INFO - Processing CTKB - 2024-11-08 01:00:00 UTC
2025-01-19 13:20:12,285 - INFO - Processing CTLT - 2025-01-19 13:10:00 UTC
2025-01-19 13:20:13,374 - INFO - Retrieved article length: 9339 characters
2025-01-19 13:20:13,429 - ERROR - Error fetching article content: ('Connection broken: IncompleteRead(1 bytes read, 1 more expected)', IncompleteRead(1 bytes read, 1 more expected))
2025-01-19 13:20:13,470 - ERROR - CTLT: No price data found, symbol may be delisted (1h 2025-01-17 -> 2025-01-21)
2025-01-19 13:20:13,512 - ERROR - CTLT: No price data found, symbol may be delisted (1d 2025-01-09 -> 2025-01-29)
2025-01-19 13:20:13,564 - INFO - CTKB: 1wk change of 23.70%
2025-01-19 13:20:13,699 - INFO - CTKB: 1mo change of 27.87%
2025-01-19 13:20:14,059 - INFO - Processing CTLT - 2025-01-19 13:09:21 UTC
2025-01-19 13:20:14,200 - INFO - Processing CTKB - 2024-11-07 16:00:19 UTC
2025-01-19 13:20:15,270 - INFO - Retrieved article length: 1971 characters
2025-01-19 13:20:15,312 - ERROR - CTLT: No price data found, symbol may be delisted (1h 2025-01-17 -> 2025-01-21)
2025-01-19 13:20:15,353 - ERROR - CTLT: No price data found, symbol may be delisted (1d 2025-01-09 -> 2025-01-29)
2025-01-19 13:20:15,441 - INFO - Retrieved article length: 2042 characters
2025-01-19 13:20:15,530 - INFO - CTKB: 1h change of 35.12%
2025-01-19 13:20:15,614 - INFO - CTKB: 1wk change of 21.68%
2025-01-19 13:20:15,702 - INFO - CTKB: 1mo change of 27.63%
2025-01-19 13:20:15,902 - INFO - Processing CTLT - 2025-01-19 13:09:09 UTC
2025-01-19 13:20:17,218 - INFO - Retrieved article length: 2146 characters
2025-01-19 13:20:17,260 - ERROR - CTLT: No price data found, symbol may be delisted (1h 2025-01-17 -> 2025-01-21)
2025-01-19 13:20:17,301 - ERROR - CTLT: No price data found, symbol may be delisted (1d 2025-01-09 -> 2025-01-29)
2025-01-19 13:20:17,366 - INFO - Processing CTM - 2025-01-14 14:45:00 UTC
2025-01-19 13:20:17,854 - INFO - Processing CTLT - 2025-01-19 13:08:45 UTC
2025-01-19 13:20:18,517 - INFO - Retrieved article length: 6390 characters
2025-01-19 13:20:18,616 - INFO - CTM: 1h change of 20.88%
2025-01-19 13:20:18,699 - INFO - CTM: 1wk change of -24.49%
2025-01-19 13:20:18,785 - INFO - CTM: 1mo change of 245.79%
2025-01-19 13:20:19,059 - INFO - Retrieved article length: 9774 characters
2025-01-19 13:20:19,139 - ERROR - CTLT: No price data found, symbol may be delisted (1h 2025-01-17 -> 2025-01-21)
2025-01-19 13:20:19,227 - ERROR - CTLT: No price data found, symbol may be delisted (1d 2025-01-09 -> 2025-01-29)
2025-01-19 13:20:19,286 - INFO - Processing CTM - 2025-01-08 14:45:00 UTC
2025-01-19 13:20:19,810 - INFO - Processing CTLT - 2025-01-19 13:08:18 UTC
2025-01-19 13:20:20,618 - INFO - Retrieved article length: 7114 characters
2025-01-19 13:20:20,706 - INFO - CTM: 1h change of -33.52%
2025-01-19 13:20:20,791 - INFO - CTM: 1wk change of -56.98%
2025-01-19 13:20:20,931 - INFO - CTM: 1mo change of 299.28%
2025-01-19 13:20:21,063 - INFO - Retrieved article length: 10461 characters
2025-01-19 13:20:21,104 - ERROR - CTLT: No price data found, symbol may be delisted (1h 2025-01-17 -> 2025-01-21)
2025-01-19 13:20:21,146 - ERROR - CTLT: No price data found, symbol may be delisted (1d 2025-01-09 -> 2025-01-29)
2025-01-19 13:20:21,432 - INFO - Processing CTM - 2024-12-27 17:00:00 UTC
2025-01-19 13:20:22,706 - INFO - Retrieved article length: 5982 characters
2025-01-19 13:20:22,792 - INFO - CTM: 1h change of 87.11%
2025-01-19 13:20:22,868 - INFO - Processing CTMX - 2025-01-13 19:43:00 UTC
2025-01-19 13:20:22,881 - INFO - CTM: 1wk change of 471.92%
2025-01-19 13:20:22,964 - INFO - CTM: 1mo change of 598.11%
2025-01-19 13:20:23,465 - INFO - Processing CTM - 2024-12-27 04:00:00 UTC
2025-01-19 13:20:24,072 - INFO - Retrieved article length: 5406 characters
2025-01-19 13:20:24,161 - INFO - CTMX: 1h change of -2.54%
2025-01-19 13:20:24,247 - INFO - CTMX: 1wk change of -25.66%
2025-01-19 13:20:24,329 - INFO - CTMX: 1mo change of -33.33%
2025-01-19 13:20:24,737 - INFO - Retrieved article length: 5716 characters
2025-01-19 13:20:24,745 - INFO - CTM: 1h change of 87.11%
2025-01-19 13:20:24,751 - INFO - CTM: 1wk change of 471.92%
2025-01-19 13:20:24,802 - INFO - CTM: 1mo change of 598.11%
2025-01-19 13:20:24,830 - INFO - Processing CTMX - 2025-01-08 16:00:00 UTC
2025-01-19 13:20:25,303 - INFO - Processing CTM - 2024-12-23 14:50:00 UTC
2025-01-19 13:20:26,030 - INFO - Retrieved article length: 3014 characters
2025-01-19 13:20:26,116 - INFO - CTMX: 1h change of -15.27%
2025-01-19 13:20:26,205 - INFO - CTMX: 1wk change of -18.05%
2025-01-19 13:20:26,293 - INFO - CTMX: 1mo change of -34.88%
2025-01-19 13:20:26,587 - INFO - Retrieved article length: 5595 characters
2025-01-19 13:20:26,689 - INFO - CTM: 1h change of 27.33%
2025-01-19 13:20:26,775 - INFO - CTM: 1wk change of 657.58%
2025-01-19 13:20:26,793 - INFO - Processing CTMX - 2025-01-07 20:00:13 UTC
2025-01-19 13:20:26,863 - INFO - CTM: 1mo change of 564.67%
2025-01-19 13:20:27,363 - INFO - Processing CTM - 2024-12-23 14:45:00 UTC
2025-01-19 13:20:27,938 - INFO - Retrieved article length: 4632 characters
2025-01-19 13:20:28,027 - INFO - CTMX: 1h change of -15.27%
2025-01-19 13:20:28,111 - INFO - CTMX: 1wk change of -17.37%
2025-01-19 13:20:28,197 - INFO - CTMX: 1mo change of -31.71%
2025-01-19 13:20:28,518 - INFO - Retrieved article length: 6126 characters
2025-01-19 13:20:28,527 - INFO - CTM: 1h change of 27.33%
2025-01-19 13:20:28,533 - INFO - CTM: 1wk change of 657.58%
2025-01-19 13:20:28,582 - INFO - CTM: 1mo change of 564.67%
2025-01-19 13:20:28,697 - INFO - Processing CTMX - 2025-01-07 16:43:35 UTC
2025-01-19 13:20:29,083 - INFO - Processing CTM - 2024-11-04 14:45:00 UTC
2025-01-19 13:20:29,900 - INFO - Retrieved article length: 515 characters
2025-01-19 13:20:29,909 - INFO - CTMX: 1h change of -15.27%
2025-01-19 13:20:29,916 - INFO - CTMX: 1wk change of -17.37%
2025-01-19 13:20:29,963 - INFO - CTMX: 1mo change of -31.71%
2025-01-19 13:20:30,220 - INFO - Retrieved article length: 5542 characters
2025-01-19 13:20:30,308 - INFO - CTM: 1h change of -9.38%
2025-01-19 13:20:30,395 - INFO - CTM: 1wk change of -1.23%
2025-01-19 13:20:30,464 - INFO - Processing CTMX - 2025-01-07 00:05:00 UTC
2025-01-19 13:20:30,478 - INFO - CTM: 1mo change of 71.43%
2025-01-19 13:20:31,617 - INFO - Retrieved article length: 12466 characters
2025-01-19 13:20:31,625 - INFO - CTMX: 1h change of -15.27%
2025-01-19 13:20:31,632 - INFO - CTMX: 1wk change of -17.37%
2025-01-19 13:20:31,678 - INFO - CTMX: 1mo change of -31.71%
2025-01-19 13:20:32,139 - INFO - Processing CTNT - 2024-12-03 13:08:30 UTC
2025-01-19 13:20:32,179 - INFO - Processing CTMX - 2025-01-06 16:59:00 UTC
2025-01-19 13:20:33,412 - INFO - Retrieved article length: 496 characters
2025-01-19 13:20:33,450 - INFO - Retrieved article length: 6795 characters
2025-01-19 13:20:33,511 - INFO - CTNT: 1h change of 89.23%
2025-01-19 13:20:33,598 - INFO - CTMX: 1h change of -10.57%
2025-01-19 13:20:33,608 - INFO - CTNT: 1wk change of 85.34%
2025-01-19 13:20:33,695 - INFO - CTNT: 1mo change of 2.31%
2025-01-19 13:20:33,697 - INFO - CTMX: 1wk change of -19.81%
2025-01-19 13:20:33,832 - INFO - CTMX: 1mo change of -22.94%
2025-01-19 13:20:34,196 - INFO - Processing CTNT - 2024-12-03 06:10:00 UTC
2025-01-19 13:20:34,334 - INFO - Processing CTMX - 2025-01-03 21:28:00 UTC
2025-01-19 13:20:35,420 - INFO - Retrieved article length: 3945 characters
2025-01-19 13:20:35,428 - INFO - CTNT: 1h change of 89.23%
2025-01-19 13:20:35,433 - INFO - CTNT: 1wk change of 85.34%
2025-01-19 13:20:35,440 - INFO - CTNT: 1mo change of 2.31%
2025-01-19 13:20:35,446 - INFO - Retrieved article length: 4303 characters
2025-01-19 13:20:35,533 - INFO - CTMX: 1h change of 6.16%
2025-01-19 13:20:35,619 - INFO - CTMX: 1wk change of -17.76%
2025-01-19 13:20:35,706 - INFO - CTMX: 1mo change of -20.75%
2025-01-19 13:20:35,941 - INFO - Processing CTNT - 2024-11-16 16:41:38 UTC
2025-01-19 13:20:36,207 - INFO - Processing CTMX - 2025-01-03 18:56:00 UTC
2025-01-19 13:20:37,117 - INFO - Retrieved article length: 2070 characters
2025-01-19 13:20:37,203 - INFO - CTNT: 1h change of 4.59%
2025-01-19 13:20:37,301 - INFO - CTNT: 1wk change of -21.40%
2025-01-19 13:20:37,390 - INFO - CTNT: 1mo change of -7.41%
2025-01-19 13:20:37,460 - INFO - Retrieved article length: 5579 characters
2025-01-19 13:20:37,469 - INFO - CTMX: 1h change of 6.16%
2025-01-19 13:20:37,475 - INFO - CTMX: 1wk change of -17.76%
2025-01-19 13:20:37,522 - INFO - CTMX: 1mo change of -20.75%
2025-01-19 13:20:37,891 - INFO - Processing CTNT - 2024-11-14 01:12:00 UTC
2025-01-19 13:20:39,135 - INFO - Processing CTOR - 2025-01-07 16:08:00 UTC
2025-01-19 13:20:39,178 - INFO - Retrieved article length: 16082 characters
2025-01-19 13:20:39,273 - INFO - CTNT: 1h change of -18.65%
2025-01-19 13:20:39,362 - INFO - CTNT: 1wk change of -26.48%
2025-01-19 13:20:39,447 - INFO - CTNT: 1mo change of 2.68%
2025-01-19 13:20:40,346 - INFO - Retrieved article length: 17231 characters
2025-01-19 13:20:40,438 - INFO - CTOR: 1h change of -21.71%
2025-01-19 13:20:40,530 - INFO - CTOR: 1wk change of 17.86%
2025-01-19 13:20:40,619 - INFO - CTOR: 1mo change of -13.01%
2025-01-19 13:20:41,105 - INFO - Processing CTOS - 2025-01-18 15:51:31 UTC
2025-01-19 13:20:41,120 - INFO - Processing CTOR - 2025-01-07 15:57:28 UTC
2025-01-19 13:20:42,155 - INFO - Retrieved article length: 3853 characters
2025-01-19 13:20:42,248 - INFO - CTOS: 1h change of 3.82%
2025-01-19 13:20:42,312 - INFO - Retrieved article length: 1666 characters
2025-01-19 13:20:42,321 - INFO - CTOR: 1h change of -21.71%
2025-01-19 13:20:42,327 - INFO - CTOR: 1wk change of 17.86%
2025-01-19 13:20:42,349 - INFO - CTOS: 1wk change of 5.78%
2025-01-19 13:20:42,374 - INFO - CTOR: 1mo change of -13.01%
2025-01-19 13:20:42,435 - INFO - CTOS: 1mo change of -9.16%
2025-01-19 13:20:42,875 - INFO - Processing CTOR - 2025-01-06 15:50:00 UTC
2025-01-19 13:20:42,936 - INFO - Processing CTOS - 2024-11-30 16:45:27 UTC
2025-01-19 13:20:44,100 - INFO - Retrieved article length: 4451 characters
2025-01-19 13:20:44,193 - INFO - CTOS: 1h change of -1.16%
2025-01-19 13:20:44,237 - INFO - Retrieved article length: 8986 characters
2025-01-19 13:20:44,297 - INFO - CTOS: 1wk change of 7.53%
2025-01-19 13:20:44,325 - INFO - CTOR: 1h change of -10.53%
2025-01-19 13:20:44,387 - INFO - CTOS: 1mo change of 36.80%
2025-01-19 13:20:44,407 - INFO - CTOR: 1wk change of 10.58%
2025-01-19 13:20:44,493 - INFO - CTOR: 1mo change of 24.51%
2025-01-19 13:20:44,888 - INFO - Processing CTOS - 2024-11-22 00:10:00 UTC
2025-01-19 13:20:44,994 - INFO - Processing CTOR - 2024-12-31 15:10:25 UTC
2025-01-19 13:20:46,175 - INFO - Retrieved article length: 1989 characters
2025-01-19 13:20:46,234 - INFO - Retrieved article length: 1611 characters
2025-01-19 13:20:46,269 - INFO - CTOS: 1h change of 13.96%
2025-01-19 13:20:46,323 - INFO - CTOR: 1h change of 8.32%
2025-01-19 13:20:46,353 - INFO - CTOS: 1wk change of 19.84%
2025-01-19 13:20:46,414 - INFO - CTOR: 1wk change of 20.41%
2025-01-19 13:20:46,436 - INFO - CTOS: 1mo change of 45.10%
2025-01-19 13:20:46,498 - INFO - CTOR: 1mo change of 27.51%
2025-01-19 13:20:46,938 - INFO - Processing CTOS - 2024-11-03 16:41:16 UTC
2025-01-19 13:20:46,999 - INFO - Processing CTOR - 2024-12-28 01:00:00 UTC
2025-01-19 13:20:48,136 - INFO - Retrieved article length: 2021 characters
2025-01-19 13:20:48,226 - INFO - CTOS: 1h change of -1.20%
2025-01-19 13:20:48,321 - INFO - CTOS: 1wk change of 55.94%
2025-01-19 13:20:48,412 - INFO - CTOS: 1mo change of 64.93%
2025-01-19 13:20:48,522 - INFO - Retrieved article length: 16797 characters
2025-01-19 13:20:48,617 - INFO - CTOR: 1h change of 11.83%
2025-01-19 13:20:48,705 - INFO - CTOR: 1wk change of 54.00%
2025-01-19 13:20:48,787 - INFO - CTOR: 1mo change of 49.41%
2025-01-19 13:20:48,914 - INFO - Processing CTOS - 2024-11-01 13:05:55 UTC
2025-01-19 13:20:49,288 - INFO - Processing CTOR - 2024-12-28 01:00:00 UTC
2025-01-19 13:20:50,169 - INFO - Retrieved article length: 7882 characters
2025-01-19 13:20:50,309 - INFO - CTOS: 1h change of 7.61%
2025-01-19 13:20:50,398 - INFO - CTOS: 1wk change of 52.12%
2025-01-19 13:20:50,545 - INFO - CTOS: 1mo change of 60.00%
2025-01-19 13:20:50,562 - INFO - Retrieved article length: 14217 characters
2025-01-19 13:20:50,570 - INFO - CTOR: 1h change of 11.83%
2025-01-19 13:20:50,577 - INFO - CTOR: 1wk change of 54.00%
2025-01-19 13:20:50,623 - INFO - CTOR: 1mo change of 49.41%
2025-01-19 13:20:51,046 - INFO - Processing CTOS - 2024-10-31 13:01:59 UTC
2025-01-19 13:20:51,125 - INFO - Processing CTOR - 2024-11-28 14:04:37 UTC
2025-01-19 13:20:52,277 - INFO - Retrieved article length: 7551 characters
2025-01-19 13:20:52,339 - INFO - Retrieved article length: 4092 characters
2025-01-19 13:20:52,366 - INFO - CTOS: 1h change of 13.36%
2025-01-19 13:20:52,440 - INFO - CTOR: 1h change of 7.46%
2025-01-19 13:20:52,453 - INFO - CTOS: 1wk change of 53.05%
2025-01-19 13:20:52,531 - INFO - CTOR: 1wk change of 48.45%
2025-01-19 13:20:52,537 - INFO - CTOS: 1mo change of 60.06%
2025-01-19 13:20:52,616 - INFO - CTOR: 1mo change of -4.56%
2025-01-19 13:20:53,038 - INFO - Processing CTOS - 2024-10-30 23:15:00 UTC
2025-01-19 13:20:54,237 - INFO - Processing CTRA - 2025-01-13 22:15:00 UTC
2025-01-19 13:20:54,786 - INFO - Retrieved article length: 43983 characters
2025-01-19 13:20:54,873 - INFO - CTOS: 1h change of 21.51%
2025-01-19 13:20:54,961 - INFO - CTOS: 1wk change of 53.05%
2025-01-19 13:20:55,063 - INFO - CTOS: 1mo change of 64.77%
2025-01-19 13:20:55,507 - INFO - Retrieved article length: 132 characters
2025-01-19 13:20:55,593 - INFO - CTRA: 1h change of 1.05%
2025-01-19 13:20:55,733 - INFO - CTRA: 1wk change of 12.31%
2025-01-19 13:20:55,853 - INFO - CTRA: 1mo change of 18.54%
2025-01-19 13:20:56,354 - INFO - Processing CTRA - 2025-01-13 14:03:55 UTC
2025-01-19 13:20:56,737 - INFO - Processing CTRE - 2025-01-06 14:01:00 UTC
2025-01-19 13:20:57,593 - INFO - Retrieved article length: 6529 characters
2025-01-19 13:20:57,602 - INFO - CTRA: 1h change of 1.05%
2025-01-19 13:20:57,649 - INFO - CTRA: 1wk change of 12.31%
2025-01-19 13:20:57,696 - INFO - CTRA: 1mo change of 18.54%
2025-01-19 13:20:57,994 - INFO - Retrieved article length: 8487 characters
2025-01-19 13:20:58,087 - INFO - CTRE: 1h change of -1.60%
2025-01-19 13:20:58,197 - INFO - Processing CTRA - 2025-01-06 16:00:00 UTC
2025-01-19 13:20:58,284 - INFO - CTRE: 1mo change of -7.36%
2025-01-19 13:20:58,784 - INFO - Processing CTRE - 2025-01-02 18:40:40 UTC
2025-01-19 13:20:59,452 - INFO - Retrieved article length: 4094 characters
2025-01-19 13:20:59,543 - INFO - CTRA: 1h change of -1.45%
2025-01-19 13:20:59,669 - INFO - CTRA: 1wk change of 17.94%
2025-01-19 13:20:59,788 - INFO - CTRA: 1mo change of 12.96%
2025-01-19 13:21:00,080 - INFO - Retrieved article length: 1629 characters
2025-01-19 13:21:00,263 - INFO - CTRE: 1wk change of -3.14%
2025-01-19 13:21:00,289 - INFO - Processing CTRA - 2024-12-31 14:12:59 UTC
2025-01-19 13:21:00,356 - INFO - CTRE: 1mo change of -9.29%
2025-01-19 13:21:00,857 - INFO - Processing CTRE - 2025-01-02 14:00:00 UTC
2025-01-19 13:21:02,105 - INFO - Retrieved article length: 5235 characters
2025-01-19 13:21:02,121 - INFO - CTRE: 1wk change of -3.14%
2025-01-19 13:21:02,187 - INFO - CTRE: 1mo change of -9.29%
2025-01-19 13:21:02,391 - INFO - Retrieved article length: 2691 characters
2025-01-19 13:21:02,497 - INFO - CTRA: 1h change of 1.67%
2025-01-19 13:21:02,688 - INFO - Processing CTRE - 2025-01-02 14:00:00 UTC
2025-01-19 13:21:02,696 - INFO - CTRA: 1wk change of 12.84%
2025-01-19 13:21:02,864 - INFO - CTRA: 1mo change of 10.04%
2025-01-19 13:21:03,365 - INFO - Processing CTRA - 2024-12-18 23:13:25 UTC
2025-01-19 13:21:04,039 - INFO - Retrieved article length: 2753 characters
2025-01-19 13:21:04,057 - INFO - CTRE: 1wk change of -3.14%
2025-01-19 13:21:04,105 - INFO - CTRE: 1mo change of -9.29%
2025-01-19 13:21:04,605 - INFO - Processing CTRE - 2024-12-27 17:35:04 UTC
2025-01-19 13:21:04,703 - INFO - Retrieved article length: 8025 characters
2025-01-19 13:21:04,839 - INFO - CTRA: 1h change of -5.62%
2025-01-19 13:21:05,077 - INFO - CTRA: 1mo change of 16.02%
2025-01-19 13:21:05,578 - INFO - Processing CTRA - 2024-12-13 18:03:56 UTC
2025-01-19 13:21:06,612 - INFO - Retrieved article length: 3023 characters
2025-01-19 13:21:06,702 - INFO - CTRE: 1h change of -1.17%
2025-01-19 13:21:06,793 - INFO - CTRE: 1wk change of -5.25%
2025-01-19 13:21:06,888 - INFO - CTRE: 1mo change of -10.82%
2025-01-19 13:21:07,389 - INFO - Processing CTRE - 2024-12-19 15:00:00 UTC
2025-01-19 13:21:07,648 - INFO - Retrieved article length: 6661 characters
2025-01-19 13:21:07,868 - INFO - CTRA: 1wk change of -9.51%
2025-01-19 13:21:07,986 - INFO - CTRA: 1mo change of 22.36%
2025-01-19 13:21:08,488 - INFO - Processing CTRA - 2024-12-11 01:27:10 UTC
2025-01-19 13:21:08,671 - INFO - Retrieved article length: 6896 characters
2025-01-19 13:21:08,760 - INFO - CTRE: 1h change of -4.07%
2025-01-19 13:21:08,852 - INFO - CTRE: 1wk change of -6.17%
2025-01-19 13:21:08,951 - INFO - CTRE: 1mo change of -9.71%
2025-01-19 13:21:09,453 - INFO - Processing CTRE - 2024-12-17 00:15:00 UTC
2025-01-19 13:21:09,702 - INFO - Retrieved article length: 7062 characters
2025-01-19 13:21:09,789 - INFO - CTRA: 1h change of 1.79%
2025-01-19 13:21:09,903 - INFO - CTRA: 1wk change of -9.24%
2025-01-19 13:21:10,018 - INFO - CTRA: 1mo change of 18.53%
2025-01-19 13:21:10,519 - INFO - Processing CTRA - 2024-12-04 02:35:00 UTC
2025-01-19 13:21:10,797 - INFO - Retrieved article length: 1348 characters
2025-01-19 13:21:10,892 - INFO - CTRE: 1h change of -4.64%
2025-01-19 13:21:10,987 - INFO - CTRE: 1wk change of -4.89%
2025-01-19 13:21:11,081 - INFO - CTRE: 1mo change of -12.18%
2025-01-19 13:21:11,582 - INFO - Processing CTRE - 2024-12-11 17:35:04 UTC
2025-01-19 13:21:11,752 - INFO - Retrieved article length: 6247 characters
2025-01-19 13:21:11,844 - INFO - CTRA: 1h change of -1.69%
2025-01-19 13:21:11,963 - INFO - CTRA: 1wk change of -6.15%
2025-01-19 13:21:12,085 - INFO - CTRA: 1mo change of 10.14%
2025-01-19 13:21:12,865 - INFO - Retrieved article length: 2944 characters
2025-01-19 13:21:12,958 - INFO - CTRE: 1h change of -1.44%
2025-01-19 13:21:13,112 - INFO - CTRE: 1wk change of -6.21%
2025-01-19 13:21:13,210 - INFO - CTRE: 1mo change of -8.88%
2025-01-19 13:21:13,700 - INFO - Processing CTRM - 2024-12-19 17:00:00 UTC
2025-01-19 13:21:14,831 - INFO - Processing CTSH - 2025-01-17 08:01:00 UTC
2025-01-19 13:21:15,095 - INFO - Retrieved article length: 9055 characters
2025-01-19 13:21:15,188 - INFO - CTRM: 1h change of -1.52%
2025-01-19 13:21:15,281 - INFO - CTRM: 1wk change of -16.18%
2025-01-19 13:21:15,366 - INFO - CTRM: 1mo change of -25.27%
2025-01-19 13:21:15,866 - INFO - Processing CTRM - 2024-12-17 17:00:00 UTC
2025-01-19 13:21:16,006 - INFO - Retrieved article length: 9025 characters
2025-01-19 13:21:16,191 - INFO - CTSH: 1wk change of 2.90%
2025-01-19 13:21:16,295 - INFO - CTSH: 1mo change of -2.81%
2025-01-19 13:21:16,796 - INFO - Processing CTSH - 2025-01-16 08:01:00 UTC
2025-01-19 13:21:17,285 - INFO - Retrieved article length: 9968 characters
2025-01-19 13:21:17,380 - INFO - CTRM: 1h change of 4.10%
2025-01-19 13:21:17,467 - INFO - CTRM: 1wk change of -15.31%
2025-01-19 13:21:17,551 - INFO - CTRM: 1mo change of -25.27%
2025-01-19 13:21:17,988 - INFO - Retrieved article length: 7315 characters
2025-01-19 13:21:18,052 - INFO - Processing CTRM - 2024-12-12 17:05:00 UTC
2025-01-19 13:21:18,184 - INFO - CTSH: 1wk change of 2.50%
2025-01-19 13:21:18,275 - INFO - CTSH: 1mo change of -3.19%
2025-01-19 13:21:18,776 - INFO - Processing CTSH - 2025-01-15 16:00:00 UTC
2025-01-19 13:21:19,310 - INFO - Retrieved article length: 11248 characters
2025-01-19 13:21:19,405 - INFO - CTRM: 1h change of -10.87%
2025-01-19 13:21:19,492 - INFO - CTRM: 1wk change of -17.63%
2025-01-19 13:21:19,578 - INFO - CTRM: 1mo change of -26.67%
2025-01-19 13:21:20,021 - INFO - Retrieved article length: 2179 characters
2025-01-19 13:21:20,079 - INFO - Processing CTRM - 2024-12-02 17:00:00 UTC
2025-01-19 13:21:20,106 - INFO - CTSH: 1h change of 2.25%
2025-01-19 13:21:20,204 - INFO - CTSH: 1wk change of 2.50%
2025-01-19 13:21:20,309 - INFO - CTSH: 1mo change of -4.23%
2025-01-19 13:21:20,811 - INFO - Processing CTSH - 2025-01-13 18:00:00 UTC
2025-01-19 13:21:21,239 - INFO - Retrieved article length: 8642 characters
2025-01-19 13:21:21,339 - INFO - CTRM: 1h change of -4.43%
2025-01-19 13:21:21,430 - INFO - CTRM: 1wk change of -5.32%
2025-01-19 13:21:21,525 - INFO - CTRM: 1mo change of -28.50%
2025-01-19 13:21:22,026 - INFO - Processing CTRM - 2024-11-07 17:00:00 UTC
2025-01-19 13:21:22,075 - INFO - Retrieved article length: 6446 characters
2025-01-19 13:21:22,166 - INFO - CTSH: 1h change of 1.94%
2025-01-19 13:21:22,259 - INFO - CTSH: 1wk change of 1.87%
2025-01-19 13:21:22,358 - INFO - CTSH: 1mo change of -3.51%
2025-01-19 13:21:22,859 - INFO - Processing CTSH - 2025-01-10 19:51:00 UTC
2025-01-19 13:21:23,551 - INFO - Retrieved article length: 39498 characters
2025-01-19 13:21:23,731 - INFO - CTRM: 1wk change of -11.50%
2025-01-19 13:21:23,817 - INFO - CTRM: 1mo change of -18.75%
2025-01-19 13:21:24,227 - INFO - Retrieved article length: 4448 characters
2025-01-19 13:21:24,442 - INFO - CTSH: 1wk change of 1.18%
2025-01-19 13:21:24,593 - INFO - CTSH: 1mo change of -4.12%
2025-01-19 13:21:25,094 - INFO - Processing CTSH - 2025-01-10 19:16:25 UTC
2025-01-19 13:21:25,477 - INFO - Processing CTSO - 2025-01-14 17:35:14 UTC
2025-01-19 13:21:26,342 - INFO - Retrieved article length: 538 characters
2025-01-19 13:21:26,402 - INFO - CTSH: 1wk change of 1.18%
2025-01-19 13:21:26,470 - INFO - CTSH: 1mo change of -4.12%
2025-01-19 13:21:26,686 - INFO - Retrieved article length: 2061 characters
2025-01-19 13:21:26,778 - INFO - CTSO: 1h change of 7.98%
2025-01-19 13:21:26,971 - INFO - Processing CTSH - 2025-01-08 16:00:00 UTC
2025-01-19 13:21:27,015 - INFO - CTSO: 1mo change of 18.12%
2025-01-19 13:21:27,516 - INFO - Processing CTSO - 2025-01-13 15:00:00 UTC
2025-01-19 13:21:28,277 - INFO - Retrieved article length: 4112 characters
2025-01-19 13:21:28,456 - INFO - CTSH: 1wk change of 1.38%
2025-01-19 13:21:28,548 - INFO - CTSH: 1mo change of -3.44%
2025-01-19 13:21:28,752 - INFO - Retrieved article length: 12595 characters
2025-01-19 13:21:28,840 - INFO - CTSO: 1h change of 4.04%
2025-01-19 13:21:28,923 - INFO - CTSO: 1wk change of 9.93%
2025-01-19 13:21:29,008 - INFO - CTSO: 1mo change of 17.05%
2025-01-19 13:21:29,049 - INFO - Processing CTSH - 2025-01-03 10:15:00 UTC
2025-01-19 13:21:29,510 - INFO - Processing CTSO - 2025-01-06 15:00:00 UTC
2025-01-19 13:21:30,325 - INFO - Retrieved article length: 12981 characters
2025-01-19 13:21:30,547 - INFO - CTSH: 1wk change of -5.25%
2025-01-19 13:21:30,646 - INFO - CTSH: 1mo change of -3.33%
2025-01-19 13:21:30,806 - INFO - Retrieved article length: 7976 characters
2025-01-19 13:21:30,903 - INFO - CTSO: 1h change of -9.42%
2025-01-19 13:21:30,989 - INFO - CTSO: 1wk change of 14.89%
2025-01-19 13:21:31,073 - INFO - CTSO: 1mo change of 3.00%
2025-01-19 13:21:31,575 - INFO - Processing CTSO - 2025-01-04 16:15:18 UTC
2025-01-19 13:21:32,306 - INFO - Processing CTV - 2025-01-13 23:09:28 UTC
2025-01-19 13:21:32,850 - INFO - Retrieved article length: 1504 characters
2025-01-19 13:21:33,022 - INFO - CTSO: 1wk change of 16.67%
2025-01-19 13:21:33,109 - INFO - CTSO: 1mo change of 3.00%
2025-01-19 13:21:33,610 - INFO - Processing CTSO - 2025-01-03 17:09:00 UTC
2025-01-19 13:21:33,760 - INFO - Retrieved article length: 7045 characters
2025-01-19 13:21:33,943 - INFO - CTV: 1wk change of 1.32%
2025-01-19 13:21:34,534 - INFO - Processing CTV - 2025-01-07 17:00:00 UTC
2025-01-19 13:21:34,864 - INFO - Retrieved article length: 2920 characters
2025-01-19 13:21:35,072 - INFO - CTSO: 1wk change of 5.04%
2025-01-19 13:21:35,165 - INFO - CTSO: 1mo change of 6.19%
2025-01-19 13:21:35,666 - INFO - Processing CTSO - 2025-01-03 15:00:00 UTC
2025-01-19 13:21:35,733 - INFO - Retrieved article length: 8183 characters
2025-01-19 13:21:36,001 - INFO - CTV: 1mo change of 1.32%
2025-01-19 13:21:36,502 - INFO - Processing CTV - 2024-12-25 17:40:13 UTC
2025-01-19 13:21:36,997 - INFO - Retrieved article length: 9251 characters
2025-01-19 13:21:37,013 - INFO - CTSO: 1wk change of 5.04%
2025-01-19 13:21:37,067 - INFO - CTSO: 1mo change of 6.19%
2025-01-19 13:21:37,568 - INFO - Processing CTSO - 2024-12-23 15:00:00 UTC
2025-01-19 13:21:37,999 - INFO - Retrieved article length: 3061 characters
2025-01-19 13:21:38,310 - INFO - CTV: 1mo change of 90.12%
2025-01-19 13:21:38,757 - INFO - Retrieved article length: 10414 characters
2025-01-19 13:21:38,812 - INFO - Processing CTV - 2024-12-18 20:00:10 UTC
2025-01-19 13:21:38,847 - INFO - CTSO: 1h change of -3.29%
2025-01-19 13:21:38,931 - INFO - CTSO: 1wk change of -9.90%
2025-01-19 13:21:39,017 - INFO - CTSO: 1mo change of 10.75%
2025-01-19 13:21:39,517 - INFO - Processing CTSO - 2024-12-12 15:00:00 UTC
2025-01-19 13:21:39,978 - INFO - Retrieved article length: 4524 characters
2025-01-19 13:21:40,314 - INFO - CTV: 1mo change of 70.17%
2025-01-19 13:21:40,760 - INFO - Retrieved article length: 6447 characters
2025-01-19 13:21:40,816 - INFO - Processing CTV - 2024-12-18 17:00:00 UTC
2025-01-19 13:21:40,856 - INFO - CTSO: 1h change of 11.99%
2025-01-19 13:21:40,942 - INFO - CTSO: 1wk change of -8.50%
2025-01-19 13:21:41,031 - INFO - CTSO: 1mo change of 19.60%
2025-01-19 13:21:42,065 - INFO - Retrieved article length: 6383 characters
2025-01-19 13:21:42,137 - INFO - CTV: 1mo change of 70.17%
2025-01-19 13:21:42,639 - INFO - Processing CTV - 2024-12-04 15:30:00 UTC
2025-01-19 13:21:42,716 - INFO - Processing CTVA - 2025-01-17 17:56:54 UTC
2025-01-19 13:21:43,920 - INFO - Retrieved article length: 520 characters
2025-01-19 13:21:43,926 - INFO - Retrieved article length: 6241 characters
2025-01-19 13:21:44,019 - INFO - CTVA: 1h change of 2.22%
2025-01-19 13:21:44,109 - INFO - CTVA: 1wk change of 9.28%
2025-01-19 13:21:44,181 - INFO - CTV: 1mo change of 55.38%
2025-01-19 13:21:44,197 - INFO - CTVA: 1mo change of 4.76%
2025-01-19 13:21:44,682 - INFO - Processing CTV - 2024-11-27 21:07:13 UTC
2025-01-19 13:21:44,698 - INFO - Processing CTVA - 2025-01-14 22:38:58 UTC
2025-01-19 13:21:45,839 - INFO - Retrieved article length: 2874 characters
2025-01-19 13:21:45,860 - INFO - Retrieved article length: 7687 characters
2025-01-19 13:21:45,932 - INFO - CTVA: 1h change of 3.37%
2025-01-19 13:21:46,022 - INFO - CTVA: 1wk change of 9.45%
2025-01-19 13:21:46,037 - INFO - CTV: 1wk change of 82.14%
2025-01-19 13:21:46,113 - INFO - CTVA: 1mo change of 4.88%
2025-01-19 13:21:46,121 - INFO - CTV: 1mo change of 69.78%
2025-01-19 13:21:46,613 - INFO - Processing CTVA - 2025-01-10 18:09:11 UTC
2025-01-19 13:21:46,621 - INFO - Processing CTV - 2024-11-26 03:09:16 UTC
2025-01-19 13:21:47,756 - INFO - Retrieved article length: 6949 characters
2025-01-19 13:21:47,805 - INFO - Retrieved article length: 505 characters
2025-01-19 13:21:47,903 - INFO - CTVA: 1h change of 1.05%
2025-01-19 13:21:47,934 - INFO - CTV: 1wk change of 82.74%
2025-01-19 13:21:48,021 - INFO - CTV: 1mo change of 68.85%
2025-01-19 13:21:48,026 - INFO - CTVA: 1wk change of 9.41%
2025-01-19 13:21:48,115 - INFO - CTVA: 1mo change of 4.76%
2025-01-19 13:21:48,617 - INFO - Processing CTVA - 2025-01-10 15:27:32 UTC
2025-01-19 13:21:49,729 - INFO - Processing CTXR - 2025-01-08 16:00:00 UTC
2025-01-19 13:21:49,863 - INFO - Retrieved article length: 516 characters
2025-01-19 13:21:49,878 - INFO - CTVA: 1h change of 1.05%
2025-01-19 13:21:49,931 - INFO - CTVA: 1wk change of 9.41%
2025-01-19 13:21:49,979 - INFO - CTVA: 1mo change of 4.76%
2025-01-19 13:21:50,480 - INFO - Processing CTVA - 2024-12-28 00:48:07 UTC
2025-01-19 13:21:51,001 - INFO - Retrieved article length: 7935 characters
2025-01-19 13:21:51,093 - INFO - CTXR: 1h change of -6.02%
2025-01-19 13:21:51,177 - INFO - CTXR: 1wk change of -15.60%
2025-01-19 13:21:51,263 - INFO - CTXR: 1mo change of -9.34%
2025-01-19 13:21:51,653 - INFO - Retrieved article length: 1305 characters
2025-01-19 13:21:51,765 - INFO - Processing CTXR - 2025-01-07 23:58:45 UTC
2025-01-19 13:21:51,923 - INFO - CTVA: 1mo change of -2.56%
2025-01-19 13:21:52,424 - INFO - Processing CTVA - 2024-12-21 16:00:00 UTC
2025-01-19 13:21:52,987 - INFO - Retrieved article length: 515 characters
2025-01-19 13:21:53,075 - INFO - CTXR: 1h change of -6.02%
2025-01-19 13:21:53,159 - INFO - CTXR: 1wk change of -16.62%
2025-01-19 13:21:53,248 - INFO - CTXR: 1mo change of -7.04%
2025-01-19 13:21:53,690 - INFO - Retrieved article length: 165 characters
2025-01-19 13:21:53,749 - INFO - Processing CTXR - 2025-01-07 23:34:21 UTC
2025-01-19 13:21:53,799 - INFO - CTVA: 1h change of 1.70%
2025-01-19 13:21:53,899 - INFO - CTVA: 1wk change of -5.39%
2025-01-19 13:21:53,991 - INFO - CTVA: 1mo change of 9.65%
2025-01-19 13:21:54,493 - INFO - Processing CTVA - 2024-12-19 15:22:08 UTC
2025-01-19 13:21:54,969 - INFO - Retrieved article length: 464 characters
2025-01-19 13:21:54,981 - INFO - CTXR: 1h change of -6.02%
2025-01-19 13:21:54,987 - INFO - CTXR: 1wk change of -16.62%
2025-01-19 13:21:55,037 - INFO - CTXR: 1mo change of -7.04%
2025-01-19 13:21:55,546 - INFO - Processing CTXR - 2025-01-07 21:54:26 UTC
2025-01-19 13:21:55,739 - INFO - Retrieved article length: 513 characters
2025-01-19 13:21:55,828 - INFO - CTVA: 1h change of -1.27%
2025-01-19 13:21:55,920 - INFO - CTVA: 1wk change of -4.18%
2025-01-19 13:21:56,012 - INFO - CTVA: 1mo change of 8.85%
2025-01-19 13:21:56,513 - INFO - Processing CTVA - 2024-12-18 17:19:26 UTC
2025-01-19 13:21:56,966 - INFO - Retrieved article length: 513 characters
2025-01-19 13:21:56,975 - INFO - CTXR: 1h change of -6.02%
2025-01-19 13:21:56,984 - INFO - CTXR: 1wk change of -16.62%
2025-01-19 13:21:57,030 - INFO - CTXR: 1mo change of -7.04%
2025-01-19 13:21:57,531 - INFO - Processing CTXR - 2025-01-07 16:08:00 UTC
2025-01-19 13:21:57,847 - INFO - Retrieved article length: 512 characters
2025-01-19 13:21:57,935 - INFO - CTVA: 1h change of -6.29%
2025-01-19 13:21:58,032 - INFO - CTVA: 1wk change of -4.18%
2025-01-19 13:21:58,125 - INFO - CTVA: 1mo change of 8.38%
2025-01-19 13:21:58,729 - INFO - Retrieved article length: 17231 characters
2025-01-19 13:21:58,738 - INFO - CTXR: 1h change of -6.02%
2025-01-19 13:21:58,748 - INFO - CTXR: 1wk change of -16.62%
2025-01-19 13:21:58,795 - INFO - CTXR: 1mo change of -7.04%
2025-01-19 13:21:59,296 - INFO - Processing CTXR - 2025-01-07 15:57:28 UTC
2025-01-19 13:22:00,411 - INFO - Retrieved article length: 1666 characters
2025-01-19 13:22:00,421 - INFO - CTXR: 1h change of -6.02%
2025-01-19 13:22:00,431 - INFO - CTXR: 1wk change of -16.62%
2025-01-19 13:22:00,485 - INFO - CTXR: 1mo change of -7.04%
2025-01-19 13:22:01,001 - INFO - Processing CTXR - 2025-01-07 00:02:51 UTC
2025-01-19 13:22:02,251 - INFO - Retrieved article length: 505 characters
2025-01-19 13:22:02,261 - INFO - CTXR: 1h change of -6.02%
2025-01-19 13:22:02,268 - INFO - CTXR: 1wk change of -16.62%
2025-01-19 13:22:02,317 - INFO - CTXR: 1mo change of -7.04%
2025-01-19 13:22:02,818 - INFO - Processing CTXR - 2025-01-06 16:50:49 UTC
2025-01-19 13:22:04,140 - INFO - Retrieved article length: 536 characters
2025-01-19 13:22:04,282 - INFO - CTXR: 1h change of 9.52%
2025-01-19 13:22:04,371 - INFO - CTXR: 1wk change of -7.61%
2025-01-19 13:22:04,455 - INFO - CTXR: 1mo change of 2.48%
