2025-01-19 15:12:45,411 - INFO - Starting new training session. Logging to: logs/training_20250119_151245.log
2025-01-19 15:12:45,415 - INFO - Starting new training session. Logging to: logs/training_20250119_151245.log
2025-01-19 15:12:45,437 - INFO - Starting new training session. Logging to: logs/training_20250119_151245.log
2025-01-19 15:12:45,444 - INFO - Starting new training session. Logging to: logs/training_20250119_151245.log
2025-01-19 15:12:45,939 - INFO - Processing ANEB - 2024-12-30 23:04:46 UTC
2025-01-19 15:12:45,989 - INFO - Processing ANET - 2025-01-18 16:20:56 UTC
2025-01-19 15:12:45,990 - INFO - Processing AN - 2024-12-27 15:17:58 UTC
2025-01-19 15:12:46,064 - INFO - Processing ANAB - 2025-01-13 17:42:00 UTC
2025-01-19 15:12:46,852 - INFO - ANET: 1h change of 1.31%
2025-01-19 15:12:46,937 - INFO - ANET: 1wk change of 3.84%
2025-01-19 15:12:47,023 - INFO - ANET: 1mo change of 2.93%
2025-01-19 15:12:47,023 - INFO - Processing ANET - 2025-01-18 14:00:12 UTC
2025-01-19 15:12:47,155 - INFO - Retrieved article length: 7256 characters
2025-01-19 15:12:47,224 - INFO - Retrieved article length: 7458 characters
2025-01-19 15:12:47,299 - INFO - Retrieved article length: 6404 characters
2025-01-19 15:12:47,350 - INFO - AN: 1h change of -1.49%
2025-01-19 15:12:47,363 - INFO - ANEB: 1wk change of 64.65%
2025-01-19 15:12:47,430 - INFO - ANAB: 1h change of 6.20%
2025-01-19 15:12:47,442 - INFO - ANEB: 1mo change of 13.57%
2025-01-19 15:12:47,443 - INFO - Processing ANEB - 2024-12-24 17:25:34 UTC
2025-01-19 15:12:47,531 - INFO - ANAB: 1wk change of 8.56%
2025-01-19 15:12:47,551 - INFO - AN: 1mo change of 7.42%
2025-01-19 15:12:47,552 - INFO - Processing AN - 2024-12-22 23:27:34 UTC
2025-01-19 15:12:47,644 - INFO - ANAB: 1mo change of -30.73%
2025-01-19 15:12:47,644 - INFO - Processing ANAB - 2025-01-12 11:00:00 UTC
2025-01-19 15:12:48,321 - INFO - Retrieved article length: 5754 characters
2025-01-19 15:12:48,380 - INFO - ANET: 1h change of 1.31%
2025-01-19 15:12:48,434 - INFO - ANET: 1wk change of 3.84%
2025-01-19 15:12:48,486 - INFO - ANET: 1mo change of 2.93%
2025-01-19 15:12:48,487 - INFO - Processing ANET - 2025-01-17 18:15:00 UTC
2025-01-19 15:12:48,489 - INFO - ANAB: 1h change of 4.20%
2025-01-19 15:12:48,588 - INFO - ANAB: 1wk change of 18.64%
2025-01-19 15:12:48,684 - INFO - ANAB: 1mo change of -30.73%
2025-01-19 15:12:48,685 - INFO - Processing ANAB - 2025-01-09 17:40:05 UTC
2025-01-19 15:12:48,708 - INFO - Retrieved article length: 2437 characters
2025-01-19 15:12:48,771 - INFO - Retrieved article length: 7103 characters
2025-01-19 15:12:48,792 - INFO - ANEB: 1h change of 62.00%
2025-01-19 15:12:48,873 - INFO - ANEB: 1wk change of 21.54%
2025-01-19 15:12:48,961 - INFO - ANEB: 1mo change of 4.61%
2025-01-19 15:12:48,961 - INFO - Processing ANEB - 2024-12-23 17:15:00 UTC
2025-01-19 15:12:48,973 - INFO - AN: 1wk change of -2.90%
2025-01-19 15:12:49,083 - INFO - AN: 1mo change of 12.77%
2025-01-19 15:12:49,083 - INFO - Processing AN - 2024-12-18 14:23:00 UTC
2025-01-19 15:12:49,722 - INFO - Retrieved article length: 3854 characters
2025-01-19 15:12:49,828 - INFO - ANET: 1h change of 2.47%
2025-01-19 15:12:49,913 - INFO - ANET: 1wk change of 4.04%
2025-01-19 15:12:49,918 - INFO - AN: 1h change of -1.93%
2025-01-19 15:12:49,947 - INFO - Retrieved article length: 3048 characters
2025-01-19 15:12:49,998 - INFO - ANET: 1mo change of 6.75%
2025-01-19 15:12:49,999 - INFO - Processing ANET - 2025-01-17 14:38:17 UTC
2025-01-19 15:12:50,022 - INFO - AN: 1wk change of -2.91%
2025-01-19 15:12:50,046 - INFO - ANAB: 1h change of -3.72%
2025-01-19 15:12:50,129 - INFO - AN: 1mo change of 10.89%
2025-01-19 15:12:50,129 - INFO - Processing AN - 2024-12-03 19:01:56 UTC
2025-01-19 15:12:50,143 - INFO - ANAB: 1wk change of 19.89%
2025-01-19 15:12:50,237 - INFO - ANAB: 1mo change of -33.01%
2025-01-19 15:12:50,237 - INFO - Processing ANAB - 2025-01-07 17:15:00 UTC
2025-01-19 15:12:50,275 - INFO - Retrieved article length: 10958 characters
2025-01-19 15:12:50,362 - INFO - ANEB: 1h change of 62.00%
2025-01-19 15:12:50,458 - INFO - ANEB: 1wk change of 20.00%
2025-01-19 15:12:50,544 - INFO - ANEB: 1mo change of 3.92%
2025-01-19 15:12:50,544 - INFO - Processing ANEB - 2024-11-14 00:05:00 UTC
2025-01-19 15:12:50,933 - INFO - AN: 1h change of 1.87%
2025-01-19 15:12:51,049 - INFO - AN: 1wk change of -2.60%
2025-01-19 15:12:51,159 - INFO - AN: 1mo change of 10.04%
2025-01-19 15:12:51,159 - INFO - Processing AN - 2024-11-29 19:31:51 UTC
2025-01-19 15:12:51,269 - INFO - Retrieved article length: 531 characters
2025-01-19 15:12:51,278 - INFO - ANET: 1h change of 2.47%
2025-01-19 15:12:51,334 - INFO - ANET: 1wk change of 4.04%
2025-01-19 15:12:51,377 - INFO - ANEB: 1h change of -6.01%
2025-01-19 15:12:51,387 - INFO - ANET: 1mo change of 6.75%
2025-01-19 15:12:51,387 - INFO - Processing ANET - 2025-01-16 19:44:19 UTC
2025-01-19 15:12:51,457 - INFO - ANEB: 1wk change of -22.75%
2025-01-19 15:12:51,501 - INFO - Retrieved article length: 1820 characters
2025-01-19 15:12:51,540 - INFO - ANEB: 1mo change of -34.22%
2025-01-19 15:12:51,600 - INFO - ANAB: 1h change of -7.90%
2025-01-19 15:12:51,702 - INFO - Processing ANF - 2025-01-18 01:45:19 UTC
2025-01-19 15:12:51,704 - INFO - ANAB: 1wk change of 13.69%
2025-01-19 15:12:51,804 - INFO - ANAB: 1mo change of -27.95%
2025-01-19 15:12:51,804 - INFO - Processing ANAB - 2024-12-18 18:10:48 UTC
2025-01-19 15:12:52,074 - INFO - AN: 1wk change of 7.93%
2025-01-19 15:12:52,186 - INFO - AN: 1mo change of 7.13%
2025-01-19 15:12:52,186 - INFO - Processing AN - 2024-11-28 19:31:32 UTC
2025-01-19 15:12:52,624 - INFO - ANAB: 1h change of -8.95%
2025-01-19 15:12:52,649 - INFO - Retrieved article length: 552 characters
2025-01-19 15:12:52,722 - INFO - ANAB: 1wk change of -43.01%
2025-01-19 15:12:52,746 - INFO - ANET: 1h change of 4.85%
2025-01-19 15:12:52,824 - INFO - ANAB: 1mo change of -23.61%
2025-01-19 15:12:52,824 - INFO - Processing ANAB - 2024-12-13 17:50:15 UTC
2025-01-19 15:12:52,914 - INFO - ANET: 1mo change of 12.23%
2025-01-19 15:12:52,914 - INFO - Processing ANET - 2025-01-16 19:40:07 UTC
2025-01-19 15:12:53,058 - INFO - AN: 1h change of 1.48%
2025-01-19 15:12:53,142 - INFO - Retrieved article length: 5899 characters
2025-01-19 15:12:53,159 - INFO - AN: 1wk change of 8.30%
2025-01-19 15:12:53,241 - INFO - ANF: 1h change of 2.53%
2025-01-19 15:12:53,259 - INFO - AN: 1mo change of 4.07%
2025-01-19 15:12:53,259 - INFO - Processing AN - 2024-11-25 18:00:00 UTC
2025-01-19 15:12:53,346 - INFO - ANF: 1wk change of -14.03%
2025-01-19 15:12:53,447 - INFO - ANF: 1mo change of -11.24%
2025-01-19 15:12:53,448 - INFO - Processing ANF - 2025-01-17 23:00:00 UTC
2025-01-19 15:12:53,622 - INFO - ANAB: 1h change of 4.57%
2025-01-19 15:12:53,623 - INFO - ANET: 1h change of 4.85%
2025-01-19 15:12:53,724 - INFO - ANAB: 1wk change of -33.86%
2025-01-19 15:12:53,728 - INFO - ANET: 1mo change of 12.23%
2025-01-19 15:12:53,729 - INFO - Processing ANET - 2025-01-16 14:00:00 UTC
2025-01-19 15:12:53,826 - INFO - ANAB: 1mo change of -29.47%
2025-01-19 15:12:53,827 - INFO - Processing ANAB - 2024-12-12 17:04:00 UTC
2025-01-19 15:12:54,230 - INFO - AN: 1wk change of 10.53%
2025-01-19 15:12:54,335 - INFO - AN: 1mo change of 4.73%
2025-01-19 15:12:54,336 - INFO - Processing AN - 2024-11-22 14:30:49 UTC
2025-01-19 15:12:54,425 - INFO - ANET: 1h change of 4.85%
2025-01-19 15:12:54,541 - INFO - ANET: 1mo change of 12.23%
2025-01-19 15:12:54,541 - INFO - Processing ANET - 2025-01-16 01:45:20 UTC
2025-01-19 15:12:54,635 - INFO - ANAB: 1h change of -31.36%
2025-01-19 15:12:54,660 - INFO - Retrieved article length: 6282 characters
2025-01-19 15:12:54,736 - INFO - ANAB: 1wk change of -40.32%
2025-01-19 15:12:54,837 - INFO - ANAB: 1mo change of -28.01%
2025-01-19 15:12:54,837 - INFO - Processing ANAB - 2024-12-12 13:23:49 UTC
2025-01-19 15:12:54,851 - INFO - ANF: 1wk change of -14.32%
2025-01-19 15:12:54,955 - INFO - ANF: 1mo change of -8.60%
2025-01-19 15:12:54,956 - INFO - Processing ANF - 2025-01-17 18:22:00 UTC
2025-01-19 15:12:55,179 - INFO - AN: 1h change of 4.76%
2025-01-19 15:12:55,286 - INFO - AN: 1wk change of 8.43%
2025-01-19 15:12:55,390 - INFO - AN: 1mo change of 2.64%
2025-01-19 15:12:55,566 - INFO - Processing ANGI - 2025-01-16 16:22:50 UTC
2025-01-19 15:12:55,569 - INFO - ANAB: 1h change of -31.36%
2025-01-19 15:12:55,575 - INFO - ANAB: 1wk change of -40.32%
2025-01-19 15:12:55,580 - INFO - ANAB: 1mo change of -28.01%
2025-01-19 15:12:55,738 - INFO - Retrieved article length: 3484 characters
2025-01-19 15:12:55,743 - INFO - Processing ANGL - 2024-12-16 11:06:47 UTC
2025-01-19 15:12:55,749 - INFO - ANET: 1h change of 4.85%
2025-01-19 15:12:55,861 - INFO - ANET: 1mo change of 12.23%
2025-01-19 15:12:56,024 - INFO - Processing ANGO - 2025-01-13 16:00:00 UTC
2025-01-19 15:12:56,171 - INFO - Retrieved article length: 5903 characters
2025-01-19 15:12:56,237 - INFO - ANF: 1wk change of -14.32%
2025-01-19 15:12:56,292 - INFO - ANF: 1mo change of -8.60%
2025-01-19 15:12:56,292 - INFO - Processing ANF - 2025-01-17 17:30:13 UTC
2025-01-19 15:12:56,659 - INFO - ANGL: 1wk change of -1.44%
2025-01-19 15:12:56,969 - INFO - Processing ANIX - 2025-01-17 16:07:59 UTC
2025-01-19 15:12:57,352 - INFO - Retrieved article length: 10420 characters
2025-01-19 15:12:57,438 - INFO - ANGO: 1h change of -1.67%
2025-01-19 15:12:57,507 - INFO - Retrieved article length: 5279 characters
2025-01-19 15:12:57,518 - INFO - ANGO: 1wk change of 36.89%
2025-01-19 15:12:57,567 - INFO - ANF: 1wk change of -14.32%
2025-01-19 15:12:57,601 - INFO - ANGO: 1mo change of 44.03%
2025-01-19 15:12:57,601 - INFO - Processing ANGO - 2025-01-09 17:48:00 UTC
2025-01-19 15:12:57,619 - INFO - ANF: 1mo change of -8.60%
2025-01-19 15:12:57,619 - INFO - Processing ANF - 2025-01-17 16:14:00 UTC
2025-01-19 15:12:57,782 - INFO - Retrieved article length: 3896 characters
2025-01-19 15:12:57,898 - INFO - ANGI: 1h change of 15.09%
2025-01-19 15:12:57,999 - INFO - ANGI: 1wk change of 10.91%
2025-01-19 15:12:58,094 - INFO - Processing ANGI - 2025-01-14 23:47:01 UTC
2025-01-19 15:12:58,112 - INFO - Retrieved article length: 15335 characters
2025-01-19 15:12:58,171 - INFO - ANF: 1wk change of -14.32%
2025-01-19 15:12:58,225 - INFO - ANF: 1mo change of -8.60%
2025-01-19 15:12:58,225 - INFO - Processing ANF - 2025-01-17 14:10:00 UTC
2025-01-19 15:12:58,308 - INFO - Retrieved article length: 10573 characters
2025-01-19 15:12:58,418 - INFO - ANIX: 1h change of 7.59%
2025-01-19 15:12:58,516 - INFO - ANIX: 1wk change of 2.12%
2025-01-19 15:12:58,619 - INFO - ANIX: 1mo change of -15.44%
2025-01-19 15:12:58,619 - INFO - Processing ANIX - 2025-01-14 13:07:20 UTC
2025-01-19 15:12:58,821 - INFO - Retrieved article length: 9007 characters
2025-01-19 15:12:58,914 - INFO - ANGO: 1h change of 31.98%
2025-01-19 15:12:59,000 - INFO - ANGO: 1wk change of 37.35%
2025-01-19 15:12:59,089 - INFO - ANGO: 1mo change of 75.07%
2025-01-19 15:12:59,089 - INFO - Processing ANGO - 2025-01-09 15:31:09 UTC
2025-01-19 15:12:59,290 - INFO - Retrieved article length: 2176 characters
2025-01-19 15:12:59,390 - INFO - ANGI: 1h change of 20.79%
2025-01-19 15:12:59,476 - INFO - Retrieved article length: 6898 characters
2025-01-19 15:12:59,484 - INFO - ANGI: 1wk change of 10.91%
2025-01-19 15:12:59,539 - INFO - ANF: 1wk change of -14.32%
2025-01-19 15:12:59,585 - INFO - ANGI: 1mo change of -3.17%
2025-01-19 15:12:59,586 - INFO - Processing ANGI - 2025-01-14 00:58:00 UTC
2025-01-19 15:12:59,589 - INFO - ANF: 1mo change of -8.60%
2025-01-19 15:12:59,589 - INFO - Processing ANF - 2025-01-16 20:45:05 UTC
2025-01-19 15:12:59,826 - INFO - ANGO: 1h change of 31.98%
2025-01-19 15:12:59,832 - INFO - ANGO: 1wk change of 37.35%
2025-01-19 15:12:59,886 - INFO - ANGO: 1mo change of 75.07%
2025-01-19 15:12:59,886 - INFO - Processing ANGO - 2025-01-09 10:00:39 UTC
2025-01-19 15:12:59,928 - INFO - Retrieved article length: 5220 characters
2025-01-19 15:13:00,029 - INFO - ANIX: 1h change of 2.73%
2025-01-19 15:13:00,124 - INFO - ANIX: 1wk change of 1.69%
2025-01-19 15:13:00,219 - INFO - ANIX: 1mo change of -18.03%
2025-01-19 15:13:00,219 - INFO - Processing ANIX - 2024-12-06 16:30:00 UTC
2025-01-19 15:13:00,324 - INFO - ANGI: 1h change of 20.79%
2025-01-19 15:13:00,389 - INFO - ANGI: 1wk change of 10.91%
2025-01-19 15:13:00,457 - INFO - ANGI: 1mo change of -3.17%
2025-01-19 15:13:00,457 - INFO - Processing ANGI - 2025-01-14 00:01:00 UTC
2025-01-19 15:13:00,875 - INFO - Retrieved article length: 4027 characters
2025-01-19 15:13:00,965 - INFO - ANF: 1h change of -2.97%
2025-01-19 15:13:01,067 - INFO - ANF: 1wk change of -16.56%
2025-01-19 15:13:01,101 - INFO - ANIX: 1h change of -5.37%
2025-01-19 15:13:01,114 - INFO - Retrieved article length: 5082 characters
2025-01-19 15:13:01,123 - INFO - ANGO: 1h change of 31.98%
2025-01-19 15:13:01,129 - INFO - ANGO: 1wk change of 37.35%
2025-01-19 15:13:01,165 - INFO - ANF: 1mo change of -5.20%
2025-01-19 15:13:01,165 - INFO - Processing ANF - 2025-01-16 20:36:26 UTC
2025-01-19 15:13:01,181 - INFO - ANGO: 1mo change of 75.07%
2025-01-19 15:13:01,182 - INFO - Processing ANGO - 2025-01-09 08:31:35 UTC
2025-01-19 15:13:01,200 - INFO - ANIX: 1wk change of -14.16%
2025-01-19 15:13:01,297 - INFO - ANIX: 1mo change of -38.52%
2025-01-19 15:13:01,297 - INFO - Processing ANIX - 2024-12-04 16:30:00 UTC
2025-01-19 15:13:01,742 - INFO - Retrieved article length: 12439 characters
2025-01-19 15:13:01,750 - INFO - ANGI: 1h change of 20.79%
2025-01-19 15:13:01,820 - INFO - ANGI: 1wk change of 10.91%
2025-01-19 15:13:01,891 - INFO - ANGI: 1mo change of -3.17%
2025-01-19 15:13:01,891 - INFO - Processing ANGI - 2025-01-08 02:15:28 UTC
2025-01-19 15:13:02,130 - INFO - ANIX: 1h change of -3.55%
2025-01-19 15:13:02,229 - INFO - ANIX: 1wk change of -11.49%
2025-01-19 15:13:02,327 - INFO - ANIX: 1mo change of -34.26%
2025-01-19 15:13:02,327 - INFO - Processing ANIX - 2024-12-04 14:17:17 UTC
2025-01-19 15:13:02,479 - INFO - Retrieved article length: 5124 characters
2025-01-19 15:13:02,488 - INFO - ANF: 1h change of -2.97%
2025-01-19 15:13:02,490 - INFO - Retrieved article length: 43812 characters
2025-01-19 15:13:02,498 - INFO - ANGO: 1h change of 31.98%
2025-01-19 15:13:02,503 - INFO - ANGO: 1wk change of 37.35%
2025-01-19 15:13:02,540 - INFO - ANF: 1wk change of -16.56%
2025-01-19 15:13:02,556 - INFO - ANGO: 1mo change of 75.07%
2025-01-19 15:13:02,556 - INFO - Processing ANGO - 2025-01-08 18:05:50 UTC
2025-01-19 15:13:02,594 - INFO - ANF: 1mo change of -5.20%
2025-01-19 15:13:02,741 - INFO - ANGI: 1h change of -2.73%
2025-01-19 15:13:02,758 - INFO - Processing ANNA - 2024-12-23 16:32:38 UTC
2025-01-19 15:13:02,845 - INFO - ANGI: 1wk change of 13.66%
2025-01-19 15:13:02,948 - INFO - ANGI: 1mo change of -6.15%
2025-01-19 15:13:02,949 - INFO - Processing ANGI - 2024-12-11 22:22:57 UTC
2025-01-19 15:13:03,028 - INFO - ANIX: 1h change of -3.55%
2025-01-19 15:13:03,033 - INFO - ANIX: 1wk change of -11.49%
2025-01-19 15:13:03,040 - INFO - ANIX: 1mo change of -34.26%
2025-01-19 15:13:03,040 - INFO - Processing ANIX - 2024-11-22 17:01:54 UTC
2025-01-19 15:13:03,370 - INFO - ANGO: 1h change of 39.81%
2025-01-19 15:13:03,469 - INFO - ANGO: 1wk change of 37.35%
2025-01-19 15:13:03,560 - INFO - ANGO: 1mo change of 74.09%
2025-01-19 15:13:03,561 - INFO - Processing ANGO - 2025-01-08 15:45:03 UTC
2025-01-19 15:13:03,797 - INFO - ANGI: 1h change of -10.07%
2025-01-19 15:13:03,844 - INFO - ANIX: 1h change of 1.27%
2025-01-19 15:13:03,896 - INFO - ANGI: 1wk change of -15.66%
2025-01-19 15:13:03,938 - INFO - ANIX: 1wk change of 1.54%
2025-01-19 15:13:03,947 - INFO - Retrieved article length: 4878 characters
2025-01-19 15:13:03,992 - INFO - ANGI: 1mo change of -32.81%
2025-01-19 15:13:03,992 - INFO - Processing ANGI - 2024-12-06 11:05:54 UTC
2025-01-19 15:13:04,034 - INFO - ANIX: 1mo change of -14.62%
2025-01-19 15:13:04,034 - INFO - Processing ANIX - 2024-11-18 16:20:00 UTC
2025-01-19 15:13:04,036 - INFO - ANNA: 1h change of 3.90%
2025-01-19 15:13:04,120 - INFO - ANNA: 1wk change of -35.43%
2025-01-19 15:13:04,209 - INFO - ANNA: 1mo change of -14.18%
2025-01-19 15:13:04,209 - INFO - Processing ANNA - 2024-12-19 15:00:00 UTC
2025-01-19 15:13:04,300 - INFO - ANGO: 1h change of 39.81%
2025-01-19 15:13:04,305 - INFO - ANGO: 1wk change of 37.35%
2025-01-19 15:13:04,360 - INFO - ANGO: 1mo change of 74.09%
2025-01-19 15:13:04,360 - INFO - Processing ANGO - 2025-01-08 14:39:13 UTC
2025-01-19 15:13:04,896 - INFO - ANGI: 1wk change of -6.84%
2025-01-19 15:13:04,960 - INFO - ANIX: 1wk change of -3.78%
2025-01-19 15:13:04,996 - INFO - ANGI: 1mo change of -33.19%
2025-01-19 15:13:04,996 - INFO - Processing ANGI - 2024-11-22 11:37:11 UTC
2025-01-19 15:13:05,056 - INFO - ANGO: 1h change of 39.81%
2025-01-19 15:13:05,058 - INFO - ANIX: 1mo change of -11.80%
2025-01-19 15:13:05,058 - INFO - Processing ANIX - 2024-11-08 21:17:00 UTC
2025-01-19 15:13:05,061 - INFO - ANGO: 1wk change of 37.35%
2025-01-19 15:13:05,117 - INFO - ANGO: 1mo change of 74.09%
2025-01-19 15:13:05,340 - INFO - Processing ANNX - 2025-01-13 16:00:00 UTC
2025-01-19 15:13:05,616 - INFO - Retrieved article length: 7003 characters
2025-01-19 15:13:05,712 - INFO - ANNA: 1h change of -8.41%
2025-01-19 15:13:05,797 - INFO - ANNA: 1wk change of -44.37%
2025-01-19 15:13:05,815 - INFO - ANGI: 1h change of 2.07%
2025-01-19 15:13:05,902 - INFO - ANIX: 1h change of -3.20%
2025-01-19 15:13:05,910 - INFO - ANGI: 1wk change of -3.63%
2025-01-19 15:13:05,918 - INFO - ANNA: 1mo change of -14.18%
2025-01-19 15:13:05,918 - INFO - Processing ANNA - 2024-12-18 15:00:00 UTC
2025-01-19 15:13:06,003 - INFO - ANIX: 1wk change of -22.03%
2025-01-19 15:13:06,005 - INFO - ANGI: 1mo change of -36.33%
2025-01-19 15:13:06,109 - INFO - ANIX: 1mo change of -6.98%
2025-01-19 15:13:06,177 - INFO - Processing ANRO - 2025-01-08 20:00:13 UTC
2025-01-19 15:13:06,274 - INFO - Processing ANTE - 2025-01-03 13:30:00 UTC
2025-01-19 15:13:06,700 - INFO - Retrieved article length: 14896 characters
2025-01-19 15:13:06,737 - INFO - ANNA: 1h change of -62.75%
2025-01-19 15:13:06,789 - INFO - ANNX: 1h change of -4.52%
2025-01-19 15:13:06,818 - INFO - ANNA: 1wk change of -44.37%
2025-01-19 15:13:06,876 - INFO - ANNX: 1wk change of -22.37%
2025-01-19 15:13:06,904 - INFO - ANNA: 1mo change of -14.18%
2025-01-19 15:13:06,904 - INFO - Processing ANNA - 2024-12-14 00:05:00 UTC
2025-01-19 15:13:06,961 - INFO - ANNX: 1mo change of -15.32%
2025-01-19 15:13:06,961 - INFO - Processing ANNX - 2025-01-10 16:00:00 UTC
2025-01-19 15:13:07,015 - INFO - ANRO: 1h change of -2.33%
2025-01-19 15:13:07,116 - INFO - ANRO: 1wk change of 10.48%
2025-01-19 15:13:07,223 - INFO - ANRO: 1mo change of 11.54%
2025-01-19 15:13:07,224 - INFO - Processing ANRO - 2024-12-11 16:03:00 UTC
2025-01-19 15:13:07,549 - INFO - Retrieved article length: 4327 characters
2025-01-19 15:13:07,658 - INFO - ANTE: 1h change of 3.23%
2025-01-19 15:13:07,758 - INFO - ANTE: 1wk change of 20.51%
2025-01-19 15:13:07,843 - ERROR - ANNA: No price data found, symbol may be delisted (1h 2024-12-12 -> 2024-12-16)
2025-01-19 15:13:07,859 - INFO - ANTE: 1mo change of 11.90%
2025-01-19 15:13:07,860 - INFO - Processing ANTE - 2024-12-13 12:00:00 UTC
2025-01-19 15:13:07,930 - INFO - ANNA: 1wk change of -37.94%
2025-01-19 15:13:08,012 - INFO - ANRO: 1h change of -3.77%
2025-01-19 15:13:08,013 - INFO - ANNA: 1mo change of -14.10%
2025-01-19 15:13:08,113 - INFO - ANRO: 1wk change of -11.19%
2025-01-19 15:13:08,166 - INFO - Processing ANY - 2024-11-19 15:44:52 UTC
2025-01-19 15:13:08,171 - INFO - Retrieved article length: 6743 characters
2025-01-19 15:13:08,213 - INFO - ANRO: 1mo change of 12.41%
2025-01-19 15:13:08,213 - INFO - Processing ANRO - 2024-11-13 00:10:00 UTC
2025-01-19 15:13:08,348 - INFO - ANNX: 1wk change of -18.13%
2025-01-19 15:13:08,436 - INFO - ANNX: 1mo change of -17.65%
2025-01-19 15:13:08,436 - INFO - Processing ANNX - 2025-01-07 16:00:00 UTC
2025-01-19 15:13:08,650 - INFO - ANTE: 1h change of -5.35%
2025-01-19 15:13:08,794 - INFO - ANTE: 1wk change of -11.11%
2025-01-19 15:13:08,898 - INFO - ANTE: 1mo change of -15.38%
2025-01-19 15:13:08,899 - INFO - Processing ANTE - 2024-11-14 12:00:00 UTC
2025-01-19 15:13:08,953 - INFO - ANY: 1h change of -3.56%
2025-01-19 15:13:09,041 - INFO - ANY: 1wk change of -14.81%
2025-01-19 15:13:09,059 - INFO - ANRO: 1h change of 4.77%
2025-01-19 15:13:09,126 - INFO - ANY: 1mo change of 1.27%
2025-01-19 15:13:09,126 - INFO - Processing ANY - 2024-11-18 22:01:06 UTC
2025-01-19 15:13:09,156 - INFO - ANRO: 1wk change of 16.17%
2025-01-19 15:13:09,253 - INFO - ANRO: 1mo change of -66.43%
2025-01-19 15:13:09,254 - INFO - Processing ANRO - 2024-11-04 16:00:00 UTC
2025-01-19 15:13:09,684 - INFO - Retrieved article length: 2060 characters
2025-01-19 15:13:09,692 - INFO - ANTE: 1h change of -9.23%
2025-01-19 15:13:09,778 - INFO - ANNX: 1h change of -7.71%
2025-01-19 15:13:09,789 - INFO - ANTE: 1wk change of -5.36%
2025-01-19 15:13:09,860 - INFO - ANNX: 1wk change of -19.88%
2025-01-19 15:13:09,885 - INFO - ANTE: 1mo change of 37.50%
2025-01-19 15:13:09,902 - INFO - ANY: 1h change of 4.04%
2025-01-19 15:13:09,945 - INFO - ANNX: 1mo change of -15.83%
2025-01-19 15:13:09,945 - INFO - Processing ANNX - 2024-12-17 00:05:00 UTC
2025-01-19 15:13:09,988 - INFO - ANY: 1wk change of 10.40%
2025-01-19 15:13:10,015 - INFO - Processing AOS - 2025-01-17 01:33:00 UTC
2025-01-19 15:13:10,073 - INFO - ANY: 1mo change of 4.06%
2025-01-19 15:13:10,074 - INFO - Processing ANY - 2024-11-15 04:50:02 UTC
2025-01-19 15:13:10,078 - INFO - ANRO: 1h change of -4.34%
2025-01-19 15:13:10,177 - INFO - ANRO: 1wk change of 3.66%
2025-01-19 15:13:10,278 - INFO - ANRO: 1mo change of -65.82%
2025-01-19 15:13:10,278 - INFO - Processing ANRO - 2024-10-24 15:32:02 UTC
2025-01-19 15:13:10,711 - INFO - ANNX: 1h change of -5.62%
2025-01-19 15:13:10,801 - INFO - ANNX: 1wk change of 6.05%
2025-01-19 15:13:10,891 - INFO - ANNX: 1mo change of -36.46%
2025-01-19 15:13:10,892 - INFO - Processing ANNX - 2024-12-16 15:30:00 UTC
2025-01-19 15:13:10,894 - INFO - ANY: 1h change of -20.85%
2025-01-19 15:13:10,982 - INFO - ANY: 1wk change of 30.77%
2025-01-19 15:13:11,066 - INFO - ANY: 1mo change of 16.76%
2025-01-19 15:13:11,066 - INFO - Processing ANY - 2024-11-15 00:10:00 UTC
2025-01-19 15:13:11,068 - INFO - ANRO: 1h change of -69.85%
2025-01-19 15:13:11,164 - INFO - ANRO: 1wk change of -71.39%
2025-01-19 15:13:11,220 - INFO - Retrieved article length: 1276 characters
2025-01-19 15:13:11,261 - INFO - ANRO: 1mo change of -68.13%
2025-01-19 15:13:11,261 - INFO - Processing ANRO - 2024-10-23 22:46:25 UTC
2025-01-19 15:13:11,484 - INFO - AOS: 1wk change of 5.14%
2025-01-19 15:13:11,633 - INFO - Processing AOS - 2025-01-16 17:15:02 UTC
2025-01-19 15:13:11,731 - INFO - ANNX: 1h change of -7.05%
2025-01-19 15:13:11,791 - INFO - ANY: 1h change of -20.85%
2025-01-19 15:13:11,795 - INFO - ANY: 1wk change of 30.77%
2025-01-19 15:13:11,801 - INFO - ANY: 1mo change of 16.76%
2025-01-19 15:13:11,801 - INFO - Processing ANY - 2024-11-11 15:36:12 UTC
2025-01-19 15:13:11,818 - INFO - ANNX: 1wk change of 2.55%
2025-01-19 15:13:11,905 - INFO - ANNX: 1mo change of -39.74%
2025-01-19 15:13:11,906 - INFO - Processing ANNX - 2024-12-05 16:00:00 UTC
2025-01-19 15:13:12,094 - INFO - ANRO: 1h change of -71.74%
2025-01-19 15:13:12,189 - INFO - ANRO: 1wk change of -71.39%
2025-01-19 15:13:12,284 - INFO - ANRO: 1mo change of -67.20%
2025-01-19 15:13:12,284 - INFO - Processing ANRO - 2024-10-23 21:45:49 UTC
2025-01-19 15:13:12,623 - INFO - ANY: 1h change of 20.89%
2025-01-19 15:13:12,709 - INFO - ANY: 1wk change of 37.25%
2025-01-19 15:13:12,715 - INFO - ANNX: 1h change of -3.18%
2025-01-19 15:13:12,791 - INFO - ANY: 1mo change of 39.91%
2025-01-19 15:13:12,801 - INFO - ANNX: 1wk change of -12.94%
2025-01-19 15:13:12,884 - INFO - ANNX: 1mo change of -33.88%
2025-01-19 15:13:12,884 - INFO - Processing ANNX - 2024-11-19 11:00:00 UTC
2025-01-19 15:13:12,927 - INFO - Retrieved article length: 3781 characters
2025-01-19 15:13:12,954 - INFO - Processing AOSL - 2025-01-17 01:06:00 UTC
2025-01-19 15:13:13,008 - INFO - ANRO: 1h change of -71.74%
2025-01-19 15:13:13,013 - INFO - ANRO: 1wk change of -71.39%
2025-01-19 15:13:13,020 - INFO - ANRO: 1mo change of -67.20%
2025-01-19 15:13:13,020 - INFO - Processing ANRO - 2024-10-23 20:36:26 UTC
2025-01-19 15:13:13,035 - INFO - AOS: 1h change of 2.53%
2025-01-19 15:13:13,167 - INFO - AOS: 1wk change of 4.22%
2025-01-19 15:13:13,312 - INFO - AOS: 1mo change of -1.13%
2025-01-19 15:13:13,313 - INFO - Processing AOS - 2025-01-15 16:15:36 UTC
2025-01-19 15:13:13,700 - INFO - ANRO: 1h change of -71.74%
2025-01-19 15:13:13,705 - INFO - ANRO: 1wk change of -71.39%
2025-01-19 15:13:13,711 - INFO - ANRO: 1mo change of -67.20%
2025-01-19 15:13:13,740 - INFO - ANNX: 1h change of -11.42%
2025-01-19 15:13:13,828 - INFO - ANNX: 1wk change of -23.39%
2025-01-19 15:13:13,879 - INFO - Processing APA - 2025-01-09 16:31:14 UTC
2025-01-19 15:13:13,916 - INFO - ANNX: 1mo change of -29.13%
2025-01-19 15:13:13,916 - INFO - Processing ANNX - 2024-11-14 16:00:00 UTC
2025-01-19 15:13:14,128 - INFO - AOS: 1h change of 4.63%
2025-01-19 15:13:14,186 - INFO - Retrieved article length: 2873 characters
2025-01-19 15:13:14,281 - INFO - AOSL: 1h change of 9.73%
2025-01-19 15:13:14,281 - INFO - AOS: 1wk change of 4.22%
2025-01-19 15:13:14,368 - INFO - AOSL: 1wk change of 7.83%
2025-01-19 15:13:14,425 - INFO - AOS: 1mo change of -1.47%
2025-01-19 15:13:14,425 - INFO - Processing AOS - 2025-01-15 12:04:19 UTC
2025-01-19 15:13:14,452 - INFO - AOSL: 1mo change of -7.96%
2025-01-19 15:13:14,453 - INFO - Processing AOSL - 2025-01-09 00:01:00 UTC
2025-01-19 15:13:14,665 - INFO - APA: 1h change of -1.99%
2025-01-19 15:13:14,745 - INFO - ANNX: 1h change of -7.81%
2025-01-19 15:13:14,814 - INFO - APA: 1wk change of 8.83%
2025-01-19 15:13:14,830 - INFO - ANNX: 1wk change of -27.50%
2025-01-19 15:13:14,919 - INFO - ANNX: 1mo change of -29.49%
2025-01-19 15:13:14,984 - INFO - APA: 1mo change of 11.72%
2025-01-19 15:13:14,984 - INFO - Processing APA - 2025-01-08 16:00:00 UTC
2025-01-19 15:13:15,133 - INFO - Processing APCX - 2024-12-30 16:23:02 UTC
2025-01-19 15:13:15,739 - INFO - Retrieved article length: 4066 characters
2025-01-19 15:13:15,749 - INFO - AOS: 1h change of 4.63%
2025-01-19 15:13:15,752 - INFO - Retrieved article length: 2220 characters
2025-01-19 15:13:15,797 - INFO - APA: 1h change of -2.87%
2025-01-19 15:13:15,817 - INFO - AOS: 1wk change of 4.22%
2025-01-19 15:13:15,838 - INFO - AOSL: 1h change of -10.14%
2025-01-19 15:13:15,884 - INFO - AOS: 1mo change of -1.47%
2025-01-19 15:13:15,884 - INFO - Processing AOS - 2025-01-08 01:25:03 UTC
2025-01-19 15:13:15,921 - INFO - AOSL: 1wk change of 12.68%
2025-01-19 15:13:15,927 - INFO - APA: 1wk change of 8.83%
2025-01-19 15:13:16,010 - INFO - AOSL: 1mo change of -11.92%
2025-01-19 15:13:16,011 - INFO - Processing AOSL - 2025-01-08 18:49:23 UTC
2025-01-19 15:13:16,061 - INFO - APA: 1mo change of 9.91%
2025-01-19 15:13:16,062 - INFO - Processing APA - 2025-01-08 14:29:37 UTC
2025-01-19 15:13:16,375 - INFO - Retrieved article length: 525 characters
2025-01-19 15:13:16,468 - INFO - APCX: 1h change of -22.45%
2025-01-19 15:13:16,558 - INFO - APCX: 1wk change of -20.44%
2025-01-19 15:13:16,645 - INFO - APCX: 1mo change of 1.28%
2025-01-19 15:13:16,645 - INFO - Processing APCX - 2024-12-30 15:45:00 UTC
2025-01-19 15:13:16,842 - INFO - AOSL: 1h change of -4.40%
2025-01-19 15:13:16,892 - INFO - APA: 1h change of -2.87%
2025-01-19 15:13:16,897 - INFO - APA: 1wk change of 8.83%
2025-01-19 15:13:16,922 - INFO - AOSL: 1wk change of 12.68%
2025-01-19 15:13:16,964 - INFO - APA: 1mo change of 9.91%
2025-01-19 15:13:16,964 - INFO - Processing APA - 2025-01-08 01:45:00 UTC
2025-01-19 15:13:17,005 - INFO - AOSL: 1mo change of -15.38%
2025-01-19 15:13:17,006 - INFO - Processing AOSL - 2025-01-07 16:00:00 UTC
2025-01-19 15:13:17,183 - INFO - Retrieved article length: 4209 characters
2025-01-19 15:13:17,441 - INFO - AOS: 1wk change of 5.57%
2025-01-19 15:13:17,598 - INFO - AOS: 1mo change of -2.43%
2025-01-19 15:13:17,599 - INFO - Processing AOS - 2025-01-03 17:00:00 UTC
2025-01-19 15:13:17,936 - INFO - Retrieved article length: 8251 characters
2025-01-19 15:13:17,944 - INFO - APCX: 1h change of -22.45%
2025-01-19 15:13:17,949 - INFO - APCX: 1wk change of -20.44%
2025-01-19 15:13:18,003 - INFO - APCX: 1mo change of 1.28%
2025-01-19 15:13:18,004 - INFO - Processing APCX - 2024-12-18 15:40:55 UTC
2025-01-19 15:13:18,198 - INFO - Retrieved article length: 5728 characters
2025-01-19 15:13:18,207 - INFO - APA: 1h change of -2.87%
2025-01-19 15:13:18,213 - INFO - APA: 1wk change of 8.83%
2025-01-19 15:13:18,272 - INFO - Retrieved article length: 8058 characters
2025-01-19 15:13:18,278 - INFO - APA: 1mo change of 9.91%
2025-01-19 15:13:18,278 - INFO - Processing APA - 2025-01-07 16:35:00 UTC
2025-01-19 15:13:18,372 - INFO - AOSL: 1h change of -4.40%
2025-01-19 15:13:18,456 - INFO - AOSL: 1wk change of 3.76%
2025-01-19 15:13:18,565 - INFO - AOSL: 1mo change of -10.63%
2025-01-19 15:13:18,565 - INFO - Processing AOSL - 2024-12-17 13:47:00 UTC
2025-01-19 15:13:18,848 - INFO - Retrieved article length: 1583 characters
2025-01-19 15:13:19,100 - INFO - AOS: 1wk change of -1.90%
2025-01-19 15:13:19,173 - INFO - Retrieved article length: 1512 characters
2025-01-19 15:13:19,245 - INFO - AOS: 1mo change of -3.60%
2025-01-19 15:13:19,246 - INFO - Processing AOS - 2024-12-30 12:22:13 UTC
2025-01-19 15:13:19,271 - INFO - APCX: 1h change of 40.98%
2025-01-19 15:13:19,351 - INFO - AOSL: 1h change of 1.62%
2025-01-19 15:13:19,352 - INFO - APCX: 1wk change of 60.75%
2025-01-19 15:13:19,437 - INFO - APCX: 1mo change of -16.49%
2025-01-19 15:13:19,437 - INFO - Processing APCX - 2024-12-17 15:30:00 UTC
2025-01-19 15:13:19,523 - INFO - AOSL: 1mo change of 55.69%
2025-01-19 15:13:19,525 - INFO - Processing AOSL - 2024-12-17 00:56:47 UTC
2025-01-19 15:13:19,572 - INFO - Retrieved article length: 5571 characters
2025-01-19 15:13:19,677 - INFO - APA: 1h change of -2.87%
2025-01-19 15:13:19,835 - INFO - APA: 1wk change of 12.18%
2025-01-19 15:13:19,985 - INFO - APA: 1mo change of 8.83%
2025-01-19 15:13:19,985 - INFO - Processing APA - 2025-01-07 00:15:00 UTC
2025-01-19 15:13:20,280 - INFO - APCX: 1h change of -11.30%
2025-01-19 15:13:20,281 - INFO - AOSL: 1h change of 1.62%
2025-01-19 15:13:20,286 - INFO - AOSL: 1wk change of -15.69%
2025-01-19 15:13:20,341 - INFO - AOSL: 1mo change of 55.69%
2025-01-19 15:13:20,342 - INFO - Processing AOSL - 2024-12-12 19:08:00 UTC
2025-01-19 15:13:20,384 - INFO - APCX: 1wk change of 88.69%
2025-01-19 15:13:20,467 - INFO - APCX: 1mo change of -28.10%
2025-01-19 15:13:20,467 - INFO - Processing APCX - 2024-11-17 16:26:55 UTC
2025-01-19 15:13:20,511 - INFO - Retrieved article length: 7577 characters
2025-01-19 15:13:20,617 - INFO - AOS: 1h change of 1.14%
2025-01-19 15:13:20,928 - INFO - AOS: 1mo change of -4.80%
2025-01-19 15:13:20,928 - INFO - Processing AOS - 2024-12-18 21:26:12 UTC
2025-01-19 15:13:21,221 - INFO - AOSL: 1h change of -8.82%
2025-01-19 15:13:21,281 - INFO - APCX: 1h change of -1.36%
2025-01-19 15:13:21,296 - INFO - Retrieved article length: 3069 characters
2025-01-19 15:13:21,305 - INFO - APA: 1h change of -2.87%
2025-01-19 15:13:21,307 - INFO - AOSL: 1wk change of -7.44%
2025-01-19 15:13:21,310 - INFO - APA: 1wk change of 12.18%
2025-01-19 15:13:21,367 - INFO - APCX: 1wk change of -28.18%
2025-01-19 15:13:21,374 - INFO - APA: 1mo change of 8.83%
2025-01-19 15:13:21,375 - INFO - Processing APA - 2024-12-24 00:05:00 UTC
2025-01-19 15:13:21,388 - INFO - AOSL: 1mo change of 34.62%
2025-01-19 15:13:21,388 - INFO - Processing AOSL - 2024-12-10 22:52:18 UTC
2025-01-19 15:13:21,460 - INFO - APCX: 1mo change of -15.20%
2025-01-19 15:13:21,460 - INFO - Processing APCX - 2024-11-16 00:14:00 UTC
2025-01-19 15:13:21,805 - INFO - AOS: 1h change of -6.35%
2025-01-19 15:13:21,971 - INFO - AOS: 1wk change of -7.39%
2025-01-19 15:13:22,129 - INFO - AOS: 1mo change of -1.78%
2025-01-19 15:13:22,208 - INFO - AOSL: 1h change of 4.00%
2025-01-19 15:13:22,262 - INFO - Processing APD - 2025-01-17 18:04:51 UTC
2025-01-19 15:13:22,270 - INFO - APCX: 1h change of -7.93%
2025-01-19 15:13:22,290 - INFO - AOSL: 1wk change of -9.35%
2025-01-19 15:13:22,356 - INFO - APCX: 1wk change of -32.86%
2025-01-19 15:13:22,375 - INFO - AOSL: 1mo change of 31.71%
2025-01-19 15:13:22,443 - INFO - APCX: 1mo change of -15.20%
2025-01-19 15:13:22,543 - INFO - Processing APDN - 2025-01-10 17:00:00 UTC
2025-01-19 15:13:22,601 - INFO - Processing APG - 2024-12-19 18:00:05 UTC
2025-01-19 15:13:22,653 - INFO - Retrieved article length: 17441 characters
2025-01-19 15:13:22,760 - INFO - APA: 1h change of 2.25%
2025-01-19 15:13:22,900 - INFO - APA: 1wk change of 6.56%
2025-01-19 15:13:23,039 - INFO - APA: 1mo change of 11.31%
2025-01-19 15:13:23,039 - INFO - Processing APA - 2024-12-23 16:00:00 UTC
2025-01-19 15:13:23,449 - INFO - Retrieved article length: 540 characters
2025-01-19 15:13:23,561 - INFO - APD: 1h change of 4.20%
2025-01-19 15:13:23,718 - INFO - APD: 1wk change of 10.99%
2025-01-19 15:13:23,812 - INFO - Retrieved article length: 4141 characters
2025-01-19 15:13:23,849 - INFO - Retrieved article length: 6843 characters
2025-01-19 15:13:23,859 - INFO - APD: 1mo change of 2.39%
2025-01-19 15:13:23,860 - INFO - Processing APD - 2025-01-17 17:00:11 UTC
2025-01-19 15:13:23,900 - INFO - APG: 1h change of -4.01%
2025-01-19 15:13:23,942 - INFO - APDN: 1h change of -1.78%
2025-01-19 15:13:23,986 - INFO - APG: 1wk change of -7.98%
2025-01-19 15:13:24,025 - INFO - APDN: 1wk change of -5.00%
2025-01-19 15:13:24,071 - INFO - APG: 1mo change of 3.42%
2025-01-19 15:13:24,072 - INFO - Processing APG - 2024-12-17 15:30:00 UTC
2025-01-19 15:13:24,109 - INFO - APDN: 1mo change of 11.76%
2025-01-19 15:13:24,110 - INFO - Processing APDN - 2025-01-09 00:30:00 UTC
2025-01-19 15:13:24,229 - INFO - Retrieved article length: 17299 characters
2025-01-19 15:13:24,333 - INFO - APA: 1h change of 2.25%
2025-01-19 15:13:24,474 - INFO - APA: 1wk change of 1.01%
2025-01-19 15:13:24,616 - INFO - APA: 1mo change of 8.64%
2025-01-19 15:13:24,743 - INFO - Processing APH - 2025-01-17 20:10:11 UTC
2025-01-19 15:13:24,887 - INFO - APG: 1h change of -1.96%
2025-01-19 15:13:24,975 - INFO - APG: 1wk change of -6.67%
2025-01-19 15:13:25,056 - INFO - APG: 1mo change of 1.33%
2025-01-19 15:13:25,057 - INFO - Processing APG - 2024-11-28 18:20:08 UTC
2025-01-19 15:13:25,107 - INFO - Retrieved article length: 3072 characters
2025-01-19 15:13:25,116 - INFO - APD: 1h change of 4.20%
2025-01-19 15:13:25,189 - INFO - APD: 1wk change of 10.99%
2025-01-19 15:13:25,258 - INFO - APD: 1mo change of 2.39%
2025-01-19 15:13:25,258 - INFO - Processing APD - 2025-01-17 16:30:00 UTC
2025-01-19 15:13:25,309 - INFO - Retrieved article length: 1972 characters
2025-01-19 15:13:25,401 - INFO - APDN: 1h change of -13.77%
2025-01-19 15:13:25,491 - INFO - APDN: 1wk change of -9.52%
2025-01-19 15:13:25,581 - INFO - APDN: 1mo change of 18.75%
2025-01-19 15:13:25,582 - INFO - Processing APDN - 2024-12-18 17:00:00 UTC
2025-01-19 15:13:25,912 - INFO - APG: 1wk change of 8.09%
2025-01-19 15:13:25,956 - INFO - Retrieved article length: 3362 characters
2025-01-19 15:13:25,995 - INFO - APG: 1mo change of 5.18%
2025-01-19 15:13:25,995 - INFO - Processing APG - 2024-11-26 15:30:00 UTC
2025-01-19 15:13:26,063 - INFO - APH: 1h change of -2.94%
2025-01-19 15:13:26,186 - INFO - APH: 1wk change of -2.85%
2025-01-19 15:13:26,311 - INFO - APH: 1mo change of -5.51%
2025-01-19 15:13:26,312 - INFO - Processing APH - 2025-01-17 17:45:12 UTC
2025-01-19 15:13:26,454 - INFO - Retrieved article length: 17190 characters
2025-01-19 15:13:26,463 - INFO - APD: 1h change of 4.20%
2025-01-19 15:13:26,534 - INFO - APD: 1wk change of 10.99%
2025-01-19 15:13:26,605 - INFO - APD: 1mo change of 2.39%
2025-01-19 15:13:26,606 - INFO - Processing APD - 2025-01-17 00:15:00 UTC
2025-01-19 15:13:26,814 - INFO - APG: 1h change of -1.76%
2025-01-19 15:13:26,897 - INFO - APG: 1wk change of 8.40%
2025-01-19 15:13:26,940 - INFO - Retrieved article length: 6424 characters
2025-01-19 15:13:26,987 - INFO - APG: 1mo change of 6.60%
2025-01-19 15:13:26,988 - INFO - Processing APG - 2024-11-22 15:30:00 UTC
2025-01-19 15:13:27,025 - INFO - APDN: 1h change of 7.94%
2025-01-19 15:13:27,108 - INFO - APDN: 1wk change of -10.00%
2025-01-19 15:13:27,192 - INFO - APDN: 1mo change of 5.56%
2025-01-19 15:13:27,192 - INFO - Processing APDN - 2024-12-18 01:15:02 UTC
2025-01-19 15:13:27,501 - INFO - Retrieved article length: 2307 characters
2025-01-19 15:13:27,511 - INFO - APH: 1h change of -2.94%
2025-01-19 15:13:27,578 - INFO - APH: 1wk change of -2.85%
2025-01-19 15:13:27,655 - INFO - APH: 1mo change of -5.51%
2025-01-19 15:13:27,655 - INFO - Processing APH - 2025-01-17 15:29:05 UTC
2025-01-19 15:13:27,769 - INFO - Retrieved article length: 11564 characters
2025-01-19 15:13:27,777 - INFO - APD: 1h change of 4.20%
2025-01-19 15:13:27,798 - INFO - APG: 1h change of 4.22%
2025-01-19 15:13:27,844 - INFO - APD: 1wk change of 10.99%
2025-01-19 15:13:27,884 - INFO - APG: 1wk change of 2.22%
2025-01-19 15:13:27,912 - INFO - APD: 1mo change of 2.39%
2025-01-19 15:13:27,912 - INFO - Processing APD - 2025-01-16 15:57:00 UTC
2025-01-19 15:13:27,932 - INFO - APDN: 1h change of 7.94%
2025-01-19 15:13:27,937 - INFO - APDN: 1wk change of -10.00%
2025-01-19 15:13:27,967 - INFO - APG: 1mo change of 7.41%
2025-01-19 15:13:27,967 - INFO - Processing APG - 2024-11-01 17:45:13 UTC
2025-01-19 15:13:27,989 - INFO - APDN: 1mo change of 5.56%
2025-01-19 15:13:27,989 - INFO - Processing APDN - 2024-12-18 00:12:02 UTC
2025-01-19 15:13:28,768 - INFO - APG: 1h change of 3.66%
2025-01-19 15:13:28,850 - INFO - APG: 1wk change of 9.80%
2025-01-19 15:13:28,880 - INFO - Retrieved article length: 515 characters
2025-01-19 15:13:28,889 - INFO - APH: 1h change of -2.94%
2025-01-19 15:13:28,933 - INFO - APG: 1mo change of 15.07%
2025-01-19 15:13:28,933 - INFO - Processing APG - 2024-10-31 14:30:00 UTC
2025-01-19 15:13:28,955 - INFO - APH: 1wk change of -2.85%
2025-01-19 15:13:29,022 - INFO - APH: 1mo change of -5.51%
2025-01-19 15:13:29,023 - INFO - Processing APH - 2025-01-17 15:26:18 UTC
2025-01-19 15:13:29,105 - INFO - Retrieved article length: 2968 characters
2025-01-19 15:13:29,210 - INFO - Retrieved article length: 1028 characters
2025-01-19 15:13:29,211 - INFO - APD: 1h change of 3.28%
2025-01-19 15:13:29,219 - INFO - APDN: 1h change of 7.94%
2025-01-19 15:13:29,225 - INFO - APDN: 1wk change of -10.00%
2025-01-19 15:13:29,278 - INFO - APDN: 1mo change of 5.56%
2025-01-19 15:13:29,278 - INFO - Processing APDN - 2024-12-18 00:05:00 UTC
2025-01-19 15:13:29,355 - INFO - APD: 1wk change of 12.20%
2025-01-19 15:13:29,500 - INFO - APD: 1mo change of 2.85%
2025-01-19 15:13:29,500 - INFO - Processing APD - 2025-01-15 20:10:17 UTC
2025-01-19 15:13:29,733 - INFO - APG: 1h change of 6.79%
2025-01-19 15:13:29,820 - INFO - APG: 1wk change of 8.01%
2025-01-19 15:13:29,909 - INFO - APG: 1mo change of 13.40%
2025-01-19 15:13:29,910 - INFO - Processing APG - 2024-10-25 14:49:13 UTC
2025-01-19 15:13:30,266 - INFO - Retrieved article length: 517 characters
2025-01-19 15:13:30,275 - INFO - APH: 1h change of -2.94%
2025-01-19 15:13:30,346 - INFO - APH: 1wk change of -2.85%
2025-01-19 15:13:30,416 - INFO - APH: 1mo change of -5.51%
2025-01-19 15:13:30,416 - INFO - Processing APH - 2025-01-16 17:19:41 UTC
2025-01-19 15:13:30,523 - INFO - Retrieved article length: 18744 characters
2025-01-19 15:13:30,531 - INFO - APDN: 1h change of 7.94%
2025-01-19 15:13:30,538 - INFO - APDN: 1wk change of -10.00%
2025-01-19 15:13:30,592 - INFO - APDN: 1mo change of 5.56%
2025-01-19 15:13:30,592 - INFO - Processing APDN - 2024-12-16 18:00:00 UTC
2025-01-19 15:13:30,684 - INFO - APG: 1h change of -2.70%
2025-01-19 15:13:30,754 - INFO - Retrieved article length: 3518 characters
2025-01-19 15:13:30,767 - INFO - APG: 1wk change of 5.27%
2025-01-19 15:13:30,858 - INFO - APD: 1h change of 3.74%
2025-01-19 15:13:30,882 - INFO - APG: 1mo change of 6.62%
2025-01-19 15:13:31,003 - INFO - APD: 1wk change of 12.20%
2025-01-19 15:13:31,034 - INFO - Processing APLD - 2025-01-17 03:00:56 UTC
2025-01-19 15:13:31,156 - INFO - APD: 1mo change of 2.37%
2025-01-19 15:13:31,157 - INFO - Processing APD - 2025-01-15 00:30:00 UTC
2025-01-19 15:13:31,327 - INFO - APH: 1wk change of -2.40%
2025-01-19 15:13:31,389 - INFO - APDN: 1h change of 35.29%
2025-01-19 15:13:31,443 - INFO - APH: 1mo change of -5.47%
2025-01-19 15:13:31,443 - INFO - Processing APH - 2025-01-16 17:15:24 UTC
2025-01-19 15:13:31,479 - INFO - APDN: 1wk change of 5.88%
2025-01-19 15:13:31,564 - INFO - Processing APDN - 2024-11-19 18:57:06 UTC
2025-01-19 15:13:32,274 - INFO - Retrieved article length: 2856 characters
2025-01-19 15:13:32,371 - INFO - APDN: 1h change of -4.85%
2025-01-19 15:13:32,372 - INFO - APLD: 1h change of 4.49%
2025-01-19 15:13:32,414 - INFO - Retrieved article length: 15889 characters
2025-01-19 15:13:32,422 - INFO - APD: 1h change of 3.74%
2025-01-19 15:13:32,450 - INFO - APDN: 1wk change of -21.05%
2025-01-19 15:13:32,454 - INFO - APLD: 1wk change of -5.52%
2025-01-19 15:13:32,488 - INFO - APD: 1wk change of 12.20%
2025-01-19 15:13:32,533 - INFO - APDN: 1mo change of -41.38%
2025-01-19 15:13:32,534 - INFO - Processing APLD - 2025-01-16 14:20:03 UTC
2025-01-19 15:13:32,554 - INFO - APD: 1mo change of 2.37%
2025-01-19 15:13:32,554 - INFO - Processing APD - 2025-01-14 18:54:49 UTC
2025-01-19 15:13:32,629 - INFO - Retrieved article length: 3377 characters
2025-01-19 15:13:32,694 - INFO - Processing APLE - 2025-01-17 17:00:00 UTC
2025-01-19 15:13:32,706 - INFO - APH: 1wk change of -2.40%
2025-01-19 15:13:32,778 - INFO - APH: 1mo change of -5.47%
2025-01-19 15:13:32,778 - INFO - Processing APH - 2025-01-01 15:58:15 UTC
2025-01-19 15:13:33,853 - INFO - Retrieved article length: 2019 characters
2025-01-19 15:13:33,867 - INFO - Retrieved article length: 550 characters
2025-01-19 15:13:33,899 - INFO - Retrieved article length: 5307 characters
2025-01-19 15:13:33,970 - INFO - APD: 1h change of 2.00%
2025-01-19 15:13:33,980 - INFO - Retrieved article length: 5021 characters
2025-01-19 15:13:33,994 - INFO - APLE: 1h change of -1.38%
2025-01-19 15:13:34,031 - INFO - APLD: 1wk change of -9.09%
2025-01-19 15:13:34,086 - INFO - APLE: 1wk change of 2.87%
2025-01-19 15:13:34,110 - INFO - APD: 1wk change of 12.20%
2025-01-19 15:13:34,114 - INFO - APLD: 1mo change of -1.49%
2025-01-19 15:13:34,114 - INFO - Processing APLD - 2025-01-15 23:21:44 UTC
2025-01-19 15:13:34,180 - INFO - APLE: 1mo change of -5.50%
2025-01-19 15:13:34,180 - INFO - Processing APLE - 2024-12-21 00:15:00 UTC
2025-01-19 15:13:34,188 - INFO - APH: 1wk change of -1.11%
2025-01-19 15:13:34,251 - INFO - APD: 1mo change of 1.44%
2025-01-19 15:13:34,306 - INFO - APH: 1mo change of -4.35%
2025-01-19 15:13:34,306 - INFO - Processing APH - 2024-12-31 17:45:08 UTC
2025-01-19 15:13:34,397 - INFO - Processing APLM - 2024-12-20 16:00:00 UTC
2025-01-19 15:13:35,341 - INFO - Retrieved article length: 5376 characters
2025-01-19 15:13:35,426 - INFO - Retrieved article length: 6657 characters
2025-01-19 15:13:35,427 - INFO - APLD: 1h change of 16.70%
2025-01-19 15:13:35,491 - INFO - Retrieved article length: 2224 characters
2025-01-19 15:13:35,510 - INFO - APLE: 1h change of 2.03%
2025-01-19 15:13:35,510 - INFO - APLD: 1wk change of -9.09%
2025-01-19 15:13:35,597 - INFO - APLE: 1wk change of -4.99%
2025-01-19 15:13:35,604 - INFO - APLD: 1mo change of 1.60%
2025-01-19 15:13:35,605 - INFO - Processing APLD - 2025-01-15 10:00:33 UTC
2025-01-19 15:13:35,622 - INFO - Retrieved article length: 6933 characters
2025-01-19 15:13:35,696 - INFO - APLE: 1mo change of -1.78%
2025-01-19 15:13:35,696 - INFO - Processing APLE - 2024-12-19 17:00:00 UTC
2025-01-19 15:13:35,704 - INFO - APH: 1wk change of 1.18%
2025-01-19 15:13:35,719 - INFO - APLM: 1h change of 19.13%
2025-01-19 15:13:35,822 - INFO - APLM: 1wk change of 37.99%
2025-01-19 15:13:35,823 - INFO - APH: 1mo change of -5.03%
2025-01-19 15:13:35,921 - INFO - Processing APLM - 2024-12-11 00:05:00 UTC
2025-01-19 15:13:35,959 - INFO - Processing APLS - 2025-01-13 22:23:46 UTC
2025-01-19 15:13:36,728 - INFO - APLM: 1h change of -7.88%
2025-01-19 15:13:36,761 - INFO - APLS: 1h change of -3.25%
2025-01-19 15:13:36,827 - INFO - APLM: 1wk change of -15.44%
2025-01-19 15:13:36,827 - INFO - Retrieved article length: 5668 characters
2025-01-19 15:13:36,835 - INFO - APLD: 1h change of 16.70%
2025-01-19 15:13:36,857 - INFO - APLS: 1wk change of -10.53%
2025-01-19 15:13:36,888 - INFO - APLD: 1wk change of -9.09%
2025-01-19 15:13:36,941 - INFO - APLM: 1mo change of -16.36%
2025-01-19 15:13:36,942 - INFO - Processing APLM - 2024-11-21 16:00:00 UTC
2025-01-19 15:13:36,942 - INFO - APLD: 1mo change of 1.60%
2025-01-19 15:13:36,942 - INFO - Processing APLD - 2025-01-15 00:05:00 UTC
2025-01-19 15:13:36,954 - INFO - APLS: 1mo change of -14.52%
2025-01-19 15:13:36,954 - INFO - Processing APLS - 2025-01-13 17:00:00 UTC
2025-01-19 15:13:37,031 - INFO - Retrieved article length: 8960 characters
2025-01-19 15:13:37,123 - INFO - APLE: 1h change of -2.93%
2025-01-19 15:13:37,220 - INFO - APLE: 1wk change of -4.51%
2025-01-19 15:13:37,324 - INFO - APLE: 1mo change of -2.23%
2025-01-19 15:13:37,324 - INFO - Processing APLE - 2024-12-19 00:15:00 UTC
2025-01-19 15:13:37,746 - INFO - APLM: 1h change of -37.15%
2025-01-19 15:13:37,859 - INFO - APLM: 1wk change of -25.83%
2025-01-19 15:13:37,960 - INFO - APLM: 1mo change of -8.54%
2025-01-19 15:13:38,101 - INFO - Processing APLT - 2025-01-08 15:50:40 UTC
2025-01-19 15:13:38,237 - INFO - Retrieved article length: 21205 characters
2025-01-19 15:13:38,245 - INFO - APLS: 1h change of -3.25%
2025-01-19 15:13:38,310 - INFO - APLS: 1wk change of -10.53%
2025-01-19 15:13:38,325 - INFO - Retrieved article length: 34949 characters
2025-01-19 15:13:38,336 - INFO - APLD: 1h change of 16.70%
2025-01-19 15:13:38,375 - INFO - APLS: 1mo change of -14.52%
2025-01-19 15:13:38,375 - INFO - Processing APLS - 2025-01-10 15:00:00 UTC
2025-01-19 15:13:38,388 - INFO - APLD: 1wk change of -9.09%
2025-01-19 15:13:38,445 - INFO - APLD: 1mo change of 1.60%
2025-01-19 15:13:38,445 - INFO - Processing APLD - 2025-01-14 18:14:57 UTC
2025-01-19 15:13:38,676 - INFO - Retrieved article length: 2446 characters
2025-01-19 15:13:38,684 - INFO - APLE: 1h change of -2.93%
2025-01-19 15:13:38,691 - INFO - APLE: 1wk change of -4.51%
2025-01-19 15:13:38,744 - INFO - APLE: 1mo change of -2.23%
2025-01-19 15:13:38,744 - INFO - Processing APLE - 2024-11-05 00:15:00 UTC
2025-01-19 15:13:38,891 - INFO - APLT: 1h change of -21.99%
2025-01-19 15:13:38,994 - INFO - APLT: 1wk change of -19.88%
2025-01-19 15:13:39,108 - INFO - APLT: 1mo change of -52.68%
2025-01-19 15:13:39,108 - INFO - Processing APLT - 2025-01-06 17:13:26 UTC
2025-01-19 15:13:39,235 - INFO - APLD: 1h change of 8.58%
2025-01-19 15:13:39,322 - INFO - APLD: 1wk change of -9.09%
2025-01-19 15:13:39,413 - INFO - Processing APLD - 2025-01-14 15:00:00 UTC
2025-01-19 15:13:39,506 - INFO - APLE: 1h change of 6.49%
2025-01-19 15:13:39,598 - INFO - APLE: 1wk change of 3.79%
2025-01-19 15:13:39,667 - INFO - Retrieved article length: 4623 characters
2025-01-19 15:13:39,690 - INFO - APLE: 1mo change of 10.38%
2025-01-19 15:13:39,690 - INFO - Processing APLE - 2024-11-04 16:00:00 UTC
2025-01-19 15:13:39,772 - INFO - APLS: 1h change of -19.13%
2025-01-19 15:13:39,878 - INFO - APLS: 1wk change of -6.19%
2025-01-19 15:13:39,985 - INFO - APLS: 1mo change of -10.62%
2025-01-19 15:13:39,986 - INFO - Processing APLS - 2025-01-08 00:05:00 UTC
2025-01-19 15:13:40,311 - INFO - Retrieved article length: 7732 characters
2025-01-19 15:13:40,411 - INFO - APLT: 1h change of -13.31%
2025-01-19 15:13:40,509 - INFO - APLT: 1wk change of -22.74%
2025-01-19 15:13:40,606 - INFO - APLE: 1wk change of 7.28%
2025-01-19 15:13:40,606 - INFO - APLT: 1mo change of -62.69%
2025-01-19 15:13:40,607 - INFO - Processing APLT - 2024-12-23 15:11:40 UTC
2025-01-19 15:13:40,701 - INFO - APLE: 1mo change of 9.19%
2025-01-19 15:13:40,719 - INFO - Retrieved article length: 12597 characters
2025-01-19 15:13:40,728 - INFO - APLD: 1h change of 8.58%
2025-01-19 15:13:40,781 - INFO - APLD: 1wk change of -9.09%
2025-01-19 15:13:40,836 - INFO - Processing APLD - 2025-01-14 14:00:00 UTC
2025-01-19 15:13:40,877 - INFO - Processing APM - 2025-01-08 14:28:19 UTC
2025-01-19 15:13:41,192 - INFO - Retrieved article length: 3676 characters
2025-01-19 15:13:41,296 - INFO - APLS: 1h change of -4.11%
2025-01-19 15:13:41,399 - INFO - APLS: 1wk change of -6.16%
2025-01-19 15:13:41,496 - INFO - APLS: 1mo change of -12.29%
2025-01-19 15:13:41,498 - INFO - Processing APLS - 2025-01-07 15:56:05 UTC
2025-01-19 15:13:41,537 - INFO - APLD: 1h change of 8.58%
2025-01-19 15:13:41,591 - INFO - APLD: 1wk change of -9.09%
2025-01-19 15:13:41,655 - INFO - APM: 1h change of -13.77%
2025-01-19 15:13:41,757 - INFO - APM: 1wk change of -15.13%
2025-01-19 15:13:41,772 - INFO - Processing APO - 2025-01-18 05:00:00 UTC
2025-01-19 15:13:41,841 - INFO - APM: 1mo change of 59.28%
2025-01-19 15:13:41,841 - INFO - Processing APM - 2025-01-02 19:22:47 UTC
2025-01-19 15:13:41,886 - INFO - Retrieved article length: 5143 characters
2025-01-19 15:13:41,993 - INFO - APLT: 1h change of 3.30%
2025-01-19 15:13:42,092 - INFO - APLT: 1wk change of -25.57%
2025-01-19 15:13:42,195 - INFO - APLT: 1mo change of -92.45%
2025-01-19 15:13:42,195 - INFO - Processing APLT - 2024-12-21 01:15:51 UTC
2025-01-19 15:13:42,980 - INFO - Retrieved article length: 171 characters
2025-01-19 15:13:43,010 - INFO - Retrieved article length: 531 characters
2025-01-19 15:13:43,057 - INFO - Retrieved article length: 489 characters
2025-01-19 15:13:43,111 - INFO - APLS: 1h change of -4.11%
2025-01-19 15:13:43,152 - INFO - APM: 1h change of -58.53%
2025-01-19 15:13:43,163 - INFO - APO: 1wk change of 3.09%
2025-01-19 15:13:43,226 - INFO - APLS: 1wk change of -6.80%
2025-01-19 15:13:43,235 - INFO - APM: 1wk change of 89.37%
2025-01-19 15:13:43,265 - INFO - APO: 1mo change of -6.26%
2025-01-19 15:13:43,265 - INFO - Processing APO - 2025-01-17 19:17:06 UTC
2025-01-19 15:13:43,319 - INFO - APM: 1mo change of 76.92%
2025-01-19 15:13:43,320 - INFO - Processing APM - 2025-01-02 18:55:00 UTC
2025-01-19 15:13:43,321 - INFO - APLS: 1mo change of -13.56%
2025-01-19 15:13:43,321 - INFO - Processing APLS - 2025-01-06 15:00:00 UTC
2025-01-19 15:13:43,492 - INFO - Retrieved article length: 3622 characters
2025-01-19 15:13:43,601 - INFO - APLT: 1h change of -11.99%
2025-01-19 15:13:43,705 - INFO - APLT: 1wk change of -34.27%
2025-01-19 15:13:43,806 - INFO - APLT: 1mo change of -92.45%
2025-01-19 15:13:43,806 - INFO - Processing APLT - 2024-12-20 15:45:34 UTC
2025-01-19 15:13:44,478 - INFO - Retrieved article length: 5188 characters
2025-01-19 15:13:44,528 - INFO - Retrieved article length: 1506 characters
2025-01-19 15:13:44,578 - INFO - Retrieved article length: 5333 characters
2025-01-19 15:13:44,587 - INFO - APM: 1h change of -58.53%
2025-01-19 15:13:44,591 - INFO - APM: 1wk change of 89.37%
2025-01-19 15:13:44,643 - INFO - APM: 1mo change of 76.92%
2025-01-19 15:13:44,643 - INFO - Processing APM - 2024-12-31 18:17:51 UTC
2025-01-19 15:13:44,685 - INFO - APO: 1wk change of 2.79%
2025-01-19 15:13:44,723 - INFO - APLS: 1wk change of -11.17%
2025-01-19 15:13:44,781 - INFO - APO: 1mo change of -5.35%
2025-01-19 15:13:44,781 - INFO - Processing APO - 2025-01-16 19:12:45 UTC
2025-01-19 15:13:44,819 - INFO - APLS: 1mo change of -15.49%
2025-01-19 15:13:44,819 - INFO - Processing APLS - 2025-01-03 21:02:45 UTC
2025-01-19 15:13:45,061 - INFO - Retrieved article length: 527 characters
2025-01-19 15:13:45,163 - INFO - APLT: 1h change of -11.99%
2025-01-19 15:13:45,259 - INFO - APLT: 1wk change of -29.50%
2025-01-19 15:13:45,361 - INFO - APLT: 1mo change of -92.49%
2025-01-19 15:13:45,362 - INFO - Processing APLT - 2024-12-20 15:40:10 UTC
2025-01-19 15:13:45,890 - INFO - Retrieved article length: 3195 characters
2025-01-19 15:13:45,974 - INFO - APM: 1h change of 137.20%
2025-01-19 15:13:45,998 - INFO - Retrieved article length: 622 characters
2025-01-19 15:13:46,054 - INFO - APM: 1wk change of 94.82%
2025-01-19 15:13:46,092 - INFO - APO: 1h change of 5.71%
2025-01-19 15:13:46,120 - INFO - Retrieved article length: 7642 characters
2025-01-19 15:13:46,138 - INFO - APM: 1mo change of 71.64%
2025-01-19 15:13:46,138 - INFO - Processing APM - 2024-12-31 15:35:56 UTC
2025-01-19 15:13:46,198 - INFO - APO: 1wk change of -1.25%
2025-01-19 15:13:46,218 - INFO - APLS: 1h change of 4.15%
2025-01-19 15:13:46,300 - INFO - APO: 1mo change of -5.34%
2025-01-19 15:13:46,301 - INFO - Processing APO - 2025-01-16 12:59:24 UTC
2025-01-19 15:13:46,312 - INFO - APLS: 1wk change of -17.65%
2025-01-19 15:13:46,416 - INFO - APLS: 1mo change of -11.77%
2025-01-19 15:13:46,416 - INFO - Processing APLS - 2024-12-17 16:16:11 UTC
2025-01-19 15:13:46,589 - INFO - Retrieved article length: 540 characters
2025-01-19 15:13:46,597 - INFO - APLT: 1h change of -11.99%
2025-01-19 15:13:46,604 - INFO - APLT: 1wk change of -29.50%
2025-01-19 15:13:46,672 - INFO - APLT: 1mo change of -92.49%
2025-01-19 15:13:46,673 - INFO - Processing APLT - 2024-12-20 15:00:00 UTC
2025-01-19 15:13:47,363 - INFO - APLS: 1wk change of -5.90%
2025-01-19 15:13:47,453 - INFO - Retrieved article length: 470 characters
2025-01-19 15:13:47,459 - INFO - APLS: 1mo change of 2.31%
2025-01-19 15:13:47,462 - INFO - APM: 1h change of 137.20%
2025-01-19 15:13:47,467 - INFO - APM: 1wk change of 94.82%
2025-01-19 15:13:47,519 - INFO - APM: 1mo change of 71.64%
2025-01-19 15:13:47,519 - INFO - Processing APM - 2024-12-21 00:00:00 UTC
2025-01-19 15:13:47,542 - INFO - Retrieved article length: 3519 characters
2025-01-19 15:13:47,552 - INFO - APO: 1h change of 5.71%
2025-01-19 15:13:47,595 - INFO - Processing APP - 2025-01-17 17:54:13 UTC
2025-01-19 15:13:47,606 - INFO - APO: 1wk change of -1.25%
2025-01-19 15:13:47,659 - INFO - APO: 1mo change of -5.34%
2025-01-19 15:13:47,660 - INFO - Processing APO - 2025-01-15 17:36:50 UTC
2025-01-19 15:13:47,960 - INFO - Retrieved article length: 14738 characters
2025-01-19 15:13:47,968 - INFO - APLT: 1h change of -11.99%
2025-01-19 15:13:47,974 - INFO - APLT: 1wk change of -29.50%
2025-01-19 15:13:48,044 - INFO - APLT: 1mo change of -92.49%
2025-01-19 15:13:48,045 - INFO - Processing APLT - 2024-12-03 16:22:36 UTC
2025-01-19 15:13:48,783 - INFO - Retrieved article length: 10354 characters
2025-01-19 15:13:48,814 - INFO - Retrieved article length: 4600 characters
2025-01-19 15:13:48,866 - INFO - APM: 1h change of 8.79%
2025-01-19 15:13:48,882 - INFO - APLT: 1h change of -26.08%
2025-01-19 15:13:48,927 - INFO - Retrieved article length: 633 characters
2025-01-19 15:13:48,946 - INFO - APM: 1wk change of 72.61%
2025-01-19 15:13:48,978 - INFO - APLT: 1wk change of -88.11%
2025-01-19 15:13:49,015 - INFO - APP: 1wk change of 3.74%
2025-01-19 15:13:49,017 - INFO - APO: 1h change of 8.35%
2025-01-19 15:13:49,028 - INFO - APM: 1mo change of 110.62%
2025-01-19 15:13:49,076 - INFO - APLT: 1mo change of -90.01%
2025-01-19 15:13:49,111 - INFO - APP: 1mo change of 5.51%
2025-01-19 15:13:49,112 - INFO - APO: 1wk change of -1.25%
2025-01-19 15:13:49,112 - INFO - Processing APP - 2025-01-16 17:11:04 UTC
2025-01-19 15:13:49,144 - INFO - Processing APPS - 2024-12-25 13:16:50 UTC
2025-01-19 15:13:49,213 - INFO - APO: 1mo change of -6.51%
2025-01-19 15:13:49,214 - INFO - Processing APO - 2025-01-15 17:36:42 UTC
2025-01-19 15:13:49,248 - INFO - Processing APRE - 2024-12-11 16:30:00 UTC
2025-01-19 15:13:50,087 - INFO - APRE: 1h change of -1.96%
2025-01-19 15:13:50,194 - INFO - APRE: 1wk change of -2.24%
2025-01-19 15:13:50,290 - INFO - APRE: 1mo change of -11.38%
2025-01-19 15:13:50,291 - INFO - Processing APRE - 2024-11-13 17:55:05 UTC
2025-01-19 15:13:50,353 - INFO - Retrieved article length: 7518 characters
2025-01-19 15:13:50,435 - INFO - Retrieved article length: 6214 characters
2025-01-19 15:13:50,459 - INFO - APP: 1h change of 5.49%
2025-01-19 15:13:50,495 - INFO - Retrieved article length: 1619 characters
2025-01-19 15:13:50,503 - INFO - APO: 1h change of 8.35%
2025-01-19 15:13:50,520 - INFO - APPS: 1h change of 18.99%
2025-01-19 15:13:50,557 - INFO - APO: 1wk change of -1.25%
2025-01-19 15:13:50,559 - INFO - APP: 1wk change of -3.55%
2025-01-19 15:13:50,608 - INFO - APPS: 1wk change of 35.86%
2025-01-19 15:13:50,610 - INFO - APO: 1mo change of -6.51%
2025-01-19 15:13:50,610 - INFO - Processing APO - 2025-01-15 17:00:00 UTC
2025-01-19 15:13:50,656 - INFO - APP: 1mo change of 4.94%
2025-01-19 15:13:50,656 - INFO - Processing APP - 2025-01-16 16:00:11 UTC
2025-01-19 15:13:50,689 - INFO - APPS: 1mo change of 39.86%
2025-01-19 15:13:50,689 - INFO - Processing APPS - 2024-12-10 19:20:00 UTC
2025-01-19 15:13:51,144 - INFO - APRE: 1h change of -2.05%
2025-01-19 15:13:51,256 - INFO - APRE: 1wk change of -27.49%
2025-01-19 15:13:51,354 - INFO - APRE: 1mo change of 30.47%
2025-01-19 15:13:51,355 - INFO - Processing APRE - 2024-11-10 16:37:16 UTC
2025-01-19 15:13:51,457 - INFO - APPS: 1h change of -6.69%
2025-01-19 15:13:51,544 - INFO - APPS: 1wk change of 20.69%
2025-01-19 15:13:51,637 - INFO - APPS: 1mo change of -47.08%
2025-01-19 15:13:51,637 - INFO - Processing APPS - 2024-11-15 22:49:25 UTC
2025-01-19 15:13:51,862 - INFO - Retrieved article length: 7595 characters
2025-01-19 15:13:51,867 - INFO - Retrieved article length: 7888 characters
2025-01-19 15:13:51,872 - INFO - APP: 1h change of 5.49%
2025-01-19 15:13:51,876 - INFO - APO: 1h change of 8.35%
2025-01-19 15:13:51,932 - INFO - APO: 1wk change of -1.25%
2025-01-19 15:13:51,937 - INFO - APP: 1wk change of -3.55%
2025-01-19 15:13:51,989 - INFO - APO: 1mo change of -6.51%
2025-01-19 15:13:51,989 - INFO - Processing APO - 2025-01-15 17:00:00 UTC
2025-01-19 15:13:52,004 - INFO - APP: 1mo change of 4.94%
2025-01-19 15:13:52,004 - INFO - Processing APP - 2025-01-15 19:58:28 UTC
2025-01-19 15:13:52,155 - INFO - APRE: 1h change of 2.03%
2025-01-19 15:13:52,257 - INFO - APRE: 1wk change of -22.76%
2025-01-19 15:13:52,356 - INFO - APRE: 1mo change of 21.95%
2025-01-19 15:13:52,357 - INFO - Processing APRE - 2024-11-07 17:20:07 UTC
2025-01-19 15:13:52,418 - INFO - APPS: 1h change of -6.76%
2025-01-19 15:13:52,503 - INFO - APPS: 1wk change of -53.23%
2025-01-19 15:13:52,590 - INFO - APPS: 1mo change of -49.86%
2025-01-19 15:13:52,591 - INFO - Processing APPS - 2024-11-14 14:33:55 UTC
2025-01-19 15:13:53,148 - INFO - APRE: 1h change of -11.76%
2025-01-19 15:13:53,216 - INFO - Retrieved article length: 1622 characters
2025-01-19 15:13:53,246 - INFO - APRE: 1wk change of -24.07%
2025-01-19 15:13:53,288 - INFO - Retrieved article length: 4612 characters
2025-01-19 15:13:53,297 - INFO - APO: 1h change of 8.35%
2025-01-19 15:13:53,319 - INFO - APP: 1h change of 6.46%
2025-01-19 15:13:53,342 - INFO - APRE: 1mo change of 37.40%
2025-01-19 15:13:53,343 - INFO - Processing APRE - 2024-11-07 16:00:00 UTC
2025-01-19 15:13:53,350 - INFO - APO: 1wk change of -1.25%
2025-01-19 15:13:53,403 - INFO - APO: 1mo change of -6.51%
2025-01-19 15:13:53,403 - INFO - APPS: 1h change of -5.76%
2025-01-19 15:13:53,414 - INFO - APP: 1wk change of -3.55%
2025-01-19 15:13:53,487 - INFO - APPS: 1wk change of -51.13%
2025-01-19 15:13:53,510 - INFO - APP: 1mo change of 1.22%
2025-01-19 15:13:53,510 - INFO - Processing APP - 2025-01-15 17:00:14 UTC
2025-01-19 15:13:53,568 - INFO - APPS: 1mo change of -49.32%
2025-01-19 15:13:53,568 - INFO - Processing APPS - 2024-11-09 08:00:28 UTC
2025-01-19 15:13:53,578 - INFO - Processing APTO - 2025-01-10 00:26:24 UTC
2025-01-19 15:13:54,031 - INFO - APRE: 1h change of -11.76%
2025-01-19 15:13:54,037 - INFO - APRE: 1wk change of -24.07%
2025-01-19 15:13:54,043 - INFO - APRE: 1mo change of 37.40%
2025-01-19 15:13:54,043 - INFO - Processing APRE - 2024-11-07 01:15:15 UTC
2025-01-19 15:13:54,345 - INFO - APPS: 1h change of -16.67%
2025-01-19 15:13:54,429 - INFO - APPS: 1wk change of -64.59%
2025-01-19 15:13:54,513 - INFO - APPS: 1mo change of -53.11%
2025-01-19 15:13:54,514 - INFO - Processing APPS - 2024-11-08 14:04:25 UTC
2025-01-19 15:13:54,707 - INFO - Retrieved article length: 2970 characters
2025-01-19 15:13:54,715 - INFO - APP: 1h change of 6.46%
2025-01-19 15:13:54,768 - INFO - APRE: 1h change of -11.76%
2025-01-19 15:13:54,773 - INFO - APRE: 1wk change of -24.07%
2025-01-19 15:13:54,779 - INFO - APRE: 1mo change of 37.40%
2025-01-19 15:13:54,779 - INFO - Processing APRE - 2024-10-24 15:40:25 UTC
2025-01-19 15:13:54,781 - INFO - APP: 1wk change of -3.55%
2025-01-19 15:13:54,798 - INFO - Retrieved article length: 523 characters
2025-01-19 15:13:54,847 - INFO - APP: 1mo change of 1.22%
2025-01-19 15:13:54,847 - INFO - Processing APP - 2025-01-15 12:06:42 UTC
2025-01-19 15:13:54,885 - INFO - APTO: 1h change of 5.17%
2025-01-19 15:13:54,981 - INFO - APTO: 1wk change of -8.70%
2025-01-19 15:13:55,071 - INFO - APTO: 1mo change of 10.53%
2025-01-19 15:13:55,072 - INFO - Processing APTO - 2025-01-10 00:00:00 UTC
2025-01-19 15:13:55,335 - INFO - APPS: 1h change of -55.77%
2025-01-19 15:13:55,425 - INFO - APPS: 1wk change of -64.59%
2025-01-19 15:13:55,513 - INFO - APPS: 1mo change of -48.74%
2025-01-19 15:13:55,513 - INFO - Processing APPS - 2024-11-07 01:34:28 UTC
2025-01-19 15:13:55,565 - INFO - APRE: 1h change of -5.12%
2025-01-19 15:13:55,666 - INFO - APRE: 1wk change of 53.13%
2025-01-19 15:13:55,776 - INFO - APRE: 1mo change of 2.05%
2025-01-19 15:13:55,776 - INFO - Processing APRE - 2024-10-23 21:43:38 UTC
2025-01-19 15:13:56,045 - INFO - Retrieved article length: 6328 characters
2025-01-19 15:13:56,052 - INFO - APP: 1h change of 6.46%
2025-01-19 15:13:56,123 - INFO - APP: 1wk change of -3.55%
2025-01-19 15:13:56,193 - INFO - APP: 1mo change of 1.22%
2025-01-19 15:13:56,193 - INFO - Processing APP - 2025-01-14 23:46:29 UTC
2025-01-19 15:13:56,248 - INFO - Retrieved article length: 6610 characters
2025-01-19 15:13:56,256 - INFO - APTO: 1h change of 5.17%
2025-01-19 15:13:56,311 - INFO - APTO: 1wk change of -8.70%
2025-01-19 15:13:56,365 - INFO - APTO: 1mo change of 10.53%
2025-01-19 15:13:56,365 - INFO - Processing APTO - 2024-12-20 22:00:12 UTC
2025-01-19 15:13:56,633 - INFO - APRE: 1h change of -9.51%
2025-01-19 15:13:56,733 - INFO - APRE: 1wk change of 53.13%
2025-01-19 15:13:56,747 - INFO - Retrieved article length: 1006 characters
2025-01-19 15:13:56,830 - INFO - APRE: 1mo change of 3.85%
2025-01-19 15:13:56,832 - INFO - APPS: 1h change of -52.95%
2025-01-19 15:13:56,913 - INFO - APPS: 1wk change of -62.57%
2025-01-19 15:13:56,996 - INFO - Processing APVO - 2025-01-15 16:00:00 UTC
2025-01-19 15:13:57,001 - INFO - APPS: 1mo change of -45.72%
2025-01-19 15:13:57,001 - INFO - Processing APPS - 2024-11-07 01:20:00 UTC
2025-01-19 15:13:57,432 - INFO - Retrieved article length: 5911 characters
2025-01-19 15:13:57,534 - INFO - APP: 1h change of 7.51%
2025-01-19 15:13:57,627 - INFO - Retrieved article length: 469 characters
2025-01-19 15:13:57,629 - INFO - APP: 1wk change of -3.55%
2025-01-19 15:13:57,717 - INFO - APTO: 1h change of 49.97%
2025-01-19 15:13:57,723 - INFO - APP: 1mo change of 6.63%
2025-01-19 15:13:57,723 - INFO - Processing APP - 2025-01-14 20:10:14 UTC
2025-01-19 15:13:57,729 - INFO - APPS: 1h change of -52.95%
2025-01-19 15:13:57,734 - INFO - APPS: 1wk change of -62.57%
2025-01-19 15:13:57,739 - INFO - APPS: 1mo change of -45.72%
2025-01-19 15:13:57,800 - INFO - APTO: 1wk change of 26.32%
2025-01-19 15:13:57,888 - INFO - APTO: 1mo change of -41.67%
2025-01-19 15:13:57,888 - INFO - Processing APTO - 2024-12-20 16:04:23 UTC
2025-01-19 15:13:57,898 - INFO - Processing APWC - 2025-01-13 13:55:52 UTC
2025-01-19 15:13:58,217 - INFO - Retrieved article length: 7367 characters
2025-01-19 15:13:58,327 - INFO - APVO: 1h change of -1.53%
2025-01-19 15:13:58,426 - INFO - APVO: 1wk change of -12.55%
2025-01-19 15:13:58,836 - INFO - APVO: 1mo change of -55.44%
2025-01-19 15:13:58,836 - INFO - Processing APVO - 2024-12-12 20:50:00 UTC
2025-01-19 15:13:59,021 - INFO - Retrieved article length: 3444 characters
2025-01-19 15:13:59,029 - INFO - APP: 1h change of 7.51%
2025-01-19 15:13:59,094 - INFO - APP: 1wk change of -3.55%
2025-01-19 15:13:59,123 - INFO - Retrieved article length: 4559 characters
2025-01-19 15:13:59,158 - INFO - APP: 1mo change of 6.63%
2025-01-19 15:13:59,180 - INFO - Retrieved article length: 481 characters
2025-01-19 15:13:59,188 - INFO - APTO: 1h change of 49.97%
2025-01-19 15:13:59,194 - INFO - APTO: 1wk change of 26.32%
2025-01-19 15:13:59,247 - INFO - APTO: 1mo change of -41.67%
2025-01-19 15:13:59,247 - INFO - Processing APTO - 2024-12-20 00:05:00 UTC
2025-01-19 15:13:59,292 - INFO - APWC: 1wk change of 6.90%
2025-01-19 15:13:59,326 - INFO - Processing AQB - 2024-12-11 16:00:00 UTC
2025-01-19 15:13:59,381 - INFO - APWC: 1mo change of -3.13%
2025-01-19 15:13:59,381 - INFO - Processing APWC - 2024-12-03 13:46:01 UTC
2025-01-19 15:13:59,621 - INFO - APVO: 1h change of -53.09%
2025-01-19 15:13:59,724 - INFO - APVO: 1wk change of -49.71%
2025-01-19 15:13:59,832 - INFO - APVO: 1mo change of -60.20%
2025-01-19 15:13:59,832 - INFO - Processing APVO - 2024-12-12 17:00:00 UTC
2025-01-19 15:14:00,147 - INFO - APWC: 1h change of -15.43%
2025-01-19 15:14:00,156 - INFO - AQB: 1h change of -34.37%
2025-01-19 15:14:00,231 - INFO - APWC: 1wk change of -21.61%
2025-01-19 15:14:00,252 - INFO - AQB: 1wk change of -41.78%
2025-01-19 15:14:00,312 - INFO - APWC: 1mo change of -15.15%
2025-01-19 15:14:00,313 - INFO - Processing APWC - 2024-12-02 16:00:00 UTC
2025-01-19 15:14:00,350 - INFO - AQB: 1mo change of -30.09%
2025-01-19 15:14:00,350 - INFO - Processing AQB - 2024-11-06 13:52:32 UTC
2025-01-19 15:14:00,527 - INFO - Retrieved article length: 5655 characters
2025-01-19 15:14:00,534 - INFO - APVO: 1h change of -53.09%
2025-01-19 15:14:00,535 - INFO - APTO: 1h change of 49.97%
2025-01-19 15:14:00,542 - INFO - APTO: 1wk change of 26.32%
2025-01-19 15:14:00,542 - INFO - APVO: 1wk change of -49.71%
2025-01-19 15:14:00,550 - INFO - APVO: 1mo change of -60.20%
2025-01-19 15:14:00,550 - INFO - Processing APVO - 2024-12-04 16:35:00 UTC
2025-01-19 15:14:00,594 - INFO - APTO: 1mo change of -41.67%
2025-01-19 15:14:00,594 - INFO - Processing APTO - 2024-12-12 19:33:00 UTC
2025-01-19 15:14:01,152 - INFO - AQB: 1h change of -6.83%
2025-01-19 15:14:01,185 - INFO - APWC: 1h change of -12.77%
2025-01-19 15:14:01,246 - INFO - AQB: 1wk change of -16.67%
2025-01-19 15:14:01,268 - INFO - APWC: 1wk change of -15.54%
2025-01-19 15:14:01,338 - INFO - APVO: 1h change of 16.41%
2025-01-19 15:14:01,348 - INFO - AQB: 1mo change of -25.68%
2025-01-19 15:14:01,348 - INFO - Processing AQB - 2024-11-05 16:00:00 UTC
2025-01-19 15:14:01,348 - INFO - APWC: 1mo change of -6.45%
2025-01-19 15:14:01,349 - INFO - Processing APWC - 2024-11-19 19:54:22 UTC
2025-01-19 15:14:01,439 - INFO - APVO: 1wk change of -64.11%
2025-01-19 15:14:01,528 - INFO - APTO: 1wk change of 55.56%
2025-01-19 15:14:01,535 - INFO - APVO: 1mo change of -50.10%
2025-01-19 15:14:01,536 - INFO - Processing APVO - 2024-11-29 17:55:00 UTC
2025-01-19 15:14:01,615 - INFO - APTO: 1mo change of -46.15%
2025-01-19 15:14:01,615 - INFO - Processing APTO - 2024-12-12 18:15:00 UTC
2025-01-19 15:14:02,140 - INFO - APWC: 1h change of 1.02%
2025-01-19 15:14:02,180 - INFO - AQB: 1h change of -7.21%
2025-01-19 15:14:02,225 - INFO - APWC: 1wk change of 5.43%
2025-01-19 15:14:02,287 - INFO - AQB: 1wk change of -14.92%
2025-01-19 15:14:02,309 - INFO - APWC: 1mo change of -10.63%
2025-01-19 15:14:02,309 - INFO - Processing APWC - 2024-11-19 16:00:00 UTC
2025-01-19 15:14:02,323 - INFO - APTO: 1wk change of 55.56%
2025-01-19 15:14:02,329 - INFO - APTO: 1mo change of -46.15%
2025-01-19 15:14:02,329 - INFO - Processing APTO - 2024-12-09 20:00:00 UTC
2025-01-19 15:14:02,361 - INFO - APVO: 1h change of -11.23%
2025-01-19 15:14:02,383 - INFO - AQB: 1mo change of -23.39%
2025-01-19 15:14:02,462 - INFO - APVO: 1wk change of 4.86%
2025-01-19 15:14:02,564 - INFO - APVO: 1mo change of -49.59%
2025-01-19 15:14:02,564 - INFO - Processing APVO - 2024-11-26 16:35:00 UTC
2025-01-19 15:14:02,706 - INFO - Processing AQMS - 2024-12-20 16:00:00 UTC
2025-01-19 15:14:03,068 - INFO - APWC: 1h change of 1.02%
2025-01-19 15:14:03,073 - INFO - APWC: 1wk change of 5.43%
2025-01-19 15:14:03,079 - INFO - APWC: 1mo change of -10.63%
2025-01-19 15:14:03,106 - INFO - APTO: 1h change of -7.41%
2025-01-19 15:14:03,243 - INFO - Processing AQST - 2025-01-13 15:00:00 UTC
2025-01-19 15:14:03,287 - INFO - APTO: 1mo change of -45.00%
2025-01-19 15:14:03,376 - INFO - APVO: 1h change of 8.04%
2025-01-19 15:14:03,417 - INFO - Processing AQU - 2025-01-07 01:00:00 UTC
2025-01-19 15:14:03,479 - INFO - APVO: 1wk change of 24.87%
2025-01-19 15:14:03,583 - INFO - APVO: 1mo change of -63.51%
2025-01-19 15:14:03,583 - INFO - Processing APVO - 2024-11-22 16:35:00 UTC
2025-01-19 15:14:03,965 - INFO - Retrieved article length: 7967 characters
2025-01-19 15:14:04,013 - INFO - AQST: 1h change of -1.77%
2025-01-19 15:14:04,071 - INFO - AQMS: 1h change of -5.88%
2025-01-19 15:14:04,103 - INFO - AQST: 1wk change of -13.41%
2025-01-19 15:14:04,169 - INFO - AQMS: 1wk change of 9.17%
2025-01-19 15:14:04,186 - INFO - AQST: 1mo change of -20.31%
2025-01-19 15:14:04,186 - INFO - Processing AQST - 2024-12-19 21:49:40 UTC
2025-01-19 15:14:04,266 - INFO - AQMS: 1mo change of 18.56%
2025-01-19 15:14:04,266 - INFO - Processing AQMS - 2024-11-15 10:23:28 UTC
2025-01-19 15:14:04,396 - INFO - APVO: 1h change of 15.41%
2025-01-19 15:14:04,500 - INFO - APVO: 1wk change of 1.82%
2025-01-19 15:14:04,609 - INFO - APVO: 1mo change of -30.60%
2025-01-19 15:14:04,609 - INFO - Processing APVO - 2024-11-20 16:35:00 UTC
2025-01-19 15:14:04,732 - INFO - Retrieved article length: 3166 characters
2025-01-19 15:14:04,811 - ERROR -  Error processing AQU for 1h: index 0 is out of bounds for axis 0 with size 0
2025-01-19 15:14:04,990 - INFO - AQU: 1mo change of 8.47%
2025-01-19 15:14:05,094 - INFO - AQMS: 1h change of -17.12%
2025-01-19 15:14:05,126 - INFO - Processing AQUNR - 2025-01-07 01:00:00 UTC
2025-01-19 15:14:05,197 - INFO - AQMS: 1wk change of -12.90%
2025-01-19 15:14:05,300 - INFO - AQMS: 1mo change of -46.97%
2025-01-19 15:14:05,300 - INFO - Processing AQMS - 2024-11-15 00:30:01 UTC
2025-01-19 15:14:05,393 - INFO - APVO: 1h change of 27.47%
2025-01-19 15:14:05,481 - INFO - Retrieved article length: 531 characters
2025-01-19 15:14:05,489 - INFO - APVO: 1wk change of -2.78%
2025-01-19 15:14:05,575 - INFO - AQST: 1h change of -2.41%
2025-01-19 15:14:05,585 - INFO - APVO: 1mo change of -15.61%
2025-01-19 15:14:05,626 - INFO - Retrieved article length: 3166 characters
2025-01-19 15:14:05,654 - INFO - AQST: 1wk change of -9.51%
2025-01-19 15:14:05,717 - INFO - AQUNR: 1h change of -27.14%
2025-01-19 15:14:05,734 - INFO - AQST: 1mo change of -32.17%
2025-01-19 15:14:05,734 - INFO - Processing AQST - 2024-12-19 19:40:21 UTC
2025-01-19 15:14:05,736 - INFO - Processing AQUNU - 2025-01-07 01:00:00 UTC
2025-01-19 15:14:05,793 - ERROR - AQUNR: Period '1mo' is invalid, must be one of ['1d', '5d']
2025-01-19 15:14:06,007 - INFO - Processing AR - 2025-01-17 18:47:55 UTC
2025-01-19 15:14:06,115 - INFO - Retrieved article length: 3166 characters
2025-01-19 15:14:06,220 - INFO - AQUNU: 1h change of -2.88%
2025-01-19 15:14:06,321 - INFO - AQUNU: 1wk change of -2.92%
2025-01-19 15:14:06,421 - INFO - AQUNU: 1mo change of 11.70%
2025-01-19 15:14:06,583 - INFO - Processing ARAY - 2025-01-14 20:13:00 UTC
2025-01-19 15:14:06,617 - INFO - Retrieved article length: 707 characters
2025-01-19 15:14:06,625 - INFO - AQMS: 1h change of -17.12%
2025-01-19 15:14:06,632 - INFO - AQMS: 1wk change of -12.90%
2025-01-19 15:14:06,639 - INFO - AQMS: 1mo change of -46.97%
2025-01-19 15:14:06,639 - INFO - Processing AQMS - 2024-11-15 00:05:00 UTC
2025-01-19 15:14:06,938 - INFO - Retrieved article length: 1770 characters
2025-01-19 15:14:06,946 - INFO - AQST: 1h change of -2.41%
2025-01-19 15:14:06,954 - INFO - AQST: 1wk change of -9.51%
2025-01-19 15:14:07,007 - INFO - AQST: 1mo change of -32.17%
2025-01-19 15:14:07,007 - INFO - Processing AQST - 2024-12-19 18:33:00 UTC
2025-01-19 15:14:07,322 - INFO - Retrieved article length: 518 characters
2025-01-19 15:14:07,390 - INFO - AQMS: 1h change of -17.12%
2025-01-19 15:14:07,397 - INFO - AQMS: 1wk change of -12.90%
2025-01-19 15:14:07,404 - INFO - AQMS: 1mo change of -46.97%
2025-01-19 15:14:07,404 - INFO - Processing AQMS - 2024-11-07 16:00:00 UTC
2025-01-19 15:14:07,413 - INFO - AR: 1h change of 1.76%
2025-01-19 15:14:07,498 - INFO - AR: 1wk change of 10.31%
2025-01-19 15:14:07,587 - INFO - AR: 1mo change of 24.99%
2025-01-19 15:14:07,588 - INFO - Processing AR - 2025-01-14 15:00:00 UTC
2025-01-19 15:14:07,894 - INFO - Retrieved article length: 5981 characters
2025-01-19 15:14:07,974 - INFO - Retrieved article length: 2014 characters
2025-01-19 15:14:07,993 - INFO - ARAY: 1h change of 10.31%
2025-01-19 15:14:08,059 - INFO - AR: 1h change of 5.21%
2025-01-19 15:14:08,092 - INFO - ARAY: 1wk change of 2.28%
2025-01-19 15:14:08,146 - INFO - AR: 1wk change of 12.36%
2025-01-19 15:14:08,193 - INFO - ARAY: 1mo change of 8.21%
2025-01-19 15:14:08,193 - INFO - Processing ARAY - 2025-01-13 23:38:10 UTC
2025-01-19 15:14:08,235 - INFO - AR: 1mo change of 30.31%
2025-01-19 15:14:08,235 - INFO - Processing AR - 2025-01-13 23:00:00 UTC
2025-01-19 15:14:08,245 - INFO - AQMS: 1h change of 2.22%
2025-01-19 15:14:08,267 - INFO - Retrieved article length: 562 characters
2025-01-19 15:14:08,275 - INFO - AQST: 1h change of -2.41%
2025-01-19 15:14:08,282 - INFO - AQST: 1wk change of -9.51%
2025-01-19 15:14:08,335 - INFO - AQST: 1mo change of -32.17%
2025-01-19 15:14:08,336 - INFO - Processing AQST - 2024-12-19 16:00:00 UTC
2025-01-19 15:14:08,352 - INFO - AQMS: 1wk change of -49.09%
2025-01-19 15:14:08,461 - INFO - AQMS: 1mo change of -36.47%
2025-01-19 15:14:08,461 - INFO - Processing AQMS - 2024-11-05 13:22:53 UTC
2025-01-19 15:14:09,317 - INFO - AQMS: 1h change of -8.60%
2025-01-19 15:14:09,416 - INFO - AQMS: 1wk change of -41.77%
2025-01-19 15:14:09,435 - INFO - Retrieved article length: 6714 characters
2025-01-19 15:14:09,451 - INFO - Retrieved article length: 522 characters
2025-01-19 15:14:09,517 - INFO - AQMS: 1mo change of -27.87%
2025-01-19 15:14:09,517 - INFO - Processing AQMS - 2024-11-01 16:52:49 UTC
2025-01-19 15:14:09,552 - INFO - ARAY: 1h change of 5.28%
2025-01-19 15:14:09,569 - INFO - Retrieved article length: 14545 characters
2025-01-19 15:14:09,578 - INFO - AQST: 1h change of -2.41%
2025-01-19 15:14:09,583 - INFO - AQST: 1wk change of -9.51%
2025-01-19 15:14:09,607 - INFO - AR: 1wk change of 15.80%
2025-01-19 15:14:09,637 - INFO - AQST: 1mo change of -32.17%
2025-01-19 15:14:09,638 - INFO - Processing AQST - 2024-12-17 21:56:22 UTC
2025-01-19 15:14:09,654 - INFO - ARAY: 1wk change of 8.21%
2025-01-19 15:14:09,691 - INFO - AR: 1mo change of 29.72%
2025-01-19 15:14:09,691 - INFO - Processing AR - 2025-01-13 18:10:15 UTC
2025-01-19 15:14:09,761 - INFO - ARAY: 1mo change of 7.18%
2025-01-19 15:14:09,761 - INFO - Processing ARAY - 2025-01-13 23:00:00 UTC
2025-01-19 15:14:10,393 - INFO - AQMS: 1h change of -14.34%
2025-01-19 15:14:10,471 - INFO - AQST: 1h change of -5.67%
2025-01-19 15:14:10,495 - INFO - AQMS: 1wk change of -29.14%
2025-01-19 15:14:10,560 - INFO - AQST: 1wk change of -5.91%
2025-01-19 15:14:10,596 - INFO - AQMS: 1mo change of -28.43%
2025-01-19 15:14:10,596 - INFO - Processing AQMS - 2024-11-01 16:00:00 UTC
2025-01-19 15:14:10,641 - INFO - AQST: 1mo change of -37.88%
2025-01-19 15:14:10,642 - INFO - Processing AQST - 2024-12-17 15:36:20 UTC
2025-01-19 15:14:10,886 - INFO - Retrieved article length: 527 characters
2025-01-19 15:14:10,949 - INFO - AR: 1wk change of 15.80%
2025-01-19 15:14:11,000 - INFO - Retrieved article length: 8465 characters
2025-01-19 15:14:11,001 - INFO - AR: 1mo change of 29.72%
2025-01-19 15:14:11,001 - INFO - Processing AR - 2025-01-09 21:43:26 UTC
2025-01-19 15:14:11,007 - INFO - ARAY: 1h change of 5.28%
2025-01-19 15:14:11,076 - INFO - ARAY: 1wk change of 8.21%
2025-01-19 15:14:11,147 - INFO - ARAY: 1mo change of 7.18%
2025-01-19 15:14:11,147 - INFO - Processing ARAY - 2025-01-13 16:42:38 UTC
2025-01-19 15:14:11,351 - INFO - AQMS: 1h change of -14.34%
2025-01-19 15:14:11,352 - INFO - AQST: 1h change of -5.67%
2025-01-19 15:14:11,357 - INFO - AQST: 1wk change of -5.91%
2025-01-19 15:14:11,359 - INFO - AQMS: 1wk change of -29.14%
2025-01-19 15:14:11,366 - INFO - AQMS: 1mo change of -28.43%
2025-01-19 15:14:11,410 - INFO - AQST: 1mo change of -37.88%
2025-01-19 15:14:11,410 - INFO - Processing AQST - 2024-12-17 13:42:18 UTC
2025-01-19 15:14:11,527 - INFO - Processing ARBB - 2024-11-08 16:06:51 UTC
2025-01-19 15:14:12,100 - INFO - AQST: 1h change of -5.67%
2025-01-19 15:14:12,104 - INFO - AQST: 1wk change of -5.91%
2025-01-19 15:14:12,157 - INFO - AQST: 1mo change of -37.88%
2025-01-19 15:14:12,234 - INFO - Retrieved article length: 7430 characters
2025-01-19 15:14:12,318 - INFO - Processing ARBE - 2025-01-10 21:06:59 UTC
2025-01-19 15:14:12,323 - INFO - AR: 1h change of 6.20%
2025-01-19 15:14:12,350 - INFO - ARBB: 1h change of -7.87%
2025-01-19 15:14:12,351 - INFO - Retrieved article length: 5820 characters
2025-01-19 15:14:12,360 - INFO - ARAY: 1h change of 5.28%
2025-01-19 15:14:12,404 - INFO - AR: 1wk change of 13.91%
2025-01-19 15:14:12,426 - INFO - ARAY: 1wk change of 8.21%
2025-01-19 15:14:12,446 - INFO - ARBB: 1wk change of -12.73%
2025-01-19 15:14:12,488 - INFO - AR: 1mo change of 27.39%
2025-01-19 15:14:12,488 - INFO - Processing AR - 2025-01-09 17:40:06 UTC
2025-01-19 15:14:12,491 - INFO - ARAY: 1mo change of 7.18%
2025-01-19 15:14:12,491 - INFO - Processing ARAY - 2025-01-10 17:40:05 UTC
2025-01-19 15:14:12,543 - INFO - ARBB: 1mo change of 86.79%
2025-01-19 15:14:12,544 - INFO - Processing ARBB - 2024-11-06 00:30:00 UTC
2025-01-19 15:14:13,400 - INFO - ARBB: 1h change of 80.95%
2025-01-19 15:14:13,501 - INFO - ARBB: 1wk change of -28.46%
2025-01-19 15:14:13,591 - INFO - Retrieved article length: 7433 characters
2025-01-19 15:14:13,594 - INFO - ARBB: 1mo change of 82.09%
2025-01-19 15:14:13,595 - INFO - Processing ARBB - 2024-11-01 18:40:58 UTC
2025-01-19 15:14:13,676 - INFO - ARBE: 1h change of 11.41%
2025-01-19 15:14:13,695 - INFO - Retrieved article length: 5918 characters
2025-01-19 15:14:13,702 - INFO - Retrieved article length: 2870 characters
2025-01-19 15:14:13,704 - INFO - AR: 1h change of 6.20%
2025-01-19 15:14:13,709 - INFO - AR: 1wk change of 13.91%
2025-01-19 15:14:13,758 - INFO - ARBE: 1wk change of 48.39%
2025-01-19 15:14:13,762 - INFO - AR: 1mo change of 27.39%
2025-01-19 15:14:13,762 - INFO - Processing AR - 2024-12-31 13:59:08 UTC
2025-01-19 15:14:13,816 - INFO - ARAY: 1h change of 2.16%
2025-01-19 15:14:13,838 - INFO - ARBE: 1mo change of 51.65%
2025-01-19 15:14:13,838 - INFO - Processing ARBE - 2025-01-08 18:06:18 UTC
2025-01-19 15:14:13,918 - INFO - ARAY: 1wk change of 13.13%
2025-01-19 15:14:14,021 - INFO - ARAY: 1mo change of 11.44%
2025-01-19 15:14:14,021 - INFO - Processing ARAY - 2025-01-08 21:36:00 UTC
2025-01-19 15:14:14,390 - INFO - ARBB: 1h change of 4.41%
2025-01-19 15:14:14,491 - INFO - ARBB: 1wk change of 119.47%
2025-01-19 15:14:14,596 - INFO - ARBB: 1mo change of 96.07%
2025-01-19 15:14:14,731 - INFO - Processing ARCC - 2025-01-19 13:51:00 UTC
2025-01-19 15:14:15,005 - INFO - Retrieved article length: 2638 characters
2025-01-19 15:14:15,156 - INFO - Retrieved article length: 6890 characters
2025-01-19 15:14:15,181 - INFO - AR: 1wk change of 17.18%
2025-01-19 15:14:15,239 - INFO - ARBE: 1h change of -14.51%
2025-01-19 15:14:15,273 - INFO - AR: 1mo change of 22.27%
2025-01-19 15:14:15,274 - INFO - Processing AR - 2024-12-29 16:37:02 UTC
2025-01-19 15:14:15,318 - INFO - ARBE: 1wk change of 31.43%
2025-01-19 15:14:15,323 - INFO - Retrieved article length: 7308 characters
2025-01-19 15:14:15,407 - INFO - ARBE: 1mo change of 64.29%
2025-01-19 15:14:15,407 - INFO - Processing ARBE - 2025-01-08 03:09:16 UTC
2025-01-19 15:14:15,711 - INFO - ARCC: 1wk change of 5.46%
2025-01-19 15:14:15,740 - INFO - ARAY: 1wk change of 25.14%
2025-01-19 15:14:15,840 - INFO - ARCC: 1mo change of 8.22%
2025-01-19 15:14:15,841 - INFO - ARAY: 1mo change of 10.34%
2025-01-19 15:14:15,841 - INFO - Processing ARCC - 2025-01-18 13:26:00 UTC
2025-01-19 15:14:15,841 - INFO - Processing ARAY - 2025-01-06 16:06:34 UTC
2025-01-19 15:14:16,546 - INFO - Retrieved article length: 4806 characters
2025-01-19 15:14:16,640 - INFO - AR: 1h change of 7.53%
2025-01-19 15:14:16,671 - INFO - ARCC: 1h change of 1.69%
2025-01-19 15:14:16,722 - INFO - AR: 1wk change of 18.86%
2025-01-19 15:14:16,744 - INFO - Retrieved article length: 7186 characters
2025-01-19 15:14:16,752 - INFO - ARBE: 1h change of -14.51%
2025-01-19 15:14:16,757 - INFO - ARBE: 1wk change of 31.43%
2025-01-19 15:14:16,800 - INFO - ARCC: 1wk change of 4.93%
2025-01-19 15:14:16,803 - INFO - AR: 1mo change of 21.76%
2025-01-19 15:14:16,808 - INFO - ARBE: 1mo change of 64.29%
2025-01-19 15:14:16,809 - INFO - Processing ARBE - 2025-01-07 23:45:00 UTC
2025-01-19 15:14:16,923 - INFO - ARCC: 1mo change of 8.22%
2025-01-19 15:14:16,923 - INFO - Processing ARCC - 2025-01-18 01:50:19 UTC
2025-01-19 15:14:16,959 - INFO - Processing ARCO - 2025-01-17 19:04:27 UTC
2025-01-19 15:14:17,157 - INFO - Retrieved article length: 7165 characters
2025-01-19 15:14:17,259 - INFO - ARAY: 1h change of 1.16%
2025-01-19 15:14:17,366 - INFO - ARAY: 1wk change of 25.68%
2025-01-19 15:14:17,470 - INFO - ARAY: 1mo change of 4.19%
2025-01-19 15:14:17,471 - INFO - Processing ARAY - 2025-01-03 16:50:05 UTC
2025-01-19 15:14:18,095 - INFO - Retrieved article length: 6182 characters
2025-01-19 15:14:18,180 - INFO - ARBE: 1h change of -14.51%
2025-01-19 15:14:18,197 - INFO - Retrieved article length: 3207 characters
2025-01-19 15:14:18,266 - INFO - ARBE: 1wk change of 49.52%
2025-01-19 15:14:18,272 - INFO - ARCC: 1h change of 1.69%
2025-01-19 15:14:18,337 - INFO - ARCC: 1wk change of 4.93%
2025-01-19 15:14:18,339 - INFO - ARCO: 1h change of -4.16%
2025-01-19 15:14:18,349 - INFO - ARBE: 1mo change of 64.29%
2025-01-19 15:14:18,349 - INFO - Processing ARBE - 2025-01-06 16:00:00 UTC
2025-01-19 15:14:18,406 - INFO - ARCC: 1mo change of 8.22%
2025-01-19 15:14:18,406 - INFO - Processing ARCC - 2025-01-14 02:00:19 UTC
2025-01-19 15:14:18,438 - INFO - ARCO: 1wk change of -4.79%
2025-01-19 15:14:18,538 - INFO - ARCO: 1mo change of -9.49%
2025-01-19 15:14:18,538 - INFO - Processing ARCO - 2025-01-17 16:24:00 UTC
2025-01-19 15:14:18,651 - INFO - Retrieved article length: 4451 characters
2025-01-19 15:14:18,754 - INFO - ARAY: 1h change of 1.97%
2025-01-19 15:14:18,856 - INFO - ARAY: 1wk change of 10.31%
2025-01-19 15:14:19,142 - INFO - Processing ARDX - 2025-01-14 17:07:00 UTC
2025-01-19 15:14:19,665 - INFO - Retrieved article length: 7036 characters
2025-01-19 15:14:19,751 - INFO - ARBE: 1h change of -5.74%
2025-01-19 15:14:19,771 - INFO - Retrieved article length: 5625 characters
2025-01-19 15:14:19,831 - INFO - ARBE: 1wk change of 52.80%
2025-01-19 15:14:19,860 - INFO - Retrieved article length: 5441 characters
2025-01-19 15:14:19,869 - INFO - ARCO: 1h change of -4.16%
2025-01-19 15:14:19,872 - INFO - ARCC: 1h change of 3.12%
2025-01-19 15:14:19,914 - INFO - ARBE: 1mo change of 68.29%
2025-01-19 15:14:19,914 - INFO - Processing ARBE - 2025-01-02 16:00:00 UTC
2025-01-19 15:14:19,921 - INFO - ARCO: 1wk change of -4.79%
2025-01-19 15:14:19,973 - INFO - ARCO: 1mo change of -9.49%
2025-01-19 15:14:19,974 - INFO - Processing ARCO - 2025-01-16 12:04:08 UTC
2025-01-19 15:14:19,990 - INFO - ARCC: 1wk change of 4.79%
2025-01-19 15:14:20,116 - INFO - ARCC: 1mo change of 7.31%
2025-01-19 15:14:20,116 - INFO - Processing ARCC - 2025-01-13 17:00:19 UTC
2025-01-19 15:14:20,368 - INFO - Retrieved article length: 2869 characters
2025-01-19 15:14:20,479 - INFO - ARDX: 1h change of 1.24%
2025-01-19 15:14:20,677 - INFO - ARDX: 1mo change of -4.93%
2025-01-19 15:14:20,677 - INFO - Processing ARDX - 2025-01-13 16:03:00 UTC
2025-01-19 15:14:21,130 - INFO - Retrieved article length: 4324 characters
2025-01-19 15:14:21,158 - INFO - Retrieved article length: 5933 characters
2025-01-19 15:14:21,225 - INFO - ARBE: 1h change of 34.84%
2025-01-19 15:14:21,257 - INFO - ARCO: 1h change of -2.65%
2025-01-19 15:14:21,315 - INFO - ARBE: 1wk change of 122.62%
2025-01-19 15:14:21,363 - INFO - ARCO: 1wk change of -3.90%
2025-01-19 15:14:21,405 - INFO - ARBE: 1mo change of 54.19%
2025-01-19 15:14:21,405 - INFO - Processing ARBE - 2024-12-10 03:08:25 UTC
2025-01-19 15:14:21,423 - INFO - Retrieved article length: 5985 characters
2025-01-19 15:14:21,471 - INFO - ARCO: 1mo change of -7.74%
2025-01-19 15:14:21,471 - INFO - Processing ARCO - 2025-01-15 18:55:42 UTC
2025-01-19 15:14:21,525 - INFO - ARCC: 1h change of 2.03%
2025-01-19 15:14:21,650 - INFO - ARCC: 1wk change of 4.51%
2025-01-19 15:14:21,780 - INFO - ARCC: 1mo change of 6.40%
2025-01-19 15:14:21,780 - INFO - Processing ARCC - 2025-01-08 17:00:09 UTC
2025-01-19 15:14:21,949 - INFO - Retrieved article length: 11577 characters
2025-01-19 15:14:22,055 - INFO - ARDX: 1h change of 6.54%
2025-01-19 15:14:22,165 - INFO - ARBE: 1h change of -3.13%
2025-01-19 15:14:22,255 - INFO - ARDX: 1mo change of -4.93%
2025-01-19 15:14:22,255 - INFO - Processing ARDX - 2025-01-06 16:00:00 UTC
2025-01-19 15:14:22,334 - INFO - ARBE: 1mo change of 64.71%
2025-01-19 15:14:22,334 - INFO - Processing ARBE - 2024-11-27 15:00:00 UTC
2025-01-19 15:14:22,777 - INFO - Retrieved article length: 504 characters
2025-01-19 15:14:22,869 - INFO - ARCO: 1h change of -3.83%
2025-01-19 15:14:22,974 - INFO - ARCO: 1wk change of -3.90%
2025-01-19 15:14:22,990 - INFO - Retrieved article length: 3114 characters
2025-01-19 15:14:23,077 - INFO - ARCO: 1mo change of -11.62%
2025-01-19 15:14:23,078 - INFO - Processing ARCO - 2025-01-15 16:59:00 UTC
2025-01-19 15:14:23,166 - INFO - ARBE: 1h change of -9.21%
2025-01-19 15:14:23,214 - INFO - ARCC: 1wk change of 5.65%
2025-01-19 15:14:23,247 - INFO - ARBE: 1wk change of 8.01%
2025-01-19 15:14:23,332 - INFO - ARCC: 1mo change of 7.22%
2025-01-19 15:14:23,332 - INFO - Processing ARCC - 2025-01-08 01:50:21 UTC
2025-01-19 15:14:23,452 - INFO - Processing ARE - 2025-01-10 17:44:12 UTC
2025-01-19 15:14:23,527 - INFO - Retrieved article length: 1788 characters
2025-01-19 15:14:23,635 - INFO - ARDX: 1h change of 5.34%
2025-01-19 15:14:23,737 - INFO - ARDX: 1wk change of 2.69%
2025-01-19 15:14:23,834 - INFO - ARDX: 1mo change of -9.57%
2025-01-19 15:14:23,834 - INFO - Processing ARDX - 2024-12-30 22:41:43 UTC
2025-01-19 15:14:23,938 - INFO - Retrieved article length: 12302 characters
2025-01-19 15:14:24,028 - INFO - ARE: 1h change of -1.65%
2025-01-19 15:14:24,147 - INFO - ARE: 1wk change of 4.35%
2025-01-19 15:14:24,254 - INFO - Processing ARE - 2025-01-08 21:46:31 UTC
2025-01-19 15:14:24,286 - INFO - Retrieved article length: 8100 characters
2025-01-19 15:14:24,294 - INFO - ARCO: 1h change of -3.83%
2025-01-19 15:14:24,350 - INFO - ARCO: 1wk change of -3.90%
2025-01-19 15:14:24,408 - INFO - ARCO: 1mo change of -11.62%
2025-01-19 15:14:24,408 - INFO - Processing ARCO - 2025-01-03 18:34:11 UTC
2025-01-19 15:14:24,572 - INFO - Retrieved article length: 3178 characters
2025-01-19 15:14:24,584 - INFO - ARCC: 1wk change of 5.65%
2025-01-19 15:14:24,655 - INFO - ARCC: 1mo change of 7.22%
2025-01-19 15:14:24,656 - INFO - Processing ARCC - 2025-01-07 13:46:00 UTC
2025-01-19 15:14:25,033 - INFO - ARE: 1h change of -2.23%
2025-01-19 15:14:25,147 - INFO - ARE: 1wk change of 5.50%
2025-01-19 15:14:25,157 - INFO - Retrieved article length: 7457 characters
2025-01-19 15:14:25,267 - INFO - ARE: 1mo change of -1.67%
2025-01-19 15:14:25,267 - INFO - Processing ARE - 2025-01-02 18:40:47 UTC
2025-01-19 15:14:25,268 - INFO - ARDX: 1h change of -1.65%
2025-01-19 15:14:25,367 - INFO - ARDX: 1wk change of 10.79%
2025-01-19 15:14:25,382 - INFO - ARCO: 1mo change of -11.62%
2025-01-19 15:14:25,382 - INFO - Processing ARCO - 2025-01-03 17:43:00 UTC
2025-01-19 15:14:25,466 - INFO - ARDX: 1mo change of -4.57%
2025-01-19 15:14:25,466 - INFO - Processing ARDX - 2024-12-30 17:08:39 UTC
2025-01-19 15:14:25,588 - INFO - ARCC: 1wk change of 4.83%
2025-01-19 15:14:25,720 - INFO - ARCC: 1mo change of 6.83%
2025-01-19 15:14:26,574 - INFO - Retrieved article length: 4098 characters
2025-01-19 15:14:26,601 - INFO - Retrieved article length: 1742 characters
2025-01-19 15:14:26,640 - INFO - ARCO: 1mo change of -11.62%
2025-01-19 15:14:26,640 - INFO - Processing ARCO - 2025-01-02 17:50:10 UTC
2025-01-19 15:14:26,671 - INFO - Retrieved article length: 7279 characters
2025-01-19 15:14:26,680 - INFO - ARDX: 1h change of -1.65%
2025-01-19 15:14:26,686 - INFO - ARDX: 1wk change of 10.79%
2025-01-19 15:14:26,687 - INFO - ARE: 1h change of 1.68%
2025-01-19 15:14:26,752 - INFO - ARDX: 1mo change of -4.57%
2025-01-19 15:14:26,752 - INFO - Processing ARDX - 2024-12-27 20:09:08 UTC
2025-01-19 15:14:26,794 - INFO - ARE: 1wk change of -2.65%
2025-01-19 15:14:26,912 - INFO - ARE: 1mo change of -6.39%
2025-01-19 15:14:26,912 - INFO - Processing ARE - 2025-01-02 14:50:15 UTC
2025-01-19 15:14:27,912 - INFO - Retrieved article length: 2000 characters
2025-01-19 15:14:27,970 - INFO - Retrieved article length: 7064 characters
2025-01-19 15:14:28,001 - INFO - ARCO: 1h change of 1.30%
2025-01-19 15:14:28,072 - INFO - ARDX: 1h change of 9.21%
2025-01-19 15:14:28,168 - INFO - ARDX: 1wk change of 6.65%
2025-01-19 15:14:28,206 - INFO - ARCO: 1mo change of -11.62%
2025-01-19 15:14:28,209 - INFO - Retrieved article length: 537 characters
2025-01-19 15:14:28,217 - INFO - ARE: 1h change of 1.68%
2025-01-19 15:14:28,224 - INFO - ARE: 1wk change of -2.65%
2025-01-19 15:14:28,264 - INFO - ARDX: 1mo change of -5.65%
2025-01-19 15:14:28,264 - INFO - Processing ARDX - 2024-12-24 02:00:38 UTC
2025-01-19 15:14:28,276 - INFO - ARE: 1mo change of -6.39%
2025-01-19 15:14:28,276 - INFO - Processing ARE - 2025-01-02 14:03:46 UTC
2025-01-19 15:14:29,429 - INFO - Retrieved article length: 516 characters
2025-01-19 15:14:29,499 - INFO - Retrieved article length: 538 characters
2025-01-19 15:14:29,508 - INFO - ARE: 1h change of 1.68%
2025-01-19 15:14:29,514 - INFO - ARE: 1wk change of -2.65%
2025-01-19 15:14:29,570 - INFO - ARE: 1mo change of -6.39%
2025-01-19 15:14:29,570 - INFO - Processing ARE - 2024-12-26 17:15:00 UTC
2025-01-19 15:14:29,625 - INFO - ARDX: 1wk change of -5.01%
2025-01-19 15:14:29,744 - INFO - ARDX: 1mo change of 4.59%
2025-01-19 15:14:29,745 - INFO - Processing ARDX - 2024-12-16 21:33:26 UTC
2025-01-19 15:14:30,546 - INFO - ARDX: 1h change of -12.15%
2025-01-19 15:14:30,652 - INFO - ARDX: 1wk change of -18.88%
2025-01-19 15:14:30,756 - INFO - ARDX: 1mo change of 2.35%
2025-01-19 15:14:30,877 - INFO - Retrieved article length: 5758 characters
2025-01-19 15:14:31,217 - INFO - ARE: 1mo change of -2.56%
2025-01-19 15:14:31,217 - INFO - Processing ARE - 2024-12-26 16:32:00 UTC
2025-01-19 15:14:32,423 - INFO - Retrieved article length: 2618 characters
2025-01-19 15:14:32,497 - INFO - ARE: 1mo change of -2.56%
2025-01-19 15:14:32,497 - INFO - Processing ARE - 2024-12-18 00:58:56 UTC
2025-01-19 15:14:33,338 - INFO - ARE: 1h change of -5.96%
2025-01-19 15:14:33,454 - INFO - ARE: 1wk change of -7.87%
2025-01-19 15:14:33,570 - INFO - ARE: 1mo change of -5.36%
