2025-01-19 17:01:46,416 - INFO - Starting new training session. Logging to: logs/training_20250119_170146.log
2025-01-19 17:01:46,417 - INFO - Starting new training session. Logging to: logs/training_20250119_170146.log
2025-01-19 17:01:46,419 - INFO - Starting new training session. Logging to: logs/training_20250119_170146.log
2025-01-19 17:01:46,419 - INFO - Starting new training session. Logging to: logs/training_20250119_170146.log
2025-01-19 17:01:46,951 - INFO - Processing WRNT - 2025-01-19 17:00:21 UTC
2025-01-19 17:01:47,013 - INFO - Processing WSM - 2025-01-19 16:12:07 UTC
2025-01-19 17:01:47,034 - INFO - Processing WSC - 2025-01-18 23:01:06 UTC
2025-01-19 17:01:47,083 - INFO - Processing WRBY - 2025-01-17 17:40:05 UTC
2025-01-19 17:01:47,631 - INFO - Retrieved article length: 4622 characters
2025-01-19 17:01:47,660 - INFO - Retrieved article length: 2788 characters
2025-01-19 17:01:47,698 - INFO - Retrieved article length: 6920 characters
2025-01-19 17:01:47,716 - INFO - Retrieved article length: 7126 characters
2025-01-19 17:01:47,785 - INFO - WRBY: 1h change of -3.63%
2025-01-19 17:01:47,818 - INFO - WSC: 1h change of 2.43%
2025-01-19 17:01:47,865 - INFO - WRBY: 1wk change of -7.32%
2025-01-19 17:01:47,904 - INFO - WSC: 1wk change of 7.70%
2025-01-19 17:01:47,947 - INFO - WRBY: 1mo change of 4.02%
2025-01-19 17:01:47,948 - INFO - Processing WRBY - 2025-01-03 14:01:25 UTC
2025-01-19 17:01:47,951 - INFO - WSM: 1wk change of 3.27%
2025-01-19 17:01:47,990 - INFO - WSC: 1mo change of 4.09%
2025-01-19 17:01:47,990 - INFO - Processing WSC - 2025-01-16 16:21:00 UTC
2025-01-19 17:01:48,071 - INFO - WSM: 1mo change of 4.84%
2025-01-19 17:01:48,071 - INFO - Processing WSM - 2025-01-18 16:11:30 UTC
2025-01-19 17:01:48,730 - INFO - Retrieved article length: 6706 characters
2025-01-19 17:01:48,750 - INFO - Retrieved article length: 5718 characters
2025-01-19 17:01:48,817 - INFO - WRBY: 1h change of 6.52%
2025-01-19 17:01:48,823 - INFO - Retrieved article length: 5008 characters
2025-01-19 17:01:48,840 - INFO - WSC: 1h change of 4.48%
2025-01-19 17:01:48,913 - INFO - WRBY: 1wk change of -1.56%
2025-01-19 17:01:48,919 - INFO - WSM: 1h change of 2.40%
2025-01-19 17:01:48,924 - INFO - WSC: 1wk change of 6.76%
2025-01-19 17:01:48,994 - ERROR - WRNT: No timezone found, symbol may be delisted
2025-01-19 17:01:48,996 - ERROR - WRNT: No timezone found, symbol may be delisted
2025-01-19 17:01:48,997 - ERROR - WRNT: No timezone found, symbol may be delisted
2025-01-19 17:01:48,998 - INFO - Processing WRNT - 2025-01-19 16:56:50 UTC
2025-01-19 17:01:49,000 - INFO - WRBY: 1mo change of 9.05%
2025-01-19 17:01:49,001 - INFO - Processing WRBY - 2025-01-02 19:52:41 UTC
2025-01-19 17:01:49,005 - INFO - WSC: 1mo change of 2.18%
2025-01-19 17:01:49,005 - INFO - Processing WSC - 2025-01-15 19:40:13 UTC
2025-01-19 17:01:49,023 - INFO - WSM: 1wk change of 4.53%
2025-01-19 17:01:49,130 - INFO - WSM: 1mo change of 4.84%
2025-01-19 17:01:49,130 - INFO - Processing WSM - 2025-01-17 02:00:23 UTC
2025-01-19 17:01:49,718 - INFO - Retrieved article length: 2783 characters
2025-01-19 17:01:49,746 - INFO - Retrieved article length: 8028 characters
2025-01-19 17:01:49,747 - ERROR - WRNT: No timezone found, symbol may be delisted
2025-01-19 17:01:49,747 - ERROR - WRNT: No timezone found, symbol may be delisted
2025-01-19 17:01:49,748 - ERROR - WRNT: No timezone found, symbol may be delisted
2025-01-19 17:01:49,748 - INFO - Processing WRNT - 2025-01-19 16:53:02 UTC
2025-01-19 17:01:49,800 - INFO - WSC: 1h change of 3.02%
2025-01-19 17:01:49,816 - INFO - Retrieved article length: 2064 characters
2025-01-19 17:01:49,882 - INFO - WSC: 1wk change of 6.76%
2025-01-19 17:01:49,901 - INFO - WRBY: 1h change of 7.96%
2025-01-19 17:01:49,963 - INFO - Retrieved article length: 3593 characters
2025-01-19 17:01:49,965 - INFO - Processing WSC - 2025-01-14 22:19:55 UTC
2025-01-19 17:01:50,069 - INFO - WSM: 1h change of 1.63%
2025-01-19 17:01:50,069 - INFO - WRBY: 1mo change of 9.05%
2025-01-19 17:01:50,070 - INFO - Processing WRBY - 2024-12-21 01:08:35 UTC
2025-01-19 17:01:50,187 - INFO - WSM: 1wk change of 4.12%
2025-01-19 17:01:50,301 - INFO - WSM: 1mo change of 3.98%
2025-01-19 17:01:50,302 - INFO - Processing WSM - 2025-01-09 18:00:00 UTC
2025-01-19 17:01:50,494 - INFO - Retrieved article length: 8561 characters
2025-01-19 17:01:50,495 - ERROR - WRNT: No timezone found, symbol may be delisted
2025-01-19 17:01:50,496 - ERROR - WRNT: No timezone found, symbol may be delisted
2025-01-19 17:01:50,497 - ERROR - WRNT: No timezone found, symbol may be delisted
2025-01-19 17:01:50,497 - INFO - Processing WRNT - 2025-01-19 16:49:00 UTC
2025-01-19 17:01:50,667 - INFO - Retrieved article length: 3018 characters
2025-01-19 17:01:50,754 - INFO - WSC: 1h change of 1.44%
2025-01-19 17:01:50,846 - INFO - Retrieved article length: 521 characters
2025-01-19 17:01:50,854 - INFO - WSC: 1wk change of 6.76%
2025-01-19 17:01:50,934 - INFO - WRBY: 1h change of 5.78%
2025-01-19 17:01:50,936 - INFO - Processing WSC - 2025-01-09 23:23:03 UTC
2025-01-19 17:01:51,017 - INFO - WRBY: 1wk change of 2.89%
2025-01-19 17:01:51,020 - INFO - Retrieved article length: 4810 characters
2025-01-19 17:01:51,104 - INFO - WRBY: 1mo change of 7.71%
2025-01-19 17:01:51,104 - INFO - Processing WRBY - 2024-12-17 22:58:23 UTC
2025-01-19 17:01:51,107 - INFO - WSM: 1h change of 1.41%
2025-01-19 17:01:51,171 - INFO - Retrieved article length: 4505 characters
2025-01-19 17:01:51,172 - ERROR - WRNT: No timezone found, symbol may be delisted
2025-01-19 17:01:51,173 - ERROR - WRNT: No timezone found, symbol may be delisted
2025-01-19 17:01:51,173 - ERROR - WRNT: No timezone found, symbol may be delisted
2025-01-19 17:01:51,174 - INFO - Processing WRNT - 2025-01-19 16:48:31 UTC
2025-01-19 17:01:51,215 - INFO - WSM: 1wk change of 9.06%
2025-01-19 17:01:51,319 - INFO - WSM: 1mo change of 11.20%
2025-01-19 17:01:51,320 - INFO - Processing WSM - 2025-01-08 17:00:11 UTC
2025-01-19 17:01:51,810 - INFO - Retrieved article length: 473 characters
2025-01-19 17:01:51,810 - INFO - Retrieved article length: 4276 characters
2025-01-19 17:01:51,811 - ERROR - WRNT: No timezone found, symbol may be delisted
2025-01-19 17:01:51,812 - ERROR - WRNT: No timezone found, symbol may be delisted
2025-01-19 17:01:51,813 - ERROR - WRNT: No timezone found, symbol may be delisted
2025-01-19 17:01:51,813 - INFO - Processing WRNT - 2025-01-19 16:46:30 UTC
2025-01-19 17:01:51,896 - INFO - WSC: 1h change of 1.61%
2025-01-19 17:01:51,977 - INFO - Retrieved article length: 7716 characters
2025-01-19 17:01:51,981 - INFO - WSC: 1wk change of 9.83%
2025-01-19 17:01:52,007 - INFO - Retrieved article length: 5967 characters
2025-01-19 17:01:52,063 - INFO - WSC: 1mo change of -5.30%
2025-01-19 17:01:52,063 - INFO - Processing WSC - 2025-01-09 16:00:00 UTC
2025-01-19 17:01:52,064 - INFO - WRBY: 1h change of -1.78%
2025-01-19 17:01:52,095 - INFO - WSM: 1h change of -1.72%
2025-01-19 17:01:52,153 - INFO - WRBY: 1wk change of 6.51%
2025-01-19 17:01:52,206 - INFO - WSM: 1wk change of 9.06%
2025-01-19 17:01:52,235 - INFO - WRBY: 1mo change of 15.78%
2025-01-19 17:01:52,235 - INFO - Processing WRBY - 2024-12-12 01:47:30 UTC
2025-01-19 17:01:52,327 - INFO - WSM: 1mo change of 8.78%
2025-01-19 17:01:52,327 - INFO - Processing WSM - 2025-01-08 16:02:14 UTC
2025-01-19 17:01:52,622 - INFO - Retrieved article length: 4133 characters
2025-01-19 17:01:52,623 - ERROR - WRNT: No timezone found, symbol may be delisted
2025-01-19 17:01:52,624 - ERROR - WRNT: No timezone found, symbol may be delisted
2025-01-19 17:01:52,625 - ERROR - WRNT: No timezone found, symbol may be delisted
2025-01-19 17:01:52,625 - INFO - Processing WRNT - 2025-01-19 16:46:19 UTC
2025-01-19 17:01:52,782 - INFO - Retrieved article length: 5081 characters
2025-01-19 17:01:52,790 - INFO - WSC: 1h change of 1.61%
2025-01-19 17:01:52,797 - INFO - WSC: 1wk change of 9.83%
2025-01-19 17:01:52,852 - INFO - WSC: 1mo change of -5.30%
2025-01-19 17:01:52,853 - INFO - Processing WSC - 2024-12-30 19:40:11 UTC
2025-01-19 17:01:53,033 - INFO - Retrieved article length: 521 characters
2025-01-19 17:01:53,066 - INFO - Retrieved article length: 3703 characters
2025-01-19 17:01:53,074 - INFO - WSM: 1h change of -1.72%
2025-01-19 17:01:53,080 - INFO - WSM: 1wk change of 9.06%
2025-01-19 17:01:53,138 - INFO - WSM: 1mo change of 8.78%
2025-01-19 17:01:53,138 - INFO - Processing WSM - 2025-01-08 13:00:00 UTC
2025-01-19 17:01:53,225 - INFO - WRBY: 1wk change of 14.35%
2025-01-19 17:01:53,312 - INFO - WRBY: 1mo change of 36.20%
2025-01-19 17:01:53,312 - INFO - Processing WRBY - 2024-12-05 18:06:19 UTC
2025-01-19 17:01:53,428 - INFO - Retrieved article length: 4976 characters
2025-01-19 17:01:53,429 - ERROR - WRNT: No timezone found, symbol may be delisted
2025-01-19 17:01:53,429 - ERROR - WRNT: No timezone found, symbol may be delisted
2025-01-19 17:01:53,430 - ERROR - WRNT: No timezone found, symbol may be delisted
2025-01-19 17:01:53,430 - INFO - Processing WRNT - 2025-01-19 16:45:12 UTC
2025-01-19 17:01:53,480 - INFO - Retrieved article length: 2793 characters
2025-01-19 17:01:53,575 - INFO - WSC: 1h change of 1.69%
2025-01-19 17:01:53,662 - INFO - WSC: 1wk change of 1.31%
2025-01-19 17:01:53,757 - INFO - WSC: 1mo change of -5.36%
2025-01-19 17:01:53,758 - INFO - Processing WSC - 2024-12-25 15:38:11 UTC
2025-01-19 17:01:53,842 - INFO - Retrieved article length: 4927 characters
2025-01-19 17:01:53,849 - INFO - WSM: 1h change of -1.72%
2025-01-19 17:01:53,857 - INFO - WSM: 1wk change of 9.06%
2025-01-19 17:01:53,912 - INFO - WSM: 1mo change of 8.78%
2025-01-19 17:01:53,912 - INFO - Processing WSM - 2025-01-06 17:48:35 UTC
2025-01-19 17:01:54,282 - INFO - Retrieved article length: 6926 characters
2025-01-19 17:01:54,316 - INFO - Retrieved article length: 5653 characters
2025-01-19 17:01:54,316 - ERROR - WRNT: No timezone found, symbol may be delisted
2025-01-19 17:01:54,317 - ERROR - WRNT: No timezone found, symbol may be delisted
2025-01-19 17:01:54,318 - ERROR - WRNT: No timezone found, symbol may be delisted
2025-01-19 17:01:54,368 - INFO - WRBY: 1h change of 4.53%
2025-01-19 17:01:54,432 - INFO - Processing WST - 2025-01-08 13:30:51 UTC
2025-01-19 17:01:54,453 - INFO - WRBY: 1wk change of -1.71%
2025-01-19 17:01:54,535 - INFO - WRBY: 1mo change of 57.18%
2025-01-19 17:01:54,535 - INFO - Processing WRBY - 2024-12-03 00:05:00 UTC
2025-01-19 17:01:54,653 - INFO - Retrieved article length: 7617 characters
2025-01-19 17:01:54,686 - INFO - Retrieved article length: 7073 characters
2025-01-19 17:01:54,739 - INFO - WSC: 1h change of 2.64%
2025-01-19 17:01:54,773 - INFO - WSM: 1h change of -1.24%
2025-01-19 17:01:54,820 - INFO - WSC: 1wk change of -3.55%
2025-01-19 17:01:54,900 - INFO - WSM: 1wk change of 6.71%
2025-01-19 17:01:54,902 - INFO - WSC: 1mo change of 4.90%
2025-01-19 17:01:55,018 - INFO - WSM: 1mo change of 14.68%
2025-01-19 17:01:55,054 - INFO - Processing WT - 2025-01-17 16:00:00 UTC
2025-01-19 17:01:55,186 - INFO - Processing WTI - 2025-01-15 17:20:38 UTC
2025-01-19 17:01:55,200 - INFO - Retrieved article length: 514 characters
2025-01-19 17:01:55,272 - INFO - Retrieved article length: 1942 characters
2025-01-19 17:01:55,316 - INFO - WST: 1h change of 1.77%
2025-01-19 17:01:55,359 - INFO - WRBY: 1h change of 4.98%
2025-01-19 17:01:55,443 - INFO - WST: 1wk change of 2.29%
2025-01-19 17:01:55,530 - INFO - WRBY: 1mo change of 55.67%
2025-01-19 17:01:55,569 - INFO - WST: 1mo change of 4.75%
2025-01-19 17:01:55,569 - INFO - Processing WST - 2025-01-07 00:30:00 UTC
2025-01-19 17:01:55,686 - INFO - Processing WTMA - 2024-11-14 17:40:00 UTC
2025-01-19 17:01:55,788 - INFO - Retrieved article length: 3703 characters
2025-01-19 17:01:55,883 - INFO - WT: 1h change of 1.80%
2025-01-19 17:01:55,995 - INFO - WT: 1wk change of -1.54%
2025-01-19 17:01:56,083 - INFO - WT: 1mo change of -15.54%
2025-01-19 17:01:56,084 - INFO - Processing WT - 2025-01-16 16:00:00 UTC
2025-01-19 17:01:56,105 - INFO - Retrieved article length: 519 characters
2025-01-19 17:01:56,192 - INFO - WTI: 1h change of 3.57%
2025-01-19 17:01:56,240 - INFO - Retrieved article length: 2104 characters
2025-01-19 17:01:56,327 - INFO - WTI: 1wk change of 12.12%
2025-01-19 17:01:56,332 - INFO - WST: 1h change of 1.77%
2025-01-19 17:01:56,436 - INFO - WTI: 1mo change of 1.09%
2025-01-19 17:01:56,436 - INFO - Processing WTI - 2025-01-15 17:02:40 UTC
2025-01-19 17:01:56,457 - INFO - WST: 1wk change of 2.55%
2025-01-19 17:01:56,534 - INFO - Retrieved article length: 29102 characters
2025-01-19 17:01:56,581 - INFO - WST: 1mo change of 4.49%
2025-01-19 17:01:56,582 - INFO - Processing WST - 2025-01-03 19:40:07 UTC
2025-01-19 17:01:56,706 - INFO - WTMA: 1wk change of 1.81%
2025-01-19 17:01:56,789 - INFO - WTMA: 1mo change of 8.99%
2025-01-19 17:01:56,806 - INFO - Retrieved article length: 9133 characters
2025-01-19 17:01:56,898 - INFO - WT: 1h change of 4.34%
2025-01-19 17:01:56,934 - INFO - Processing WTMAR - 2024-11-14 17:40:00 UTC
2025-01-19 17:01:56,996 - INFO - WT: 1wk change of -3.32%
2025-01-19 17:01:57,090 - INFO - WT: 1mo change of -16.64%
2025-01-19 17:01:57,092 - INFO - Processing WT - 2024-12-30 20:00:10 UTC
2025-01-19 17:01:57,263 - INFO - Retrieved article length: 468 characters
2025-01-19 17:01:57,271 - INFO - WTI: 1h change of 3.57%
2025-01-19 17:01:57,327 - INFO - WTI: 1wk change of 12.12%
2025-01-19 17:01:57,384 - INFO - WTI: 1mo change of 1.09%
2025-01-19 17:01:57,385 - INFO - Processing WTI - 2025-01-15 11:49:23 UTC
2025-01-19 17:01:57,441 - INFO - Retrieved article length: 2720 characters
2025-01-19 17:01:57,534 - INFO - WST: 1h change of 1.34%
2025-01-19 17:01:57,670 - INFO - Retrieved article length: 29102 characters
2025-01-19 17:01:57,766 - INFO - WST: 1mo change of 3.27%
2025-01-19 17:01:57,766 - INFO - Processing WST - 2024-12-23 15:47:10 UTC
2025-01-19 17:01:57,832 - ERROR - WTMAR: Period '1mo' is invalid, must be one of ['1d', '5d']
2025-01-19 17:01:57,908 - ERROR - WTMAR: Period '1mo' is invalid, must be one of ['1d', '5d']
2025-01-19 17:01:57,952 - INFO - Retrieved article length: 4596 characters
2025-01-19 17:01:58,041 - INFO - WT: 1h change of 1.45%
2025-01-19 17:01:58,045 - INFO - Processing WTMAU - 2024-11-14 17:40:00 UTC
2025-01-19 17:01:58,119 - INFO - Retrieved article length: 491 characters
2025-01-19 17:01:58,127 - INFO - WTI: 1h change of 3.57%
2025-01-19 17:01:58,134 - INFO - WT: 1wk change of -9.67%
2025-01-19 17:01:58,182 - INFO - WTI: 1wk change of 12.12%
2025-01-19 17:01:58,226 - INFO - WT: 1mo change of -21.15%
2025-01-19 17:01:58,226 - INFO - Processing WT - 2024-12-28 16:58:09 UTC
2025-01-19 17:01:58,237 - INFO - WTI: 1mo change of 1.09%
2025-01-19 17:01:58,237 - INFO - Processing WTI - 2025-01-15 01:15:00 UTC
2025-01-19 17:01:58,504 - INFO - Retrieved article length: 4433 characters
2025-01-19 17:01:58,599 - INFO - WST: 1h change of 1.07%
2025-01-19 17:01:58,791 - INFO - Retrieved article length: 29102 characters
2025-01-19 17:01:58,851 - INFO - WST: 1mo change of 9.48%
2025-01-19 17:01:58,852 - INFO - Processing WST - 2024-12-20 16:02:00 UTC
2025-01-19 17:01:58,867 - ERROR - WTMAU: No price data found, symbol may be delisted (1h 2024-11-12 -> 2024-11-16)
2025-01-19 17:01:58,867 - INFO - Retrieved article length: 5872 characters
2025-01-19 17:01:58,875 - INFO - WTI: 1h change of 3.57%
2025-01-19 17:01:58,929 - INFO - WTI: 1wk change of 12.12%
2025-01-19 17:01:58,951 - INFO - Retrieved article length: 4513 characters
2025-01-19 17:01:58,982 - INFO - WTI: 1mo change of 1.09%
2025-01-19 17:01:58,982 - INFO - Processing WTI - 2025-01-13 21:26:00 UTC
2025-01-19 17:01:59,033 - INFO - WT: 1h change of -1.12%
2025-01-19 17:01:59,127 - INFO - WT: 1wk change of -6.13%
2025-01-19 17:01:59,223 - INFO - WT: 1mo change of -21.15%
2025-01-19 17:01:59,224 - INFO - Processing WT - 2024-12-10 16:00:00 UTC
2025-01-19 17:01:59,368 - INFO - Processing WTRG - 2025-01-15 14:00:00 UTC
2025-01-19 17:01:59,598 - INFO - Retrieved article length: 6043 characters
2025-01-19 17:01:59,817 - INFO - WST: 1wk change of 4.37%
2025-01-19 17:01:59,930 - INFO - WST: 1mo change of 6.95%
2025-01-19 17:01:59,931 - INFO - Processing WST - 2024-12-18 18:33:06 UTC
2025-01-19 17:02:00,095 - INFO - Retrieved article length: 20848 characters
2025-01-19 17:02:00,160 - INFO - Retrieved article length: 6242 characters
2025-01-19 17:02:00,245 - INFO - WT: 1h change of 2.16%
2025-01-19 17:02:00,257 - INFO - Retrieved article length: 4749 characters
2025-01-19 17:02:00,286 - INFO - WTI: 1wk change of 5.11%
2025-01-19 17:02:00,334 - INFO - WT: 1wk change of -10.18%
2025-01-19 17:02:00,344 - INFO - WTRG: 1h change of 5.08%
2025-01-19 17:02:00,402 - INFO - WTI: 1mo change of 3.35%
2025-01-19 17:02:00,402 - INFO - Processing WTI - 2025-01-13 17:13:53 UTC
2025-01-19 17:02:00,427 - INFO - WT: 1mo change of -9.01%
2025-01-19 17:02:00,427 - INFO - Processing WT - 2024-12-10 00:30:00 UTC
2025-01-19 17:02:00,454 - INFO - WTRG: 1wk change of -1.21%
2025-01-19 17:02:00,572 - INFO - WTRG: 1mo change of -9.35%
2025-01-19 17:02:00,572 - INFO - Processing WTRG - 2025-01-08 15:30:00 UTC
2025-01-19 17:02:00,710 - INFO - Retrieved article length: 529 characters
2025-01-19 17:02:00,797 - INFO - WST: 1h change of -2.00%
2025-01-19 17:02:00,928 - INFO - WST: 1wk change of 3.43%
2025-01-19 17:02:01,058 - INFO - WST: 1mo change of -2.23%
2025-01-19 17:02:01,058 - INFO - Processing WST - 2024-12-14 14:45:16 UTC
2025-01-19 17:02:01,183 - INFO - Retrieved article length: 507 characters
2025-01-19 17:02:01,244 - INFO - WTI: 1wk change of 5.11%
2025-01-19 17:02:01,297 - INFO - WTI: 1mo change of 3.35%
2025-01-19 17:02:01,298 - INFO - Processing WTI - 2025-01-13 12:24:57 UTC
2025-01-19 17:02:01,333 - INFO - Retrieved article length: 8127 characters
2025-01-19 17:02:01,442 - INFO - WTRG: 1h change of -1.74%
2025-01-19 17:02:01,584 - INFO - WTRG: 1wk change of -3.34%
2025-01-19 17:02:01,719 - INFO - WTRG: 1mo change of -10.62%
2025-01-19 17:02:01,720 - INFO - Processing WTRG - 2025-01-07 20:31:00 UTC
2025-01-19 17:02:01,846 - INFO - Retrieved article length: 1627 characters
2025-01-19 17:02:02,099 - INFO - WST: 1wk change of 2.64%
2025-01-19 17:02:02,169 - INFO - Retrieved article length: 488 characters
2025-01-19 17:02:02,217 - ERROR - Error fetching article content: Response ended prematurely
2025-01-19 17:02:02,222 - INFO - WST: 1mo change of 2.74%
2025-01-19 17:02:02,223 - INFO - Processing WST - 2024-12-14 00:25:31 UTC
2025-01-19 17:02:02,226 - INFO - WT: 1h change of 2.16%
2025-01-19 17:02:02,230 - INFO - WTI: 1wk change of 5.11%
2025-01-19 17:02:02,231 - INFO - WT: 1wk change of -10.18%
2025-01-19 17:02:02,239 - INFO - WT: 1mo change of -9.01%
2025-01-19 17:02:02,239 - INFO - Processing WT - 2024-11-23 00:00:04 UTC
2025-01-19 17:02:02,284 - INFO - WTI: 1mo change of 3.35%
2025-01-19 17:02:02,285 - INFO - Processing WTI - 2025-01-13 08:01:00 UTC
2025-01-19 17:02:02,488 - INFO - Retrieved article length: 3821 characters
2025-01-19 17:02:02,578 - INFO - WTRG: 1h change of -1.74%
2025-01-19 17:02:02,705 - INFO - WTRG: 1wk change of -2.98%
2025-01-19 17:02:02,837 - INFO - WTRG: 1mo change of -11.75%
2025-01-19 17:02:02,838 - INFO - Processing WTRG - 2025-01-07 17:35:08 UTC
2025-01-19 17:02:03,020 - INFO - Retrieved article length: 150 characters
2025-01-19 17:02:03,026 - INFO - Retrieved article length: 5726 characters
2025-01-19 17:02:03,062 - INFO - Retrieved article length: 504 characters
2025-01-19 17:02:03,074 - INFO - WST: 1wk change of 2.64%
2025-01-19 17:02:03,081 - INFO - WST: 1mo change of 2.74%
2025-01-19 17:02:03,087 - INFO - WTI: 1wk change of 5.11%
2025-01-19 17:02:03,107 - INFO - WT: 1h change of 1.65%
2025-01-19 17:02:03,144 - INFO - WTI: 1mo change of 3.35%
2025-01-19 17:02:03,214 - INFO - WT: 1wk change of 3.18%
2025-01-19 17:02:03,242 - INFO - Processing WTTR - 2025-01-01 19:52:13 UTC
2025-01-19 17:02:03,269 - INFO - Processing WU - 2025-01-17 02:15:21 UTC
2025-01-19 17:02:03,307 - INFO - WT: 1mo change of 2.23%
2025-01-19 17:02:03,307 - INFO - Processing WT - 2024-11-18 04:09:25 UTC
2025-01-19 17:02:03,876 - INFO - Retrieved article length: 2948 characters
2025-01-19 17:02:03,885 - INFO - WTRG: 1h change of -1.74%
2025-01-19 17:02:03,892 - INFO - WTRG: 1wk change of -2.98%
2025-01-19 17:02:03,942 - INFO - WTRG: 1mo change of -11.75%
2025-01-19 17:02:03,942 - INFO - Processing WTRG - 2024-12-30 18:07:55 UTC
2025-01-19 17:02:03,978 - INFO - Retrieved article length: 3447 characters
2025-01-19 17:02:04,004 - INFO - Retrieved article length: 4251 characters
2025-01-19 17:02:04,093 - INFO - WTTR: 1h change of 8.17%
2025-01-19 17:02:04,184 - INFO - WTTR: 1wk change of 6.79%
2025-01-19 17:02:04,250 - INFO - Retrieved article length: 6186 characters
2025-01-19 17:02:04,275 - INFO - WTTR: 1mo change of -4.23%
2025-01-19 17:02:04,275 - INFO - Processing WTTR - 2024-12-16 14:14:27 UTC
2025-01-19 17:02:04,293 - INFO - Processing WU - 2025-01-11 02:00:25 UTC
2025-01-19 17:02:04,434 - INFO - WT: 1wk change of 8.79%
2025-01-19 17:02:04,540 - INFO - WT: 1mo change of 5.65%
2025-01-19 17:02:04,660 - INFO - Processing WULF - 2025-01-09 12:28:11 UTC
2025-01-19 17:02:04,691 - INFO - Retrieved article length: 3835 characters
2025-01-19 17:02:04,777 - INFO - WTRG: 1h change of 1.06%
2025-01-19 17:02:04,919 - INFO - WTRG: 1wk change of -3.74%
2025-01-19 17:02:05,044 - INFO - WTRG: 1mo change of -12.72%
2025-01-19 17:02:05,044 - INFO - Processing WTRG - 2024-12-18 20:48:00 UTC
2025-01-19 17:02:05,048 - INFO - Retrieved article length: 5289 characters
2025-01-19 17:02:05,131 - INFO - WTTR: 1h change of -1.35%
2025-01-19 17:02:05,134 - INFO - Retrieved article length: 3384 characters
2025-01-19 17:02:05,220 - INFO - WTTR: 1wk change of -9.48%
2025-01-19 17:02:05,310 - INFO - WTTR: 1mo change of 3.01%
2025-01-19 17:02:05,310 - INFO - Processing WTTR - 2024-11-29 19:36:57 UTC
2025-01-19 17:02:05,418 - INFO - Retrieved article length: 2503 characters
2025-01-19 17:02:05,419 - INFO - WU: 1mo change of -2.43%
2025-01-19 17:02:05,419 - INFO - Processing WU - 2025-01-07 02:15:23 UTC
2025-01-19 17:02:05,510 - INFO - WULF: 1h change of -9.81%
2025-01-19 17:02:05,606 - INFO - WULF: 1wk change of 20.30%
2025-01-19 17:02:05,698 - INFO - WULF: 1mo change of -16.99%
2025-01-19 17:02:05,698 - INFO - Processing WULF - 2025-01-07 17:02:51 UTC
2025-01-19 17:02:05,880 - INFO - Retrieved article length: 2267 characters
2025-01-19 17:02:05,968 - INFO - WTRG: 1h change of -7.11%
2025-01-19 17:02:06,089 - INFO - WTRG: 1wk change of -6.10%
2025-01-19 17:02:06,139 - INFO - Retrieved article length: 5710 characters
2025-01-19 17:02:06,143 - INFO - Retrieved article length: 3222 characters
2025-01-19 17:02:06,209 - INFO - WTRG: 1mo change of -9.14%
2025-01-19 17:02:06,210 - INFO - Processing WTRG - 2024-12-18 18:32:00 UTC
2025-01-19 17:02:06,230 - INFO - WU: 1h change of -1.09%
2025-01-19 17:02:06,405 - INFO - WTTR: 1mo change of 24.34%
2025-01-19 17:02:06,405 - INFO - Processing WTTR - 2024-11-13 14:14:24 UTC
2025-01-19 17:02:06,433 - INFO - WU: 1mo change of -2.08%
2025-01-19 17:02:06,433 - INFO - Processing WU - 2024-12-26 17:40:13 UTC
2025-01-19 17:02:06,572 - INFO - Retrieved article length: 7134 characters
2025-01-19 17:02:06,667 - INFO - WULF: 1h change of -12.77%
2025-01-19 17:02:06,761 - INFO - WULF: 1wk change of 9.96%
2025-01-19 17:02:06,856 - INFO - WULF: 1mo change of -11.97%
2025-01-19 17:02:06,856 - INFO - Processing WULF - 2025-01-06 18:02:35 UTC
2025-01-19 17:02:06,967 - INFO - Retrieved article length: 5542 characters
2025-01-19 17:02:06,975 - INFO - WTRG: 1h change of -7.11%
2025-01-19 17:02:06,982 - INFO - WTRG: 1wk change of -6.10%
2025-01-19 17:02:07,032 - INFO - WTRG: 1mo change of -9.14%
2025-01-19 17:02:07,032 - INFO - Processing WTRG - 2024-12-17 19:00:14 UTC
2025-01-19 17:02:07,164 - INFO - Retrieved article length: 3751 characters
2025-01-19 17:02:07,181 - INFO - Retrieved article length: 2372 characters
2025-01-19 17:02:07,248 - INFO - WTTR: 1h change of -1.31%
2025-01-19 17:02:07,268 - INFO - WU: 1h change of 1.38%
2025-01-19 17:02:07,337 - INFO - WTTR: 1wk change of 39.90%
2025-01-19 17:02:07,369 - INFO - WU: 1wk change of -4.15%
2025-01-19 17:02:07,422 - INFO - WTTR: 1mo change of 21.16%
2025-01-19 17:02:07,422 - INFO - Processing WTTR - 2024-11-13 00:15:00 UTC
2025-01-19 17:02:07,476 - INFO - WU: 1mo change of -1.80%
2025-01-19 17:02:07,476 - INFO - Processing WU - 2024-12-25 02:00:18 UTC
2025-01-19 17:02:07,802 - INFO - Retrieved article length: 5301 characters
2025-01-19 17:02:07,843 - INFO - Retrieved article length: 7028 characters
2025-01-19 17:02:07,886 - INFO - WTRG: 1h change of -6.96%
2025-01-19 17:02:07,926 - INFO - WULF: 1h change of -2.59%
2025-01-19 17:02:08,006 - INFO - WTRG: 1wk change of -5.72%
2025-01-19 17:02:08,029 - INFO - WULF: 1wk change of 11.75%
2025-01-19 17:02:08,123 - INFO - WULF: 1mo change of -12.57%
2025-01-19 17:02:08,124 - INFO - Processing WULF - 2025-01-04 15:04:52 UTC
2025-01-19 17:02:08,155 - INFO - WTRG: 1mo change of -10.35%
2025-01-19 17:02:08,231 - INFO - Retrieved article length: 2253 characters
2025-01-19 17:02:08,239 - INFO - WTTR: 1h change of -1.31%
2025-01-19 17:02:08,246 - INFO - WTTR: 1wk change of 39.90%
2025-01-19 17:02:08,253 - INFO - WTTR: 1mo change of 21.16%
2025-01-19 17:02:08,253 - INFO - Processing WTTR - 2024-11-07 15:00:35 UTC
2025-01-19 17:02:08,308 - INFO - Retrieved article length: 3585 characters
2025-01-19 17:02:08,337 - INFO - Processing WVVI - 2025-01-07 13:49:59 UTC
2025-01-19 17:02:08,400 - INFO - WU: 1h change of 2.05%
2025-01-19 17:02:08,504 - INFO - WU: 1wk change of -4.15%
2025-01-19 17:02:08,621 - INFO - Processing WU - 2024-12-24 02:15:22 UTC
2025-01-19 17:02:08,958 - INFO - Retrieved article length: 1994 characters
2025-01-19 17:02:08,975 - INFO - Retrieved article length: 6164 characters
2025-01-19 17:02:09,045 - INFO - WTTR: 1h change of 27.76%
2025-01-19 17:02:09,059 - INFO - WULF: 1h change of 9.31%
2025-01-19 17:02:09,133 - INFO - WTTR: 1wk change of 25.30%
2025-01-19 17:02:09,148 - INFO - WULF: 1wk change of -14.47%
2025-01-19 17:02:09,162 - INFO - Retrieved article length: 2410 characters
2025-01-19 17:02:09,223 - INFO - WTTR: 1mo change of 30.18%
2025-01-19 17:02:09,224 - INFO - Processing WTTR - 2024-11-07 10:19:14 UTC
2025-01-19 17:02:09,245 - INFO - WULF: 1mo change of -12.57%
2025-01-19 17:02:09,245 - INFO - WVVI: 1h change of -2.51%
2025-01-19 17:02:09,246 - INFO - Processing WULF - 2025-01-04 00:56:43 UTC
2025-01-19 17:02:09,328 - INFO - WVVI: 1wk change of 39.12%
2025-01-19 17:02:09,416 - INFO - WVVI: 1mo change of 41.99%
2025-01-19 17:02:09,416 - INFO - Processing WVVI - 2024-11-15 13:28:39 UTC
2025-01-19 17:02:09,614 - INFO - Retrieved article length: 3640 characters
2025-01-19 17:02:09,709 - INFO - WU: 1h change of 1.19%
2025-01-19 17:02:09,812 - INFO - WU: 1wk change of -4.61%
2025-01-19 17:02:09,925 - INFO - Processing WU - 2024-12-20 13:33:18 UTC
2025-01-19 17:02:09,982 - INFO - Retrieved article length: 1708 characters
2025-01-19 17:02:09,990 - INFO - WULF: 1h change of 9.31%
2025-01-19 17:02:09,996 - INFO - WULF: 1wk change of -14.47%
2025-01-19 17:02:10,029 - INFO - Retrieved article length: 4790 characters
2025-01-19 17:02:10,038 - INFO - WTTR: 1h change of 27.76%
2025-01-19 17:02:10,045 - INFO - WTTR: 1wk change of 25.30%
2025-01-19 17:02:10,047 - INFO - WULF: 1mo change of -12.57%
2025-01-19 17:02:10,047 - INFO - Processing WULF - 2024-12-28 17:03:22 UTC
2025-01-19 17:02:10,051 - INFO - WTTR: 1mo change of 30.18%
2025-01-19 17:02:10,051 - INFO - Processing WTTR - 2024-11-06 00:15:00 UTC
2025-01-19 17:02:10,249 - INFO - Retrieved article length: 1693 characters
2025-01-19 17:02:10,350 - INFO - WVVI: 1h change of -1.13%
2025-01-19 17:02:10,433 - INFO - WVVI: 1wk change of -2.93%
2025-01-19 17:02:10,522 - INFO - WVVI: 1mo change of -9.34%
2025-01-19 17:02:10,522 - INFO - Processing WVVI - 2024-11-13 01:00:00 UTC
2025-01-19 17:02:10,661 - INFO - Retrieved article length: 3656 characters
2025-01-19 17:02:10,763 - INFO - WU: 1h change of -4.46%
2025-01-19 17:02:10,976 - INFO - WU: 1mo change of -1.62%
2025-01-19 17:02:10,976 - INFO - Processing WU - 2024-12-18 02:00:14 UTC
2025-01-19 17:02:11,363 - INFO - Retrieved article length: 2617 characters
2025-01-19 17:02:11,446 - INFO - WULF: 1h change of -8.15%
2025-01-19 17:02:11,536 - INFO - Retrieved article length: 42028 characters
2025-01-19 17:02:11,537 - INFO - WULF: 1wk change of -6.88%
2025-01-19 17:02:11,626 - INFO - WULF: 1mo change of -8.44%
2025-01-19 17:02:11,627 - INFO - Processing WULF - 2024-12-26 16:31:45 UTC
2025-01-19 17:02:11,629 - INFO - WTTR: 1h change of 35.17%
2025-01-19 17:02:11,719 - INFO - WTTR: 1wk change of 25.30%
2025-01-19 17:02:11,804 - INFO - Retrieved article length: 7004 characters
2025-01-19 17:02:11,811 - INFO - WTTR: 1mo change of 30.19%
2025-01-19 17:02:11,836 - INFO - Retrieved article length: 3681 characters
2025-01-19 17:02:11,903 - INFO - WVVI: 1h change of -1.75%
2025-01-19 17:02:11,934 - INFO - WU: 1h change of -5.73%
2025-01-19 17:02:11,986 - INFO - WVVI: 1wk change of -2.65%
2025-01-19 17:02:11,992 - INFO - Processing WVVIP - 2025-01-07 13:49:59 UTC
2025-01-19 17:02:12,067 - INFO - WVVI: 1mo change of -6.96%
2025-01-19 17:02:12,068 - INFO - Processing WVVI - 2024-11-08 01:30:00 UTC
2025-01-19 17:02:12,307 - INFO - Processing WW - 2024-12-30 23:30:00 UTC
2025-01-19 17:02:12,432 - INFO - Retrieved article length: 2571 characters
2025-01-19 17:02:12,521 - INFO - WULF: 1h change of -12.65%
2025-01-19 17:02:12,617 - INFO - WULF: 1wk change of -24.51%
2025-01-19 17:02:12,745 - INFO - WULF: 1mo change of -8.44%
2025-01-19 17:02:12,746 - INFO - Processing WULF - 2024-12-02 17:07:55 UTC
2025-01-19 17:02:12,827 - INFO - Retrieved article length: 2742 characters
2025-01-19 17:02:12,869 - INFO - Retrieved article length: 2410 characters
2025-01-19 17:02:12,912 - INFO - WVVI: 1h change of -2.35%
2025-01-19 17:02:12,961 - INFO - WVVIP: 1h change of -2.21%
2025-01-19 17:02:12,995 - INFO - WVVI: 1wk change of -4.58%
2025-01-19 17:02:13,059 - INFO - WVVIP: 1wk change of -4.80%
2025-01-19 17:02:13,076 - INFO - WVVI: 1mo change of -2.95%
2025-01-19 17:02:13,158 - INFO - WVVIP: 1mo change of -4.21%
2025-01-19 17:02:13,158 - INFO - Processing WVVIP - 2024-11-15 13:28:39 UTC
2025-01-19 17:02:13,243 - INFO - Processing WWW - 2025-01-17 17:02:00 UTC
2025-01-19 17:02:13,549 - INFO - Retrieved article length: 7095 characters
2025-01-19 17:02:13,601 - INFO - Retrieved article length: 10252 characters
2025-01-19 17:02:13,633 - INFO - WULF: 1h change of -9.13%
2025-01-19 17:02:13,693 - INFO - WW: 1h change of 6.46%
2025-01-19 17:02:13,723 - INFO - WULF: 1wk change of -3.22%
2025-01-19 17:02:13,799 - INFO - WW: 1wk change of 8.21%
2025-01-19 17:02:13,813 - INFO - WULF: 1mo change of -9.20%
2025-01-19 17:02:13,890 - INFO - WW: 1mo change of -2.42%
2025-01-19 17:02:13,890 - INFO - Processing WW - 2024-12-11 17:23:00 UTC
2025-01-19 17:02:13,901 - INFO - Retrieved article length: 1693 characters
2025-01-19 17:02:13,970 - INFO - Processing WY - 2025-01-15 23:35:21 UTC
2025-01-19 17:02:13,987 - INFO - WVVIP: 1h change of -6.08%
2025-01-19 17:02:14,017 - INFO - Retrieved article length: 6477 characters
2025-01-19 17:02:14,080 - INFO - WVVIP: 1wk change of 7.14%
2025-01-19 17:02:14,107 - INFO - WWW: 1h change of -1.30%
2025-01-19 17:02:14,172 - INFO - WVVIP: 1mo change of -6.63%
2025-01-19 17:02:14,172 - INFO - Processing WVVIP - 2024-11-13 01:00:00 UTC
2025-01-19 17:02:14,380 - INFO - WWW: 1mo change of -2.62%
2025-01-19 17:02:14,380 - INFO - Processing WWW - 2025-01-16 15:48:00 UTC
2025-01-19 17:02:14,738 - INFO - Retrieved article length: 485 characters
2025-01-19 17:02:14,747 - INFO - Retrieved article length: 4904 characters
2025-01-19 17:02:14,827 - INFO - WY: 1h change of 7.40%
2025-01-19 17:02:14,938 - INFO - WW: 1wk change of 4.69%
2025-01-19 17:02:14,964 - INFO - WY: 1wk change of 5.96%
2025-01-19 17:02:14,981 - INFO - Retrieved article length: 7004 characters
2025-01-19 17:02:15,028 - INFO - WW: 1mo change of 19.42%
2025-01-19 17:02:15,028 - INFO - Processing WW - 2024-12-10 17:06:00 UTC
2025-01-19 17:02:15,057 - INFO - Retrieved article length: 6525 characters
2025-01-19 17:02:15,068 - INFO - WVVIP: 1h change of 3.29%
2025-01-19 17:02:15,099 - INFO - WY: 1mo change of -2.23%
2025-01-19 17:02:15,100 - INFO - Processing WY - 2025-01-15 13:54:44 UTC
2025-01-19 17:02:15,161 - INFO - WVVIP: 1wk change of 5.63%
2025-01-19 17:02:15,250 - INFO - WVVIP: 1mo change of -8.99%
2025-01-19 17:02:15,250 - INFO - Processing WVVIP - 2024-11-08 01:30:00 UTC
2025-01-19 17:02:15,277 - INFO - WWW: 1wk change of 1.97%
2025-01-19 17:02:15,414 - INFO - WWW: 1mo change of -3.32%
2025-01-19 17:02:15,414 - INFO - Processing WWW - 2025-01-15 19:46:00 UTC
2025-01-19 17:02:15,811 - INFO - Retrieved article length: 7907 characters
2025-01-19 17:02:15,844 - INFO - Retrieved article length: 2742 characters
2025-01-19 17:02:15,895 - INFO - Retrieved article length: 519 characters
2025-01-19 17:02:15,897 - INFO - WW: 1h change of 4.42%
2025-01-19 17:02:15,904 - INFO - WY: 1h change of 7.40%
2025-01-19 17:02:15,928 - INFO - WVVIP: 1h change of -8.78%
2025-01-19 17:02:15,955 - INFO - WY: 1wk change of 5.96%
2025-01-19 17:02:15,986 - INFO - WW: 1wk change of 7.81%
2025-01-19 17:02:16,008 - INFO - WY: 1mo change of -2.23%
2025-01-19 17:02:16,008 - INFO - Processing WY - 2025-01-15 13:34:45 UTC
2025-01-19 17:02:16,023 - INFO - WVVIP: 1wk change of -2.24%
2025-01-19 17:02:16,077 - INFO - WW: 1mo change of 11.21%
2025-01-19 17:02:16,077 - INFO - Processing WW - 2024-12-03 17:49:00 UTC
2025-01-19 17:02:16,135 - INFO - WVVIP: 1mo change of -2.52%
2025-01-19 17:02:16,292 - INFO - Processing WYHG - 2025-01-15 00:05:00 UTC
2025-01-19 17:02:16,457 - INFO - Retrieved article length: 6572 characters
2025-01-19 17:02:16,555 - INFO - WWW: 1h change of 2.06%
2025-01-19 17:02:16,703 - INFO - WWW: 1wk change of 1.97%
2025-01-19 17:02:16,770 - INFO - Retrieved article length: 526 characters
2025-01-19 17:02:16,778 - INFO - WY: 1h change of 7.40%
2025-01-19 17:02:16,833 - INFO - WY: 1wk change of 5.96%
2025-01-19 17:02:16,851 - INFO - WWW: 1mo change of -5.60%
2025-01-19 17:02:16,851 - INFO - Processing WWW - 2025-01-15 19:07:00 UTC
2025-01-19 17:02:16,884 - INFO - WY: 1mo change of -2.23%
2025-01-19 17:02:16,884 - INFO - Processing WY - 2025-01-14 18:16:00 UTC
2025-01-19 17:02:16,901 - INFO - Retrieved article length: 5170 characters
2025-01-19 17:02:16,993 - INFO - WW: 1h change of -6.34%
2025-01-19 17:02:17,087 - INFO - WW: 1wk change of 19.35%
2025-01-19 17:02:17,172 - INFO - Retrieved article length: 6413 characters
2025-01-19 17:02:17,179 - INFO - WW: 1mo change of 66.98%
2025-01-19 17:02:17,180 - INFO - Processing WW - 2024-11-27 15:00:00 UTC
2025-01-19 17:02:17,260 - INFO - WYHG: 1h change of 6.34%
2025-01-19 17:02:17,347 - INFO - WYHG: 1wk change of 23.16%
2025-01-19 17:02:17,434 - INFO - WYHG: 1mo change of 18.83%
2025-01-19 17:02:17,435 - INFO - Processing WYHG - 2024-12-03 16:00:00 UTC
2025-01-19 17:02:17,656 - INFO - Retrieved article length: 5930 characters
2025-01-19 17:02:17,664 - INFO - WWW: 1h change of 2.06%
2025-01-19 17:02:17,669 - INFO - Retrieved article length: 4158 characters
2025-01-19 17:02:17,715 - INFO - WWW: 1wk change of 1.97%
2025-01-19 17:02:17,767 - INFO - WWW: 1mo change of -5.60%
2025-01-19 17:02:17,768 - INFO - Processing WWW - 2025-01-15 17:00:13 UTC
2025-01-19 17:02:17,893 - INFO - Retrieved article length: 5767 characters
2025-01-19 17:02:17,989 - INFO - WW: 1h change of 4.28%
2025-01-19 17:02:18,036 - INFO - WY: 1h change of 5.63%
2025-01-19 17:02:18,081 - INFO - WW: 1wk change of 57.47%
2025-01-19 17:02:18,180 - INFO - WW: 1mo change of 14.41%
2025-01-19 17:02:18,180 - INFO - Processing WW - 2024-11-21 23:47:43 UTC
2025-01-19 17:02:18,181 - INFO - WY: 1wk change of 5.96%
2025-01-19 17:02:18,244 - INFO - Retrieved article length: 6313 characters
2025-01-19 17:02:18,307 - INFO - WY: 1mo change of -2.33%
2025-01-19 17:02:18,308 - INFO - Processing WY - 2025-01-06 20:31:41 UTC
2025-01-19 17:02:18,328 - INFO - WYHG: 1h change of 24.13%
2025-01-19 17:02:18,415 - INFO - WYHG: 1wk change of 7.31%
2025-01-19 17:02:18,499 - INFO - Processing WYHG - 2024-11-28 00:05:00 UTC
2025-01-19 17:02:18,589 - INFO - Retrieved article length: 3119 characters
2025-01-19 17:02:18,597 - INFO - WWW: 1h change of 2.06%
2025-01-19 17:02:18,648 - INFO - WWW: 1wk change of 1.97%
2025-01-19 17:02:18,704 - INFO - WWW: 1mo change of -5.60%
2025-01-19 17:02:18,704 - INFO - Processing WWW - 2025-01-14 21:39:00 UTC
2025-01-19 17:02:19,014 - INFO - Retrieved article length: 4447 characters
2025-01-19 17:02:19,048 - INFO - Retrieved article length: 492 characters
2025-01-19 17:02:19,104 - INFO - WW: 1h change of 22.09%
2025-01-19 17:02:19,136 - INFO - WY: 1h change of -1.93%
2025-01-19 17:02:19,196 - INFO - WW: 1wk change of 45.65%
2025-01-19 17:02:19,291 - INFO - WY: 1wk change of 5.61%
2025-01-19 17:02:19,303 - INFO - WW: 1mo change of -13.14%
2025-01-19 17:02:19,303 - INFO - Processing WW - 2024-11-08 13:48:08 UTC
2025-01-19 17:02:19,308 - INFO - Retrieved article length: 6347 characters
2025-01-19 17:02:19,399 - INFO - WYHG: 1h change of 1.85%
2025-01-19 17:02:19,431 - INFO - WY: 1mo change of -5.54%
2025-01-19 17:02:19,431 - INFO - Processing WY - 2025-01-06 16:56:00 UTC
2025-01-19 17:02:19,480 - INFO - WYHG: 1wk change of 15.80%
2025-01-19 17:02:19,489 - INFO - Retrieved article length: 5244 characters
2025-01-19 17:02:19,565 - INFO - WYHG: 1mo change of 41.51%
2025-01-19 17:02:19,565 - INFO - Processing WYHG - 2024-11-26 06:10:00 UTC
2025-01-19 17:02:19,572 - INFO - WWW: 1h change of 2.91%
2025-01-19 17:02:19,711 - INFO - WWW: 1wk change of 1.97%
2025-01-19 17:02:19,855 - INFO - Processing WWW - 2025-01-10 12:05:11 UTC
2025-01-19 17:02:20,101 - INFO - Retrieved article length: 1983 characters
2025-01-19 17:02:20,190 - INFO - Retrieved article length: 4332 characters
2025-01-19 17:02:20,205 - INFO - WY: 1h change of -1.93%
2025-01-19 17:02:20,212 - INFO - WY: 1wk change of 5.61%
2025-01-19 17:02:20,265 - INFO - WY: 1mo change of -5.54%
2025-01-19 17:02:20,265 - INFO - Processing WY - 2025-01-06 14:11:16 UTC
2025-01-19 17:02:20,287 - INFO - WW: 1wk change of -16.98%
2025-01-19 17:02:20,320 - INFO - Retrieved article length: 6970 characters
2025-01-19 17:02:20,388 - INFO - WW: 1mo change of 94.74%
2025-01-19 17:02:20,388 - INFO - Processing WW - 2024-11-07 10:10:09 UTC
2025-01-19 17:02:20,403 - INFO - WYHG: 1h change of 4.44%
2025-01-19 17:02:20,489 - INFO - WYHG: 1wk change of 6.13%
2025-01-19 17:02:20,578 - INFO - WYHG: 1mo change of 39.62%
2025-01-19 17:02:20,678 - INFO - Retrieved article length: 5862 characters
2025-01-19 17:02:20,763 - INFO - Processing WYNN - 2025-01-17 12:01:43 UTC
2025-01-19 17:02:20,769 - INFO - WWW: 1h change of 3.22%
2025-01-19 17:02:20,925 - INFO - WWW: 1wk change of 3.12%
2025-01-19 17:02:21,011 - INFO - Retrieved article length: 6473 characters
2025-01-19 17:02:21,020 - INFO - WY: 1h change of -1.93%
2025-01-19 17:02:21,025 - INFO - WY: 1wk change of 5.61%
2025-01-19 17:02:21,060 - INFO - Processing WWW - 2025-01-03 15:20:20 UTC
2025-01-19 17:02:21,079 - INFO - WY: 1mo change of -5.54%
2025-01-19 17:02:21,079 - INFO - Processing WY - 2025-01-04 12:59:46 UTC
2025-01-19 17:02:21,256 - INFO - Retrieved article length: 5290 characters
2025-01-19 17:02:21,349 - INFO - WW: 1h change of -26.11%
2025-01-19 17:02:21,442 - INFO - WW: 1wk change of -21.43%
2025-01-19 17:02:21,545 - INFO - WW: 1mo change of 113.89%
2025-01-19 17:02:21,599 - INFO - Retrieved article length: 3617 characters
2025-01-19 17:02:21,667 - INFO - Processing X - 2025-01-19 06:16:18 UTC
2025-01-19 17:02:21,691 - INFO - WYNN: 1h change of 1.47%
2025-01-19 17:02:21,800 - INFO - WYNN: 1wk change of 2.69%
2025-01-19 17:02:21,907 - INFO - WYNN: 1mo change of -10.43%
2025-01-19 17:02:21,907 - INFO - Processing WYNN - 2025-01-15 00:56:49 UTC
2025-01-19 17:02:21,960 - INFO - Retrieved article length: 7169 characters
2025-01-19 17:02:22,184 - INFO - WY: 1wk change of 1.74%
2025-01-19 17:02:22,320 - INFO - WY: 1mo change of -5.54%
2025-01-19 17:02:22,342 - INFO - Retrieved article length: 8499 characters
2025-01-19 17:02:22,477 - INFO - Processing XAIR - 2025-01-12 16:15:32 UTC
2025-01-19 17:02:22,566 - INFO - Retrieved article length: 1231 characters
2025-01-19 17:02:22,574 - INFO - X: 1wk change of 5.26%
2025-01-19 17:02:22,655 - INFO - WYNN: 1h change of 1.03%
2025-01-19 17:02:22,697 - INFO - X: 1mo change of 10.08%
2025-01-19 17:02:22,697 - INFO - Processing X - 2025-01-18 01:13:00 UTC
2025-01-19 17:02:22,875 - INFO - WYNN: 1mo change of -11.07%
2025-01-19 17:02:22,875 - INFO - Processing WYNN - 2025-01-14 17:25:53 UTC
2025-01-19 17:02:23,043 - INFO - Retrieved article length: 1470 characters
2025-01-19 17:02:23,133 - INFO - WWW: 1h change of -1.32%
2025-01-19 17:02:23,226 - INFO - Retrieved article length: 4120 characters
2025-01-19 17:02:23,323 - INFO - XAIR: 1h change of -3.08%
2025-01-19 17:02:23,402 - INFO - WWW: 1mo change of -1.28%
2025-01-19 17:02:23,404 - INFO - XAIR: 1wk change of 16.43%
2025-01-19 17:02:23,488 - INFO - XAIR: 1mo change of -16.23%
2025-01-19 17:02:23,488 - INFO - Processing XAIR - 2025-01-06 16:00:00 UTC
2025-01-19 17:02:23,551 - INFO - Processing XBI - 2024-11-04 17:00:00 UTC
2025-01-19 17:02:23,564 - INFO - Retrieved article length: 530 characters
2025-01-19 17:02:23,874 - INFO - WYNN: 1mo change of -10.83%
2025-01-19 17:02:23,874 - INFO - Processing WYNN - 2025-01-14 12:02:30 UTC
2025-01-19 17:02:24,285 - INFO - Retrieved article length: 8116 characters
2025-01-19 17:02:24,321 - INFO - Retrieved article length: 3842 characters
2025-01-19 17:02:24,361 - INFO - Retrieved article length: 337 characters
2025-01-19 17:02:24,373 - INFO - XAIR: 1h change of 14.65%
2025-01-19 17:02:24,408 - INFO - XBI: 1h change of 1.49%
2025-01-19 17:02:24,459 - INFO - X: 1h change of -1.96%
2025-01-19 17:02:24,468 - INFO - XAIR: 1wk change of -18.41%
2025-01-19 17:02:24,514 - INFO - XBI: 1wk change of 2.94%
2025-01-19 17:02:24,551 - INFO - XAIR: 1mo change of -17.55%
2025-01-19 17:02:24,551 - INFO - Processing XAIR - 2024-12-04 00:05:00 UTC
2025-01-19 17:02:24,577 - INFO - X: 1wk change of 9.95%
2025-01-19 17:02:24,618 - INFO - Processing XBI - 2024-11-01 00:32:07 UTC
2025-01-19 17:02:24,665 - INFO - Retrieved article length: 6117 characters
2025-01-19 17:02:24,701 - INFO - X: 1mo change of 10.08%
2025-01-19 17:02:24,701 - INFO - Processing X - 2025-01-15 18:03:50 UTC
2025-01-19 17:02:24,781 - INFO - WYNN: 1mo change of -10.83%
2025-01-19 17:02:24,781 - INFO - Processing WYNN - 2025-01-13 17:45:00 UTC
2025-01-19 17:02:25,378 - INFO - Retrieved article length: 2396 characters
2025-01-19 17:02:25,399 - INFO - Retrieved article length: 8798 characters
2025-01-19 17:02:25,483 - INFO - XAIR: 1h change of -2.34%
2025-01-19 17:02:25,564 - INFO - XAIR: 1wk change of -14.84%
2025-01-19 17:02:25,575 - INFO - XBI: 1wk change of 6.01%
2025-01-19 17:02:25,645 - INFO - XAIR: 1mo change of -21.00%
2025-01-19 17:02:25,658 - INFO - Processing XAIR - 2024-12-02 15:30:00 UTC
2025-01-19 17:02:25,678 - INFO - XBI: 1mo change of -1.12%
2025-01-19 17:02:25,722 - INFO - Retrieved article length: 3520 characters
2025-01-19 17:02:25,842 - INFO - Processing XBIO - 2024-12-17 17:15:00 UTC
2025-01-19 17:02:25,923 - INFO - WYNN: 1wk change of 1.62%
2025-01-19 17:02:26,036 - INFO - WYNN: 1mo change of -11.75%
2025-01-19 17:02:26,037 - INFO - Processing WYNN - 2025-01-10 17:09:43 UTC
2025-01-19 17:02:26,292 - INFO - Retrieved article length: 8153 characters
2025-01-19 17:02:26,379 - INFO - X: 1h change of -2.78%
2025-01-19 17:02:26,400 - INFO - Retrieved article length: 11309 characters
2025-01-19 17:02:26,487 - INFO - XAIR: 1h change of 5.33%
2025-01-19 17:02:26,525 - INFO - X: 1wk change of 9.38%
2025-01-19 17:02:26,586 - INFO - XAIR: 1wk change of -10.56%
2025-01-19 17:02:26,649 - INFO - X: 1mo change of 3.18%
2025-01-19 17:02:26,650 - INFO - Processing X - 2025-01-15 07:19:50 UTC
2025-01-19 17:02:26,666 - INFO - XAIR: 1mo change of -15.89%
2025-01-19 17:02:26,667 - INFO - Processing XAIR - 2024-11-26 15:30:00 UTC
2025-01-19 17:02:26,766 - INFO - Retrieved article length: 5901 characters
2025-01-19 17:02:26,830 - INFO - Retrieved article length: 501 characters
2025-01-19 17:02:26,849 - INFO - XBIO: 1h change of 1.25%
2025-01-19 17:02:26,927 - INFO - XBIO: 1wk change of -6.70%
2025-01-19 17:02:27,016 - INFO - XBIO: 1mo change of 2.66%
2025-01-19 17:02:27,016 - INFO - Processing XBIO - 2024-12-16 17:00:00 UTC
2025-01-19 17:02:27,017 - INFO - WYNN: 1wk change of -1.73%
2025-01-19 17:02:27,127 - INFO - WYNN: 1mo change of -10.28%
2025-01-19 17:02:27,127 - INFO - Processing WYNN - 2025-01-10 16:21:00 UTC
2025-01-19 17:02:27,662 - INFO - Retrieved article length: 8700 characters
2025-01-19 17:02:27,697 - INFO - Retrieved article length: 2141 characters
2025-01-19 17:02:27,705 - INFO - X: 1h change of -2.78%
2025-01-19 17:02:27,747 - INFO - XAIR: 1h change of 12.35%
2025-01-19 17:02:27,758 - INFO - X: 1wk change of 9.38%
2025-01-19 17:02:27,780 - INFO - Retrieved article length: 8067 characters
2025-01-19 17:02:27,813 - INFO - X: 1mo change of 3.18%
2025-01-19 17:02:27,813 - INFO - Processing X - 2025-01-15 00:29:00 UTC
2025-01-19 17:02:27,831 - INFO - XAIR: 1wk change of -2.55%
2025-01-19 17:02:27,863 - INFO - XBIO: 1h change of 1.37%
2025-01-19 17:02:27,914 - INFO - XAIR: 1mo change of -1.82%
2025-01-19 17:02:27,914 - INFO - Processing XAIR - 2024-11-15 00:05:00 UTC
2025-01-19 17:02:27,948 - INFO - XBIO: 1wk change of -6.95%
2025-01-19 17:02:27,997 - INFO - Retrieved article length: 4623 characters
2025-01-19 17:02:28,031 - INFO - XBIO: 1mo change of 7.34%
2025-01-19 17:02:28,031 - INFO - Processing XBIO - 2024-12-05 16:45:00 UTC
2025-01-19 17:02:28,057 - INFO - WYNN: 1wk change of -1.73%
2025-01-19 17:02:28,111 - INFO - WYNN: 1mo change of -10.28%
2025-01-19 17:02:28,112 - INFO - Processing WYNN - 2025-01-10 12:20:51 UTC
2025-01-19 17:02:28,612 - INFO - Retrieved article length: 181 characters
2025-01-19 17:02:28,620 - INFO - X: 1h change of -2.78%
2025-01-19 17:02:28,675 - INFO - X: 1wk change of 9.38%
2025-01-19 17:02:28,731 - INFO - X: 1mo change of 3.18%
2025-01-19 17:02:28,731 - INFO - Processing X - 2025-01-14 21:36:23 UTC
2025-01-19 17:02:28,807 - INFO - Retrieved article length: 4536 characters
2025-01-19 17:02:28,890 - INFO - XAIR: 1h change of 5.60%
2025-01-19 17:02:28,937 - INFO - Retrieved article length: 8323 characters
2025-01-19 17:02:28,972 - INFO - XAIR: 1wk change of 21.35%
2025-01-19 17:02:29,009 - INFO - Retrieved article length: 482 characters
2025-01-19 17:02:29,021 - INFO - XBIO: 1h change of 4.31%
2025-01-19 17:02:29,053 - INFO - XAIR: 1mo change of 21.99%
2025-01-19 17:02:29,053 - INFO - Processing XAIR - 2024-11-12 00:05:00 UTC
2025-01-19 17:02:29,068 - INFO - WYNN: 1wk change of -1.73%
2025-01-19 17:02:29,120 - INFO - WYNN: 1mo change of -10.28%
2025-01-19 17:02:29,190 - INFO - Processing XBIO - 2024-11-21 16:30:00 UTC
2025-01-19 17:02:29,259 - INFO - Processing XBP - 2025-01-16 19:14:00 UTC
2025-01-19 17:02:29,423 - INFO - Retrieved article length: 558 characters
2025-01-19 17:02:29,646 - INFO - X: 1wk change of 9.38%
2025-01-19 17:02:29,775 - INFO - X: 1mo change of 2.21%
2025-01-19 17:02:29,775 - INFO - Processing X - 2025-01-14 21:20:17 UTC
2025-01-19 17:02:30,000 - INFO - Retrieved article length: 9099 characters
2025-01-19 17:02:30,070 - INFO - Retrieved article length: 20497 characters
2025-01-19 17:02:30,077 - INFO - Retrieved article length: 9000 characters
2025-01-19 17:02:30,084 - INFO - XBIO: 1h change of 2.63%
2025-01-19 17:02:30,165 - INFO - XBP: 1h change of 12.65%
2025-01-19 17:02:30,166 - INFO - XBIO: 1wk change of 7.85%
2025-01-19 17:02:30,238 - INFO - XAIR: 1wk change of 8.13%
2025-01-19 17:02:30,245 - INFO - XBP: 1wk change of -1.79%
2025-01-19 17:02:30,266 - INFO - XBIO: 1mo change of 12.77%
2025-01-19 17:02:30,266 - INFO - Processing XBIO - 2024-11-15 14:00:48 UTC
2025-01-19 17:02:30,324 - INFO - XAIR: 1mo change of 28.13%
2025-01-19 17:02:30,324 - INFO - Processing XAIR - 2024-11-11 15:00:00 UTC
2025-01-19 17:02:30,327 - INFO - XBP: 1mo change of 2.80%
2025-01-19 17:02:30,327 - INFO - Processing XBP - 2025-01-14 20:35:00 UTC
2025-01-19 17:02:30,504 - INFO - Retrieved article length: 2136 characters
2025-01-19 17:02:30,571 - INFO - X: 1wk change of 9.38%
2025-01-19 17:02:30,630 - INFO - X: 1mo change of 2.21%
2025-01-19 17:02:30,630 - INFO - Processing X - 2025-01-14 18:16:09 UTC
2025-01-19 17:02:31,054 - INFO - Retrieved article length: 10975 characters
2025-01-19 17:02:31,083 - INFO - Retrieved article length: 8754 characters
2025-01-19 17:02:31,135 - INFO - Retrieved article length: 2016 characters
2025-01-19 17:02:31,178 - INFO - XBP: 1h change of 11.11%
2025-01-19 17:02:31,222 - INFO - XBIO: 1h change of -7.34%
2025-01-19 17:02:31,262 - INFO - XBP: 1wk change of -1.79%
2025-01-19 17:02:31,302 - INFO - XAIR: 1mo change of 16.54%
2025-01-19 17:02:31,304 - INFO - XBIO: 1wk change of 8.45%
2025-01-19 17:02:31,343 - INFO - XBP: 1mo change of -5.17%
2025-01-19 17:02:31,344 - INFO - Processing XBP - 2025-01-14 15:00:00 UTC
2025-01-19 17:02:31,384 - INFO - XBIO: 1mo change of 15.05%
2025-01-19 17:02:31,385 - INFO - Processing XBIO - 2024-11-13 16:30:00 UTC
2025-01-19 17:02:31,397 - INFO - Retrieved article length: 2858 characters
2025-01-19 17:02:31,414 - INFO - Processing XCUR - 2024-12-27 04:08:00 UTC
2025-01-19 17:02:31,459 - INFO - X: 1wk change of 9.38%
2025-01-19 17:02:31,516 - INFO - X: 1mo change of 2.21%
2025-01-19 17:02:31,694 - INFO - Processing XEL - 2025-01-14 00:00:00 UTC
2025-01-19 17:02:32,027 - INFO - Retrieved article length: 5933 characters
2025-01-19 17:02:32,036 - INFO - XBP: 1h change of 11.11%
2025-01-19 17:02:32,089 - INFO - XBP: 1wk change of -1.79%
2025-01-19 17:02:32,144 - INFO - XBP: 1mo change of -5.17%
2025-01-19 17:02:32,144 - INFO - Processing XBP - 2024-11-19 17:00:00 UTC
2025-01-19 17:02:32,223 - INFO - Retrieved article length: 6327 characters
2025-01-19 17:02:32,252 - INFO - Retrieved article length: 8176 characters
2025-01-19 17:02:32,313 - INFO - XCUR: 1h change of -3.41%
2025-01-19 17:02:32,338 - INFO - XBIO: 1h change of -11.16%
2025-01-19 17:02:32,398 - INFO - XCUR: 1wk change of -22.50%
2025-01-19 17:02:32,420 - INFO - XBIO: 1wk change of 12.07%
2025-01-19 17:02:32,484 - INFO - XCUR: 1mo change of -45.21%
2025-01-19 17:02:32,484 - INFO - Processing XCUR - 2024-12-21 21:48:00 UTC
2025-01-19 17:02:32,500 - INFO - Processing XBIO - 2024-11-13 03:11:52 UTC
2025-01-19 17:02:32,630 - INFO - Retrieved article length: 2628 characters
2025-01-19 17:02:32,723 - INFO - XEL: 1h change of 2.14%
2025-01-19 17:02:32,862 - INFO - XEL: 1wk change of 2.43%
2025-01-19 17:02:32,892 - INFO - Retrieved article length: 8697 characters
2025-01-19 17:02:32,979 - INFO - XBP: 1h change of -5.32%
2025-01-19 17:02:33,034 - INFO - XEL: 1mo change of -2.71%
2025-01-19 17:02:33,034 - INFO - Processing XEL - 2025-01-13 19:36:13 UTC
2025-01-19 17:02:33,063 - INFO - XBP: 1wk change of 18.81%
2025-01-19 17:02:33,154 - INFO - XBP: 1mo change of 8.42%
2025-01-19 17:02:33,154 - INFO - Processing XBP - 2024-11-15 17:27:02 UTC
2025-01-19 17:02:33,288 - INFO - Retrieved article length: 719 characters
2025-01-19 17:02:33,296 - INFO - XBIO: 1h change of -11.16%
2025-01-19 17:02:33,303 - INFO - XBIO: 1wk change of 12.07%
2025-01-19 17:02:33,309 - INFO - Processing XBIO - 2024-11-12 17:00:00 UTC
2025-01-19 17:02:33,404 - INFO - Retrieved article length: 5050 characters
2025-01-19 17:02:33,527 - INFO - XCUR: 1h change of 15.92%
2025-01-19 17:02:33,614 - INFO - XCUR: 1wk change of -14.41%
2025-01-19 17:02:33,697 - INFO - XCUR: 1mo change of 155.58%
2025-01-19 17:02:33,697 - INFO - Processing XCUR - 2024-11-15 00:01:00 UTC
2025-01-19 17:02:33,874 - INFO - Retrieved article length: 496 characters
2025-01-19 17:02:34,102 - INFO - Retrieved article length: 1549 characters
2025-01-19 17:02:34,161 - INFO - Retrieved article length: 8556 characters
2025-01-19 17:02:34,186 - INFO - XBP: 1h change of 15.97%
2025-01-19 17:02:34,246 - INFO - XEL: 1mo change of -2.66%
2025-01-19 17:02:34,247 - INFO - Processing XEL - 2025-01-13 16:23:50 UTC
2025-01-19 17:02:34,248 - INFO - XBIO: 1h change of -11.16%
2025-01-19 17:02:34,272 - INFO - XBP: 1wk change of 33.90%
2025-01-19 17:02:34,329 - INFO - XBIO: 1wk change of 9.56%
2025-01-19 17:02:34,359 - INFO - XBP: 1mo change of 2.91%
2025-01-19 17:02:34,359 - INFO - Processing XBP - 2024-11-13 00:52:00 UTC
2025-01-19 17:02:34,536 - INFO - Retrieved article length: 10686 characters
2025-01-19 17:02:34,582 - INFO - Processing XELA - 2025-01-08 12:12:10 UTC
2025-01-19 17:02:34,630 - INFO - XCUR: 1h change of -10.87%
2025-01-19 17:02:34,717 - INFO - XCUR: 1wk change of 535.99%
2025-01-19 17:02:34,803 - INFO - XCUR: 1mo change of 487.31%
2025-01-19 17:02:34,943 - INFO - Processing XELAP - 2025-01-08 12:12:10 UTC
2025-01-19 17:02:34,946 - INFO - Retrieved article length: 537 characters
2025-01-19 17:02:35,069 - INFO - XEL: 1mo change of -2.66%
2025-01-19 17:02:35,069 - INFO - Processing XEL - 2025-01-07 02:55:00 UTC
2025-01-19 17:02:35,295 - INFO - Retrieved article length: 490 characters
2025-01-19 17:02:35,363 - INFO - Retrieved article length: 24490 characters
2025-01-19 17:02:35,379 - INFO - XELA: 1h change of -31.37%
2025-01-19 17:02:35,454 - INFO - XBP: 1h change of 65.73%
2025-01-19 17:02:35,458 - INFO - XELA: 1wk change of -32.67%
2025-01-19 17:02:35,535 - INFO - XBP: 1wk change of 34.04%
2025-01-19 17:02:35,545 - INFO - XELA: 1mo change of -47.69%
2025-01-19 17:02:35,545 - INFO - Processing XELA - 2025-01-08 07:25:00 UTC
2025-01-19 17:02:35,618 - INFO - XBP: 1mo change of -2.80%
2025-01-19 17:02:35,618 - INFO - Processing XBP - 2024-11-12 00:30:00 UTC
2025-01-19 17:02:35,629 - INFO - Retrieved article length: 490 characters
2025-01-19 17:02:35,718 - INFO - XELAP: 1h change of -16.67%
2025-01-19 17:02:35,802 - INFO - XELAP: 1wk change of 53.53%
2025-01-19 17:02:35,886 - INFO - XELAP: 1mo change of 190.00%
2025-01-19 17:02:35,886 - INFO - Processing XELAP - 2025-01-08 07:25:00 UTC
2025-01-19 17:02:35,958 - INFO - Retrieved article length: 2012 characters
2025-01-19 17:02:36,054 - INFO - XEL: 1h change of 1.02%
2025-01-19 17:02:36,204 - INFO - XEL: 1wk change of -1.25%
2025-01-19 17:02:36,332 - INFO - Retrieved article length: 6791 characters
2025-01-19 17:02:36,339 - INFO - XELA: 1h change of -31.37%
2025-01-19 17:02:36,341 - INFO - XEL: 1mo change of -5.25%
2025-01-19 17:02:36,341 - INFO - Processing XEL - 2025-01-03 23:48:35 UTC
2025-01-19 17:02:36,346 - INFO - XELA: 1wk change of -32.67%
2025-01-19 17:02:36,400 - INFO - XELA: 1mo change of -47.69%
2025-01-19 17:02:36,400 - INFO - Processing XELA - 2024-12-19 17:00:00 UTC
2025-01-19 17:02:36,521 - INFO - Retrieved article length: 9779 characters
2025-01-19 17:02:36,618 - INFO - XBP: 1h change of 40.45%
2025-01-19 17:02:36,706 - INFO - XBP: 1wk change of 34.04%
2025-01-19 17:02:36,791 - INFO - XBP: 1mo change of -2.73%
2025-01-19 17:02:36,791 - INFO - Processing XBP - 2024-11-07 12:27:00 UTC
2025-01-19 17:02:36,853 - INFO - Retrieved article length: 6791 characters
2025-01-19 17:02:36,861 - INFO - XELAP: 1h change of -16.67%
2025-01-19 17:02:36,866 - INFO - XELAP: 1wk change of 53.53%
2025-01-19 17:02:36,919 - INFO - XELAP: 1mo change of 190.00%
2025-01-19 17:02:36,919 - INFO - Processing XELAP - 2024-12-19 17:00:00 UTC
2025-01-19 17:02:37,212 - INFO - Retrieved article length: 5344 characters
2025-01-19 17:02:37,388 - INFO - XELA: 1wk change of -7.69%
2025-01-19 17:02:37,467 - INFO - XELA: 1mo change of -41.38%
2025-01-19 17:02:37,468 - INFO - Processing XELA - 2024-11-30 14:00:15 UTC
2025-01-19 17:02:37,484 - INFO - Retrieved article length: 1834 characters
2025-01-19 17:02:37,600 - INFO - Retrieved article length: 8431 characters
2025-01-19 17:02:37,682 - INFO - Retrieved article length: 5344 characters
2025-01-19 17:02:37,686 - INFO - XBP: 1h change of 1.45%
2025-01-19 17:02:37,708 - INFO - XEL: 1wk change of -6.33%
2025-01-19 17:02:37,769 - INFO - XBP: 1wk change of 24.55%
2025-01-19 17:02:37,770 - INFO - XELAP: 1h change of 20.00%
2025-01-19 17:02:37,851 - INFO - XEL: 1mo change of -7.29%
2025-01-19 17:02:37,852 - INFO - Processing XEL - 2025-01-03 15:24:00 UTC
2025-01-19 17:02:37,858 - INFO - XELAP: 1wk change of 40.71%
2025-01-19 17:02:37,943 - INFO - XELAP: 1mo change of -28.49%
2025-01-19 17:02:37,944 - INFO - Processing XELAP - 2024-11-30 14:00:15 UTC
2025-01-19 17:02:38,002 - INFO - Processing XELB - 2024-12-25 06:50:16 UTC
2025-01-19 17:02:38,266 - INFO - Retrieved article length: 3715 characters
2025-01-19 17:02:38,355 - INFO - XELA: 1h change of 8.33%
2025-01-19 17:02:38,440 - INFO - XELA: 1wk change of 20.37%
2025-01-19 17:02:38,529 - INFO - XELA: 1mo change of -44.16%
2025-01-19 17:02:38,530 - INFO - Processing XELA - 2024-11-27 00:30:00 UTC
2025-01-19 17:02:38,637 - INFO - Retrieved article length: 5752 characters
2025-01-19 17:02:38,651 - INFO - XEL: 1wk change of -6.33%
2025-01-19 17:02:38,668 - INFO - Retrieved article length: 3715 characters
2025-01-19 17:02:38,705 - INFO - XEL: 1mo change of -7.29%
2025-01-19 17:02:38,705 - INFO - Processing XEL - 2025-01-03 12:34:30 UTC
2025-01-19 17:02:38,748 - ERROR - XELAP: No price data found, symbol may be delisted (1h 2024-11-28 -> 2024-12-02)
2025-01-19 17:02:38,779 - INFO - Retrieved article length: 2290 characters
2025-01-19 17:02:38,828 - INFO - XELAP: 1wk change of -61.64%
2025-01-19 17:02:38,866 - INFO - XELB: 1h change of 34.53%
2025-01-19 17:02:38,915 - INFO - XELAP: 1mo change of -73.72%
2025-01-19 17:02:38,915 - INFO - Processing XELAP - 2024-11-27 00:30:00 UTC
2025-01-19 17:02:38,951 - INFO - XELB: 1wk change of -6.27%
2025-01-19 17:02:39,036 - INFO - XELB: 1mo change of -38.40%
2025-01-19 17:02:39,036 - INFO - Processing XELB - 2024-12-24 20:56:01 UTC
2025-01-19 17:02:39,268 - INFO - Retrieved article length: 3498 characters
2025-01-19 17:02:39,360 - INFO - XELA: 1h change of 13.21%
2025-01-19 17:02:39,445 - INFO - XELA: 1wk change of 10.17%
2025-01-19 17:02:39,496 - INFO - Retrieved article length: 2827 characters
2025-01-19 17:02:39,509 - INFO - XEL: 1wk change of -6.33%
2025-01-19 17:02:39,530 - INFO - XELA: 1mo change of -43.94%
2025-01-19 17:02:39,530 - INFO - Processing XELA - 2024-11-12 00:30:00 UTC
2025-01-19 17:02:39,565 - INFO - XEL: 1mo change of -7.29%
2025-01-19 17:02:39,566 - INFO - Processing XEL - 2025-01-02 21:43:28 UTC
2025-01-19 17:02:39,767 - INFO - Retrieved article length: 3498 characters
2025-01-19 17:02:39,855 - INFO - XELAP: 1h change of -30.56%
2025-01-19 17:02:39,935 - INFO - XELAP: 1wk change of -58.90%
2025-01-19 17:02:39,962 - INFO - Retrieved article length: 26187 characters
2025-01-19 17:02:40,020 - INFO - XELAP: 1mo change of -73.72%
2025-01-19 17:02:40,020 - INFO - Processing XELAP - 2024-11-12 00:30:00 UTC
2025-01-19 17:02:40,058 - INFO - XELB: 1h change of -6.34%
2025-01-19 17:02:40,147 - INFO - XELB: 1wk change of -7.75%
2025-01-19 17:02:40,272 - INFO - XELB: 1mo change of -38.39%
2025-01-19 17:02:40,272 - INFO - Processing XELB - 2024-12-24 10:00:24 UTC
2025-01-19 17:02:40,332 - INFO - Retrieved article length: 9887 characters
2025-01-19 17:02:40,378 - INFO - Retrieved article length: 509 characters
2025-01-19 17:02:40,466 - INFO - XEL: 1h change of -1.59%
2025-01-19 17:02:40,497 - INFO - XELA: 1wk change of -44.90%
2025-01-19 17:02:40,580 - INFO - XELA: 1mo change of -40.35%
2025-01-19 17:02:40,600 - INFO - XEL: 1wk change of -5.65%
2025-01-19 17:02:40,741 - INFO - XEL: 1mo change of -7.29%
2025-01-19 17:02:40,757 - INFO - Retrieved article length: 9887 characters
2025-01-19 17:02:40,802 - INFO - Processing XERS - 2025-01-11 15:27:32 UTC
2025-01-19 17:02:40,844 - INFO - XELAP: 1h change of -4.52%
2025-01-19 17:02:40,896 - INFO - Processing XFLT - 2025-01-03 00:15:00 UTC
2025-01-19 17:02:40,928 - INFO - XELAP: 1wk change of -47.66%
2025-01-19 17:02:40,989 - INFO - Retrieved article length: 4405 characters
2025-01-19 17:02:40,998 - INFO - XELB: 1h change of -6.34%
2025-01-19 17:02:41,003 - INFO - XELB: 1wk change of -7.75%
2025-01-19 17:02:41,009 - INFO - XELAP: 1mo change of -84.64%
2025-01-19 17:02:41,057 - INFO - XELB: 1mo change of -38.39%
2025-01-19 17:02:41,057 - INFO - Processing XELB - 2024-12-23 18:02:00 UTC
2025-01-19 17:02:41,169 - INFO - Processing XFOR - 2025-01-15 14:21:00 UTC
2025-01-19 17:02:41,624 - INFO - Retrieved article length: 1865 characters
2025-01-19 17:02:41,691 - INFO - Retrieved article length: 9861 characters
2025-01-19 17:02:41,707 - INFO - XERS: 1h change of -4.10%
2025-01-19 17:02:41,776 - INFO - XFLT: 1h change of 2.03%
2025-01-19 17:02:41,792 - INFO - XERS: 1wk change of -7.51%
2025-01-19 17:02:41,810 - INFO - Retrieved article length: 4834 characters
2025-01-19 17:02:41,870 - INFO - XERS: 1mo change of -11.36%
2025-01-19 17:02:41,871 - INFO - Processing XERS - 2025-01-10 17:44:38 UTC
2025-01-19 17:02:41,901 - INFO - XELB: 1h change of -6.34%
2025-01-19 17:02:41,964 - INFO - XFLT: 1mo change of -6.37%
2025-01-19 17:02:41,964 - INFO - Processing XFLT - 2024-12-23 18:00:00 UTC
2025-01-19 17:02:41,984 - INFO - XELB: 1wk change of -17.18%
2025-01-19 17:02:42,052 - INFO - Retrieved article length: 3673 characters
2025-01-19 17:02:42,067 - INFO - XELB: 1mo change of -38.40%
2025-01-19 17:02:42,067 - INFO - Processing XELB - 2024-12-21 01:30:02 UTC
2025-01-19 17:02:42,142 - INFO - XFOR: 1h change of -9.88%
2025-01-19 17:02:42,227 - INFO - XFOR: 1wk change of -31.35%
2025-01-19 17:02:42,319 - INFO - XFOR: 1mo change of -33.25%
2025-01-19 17:02:42,320 - INFO - Processing XFOR - 2025-01-13 18:08:29 UTC
2025-01-19 17:02:42,817 - INFO - Retrieved article length: 4173 characters
2025-01-19 17:02:42,822 - INFO - Retrieved article length: 6417 characters
2025-01-19 17:02:42,891 - INFO - Retrieved article length: 481 characters
2025-01-19 17:02:42,900 - INFO - XELB: 1h change of -28.42%
2025-01-19 17:02:42,909 - INFO - XFLT: 1h change of -1.12%
2025-01-19 17:02:42,983 - INFO - XELB: 1wk change of -17.34%
2025-01-19 17:02:43,004 - INFO - XFLT: 1wk change of -1.23%
2025-01-19 17:02:43,060 - INFO - XERS: 1wk change of -5.60%
2025-01-19 17:02:43,069 - INFO - XELB: 1mo change of -38.40%
2025-01-19 17:02:43,069 - INFO - Processing XELB - 2024-12-21 00:30:00 UTC
2025-01-19 17:02:43,097 - INFO - XFLT: 1mo change of -4.33%
2025-01-19 17:02:43,097 - INFO - Processing XFLT - 2024-12-03 00:15:00 UTC
2025-01-19 17:02:43,125 - INFO - Retrieved article length: 546 characters
2025-01-19 17:02:43,142 - INFO - XERS: 1mo change of -12.81%
2025-01-19 17:02:43,142 - INFO - Processing XERS - 2025-01-10 15:00:00 UTC
2025-01-19 17:02:43,211 - INFO - XFOR: 1h change of -11.52%
2025-01-19 17:02:43,315 - INFO - XFOR: 1wk change of -31.54%
2025-01-19 17:02:43,402 - INFO - XFOR: 1mo change of -3.79%
2025-01-19 17:02:43,402 - INFO - Processing XFOR - 2025-01-13 15:35:00 UTC
2025-01-19 17:02:43,893 - INFO - Retrieved article length: 10562 characters
2025-01-19 17:02:43,968 - INFO - Retrieved article length: 7677 characters
2025-01-19 17:02:43,978 - INFO - XFLT: 1h change of -3.03%
2025-01-19 17:02:44,026 - INFO - XERS: 1wk change of -5.60%
2025-01-19 17:02:44,069 - INFO - XFLT: 1wk change of -2.30%
2025-01-19 17:02:44,077 - INFO - XERS: 1mo change of -12.81%
2025-01-19 17:02:44,077 - INFO - Processing XERS - 2025-01-07 00:15:00 UTC
2025-01-19 17:02:44,100 - INFO - Retrieved article length: 10732 characters
2025-01-19 17:02:44,108 - INFO - XFOR: 1h change of -11.52%
2025-01-19 17:02:44,160 - INFO - XFOR: 1wk change of -31.54%
2025-01-19 17:02:44,160 - INFO - Processing XFLT - 2024-11-22 01:57:00 UTC
2025-01-19 17:02:44,174 - INFO - Retrieved article length: 22769 characters
2025-01-19 17:02:44,181 - INFO - XELB: 1h change of -28.42%
2025-01-19 17:02:44,186 - INFO - XELB: 1wk change of -17.34%
2025-01-19 17:02:44,210 - INFO - XFOR: 1mo change of -3.79%
2025-01-19 17:02:44,210 - INFO - Processing XFOR - 2024-12-20 20:10:32 UTC
2025-01-19 17:02:44,238 - INFO - XELB: 1mo change of -38.40%
2025-01-19 17:02:44,239 - INFO - Processing XELB - 2024-12-21 00:29:15 UTC
2025-01-19 17:02:44,944 - INFO - Retrieved article length: 5176 characters
2025-01-19 17:02:45,011 - INFO - Retrieved article length: 2491 characters
2025-01-19 17:02:45,060 - INFO - Retrieved article length: 7041 characters
2025-01-19 17:02:45,068 - INFO - Retrieved article length: 747 characters
2025-01-19 17:02:45,077 - INFO - XELB: 1h change of -28.42%
2025-01-19 17:02:45,084 - INFO - XELB: 1wk change of -17.34%
2025-01-19 17:02:45,099 - INFO - XERS: 1h change of -4.28%
2025-01-19 17:02:45,119 - INFO - XFLT: 1wk change of 2.25%
2025-01-19 17:02:45,135 - INFO - XELB: 1mo change of -38.40%
2025-01-19 17:02:45,136 - INFO - Processing XELB - 2024-12-20 01:00:00 UTC
2025-01-19 17:02:45,146 - INFO - XFOR: 1h change of -12.55%
2025-01-19 17:02:45,181 - INFO - XERS: 1wk change of -4.73%
2025-01-19 17:02:45,211 - INFO - Processing XFLT - 2024-11-01 23:15:00 UTC
2025-01-19 17:02:45,226 - INFO - XFOR: 1wk change of 19.47%
2025-01-19 17:02:45,263 - INFO - XERS: 1mo change of -6.43%
2025-01-19 17:02:45,263 - INFO - Processing XERS - 2024-11-26 15:00:00 UTC
2025-01-19 17:02:45,316 - INFO - XFOR: 1mo change of 25.74%
2025-01-19 17:02:45,316 - INFO - Processing XFOR - 2024-12-04 16:00:00 UTC
2025-01-19 17:02:45,857 - INFO - Retrieved article length: 2654 characters
2025-01-19 17:02:45,946 - INFO - XELB: 1h change of -27.45%
2025-01-19 17:02:46,013 - INFO - Retrieved article length: 8544 characters
2025-01-19 17:02:46,031 - INFO - XELB: 1wk change of -26.00%
2025-01-19 17:02:46,100 - INFO - Retrieved article length: 1957 characters
2025-01-19 17:02:46,114 - INFO - XELB: 1mo change of -40.74%
2025-01-19 17:02:46,184 - INFO - XERS: 1h change of 10.08%
2025-01-19 17:02:46,191 - INFO - XFLT: 1wk change of 1.46%
2025-01-19 17:02:46,235 - INFO - Retrieved article length: 4924 characters
2025-01-19 17:02:46,264 - INFO - XERS: 1wk change of 28.62%
2025-01-19 17:02:46,269 - INFO - Processing XHB - 2025-01-18 19:00:05 UTC
2025-01-19 17:02:46,282 - INFO - XFLT: 1mo change of 2.64%
2025-01-19 17:02:46,322 - INFO - XFOR: 1h change of -2.26%
2025-01-19 17:02:46,345 - INFO - XERS: 1mo change of 11.92%
2025-01-19 17:02:46,345 - INFO - Processing XERS - 2024-11-17 15:57:41 UTC
2025-01-19 17:02:46,404 - INFO - XFOR: 1wk change of 99.40%
2025-01-19 17:02:46,424 - INFO - Processing XHG - 2024-11-29 17:00:00 UTC
2025-01-19 17:02:46,487 - INFO - XFOR: 1mo change of 35.26%
2025-01-19 17:02:46,487 - INFO - Processing XFOR - 2024-12-04 00:05:00 UTC
2025-01-19 17:02:46,987 - INFO - Retrieved article length: 1876 characters
2025-01-19 17:02:47,084 - INFO - XHB: 1h change of 1.32%
2025-01-19 17:02:47,180 - INFO - Retrieved article length: 2982 characters
2025-01-19 17:02:47,185 - INFO - XHB: 1wk change of 5.97%
2025-01-19 17:02:47,194 - INFO - Retrieved article length: 2530 characters
2025-01-19 17:02:47,202 - INFO - XFOR: 1h change of -2.26%
2025-01-19 17:02:47,207 - INFO - XFOR: 1wk change of 99.40%
2025-01-19 17:02:47,213 - INFO - XFOR: 1mo change of 35.26%
2025-01-19 17:02:47,213 - INFO - Processing XFOR - 2024-11-26 16:00:00 UTC
2025-01-19 17:02:47,266 - INFO - XHG: 1h change of 13.91%
2025-01-19 17:02:47,293 - INFO - XHB: 1mo change of -2.14%
2025-01-19 17:02:47,294 - INFO - Processing XHB - 2025-01-15 23:20:56 UTC
2025-01-19 17:02:47,350 - INFO - XHG: 1wk change of 32.35%
2025-01-19 17:02:47,424 - INFO - Retrieved article length: 4162 characters
2025-01-19 17:02:47,434 - INFO - XHG: 1mo change of -75.92%
2025-01-19 17:02:47,434 - INFO - Processing XHG - 2024-11-16 02:00:00 UTC
2025-01-19 17:02:47,514 - INFO - XERS: 1h change of -4.75%
2025-01-19 17:02:47,600 - INFO - XERS: 1wk change of -5.36%
2025-01-19 17:02:47,684 - INFO - XERS: 1mo change of 17.51%
2025-01-19 17:02:47,684 - INFO - Processing XERS - 2024-11-11 15:25:25 UTC
2025-01-19 17:02:47,936 - INFO - Retrieved article length: 2051 characters
2025-01-19 17:02:48,025 - INFO - XFOR: 1h change of 7.77%
2025-01-19 17:02:48,108 - INFO - XFOR: 1wk change of 5.14%
2025-01-19 17:02:48,145 - INFO - Retrieved article length: 1892 characters
2025-01-19 17:02:48,189 - INFO - XFOR: 1mo change of 60.00%
2025-01-19 17:02:48,189 - INFO - Processing XFOR - 2024-11-20 23:05:02 UTC
2025-01-19 17:02:48,238 - INFO - XHB: 1h change of 7.68%
2025-01-19 17:02:48,377 - INFO - XHB: 1wk change of 5.72%
2025-01-19 17:02:48,484 - INFO - XHB: 1mo change of -5.45%
2025-01-19 17:02:48,484 - INFO - Processing XHB - 2025-01-15 21:30:00 UTC
2025-01-19 17:02:48,546 - INFO - Retrieved article length: 4179 characters
2025-01-19 17:02:48,604 - INFO - Retrieved article length: 506 characters
2025-01-19 17:02:48,632 - INFO - XHG: 1h change of -5.94%
2025-01-19 17:02:48,688 - INFO - XERS: 1h change of -5.11%
2025-01-19 17:02:48,715 - INFO - XHG: 1wk change of -35.22%
2025-01-19 17:02:48,769 - INFO - XERS: 1wk change of -5.26%
2025-01-19 17:02:48,857 - INFO - Retrieved article length: 6945 characters
2025-01-19 17:02:49,303 - INFO - Retrieved article length: 1640 characters
2025-01-19 17:02:49,314 - INFO - XHB: 1h change of 7.68%
2025-01-19 17:02:50,272 - ERROR - XERS: No price data found, symbol may be delisted (1d 2024-10-07 -> 2024-12-16)
2025-01-19 17:02:50,273 - INFO - Processing XERS - 2024-11-09 10:06:11 UTC
2025-01-19 17:02:50,298 - ERROR - XFOR: No price data found, symbol may be delisted (1h 2024-11-18 -> 2024-11-22)
2025-01-19 17:02:50,381 - ERROR - XHG: No price data found, symbol may be delisted (1d 2024-10-12 -> 2024-12-21)
2025-01-19 17:02:50,383 - INFO - Processing XHG - 2024-11-13 02:00:00 UTC
2025-01-19 17:02:50,710 - ERROR - XHB: No price data found, symbol may be delisted (1d 2025-01-05 -> 2025-01-25)
2025-01-19 17:02:51,179 - INFO - Retrieved article length: 5388 characters
2025-01-19 17:02:51,265 - INFO - Retrieved article length: 3859 characters
2025-01-19 17:02:51,460 - ERROR - XFOR: No price data found, symbol may be delisted (1d 2024-11-10 -> 2024-11-30)
2025-01-19 17:02:51,958 - ERROR - XHB: No price data found, symbol may be delisted (1d 2024-12-11 -> 2025-02-19)
2025-01-19 17:02:51,959 - INFO - Processing XHB - 2025-01-12 16:30:24 UTC
2025-01-19 17:02:52,241 - ERROR - XERS: No price data found, symbol may be delisted (1h 2024-11-07 -> 2024-11-11)
2025-01-19 17:02:52,275 - ERROR - XHG: No price data found, symbol may be delisted (1h 2024-11-11 -> 2024-11-15)
2025-01-19 17:02:52,556 - ERROR - XFOR: No price data found, symbol may be delisted (1d 2024-10-16 -> 2024-12-25)
2025-01-19 17:02:52,727 - INFO - Retrieved article length: 1900 characters
2025-01-19 17:02:53,496 - ERROR - XHG: No price data found, symbol may be delisted (1d 2024-11-03 -> 2024-11-23)
2025-01-19 17:02:53,946 - ERROR - Error getting news for XHR: JSON decode error
2025-01-19 17:02:53,947 - INFO - Retrying XHR (Attempt 2/3)
2025-01-19 17:02:54,085 - ERROR - XERS: No price data found, symbol may be delisted (1d 2024-10-30 -> 2024-11-19)
2025-01-19 17:02:54,303 - ERROR - XHB: No price data found, symbol may be delisted (1h 2025-01-10 -> 2025-01-14)
2025-01-19 17:02:54,535 - ERROR - XHG: No price data found, symbol may be delisted (1d 2024-10-09 -> 2024-12-18)
2025-01-19 17:02:54,536 - INFO - Processing XHG - 2024-11-04 17:00:00 UTC
2025-01-19 17:02:55,278 - ERROR - XERS: No price data found, symbol may be delisted (1d 2024-10-05 -> 2024-12-14)
2025-01-19 17:02:55,357 - INFO - Retrieved article length: 2117 characters
2025-01-19 17:02:55,754 - ERROR - XHB: No price data found, symbol may be delisted (1d 2025-01-02 -> 2025-01-22)
2025-01-19 17:02:56,399 - ERROR - Error getting news for XLB: JSON decode error
2025-01-19 17:02:56,400 - INFO - Retrying XLB (Attempt 2/3)
2025-01-19 17:02:56,401 - ERROR - XHG: No price data found, symbol may be delisted (1h 2024-11-02 -> 2024-11-06)
2025-01-19 17:02:57,169 - ERROR - XHB: No price data found, symbol may be delisted (1d 2024-12-08 -> 2025-02-16)
2025-01-19 17:02:57,171 - INFO - Processing XHB - 2025-01-07 23:45:00 UTC
2025-01-19 17:02:57,660 - ERROR - XHG: No price data found, symbol may be delisted (1d 2024-10-25 -> 2024-11-14)
2025-01-19 17:02:57,860 - INFO - Retrieved article length: 1724 characters
2025-01-19 17:02:58,796 - ERROR - XHG: No price data found, symbol may be delisted (1d 2024-09-30 -> 2024-12-09)
2025-01-19 17:02:58,947 - ERROR - Error getting news for XHR: JSON decode error
2025-01-19 17:02:58,947 - ERROR - XHB: No price data found, symbol may be delisted (1h 2025-01-05 -> 2025-01-09)
2025-01-19 17:02:58,948 - INFO - Retrying XHR (Attempt 3/3)
2025-01-19 17:02:59,991 - ERROR - XHB: No price data found, symbol may be delisted (1d 2024-12-28 -> 2025-01-17)
2025-01-19 17:03:00,194 - ERROR - Error getting news for XLC: JSON decode error
2025-01-19 17:03:00,194 - INFO - Retrying XLC (Attempt 2/3)
2025-01-19 17:03:01,337 - ERROR - XHB: No price data found, symbol may be delisted (1d 2024-12-03 -> 2025-02-11)
2025-01-19 17:03:01,337 - INFO - Processing XHB - 2025-01-07 16:00:00 UTC
2025-01-19 17:03:01,402 - ERROR - Error getting news for XLB: JSON decode error
2025-01-19 17:03:01,402 - INFO - Retrying XLB (Attempt 3/3)
2025-01-19 17:03:02,129 - INFO - Retrieved article length: 1815 characters
2025-01-19 17:03:02,129 - ERROR - XHB: No price data found, symbol may be delisted (1h 2025-01-05 -> 2025-01-09)
2025-01-19 17:03:02,130 - ERROR - XHB: No price data found, symbol may be delisted (1d 2024-12-28 -> 2025-01-17)
2025-01-19 17:03:03,502 - ERROR - XHB: No price data found, symbol may be delisted (1d 2024-12-03 -> 2025-02-11)
2025-01-19 17:03:03,504 - INFO - Processing XHB - 2025-01-03 21:05:00 UTC
2025-01-19 17:03:03,950 - ERROR - Error getting news for XHR: JSON decode error
2025-01-19 17:03:03,950 - ERROR - Failed to get news for XHR after 3 attempts
2025-01-19 17:03:04,317 - INFO - Retrieved article length: 1554 characters
2025-01-19 17:03:05,195 - ERROR - Error getting news for XLC: JSON decode error
2025-01-19 17:03:05,197 - INFO - Retrying XLC (Attempt 3/3)
2025-01-19 17:03:05,203 - ERROR - Error getting news for XLE: JSON decode error
2025-01-19 17:03:05,204 - INFO - Retrying XLE (Attempt 2/3)
2025-01-19 17:03:05,630 - ERROR - XHB: No price data found, symbol may be delisted (1h 2025-01-01 -> 2025-01-05)
2025-01-19 17:03:06,403 - ERROR - Error getting news for XLB: JSON decode error
2025-01-19 17:03:06,404 - ERROR - Failed to get news for XLB after 3 attempts
2025-01-19 17:03:07,086 - ERROR - XHB: No price data found, symbol may be delisted (1d 2024-12-24 -> 2025-01-13)
2025-01-19 17:03:07,591 - ERROR - Error getting news for XLF: JSON decode error
2025-01-19 17:03:07,591 - INFO - Retrying XLF (Attempt 2/3)
2025-01-19 17:03:08,630 - ERROR - XHB: No price data found, symbol may be delisted (1d 2024-11-29 -> 2025-02-07)
2025-01-19 17:03:08,632 - INFO - Processing XHB - 2025-01-02 20:28:49 UTC
2025-01-19 17:03:09,537 - INFO - Retrieved article length: 1143 characters
2025-01-19 17:03:10,199 - ERROR - Error getting news for XLC: JSON decode error
2025-01-19 17:03:10,201 - ERROR - Failed to get news for XLC after 3 attempts
2025-01-19 17:03:10,205 - ERROR - Error getting news for XLE: JSON decode error
2025-01-19 17:03:10,205 - INFO - Retrying XLE (Attempt 3/3)
2025-01-19 17:03:10,596 - ERROR - XHB: No price data found, symbol may be delisted (1h 2024-12-31 -> 2025-01-04)
2025-01-19 17:03:11,246 - ERROR - Error getting news for XLG: JSON decode error
2025-01-19 17:03:11,246 - INFO - Retrying XLG (Attempt 2/3)
2025-01-19 17:03:11,645 - ERROR - XHB: No price data found, symbol may be delisted (1d 2024-12-23 -> 2025-01-12)
2025-01-19 17:03:12,593 - ERROR - Error getting news for XLF: JSON decode error
2025-01-19 17:03:12,595 - INFO - Retrying XLF (Attempt 3/3)
2025-01-19 17:03:12,748 - ERROR - XHB: No price data found, symbol may be delisted (1d 2024-11-28 -> 2025-02-06)
2025-01-19 17:03:13,969 - ERROR - Error getting news for XLI: JSON decode error
2025-01-19 17:03:13,970 - INFO - Retrying XLI (Attempt 2/3)
2025-01-19 17:03:15,207 - ERROR - Error getting news for XLE: JSON decode error
2025-01-19 17:03:15,208 - ERROR - Failed to get news for XLE after 3 attempts
2025-01-19 17:03:16,247 - ERROR - Error getting news for XLG: JSON decode error
2025-01-19 17:03:16,247 - INFO - Retrying XLG (Attempt 3/3)
2025-01-19 17:03:16,618 - ERROR - Error getting news for XLK: JSON decode error
2025-01-19 17:03:16,619 - INFO - Retrying XLK (Attempt 2/3)
2025-01-19 17:03:17,597 - ERROR - Error getting news for XLF: JSON decode error
2025-01-19 17:03:17,599 - ERROR - Failed to get news for XLF after 3 attempts
2025-01-19 17:03:18,710 - ERROR - Error getting news for XLP: JSON decode error
2025-01-19 17:03:18,712 - INFO - Retrying XLP (Attempt 2/3)
2025-01-19 17:03:18,971 - ERROR - Error getting news for XLI: JSON decode error
2025-01-19 17:03:18,973 - INFO - Retrying XLI (Attempt 3/3)
2025-01-19 17:03:21,248 - ERROR - Error getting news for XLG: JSON decode error
2025-01-19 17:03:21,249 - ERROR - Failed to get news for XLG after 3 attempts
2025-01-19 17:03:21,621 - ERROR - Error getting news for XLK: JSON decode error
2025-01-19 17:03:21,622 - INFO - Retrying XLK (Attempt 3/3)
2025-01-19 17:03:22,422 - ERROR - Error getting news for XLRE: JSON decode error
2025-01-19 17:03:22,424 - INFO - Retrying XLRE (Attempt 2/3)
2025-01-19 17:03:23,714 - ERROR - Error getting news for XLP: JSON decode error
2025-01-19 17:03:23,715 - INFO - Retrying XLP (Attempt 3/3)
2025-01-19 17:03:23,974 - ERROR - Error getting news for XLI: JSON decode error
2025-01-19 17:03:23,976 - ERROR - Failed to get news for XLI after 3 attempts
2025-01-19 17:03:25,065 - ERROR - Error getting news for XLU: JSON decode error
2025-01-19 17:03:25,065 - INFO - Retrying XLU (Attempt 2/3)
2025-01-19 17:03:26,624 - ERROR - Error getting news for XLK: JSON decode error
2025-01-19 17:03:26,625 - ERROR - Failed to get news for XLK after 3 attempts
2025-01-19 17:03:27,425 - ERROR - Error getting news for XLRE: JSON decode error
2025-01-19 17:03:27,425 - INFO - Retrying XLRE (Attempt 3/3)
2025-01-19 17:03:27,717 - ERROR - Error getting news for XLV: JSON decode error
2025-01-19 17:03:27,718 - INFO - Retrying XLV (Attempt 2/3)
2025-01-19 17:03:28,718 - ERROR - Error getting news for XLP: JSON decode error
2025-01-19 17:03:28,720 - ERROR - Failed to get news for XLP after 3 attempts
2025-01-19 17:03:29,077 - INFO - Processing XLY - 2025-01-17 17:49:39 UTC
2025-01-19 17:03:29,927 - INFO - Retrieved article length: 1484 characters
2025-01-19 17:03:30,027 - INFO - XLY: 1h change of 1.02%
2025-01-19 17:03:30,066 - ERROR - Error getting news for XLU: JSON decode error
2025-01-19 17:03:30,066 - INFO - Retrying XLU (Attempt 3/3)
2025-01-19 17:03:30,166 - INFO - XLY: 1wk change of 3.08%
2025-01-19 17:03:30,290 - INFO - XLY: 1mo change of -2.48%
2025-01-19 17:03:30,291 - INFO - Processing XLY - 2024-12-30 17:50:40 UTC
2025-01-19 17:03:31,091 - INFO - Retrieved article length: 1253 characters
2025-01-19 17:03:31,310 - INFO - XLY: 1wk change of -2.39%
2025-01-19 17:03:31,430 - INFO - XLY: 1mo change of 4.23%
2025-01-19 17:03:31,430 - INFO - Processing XLY - 2024-12-27 18:43:52 UTC
2025-01-19 17:03:32,236 - INFO - Retrieved article length: 1088 characters
2025-01-19 17:03:32,329 - INFO - XLY: 1h change of -1.96%
2025-01-19 17:03:32,426 - ERROR - Error getting news for XLRE: JSON decode error
2025-01-19 17:03:32,428 - ERROR - Failed to get news for XLRE after 3 attempts
2025-01-19 17:03:32,453 - INFO - XLY: 1wk change of -5.48%
2025-01-19 17:03:32,580 - INFO - XLY: 1mo change of 5.30%
2025-01-19 17:03:32,580 - INFO - Processing XLY - 2024-12-07 00:11:48 UTC
2025-01-19 17:03:32,719 - ERROR - Error getting news for XLV: JSON decode error
2025-01-19 17:03:32,721 - INFO - Retrying XLV (Attempt 3/3)
2025-01-19 17:03:33,465 - INFO - Retrieved article length: 4330 characters
2025-01-19 17:03:33,560 - INFO - XLY: 1h change of 1.90%
2025-01-19 17:03:33,682 - INFO - XLY: 1wk change of 8.47%
2025-01-19 17:03:33,801 - INFO - XLY: 1mo change of 10.95%
2025-01-19 17:03:33,801 - INFO - Processing XLY - 2024-11-29 16:00:48 UTC
2025-01-19 17:03:34,629 - INFO - Retrieved article length: 4840 characters
2025-01-19 17:03:34,724 - INFO - XLY: 1h change of 1.03%
2025-01-19 17:03:34,842 - INFO - XLY: 1wk change of 7.99%
2025-01-19 17:03:34,959 - INFO - XLY: 1mo change of 10.46%
2025-01-19 17:03:34,959 - INFO - Processing XLY - 2024-11-27 15:00:51 UTC
2025-01-19 17:03:35,068 - ERROR - Error getting news for XLU: JSON decode error
2025-01-19 17:03:35,069 - ERROR - Failed to get news for XLU after 3 attempts
2025-01-19 17:03:35,774 - INFO - Retrieved article length: 5083 characters
2025-01-19 17:03:35,993 - INFO - XLY: 1wk change of 8.07%
2025-01-19 17:03:36,192 - INFO - XLY: 1mo change of 15.83%
2025-01-19 17:03:36,192 - INFO - Processing XLY - 2024-11-19 17:00:00 UTC
2025-01-19 17:03:36,918 - INFO - Retrieved article length: 2810 characters
2025-01-19 17:03:37,012 - INFO - XLY: 1h change of -1.03%
2025-01-19 17:03:37,267 - INFO - XLY: 1mo change of 16.04%
2025-01-19 17:03:37,268 - INFO - Processing XLY - 2024-10-29 19:15:00 UTC
2025-01-19 17:03:37,724 - ERROR - Error getting news for XLV: JSON decode error
2025-01-19 17:03:37,726 - ERROR - Failed to get news for XLV after 3 attempts
2025-01-19 17:03:38,172 - INFO - Retrieved article length: 2360 characters
2025-01-19 17:03:38,351 - INFO - XLY: 1h change of -1.47%
2025-01-19 17:03:38,482 - INFO - XLY: 1wk change of 7.15%
2025-01-19 17:03:38,632 - INFO - XLY: 1mo change of 11.89%
