2025-01-19 15:37:28,563 - INFO - Starting new training session. Logging to: logs/training_20250119_153728.log
2025-01-19 15:37:28,563 - INFO - Starting new training session. Logging to: logs/training_20250119_153728.log
2025-01-19 15:37:28,563 - INFO - Starting new training session. Logging to: logs/training_20250119_153728.log
2025-01-19 15:37:28,572 - INFO - Starting new training session. Logging to: logs/training_20250119_153728.log
2025-01-19 15:37:30,085 - ERROR - Error getting news for EOSE: Expecting value: line 1 column 1 (char 0)
2025-01-19 15:37:30,091 - ERROR - Error getting news for EPD: Expecting value: line 1 column 1 (char 0)
2025-01-19 15:37:30,291 - ERROR - Error getting news for EONR: Expecting value: line 1 column 1 (char 0)
2025-01-19 15:37:30,500 - ERROR - Error getting news for EPAM: Expecting value: line 1 column 1 (char 0)
2025-01-19 15:37:31,154 - ERROR - Error getting news for EPI: Expecting value: line 1 column 1 (char 0)
2025-01-19 15:37:31,155 - ERROR - Error getting news for EPIX: Expecting value: line 1 column 1 (char 0)
2025-01-19 15:37:31,331 - ERROR - Error getting news for EPRT: Expecting value: line 1 column 1 (char 0)
2025-01-19 15:37:31,754 - ERROR - Error getting news for EPRX: Expecting value: line 1 column 1 (char 0)
2025-01-19 15:37:32,276 - ERROR - Error getting news for EQ: Expecting value: line 1 column 1 (char 0)
2025-01-19 15:37:32,353 - ERROR - Error getting news for EQH: Expecting value: line 1 column 1 (char 0)
2025-01-19 15:37:32,388 - ERROR - Error getting news for EQC: Expecting value: line 1 column 1 (char 0)
2025-01-19 15:37:32,770 - ERROR - Error getting news for EQR: Expecting value: line 1 column 1 (char 0)
2025-01-19 15:37:33,338 - ERROR - Error getting news for EQT: Expecting value: line 1 column 1 (char 0)
2025-01-19 15:37:33,354 - ERROR - Error getting news for ERAS: Expecting value: line 1 column 1 (char 0)
2025-01-19 15:37:33,644 - ERROR - Error getting news for ERNA: Expecting value: line 1 column 1 (char 0)
2025-01-19 15:37:33,793 - ERROR - Error getting news for ES: Expecting value: line 1 column 1 (char 0)
2025-01-19 15:37:34,385 - ERROR - Error getting news for ESGE: Expecting value: line 1 column 1 (char 0)
2025-01-19 15:37:34,396 - ERROR - Error getting news for ESEA: Expecting value: line 1 column 1 (char 0)
2025-01-19 15:37:34,730 - ERROR - Error getting news for ESGL: Expecting value: line 1 column 1 (char 0)
2025-01-19 15:37:34,804 - ERROR - Error getting news for ESGU: Expecting value: line 1 column 1 (char 0)
2025-01-19 15:37:35,339 - ERROR - Error getting news for ESLA: Expecting value: line 1 column 1 (char 0)
2025-01-19 15:37:35,556 - ERROR - Error getting news for ESI: Expecting value: line 1 column 1 (char 0)
2025-01-19 15:37:35,724 - ERROR - Error getting news for ESOA: Expecting value: line 1 column 1 (char 0)
2025-01-19 15:37:35,743 - ERROR - Error getting news for ESPR: Expecting value: line 1 column 1 (char 0)
2025-01-19 15:37:36,313 - ERROR - Error getting news for ESQ: Expecting value: line 1 column 1 (char 0)
2025-01-19 15:37:36,545 - ERROR - Error getting news for ESRT: Expecting value: line 1 column 1 (char 0)
2025-01-19 15:37:36,691 - ERROR - Error getting news for ESTA: Expecting value: line 1 column 1 (char 0)
2025-01-19 15:37:36,723 - ERROR - Error getting news for ESTC: Expecting value: line 1 column 1 (char 0)
2025-01-19 15:37:37,280 - ERROR - Error getting news for ET: Expecting value: line 1 column 1 (char 0)
2025-01-19 15:37:37,547 - ERROR - Error getting news for ETH: Expecting value: line 1 column 1 (char 0)
2025-01-19 15:37:38,047 - ERROR - Error getting news for ETHE: Expecting value: line 1 column 1 (char 0)
2025-01-19 15:37:38,068 - ERROR - Error getting news for ETHA: Expecting value: line 1 column 1 (char 0)
2025-01-19 15:37:38,234 - ERROR - Error getting news for ETHT: Expecting value: line 1 column 1 (char 0)
2025-01-19 15:37:38,509 - ERROR - Error getting news for ETHU: Expecting value: line 1 column 1 (char 0)
2025-01-19 15:37:39,081 - ERROR - Error getting news for ETR: Expecting value: line 1 column 1 (char 0)
2025-01-19 15:37:39,332 - ERROR - Error getting news for ETNB: Expecting value: line 1 column 1 (char 0)
2025-01-19 15:37:39,526 - ERROR - Error getting news for ETSY: Expecting value: line 1 column 1 (char 0)
2025-01-19 15:37:39,692 - ERROR - Error getting news for ETWO: Expecting value: line 1 column 1 (char 0)
2025-01-19 15:37:40,294 - ERROR - Error getting news for EU: Expecting value: line 1 column 1 (char 0)
2025-01-19 15:37:40,517 - ERROR - Error getting news for EURK: Expecting value: line 1 column 1 (char 0)
2025-01-19 15:37:40,743 - ERROR - Error getting news for EUDA: Expecting value: line 1 column 1 (char 0)
2025-01-19 15:37:41,065 - ERROR - Error getting news for EURKR: Expecting value: line 1 column 1 (char 0)
2025-01-19 15:37:41,287 - ERROR - Error getting news for EURKU: Expecting value: line 1 column 1 (char 0)
2025-01-19 15:37:41,724 - ERROR - Error getting news for EVAX: Expecting value: line 1 column 1 (char 0)
2025-01-19 15:37:41,821 - ERROR - Error getting news for EVGN: Expecting value: line 1 column 1 (char 0)
2025-01-19 15:37:42,071 - ERROR - Error getting news for EVGO: Expecting value: line 1 column 1 (char 0)
2025-01-19 15:37:42,392 - ERROR - Error getting news for EVH: Expecting value: line 1 column 1 (char 0)
2025-01-19 15:37:42,713 - ERROR - Error getting news for EVLV: Expecting value: line 1 column 1 (char 0)
2025-01-19 15:37:43,035 - ERROR - Error getting news for EVOK: Expecting value: line 1 column 1 (char 0)
2025-01-19 15:37:43,188 - ERROR - Error getting news for EVRG: Expecting value: line 1 column 1 (char 0)
