2025-01-19 15:54:33,592 - INFO - Starting new training session. Logging to: logs/training_20250119_155433.log
2025-01-19 15:54:33,599 - INFO - Starting new training session. Logging to: logs/training_20250119_155433.log
2025-01-19 15:54:33,602 - INFO - Starting new training session. Logging to: logs/training_20250119_155433.log
2025-01-19 15:54:33,603 - INFO - Starting new training session. Logging to: logs/training_20250119_155433.log
2025-01-19 15:54:35,444 - ERROR - Error getting news for KIND: JSON decode error
2025-01-19 15:54:35,444 - INFO - Retrying KIND (Attempt 2/3)
2025-01-19 15:54:35,467 - ERROR - Error getting news for KITT: JSON decode error
2025-01-19 15:54:35,467 - INFO - Retrying KITT (Attempt 2/3)
2025-01-19 15:54:35,470 - ERROR - Error getting news for KKR: JSON decode error
2025-01-19 15:54:35,471 - INFO - Retrying KKR (Attempt 2/3)
2025-01-19 15:54:35,528 - ERROR - Error getting news for KINS: JSON decode error
2025-01-19 15:54:35,529 - INFO - Retrying KINS (Attempt 2/3)
2025-01-19 15:54:40,459 - ERROR - Error getting news for KIND: JSON decode error
2025-01-19 15:54:40,460 - INFO - Retrying KIND (Attempt 3/3)
2025-01-19 15:54:40,468 - ERROR - Error getting news for KITT: JSON decode error
2025-01-19 15:54:40,469 - INFO - Retrying KITT (Attempt 3/3)
2025-01-19 15:54:40,471 - ERROR - Error getting news for KKR: JSON decode error
2025-01-19 15:54:40,473 - INFO - Retrying KKR (Attempt 3/3)
2025-01-19 15:54:40,529 - ERROR - Error getting news for KINS: JSON decode error
2025-01-19 15:54:40,529 - INFO - Retrying KINS (Attempt 3/3)
2025-01-19 15:54:45,463 - ERROR - Error getting news for KIND: JSON decode error
2025-01-19 15:54:45,465 - ERROR - Failed to get news for KIND after 3 attempts
2025-01-19 15:54:45,472 - ERROR - Error getting news for KITT: JSON decode error
2025-01-19 15:54:45,473 - ERROR - Failed to get news for KITT after 3 attempts
2025-01-19 15:54:45,474 - ERROR - Error getting news for KKR: JSON decode error
2025-01-19 15:54:45,475 - ERROR - Failed to get news for KKR after 3 attempts
2025-01-19 15:54:45,531 - ERROR - Error getting news for KINS: JSON decode error
2025-01-19 15:54:45,532 - ERROR - Failed to get news for KINS after 3 attempts
2025-01-19 15:54:46,483 - ERROR - Error getting news for KLC: JSON decode error
2025-01-19 15:54:46,483 - INFO - Retrying KLC (Attempt 2/3)
2025-01-19 15:54:46,662 - ERROR - Error getting news for KLG: JSON decode error
2025-01-19 15:54:46,663 - INFO - Retrying KLG (Attempt 2/3)
2025-01-19 15:54:46,754 - ERROR - Error getting news for KLAC: JSON decode error
2025-01-19 15:54:46,756 - INFO - Retrying KLAC (Attempt 2/3)
2025-01-19 15:54:46,821 - ERROR - Error getting news for KLIC: JSON decode error
2025-01-19 15:54:46,822 - INFO - Retrying KLIC (Attempt 2/3)
2025-01-19 15:54:51,484 - ERROR - Error getting news for KLC: JSON decode error
2025-01-19 15:54:51,486 - INFO - Retrying KLC (Attempt 3/3)
2025-01-19 15:54:51,664 - ERROR - Error getting news for KLG: JSON decode error
2025-01-19 15:54:51,666 - INFO - Retrying KLG (Attempt 3/3)
2025-01-19 15:54:51,757 - ERROR - Error getting news for KLAC: JSON decode error
2025-01-19 15:54:51,759 - INFO - Retrying KLAC (Attempt 3/3)
2025-01-19 15:54:51,824 - ERROR - Error getting news for KLIC: JSON decode error
2025-01-19 15:54:51,824 - INFO - Retrying KLIC (Attempt 3/3)
2025-01-19 15:54:56,489 - ERROR - Error getting news for KLC: JSON decode error
2025-01-19 15:54:56,490 - ERROR - Failed to get news for KLC after 3 attempts
2025-01-19 15:54:56,668 - ERROR - Error getting news for KLG: JSON decode error
2025-01-19 15:54:56,669 - ERROR - Failed to get news for KLG after 3 attempts
2025-01-19 15:54:56,761 - ERROR - Error getting news for KLAC: JSON decode error
2025-01-19 15:54:56,761 - ERROR - Failed to get news for KLAC after 3 attempts
2025-01-19 15:54:56,825 - ERROR - Error getting news for KLIC: JSON decode error
2025-01-19 15:54:56,826 - ERROR - Failed to get news for KLIC after 3 attempts
2025-01-19 15:54:57,558 - ERROR - Error getting news for KLTO: JSON decode error
2025-01-19 15:54:57,558 - INFO - Retrying KLTO (Attempt 2/3)
2025-01-19 15:54:57,686 - ERROR - Error getting news for KMB: JSON decode error
2025-01-19 15:54:57,686 - INFO - Retrying KMB (Attempt 2/3)
2025-01-19 15:54:57,838 - ERROR - Error getting news for KMI: JSON decode error
2025-01-19 15:54:57,839 - INFO - Retrying KMI (Attempt 2/3)
2025-01-19 15:54:57,927 - ERROR - Error getting news for KMT: JSON decode error
2025-01-19 15:54:57,928 - INFO - Retrying KMT (Attempt 2/3)
2025-01-19 15:55:02,559 - ERROR - Error getting news for KLTO: JSON decode error
2025-01-19 15:55:02,561 - INFO - Retrying KLTO (Attempt 3/3)
2025-01-19 15:55:02,687 - ERROR - Error getting news for KMB: JSON decode error
2025-01-19 15:55:02,689 - INFO - Retrying KMB (Attempt 3/3)
2025-01-19 15:55:02,841 - ERROR - Error getting news for KMI: JSON decode error
2025-01-19 15:55:02,842 - INFO - Retrying KMI (Attempt 3/3)
2025-01-19 15:55:02,929 - ERROR - Error getting news for KMT: JSON decode error
2025-01-19 15:55:02,930 - INFO - Retrying KMT (Attempt 3/3)
2025-01-19 15:55:07,564 - ERROR - Error getting news for KLTO: JSON decode error
2025-01-19 15:55:07,565 - ERROR - Failed to get news for KLTO after 3 attempts
2025-01-19 15:55:07,691 - ERROR - Error getting news for KMB: JSON decode error
2025-01-19 15:55:07,692 - ERROR - Failed to get news for KMB after 3 attempts
2025-01-19 15:55:07,845 - ERROR - Error getting news for KMI: JSON decode error
2025-01-19 15:55:07,846 - ERROR - Failed to get news for KMI after 3 attempts
2025-01-19 15:55:07,932 - ERROR - Error getting news for KMT: JSON decode error
2025-01-19 15:55:07,933 - ERROR - Failed to get news for KMT after 3 attempts
2025-01-19 15:55:08,613 - ERROR - Error getting news for KMX: JSON decode error
2025-01-19 15:55:08,614 - INFO - Retrying KMX (Attempt 2/3)
2025-01-19 15:55:08,681 - ERROR - Error getting news for KN: JSON decode error
2025-01-19 15:55:08,682 - INFO - Retrying KN (Attempt 2/3)
2025-01-19 15:55:08,905 - ERROR - Error getting news for KNW: JSON decode error
2025-01-19 15:55:08,906 - INFO - Retrying KNW (Attempt 2/3)
2025-01-19 15:55:08,924 - ERROR - Error getting news for KNTK: JSON decode error
2025-01-19 15:55:08,924 - INFO - Retrying KNTK (Attempt 2/3)
2025-01-19 15:55:13,615 - ERROR - Error getting news for KMX: JSON decode error
2025-01-19 15:55:13,616 - INFO - Retrying KMX (Attempt 3/3)
2025-01-19 15:55:13,683 - ERROR - Error getting news for KN: JSON decode error
2025-01-19 15:55:13,684 - INFO - Retrying KN (Attempt 3/3)
2025-01-19 15:55:13,907 - ERROR - Error getting news for KNW: JSON decode error
2025-01-19 15:55:13,909 - INFO - Retrying KNW (Attempt 3/3)
2025-01-19 15:55:13,925 - ERROR - Error getting news for KNTK: JSON decode error
2025-01-19 15:55:13,928 - INFO - Retrying KNTK (Attempt 3/3)
2025-01-19 15:55:18,619 - ERROR - Error getting news for KMX: JSON decode error
2025-01-19 15:55:18,620 - ERROR - Failed to get news for KMX after 3 attempts
2025-01-19 15:55:18,685 - ERROR - Error getting news for KN: JSON decode error
2025-01-19 15:55:18,685 - ERROR - Failed to get news for KN after 3 attempts
2025-01-19 15:55:18,911 - ERROR - Error getting news for KNW: JSON decode error
2025-01-19 15:55:18,912 - ERROR - Failed to get news for KNW after 3 attempts
2025-01-19 15:55:18,924 - INFO - Processing KO - 2025-01-19 13:54:00 UTC
2025-01-19 15:55:18,930 - ERROR - Error getting news for KNTK: JSON decode error
2025-01-19 15:55:18,930 - ERROR - Failed to get news for KNTK after 3 attempts
2025-01-19 15:55:19,113 - INFO - Processing KODK - 2025-01-02 16:39:04 UTC
2025-01-19 15:55:19,281 - INFO - Processing KOPN - 2025-01-15 16:46:02 UTC
2025-01-19 15:55:19,747 - INFO - Retrieved article length: 4987 characters
2025-01-19 15:55:19,844 - INFO - Retrieved article length: 4012 characters
2025-01-19 15:55:19,974 - INFO - Retrieved article length: 1696 characters
2025-01-19 15:55:20,022 - INFO - KO: 1wk change of 2.69%
2025-01-19 15:55:20,062 - INFO - KODK: 1wk change of -9.10%
2025-01-19 15:55:20,089 - INFO - KOPN: 1h change of 6.01%
2025-01-19 15:55:20,152 - INFO - Processing KODK - 2025-01-01 13:41:08 UTC
2025-01-19 15:55:20,173 - INFO - KOPN: 1wk change of -20.78%
2025-01-19 15:55:20,175 - INFO - Processing KO - 2025-01-19 12:30:00 UTC
2025-01-19 15:55:20,212 - INFO - Processing KNX - 2025-01-16 17:15:25 UTC
2025-01-19 15:55:20,256 - INFO - KOPN: 1mo change of 10.91%
2025-01-19 15:55:20,257 - INFO - Processing KOPN - 2025-01-15 16:25:00 UTC
2025-01-19 15:55:20,859 - INFO - Retrieved article length: 4614 characters
2025-01-19 15:55:20,863 - INFO - Retrieved article length: 4205 characters
2025-01-19 15:55:21,005 - INFO - Retrieved article length: 5691 characters
2025-01-19 15:55:21,019 - INFO - Retrieved article length: 7970 characters
2025-01-19 15:55:21,028 - INFO - KOPN: 1h change of 6.01%
2025-01-19 15:55:21,039 - INFO - KODK: 1wk change of -9.10%
2025-01-19 15:55:21,074 - INFO - KOPN: 1wk change of -20.78%
2025-01-19 15:55:21,109 - INFO - KO: 1wk change of 2.69%
2025-01-19 15:55:21,122 - INFO - KOPN: 1mo change of 10.91%
2025-01-19 15:55:21,122 - INFO - Processing KOPN - 2025-01-14 16:25:00 UTC
2025-01-19 15:55:21,126 - INFO - KODK: 1mo change of 1.96%
2025-01-19 15:55:21,126 - INFO - Processing KODK - 2024-12-11 14:18:58 UTC
2025-01-19 15:55:21,157 - INFO - Processing KO - 2025-01-19 12:20:00 UTC
2025-01-19 15:55:21,274 - INFO - KNX: 1mo change of -2.73%
2025-01-19 15:55:21,274 - INFO - Processing KNX - 2025-01-15 18:00:31 UTC
2025-01-19 15:55:21,832 - INFO - Retrieved article length: 4047 characters
2025-01-19 15:55:21,917 - INFO - KODK: 1h change of -4.13%
2025-01-19 15:55:21,940 - INFO - Retrieved article length: 5732 characters
2025-01-19 15:55:22,000 - INFO - KODK: 1wk change of -5.12%
2025-01-19 15:55:22,033 - INFO - KOPN: 1h change of 12.25%
2025-01-19 15:55:22,086 - INFO - KODK: 1mo change of 16.85%
2025-01-19 15:55:22,086 - INFO - Processing KODK - 2024-11-27 01:00:00 UTC
2025-01-19 15:55:22,094 - INFO - Retrieved article length: 5648 characters
2025-01-19 15:55:22,118 - INFO - KOPN: 1wk change of -20.78%
2025-01-19 15:55:22,187 - INFO - KNX: 1h change of 6.91%
2025-01-19 15:55:22,208 - INFO - KOPN: 1mo change of 7.96%
2025-01-19 15:55:22,209 - INFO - Processing KOPN - 2025-01-14 12:10:00 UTC
2025-01-19 15:55:22,407 - INFO - KNX: 1mo change of -3.72%
2025-01-19 15:55:22,408 - INFO - Processing KNX - 2025-01-07 18:54:00 UTC
2025-01-19 15:55:22,492 - INFO - Retrieved article length: 5488 characters
2025-01-19 15:55:22,600 - INFO - KO: 1wk change of 2.69%
2025-01-19 15:55:22,655 - INFO - Processing KO - 2025-01-18 13:08:00 UTC
2025-01-19 15:55:22,775 - INFO - Retrieved article length: 421 characters
2025-01-19 15:55:22,864 - INFO - KODK: 1h change of 9.04%
2025-01-19 15:55:22,953 - INFO - KODK: 1wk change of 55.58%
2025-01-19 15:55:22,976 - INFO - Retrieved article length: 9231 characters
2025-01-19 15:55:22,984 - INFO - KOPN: 1h change of 12.25%
2025-01-19 15:55:23,034 - INFO - KOPN: 1wk change of -20.78%
2025-01-19 15:55:23,037 - INFO - KODK: 1mo change of 40.09%
2025-01-19 15:55:23,037 - INFO - Processing KODK - 2024-11-25 18:35:32 UTC
2025-01-19 15:55:23,081 - INFO - KOPN: 1mo change of 7.96%
2025-01-19 15:55:23,081 - INFO - Processing KOPN - 2025-01-13 20:40:00 UTC
2025-01-19 15:55:23,165 - INFO - Retrieved article length: 3861 characters
2025-01-19 15:55:23,259 - INFO - KNX: 1h change of -1.56%
2025-01-19 15:55:23,338 - INFO - Retrieved article length: 6058 characters
2025-01-19 15:55:23,363 - INFO - KNX: 1wk change of 7.17%
2025-01-19 15:55:23,441 - INFO - KO: 1h change of 2.14%
2025-01-19 15:55:23,477 - INFO - KNX: 1mo change of -3.09%
2025-01-19 15:55:23,477 - INFO - Processing KNX - 2025-01-03 22:55:44 UTC
2025-01-19 15:55:23,683 - INFO - KO: 1wk change of 1.62%
2025-01-19 15:55:23,849 - INFO - Processing KO - 2025-01-18 01:45:21 UTC
2025-01-19 15:55:23,855 - INFO - Retrieved article length: 7502 characters
2025-01-19 15:55:23,918 - INFO - Retrieved article length: 588 characters
2025-01-19 15:55:23,942 - INFO - KOPN: 1h change of 2.90%
2025-01-19 15:55:24,006 - INFO - KODK: 1h change of 1.39%
2025-01-19 15:55:24,027 - INFO - KOPN: 1wk change of -17.01%
2025-01-19 15:55:24,091 - INFO - KODK: 1wk change of 54.67%
2025-01-19 15:55:24,114 - INFO - KOPN: 1mo change of 6.09%
2025-01-19 15:55:24,114 - INFO - Processing KOPN - 2025-01-09 20:00:11 UTC
2025-01-19 15:55:24,177 - INFO - KODK: 1mo change of 48.20%
2025-01-19 15:55:24,177 - INFO - Processing KODK - 2024-11-25 17:30:00 UTC
2025-01-19 15:55:24,207 - INFO - Retrieved article length: 4950 characters
2025-01-19 15:55:24,323 - INFO - KNX: 1h change of 2.94%
2025-01-19 15:55:24,455 - INFO - Retrieved article length: 3448 characters
2025-01-19 15:55:24,497 - INFO - KNX: 1wk change of -1.67%
2025-01-19 15:55:24,508 - INFO - KO: 1h change of 2.14%
2025-01-19 15:55:24,560 - INFO - KO: 1wk change of 1.62%
2025-01-19 15:55:24,607 - INFO - KNX: 1mo change of -7.33%
2025-01-19 15:55:24,607 - INFO - Processing KNX - 2025-01-03 22:46:01 UTC
2025-01-19 15:55:24,609 - INFO - Processing KO - 2025-01-17 22:48:20 UTC
2025-01-19 15:55:24,994 - INFO - Retrieved article length: 4575 characters
2025-01-19 15:55:25,084 - INFO - Retrieved article length: 276 characters
2025-01-19 15:55:25,093 - INFO - KODK: 1h change of 1.39%
2025-01-19 15:55:25,099 - INFO - KODK: 1wk change of 54.67%
2025-01-19 15:55:25,104 - INFO - KODK: 1mo change of 48.20%
2025-01-19 15:55:25,105 - INFO - Processing KODK - 2024-11-14 13:28:51 UTC
2025-01-19 15:55:25,140 - INFO - KOPN: 1h change of -13.24%
2025-01-19 15:55:25,225 - INFO - KOPN: 1wk change of -20.26%
2025-01-19 15:55:25,261 - INFO - Retrieved article length: 7438 characters
2025-01-19 15:55:25,307 - INFO - Processing KOPN - 2025-01-09 00:01:00 UTC
2025-01-19 15:55:25,364 - INFO - Retrieved article length: 502 characters
2025-01-19 15:55:25,372 - INFO - KNX: 1h change of 2.94%
2025-01-19 15:55:25,378 - INFO - KNX: 1wk change of -1.67%
2025-01-19 15:55:25,429 - INFO - KNX: 1mo change of -7.33%
2025-01-19 15:55:25,430 - INFO - Processing KNX - 2025-01-03 17:00:00 UTC
2025-01-19 15:55:25,586 - INFO - KO: 1wk change of 3.07%
2025-01-19 15:55:25,760 - INFO - Processing KO - 2025-01-16 19:30:28 UTC
2025-01-19 15:55:25,969 - INFO - Retrieved article length: 6218 characters
2025-01-19 15:55:26,054 - INFO - KODK: 1h change of -19.14%
2025-01-19 15:55:26,083 - INFO - Retrieved article length: 1877 characters
2025-01-19 15:55:26,091 - INFO - KNX: 1h change of 2.94%
2025-01-19 15:55:26,097 - INFO - KNX: 1wk change of -1.67%
2025-01-19 15:55:26,119 - INFO - Retrieved article length: 2035 characters
2025-01-19 15:55:26,128 - INFO - KOPN: 1h change of -13.24%
2025-01-19 15:55:26,133 - INFO - KOPN: 1wk change of -20.26%
2025-01-19 15:55:26,136 - INFO - KODK: 1wk change of 12.13%
2025-01-19 15:55:26,148 - INFO - KNX: 1mo change of -7.33%
2025-01-19 15:55:26,148 - INFO - Processing KNX - 2025-01-03 15:09:53 UTC
2025-01-19 15:55:26,179 - INFO - Processing KOPN - 2025-01-02 16:01:41 UTC
2025-01-19 15:55:26,229 - INFO - KODK: 1mo change of 41.00%
2025-01-19 15:55:26,229 - INFO - Processing KODK - 2024-11-13 21:13:22 UTC
2025-01-19 15:55:26,534 - INFO - Retrieved article length: 2312 characters
2025-01-19 15:55:26,646 - INFO - KO: 1h change of 1.84%
2025-01-19 15:55:26,808 - INFO - KO: 1wk change of 3.12%
2025-01-19 15:55:26,858 - INFO - Retrieved article length: 546 characters
2025-01-19 15:55:26,866 - INFO - KNX: 1h change of 2.94%
2025-01-19 15:55:26,872 - INFO - KNX: 1wk change of -1.67%
2025-01-19 15:55:26,923 - INFO - KNX: 1mo change of -7.33%
2025-01-19 15:55:26,923 - INFO - Processing KNX - 2025-01-02 15:00:00 UTC
2025-01-19 15:55:26,961 - INFO - Retrieved article length: 498 characters
2025-01-19 15:55:26,965 - INFO - KO: 1mo change of -1.77%
2025-01-19 15:55:26,965 - INFO - Processing KO - 2025-01-16 17:36:54 UTC
2025-01-19 15:55:27,069 - INFO - Retrieved article length: 18814 characters
2025-01-19 15:55:27,144 - INFO - KOPN: 1wk change of -3.10%
2025-01-19 15:55:27,154 - INFO - KODK: 1h change of -17.11%
2025-01-19 15:55:27,234 - INFO - KOPN: 1mo change of 3.39%
2025-01-19 15:55:27,236 - INFO - KODK: 1wk change of 12.13%
2025-01-19 15:55:27,329 - INFO - KODK: 1mo change of 55.97%
2025-01-19 15:55:27,455 - INFO - Processing KOS - 2025-01-14 12:32:00 UTC
2025-01-19 15:55:27,518 - INFO - Processing KOSS - 2024-11-02 15:03:23 UTC
2025-01-19 15:55:27,622 - INFO - Retrieved article length: 507 characters
2025-01-19 15:55:27,631 - INFO - KO: 1h change of 1.84%
2025-01-19 15:55:27,680 - INFO - KO: 1wk change of 3.12%
2025-01-19 15:55:27,691 - INFO - Retrieved article length: 16645 characters
2025-01-19 15:55:27,734 - INFO - KO: 1mo change of -1.77%
2025-01-19 15:55:27,793 - INFO - KNX: 1h change of 2.86%
2025-01-19 15:55:27,863 - INFO - Processing KPRX - 2024-11-15 14:06:22 UTC
2025-01-19 15:55:28,045 - INFO - KNX: 1mo change of -7.33%
2025-01-19 15:55:28,109 - INFO - Retrieved article length: 10737 characters
2025-01-19 15:55:28,205 - INFO - KOS: 1h change of -3.02%
2025-01-19 15:55:28,208 - INFO - Processing KPTI - 2025-01-13 16:30:00 UTC
2025-01-19 15:55:28,217 - INFO - Retrieved article length: 4593 characters
2025-01-19 15:55:28,298 - INFO - KOS: 1wk change of -5.28%
2025-01-19 15:55:28,363 - INFO - KOSS: 1h change of -1.41%
2025-01-19 15:55:28,383 - INFO - KOS: 1mo change of -2.97%
2025-01-19 15:55:28,383 - INFO - Processing KOS - 2025-01-13 10:00:00 UTC
2025-01-19 15:55:28,460 - INFO - KOSS: 1wk change of 6.85%
2025-01-19 15:55:28,562 - INFO - KOSS: 1mo change of -1.08%
2025-01-19 15:55:28,562 - INFO - Processing KOSS - 2024-11-01 19:48:00 UTC
2025-01-19 15:55:28,651 - INFO - Retrieved article length: 6655 characters
2025-01-19 15:55:28,803 - INFO - KPRX: 1h change of -10.47%
2025-01-19 15:55:28,906 - INFO - KPRX: 1wk change of -4.29%
2025-01-19 15:55:28,971 - INFO - Retrieved article length: 25503 characters
2025-01-19 15:55:29,050 - INFO - KPRX: 1mo change of -5.84%
2025-01-19 15:55:29,050 - INFO - Processing KPRX - 2024-11-08 15:00:00 UTC
2025-01-19 15:55:29,063 - INFO - KPTI: 1h change of -9.54%
2025-01-19 15:55:29,137 - INFO - Retrieved article length: 4071 characters
2025-01-19 15:55:29,148 - INFO - KPTI: 1wk change of -15.38%
2025-01-19 15:55:29,227 - INFO - KOS: 1h change of -4.86%
2025-01-19 15:55:29,240 - INFO - KPTI: 1mo change of -14.51%
2025-01-19 15:55:29,240 - INFO - Processing KPTI - 2025-01-07 17:28:54 UTC
2025-01-19 15:55:29,282 - INFO - Retrieved article length: 3776 characters
2025-01-19 15:55:29,317 - INFO - KOS: 1wk change of -6.75%
2025-01-19 15:55:29,369 - INFO - KOSS: 1h change of -6.91%
2025-01-19 15:55:29,407 - INFO - Processing KOS - 2025-01-11 15:58:31 UTC
2025-01-19 15:55:29,469 - INFO - KOSS: 1wk change of -9.86%
2025-01-19 15:55:29,569 - INFO - KOSS: 1mo change of -2.11%
2025-01-19 15:55:29,569 - INFO - Processing KOSS - 2024-11-01 00:15:00 UTC
2025-01-19 15:55:29,832 - INFO - Retrieved article length: 13490 characters
2025-01-19 15:55:29,911 - INFO - Retrieved article length: 5975 characters
2025-01-19 15:55:29,922 - INFO - KPRX: 1h change of -2.04%
2025-01-19 15:55:30,004 - INFO - KPTI: 1h change of -9.37%
2025-01-19 15:55:30,009 - INFO - KPRX: 1wk change of -14.55%
2025-01-19 15:55:30,096 - INFO - KPRX: 1mo change of 1.65%
2025-01-19 15:55:30,096 - INFO - Processing KPRX - 2024-10-30 14:28:54 UTC
2025-01-19 15:55:30,169 - INFO - Retrieved article length: 4589 characters
2025-01-19 15:55:30,185 - INFO - KPTI: 1mo change of -18.52%
2025-01-19 15:55:30,185 - INFO - Processing KPTI - 2025-01-03 00:05:00 UTC
2025-01-19 15:55:30,306 - INFO - KOS: 1h change of -2.26%
2025-01-19 15:55:30,326 - INFO - Retrieved article length: 5373 characters
2025-01-19 15:55:30,333 - INFO - KOSS: 1h change of -6.91%
2025-01-19 15:55:30,339 - INFO - KOSS: 1wk change of -9.86%
2025-01-19 15:55:30,345 - INFO - KOSS: 1mo change of -2.11%
2025-01-19 15:55:30,392 - INFO - KOS: 1wk change of -3.49%
2025-01-19 15:55:30,470 - INFO - Processing KR - 2025-01-17 02:15:19 UTC
2025-01-19 15:55:30,478 - INFO - Processing KOS - 2025-01-03 18:00:00 UTC
2025-01-19 15:55:30,851 - INFO - Retrieved article length: 3658 characters
2025-01-19 15:55:30,895 - INFO - Retrieved article length: 989 characters
2025-01-19 15:55:30,943 - INFO - KPTI: 1h change of 8.22%
2025-01-19 15:55:30,991 - INFO - KPRX: 1h change of -8.37%
2025-01-19 15:55:31,029 - INFO - KPTI: 1wk change of 20.84%
2025-01-19 15:55:31,079 - INFO - KPRX: 1wk change of 1.00%
2025-01-19 15:55:31,117 - INFO - KPTI: 1mo change of -21.89%
2025-01-19 15:55:31,118 - INFO - Processing KPTI - 2025-01-02 15:50:18 UTC
2025-01-19 15:55:31,166 - INFO - Processing KPRX - 2024-10-29 13:45:00 UTC
2025-01-19 15:55:31,210 - INFO - Retrieved article length: 3556 characters
2025-01-19 15:55:31,325 - INFO - Retrieved article length: 156 characters
2025-01-19 15:55:31,419 - INFO - KOS: 1h change of 1.99%
2025-01-19 15:55:31,458 - INFO - KR: 1wk change of -1.32%
2025-01-19 15:55:31,513 - INFO - KOS: 1wk change of 19.03%
2025-01-19 15:55:31,603 - INFO - KOS: 1mo change of -8.88%
2025-01-19 15:55:31,603 - INFO - Processing KOS - 2025-01-02 10:02:00 UTC
2025-01-19 15:55:31,657 - INFO - KR: 1mo change of -5.96%
2025-01-19 15:55:31,658 - INFO - Processing KR - 2025-01-16 23:49:57 UTC
2025-01-19 15:55:31,881 - INFO - Retrieved article length: 496 characters
2025-01-19 15:55:31,882 - INFO - Retrieved article length: 8137 characters
2025-01-19 15:55:31,974 - INFO - KPRX: 1h change of -8.12%
2025-01-19 15:55:31,975 - INFO - KPTI: 1h change of 14.82%
2025-01-19 15:55:32,065 - INFO - KPRX: 1wk change of 2.23%
2025-01-19 15:55:32,065 - INFO - KPTI: 1wk change of 16.72%
2025-01-19 15:55:32,157 - INFO - KPTI: 1mo change of -21.89%
2025-01-19 15:55:32,157 - INFO - Processing KPTI - 2025-01-02 15:00:00 UTC
2025-01-19 15:55:32,309 - INFO - Processing KRC - 2025-01-07 23:38:14 UTC
2025-01-19 15:55:32,366 - INFO - Retrieved article length: 8305 characters
2025-01-19 15:55:32,464 - INFO - KR: 1h change of -3.01%
2025-01-19 15:55:32,466 - INFO - Retrieved article length: 5691 characters
2025-01-19 15:55:32,561 - INFO - KOS: 1h change of 14.07%
2025-01-19 15:55:32,625 - INFO - KR: 1wk change of -3.73%
2025-01-19 15:55:32,650 - INFO - KOS: 1wk change of 19.81%
2025-01-19 15:55:32,740 - INFO - KOS: 1mo change of -8.88%
2025-01-19 15:55:32,740 - INFO - Processing KOS - 2024-12-26 17:19:16 UTC
2025-01-19 15:55:32,788 - INFO - KR: 1mo change of -7.80%
2025-01-19 15:55:32,788 - INFO - Processing KR - 2025-01-14 21:00:00 UTC
2025-01-19 15:55:32,821 - INFO - Retrieved article length: 9227 characters
2025-01-19 15:55:32,830 - INFO - KPTI: 1h change of 14.82%
2025-01-19 15:55:32,835 - INFO - KPTI: 1wk change of 16.72%
2025-01-19 15:55:32,887 - INFO - KPTI: 1mo change of -21.89%
2025-01-19 15:55:32,887 - INFO - Processing KPTI - 2024-12-09 16:00:00 UTC
2025-01-19 15:55:33,032 - INFO - Retrieved article length: 485 characters
2025-01-19 15:55:33,125 - INFO - KRC: 1h change of -8.26%
2025-01-19 15:55:33,242 - INFO - KRC: 1wk change of -4.25%
2025-01-19 15:55:33,417 - INFO - KRC: 1mo change of -2.36%
2025-01-19 15:55:33,417 - INFO - Processing KRC - 2025-01-07 16:30:37 UTC
2025-01-19 15:55:33,509 - INFO - Retrieved article length: 3465 characters
2025-01-19 15:55:33,584 - INFO - Retrieved article length: 5421 characters
2025-01-19 15:55:33,594 - INFO - KOS: 1h change of 4.98%
2025-01-19 15:55:33,627 - INFO - Retrieved article length: 7274 characters
2025-01-19 15:55:33,676 - INFO - KOS: 1wk change of 42.07%
2025-01-19 15:55:33,716 - INFO - KPTI: 1h change of -8.37%
2025-01-19 15:55:33,764 - INFO - KOS: 1mo change of -10.25%
2025-01-19 15:55:33,764 - INFO - Processing KOS - 2024-12-24 17:09:00 UTC
2025-01-19 15:55:33,807 - INFO - KPTI: 1wk change of -21.66%
2025-01-19 15:55:33,819 - INFO - KR: 1wk change of -3.73%
2025-01-19 15:55:33,928 - INFO - KPTI: 1mo change of -22.94%
2025-01-19 15:55:33,928 - INFO - Processing KPTI - 2024-12-03 15:00:00 UTC
2025-01-19 15:55:33,980 - INFO - KR: 1mo change of -3.90%
2025-01-19 15:55:33,980 - INFO - Processing KR - 2025-01-13 19:45:00 UTC
2025-01-19 15:55:34,153 - INFO - Retrieved article length: 532 characters
2025-01-19 15:55:34,161 - INFO - KRC: 1h change of -8.26%
2025-01-19 15:55:34,168 - INFO - KRC: 1wk change of -4.25%
2025-01-19 15:55:34,226 - INFO - KRC: 1mo change of -2.36%
2025-01-19 15:55:34,226 - INFO - Processing KRC - 2025-01-02 22:52:55 UTC
2025-01-19 15:55:34,464 - INFO - Retrieved article length: 4237 characters
2025-01-19 15:55:34,555 - INFO - KOS: 1h change of 6.55%
2025-01-19 15:55:34,642 - INFO - KOS: 1wk change of 37.27%
2025-01-19 15:55:34,679 - INFO - Retrieved article length: 13600 characters
2025-01-19 15:55:34,721 - INFO - Retrieved article length: 4680 characters
2025-01-19 15:55:34,730 - INFO - KOS: 1mo change of -8.18%
2025-01-19 15:55:34,730 - INFO - Processing KOS - 2024-12-18 13:21:11 UTC
2025-01-19 15:55:34,770 - INFO - KPTI: 1h change of -4.35%
2025-01-19 15:55:34,810 - INFO - KR: 1h change of 1.47%
2025-01-19 15:55:34,864 - INFO - KPTI: 1wk change of -13.81%
2025-01-19 15:55:34,955 - INFO - KPTI: 1mo change of -2.24%
2025-01-19 15:55:34,955 - INFO - Processing KPTI - 2024-11-25 15:00:00 UTC
2025-01-19 15:55:34,976 - INFO - KR: 1wk change of -5.04%
2025-01-19 15:55:35,141 - INFO - Retrieved article length: 488 characters
2025-01-19 15:55:35,180 - INFO - KR: 1mo change of 1.02%
2025-01-19 15:55:35,181 - INFO - Processing KR - 2025-01-12 16:18:56 UTC
2025-01-19 15:55:35,358 - INFO - KRC: 1wk change of -11.65%
2025-01-19 15:55:35,445 - INFO - Retrieved article length: 2277 characters
2025-01-19 15:55:35,477 - INFO - KRC: 1mo change of -4.92%
2025-01-19 15:55:35,477 - INFO - Processing KRC - 2025-01-02 16:13:46 UTC
2025-01-19 15:55:35,532 - INFO - KOS: 1h change of 16.17%
2025-01-19 15:55:35,622 - INFO - KOS: 1wk change of -9.94%
2025-01-19 15:55:35,707 - INFO - KOS: 1mo change of -7.71%
2025-01-19 15:55:35,754 - INFO - Retrieved article length: 2446 characters
2025-01-19 15:55:35,843 - INFO - KPTI: 1h change of 1.15%
2025-01-19 15:55:35,864 - INFO - Processing KRE - 2025-01-16 14:00:33 UTC
2025-01-19 15:55:35,928 - INFO - KPTI: 1wk change of -2.33%
2025-01-19 15:55:35,938 - INFO - Retrieved article length: 4343 characters
2025-01-19 15:55:36,017 - INFO - KPTI: 1mo change of -17.92%
2025-01-19 15:55:36,181 - INFO - KR: 1wk change of -5.78%
2025-01-19 15:55:36,188 - INFO - Processing KRG - 2025-01-10 00:45:00 UTC
2025-01-19 15:55:36,318 - INFO - KR: 1mo change of 1.02%
2025-01-19 15:55:36,319 - INFO - Processing KR - 2025-01-11 02:00:22 UTC
2025-01-19 15:55:36,472 - INFO - Retrieved article length: 525 characters
2025-01-19 15:55:36,487 - INFO - KRC: 1wk change of -11.65%
2025-01-19 15:55:36,537 - INFO - KRC: 1mo change of -4.92%
2025-01-19 15:55:36,537 - INFO - Processing KRC - 2024-12-21 00:51:00 UTC
2025-01-19 15:55:36,630 - INFO - Retrieved article length: 3655 characters
2025-01-19 15:55:36,725 - INFO - KRE: 1h change of 4.62%
2025-01-19 15:55:36,877 - INFO - KRE: 1wk change of 3.94%
2025-01-19 15:55:36,972 - INFO - Retrieved article length: 6739 characters
2025-01-19 15:55:36,986 - INFO - KRE: 1mo change of -2.32%
2025-01-19 15:55:36,986 - INFO - Processing KRE - 2025-01-07 19:59:11 UTC
2025-01-19 15:55:37,057 - INFO - Retrieved article length: 3567 characters
2025-01-19 15:55:37,061 - INFO - KRG: 1h change of -4.63%
2025-01-19 15:55:37,168 - INFO - KRG: 1wk change of -6.59%
2025-01-19 15:55:37,274 - INFO - KRG: 1mo change of -12.55%
2025-01-19 15:55:37,275 - INFO - Processing KRG - 2025-01-02 22:43:09 UTC
2025-01-19 15:55:37,276 - INFO - Retrieved article length: 2926 characters
2025-01-19 15:55:37,303 - INFO - KR: 1wk change of -5.78%
2025-01-19 15:55:37,364 - INFO - KRC: 1h change of 4.65%
2025-01-19 15:55:37,485 - INFO - KRC: 1wk change of -1.05%
2025-01-19 15:55:37,531 - INFO - KR: 1mo change of 1.02%
2025-01-19 15:55:37,532 - INFO - Processing KR - 2025-01-11 00:05:00 UTC
2025-01-19 15:55:37,603 - INFO - KRC: 1mo change of 2.67%
2025-01-19 15:55:37,603 - INFO - Processing KRC - 2024-12-20 16:15:14 UTC
2025-01-19 15:55:37,656 - INFO - Retrieved article length: 4603 characters
2025-01-19 15:55:37,746 - INFO - KRE: 1h change of -1.64%
2025-01-19 15:55:37,851 - INFO - KRE: 1wk change of 2.85%
2025-01-19 15:55:38,018 - INFO - KRE: 1mo change of -4.51%
2025-01-19 15:55:38,019 - INFO - Processing KRE - 2024-12-26 20:49:01 UTC
2025-01-19 15:55:38,234 - INFO - Retrieved article length: 498 characters
2025-01-19 15:55:38,274 - INFO - Retrieved article length: 3549 characters
2025-01-19 15:55:38,321 - INFO - Retrieved article length: 533 characters
2025-01-19 15:55:38,321 - INFO - KRG: 1h change of -1.07%
2025-01-19 15:55:38,330 - INFO - KR: 1wk change of -5.78%
2025-01-19 15:55:38,379 - INFO - KR: 1mo change of 1.02%
2025-01-19 15:55:38,379 - INFO - Processing KR - 2025-01-09 23:06:14 UTC
2025-01-19 15:55:38,411 - INFO - KRC: 1h change of -4.12%
2025-01-19 15:55:38,431 - INFO - KRG: 1wk change of -9.16%
2025-01-19 15:55:38,560 - INFO - KRG: 1mo change of -14.48%
2025-01-19 15:55:38,560 - INFO - Processing KRG - 2025-01-02 16:14:06 UTC
2025-01-19 15:55:38,590 - INFO - KRC: 1wk change of 1.03%
2025-01-19 15:55:38,719 - INFO - KRC: 1mo change of 1.77%
2025-01-19 15:55:38,719 - INFO - Processing KRC - 2024-12-17 15:49:28 UTC
2025-01-19 15:55:38,775 - INFO - Retrieved article length: 1897 characters
2025-01-19 15:55:39,027 - INFO - KRE: 1wk change of -6.34%
2025-01-19 15:55:39,068 - INFO - Retrieved article length: 529 characters
2025-01-19 15:55:39,131 - INFO - KRE: 1mo change of -3.98%
2025-01-19 15:55:39,132 - INFO - Processing KRE - 2024-12-14 17:00:22 UTC
2025-01-19 15:55:39,163 - INFO - KR: 1h change of -1.43%
2025-01-19 15:55:39,314 - INFO - Retrieved article length: 535 characters
2025-01-19 15:55:39,321 - INFO - KRG: 1h change of -1.07%
2025-01-19 15:55:39,327 - INFO - KR: 1wk change of -4.69%
2025-01-19 15:55:39,330 - INFO - KRG: 1wk change of -9.16%
2025-01-19 15:55:39,380 - INFO - KRG: 1mo change of -14.48%
2025-01-19 15:55:39,381 - INFO - Processing KRG - 2024-12-10 21:40:00 UTC
2025-01-19 15:55:39,497 - INFO - KR: 1mo change of -3.87%
2025-01-19 15:55:39,549 - INFO - Retrieved article length: 522 characters
2025-01-19 15:55:39,605 - INFO - Processing KRKR - 2024-11-06 13:00:00 UTC
2025-01-19 15:55:39,696 - INFO - KRC: 1h change of -9.15%
2025-01-19 15:55:39,838 - INFO - Retrieved article length: 7214 characters
2025-01-19 15:55:39,963 - INFO - Processing KRC - 2024-12-06 00:11:00 UTC
2025-01-19 15:55:40,069 - INFO - KRE: 1wk change of -8.54%
2025-01-19 15:55:40,113 - INFO - Retrieved article length: 5061 characters
2025-01-19 15:55:40,175 - INFO - KRE: 1mo change of -5.21%
2025-01-19 15:55:40,175 - INFO - Processing KRE - 2024-12-11 00:25:51 UTC
2025-01-19 15:55:40,211 - INFO - KRG: 1h change of -2.45%
2025-01-19 15:55:40,320 - INFO - KRG: 1wk change of -9.73%
2025-01-19 15:55:40,372 - INFO - Retrieved article length: 5311 characters
2025-01-19 15:55:40,434 - INFO - KRG: 1mo change of -14.51%
2025-01-19 15:55:40,434 - INFO - Processing KRG - 2024-11-05 19:26:48 UTC
2025-01-19 15:55:40,603 - INFO - KRKR: 1wk change of -18.33%
2025-01-19 15:55:40,664 - INFO - Retrieved article length: 8588 characters
2025-01-19 15:55:40,689 - INFO - KRKR: 1mo change of -45.00%
2025-01-19 15:55:40,758 - INFO - KRC: 1h change of -1.43%
2025-01-19 15:55:40,808 - INFO - Processing KRMD - 2025-01-15 00:06:00 UTC
2025-01-19 15:55:40,891 - INFO - KRC: 1wk change of -1.56%
2025-01-19 15:55:40,999 - INFO - Retrieved article length: 2269 characters
2025-01-19 15:55:41,006 - INFO - KRC: 1mo change of -3.39%
2025-01-19 15:55:41,092 - INFO - KRE: 1h change of -2.28%
2025-01-19 15:55:41,113 - INFO - Processing KRNL - 2025-01-19 15:45:00 UTC
2025-01-19 15:55:41,199 - INFO - KRE: 1wk change of -9.36%
2025-01-19 15:55:41,307 - INFO - KRE: 1mo change of -8.13%
2025-01-19 15:55:41,308 - INFO - Processing KRE - 2024-11-27 21:09:08 UTC
2025-01-19 15:55:41,394 - INFO - Retrieved article length: 5896 characters
2025-01-19 15:55:41,483 - INFO - KRG: 1h change of 2.04%
2025-01-19 15:55:41,575 - INFO - Retrieved article length: 4352 characters
2025-01-19 15:55:41,594 - INFO - KRG: 1wk change of 3.95%
2025-01-19 15:55:41,665 - INFO - KRMD: 1h change of 1.01%
2025-01-19 15:55:41,711 - INFO - KRG: 1mo change of 3.32%
2025-01-19 15:55:41,711 - INFO - Processing KRG - 2024-11-01 10:15:28 UTC
2025-01-19 15:55:41,753 - INFO - KRMD: 1wk change of 2.25%
2025-01-19 15:55:41,845 - INFO - KRMD: 1mo change of 5.68%
2025-01-19 15:55:41,846 - INFO - Processing KRMD - 2025-01-09 23:09:09 UTC
2025-01-19 15:55:42,245 - INFO - Retrieved article length: 2845 characters
2025-01-19 15:55:42,325 - ERROR - KRNL: No timezone found, symbol may be delisted
2025-01-19 15:55:42,328 - ERROR - KRNL: No timezone found, symbol may be delisted
2025-01-19 15:55:42,329 - ERROR - KRNL: No timezone found, symbol may be delisted
2025-01-19 15:55:42,329 - INFO - Processing KRNL - 2025-01-19 15:45:00 UTC
2025-01-19 15:55:42,336 - INFO - KRE: 1h change of -3.19%
2025-01-19 15:55:42,435 - INFO - KRE: 1wk change of 1.28%
2025-01-19 15:55:42,511 - INFO - Retrieved article length: 5303 characters
2025-01-19 15:55:42,537 - INFO - KRE: 1mo change of 3.58%
2025-01-19 15:55:42,537 - INFO - Processing KRE - 2024-11-08 02:00:00 UTC
2025-01-19 15:55:42,680 - INFO - Retrieved article length: 7110 characters
2025-01-19 15:55:42,717 - INFO - KRG: 1wk change of 5.05%
2025-01-19 15:55:42,836 - INFO - KRG: 1mo change of 3.29%
2025-01-19 15:55:42,837 - INFO - Processing KRG - 2024-11-01 09:30:51 UTC
2025-01-19 15:55:42,855 - INFO - KRMD: 1wk change of 5.14%
2025-01-19 15:55:42,941 - INFO - KRMD: 1mo change of 12.36%
2025-01-19 15:55:42,941 - INFO - Processing KRMD - 2024-12-02 20:08:57 UTC
2025-01-19 15:55:43,087 - INFO - Retrieved article length: 5619 characters
2025-01-19 15:55:43,088 - ERROR - KRNL: No timezone found, symbol may be delisted
2025-01-19 15:55:43,089 - ERROR - KRNL: No timezone found, symbol may be delisted
2025-01-19 15:55:43,090 - ERROR - KRNL: No timezone found, symbol may be delisted
2025-01-19 15:55:43,090 - INFO - Processing KRNL - 2025-01-19 15:41:34 UTC
2025-01-19 15:55:43,252 - INFO - Retrieved article length: 3949 characters
2025-01-19 15:55:43,341 - INFO - KRE: 1h change of -1.35%
2025-01-19 15:55:43,457 - INFO - KRE: 1wk change of 11.20%
2025-01-19 15:55:43,568 - INFO - KRE: 1mo change of 16.42%
2025-01-19 15:55:43,569 - INFO - Processing KRE - 2024-11-06 21:22:00 UTC
2025-01-19 15:55:43,702 - INFO - Retrieved article length: 43040 characters
2025-01-19 15:55:43,714 - INFO - KRG: 1wk change of 5.05%
2025-01-19 15:55:43,723 - INFO - KRG: 1mo change of 3.29%
2025-01-19 15:55:43,724 - INFO - Processing KRG - 2024-10-31 03:00:21 UTC
2025-01-19 15:55:43,782 - INFO - Retrieved article length: 7680 characters
2025-01-19 15:55:43,783 - ERROR - KRNL: No timezone found, symbol may be delisted
2025-01-19 15:55:43,784 - ERROR - KRNL: No timezone found, symbol may be delisted
2025-01-19 15:55:43,784 - ERROR - KRNL: No timezone found, symbol may be delisted
2025-01-19 15:55:43,785 - INFO - Processing KRNL - 2025-01-19 15:40:00 UTC
2025-01-19 15:55:43,785 - INFO - Retrieved article length: 7048 characters
2025-01-19 15:55:44,024 - INFO - KRMD: 1wk change of 9.94%
2025-01-19 15:55:44,117 - INFO - KRMD: 1mo change of 51.16%
2025-01-19 15:55:44,118 - INFO - Processing KRMD - 2024-11-26 00:05:00 UTC
2025-01-19 15:55:44,306 - INFO - Retrieved article length: 2357 characters
2025-01-19 15:55:44,391 - INFO - KRE: 1h change of 10.96%
2025-01-19 15:55:44,431 - INFO - Retrieved article length: 2498 characters
2025-01-19 15:55:44,501 - INFO - KRE: 1wk change of 10.54%
2025-01-19 15:55:44,609 - INFO - KRE: 1mo change of 19.93%
2025-01-19 15:55:44,647 - INFO - KRG: 1wk change of 5.98%
2025-01-19 15:55:44,726 - INFO - Processing KRNLU - 2025-01-19 15:45:00 UTC
2025-01-19 15:55:44,758 - INFO - KRG: 1mo change of 3.99%
2025-01-19 15:55:44,766 - INFO - Retrieved article length: 4999 characters
2025-01-19 15:55:44,767 - ERROR - KRNL: No timezone found, symbol may be delisted
2025-01-19 15:55:44,769 - ERROR - KRNL: No timezone found, symbol may be delisted
2025-01-19 15:55:44,770 - ERROR - KRNL: No timezone found, symbol may be delisted
2025-01-19 15:55:44,770 - INFO - Processing KRNL - 2025-01-19 15:36:14 UTC
2025-01-19 15:55:44,893 - INFO - Processing KROS - 2025-01-17 19:12:03 UTC
2025-01-19 15:55:44,949 - INFO - Retrieved article length: 2155 characters
2025-01-19 15:55:45,040 - INFO - KRMD: 1h change of 10.85%
2025-01-19 15:55:45,132 - INFO - KRMD: 1wk change of 15.56%
2025-01-19 15:55:45,229 - INFO - KRMD: 1mo change of 58.13%
2025-01-19 15:55:45,229 - INFO - Processing KRMD - 2024-11-16 16:35:41 UTC
2025-01-19 15:55:45,768 - INFO - Retrieved article length: 502 characters
2025-01-19 15:55:45,789 - INFO - Retrieved article length: 8408 characters
2025-01-19 15:55:45,790 - ERROR - KRNL: No timezone found, symbol may be delisted
2025-01-19 15:55:45,791 - ERROR - KRNL: No timezone found, symbol may be delisted
2025-01-19 15:55:45,791 - ERROR - KRNL: No timezone found, symbol may be delisted
2025-01-19 15:55:45,792 - INFO - Processing KRNL - 2025-01-19 15:35:15 UTC
2025-01-19 15:55:45,873 - INFO - KROS: 1h change of 1.02%
2025-01-19 15:55:45,941 - INFO - Retrieved article length: 2018 characters
2025-01-19 15:55:45,959 - INFO - KROS: 1wk change of -31.44%
2025-01-19 15:55:46,026 - INFO - KRMD: 1h change of 1.93%
2025-01-19 15:55:46,044 - INFO - KROS: 1mo change of -42.33%
2025-01-19 15:55:46,044 - INFO - Processing KROS - 2025-01-16 17:35:08 UTC
2025-01-19 15:55:46,127 - INFO - KRMD: 1wk change of 30.25%
2025-01-19 15:55:46,216 - INFO - KRMD: 1mo change of 47.25%
2025-01-19 15:55:46,216 - INFO - Processing KRMD - 2024-11-15 15:16:24 UTC
2025-01-19 15:55:46,248 - ERROR - KRNLU: No timezone found, symbol may be delisted
2025-01-19 15:55:46,249 - ERROR - KRNLU: No timezone found, symbol may be delisted
2025-01-19 15:55:46,250 - ERROR - KRNLU: No timezone found, symbol may be delisted
2025-01-19 15:55:46,250 - INFO - Processing KRNLU - 2025-01-19 15:45:00 UTC
2025-01-19 15:55:46,604 - INFO - Retrieved article length: 6210 characters
2025-01-19 15:55:46,605 - ERROR - KRNL: No timezone found, symbol may be delisted
2025-01-19 15:55:46,606 - ERROR - KRNL: No timezone found, symbol may be delisted
2025-01-19 15:55:46,607 - ERROR - KRNL: No timezone found, symbol may be delisted
2025-01-19 15:55:46,607 - INFO - Processing KRNL - 2025-01-19 15:34:48 UTC
2025-01-19 15:55:46,872 - INFO - Retrieved article length: 3004 characters
2025-01-19 15:55:46,966 - INFO - KROS: 1h change of -12.35%
2025-01-19 15:55:46,968 - INFO - Retrieved article length: 5619 characters
2025-01-19 15:55:46,969 - ERROR - KRNLU: No timezone found, symbol may be delisted
2025-01-19 15:55:46,970 - ERROR - KRNLU: No timezone found, symbol may be delisted
2025-01-19 15:55:46,971 - ERROR - KRNLU: No timezone found, symbol may be delisted
2025-01-19 15:55:46,971 - INFO - Processing KRNLU - 2025-01-19 15:41:34 UTC
2025-01-19 15:55:47,075 - INFO - Retrieved article length: 1445 characters
2025-01-19 15:55:47,079 - INFO - KROS: 1wk change of -30.56%
2025-01-19 15:55:47,166 - INFO - KROS: 1mo change of -41.07%
2025-01-19 15:55:47,166 - INFO - Processing KROS - 2025-01-16 17:19:20 UTC
2025-01-19 15:55:47,167 - INFO - KRMD: 1h change of 7.28%
2025-01-19 15:55:47,258 - INFO - KRMD: 1wk change of 25.49%
2025-01-19 15:55:47,354 - INFO - KRMD: 1mo change of 36.03%
2025-01-19 15:55:47,355 - INFO - Processing KRMD - 2024-11-14 10:16:58 UTC
2025-01-19 15:55:47,482 - INFO - Retrieved article length: 3617 characters
2025-01-19 15:55:47,484 - ERROR - KRNL: No timezone found, symbol may be delisted
2025-01-19 15:55:47,485 - ERROR - KRNL: No timezone found, symbol may be delisted
2025-01-19 15:55:47,486 - ERROR - KRNL: No timezone found, symbol may be delisted
2025-01-19 15:55:47,486 - INFO - Processing KRNL - 2025-01-19 15:31:55 UTC
2025-01-19 15:55:47,718 - INFO - Retrieved article length: 7680 characters
2025-01-19 15:55:47,724 - ERROR - KRNLU: No timezone found, symbol may be delisted
2025-01-19 15:55:47,725 - ERROR - KRNLU: No timezone found, symbol may be delisted
2025-01-19 15:55:47,726 - ERROR - KRNLU: No timezone found, symbol may be delisted
2025-01-19 15:55:47,726 - INFO - Processing KRNLU - 2025-01-19 15:40:00 UTC
2025-01-19 15:55:47,968 - INFO - Retrieved article length: 534 characters
2025-01-19 15:55:47,977 - INFO - KROS: 1h change of -12.35%
2025-01-19 15:55:48,027 - INFO - KROS: 1wk change of -30.56%
2025-01-19 15:55:48,075 - INFO - KROS: 1mo change of -41.07%
2025-01-19 15:55:48,075 - INFO - Processing KROS - 2025-01-15 17:15:52 UTC
2025-01-19 15:55:48,137 - INFO - Retrieved article length: 4107 characters
2025-01-19 15:55:48,188 - INFO - Retrieved article length: 4418 characters
2025-01-19 15:55:48,189 - ERROR - KRNL: No timezone found, symbol may be delisted
2025-01-19 15:55:48,190 - ERROR - KRNL: No timezone found, symbol may be delisted
2025-01-19 15:55:48,190 - ERROR - KRNL: No timezone found, symbol may be delisted
2025-01-19 15:55:48,225 - INFO - KRMD: 1h change of 10.07%
2025-01-19 15:55:48,315 - INFO - KRMD: 1wk change of 31.34%
2025-01-19 15:55:48,334 - INFO - Processing KRRO - 2025-01-13 16:00:00 UTC
2025-01-19 15:55:48,402 - INFO - KRMD: 1mo change of 42.86%
2025-01-19 15:55:48,403 - INFO - Processing KRMD - 2024-11-14 00:05:00 UTC
2025-01-19 15:55:48,449 - INFO - Retrieved article length: 4999 characters
2025-01-19 15:55:48,450 - ERROR - KRNLU: No timezone found, symbol may be delisted
2025-01-19 15:55:48,451 - ERROR - KRNLU: No timezone found, symbol may be delisted
2025-01-19 15:55:48,451 - ERROR - KRNLU: No timezone found, symbol may be delisted
2025-01-19 15:55:48,451 - INFO - Processing KRNLU - 2025-01-19 15:36:14 UTC
2025-01-19 15:55:48,833 - INFO - Retrieved article length: 507 characters
2025-01-19 15:55:48,928 - INFO - KROS: 1h change of -18.45%
2025-01-19 15:55:49,024 - INFO - KROS: 1wk change of -30.56%
2025-01-19 15:55:49,078 - INFO - Retrieved article length: 8408 characters
2025-01-19 15:55:49,079 - ERROR - KRNLU: No timezone found, symbol may be delisted
2025-01-19 15:55:49,094 - ERROR - KRNLU: No timezone found, symbol may be delisted
2025-01-19 15:55:49,095 - ERROR - KRNLU: No timezone found, symbol may be delisted
2025-01-19 15:55:49,095 - INFO - Processing KRNLU - 2025-01-19 15:35:15 UTC
2025-01-19 15:55:49,111 - INFO - KROS: 1mo change of -84.18%
2025-01-19 15:55:49,111 - INFO - Processing KROS - 2025-01-15 17:07:56 UTC
2025-01-19 15:55:49,207 - INFO - Retrieved article length: 9480 characters
2025-01-19 15:55:49,304 - INFO - KRRO: 1h change of 4.78%
2025-01-19 15:55:49,391 - INFO - KRRO: 1wk change of -13.63%
2025-01-19 15:55:49,453 - INFO - Retrieved article length: 18730 characters
2025-01-19 15:55:49,461 - INFO - KRMD: 1h change of 10.07%
2025-01-19 15:55:49,466 - INFO - KRMD: 1wk change of 31.34%
2025-01-19 15:55:49,472 - INFO - KRMD: 1mo change of 42.86%
2025-01-19 15:55:49,486 - INFO - KRRO: 1mo change of -22.09%
2025-01-19 15:55:49,486 - INFO - Processing KRRO - 2025-01-07 16:00:00 UTC
2025-01-19 15:55:49,597 - INFO - Processing KSCP - 2025-01-17 21:36:07 UTC
2025-01-19 15:55:49,877 - INFO - Retrieved article length: 472 characters
2025-01-19 15:55:49,885 - INFO - KROS: 1h change of -18.45%
2025-01-19 15:55:49,937 - INFO - KROS: 1wk change of -30.56%
2025-01-19 15:55:49,991 - INFO - KROS: 1mo change of -84.18%
2025-01-19 15:55:49,992 - INFO - Processing KROS - 2025-01-15 16:54:55 UTC
2025-01-19 15:55:50,179 - INFO - Retrieved article length: 2152 characters
2025-01-19 15:55:50,319 - INFO - KRRO: 1h change of -12.51%
2025-01-19 15:55:50,347 - INFO - Retrieved article length: 5217 characters
2025-01-19 15:55:50,414 - INFO - KRRO: 1wk change of -2.97%
2025-01-19 15:55:50,454 - INFO - KSCP: 1h change of 1.61%
2025-01-19 15:55:50,501 - INFO - KRRO: 1mo change of -22.12%
2025-01-19 15:55:50,501 - INFO - Processing KRRO - 2024-12-10 16:00:00 UTC
2025-01-19 15:55:50,548 - INFO - KSCP: 1wk change of -16.67%
2025-01-19 15:55:50,665 - INFO - KSCP: 1mo change of -13.29%
2025-01-19 15:55:50,665 - INFO - Processing KSCP - 2025-01-14 17:35:00 UTC
2025-01-19 15:55:50,760 - INFO - Retrieved article length: 464 characters
2025-01-19 15:55:50,769 - INFO - KROS: 1h change of -18.45%
2025-01-19 15:55:50,820 - INFO - KROS: 1wk change of -30.56%
2025-01-19 15:55:50,869 - INFO - KROS: 1mo change of -84.18%
2025-01-19 15:55:50,869 - INFO - Processing KROS - 2025-01-15 16:02:08 UTC
2025-01-19 15:55:51,335 - INFO - Retrieved article length: 11787 characters
2025-01-19 15:55:51,425 - INFO - KRRO: 1h change of 15.07%
2025-01-19 15:55:51,486 - INFO - Retrieved article length: 4240 characters
2025-01-19 15:55:51,515 - INFO - KRRO: 1wk change of -19.40%
2025-01-19 15:55:51,577 - INFO - KSCP: 1h change of 15.05%
2025-01-19 15:55:51,600 - INFO - KRRO: 1mo change of -41.96%
2025-01-19 15:55:51,600 - INFO - Processing KRRO - 2024-11-22 00:01:00 UTC
2025-01-19 15:55:51,664 - INFO - KSCP: 1wk change of -21.62%
2025-01-19 15:55:51,749 - INFO - KSCP: 1mo change of -18.20%
2025-01-19 15:55:51,749 - INFO - Processing KSCP - 2024-12-31 02:17:15 UTC
2025-01-19 15:55:51,798 - INFO - Retrieved article length: 560 characters
2025-01-19 15:55:51,805 - INFO - KROS: 1h change of -18.45%
2025-01-19 15:55:51,856 - INFO - KROS: 1wk change of -30.56%
2025-01-19 15:55:51,907 - INFO - KROS: 1mo change of -84.18%
2025-01-19 15:55:51,908 - INFO - Processing KROS - 2025-01-15 14:30:00 UTC
2025-01-19 15:55:52,485 - INFO - Retrieved article length: 5042 characters
2025-01-19 15:55:52,525 - INFO - Retrieved article length: 2827 characters
2025-01-19 15:55:52,577 - INFO - KSCP: 1h change of -1.56%
2025-01-19 15:55:52,614 - INFO - KRRO: 1h change of 11.18%
2025-01-19 15:55:52,662 - INFO - KSCP: 1wk change of -2.93%
2025-01-19 15:55:52,702 - INFO - KRRO: 1wk change of -20.08%
2025-01-19 15:55:52,715 - INFO - Retrieved article length: 5750 characters
2025-01-19 15:55:52,723 - INFO - KROS: 1h change of -18.45%
2025-01-19 15:55:52,744 - INFO - Retrieved article length: 6210 characters
2025-01-19 15:55:52,745 - ERROR - KRNLU: No timezone found, symbol may be delisted
2025-01-19 15:55:52,745 - ERROR - KRNLU: No timezone found, symbol may be delisted
2025-01-19 15:55:52,746 - INFO - KSCP: 1mo change of -33.85%
2025-01-19 15:55:52,746 - INFO - Processing KSCP - 2024-12-30 18:18:51 UTC
2025-01-19 15:55:52,746 - ERROR - KRNLU: No timezone found, symbol may be delisted
2025-01-19 15:55:52,746 - INFO - Processing KRNLU - 2025-01-19 15:34:48 UTC
2025-01-19 15:55:52,773 - INFO - KROS: 1wk change of -30.56%
2025-01-19 15:55:52,794 - INFO - KRRO: 1mo change of -48.53%
2025-01-19 15:55:52,794 - INFO - Processing KRRO - 2024-11-21 15:30:00 UTC
2025-01-19 15:55:52,822 - INFO - KROS: 1mo change of -84.18%
2025-01-19 15:55:52,981 - INFO - Processing KSS - 2025-01-13 19:20:14 UTC
2025-01-19 15:55:53,407 - INFO - Retrieved article length: 493 characters
2025-01-19 15:55:53,467 - INFO - Retrieved article length: 3617 characters
2025-01-19 15:55:53,467 - ERROR - KRNLU: No timezone found, symbol may be delisted
2025-01-19 15:55:53,468 - ERROR - KRNLU: No timezone found, symbol may be delisted
2025-01-19 15:55:53,469 - ERROR - KRNLU: No timezone found, symbol may be delisted
2025-01-19 15:55:53,469 - INFO - Processing KRNLU - 2025-01-19 15:31:55 UTC
2025-01-19 15:55:53,494 - INFO - KSCP: 1h change of -1.56%
2025-01-19 15:55:53,581 - INFO - KSCP: 1wk change of -3.30%
2025-01-19 15:55:53,593 - INFO - Retrieved article length: 8154 characters
2025-01-19 15:55:53,666 - INFO - KSCP: 1mo change of -25.14%
2025-01-19 15:55:53,667 - INFO - Processing KSCP - 2024-12-30 17:35:00 UTC
2025-01-19 15:55:53,686 - INFO - KRRO: 1h change of 8.13%
2025-01-19 15:55:53,720 - INFO - Retrieved article length: 550 characters
2025-01-19 15:55:53,782 - INFO - KRRO: 1wk change of -29.17%
2025-01-19 15:55:53,815 - INFO - KSS: 1h change of -3.01%
2025-01-19 15:55:53,874 - INFO - KRRO: 1mo change of -45.88%
2025-01-19 15:55:53,875 - INFO - Processing KRRO - 2024-11-14 16:00:00 UTC
2025-01-19 15:55:53,920 - INFO - KSS: 1wk change of -7.93%
2025-01-19 15:55:54,077 - INFO - KSS: 1mo change of -11.92%
2025-01-19 15:55:54,078 - INFO - Processing KSS - 2025-01-13 15:50:00 UTC
2025-01-19 15:55:54,179 - INFO - Retrieved article length: 4418 characters
2025-01-19 15:55:54,180 - ERROR - KRNLU: No timezone found, symbol may be delisted
2025-01-19 15:55:54,180 - ERROR - KRNLU: No timezone found, symbol may be delisted
2025-01-19 15:55:54,181 - ERROR - KRNLU: No timezone found, symbol may be delisted
2025-01-19 15:55:54,331 - INFO - Processing KTOS - 2025-01-16 16:15:41 UTC
2025-01-19 15:55:54,420 - INFO - Retrieved article length: 4502 characters
2025-01-19 15:55:54,429 - INFO - KSCP: 1h change of -1.56%
2025-01-19 15:55:54,434 - INFO - KSCP: 1wk change of -3.30%
2025-01-19 15:55:54,482 - INFO - KSCP: 1mo change of -25.14%
2025-01-19 15:55:54,482 - INFO - Processing KSCP - 2024-12-22 11:32:07 UTC
2025-01-19 15:55:54,673 - INFO - Retrieved article length: 2053 characters
2025-01-19 15:55:54,741 - INFO - Retrieved article length: 3923 characters
2025-01-19 15:55:54,749 - INFO - KSS: 1h change of -3.01%
2025-01-19 15:55:54,785 - INFO - KRRO: 1h change of -26.15%
2025-01-19 15:55:54,797 - INFO - KSS: 1wk change of -7.93%
2025-01-19 15:55:54,854 - INFO - KSS: 1mo change of -11.92%
2025-01-19 15:55:54,854 - INFO - Processing KSS - 2025-01-13 15:35:00 UTC
2025-01-19 15:55:54,877 - INFO - KRRO: 1wk change of -13.01%
2025-01-19 15:55:54,966 - INFO - KRRO: 1mo change of 21.64%
2025-01-19 15:55:54,966 - INFO - Processing KRRO - 2024-11-13 00:05:00 UTC
2025-01-19 15:55:55,149 - INFO - Retrieved article length: 5206 characters
2025-01-19 15:55:55,243 - INFO - KTOS: 1h change of 3.07%
2025-01-19 15:55:55,324 - INFO - KTOS: 1wk change of 13.85%
2025-01-19 15:55:55,357 - INFO - Retrieved article length: 5370 characters
2025-01-19 15:55:55,414 - INFO - KTOS: 1mo change of 26.87%
2025-01-19 15:55:55,415 - INFO - Processing KTOS - 2025-01-16 14:17:00 UTC
2025-01-19 15:55:55,445 - INFO - KSCP: 1h change of 2.99%
2025-01-19 15:55:55,532 - INFO - KSCP: 1wk change of -4.68%
2025-01-19 15:55:55,622 - INFO - KSCP: 1mo change of -18.56%
2025-01-19 15:55:55,623 - INFO - Processing KSCP - 2024-12-20 17:35:00 UTC
2025-01-19 15:55:55,693 - INFO - Retrieved article length: 3054 characters
2025-01-19 15:55:55,702 - INFO - KSS: 1h change of -3.01%
2025-01-19 15:55:55,751 - INFO - KSS: 1wk change of -7.93%
2025-01-19 15:55:55,790 - INFO - Retrieved article length: 13336 characters
2025-01-19 15:55:55,801 - INFO - KSS: 1mo change of -11.92%
2025-01-19 15:55:55,801 - INFO - Processing KSS - 2025-01-13 15:00:09 UTC
2025-01-19 15:55:55,888 - INFO - KRRO: 1h change of -28.16%
2025-01-19 15:55:55,992 - INFO - KRRO: 1wk change of -13.01%
2025-01-19 15:55:56,086 - INFO - KRRO: 1mo change of 39.66%
2025-01-19 15:55:56,086 - INFO - Processing KRRO - 2024-11-04 15:25:00 UTC
2025-01-19 15:55:56,140 - INFO - Retrieved article length: 3700 characters
2025-01-19 15:55:56,148 - INFO - KTOS: 1h change of 3.07%
2025-01-19 15:55:56,195 - INFO - KTOS: 1wk change of 13.85%
2025-01-19 15:55:56,245 - INFO - KTOS: 1mo change of 26.87%
2025-01-19 15:55:56,245 - INFO - Processing KTOS - 2025-01-15 14:33:00 UTC
2025-01-19 15:55:56,600 - INFO - Retrieved article length: 6592 characters
2025-01-19 15:55:56,773 - INFO - KSCP: 1wk change of -4.91%
2025-01-19 15:55:56,791 - INFO - Retrieved article length: 2944 characters
2025-01-19 15:55:56,799 - INFO - KSS: 1h change of -3.01%
2025-01-19 15:55:56,822 - INFO - Retrieved article length: 11153 characters
2025-01-19 15:55:56,849 - INFO - KSS: 1wk change of -7.93%
2025-01-19 15:55:56,859 - INFO - KSCP: 1mo change of -39.91%
2025-01-19 15:55:56,859 - INFO - Processing KSCP - 2024-12-19 19:18:43 UTC
2025-01-19 15:55:56,901 - INFO - KSS: 1mo change of -11.92%
2025-01-19 15:55:56,902 - INFO - Processing KSS - 2025-01-11 03:00:00 UTC
2025-01-19 15:55:56,911 - INFO - KRRO: 1h change of 12.09%
2025-01-19 15:55:56,981 - INFO - Retrieved article length: 4503 characters
2025-01-19 15:55:56,996 - INFO - KRRO: 1wk change of -19.28%
2025-01-19 15:55:57,070 - INFO - KTOS: 1h change of 8.85%
2025-01-19 15:55:57,084 - INFO - KRRO: 1mo change of 27.41%
2025-01-19 15:55:57,165 - INFO - KTOS: 1wk change of 13.85%
2025-01-19 15:55:57,202 - INFO - Processing KTTA - 2025-01-14 16:02:00 UTC
2025-01-19 15:55:57,252 - INFO - KTOS: 1mo change of 22.97%
2025-01-19 15:55:57,253 - INFO - Processing KTOS - 2025-01-15 00:31:00 UTC
2025-01-19 15:55:57,626 - INFO - Retrieved article length: 512 characters
2025-01-19 15:55:57,724 - INFO - Retrieved article length: 1751 characters
2025-01-19 15:55:57,809 - INFO - KSCP: 1wk change of -10.12%
2025-01-19 15:55:57,820 - INFO - KSS: 1h change of 1.18%
2025-01-19 15:55:57,900 - INFO - KSCP: 1mo change of -47.87%
2025-01-19 15:55:57,919 - INFO - KSS: 1wk change of -7.34%
2025-01-19 15:55:57,964 - INFO - Retrieved article length: 4895 characters
2025-01-19 15:55:57,970 - INFO - Retrieved article length: 584 characters
2025-01-19 15:55:57,978 - INFO - KTOS: 1h change of 8.85%
2025-01-19 15:55:58,027 - INFO - KTOS: 1wk change of 13.85%
2025-01-19 15:55:58,028 - INFO - KSS: 1mo change of -11.92%
2025-01-19 15:55:58,028 - INFO - Processing KSS - 2025-01-11 00:58:05 UTC
2025-01-19 15:55:58,032 - INFO - Processing KULR - 2025-01-15 15:00:00 UTC
2025-01-19 15:55:58,053 - INFO - KTTA: 1h change of -5.36%
2025-01-19 15:55:58,073 - INFO - KTOS: 1mo change of 22.97%
2025-01-19 15:55:58,073 - INFO - Processing KTOS - 2025-01-14 17:26:37 UTC
2025-01-19 15:55:58,147 - INFO - KTTA: 1wk change of -19.74%
2025-01-19 15:55:58,250 - INFO - KTTA: 1mo change of -15.65%
2025-01-19 15:55:58,250 - INFO - Processing KTTA - 2024-11-20 15:02:00 UTC
2025-01-19 15:55:58,758 - INFO - Retrieved article length: 549 characters
2025-01-19 15:55:58,785 - INFO - Retrieved article length: 4954 characters
2025-01-19 15:55:58,793 - INFO - KSS: 1h change of 1.18%
2025-01-19 15:55:58,844 - INFO - KSS: 1wk change of -7.34%
2025-01-19 15:55:58,850 - INFO - KTOS: 1h change of 10.37%
2025-01-19 15:55:58,893 - INFO - KSS: 1mo change of -11.92%
2025-01-19 15:55:58,893 - INFO - Processing KSS - 2025-01-10 21:29:55 UTC
2025-01-19 15:55:58,916 - INFO - Retrieved article length: 11847 characters
2025-01-19 15:55:58,931 - INFO - KTOS: 1wk change of 13.85%
2025-01-19 15:55:59,003 - INFO - KULR: 1h change of 33.33%
2025-01-19 15:55:59,020 - INFO - KTOS: 1mo change of 22.84%
2025-01-19 15:55:59,021 - INFO - Processing KTOS - 2025-01-14 16:00:00 UTC
2025-01-19 15:55:59,028 - INFO - Retrieved article length: 5710 characters
2025-01-19 15:55:59,092 - INFO - KULR: 1wk change of -34.29%
2025-01-19 15:55:59,118 - INFO - KTTA: 1h change of -3.30%
2025-01-19 15:55:59,177 - INFO - KULR: 1mo change of 86.89%
2025-01-19 15:55:59,177 - INFO - Processing KULR - 2025-01-14 22:22:04 UTC
2025-01-19 15:55:59,206 - INFO - KTTA: 1wk change of -6.36%
2025-01-19 15:55:59,300 - INFO - KTTA: 1mo change of -34.82%
2025-01-19 15:55:59,432 - INFO - Processing KURA - 2025-01-07 01:35:42 UTC
2025-01-19 15:55:59,819 - INFO - Retrieved article length: 2671 characters
2025-01-19 15:55:59,852 - INFO - Retrieved article length: 7001 characters
2025-01-19 15:55:59,860 - INFO - KTOS: 1h change of 10.37%
2025-01-19 15:55:59,908 - INFO - KTOS: 1wk change of 13.85%
2025-01-19 15:55:59,913 - INFO - KSS: 1h change of 2.82%
2025-01-19 15:55:59,962 - INFO - KTOS: 1mo change of 22.84%
2025-01-19 15:55:59,962 - INFO - Processing KTOS - 2025-01-14 06:07:00 UTC
2025-01-19 15:56:00,017 - INFO - KSS: 1wk change of -7.41%
2025-01-19 15:56:00,148 - INFO - KSS: 1mo change of -12.20%
2025-01-19 15:56:00,149 - INFO - Processing KSS - 2025-01-10 19:00:22 UTC
2025-01-19 15:56:00,154 - INFO - Retrieved article length: 1670 characters
2025-01-19 15:56:00,247 - INFO - KULR: 1h change of 24.12%
2025-01-19 15:56:00,314 - INFO - Retrieved article length: 494 characters
2025-01-19 15:56:00,331 - INFO - KULR: 1wk change of -34.29%
2025-01-19 15:56:00,407 - INFO - KURA: 1h change of -11.09%
2025-01-19 15:56:00,415 - INFO - KULR: 1mo change of 83.87%
2025-01-19 15:56:00,415 - INFO - Processing KULR - 2025-01-14 17:35:50 UTC
2025-01-19 15:56:00,497 - INFO - KURA: 1wk change of -15.63%
2025-01-19 15:56:00,587 - INFO - KURA: 1mo change of -35.00%
2025-01-19 15:56:00,587 - INFO - Processing KURA - 2025-01-07 00:30:00 UTC
2025-01-19 15:56:00,717 - INFO - Retrieved article length: 5395 characters
2025-01-19 15:56:00,725 - INFO - KTOS: 1h change of 10.37%
2025-01-19 15:56:00,771 - INFO - KTOS: 1wk change of 13.85%
2025-01-19 15:56:00,821 - INFO - KTOS: 1mo change of 22.84%
2025-01-19 15:56:00,821 - INFO - Processing KTOS - 2025-01-13 21:10:58 UTC
2025-01-19 15:56:01,077 - INFO - Retrieved article length: 3512 characters
2025-01-19 15:56:01,084 - INFO - KSS: 1h change of 2.82%
2025-01-19 15:56:01,134 - INFO - KSS: 1wk change of -7.41%
2025-01-19 15:56:01,185 - INFO - KSS: 1mo change of -12.20%
2025-01-19 15:56:01,278 - INFO - Retrieved article length: 520 characters
2025-01-19 15:56:01,286 - INFO - KULR: 1h change of 24.12%
2025-01-19 15:56:01,307 - INFO - Processing KVUE - 2025-01-17 03:00:00 UTC
2025-01-19 15:56:01,333 - INFO - KULR: 1wk change of -34.29%
2025-01-19 15:56:01,385 - INFO - KULR: 1mo change of 83.87%
2025-01-19 15:56:01,385 - INFO - Processing KULR - 2025-01-14 16:30:00 UTC
2025-01-19 15:56:01,470 - INFO - Retrieved article length: 7721 characters
2025-01-19 15:56:01,478 - INFO - KURA: 1h change of -11.09%
2025-01-19 15:56:01,485 - INFO - KURA: 1wk change of -15.63%
2025-01-19 15:56:01,535 - INFO - KURA: 1mo change of -35.00%
2025-01-19 15:56:01,535 - INFO - Processing KURA - 2024-12-09 15:00:00 UTC
2025-01-19 15:56:02,040 - INFO - Retrieved article length: 157 characters
2025-01-19 15:56:02,178 - INFO - Retrieved article length: 5202 characters
2025-01-19 15:56:02,186 - INFO - KULR: 1h change of 24.12%
2025-01-19 15:56:02,233 - INFO - KULR: 1wk change of -34.29%
2025-01-19 15:56:02,282 - INFO - KULR: 1mo change of 83.87%
2025-01-19 15:56:02,282 - INFO - Processing KULR - 2025-01-11 00:00:04 UTC
2025-01-19 15:56:02,315 - INFO - KVUE: 1mo change of -5.00%
2025-01-19 15:56:02,315 - INFO - Processing KVUE - 2025-01-16 14:45:00 UTC
2025-01-19 15:56:02,362 - INFO - Retrieved article length: 13157 characters
2025-01-19 15:56:02,456 - INFO - KURA: 1h change of -6.36%
2025-01-19 15:56:02,546 - INFO - KURA: 1wk change of -17.39%
2025-01-19 15:56:02,636 - INFO - KURA: 1mo change of -58.90%
2025-01-19 15:56:02,637 - INFO - Processing KURA - 2024-12-04 21:25:29 UTC
2025-01-19 15:56:03,030 - INFO - Retrieved article length: 4543 characters
2025-01-19 15:56:03,065 - INFO - Retrieved article length: 1282 characters
2025-01-19 15:56:03,115 - INFO - KULR: 1h change of -5.84%
2025-01-19 15:56:03,202 - INFO - KULR: 1wk change of -25.00%
2025-01-19 15:56:03,289 - INFO - KULR: 1mo change of 93.22%
2025-01-19 15:56:03,289 - INFO - Processing KULR - 2025-01-07 22:20:09 UTC
2025-01-19 15:56:03,345 - INFO - KVUE: 1mo change of -5.47%
2025-01-19 15:56:03,346 - INFO - Processing KVUE - 2025-01-03 14:47:30 UTC
2025-01-19 15:56:03,421 - INFO - Retrieved article length: 7790 characters
2025-01-19 15:56:03,527 - INFO - KURA: 1h change of -6.22%
2025-01-19 15:56:03,617 - INFO - KURA: 1wk change of -12.14%
2025-01-19 15:56:03,706 - INFO - KURA: 1mo change of -51.86%
2025-01-19 15:56:03,707 - INFO - Processing KURA - 2024-12-02 15:30:00 UTC
2025-01-19 15:56:04,007 - INFO - Retrieved article length: 2721 characters
2025-01-19 15:56:04,068 - INFO - Retrieved article length: 6990 characters
2025-01-19 15:56:04,093 - INFO - KULR: 1h change of -27.36%
2025-01-19 15:56:04,178 - INFO - KULR: 1wk change of -40.10%
2025-01-19 15:56:04,267 - INFO - KVUE: 1wk change of -3.29%
2025-01-19 15:56:04,267 - INFO - KULR: 1mo change of 64.03%
2025-01-19 15:56:04,267 - INFO - Processing KULR - 2025-01-07 14:51:52 UTC
2025-01-19 15:56:04,356 - INFO - KVUE: 1mo change of -12.38%
2025-01-19 15:56:04,356 - INFO - Processing KVUE - 2024-12-12 18:53:16 UTC
2025-01-19 15:56:04,555 - INFO - Retrieved article length: 3205 characters
2025-01-19 15:56:04,600 - INFO - Retrieved article length: 489 characters
2025-01-19 15:56:04,645 - INFO - KURA: 1h change of -2.28%
2025-01-19 15:56:04,739 - INFO - KURA: 1wk change of -5.56%
2025-01-19 15:56:04,743 - INFO - KTOS: 1h change of 6.13%
2025-01-19 15:56:04,828 - INFO - KURA: 1mo change of -50.76%
2025-01-19 15:56:04,828 - INFO - Processing KURA - 2024-11-25 15:30:00 UTC
2025-01-19 15:56:04,828 - INFO - KTOS: 1wk change of 22.34%
2025-01-19 15:56:04,920 - INFO - KTOS: 1mo change of 23.47%
2025-01-19 15:56:05,040 - INFO - Processing KVYO - 2025-01-13 11:25:02 UTC
2025-01-19 15:56:05,082 - INFO - Retrieved article length: 7651 characters
2025-01-19 15:56:05,115 - INFO - Retrieved article length: 3167 characters
2025-01-19 15:56:05,123 - INFO - KULR: 1h change of -27.36%
2025-01-19 15:56:05,128 - INFO - KULR: 1wk change of -40.10%
2025-01-19 15:56:05,170 - INFO - KVUE: 1h change of -1.90%
2025-01-19 15:56:05,174 - INFO - KULR: 1mo change of 64.03%
2025-01-19 15:56:05,174 - INFO - Processing KULR - 2025-01-06 14:30:00 UTC
2025-01-19 15:56:05,263 - INFO - KVUE: 1wk change of -10.26%
2025-01-19 15:56:05,362 - INFO - KVUE: 1mo change of -8.44%
2025-01-19 15:56:05,363 - INFO - Processing KVUE - 2024-11-25 14:00:00 UTC
2025-01-19 15:56:05,693 - INFO - Retrieved article length: 2751 characters
2025-01-19 15:56:05,747 - INFO - Retrieved article length: 517 characters
2025-01-19 15:56:05,787 - INFO - KURA: 1h change of -3.07%
2025-01-19 15:56:05,889 - INFO - KURA: 1wk change of -31.28%
2025-01-19 15:56:05,924 - INFO - KVYO: 1wk change of -5.35%
2025-01-19 15:56:05,976 - INFO - KURA: 1mo change of -51.02%
2025-01-19 15:56:05,977 - INFO - Processing KURA - 2024-11-23 18:42:26 UTC
2025-01-19 15:56:06,006 - INFO - Processing KVYO - 2025-01-08 18:58:00 UTC
2025-01-19 15:56:06,025 - INFO - Retrieved article length: 5332 characters
2025-01-19 15:56:06,117 - INFO - KULR: 1h change of -14.86%
2025-01-19 15:56:06,207 - INFO - KULR: 1wk change of -50.64%
2025-01-19 15:56:06,306 - INFO - KULR: 1mo change of 61.70%
2025-01-19 15:56:06,356 - INFO - Retrieved article length: 1520 characters
2025-01-19 15:56:06,427 - INFO - Processing KW - 2024-12-26 14:23:49 UTC
2025-01-19 15:56:06,545 - INFO - KVUE: 1wk change of -2.77%
2025-01-19 15:56:06,641 - INFO - KVUE: 1mo change of -5.24%
2025-01-19 15:56:06,641 - INFO - Processing KVUE - 2024-11-15 17:33:58 UTC
2025-01-19 15:56:06,773 - INFO - Retrieved article length: 5916 characters
2025-01-19 15:56:06,838 - INFO - Retrieved article length: 7261 characters
2025-01-19 15:56:06,857 - INFO - KVYO: 1h change of -3.74%
2025-01-19 15:56:06,928 - INFO - KURA: 1h change of 8.33%
2025-01-19 15:56:06,940 - INFO - KVYO: 1wk change of -3.99%
2025-01-19 15:56:07,020 - INFO - KURA: 1wk change of -36.90%
2025-01-19 15:56:07,024 - INFO - KVYO: 1mo change of 3.13%
2025-01-19 15:56:07,025 - INFO - Processing KVYO - 2025-01-08 18:27:01 UTC
2025-01-19 15:56:07,108 - INFO - KURA: 1mo change of -51.02%
2025-01-19 15:56:07,109 - INFO - Processing KURA - 2024-11-22 13:30:00 UTC
2025-01-19 15:56:07,144 - INFO - Retrieved article length: 4981 characters
2025-01-19 15:56:07,335 - INFO - KW: 1wk change of -7.36%
2025-01-19 15:56:07,372 - INFO - Retrieved article length: 3375 characters
2025-01-19 15:56:07,439 - INFO - KW: 1mo change of -15.12%
2025-01-19 15:56:07,439 - INFO - Processing KW - 2024-12-13 10:15:00 UTC
2025-01-19 15:56:07,466 - INFO - KVUE: 1h change of 1.75%
2025-01-19 15:56:07,616 - INFO - KVUE: 1wk change of 4.57%
2025-01-19 15:56:07,712 - INFO - KVUE: 1mo change of 1.58%
2025-01-19 15:56:07,713 - INFO - Processing KVUE - 2024-11-11 13:07:04 UTC
2025-01-19 15:56:07,813 - INFO - Retrieved article length: 3915 characters
2025-01-19 15:56:07,910 - INFO - KURA: 1h change of -30.92%
2025-01-19 15:56:07,982 - INFO - Retrieved article length: 146 characters
2025-01-19 15:56:07,989 - INFO - KVYO: 1h change of -3.74%
2025-01-19 15:56:07,995 - INFO - KVYO: 1wk change of -3.99%
2025-01-19 15:56:08,044 - INFO - KVYO: 1mo change of 3.13%
2025-01-19 15:56:08,045 - INFO - Processing KVYO - 2025-01-06 16:30:00 UTC
2025-01-19 15:56:08,051 - INFO - KURA: 1wk change of -40.55%
2025-01-19 15:56:08,146 - INFO - KURA: 1mo change of -50.11%
2025-01-19 15:56:08,270 - INFO - Processing KWE - 2025-01-06 16:55:32 UTC
2025-01-19 15:56:08,475 - INFO - Retrieved article length: 11913 characters
2025-01-19 15:56:08,517 - INFO - Retrieved article length: 6629 characters
2025-01-19 15:56:08,562 - INFO - KW: 1h change of -3.64%
2025-01-19 15:56:08,660 - INFO - KW: 1wk change of -10.75%
2025-01-19 15:56:08,707 - INFO - KVUE: 1wk change of 5.53%
2025-01-19 15:56:08,760 - INFO - KW: 1mo change of -21.52%
2025-01-19 15:56:08,760 - INFO - Processing KW - 2024-11-12 19:00:01 UTC
2025-01-19 15:56:08,797 - INFO - KVUE: 1mo change of 1.88%
2025-01-19 15:56:08,797 - INFO - Processing KVUE - 2024-11-10 16:26:43 UTC
2025-01-19 15:56:08,805 - INFO - Retrieved article length: 6613 characters
2025-01-19 15:56:08,895 - INFO - KVYO: 1h change of -2.15%
2025-01-19 15:56:08,984 - INFO - KVYO: 1wk change of -6.06%
2025-01-19 15:56:09,059 - INFO - Retrieved article length: 537 characters
2025-01-19 15:56:09,067 - INFO - KVYO: 1mo change of 7.78%
2025-01-19 15:56:09,067 - INFO - Processing KVYO - 2024-12-29 09:09:53 UTC
2025-01-19 15:56:09,155 - INFO - KWE: 1h change of -6.32%
2025-01-19 15:56:09,246 - INFO - KWE: 1wk change of -9.55%
2025-01-19 15:56:09,340 - INFO - KWE: 1mo change of -22.98%
2025-01-19 15:56:09,340 - INFO - Processing KWE - 2025-01-06 16:45:25 UTC
2025-01-19 15:56:09,569 - INFO - Retrieved article length: 1959 characters
2025-01-19 15:56:09,667 - INFO - KVUE: 1h change of 1.86%
2025-01-19 15:56:09,755 - INFO - KVUE: 1wk change of 4.22%
2025-01-19 15:56:09,757 - INFO - Retrieved article length: 440 characters
2025-01-19 15:56:09,845 - INFO - KW: 1h change of -5.66%
2025-01-19 15:56:09,845 - INFO - KVUE: 1mo change of 1.88%
2025-01-19 15:56:09,849 - INFO - Retrieved article length: 6214 characters
2025-01-19 15:56:09,939 - INFO - KVYO: 1h change of -2.01%
2025-01-19 15:56:09,990 - INFO - Processing KWEB - 2024-11-11 17:00:00 UTC
2025-01-19 15:56:10,023 - INFO - KVYO: 1wk change of -2.48%
2025-01-19 15:56:10,066 - INFO - KW: 1mo change of 2.23%
2025-01-19 15:56:10,066 - INFO - Processing KW - 2024-11-12 14:00:00 UTC
2025-01-19 15:56:10,107 - INFO - KVYO: 1mo change of 7.89%
2025-01-19 15:56:10,108 - INFO - Processing KVYO - 2024-12-20 22:47:41 UTC
2025-01-19 15:56:10,125 - INFO - Retrieved article length: 484 characters
2025-01-19 15:56:10,133 - INFO - KWE: 1h change of -6.32%
2025-01-19 15:56:10,138 - INFO - KWE: 1wk change of -9.55%
2025-01-19 15:56:10,187 - INFO - KWE: 1mo change of -22.98%
2025-01-19 15:56:10,187 - INFO - Processing KWE - 2025-01-06 15:15:00 UTC
2025-01-19 15:56:10,768 - INFO - Retrieved article length: 3534 characters
2025-01-19 15:56:10,827 - INFO - Retrieved article length: 148 characters
2025-01-19 15:56:10,844 - INFO - Retrieved article length: 4854 characters
2025-01-19 15:56:10,854 - INFO - KW: 1h change of -5.66%
2025-01-19 15:56:10,857 - INFO - KWEB: 1h change of -4.54%
2025-01-19 15:56:10,865 - INFO - KW: 1mo change of 2.23%
2025-01-19 15:56:10,865 - INFO - Processing KW - 2024-11-09 15:05:11 UTC
2025-01-19 15:56:10,923 - INFO - KVYO: 1h change of 1.99%
2025-01-19 15:56:10,955 - INFO - KWEB: 1wk change of -2.99%
2025-01-19 15:56:11,007 - INFO - Retrieved article length: 8474 characters
2025-01-19 15:56:11,008 - INFO - KVYO: 1wk change of 10.89%
2025-01-19 15:56:11,015 - INFO - KWE: 1h change of -6.32%
2025-01-19 15:56:11,022 - INFO - KWE: 1wk change of -9.55%
2025-01-19 15:56:11,055 - INFO - KWEB: 1mo change of -18.42%
2025-01-19 15:56:11,055 - INFO - Processing KWEB - 2024-11-05 21:33:22 UTC
2025-01-19 15:56:11,070 - INFO - KWE: 1mo change of -22.98%
2025-01-19 15:56:11,070 - INFO - Processing KWE - 2024-12-30 16:38:00 UTC
2025-01-19 15:56:11,095 - INFO - KVYO: 1mo change of 14.28%
2025-01-19 15:56:11,096 - INFO - Processing KVYO - 2024-12-17 23:09:00 UTC
2025-01-19 15:56:11,868 - INFO - Retrieved article length: 32913 characters
2025-01-19 15:56:11,929 - INFO - Retrieved article length: 2296 characters
2025-01-19 15:56:11,957 - INFO - KWE: 1h change of 11.37%
2025-01-19 15:56:11,989 - INFO - Retrieved article length: 1668 characters
2025-01-19 15:56:12,042 - INFO - KWE: 1wk change of 13.12%
2025-01-19 15:56:12,082 - INFO - KW: 1h change of 4.25%
2025-01-19 15:56:12,129 - INFO - KWEB: 1wk change of -9.25%
2025-01-19 15:56:12,130 - INFO - KWE: 1mo change of -17.33%
2025-01-19 15:56:12,130 - INFO - Processing KWE - 2024-12-17 19:51:00 UTC
2025-01-19 15:56:12,180 - INFO - KW: 1wk change of -3.33%
2025-01-19 15:56:12,236 - INFO - KWEB: 1mo change of -5.13%
2025-01-19 15:56:12,283 - INFO - Processing KW - 2024-11-09 15:03:34 UTC
2025-01-19 15:56:12,420 - INFO - Processing KXIN - 2024-11-13 15:37:19 UTC
2025-01-19 15:56:12,662 - INFO - Retrieved article length: 306 characters
2025-01-19 15:56:12,750 - INFO - KVYO: 1h change of 5.60%
2025-01-19 15:56:12,844 - INFO - KVYO: 1wk change of 7.32%
2025-01-19 15:56:12,921 - INFO - Retrieved article length: 2162 characters
2025-01-19 15:56:12,928 - INFO - KVYO: 1mo change of 9.99%
2025-01-19 15:56:12,928 - INFO - Processing KVYO - 2024-12-17 20:24:24 UTC
2025-01-19 15:56:13,013 - INFO - KWE: 1h change of 6.95%
2025-01-19 15:56:13,029 - INFO - Retrieved article length: 7736 characters
2025-01-19 15:56:13,036 - INFO - KW: 1h change of 4.25%
2025-01-19 15:56:13,041 - INFO - KW: 1wk change of -3.33%
2025-01-19 15:56:13,046 - INFO - Processing KW - 2024-11-08 10:27:12 UTC
2025-01-19 15:56:13,100 - INFO - KWE: 1wk change of -2.09%
2025-01-19 15:56:13,188 - INFO - KWE: 1mo change of -17.11%
2025-01-19 15:56:13,188 - INFO - Processing KWE - 2024-11-14 12:31:09 UTC
2025-01-19 15:56:13,364 - INFO - Retrieved article length: 402 characters
2025-01-19 15:56:13,457 - INFO - KXIN: 1h change of -19.07%
2025-01-19 15:56:13,552 - INFO - KXIN: 1wk change of -44.79%
2025-01-19 15:56:13,647 - INFO - KXIN: 1mo change of -87.52%
2025-01-19 15:56:13,648 - INFO - Processing KXIN - 2024-11-13 15:06:00 UTC
2025-01-19 15:56:13,746 - INFO - Retrieved article length: 148 characters
2025-01-19 15:56:13,755 - INFO - KVYO: 1h change of 5.60%
2025-01-19 15:56:13,761 - INFO - KVYO: 1wk change of 7.32%
2025-01-19 15:56:13,808 - INFO - KVYO: 1mo change of 9.99%
2025-01-19 15:56:13,818 - INFO - Retrieved article length: 5580 characters
2025-01-19 15:56:13,904 - INFO - Retrieved article length: 503 characters
2025-01-19 15:56:13,927 - INFO - Processing KZIA - 2025-01-15 00:00:00 UTC
2025-01-19 15:56:14,004 - INFO - KW: 1wk change of -1.55%
2025-01-19 15:56:14,049 - INFO - KWE: 1h change of -18.52%
2025-01-19 15:56:14,142 - INFO - KW: 1mo change of 2.85%
2025-01-19 15:56:14,142 - INFO - KWE: 1wk change of -6.01%
2025-01-19 15:56:14,142 - INFO - Processing KW - 2024-11-07 00:50:12 UTC
2025-01-19 15:56:14,241 - INFO - KWE: 1mo change of -57.27%
2025-01-19 15:56:14,241 - INFO - Processing KWE - 2024-11-14 02:56:00 UTC
2025-01-19 15:56:14,417 - INFO - Retrieved article length: 4233 characters
2025-01-19 15:56:14,426 - INFO - KXIN: 1h change of -19.07%
2025-01-19 15:56:14,433 - INFO - KXIN: 1wk change of -44.79%
2025-01-19 15:56:14,440 - INFO - KXIN: 1mo change of -87.52%
2025-01-19 15:56:14,440 - INFO - Processing KXIN - 2024-10-23 14:00:00 UTC
2025-01-19 15:56:14,800 - INFO - Retrieved article length: 7729 characters
2025-01-19 15:56:14,811 - INFO - Retrieved article length: 822 characters
2025-01-19 15:56:14,893 - INFO - KZIA: 1h change of -2.67%
2025-01-19 15:56:14,900 - INFO - KW: 1h change of 5.49%
2025-01-19 15:56:14,993 - INFO - KW: 1wk change of -2.79%
%
2025-01-19 15:56:15,079 - INFO - KZIA: 1mo change of -61.31%
2025-01-19 15:56:15,079 - INFO - Processing KZIA - 2025-01-11 18:05:19 UTC
2025-01-19 15:56:15,086 - INFO - Retrieved article length: 6143 characters
2025-01-19 15:56:15,094 - INFO - KWE: 1h change of -18.52%
2025-01-19 15:56:15,097 - INFO - KW: 1mo change of 2.11%
2025-01-19 15:56:15,100 - INFO - KWE: 1wk change of -6.01%
2025-01-19 15:56:15,107 - INFO - KWE: 1mo change of -57.27%
2025-01-19 15:56:15,108 - INFO - Processing KWE - 2024-11-13 05:57:00 UTC
2025-01-19 15:56:15,219 - INFO - Processing KZR - 2024-11-13 20:30:44 UTC
2025-01-19 15:56:15,296 - INFO - Retrieved article length: 4125 characters
2025-01-19 15:56:15,387 - INFO - KXIN: 1h change of -37.35%
2025-01-19 15:56:15,478 - INFO - KXIN: 1wk change of -57.65%
2025-01-19 15:56:15,573 - INFO - KXIN: 1mo change of -51.96%
2025-01-19 15:56:15,908 - INFO - Retrieved article length: 2371 characters
2025-01-19 15:56:15,932 - INFO - Retrieved article length: 10818 characters
2025-01-19 15:56:15,999 - INFO - KZIA: 1h change of 1.12%
2025-01-19 15:56:16,028 - INFO - KWE: 1h change of -13.81%
2025-01-19 15:56:16,066 - INFO - Retrieved article length: 3397 characters
2025-01-19 15:56:16,083 - INFO - KZIA: 1wk change of -18.86%
2025-01-19 15:56:16,122 - INFO - KWE: 1wk change of -6.01%
2025-01-19 15:56:16,158 - INFO - KZR: 1h change of 3.15%
2025-01-19 15:56:16,169 - INFO - KZIA: 1mo change of -61.62%
2025-01-19 15:56:16,169 - INFO - Processing KZIA - 2025-01-10 19:24:08 UTC
2025-01-19 15:56:16,214 - INFO - KWE: 1mo change of -44.37%
2025-01-19 15:56:16,242 - INFO - KZR: 1wk change of 5.78%
2025-01-19 15:56:16,337 - INFO - KZR: 1mo change of -24.19%
2025-01-19 15:56:16,338 - INFO - Processing KZR - 2024-11-13 00:01:00 UTC
2025-01-19 15:56:17,006 - INFO - Retrieved article length: 514 characters
2025-01-19 15:56:17,096 - INFO - KZIA: 1h change of -11.48%
2025-01-19 15:56:17,181 - INFO - KZIA: 1wk change of -19.77%
2025-01-19 15:56:17,197 - INFO - Retrieved article length: 11695 characters
2025-01-19 15:56:17,205 - INFO - KZR: 1h change of 3.15%
2025-01-19 15:56:17,211 - INFO - KZR: 1wk change of 5.78%
2025-01-19 15:56:17,218 - INFO - KZR: 1mo change of -24.19%
2025-01-19 15:56:17,219 - INFO - Processing KZR - 2024-10-28 17:35:49 UTC
2025-01-19 15:56:17,267 - INFO - KZIA: 1mo change of -67.58%
2025-01-19 15:56:17,268 - INFO - Processing KZIA - 2025-01-10 17:58:00 UTC
2025-01-19 15:56:18,078 - INFO - Retrieved article length: 459 characters
2025-01-19 15:56:18,207 - INFO - Retrieved article length: 8090 characters
2025-01-19 15:56:18,215 - INFO - KZIA: 1h change of -11.48%
2025-01-19 15:56:18,253 - INFO - KZR: 1wk change of -9.39%
2025-01-19 15:56:18,262 - INFO - KZIA: 1wk change of -19.77%
2025-01-19 15:56:18,309 - INFO - KZIA: 1mo change of -67.58%
2025-01-19 15:56:18,309 - INFO - Processing KZIA - 2024-12-31 20:34:54 UTC
2025-01-19 15:56:18,343 - INFO - KZR: 1mo change of 31.05%
2025-01-19 15:56:18,343 - INFO - Processing KZR - 2024-10-28 15:30:00 UTC
2025-01-19 15:56:19,093 - INFO - Retrieved article length: 2855 characters
2025-01-19 15:56:19,179 - INFO - Retrieved article length: 3666 characters
2025-01-19 15:56:19,184 - INFO - KZIA: 1h change of -43.49%
2025-01-19 15:56:19,194 - INFO - KZR: 1wk change of -9.39%
2025-01-19 15:56:19,202 - INFO - KZR: 1mo change of 31.05%
2025-01-19 15:56:19,268 - INFO - KZIA: 1wk change of -43.10%
2025-01-19 15:56:19,355 - INFO - KZIA: 1mo change of -74.55%
2025-01-19 15:56:19,355 - INFO - Processing KZIA - 2024-12-31 18:47:33 UTC
2025-01-19 15:56:20,167 - INFO - Retrieved article length: 544 characters
2025-01-19 15:56:20,175 - INFO - KZIA: 1h change of -43.49%
2025-01-19 15:56:20,182 - INFO - KZIA: 1wk change of -43.10%
2025-01-19 15:56:20,243 - INFO - KZIA: 1mo change of -74.55%
2025-01-19 15:56:20,243 - INFO - Processing KZIA - 2024-12-31 16:44:26 UTC
2025-01-19 15:56:21,145 - INFO - Retrieved article length: 539 characters
2025-01-19 15:56:21,153 - INFO - KZIA: 1h change of -43.49%
2025-01-19 15:56:21,159 - INFO - KZIA: 1wk change of -43.10%
2025-01-19 15:56:21,207 - INFO - KZIA: 1mo change of -74.55%
2025-01-19 15:56:21,207 - INFO - Processing KZIA - 2024-12-31 16:00:00 UTC
2025-01-19 15:56:21,945 - INFO - Retrieved article length: 7491 characters
2025-01-19 15:56:21,953 - INFO - KZIA: 1h change of -43.49%
2025-01-19 15:56:21,960 - INFO - KZIA: 1wk change of -43.10%
2025-01-19 15:56:22,007 - INFO - KZIA: 1mo change of -74.55%
