2025-01-19 15:33:35,791 - INFO - Starting new training session. Logging to: logs/training_20250119_153335.log
2025-01-19 15:33:35,791 - INFO - Starting new training session. Logging to: logs/training_20250119_153335.log
2025-01-19 15:33:35,799 - INFO - Starting new training session. Logging to: logs/training_20250119_153335.log
2025-01-19 15:33:35,818 - INFO - Starting new training session. Logging to: logs/training_20250119_153335.log
2025-01-19 15:33:36,429 - INFO - Processing DNB - 2024-12-12 00:10:00 UTC
2025-01-19 15:33:36,448 - INFO - Processing DNP - 2025-01-10 01:00:00 UTC
2025-01-19 15:33:36,460 - INFO - Processing DNOW - 2025-01-13 12:04:21 UTC
2025-01-19 15:33:36,481 - INFO - Processing DNLI - 2025-01-17 19:18:02 UTC
2025-01-19 15:33:37,161 - INFO - Retrieved article length: 6166 characters
2025-01-19 15:33:37,278 - INFO - DNLI: 1h change of 2.72%
2025-01-19 15:33:37,313 - INFO - Retrieved article length: 4084 characters
2025-01-19 15:33:37,314 - INFO - Retrieved article length: 3497 characters
2025-01-19 15:33:37,339 - INFO - Retrieved article length: 4591 characters
2025-01-19 15:33:37,360 - INFO - DNLI: 1wk change of 3.54%
2025-01-19 15:33:37,438 - INFO - DNP: 1h change of 1.55%
2025-01-19 15:33:37,443 - INFO - DNLI: 1mo change of -4.53%
2025-01-19 15:33:37,443 - INFO - Processing DNLI - 2025-01-13 16:00:00 UTC
2025-01-19 15:33:37,446 - INFO - DNOW: 1h change of 3.27%
2025-01-19 15:33:37,547 - INFO - DNOW: 1wk change of 4.65%
2025-01-19 15:33:37,548 - INFO - DNB: 1wk change of -2.06%
2025-01-19 15:33:37,564 - INFO - DNP: 1wk change of 6.46%
2025-01-19 15:33:37,639 - INFO - DNB: 1mo change of -7.74%
2025-01-19 15:33:37,640 - INFO - Processing DNB - 2024-11-22 19:07:53 UTC
2025-01-19 15:33:37,642 - INFO - DNOW: 1mo change of -7.05%
2025-01-19 15:33:37,643 - INFO - Processing DNOW - 2024-11-26 14:45:00 UTC
2025-01-19 15:33:37,709 - INFO - Processing DNP - 2024-12-17 01:00:00 UTC
2025-01-19 15:33:38,132 - INFO - Retrieved article length: 13237 characters
2025-01-19 15:33:38,221 - INFO - DNLI: 1h change of -2.19%
2025-01-19 15:33:38,305 - INFO - DNLI: 1wk change of 3.15%
2025-01-19 15:33:38,354 - INFO - Retrieved article length: 6247 characters
2025-01-19 15:33:38,376 - INFO - Retrieved article length: 3435 characters
2025-01-19 15:33:38,387 - INFO - DNLI: 1mo change of -12.14%
2025-01-19 15:33:38,388 - INFO - Processing DNLI - 2025-01-09 19:20:00 UTC
2025-01-19 15:33:38,440 - INFO - DNB: 1h change of 3.28%
2025-01-19 15:33:38,533 - INFO - DNB: 1wk change of 1.68%
2025-01-19 15:33:38,577 - INFO - DNOW: 1wk change of 3.19%
2025-01-19 15:33:38,625 - INFO - DNB: 1mo change of 7.27%
2025-01-19 15:33:38,625 - INFO - Processing DNB - 2024-11-20 00:10:00 UTC
2025-01-19 15:33:38,675 - INFO - DNOW: 1mo change of 6.87%
2025-01-19 15:33:38,676 - INFO - Processing DNOW - 2024-11-08 12:17:00 UTC
2025-01-19 15:33:38,694 - INFO - Retrieved article length: 4571 characters
2025-01-19 15:33:38,786 - INFO - DNP: 1h change of -5.05%
2025-01-19 15:33:38,910 - INFO - DNP: 1wk change of -4.16%
2025-01-19 15:33:39,050 - INFO - DNP: 1mo change of 1.74%
2025-01-19 15:33:39,134 - INFO - Retrieved article length: 5831 characters
2025-01-19 15:33:39,196 - INFO - Processing DNTH - 2025-01-08 15:00:00 UTC
2025-01-19 15:33:39,224 - INFO - DNLI: 1h change of -8.34%
2025-01-19 15:33:39,309 - INFO - DNLI: 1wk change of 8.35%
2025-01-19 15:33:39,390 - INFO - DNLI: 1mo change of -5.96%
2025-01-19 15:33:39,390 - INFO - Processing DNLI - 2025-01-08 18:51:44 UTC
2025-01-19 15:33:39,420 - INFO - Retrieved article length: 6790 characters
2025-01-19 15:33:39,453 - INFO - Retrieved article length: 6042 characters
2025-01-19 15:33:39,522 - INFO - DNOW: 1h change of 6.99%
2025-01-19 15:33:39,541 - INFO - DNB: 1h change of 2.35%
2025-01-19 15:33:39,637 - INFO - DNOW: 1wk change of 23.35%
2025-01-19 15:33:39,730 - INFO - DNB: 1mo change of 7.51%
2025-01-19 15:33:39,730 - INFO - Processing DNB - 2024-11-09 15:14:12 UTC
2025-01-19 15:33:39,736 - INFO - DNOW: 1mo change of 14.92%
2025-01-19 15:33:39,737 - INFO - Processing DNOW - 2024-11-07 15:34:06 UTC
2025-01-19 15:33:39,953 - INFO - Retrieved article length: 1644 characters
2025-01-19 15:33:40,044 - INFO - DNTH: 1h change of -6.21%
2025-01-19 15:33:40,128 - INFO - DNTH: 1wk change of -6.98%
2025-01-19 15:33:40,179 - INFO - Retrieved article length: 526 characters
2025-01-19 15:33:40,211 - INFO - DNTH: 1mo change of -18.96%
2025-01-19 15:33:40,211 - INFO - Processing DNTH - 2024-11-10 16:05:43 UTC
2025-01-19 15:33:40,266 - INFO - DNLI: 1h change of 3.73%
2025-01-19 15:33:40,351 - INFO - DNLI: 1wk change of 8.35%
2025-01-19 15:33:40,449 - INFO - DNLI: 1mo change of -7.47%
2025-01-19 15:33:40,449 - INFO - Processing DNLI - 2025-01-08 16:00:00 UTC
2025-01-19 15:33:40,573 - INFO - Retrieved article length: 6800 characters
2025-01-19 15:33:40,594 - INFO - Retrieved article length: 4058 characters
2025-01-19 15:33:40,676 - INFO - DNOW: 1h change of 18.96%
2025-01-19 15:33:40,680 - INFO - DNB: 1h change of 1.07%
2025-01-19 15:33:40,770 - INFO - DNB: 1wk change of 11.44%
2025-01-19 15:33:40,771 - INFO - DNOW: 1wk change of 19.95%
2025-01-19 15:33:40,860 - INFO - DNB: 1mo change of 9.77%
2025-01-19 15:33:40,860 - INFO - Processing DNB - 2024-11-01 13:14:58 UTC
2025-01-19 15:33:40,866 - INFO - DNOW: 1mo change of 18.95%
2025-01-19 15:33:40,866 - INFO - Processing DNOW - 2024-11-07 14:45:00 UTC
2025-01-19 15:33:40,912 - INFO - Retrieved article length: 1915 characters
2025-01-19 15:33:41,004 - INFO - DNTH: 1h change of -6.67%
2025-01-19 15:33:41,087 - INFO - DNTH: 1wk change of -20.06%
2025-01-19 15:33:41,168 - INFO - DNTH: 1mo change of -10.08%
2025-01-19 15:33:41,168 - INFO - Processing DNTH - 2024-11-08 00:01:00 UTC
2025-01-19 15:33:41,192 - INFO - Retrieved article length: 8622 characters
2025-01-19 15:33:41,200 - INFO - DNLI: 1h change of 3.73%
2025-01-19 15:33:41,205 - INFO - DNLI: 1wk change of 8.35%
2025-01-19 15:33:41,259 - INFO - DNLI: 1mo change of -7.47%
2025-01-19 15:33:41,259 - INFO - Processing DNLI - 2025-01-08 15:25:39 UTC
2025-01-19 15:33:41,537 - INFO - Retrieved article length: 2036 characters
2025-01-19 15:33:41,623 - INFO - DNB: 1h change of 8.27%
2025-01-19 15:33:41,713 - INFO - DNB: 1wk change of 11.38%
2025-01-19 15:33:41,811 - INFO - DNB: 1mo change of 9.28%
2025-01-19 15:33:41,811 - INFO - Processing DNB - 2024-11-01 10:07:24 UTC
2025-01-19 15:33:41,832 - INFO - Retrieved article length: 11362 characters
2025-01-19 15:33:41,841 - INFO - DNOW: 1h change of 18.96%
2025-01-19 15:33:41,846 - INFO - DNOW: 1wk change of 19.95%
2025-01-19 15:33:41,851 - INFO - DNOW: 1mo change of 18.95%
2025-01-19 15:33:41,851 - INFO - Processing DNOW - 2024-11-06 10:18:16 UTC
2025-01-19 15:33:41,927 - INFO - Retrieved article length: 1709 characters
2025-01-19 15:33:41,935 - INFO - DNLI: 1h change of 3.73%
2025-01-19 15:33:41,942 - INFO - DNLI: 1wk change of 8.35%
2025-01-19 15:33:41,995 - INFO - DNLI: 1mo change of -7.47%
2025-01-19 15:33:41,995 - INFO - Processing DNLI - 2025-01-08 00:33:00 UTC
2025-01-19 15:33:42,129 - INFO - Retrieved article length: 14885 characters
2025-01-19 15:33:42,345 - INFO - DNTH: 1wk change of -15.82%
2025-01-19 15:33:42,435 - INFO - DNTH: 1mo change of -16.07%
2025-01-19 15:33:42,436 - INFO - Processing DNTH - 2024-11-04 15:00:00 UTC
2025-01-19 15:33:42,490 - INFO - Retrieved article length: 5550 characters
2025-01-19 15:33:42,500 - INFO - DNB: 1h change of 8.27%
2025-01-19 15:33:42,505 - INFO - DNB: 1wk change of 11.38%
2025-01-19 15:33:42,512 - INFO - DNB: 1mo change of 9.28%
2025-01-19 15:33:42,512 - INFO - Processing DNB - 2024-11-01 08:47:18 UTC
2025-01-19 15:33:42,692 - INFO - Retrieved article length: 253 characters
2025-01-19 15:33:42,700 - INFO - DNLI: 1h change of 3.73%
2025-01-19 15:33:42,707 - INFO - DNLI: 1wk change of 8.35%
2025-01-19 15:33:42,760 - INFO - DNLI: 1mo change of -7.47%
2025-01-19 15:33:42,760 - INFO - Processing DNLI - 2025-01-08 00:08:11 UTC
2025-01-19 15:33:42,764 - INFO - Retrieved article length: 2418 characters
2025-01-19 15:33:42,866 - INFO - DNOW: 1h change of 16.05%
2025-01-19 15:33:42,965 - INFO - DNOW: 1wk change of 19.95%
2025-01-19 15:33:43,067 - INFO - DNOW: 1mo change of 16.71%
2025-01-19 15:33:43,201 - INFO - Processing DNUT - 2025-01-17 12:01:45 UTC
2025-01-19 15:33:43,204 - INFO - Retrieved article length: 1874 characters
2025-01-19 15:33:43,243 - INFO - Retrieved article length: 44603 characters
2025-01-19 15:33:43,253 - INFO - DNB: 1h change of 8.27%
2025-01-19 15:33:43,258 - INFO - DNB: 1wk change of 11.38%
2025-01-19 15:33:43,266 - INFO - DNB: 1mo change of 9.28%
2025-01-19 15:33:43,266 - INFO - Processing DNB - 2024-11-01 03:00:02 UTC
2025-01-19 15:33:43,292 - INFO - DNTH: 1h change of 2.31%
2025-01-19 15:33:43,378 - INFO - DNTH: 1wk change of -4.91%
2025-01-19 15:33:43,467 - INFO - DNTH: 1mo change of -10.92%
2025-01-19 15:33:43,546 - INFO - Retrieved article length: 149 characters
2025-01-19 15:33:43,554 - INFO - DNLI: 1h change of 3.73%
2025-01-19 15:33:43,560 - INFO - DNLI: 1wk change of 8.35%
2025-01-19 15:33:43,580 - INFO - Processing DOC - 2025-01-16 00:15:00 UTC
2025-01-19 15:33:43,613 - INFO - DNLI: 1mo change of -7.47%
2025-01-19 15:33:43,730 - INFO - Processing DOCN - 2025-01-19 02:49:36 UTC
2025-01-19 15:33:44,014 - INFO - Retrieved article length: 3353 characters
2025-01-19 15:33:44,022 - INFO - DNB: 1h change of 8.27%
2025-01-19 15:33:44,028 - INFO - DNB: 1wk change of 11.38%
2025-01-19 15:33:44,036 - INFO - DNB: 1mo change of 9.28%
2025-01-19 15:33:44,050 - INFO - Retrieved article length: 5992 characters
2025-01-19 15:33:44,163 - INFO - DNUT: 1h change of -4.29%
2025-01-19 15:33:44,195 - INFO - Processing DOCS - 2025-01-17 00:01:00 UTC
2025-01-19 15:33:44,263 - INFO - DNUT: 1wk change of -11.55%
2025-01-19 15:33:44,310 - INFO - Retrieved article length: 3303 characters
2025-01-19 15:33:44,361 - INFO - DNUT: 1mo change of -13.16%
2025-01-19 15:33:44,361 - INFO - Processing DNUT - 2025-01-16 12:04:08 UTC
2025-01-19 15:33:44,442 - INFO - DOC: 1h change of 3.08%
2025-01-19 15:33:44,456 - INFO - Retrieved article length: 3163 characters
2025-01-19 15:33:44,558 - INFO - DOCN: 1h change of 1.32%
2025-01-19 15:33:44,582 - INFO - DOC: 1wk change of 3.80%
2025-01-19 15:33:44,650 - INFO - DOCN: 1wk change of 6.20%
2025-01-19 15:33:44,710 - INFO - Processing DOC - 2025-01-09 17:00:13 UTC
2025-01-19 15:33:44,736 - INFO - DOCN: 1mo change of -4.34%
2025-01-19 15:33:44,736 - INFO - Processing DOCN - 2025-01-18 12:25:00 UTC
2025-01-19 15:33:44,930 - INFO - Retrieved article length: 1684 characters
2025-01-19 15:33:45,020 - INFO - DOCS: 1h change of 2.44%
2025-01-19 15:33:45,100 - INFO - DOCS: 1wk change of -3.17%
2025-01-19 15:33:45,102 - INFO - Retrieved article length: 5933 characters
2025-01-19 15:33:45,187 - INFO - DOCS: 1mo change of 3.03%
2025-01-19 15:33:45,187 - INFO - Processing DOCS - 2025-01-16 16:05:48 UTC
2025-01-19 15:33:45,208 - INFO - DNUT: 1h change of -3.60%
2025-01-19 15:33:45,309 - INFO - DNUT: 1wk change of -11.46%
2025-01-19 15:33:45,412 - INFO - DNUT: 1mo change of -14.80%
2025-01-19 15:33:45,412 - INFO - Processing DNUT - 2025-01-14 12:01:45 UTC
2025-01-19 15:33:45,479 - INFO - Retrieved article length: 5613 characters
2025-01-19 15:33:45,538 - INFO - Retrieved article length: 3071 characters
2025-01-19 15:33:45,623 - INFO - DOC: 1h change of -1.80%
2025-01-19 15:33:45,654 - INFO - DOCN: 1wk change of 4.79%
2025-01-19 15:33:45,739 - INFO - DOCN: 1mo change of -4.34%
2025-01-19 15:33:45,739 - INFO - Processing DOCN - 2025-01-17 15:26:33 UTC
2025-01-19 15:33:45,753 - INFO - DOC: 1wk change of 4.00%
2025-01-19 15:33:45,881 - INFO - DOC: 1mo change of -3.30%
2025-01-19 15:33:45,881 - INFO - Processing DOC - 2025-01-08 00:15:00 UTC
2025-01-19 15:33:46,016 - INFO - Retrieved article length: 5117 characters
2025-01-19 15:33:46,112 - INFO - DOCS: 1h change of 4.39%
2025-01-19 15:33:46,199 - INFO - Retrieved article length: 6181 characters
2025-01-19 15:33:46,200 - INFO - DOCS: 1wk change of -3.33%
2025-01-19 15:33:46,282 - INFO - DOCS: 1mo change of 1.94%
2025-01-19 15:33:46,283 - INFO - Processing DOCS - 2025-01-14 12:06:44 UTC
2025-01-19 15:33:46,299 - INFO - DNUT: 1h change of -1.11%
2025-01-19 15:33:46,398 - INFO - DNUT: 1wk change of -11.46%
2025-01-19 15:33:46,446 - INFO - Retrieved article length: 511 characters
2025-01-19 15:33:46,496 - INFO - DNUT: 1mo change of -15.13%
2025-01-19 15:33:46,496 - INFO - Processing DNUT - 2025-01-10 14:23:00 UTC
2025-01-19 15:33:46,543 - INFO - DOCN: 1h change of 4.57%
2025-01-19 15:33:46,641 - INFO - DOCN: 1wk change of 3.44%
2025-01-19 15:33:46,691 - INFO - Retrieved article length: 1844 characters
2025-01-19 15:33:46,730 - INFO - DOCN: 1mo change of -5.25%
2025-01-19 15:33:46,730 - INFO - Processing DOCN - 2025-01-16 19:10:59 UTC
2025-01-19 15:33:46,903 - INFO - DOC: 1wk change of 4.00%
2025-01-19 15:33:47,030 - INFO - DOC: 1mo change of -2.44%
2025-01-19 15:33:47,031 - INFO - Processing DOC - 2025-01-02 18:40:33 UTC
2025-01-19 15:33:47,164 - INFO - Retrieved article length: 5886 characters
2025-01-19 15:33:47,259 - INFO - DOCS: 1h change of 7.21%
2025-01-19 15:33:47,271 - INFO - Retrieved article length: 6464 characters
2025-01-19 15:33:47,344 - INFO - DOCS: 1wk change of -3.33%
2025-01-19 15:33:47,371 - INFO - DNUT: 1h change of -1.49%
2025-01-19 15:33:47,426 - INFO - DOCS: 1mo change of 1.55%
2025-01-19 15:33:47,427 - INFO - Processing DOCS - 2025-01-08 15:23:31 UTC
2025-01-19 15:33:47,472 - INFO - DNUT: 1wk change of -13.60%
2025-01-19 15:33:47,529 - INFO - Retrieved article length: 2399 characters
2025-01-19 15:33:47,572 - INFO - DNUT: 1mo change of -16.13%
2025-01-19 15:33:47,572 - INFO - Processing DNUT - 2025-01-10 13:02:29 UTC
2025-01-19 15:33:47,628 - INFO - DOCN: 1h change of 6.16%
2025-01-19 15:33:47,718 - INFO - DOCN: 1wk change of 1.49%
2025-01-19 15:33:47,801 - INFO - DOCN: 1mo change of -8.23%
2025-01-19 15:33:47,801 - INFO - Processing DOCN - 2025-01-16 18:40:04 UTC
2025-01-19 15:33:47,802 - INFO - Retrieved article length: 1687 characters
2025-01-19 15:33:47,893 - INFO - DOC: 1h change of 1.06%
2025-01-19 15:33:48,022 - INFO - DOC: 1wk change of -2.58%
2025-01-19 15:33:48,176 - INFO - DOC: 1mo change of -5.50%
2025-01-19 15:33:48,177 - INFO - Processing DOC - 2024-12-11 15:30:53 UTC
2025-01-19 15:33:48,221 - INFO - Retrieved article length: 515 characters
2025-01-19 15:33:48,380 - INFO - Retrieved article length: 2618 characters
2025-01-19 15:33:48,389 - INFO - DNUT: 1h change of -1.49%
2025-01-19 15:33:48,432 - INFO - Retrieved article length: 2427 characters
2025-01-19 15:33:48,442 - INFO - DOCN: 1h change of 6.16%
2025-01-19 15:33:48,455 - INFO - DNUT: 1wk change of -13.60%
2025-01-19 15:33:48,477 - INFO - Processing DOCS - 2025-01-08 02:15:23 UTC
2025-01-19 15:33:48,496 - INFO - DOCN: 1wk change of 1.49%
2025-01-19 15:33:48,523 - INFO - DNUT: 1mo change of -16.13%
2025-01-19 15:33:48,523 - INFO - Processing DNUT - 2025-01-10 12:00:00 UTC
2025-01-19 15:33:48,549 - INFO - DOCN: 1mo change of -8.23%
2025-01-19 15:33:48,550 - INFO - Processing DOCN - 2025-01-16 17:12:00 UTC
2025-01-19 15:33:48,873 - INFO - Retrieved article length: 1324 characters
2025-01-19 15:33:48,963 - INFO - DOC: 1h change of -2.91%
2025-01-19 15:33:49,096 - INFO - DOC: 1wk change of -7.07%
2025-01-19 15:33:49,222 - INFO - DOC: 1mo change of -9.81%
2025-01-19 15:33:49,222 - INFO - Processing DOC - 2024-12-10 00:15:00 UTC
2025-01-19 15:33:49,274 - INFO - Retrieved article length: 3488 characters
2025-01-19 15:33:49,283 - INFO - DNUT: 1h change of -1.49%
2025-01-19 15:33:49,340 - INFO - Retrieved article length: 2712 characters
2025-01-19 15:33:49,347 - INFO - DNUT: 1wk change of -13.60%
2025-01-19 15:33:49,350 - INFO - DOCN: 1h change of 6.16%
2025-01-19 15:33:49,403 - INFO - DOCN: 1wk change of 1.49%
2025-01-19 15:33:49,413 - INFO - DNUT: 1mo change of -16.13%
2025-01-19 15:33:49,413 - INFO - Processing DNUT - 2025-01-09 16:48:51 UTC
2025-01-19 15:33:49,455 - INFO - DOCN: 1mo change of -8.23%
2025-01-19 15:33:49,455 - INFO - Processing DOCN - 2025-01-16 14:18:45 UTC
2025-01-19 15:33:49,881 - INFO - Retrieved article length: 3551 characters
2025-01-19 15:33:49,926 - INFO - Retrieved article length: 2362 characters
2025-01-19 15:33:49,945 - INFO - Processing DOCS - 2025-01-06 21:28:00 UTC
2025-01-19 15:33:50,013 - INFO - DOC: 1h change of -1.43%
2025-01-19 15:33:50,131 - INFO - DOC: 1wk change of -8.73%
2025-01-19 15:33:50,152 - INFO - Retrieved article length: 550 characters
2025-01-19 15:33:50,161 - INFO - DOCN: 1h change of 6.16%
2025-01-19 15:33:50,217 - INFO - DOCN: 1wk change of 1.49%
2025-01-19 15:33:50,257 - INFO - DOC: 1mo change of -11.15%
2025-01-19 15:33:50,259 - INFO - Processing DOC - 2024-11-19 00:15:00 UTC
2025-01-19 15:33:50,270 - INFO - DOCN: 1mo change of -8.23%
2025-01-19 15:33:50,270 - INFO - Processing DOCN - 2025-01-14 12:17:00 UTC
2025-01-19 15:33:50,358 - INFO - Retrieved article length: 474 characters
2025-01-19 15:33:50,456 - INFO - DNUT: 1h change of -4.59%
2025-01-19 15:33:50,565 - INFO - DNUT: 1wk change of -10.16%
2025-01-19 15:33:50,663 - INFO - DNUT: 1mo change of -17.74%
2025-01-19 15:33:50,663 - INFO - Processing DNUT - 2025-01-09 16:00:00 UTC
2025-01-19 15:33:50,752 - INFO - Retrieved article length: 5309 characters
2025-01-19 15:33:50,922 - INFO - DOCS: 1wk change of -8.32%
2025-01-19 15:33:50,957 - INFO - Retrieved article length: 5441 characters
2025-01-19 15:33:51,005 - INFO - Processing DOCS - 2025-01-06 19:44:34 UTC
2025-01-19 15:33:51,036 - INFO - Retrieved article length: 1672 characters
2025-01-19 15:33:51,044 - INFO - DOCN: 1h change of 2.61%
2025-01-19 15:33:51,120 - INFO - DOC: 1h change of 3.63%
2025-01-19 15:33:51,125 - INFO - DOCN: 1wk change of 1.49%
2025-01-19 15:33:51,212 - INFO - DOCN: 1mo change of -5.64%
2025-01-19 15:33:51,332 - INFO - Processing DOCU - 2025-01-18 15:30:00 UTC
2025-01-19 15:33:51,364 - INFO - DOC: 1mo change of -8.34%
2025-01-19 15:33:51,364 - INFO - Processing DOC - 2024-11-04 16:00:00 UTC
2025-01-19 15:33:51,486 - INFO - Retrieved article length: 3213 characters
2025-01-19 15:33:51,494 - INFO - DNUT: 1h change of -4.59%
2025-01-19 15:33:51,500 - INFO - DNUT: 1wk change of -10.16%
2025-01-19 15:33:51,570 - INFO - DNUT: 1mo change of -17.74%
2025-01-19 15:33:51,795 - INFO - Retrieved article length: 500 characters
2025-01-19 15:33:51,809 - INFO - DOCS: 1wk change of -8.32%
2025-01-19 15:33:51,844 - INFO - Processing DOGZ - 2024-11-03 17:05:45 UTC
2025-01-19 15:33:51,861 - INFO - Processing DOCS - 2025-01-06 17:34:00 UTC
2025-01-19 15:33:51,998 - INFO - Retrieved article length: 9468 characters
2025-01-19 15:33:52,094 - INFO - DOCU: 1h change of -1.06%
2025-01-19 15:33:52,257 - INFO - DOCU: 1mo change of -8.41%
2025-01-19 15:33:52,257 - INFO - Processing DOCU - 2025-01-17 01:50:20 UTC
2025-01-19 15:33:52,299 - INFO - Retrieved article length: 1089 characters
2025-01-19 15:33:52,386 - INFO - DOC: 1h change of 1.88%
2025-01-19 15:33:52,545 - INFO - DOC: 1wk change of -1.53%
2025-01-19 15:33:52,551 - INFO - Retrieved article length: 12295 characters
2025-01-19 15:33:52,565 - INFO - DOCS: 1wk change of -8.32%
2025-01-19 15:33:52,666 - INFO - DOC: 1mo change of -5.22%
2025-01-19 15:33:52,668 - INFO - Retrieved article length: 4133 characters
2025-01-19 15:33:52,765 - INFO - Processing DOMH - 2024-11-11 16:00:00 UTC
2025-01-19 15:33:52,772 - INFO - DOGZ: 1h change of -12.87%
2025-01-19 15:33:52,825 - INFO - Processing DOUG - 2025-01-16 20:05:00 UTC
2025-01-19 15:33:52,868 - INFO - DOGZ: 1wk change of -29.81%
2025-01-19 15:33:52,967 - INFO - DOGZ: 1mo change of 99.12%
2025-01-19 15:33:53,094 - INFO - Retrieved article length: 3617 characters
2025-01-19 15:33:53,105 - INFO - Processing DOV - 2025-01-17 19:59:00 UTC
2025-01-19 15:33:53,189 - INFO - DOCU: 1h change of -2.24%
2025-01-19 15:33:53,272 - INFO - DOCU: 1wk change of 1.52%
2025-01-19 15:33:53,356 - INFO - DOCU: 1mo change of -5.17%
2025-01-19 15:33:53,357 - INFO - Processing DOCU - 2025-01-16 17:00:20 UTC
2025-01-19 15:33:53,472 - INFO - Retrieved article length: 4652 characters
2025-01-19 15:33:53,494 - INFO - Retrieved article length: 139 characters
2025-01-19 15:33:53,560 - INFO - DOMH: 1h change of -4.76%
2025-01-19 15:33:53,589 - INFO - DOUG: 1h change of 11.95%
2025-01-19 15:33:53,646 - INFO - DOMH: 1wk change of -7.10%
2025-01-19 15:33:53,674 - INFO - DOUG: 1wk change of 5.29%
2025-01-19 15:33:53,732 - INFO - DOMH: 1mo change of -19.79%
2025-01-19 15:33:53,732 - INFO - Processing DOMH - 2024-11-10 16:33:57 UTC
2025-01-19 15:33:53,760 - INFO - DOUG: 1mo change of -12.25%
2025-01-19 15:33:53,761 - INFO - Processing DOUG - 2025-01-16 00:10:00 UTC
2025-01-19 15:33:53,824 - INFO - Retrieved article length: 5408 characters
2025-01-19 15:33:53,932 - INFO - DOV: 1h change of 1.73%
2025-01-19 15:33:54,081 - INFO - DOV: 1wk change of 3.78%
2025-01-19 15:33:54,172 - INFO - Retrieved article length: 5877 characters
2025-01-19 15:33:54,228 - INFO - DOV: 1mo change of -2.95%
2025-01-19 15:33:54,228 - INFO - Processing DOV - 2025-01-17 00:15:00 UTC
2025-01-19 15:33:54,266 - INFO - DOCU: 1h change of -2.83%
2025-01-19 15:33:54,351 - INFO - DOCU: 1wk change of -1.71%
2025-01-19 15:33:54,436 - INFO - DOCU: 1mo change of -5.21%
2025-01-19 15:33:54,436 - INFO - Processing DOCU - 2025-01-13 21:03:40 UTC
2025-01-19 15:33:54,522 - INFO - Retrieved article length: 1675 characters
2025-01-19 15:33:54,573 - INFO - Retrieved article length: 137 characters
2025-01-19 15:33:54,583 - INFO - DOUG: 1h change of 11.95%
2025-01-19 15:33:54,607 - INFO - DOMH: 1h change of 6.06%
2025-01-19 15:33:54,634 - INFO - DOUG: 1wk change of 5.29%
2025-01-19 15:33:54,688 - INFO - DOUG: 1mo change of -12.25%
2025-01-19 15:33:54,688 - INFO - Processing DOUG - 2025-01-03 05:00:00 UTC
2025-01-19 15:33:54,690 - INFO - DOMH: 1wk change of -4.12%
2025-01-19 15:33:54,773 - INFO - DOMH: 1mo change of -19.79%
2025-01-19 15:33:54,963 - INFO - Processing DOW - 2025-01-15 02:15:23 UTC
2025-01-19 15:33:55,146 - INFO - Retrieved article length: 4600 characters
2025-01-19 15:33:55,156 - INFO - DOV: 1h change of 1.73%
2025-01-19 15:33:55,163 - INFO - Retrieved article length: 5863 characters
2025-01-19 15:33:55,224 - INFO - DOV: 1wk change of 3.78%
2025-01-19 15:33:55,291 - INFO - DOV: 1mo change of -2.95%
2025-01-19 15:33:55,291 - INFO - Processing DOV - 2025-01-15 20:10:15 UTC
2025-01-19 15:33:55,450 - INFO - DOCU: 1mo change of -12.38%
2025-01-19 15:33:55,450 - INFO - Processing DOCU - 2025-01-13 16:30:00 UTC
2025-01-19 15:33:55,472 - INFO - Retrieved article length: 156 characters
2025-01-19 15:33:55,562 - INFO - DOUG: 1h change of 1.80%
2025-01-19 15:33:55,645 - INFO - DOUG: 1wk change of -3.68%
2025-01-19 15:33:55,662 - INFO - Retrieved article length: 3500 characters
2025-01-19 15:33:55,728 - INFO - DOUG: 1mo change of -29.53%
2025-01-19 15:33:55,728 - INFO - Processing DOUG - 2025-01-02 15:00:00 UTC
2025-01-19 15:33:55,751 - INFO - DOW: 1h change of 5.00%
2025-01-19 15:33:55,844 - INFO - DOW: 1wk change of 3.25%
2025-01-19 15:33:55,941 - INFO - DOW: 1mo change of -1.11%
2025-01-19 15:33:55,941 - INFO - Processing DOW - 2025-01-08 02:15:23 UTC
2025-01-19 15:33:56,032 - INFO - Retrieved article length: 3452 characters
2025-01-19 15:33:56,130 - INFO - DOV: 1h change of 5.40%
2025-01-19 15:33:56,169 - INFO - Retrieved article length: 6190 characters
2025-01-19 15:33:56,277 - INFO - DOV: 1wk change of 3.75%
2025-01-19 15:33:56,280 - INFO - DOCU: 1mo change of -12.38%
2025-01-19 15:33:56,281 - INFO - Processing DOCU - 2025-01-11 01:50:20 UTC
2025-01-19 15:33:56,430 - INFO - DOV: 1mo change of -3.04%
2025-01-19 15:33:56,431 - INFO - Processing DOV - 2025-01-14 00:15:00 UTC
2025-01-19 15:33:56,565 - INFO - Retrieved article length: 472 characters
2025-01-19 15:33:56,652 - INFO - DOUG: 1h change of -2.85%
2025-01-19 15:33:56,729 - INFO - Retrieved article length: 3481 characters
2025-01-19 15:33:56,734 - INFO - DOUG: 1wk change of -1.26%
2025-01-19 15:33:56,823 - INFO - DOUG: 1mo change of -29.53%
2025-01-19 15:33:56,824 - INFO - Processing DOUG - 2024-12-20 14:43:55 UTC
2025-01-19 15:33:56,824 - INFO - DOW: 1h change of -2.53%
2025-01-19 15:33:56,921 - INFO - DOW: 1wk change of 4.06%
2025-01-19 15:33:57,013 - INFO - DOW: 1mo change of -4.22%
2025-01-19 15:33:57,013 - INFO - Processing DOW - 2025-01-01 02:15:22 UTC
2025-01-19 15:33:57,053 - INFO - Retrieved article length: 3691 characters
2025-01-19 15:33:57,267 - INFO - Retrieved article length: 4098 characters
2025-01-19 15:33:57,305 - INFO - DOCU: 1mo change of -12.38%
2025-01-19 15:33:57,305 - INFO - Processing DOCU - 2025-01-08 12:02:50 UTC
2025-01-19 15:33:57,365 - INFO - DOV: 1h change of 3.32%
2025-01-19 15:33:57,435 - INFO - Retrieved article length: 4598 characters
2025-01-19 15:33:57,516 - INFO - DOV: 1wk change of 3.75%
2025-01-19 15:33:57,520 - INFO - DOUG: 1h change of -9.78%
2025-01-19 15:33:57,608 - INFO - DOUG: 1wk change of -24.14%
2025-01-19 15:33:57,655 - INFO - DOV: 1mo change of -3.09%
2025-01-19 15:33:57,655 - INFO - Processing DOV - 2025-01-13 17:00:00 UTC
2025-01-19 15:33:57,695 - INFO - DOUG: 1mo change of -4.28%
2025-01-19 15:33:57,695 - INFO - Processing DOUG - 2024-12-13 19:59:00 UTC
2025-01-19 15:33:57,786 - INFO - Retrieved article length: 3611 characters
2025-01-19 15:33:57,948 - INFO - Retrieved article length: 6256 characters
2025-01-19 15:33:57,966 - INFO - DOW: 1wk change of -3.68%
2025-01-19 15:33:58,038 - INFO - DOCU: 1h change of -3.34%
2025-01-19 15:33:58,058 - INFO - DOW: 1mo change of -6.60%
2025-01-19 15:33:58,058 - INFO - Processing DOW - 2025-01-01 01:15:00 UTC
2025-01-19 15:33:58,122 - INFO - DOCU: 1wk change of -2.29%
2025-01-19 15:33:58,207 - INFO - DOCU: 1mo change of 6.68%
2025-01-19 15:33:58,207 - INFO - Processing DOCU - 2025-01-06 15:52:31 UTC
2025-01-19 15:33:58,276 - INFO - Retrieved article length: 5052 characters
2025-01-19 15:33:58,380 - INFO - DOV: 1h change of 2.22%
2025-01-19 15:33:58,430 - INFO - Retrieved article length: 5183 characters
2025-01-19 15:33:58,520 - INFO - DOUG: 1h change of -3.15%
2025-01-19 15:33:58,548 - INFO - DOV: 1wk change of 3.75%
2025-01-19 15:33:58,609 - INFO - DOUG: 1wk change of -32.65%
2025-01-19 15:33:58,694 - INFO - DOV: 1mo change of -3.30%
2025-01-19 15:33:58,694 - INFO - Processing DOV - 2025-01-10 00:15:00 UTC
2025-01-19 15:33:58,694 - INFO - DOUG: 1mo change of -8.21%
2025-01-19 15:33:58,695 - INFO - Processing DOUG - 2024-12-12 02:00:00 UTC
2025-01-19 15:33:58,799 - INFO - Retrieved article length: 153 characters
2025-01-19 15:33:58,813 - INFO - DOW: 1wk change of -3.68%
2025-01-19 15:33:58,870 - INFO - DOW: 1mo change of -6.60%
2025-01-19 15:33:58,870 - INFO - Processing DOW - 2024-12-30 21:20:00 UTC
2025-01-19 15:33:58,921 - INFO - Retrieved article length: 3529 characters
2025-01-19 15:33:59,018 - INFO - DOCU: 1h change of -4.79%
2025-01-19 15:33:59,109 - INFO - DOCU: 1wk change of -1.78%
2025-01-19 15:33:59,195 - INFO - DOCU: 1mo change of 11.64%
2025-01-19 15:33:59,354 - INFO - Processing DOX - 2025-01-15 20:19:56 UTC
2025-01-19 15:33:59,448 - INFO - Retrieved article length: 2650 characters
2025-01-19 15:33:59,491 - INFO - Retrieved article length: 188 characters
2025-01-19 15:33:59,545 - INFO - DOV: 1h change of -1.28%
2025-01-19 15:33:59,576 - INFO - DOUG: 1h change of -6.98%
2025-01-19 15:33:59,591 - INFO - Retrieved article length: 4196 characters
2025-01-19 15:33:59,659 - INFO - DOUG: 1wk change of -31.25%
2025-01-19 15:33:59,675 - INFO - DOW: 1h change of 2.10%
2025-01-19 15:33:59,689 - INFO - DOV: 1wk change of 3.99%
2025-01-19 15:33:59,746 - INFO - DOUG: 1mo change of -16.92%
2025-01-19 15:33:59,747 - INFO - Processing DOUG - 2024-12-10 22:00:00 UTC
2025-01-19 15:33:59,764 - INFO - DOW: 1wk change of -2.55%
2025-01-19 15:33:59,835 - INFO - DOV: 1mo change of -3.17%
2025-01-19 15:33:59,836 - INFO - Processing DOV - 2025-01-08 15:56:00 UTC
2025-01-19 15:33:59,858 - INFO - DOW: 1mo change of -9.10%
2025-01-19 15:33:59,858 - INFO - Processing DOW - 2024-12-25 14:21:19 UTC
2025-01-19 15:34:00,122 - INFO - Retrieved article length: 3746 characters
2025-01-19 15:34:00,205 - INFO - DOX: 1h change of 2.63%
2025-01-19 15:34:00,398 - INFO - DOX: 1mo change of -2.02%
2025-01-19 15:34:00,399 - INFO - Processing DOX - 2024-12-26 13:55:38 UTC
2025-01-19 15:34:00,431 - INFO - Retrieved article length: 150 characters
2025-01-19 15:34:00,515 - INFO - DOUG: 1h change of -2.31%
2025-01-19 15:34:00,528 - INFO - Retrieved article length: 11279 characters
2025-01-19 15:34:00,601 - INFO - DOUG: 1wk change of -31.25%
2025-01-19 15:34:00,711 - INFO - DOUG: 1mo change of -25.12%
2025-01-19 15:34:00,752 - INFO - Retrieved article length: 7781 characters
2025-01-19 15:34:00,776 - INFO - DOV: 1wk change of 4.70%
2025-01-19 15:34:00,810 - INFO - Processing DPCS - 2025-01-19 15:30:00 UTC
2025-01-19 15:34:00,925 - INFO - DOW: 1wk change of -1.77%
2025-01-19 15:34:00,929 - INFO - DOV: 1mo change of -4.03%
2025-01-19 15:34:00,929 - INFO - Processing DOV - 2025-01-07 23:41:45 UTC
2025-01-19 15:34:01,016 - INFO - DOW: 1mo change of -5.09%
2025-01-19 15:34:01,016 - INFO - Processing DOW - 2024-12-25 02:15:07 UTC
2025-01-19 15:34:01,070 - INFO - Retrieved article length: 5046 characters
2025-01-19 15:34:01,250 - INFO - DOX: 1wk change of -2.91%
2025-01-19 15:34:01,351 - INFO - Processing DOX - 2024-12-24 21:25:42 UTC
2025-01-19 15:34:01,485 - INFO - Retrieved article length: 4420 characters
2025-01-19 15:34:01,562 - ERROR - DPCS: No price data found, symbol may be delisted (1h 2025-01-17 -> 2025-01-21)
2025-01-19 15:34:01,682 - INFO - Retrieved article length: 4012 characters
2025-01-19 15:34:01,730 - INFO - Processing DPCS - 2025-01-19 15:30:00 UTC
2025-01-19 15:34:01,741 - INFO - Retrieved article length: 3652 characters
2025-01-19 15:34:01,754 - INFO - DOW: 1wk change of -1.77%
2025-01-19 15:34:01,807 - INFO - DOW: 1mo change of -5.09%
2025-01-19 15:34:01,808 - INFO - Processing DOW - 2024-12-22 14:15:00 UTC
2025-01-19 15:34:01,921 - INFO - DOV: 1wk change of 4.38%
2025-01-19 15:34:02,060 - INFO - DOV: 1mo change of -4.26%
2025-01-19 15:34:02,107 - INFO - Retrieved article length: 3414 characters
2025-01-19 15:34:02,175 - INFO - Processing DPCSU - 2025-01-19 15:30:00 UTC
2025-01-19 15:34:02,315 - INFO - DOX: 1wk change of -2.92%
2025-01-19 15:34:02,455 - INFO - DOX: 1mo change of 2.93%
2025-01-19 15:34:02,456 - INFO - Processing DOX - 2024-12-18 01:40:00 UTC
2025-01-19 15:34:02,715 - INFO - Retrieved article length: 8075 characters
2025-01-19 15:34:02,792 - INFO - Retrieved article length: 4420 characters
2025-01-19 15:34:02,883 - ERROR - DPCSU: No price data found, symbol may be delisted (1h 2025-01-17 -> 2025-01-21)
2025-01-19 15:34:02,900 - INFO - DOW: 1wk change of -2.79%
2025-01-19 15:34:02,990 - INFO - DOW: 1mo change of -5.71%
2025-01-19 15:34:03,080 - INFO - Processing DPCSU - 2025-01-19 15:30:00 UTC
2025-01-19 15:34:03,130 - INFO - Retrieved article length: 1683 characters
2025-01-19 15:34:03,173 - INFO - Processing DPRO - 2025-01-16 16:30:00 UTC
2025-01-19 15:34:03,218 - INFO - DOX: 1h change of -1.49%
2025-01-19 15:34:03,332 - INFO - DOX: 1wk change of -1.03%
2025-01-19 15:34:03,443 - INFO - DOX: 1mo change of -2.71%
2025-01-19 15:34:03,444 - INFO - Processing DOX - 2024-12-12 19:30:25 UTC
2025-01-19 15:34:03,717 - INFO - Retrieved article length: 4791 characters
2025-01-19 15:34:03,778 - ERROR - DPCSU: No price data found, symbol may be delisted (1h 2025-01-17 -> 2025-01-21)
2025-01-19 15:34:03,897 - INFO - Retrieved article length: 9222 characters
2025-01-19 15:34:03,912 - INFO - Processing DPCSU - 2025-01-19 15:26:00 UTC
2025-01-19 15:34:03,989 - INFO - DPRO: 1h change of -4.90%
2025-01-19 15:34:04,077 - INFO - DPRO: 1wk change of -23.43%
2025-01-19 15:34:04,161 - INFO - DPRO: 1mo change of -14.95%
2025-01-19 15:34:04,161 - INFO - Processing DPRO - 2025-01-13 17:58:00 UTC
2025-01-19 15:34:04,174 - INFO - Retrieved article length: 6278 characters
2025-01-19 15:34:04,193 - INFO - Retrieved article length: 4791 characters
2025-01-19 15:34:04,240 - ERROR - DPCS: No price data found, symbol may be delisted (1h 2025-01-17 -> 2025-01-21)
2025-01-19 15:34:04,346 - INFO - Processing DPCS - 2025-01-19 15:26:00 UTC
2025-01-19 15:34:04,460 - INFO - DOX: 1mo change of -8.04%
2025-01-19 15:34:04,461 - INFO - Processing DOX - 2024-12-05 16:00:00 UTC
2025-01-19 15:34:04,940 - INFO - Retrieved article length: 3222 characters
2025-01-19 15:34:05,010 - INFO - Retrieved article length: 5659 characters
2025-01-19 15:34:05,056 - ERROR - DPCS: No price data found, symbol may be delisted (1h 2025-01-17 -> 2025-01-21)
2025-01-19 15:34:05,112 - INFO - DPRO: 1wk change of -25.84%
2025-01-19 15:34:05,162 - INFO - Processing DPCS - 2025-01-19 15:21:56 UTC
2025-01-19 15:34:05,193 - INFO - DPRO: 1mo change of -27.15%
2025-01-19 15:34:05,194 - INFO - Processing DPRO - 2024-12-19 15:36:49 UTC
2025-01-19 15:34:05,212 - INFO - Retrieved article length: 5659 characters
2025-01-19 15:34:05,272 - ERROR - DPCSU: No price data found, symbol may be delisted (1h 2025-01-17 -> 2025-01-21)
2025-01-19 15:34:05,367 - INFO - Retrieved article length: 7973 characters
2025-01-19 15:34:05,401 - INFO - Processing DPCSU - 2025-01-19 15:21:56 UTC
2025-01-19 15:34:05,664 - INFO - DOX: 1mo change of -3.49%
2025-01-19 15:34:05,665 - INFO - Processing DOX - 2024-12-04 00:30:00 UTC
2025-01-19 15:34:05,892 - INFO - Retrieved article length: 3613 characters
2025-01-19 15:34:05,938 - ERROR - DPCS: No price data found, symbol may be delisted (1h 2025-01-17 -> 2025-01-21)
2025-01-19 15:34:06,045 - INFO - Processing DPCS - 2025-01-19 15:21:23 UTC
2025-01-19 15:34:06,057 - INFO - Retrieved article length: 3613 characters
2025-01-19 15:34:06,117 - ERROR - DPCSU: No price data found, symbol may be delisted (1h 2025-01-17 -> 2025-01-21)
2025-01-19 15:34:06,249 - INFO - Processing DPCSU - 2025-01-19 15:21:23 UTC
2025-01-19 15:34:06,260 - INFO - Retrieved article length: 8646 characters
2025-01-19 15:34:06,419 - INFO - Retrieved article length: 1580 characters
2025-01-19 15:34:06,506 - INFO - DPRO: 1h change of -7.56%
2025-01-19 15:34:06,557 - INFO - DOX: 1mo change of -3.90%
2025-01-19 15:34:06,557 - INFO - Processing DOX - 2024-11-25 17:15:03 UTC
2025-01-19 15:34:06,587 - INFO - DPRO: 1wk change of 4.64%
2025-01-19 15:34:06,676 - INFO - DPRO: 1mo change of 24.06%
2025-01-19 15:34:06,676 - INFO - Processing DPRO - 2024-12-18 15:30:00 UTC
2025-01-19 15:34:06,780 - INFO - Retrieved article length: 2218 characters
2025-01-19 15:34:06,826 - ERROR - DPCS: No price data found, symbol may be delisted (1h 2025-01-17 -> 2025-01-21)
2025-01-19 15:34:06,910 - INFO - Retrieved article length: 2218 characters
2025-01-19 15:34:06,927 - INFO - Processing DPCS - 2025-01-19 15:20:40 UTC
2025-01-19 15:34:06,970 - ERROR - DPCSU: No price data found, symbol may be delisted (1h 2025-01-17 -> 2025-01-21)
2025-01-19 15:34:07,105 - INFO - Processing DPCSU - 2025-01-19 15:20:40 UTC
2025-01-19 15:34:07,338 - INFO - Retrieved article length: 5454 characters
2025-01-19 15:34:07,344 - INFO - Retrieved article length: 6329 characters
2025-01-19 15:34:07,435 - INFO - DPRO: 1h change of -5.02%
2025-01-19 15:34:07,522 - INFO - DPRO: 1wk change of 4.64%
2025-01-19 15:34:07,530 - INFO - DOX: 1wk change of 3.98%
2025-01-19 15:34:07,611 - INFO - DPRO: 1mo change of 26.92%
2025-01-19 15:34:07,612 - INFO - Processing DPRO - 2024-11-20 00:46:11 UTC
2025-01-19 15:34:07,634 - INFO - DOX: 1mo change of -4.97%
2025-01-19 15:34:07,676 - INFO - Retrieved article length: 8428 characters
2025-01-19 15:34:07,723 - ERROR - DPCS: No price data found, symbol may be delisted (1h 2025-01-17 -> 2025-01-21)
2025-01-19 15:34:07,784 - INFO - Retrieved article length: 8428 characters
2025-01-19 15:34:07,822 - INFO - Processing DPCS - 2025-01-19 15:20:33 UTC
2025-01-19 15:34:07,844 - ERROR - DPCSU: No price data found, symbol may be delisted (1h 2025-01-17 -> 2025-01-21)
2025-01-19 15:34:07,925 - INFO - Processing DPZ - 2025-01-19 13:17:00 UTC
2025-01-19 15:34:07,982 - INFO - Processing DPCSU - 2025-01-19 15:20:33 UTC
2025-01-19 15:34:08,370 - INFO - Retrieved article length: 492 characters
2025-01-19 15:34:08,461 - INFO - DPRO: 1h change of -8.33%
2025-01-19 15:34:08,555 - INFO - DPRO: 1wk change of 83.77%
2025-01-19 15:34:08,638 - INFO - DPRO: 1mo change of 56.10%
2025-01-19 15:34:08,638 - INFO - Processing DPRO - 2024-11-20 00:30:00 UTC
2025-01-19 15:34:08,679 - INFO - Retrieved article length: 5080 characters
2025-01-19 15:34:08,730 - INFO - Retrieved article length: 3802 characters
2025-01-19 15:34:08,788 - ERROR - DPCSU: No price data found, symbol may be delisted (1h 2025-01-17 -> 2025-01-21)
2025-01-19 15:34:08,866 - INFO - DPZ: 1wk change of 6.22%
2025-01-19 15:34:08,928 - INFO - Processing DPCSU - 2025-01-19 15:20:00 UTC
2025-01-19 15:34:08,971 - INFO - DPZ: 1mo change of -4.55%
2025-01-19 15:34:08,971 - INFO - Processing DPZ - 2025-01-16 14:10:14 UTC
2025-01-19 15:34:09,359 - INFO - Retrieved article length: 5823 characters
2025-01-19 15:34:09,367 - INFO - DPRO: 1h change of -8.33%
2025-01-19 15:34:09,373 - INFO - DPRO: 1wk change of 83.77%
2025-01-19 15:34:09,380 - INFO - DPRO: 1mo change of 56.10%
2025-01-19 15:34:09,380 - INFO - Processing DPRO - 2024-11-18 18:59:55 UTC
2025-01-19 15:34:09,480 - INFO - Retrieved article length: 3802 characters
2025-01-19 15:34:09,526 - ERROR - DPCS: No price data found, symbol may be delisted (1h 2025-01-17 -> 2025-01-21)
2025-01-19 15:34:09,623 - INFO - Retrieved article length: 6496 characters
2025-01-19 15:34:09,629 - INFO - Processing DPCS - 2025-01-19 15:20:00 UTC
2025-01-19 15:34:09,695 - INFO - Retrieved article length: 5593 characters
2025-01-19 15:34:09,717 - INFO - DPZ: 1h change of 2.44%
2025-01-19 15:34:09,756 - ERROR - DPCSU: No price data found, symbol may be delisted (1h 2025-01-17 -> 2025-01-21)
2025-01-19 15:34:09,938 - INFO - DPZ: 1mo change of -7.78%
2025-01-19 15:34:09,939 - INFO - Processing DPZ - 2025-01-13 15:07:00 UTC
2025-01-19 15:34:10,029 - INFO - Processing DRCT - 2025-01-09 17:00:00 UTC
2025-01-19 15:34:10,137 - INFO - Retrieved article length: 417 characters
2025-01-19 15:34:10,234 - INFO - DPRO: 1h change of -3.17%
2025-01-19 15:34:10,325 - INFO - DPRO: 1wk change of 23.95%
2025-01-19 15:34:10,417 - INFO - DPRO: 1mo change of 33.03%
2025-01-19 15:34:10,417 - INFO - Processing DPRO - 2024-11-18 16:30:00 UTC
2025-01-19 15:34:10,740 - INFO - Retrieved article length: 4678 characters
2025-01-19 15:34:10,755 - INFO - Retrieved article length: 2481 characters
2025-01-19 15:34:10,846 - INFO - DPZ: 1h change of 2.79%
2025-01-19 15:34:10,847 - INFO - DRCT: 1h change of 19.85%
2025-01-19 15:34:10,951 - INFO - DRCT: 1wk change of -41.89%
2025-01-19 15:34:10,952 - INFO - DPZ: 1wk change of -2.45%
2025-01-19 15:34:11,051 - INFO - DRCT: 1mo change of 35.65%
2025-01-19 15:34:11,052 - INFO - Processing DRCT - 2024-11-26 17:00:00 UTC
2025-01-19 15:34:11,067 - INFO - DPZ: 1mo change of -6.33%
2025-01-19 15:34:11,068 - INFO - Processing DPZ - 2025-01-06 13:18:20 UTC
2025-01-19 15:34:11,145 - INFO - Retrieved article length: 5593 characters
2025-01-19 15:34:11,191 - ERROR - DPCS: No price data found, symbol may be delisted (1h 2025-01-17 -> 2025-01-21)
2025-01-19 15:34:11,291 - INFO - Retrieved article length: 6949 characters
2025-01-19 15:34:11,299 - INFO - DPRO: 1h change of -3.17%
2025-01-19 15:34:11,304 - INFO - DPRO: 1wk change of 23.95%
2025-01-19 15:34:11,310 - INFO - DPRO: 1mo change of 33.03%
2025-01-19 15:34:11,439 - INFO - Processing DRDBU - 2024-12-17 07:34:00 UTC
2025-01-19 15:34:11,518 - INFO - Processing DRH - 2025-01-16 00:43:31 UTC
2025-01-19 15:34:11,754 - INFO - Retrieved article length: 6775 characters
2025-01-19 15:34:11,861 - INFO - DRCT: 1h change of -6.92%
2025-01-19 15:34:11,963 - INFO - DRCT: 1wk change of -27.40%
2025-01-19 15:34:12,061 - INFO - DRCT: 1mo change of -17.78%
2025-01-19 15:34:12,061 - INFO - Processing DRCT - 2024-11-25 17:00:00 UTC
2025-01-19 15:34:12,147 - INFO - Retrieved article length: 4302 characters
2025-01-19 15:34:12,191 - INFO - Retrieved article length: 476 characters
2025-01-19 15:34:12,284 - INFO - DRH: 1h change of 1.65%
2025-01-19 15:34:12,513 - INFO - DRH: 1mo change of -5.58%
2025-01-19 15:34:12,513 - INFO - Processing DRH - 2025-01-16 00:05:00 UTC
2025-01-19 15:34:12,553 - INFO - Processing DRI - 2025-01-16 14:09:00 UTC
2025-01-19 15:34:12,660 - INFO - Retrieved article length: 2895 characters
2025-01-19 15:34:12,748 - INFO - DPZ: 1h change of -4.20%
2025-01-19 15:34:12,851 - INFO - Retrieved article length: 2311 characters
2025-01-19 15:34:12,860 - INFO - DPZ: 1wk change of -3.65%
2025-01-19 15:34:12,953 - INFO - DRCT: 1h change of -3.08%
2025-01-19 15:34:12,975 - INFO - DPZ: 1mo change of -8.03%
2025-01-19 15:34:12,976 - INFO - Processing DPZ - 2025-01-04 19:41:00 UTC
2025-01-19 15:34:13,055 - INFO - DRCT: 1wk change of -42.10%
2025-01-19 15:34:13,163 - INFO - DRCT: 1mo change of -3.45%
2025-01-19 15:34:13,164 - INFO - Processing DRCT - 2024-11-22 17:55:00 UTC
2025-01-19 15:34:13,216 - INFO - Retrieved article length: 3450 characters
2025-01-19 15:34:13,226 - INFO - DRH: 1h change of 1.65%
2025-01-19 15:34:13,336 - INFO - DRH: 1mo change of -5.58%
2025-01-19 15:34:13,337 - INFO - Processing DRH - 2025-01-09 00:30:00 UTC
2025-01-19 15:34:13,474 - INFO - Retrieved article length: 4922 characters
2025-01-19 15:34:13,802 - INFO - DRI: 1mo change of 11.00%
2025-01-19 15:34:13,803 - INFO - Processing DRI - 2025-01-15 23:21:19 UTC
2025-01-19 15:34:14,039 - INFO - Retrieved article length: 2292 characters
2025-01-19 15:34:14,337 - INFO - DRH: 1mo change of -4.39%
2025-01-19 15:34:14,338 - INFO - Processing DRH - 2024-12-10 00:30:00 UTC
2025-01-19 15:34:14,520 - INFO - Retrieved article length: 5770 characters
2025-01-19 15:34:14,614 - INFO - DPZ: 1h change of 2.15%
2025-01-19 15:34:14,724 - INFO - DPZ: 1wk change of -5.20%
2025-01-19 15:34:14,833 - INFO - DPZ: 1mo change of -8.03%
2025-01-19 15:34:14,834 - INFO - Processing DPZ - 2025-01-02 16:09:18 UTC
2025-01-19 15:34:14,902 - INFO - Retrieved article length: 6311 characters
2025-01-19 15:34:14,999 - INFO - DRCT: 1h change of -9.22%
2025-01-19 15:34:15,017 - INFO - Retrieved article length: 4298 characters
2025-01-19 15:34:15,052 - INFO - Retrieved article length: 499 characters
2025-01-19 15:34:15,094 - INFO - DRCT: 1wk change of -54.55%
2025-01-19 15:34:15,196 - INFO - DRCT: 1mo change of 2.03%
2025-01-19 15:34:15,197 - INFO - Processing DRCT - 2024-11-16 16:36:43 UTC
2025-01-19 15:34:15,204 - INFO - DRH: 1wk change of -1.18%
2025-01-19 15:34:15,309 - INFO - DRH: 1mo change of 2.11%
2025-01-19 15:34:15,310 - INFO - Processing DRH - 2024-12-03 01:00:00 UTC
2025-01-19 15:34:15,362 - INFO - DRI: 1mo change of 9.13%
2025-01-19 15:34:15,363 - INFO - Processing DRI - 2025-01-15 14:44:00 UTC
2025-01-19 15:34:15,613 - INFO - Retrieved article length: 3811 characters
2025-01-19 15:34:15,704 - INFO - DPZ: 1h change of 3.97%
2025-01-19 15:34:15,809 - INFO - DPZ: 1wk change of -5.68%
2025-01-19 15:34:15,925 - INFO - DPZ: 1mo change of -9.96%
2025-01-19 15:34:15,926 - INFO - Processing DPZ - 2024-12-29 23:27:42 UTC
2025-01-19 15:34:15,946 - INFO - Retrieved article length: 1913 characters
2025-01-19 15:34:16,044 - INFO - DRCT: 1h change of -18.04%
2025-01-19 15:34:16,059 - INFO - Retrieved article length: 5985 characters
2025-01-19 15:34:16,140 - INFO - DRCT: 1wk change of -46.18%
2025-01-19 15:34:16,174 - INFO - DRI: 1mo change of 9.13%
2025-01-19 15:34:16,174 - INFO - Processing DRI - 2025-01-15 02:19:00 UTC
2025-01-19 15:34:16,239 - INFO - DRCT: 1mo change of -84.76%
2025-01-19 15:34:16,239 - INFO - Processing DRCT - 2024-11-13 18:48:00 UTC
2025-01-19 15:34:16,555 - INFO - Retrieved article length: 3986 characters
2025-01-19 15:34:16,640 - INFO - DRH: 1h change of 4.35%
2025-01-19 15:34:16,683 - INFO - Retrieved article length: 6076 characters
2025-01-19 15:34:16,747 - INFO - DRH: 1wk change of 3.64%
2025-01-19 15:34:16,773 - INFO - DPZ: 1h change of -2.18%
2025-01-19 15:34:16,850 - INFO - DRH: 1mo change of 3.39%
2025-01-19 15:34:16,850 - INFO - Processing DRH - 2024-11-18 13:05:28 UTC
2025-01-19 15:34:16,876 - INFO - DPZ: 1wk change of -3.91%
2025-01-19 15:34:16,933 - INFO - Retrieved article length: 177 characters
2025-01-19 15:34:16,998 - INFO - DPZ: 1mo change of -8.62%
2025-01-19 15:34:16,999 - INFO - Processing DPZ - 2024-12-29 18:15:00 UTC
2025-01-19 15:34:17,048 - INFO - DRI: 1mo change of 9.13%
2025-01-19 15:34:17,048 - INFO - Processing DRI - 2025-01-15 00:09:46 UTC
2025-01-19 15:34:17,091 - INFO - Retrieved article length: 5640 characters
2025-01-19 15:34:17,197 - INFO - DRCT: 1h change of -25.53%
2025-01-19 15:34:17,295 - INFO - DRCT: 1wk change of -46.03%
2025-01-19 15:34:17,396 - INFO - DRCT: 1mo change of -71.72%
2025-01-19 15:34:17,396 - INFO - Processing DRCT - 2024-11-13 10:25:01 UTC
2025-01-19 15:34:17,612 - INFO - Retrieved article length: 2344 characters
2025-01-19 15:34:17,704 - INFO - DRH: 1h change of 1.59%
2025-01-19 15:34:17,857 - INFO - Retrieved article length: 6135 characters
2025-01-19 15:34:17,865 - INFO - DPZ: 1h change of -2.18%
2025-01-19 15:34:17,871 - INFO - DPZ: 1wk change of -3.91%
2025-01-19 15:34:17,926 - INFO - DPZ: 1mo change of -8.62%
2025-01-19 15:34:17,988 - INFO - DRH: 1mo change of 5.31%
2025-01-19 15:34:17,988 - INFO - Processing DRH - 2024-11-15 16:50:43 UTC
2025-01-19 15:34:18,050 - INFO - Processing DRIO - 2025-01-17 21:14:22 UTC
2025-01-19 15:34:18,185 - INFO - Retrieved article length: 4010 characters
2025-01-19 15:34:18,194 - INFO - DRCT: 1h change of -25.53%
2025-01-19 15:34:18,200 - INFO - DRCT: 1wk change of -46.03%
2025-01-19 15:34:18,205 - INFO - DRCT: 1mo change of -71.72%
2025-01-19 15:34:18,206 - INFO - Processing DRCT - 2024-11-13 00:01:00 UTC
2025-01-19 15:34:18,654 - INFO - Retrieved article length: 1231 characters
2025-01-19 15:34:18,750 - INFO - Retrieved article length: 493 characters
2025-01-19 15:34:18,765 - INFO - DRI: 1mo change of 9.13%
2025-01-19 15:34:18,765 - INFO - Processing DRI - 2025-01-14 20:00:13 UTC
2025-01-19 15:34:18,810 - INFO - Retrieved article length: 5224 characters
2025-01-19 15:34:18,844 - INFO - DRH: 1h change of -4.63%
2025-01-19 15:34:18,907 - INFO - DRIO: 1h change of -10.27%
2025-01-19 15:34:18,948 - INFO - DRH: 1wk change of 4.69%
2025-01-19 15:34:18,994 - INFO - DRIO: 1wk change of -54.64%
2025-01-19 15:34:19,059 - INFO - DRH: 1mo change of 3.71%
2025-01-19 15:34:19,060 - INFO - Processing DRH - 2024-11-15 16:00:00 UTC
2025-01-19 15:34:19,079 - INFO - DRIO: 1mo change of -5.19%
2025-01-19 15:34:19,079 - INFO - Processing DRIO - 2025-01-14 20:09:00 UTC
2025-01-19 15:34:19,622 - INFO - Retrieved article length: 4641 characters
2025-01-19 15:34:19,775 - INFO - Retrieved article length: 3798 characters
2025-01-19 15:34:19,808 - INFO - Retrieved article length: 6084 characters
2025-01-19 15:34:19,816 - INFO - DRH: 1h change of -4.63%
2025-01-19 15:34:19,822 - INFO - DRH: 1wk change of 4.69%
2025-01-19 15:34:19,828 - INFO - DRH: 1mo change of 3.71%
2025-01-19 15:34:19,863 - INFO - DRIO: 1h change of -8.33%
2025-01-19 15:34:19,937 - INFO - DRI: 1mo change of 8.81%
2025-01-19 15:34:19,937 - INFO - Processing DRI - 2025-01-09 01:40:22 UTC
2025-01-19 15:34:19,949 - INFO - DRIO: 1wk change of -18.54%
2025-01-19 15:34:20,042 - INFO - DRIO: 1mo change of -2.25%
2025-01-19 15:34:20,043 - INFO - Processing DRIO - 2025-01-14 16:30:00 UTC
2025-01-19 15:34:20,132 - INFO - Processing DRMA - 2024-12-16 17:00:00 UTC
2025-01-19 15:34:20,747 - INFO - Retrieved article length: 26199 characters
2025-01-19 15:34:20,754 - INFO - DRCT: 1h change of -25.53%
2025-01-19 15:34:20,760 - INFO - DRCT: 1wk change of -46.03%
2025-01-19 15:34:20,765 - INFO - DRCT: 1mo change of -71.72%
2025-01-19 15:34:20,829 - INFO - Retrieved article length: 7295 characters
2025-01-19 15:34:20,922 - INFO - DRMA: 1h change of -2.23%
2025-01-19 15:34:21,006 - INFO - DRMA: 1wk change of -6.94%
2025-01-19 15:34:21,031 - INFO - Retrieved article length: 8705 characters
2025-01-19 15:34:21,039 - INFO - DRIO: 1h change of -8.33%
2025-01-19 15:34:21,091 - INFO - DRMA: 1mo change of -1.48%
2025-01-19 15:34:21,092 - INFO - Processing DRMA - 2024-12-10 17:00:00 UTC
2025-01-19 15:34:21,092 - INFO - DRIO: 1wk change of -18.54%
2025-01-19 15:34:21,117 - INFO - Processing DRRX - 2025-01-16 20:00:09 UTC
2025-01-19 15:34:21,145 - INFO - DRIO: 1mo change of -2.25%
2025-01-19 15:34:21,145 - INFO - Processing DRIO - 2024-11-21 16:30:00 UTC
2025-01-19 15:34:21,231 - INFO - Retrieved article length: 497 characters
2025-01-19 15:34:21,320 - INFO - DRI: 1h change of -2.96%
2025-01-19 15:34:21,438 - INFO - DRI: 1wk change of -1.94%
2025-01-19 15:34:21,557 - INFO - DRI: 1mo change of 7.00%
2025-01-19 15:34:21,557 - INFO - Processing DRI - 2025-01-07 22:43:34 UTC
2025-01-19 15:34:21,828 - INFO - Retrieved article length: 7114 characters
2025-01-19 15:34:21,834 - INFO - Retrieved article length: 4572 characters
2025-01-19 15:34:21,981 - INFO - Retrieved article length: 6056 characters
2025-01-19 15:34:21,997 - INFO - DRMA: 1wk change of -17.32%
2025-01-19 15:34:22,031 - INFO - DRRX: 1wk change of -2.30%
2025-01-19 15:34:22,068 - INFO - DRIO: 1h change of 14.80%
2025-01-19 15:34:22,079 - INFO - DRMA: 1mo change of 6.98%
2025-01-19 15:34:22,079 - INFO - Processing DRMA - 2024-12-03 17:00:00 UTC
2025-01-19 15:34:22,126 - INFO - DRRX: 1mo change of 8.97%
2025-01-19 15:34:22,127 - INFO - Processing DRRX - 2024-12-11 20:00:10 UTC
2025-01-19 15:34:22,171 - INFO - DRIO: 1wk change of -11.35%
2025-01-19 15:34:22,258 - INFO - DRIO: 1mo change of -30.00%
2025-01-19 15:34:22,259 - INFO - Processing DRIO - 2024-11-09 17:11:19 UTC
2025-01-19 15:34:22,291 - INFO - Retrieved article length: 2791 characters
2025-01-19 15:34:22,513 - INFO - DRI: 1wk change of -2.31%
2025-01-19 15:34:22,632 - INFO - DRI: 1mo change of 7.25%
2025-01-19 15:34:22,781 - INFO - Processing DRS - 2025-01-14 17:25:11 UTC
2025-01-19 15:34:22,817 - INFO - Retrieved article length: 8280 characters
2025-01-19 15:34:22,838 - INFO - Retrieved article length: 4524 characters
2025-01-19 15:34:22,903 - INFO - DRMA: 1h change of -1.60%
2025-01-19 15:34:22,945 - INFO - DRRX: 1h change of -5.29%
2025-01-19 15:34:22,985 - INFO - DRMA: 1wk change of -5.22%
2025-01-19 15:34:22,999 - INFO - Retrieved article length: 1941 characters
2025-01-19 15:34:23,041 - INFO - DRRX: 1wk change of 3.26%
2025-01-19 15:34:23,074 - INFO - DRMA: 1mo change of 1.44%
2025-01-19 15:34:23,075 - INFO - Processing DRMA - 2024-11-15 16:35:00 UTC
2025-01-19 15:34:23,087 - INFO - DRIO: 1h change of -2.14%
2025-01-19 15:34:23,138 - INFO - DRRX: 1mo change of -37.04%
2025-01-19 15:34:23,138 - INFO - Processing DRRX - 2024-11-28 17:40:15 UTC
2025-01-19 15:34:23,169 - INFO - DRIO: 1wk change of -19.84%
2025-01-19 15:34:23,250 - INFO - DRIO: 1mo change of -31.59%
2025-01-19 15:34:23,250 - INFO - Processing DRIO - 2024-11-08 14:02:40 UTC
2025-01-19 15:34:23,446 - INFO - Retrieved article length: 525 characters
2025-01-19 15:34:23,537 - INFO - DRS: 1h change of 5.31%
2025-01-19 15:34:23,621 - INFO - DRS: 1wk change of 7.88%
2025-01-19 15:34:23,701 - INFO - DRS: 1mo change of 3.94%
2025-01-19 15:34:23,701 - INFO - Processing DRS - 2025-01-14 00:50:28 UTC
2025-01-19 15:34:23,768 - INFO - Retrieved article length: 2973 characters
2025-01-19 15:34:23,774 - INFO - Retrieved article length: 2419 characters
2025-01-19 15:34:23,863 - INFO - DRMA: 1h change of -11.48%
2025-01-19 15:34:23,865 - INFO - DRRX: 1h change of -14.37%
2025-01-19 15:34:23,947 - INFO - DRMA: 1wk change of -11.86%
2025-01-19 15:34:23,960 - INFO - DRRX: 1wk change of -13.04%
2025-01-19 15:34:24,031 - INFO - DRMA: 1mo change of -22.22%
2025-01-19 15:34:24,031 - INFO - Processing DRMA - 2024-11-14 00:15:00 UTC
2025-01-19 15:34:24,054 - INFO - DRRX: 1mo change of -48.28%
2025-01-19 15:34:24,055 - INFO - Processing DRRX - 2024-11-25 14:00:00 UTC
2025-01-19 15:34:24,105 - INFO - Retrieved article length: 4434 characters
2025-01-19 15:34:24,196 - INFO - DRIO: 1h change of 1.65%
2025-01-19 15:34:24,291 - INFO - DRIO: 1wk change of -18.84%
2025-01-19 15:34:24,373 - INFO - DRIO: 1mo change of -33.63%
2025-01-19 15:34:24,373 - INFO - Processing DRIO - 2024-11-07 15:40:07 UTC
2025-01-19 15:34:24,443 - INFO - Retrieved article length: 532 characters
2025-01-19 15:34:24,450 - INFO - DRS: 1h change of 5.31%
2025-01-19 15:34:24,504 - INFO - DRS: 1wk change of 7.88%
2025-01-19 15:34:24,557 - INFO - DRS: 1mo change of 3.94%
2025-01-19 15:34:24,559 - INFO - Processing DRS - 2025-01-14 00:00:00 UTC
2025-01-19 15:34:24,759 - INFO - Retrieved article length: 7363 characters
2025-01-19 15:34:24,864 - INFO - DRRX: 1h change of -8.56%
2025-01-19 15:34:24,960 - INFO - DRRX: 1wk change of -17.82%
2025-01-19 15:34:24,986 - INFO - Retrieved article length: 9337 characters
2025-01-19 15:34:25,058 - INFO - DRRX: 1mo change of -33.57%
2025-01-19 15:34:25,058 - INFO - Processing DRRX - 2024-11-14 15:49:25 UTC
2025-01-19 15:34:25,071 - INFO - DRMA: 1h change of -17.03%
2025-01-19 15:34:25,074 - INFO - Retrieved article length: 4232 characters
2025-01-19 15:34:25,154 - INFO - DRMA: 1wk change of -6.65%
2025-01-19 15:34:25,161 - INFO - DRIO: 1h change of 3.37%
2025-01-19 15:34:25,237 - INFO - DRMA: 1mo change of -22.39%
2025-01-19 15:34:25,238 - INFO - Processing DRMA - 2024-11-12 16:35:00 UTC
2025-01-19 15:34:25,242 - INFO - Retrieved article length: 4376 characters
2025-01-19 15:34:25,243 - INFO - DRIO: 1wk change of -22.51%
2025-01-19 15:34:25,251 - INFO - DRS: 1h change of 5.31%
2025-01-19 15:34:25,302 - INFO - DRS: 1wk change of 7.88%
2025-01-19 15:34:25,325 - INFO - DRIO: 1mo change of -25.19%
2025-01-19 15:34:25,325 - INFO - Processing DRIO - 2024-11-07 14:30:00 UTC
2025-01-19 15:34:25,353 - INFO - DRS: 1mo change of 3.94%
2025-01-19 15:34:25,353 - INFO - Processing DRS - 2025-01-10 16:00:00 UTC
2025-01-19 15:34:25,925 - INFO - Retrieved article length: 13854 characters
2025-01-19 15:34:26,007 - INFO - Retrieved article length: 2835 characters
2025-01-19 15:34:26,026 - INFO - DRRX: 1h change of -23.32%
2025-01-19 15:34:26,081 - INFO - Retrieved article length: 2710 characters
2025-01-19 15:34:26,096 - INFO - DRMA: 1h change of -6.03%
2025-01-19 15:34:26,126 - INFO - DRRX: 1wk change of -25.19%
2025-01-19 15:34:26,165 - INFO - DRS: 1h change of 1.57%
2025-01-19 15:34:26,186 - INFO - DRMA: 1wk change of -5.58%
2025-01-19 15:34:26,226 - INFO - DRRX: 1mo change of -34.88%
2025-01-19 15:34:26,226 - INFO - Processing DRRX - 2024-11-14 10:15:00 UTC
2025-01-19 15:34:26,246 - INFO - DRS: 1wk change of 10.21%
2025-01-19 15:34:26,278 - INFO - DRMA: 1mo change of -21.90%
2025-01-19 15:34:26,278 - INFO - Processing DRMA - 2024-11-11 16:35:00 UTC
2025-01-19 15:34:26,304 - INFO - Retrieved article length: 31622 characters
2025-01-19 15:34:26,311 - INFO - DRIO: 1h change of 3.37%
2025-01-19 15:34:26,317 - INFO - DRIO: 1wk change of -22.51%
2025-01-19 15:34:26,323 - INFO - DRIO: 1mo change of -25.19%
2025-01-19 15:34:26,328 - INFO - DRS: 1mo change of -3.89%
2025-01-19 15:34:26,328 - INFO - Processing DRS - 2025-01-07 17:40:11 UTC
2025-01-19 15:34:26,434 - INFO - Processing DRTS - 2025-01-08 16:09:10 UTC
2025-01-19 15:34:26,939 - INFO - Retrieved article length: 6421 characters
2025-01-19 15:34:26,972 - INFO - Retrieved article length: 4156 characters
2025-01-19 15:34:26,980 - INFO - DRRX: 1h change of -23.32%
2025-01-19 15:34:26,987 - INFO - DRRX: 1wk change of -25.19%
2025-01-19 15:34:26,992 - INFO - DRRX: 1mo change of -34.88%
2025-01-19 15:34:26,992 - INFO - Processing DRRX - 2024-11-14 01:10:05 UTC
2025-01-19 15:34:27,016 - INFO - Retrieved article length: 2903 characters
2025-01-19 15:34:27,026 - INFO - DRMA: 1h change of -1.45%
2025-01-19 15:34:27,108 - INFO - DRMA: 1wk change of -5.31%
2025-01-19 15:34:27,185 - INFO - DRS: 1wk change of 7.33%
2025-01-19 15:34:27,189 - INFO - DRMA: 1mo change of -17.74%
2025-01-19 15:34:27,205 - INFO - Retrieved article length: 7412 characters
2025-01-19 15:34:27,270 - INFO - DRS: 1mo change of 2.03%
2025-01-19 15:34:27,270 - INFO - Processing DRS - 2025-01-07 15:49:00 UTC
2025-01-19 15:34:27,289 - INFO - DRTS: 1h change of 13.74%
2025-01-19 15:34:27,367 - INFO - Processing DRUG - 2025-01-07 14:50:00 UTC
2025-01-19 15:34:27,377 - INFO - DRTS: 1wk change of 26.13%
2025-01-19 15:34:27,463 - INFO - DRTS: 1mo change of 30.33%
2025-01-19 15:34:27,464 - INFO - Processing DRTS - 2024-12-18 16:30:00 UTC
2025-01-19 15:34:27,700 - INFO - Retrieved article length: 4198 characters
2025-01-19 15:34:27,708 - INFO - DRRX: 1h change of -23.32%
2025-01-19 15:34:27,713 - INFO - DRRX: 1wk change of -25.19%
2025-01-19 15:34:27,719 - INFO - DRRX: 1mo change of -34.88%
2025-01-19 15:34:27,719 - INFO - Processing DRRX - 2024-11-14 00:08:40 UTC
2025-01-19 15:34:27,936 - INFO - Retrieved article length: 3724 characters
2025-01-19 15:34:27,951 - INFO - DRS: 1wk change of 7.33%
2025-01-19 15:34:28,002 - INFO - DRS: 1mo change of 2.03%
2025-01-19 15:34:28,002 - INFO - Processing DRS - 2025-01-01 12:01:33 UTC
2025-01-19 15:34:28,117 - INFO - Retrieved article length: 6462 characters
2025-01-19 15:34:28,127 - INFO - Retrieved article length: 9471 characters
2025-01-19 15:34:28,206 - INFO - DRTS: 1h change of 3.65%
2025-01-19 15:34:28,211 - INFO - DRUG: 1h change of 2.64%
2025-01-19 15:34:28,379 - INFO - DRUG: 1mo change of -20.04%
2025-01-19 15:34:28,380 - INFO - Processing DRUG - 2024-11-21 17:00:00 UTC
2025-01-19 15:34:28,380 - INFO - DRTS: 1mo change of 77.73%
2025-01-19 15:34:28,380 - INFO - Processing DRTS - 2024-12-17 17:00:00 UTC
2025-01-19 15:34:28,397 - INFO - Retrieved article length: 952 characters
2025-01-19 15:34:28,405 - INFO - DRRX: 1h change of -23.32%
2025-01-19 15:34:28,410 - INFO - DRRX: 1wk change of -25.19%
2025-01-19 15:34:28,415 - INFO - DRRX: 1mo change of -34.88%
2025-01-19 15:34:28,585 - INFO - Processing DRVN - 2024-12-18 14:51:17 UTC
2025-01-19 15:34:28,795 - INFO - Retrieved article length: 6367 characters
2025-01-19 15:34:28,895 - INFO - DRS: 1h change of 1.39%
2025-01-19 15:34:29,072 - INFO - DRS: 1mo change of 2.74%
2025-01-19 15:34:29,073 - INFO - Processing DRS - 2024-12-19 17:40:15 UTC
2025-01-19 15:34:29,168 - INFO - Retrieved article length: 6754 characters
2025-01-19 15:34:29,204 - INFO - Retrieved article length: 4740 characters
2025-01-19 15:34:29,252 - INFO - DRUG: 1h change of -3.88%
2025-01-19 15:34:29,259 - INFO - Retrieved article length: 7894 characters
2025-01-19 15:34:29,306 - INFO - DRVN: 1h change of -4.33%
2025-01-19 15:34:29,389 - INFO - DRTS: 1h change of 5.47%
2025-01-19 15:34:29,400 - INFO - DRVN: 1wk change of -3.22%
2025-01-19 15:34:29,417 - INFO - DRUG: 1mo change of 73.41%
2025-01-19 15:34:29,417 - INFO - Processing DRUG - 2024-11-06 14:30:13 UTC
2025-01-19 15:34:29,496 - INFO - DRVN: 1mo change of -5.13%
2025-01-19 15:34:29,496 - INFO - Processing DRVN - 2024-11-20 15:15:00 UTC
2025-01-19 15:34:29,556 - INFO - DRTS: 1mo change of 73.01%
2025-01-19 15:34:29,557 - INFO - Processing DRTS - 2024-12-11 16:30:00 UTC
2025-01-19 15:34:29,790 - INFO - Retrieved article length: 2908 characters
2025-01-19 15:34:29,890 - INFO - DRS: 1h change of -2.61%
2025-01-19 15:34:29,975 - INFO - DRS: 1wk change of -4.60%
2025-01-19 15:34:30,057 - INFO - DRS: 1mo change of 3.73%
2025-01-19 15:34:30,144 - INFO - Retrieved article length: 1163 characters
2025-01-19 15:34:30,209 - INFO - Processing DT - 2025-01-18 14:07:08 UTC
2025-01-19 15:34:30,228 - INFO - DRUG: 1h change of -1.63%
2025-01-19 15:34:30,262 - INFO - Retrieved article length: 2280 characters
2025-01-19 15:34:30,311 - INFO - DRUG: 1wk change of -16.86%
2025-01-19 15:34:30,324 - INFO - Retrieved article length: 1908 characters
2025-01-19 15:34:30,397 - INFO - DRUG: 1mo change of 3244.67%
2025-01-19 15:34:30,397 - INFO - Processing DRUG - 2024-11-04 22:41:00 UTC
2025-01-19 15:34:30,428 - INFO - DRVN: 1h change of -4.03%
2025-01-19 15:34:30,439 - INFO - DRTS: 1wk change of 2.65%
2025-01-19 15:34:30,526 - INFO - DRTS: 1mo change of 74.67%
2025-01-19 15:34:30,526 - INFO - Processing DRTS - 2024-12-06 16:30:00 UTC
2025-01-19 15:34:30,627 - INFO - DRVN: 1mo change of 9.57%
2025-01-19 15:34:30,628 - INFO - Processing DRVN - 2024-11-07 16:23:22 UTC
2025-01-19 15:34:30,851 - INFO - Retrieved article length: 11296 characters
2025-01-19 15:34:31,031 - INFO - DT: 1wk change of -1.78%
2025-01-19 15:34:31,112 - INFO - Retrieved article length: 6490 characters
2025-01-19 15:34:31,120 - INFO - DT: 1mo change of -6.37%
2025-01-19 15:34:31,120 - INFO - Processing DT - 2025-01-17 15:26:52 UTC
2025-01-19 15:34:31,191 - INFO - Retrieved article length: 1778 characters
2025-01-19 15:34:31,461 - INFO - Retrieved article length: 3595 characters
2025-01-19 15:34:31,829 - INFO - Retrieved article length: 506 characters
2025-01-19 15:34:32,596 - ERROR - DRUG: No price data found, symbol may be delisted (1h 2024-11-02 -> 2024-11-06)
2025-01-19 15:34:32,702 - INFO - DRVN: 1h change of 9.30%
2025-01-19 15:34:32,743 - INFO - DRTS: 1wk change of 7.34%
2025-01-19 15:34:32,788 - INFO - DRVN: 1wk change of 12.89%
2025-01-19 15:34:32,789 - INFO - DRUG: 1wk change of -13.83%
2025-01-19 15:34:32,829 - INFO - DRTS: 1mo change of 54.78%
2025-01-19 15:34:32,830 - INFO - Processing DRTS - 2024-12-02 03:09:46 UTC
2025-01-19 15:34:32,875 - INFO - DRVN: 1mo change of 18.91%
2025-01-19 15:34:32,875 - INFO - Processing DRVN - 2024-11-01 18:17:24 UTC
2025-01-19 15:34:32,878 - INFO - DRUG: 1mo change of 3191.45%
2025-01-19 15:34:32,989 - INFO - Processing DTCK - 2025-01-06 17:00:00 UTC
2025-01-19 15:34:33,169 - INFO - DT: 1h change of -1.11%
2025-01-19 15:34:33,255 - INFO - DT: 1wk change of -1.84%
2025-01-19 15:34:33,347 - INFO - DT: 1mo change of -5.72%
2025-01-19 15:34:33,348 - INFO - Processing DT - 2025-01-16 16:00:00 UTC
2025-01-19 15:34:33,558 - INFO - Retrieved article length: 2106 characters
2025-01-19 15:34:33,580 - INFO - Retrieved article length: 7088 characters
2025-01-19 15:34:33,654 - INFO - DRVN: 1h change of 3.72%
2025-01-19 15:34:33,668 - INFO - DRTS: 1h change of 6.74%
2025-01-19 15:34:33,738 - INFO - Retrieved article length: 6699 characters
2025-01-19 15:34:33,752 - INFO - DRTS: 1wk change of 32.33%
2025-01-19 15:34:33,752 - INFO - DRVN: 1wk change of 14.10%
2025-01-19 15:34:33,832 - INFO - DTCK: 1h change of -1.38%
2025-01-19 15:34:33,838 - INFO - DRVN: 1mo change of 17.40%
2025-01-19 15:34:33,838 - INFO - Processing DRVN - 2024-11-01 10:07:24 UTC
2025-01-19 15:34:33,839 - INFO - DRTS: 1mo change of 41.63%
2025-01-19 15:34:33,840 - INFO - Processing DRTS - 2024-11-20 00:00:00 UTC
2025-01-19 15:34:34,014 - INFO - DTCK: 1mo change of 21.51%
2025-01-19 15:34:34,014 - INFO - Processing DTCK - 2024-12-23 23:43:22 UTC
2025-01-19 15:34:34,051 - INFO - Retrieved article length: 3206 characters
2025-01-19 15:34:34,251 - INFO - DT: 1wk change of -4.17%
2025-01-19 15:34:34,345 - INFO - DT: 1mo change of -9.07%
2025-01-19 15:34:34,345 - INFO - Processing DT - 2025-01-16 16:00:00 UTC
2025-01-19 15:34:34,575 - INFO - Retrieved article length: 5152 characters
2025-01-19 15:34:34,582 - INFO - DRVN: 1h change of 3.72%
2025-01-19 15:34:34,589 - INFO - DRVN: 1wk change of 14.10%
2025-01-19 15:34:34,594 - INFO - DRVN: 1mo change of 17.40%
2025-01-19 15:34:34,594 - INFO - Processing DRVN - 2024-11-01 07:14:44 UTC
2025-01-19 15:34:34,595 - INFO - Retrieved article length: 12714 characters
2025-01-19 15:34:34,688 - INFO - DRTS: 1h change of 3.38%
2025-01-19 15:34:34,728 - INFO - Retrieved article length: 515 characters
2025-01-19 15:34:34,780 - INFO - DRTS: 1wk change of 24.44%
2025-01-19 15:34:34,823 - INFO - DTCK: 1h change of 5.83%
2025-01-19 15:34:34,870 - INFO - DRTS: 1mo change of 35.53%
2025-01-19 15:34:34,882 - INFO - Processing DRTS - 2024-11-13 16:30:00 UTC
2025-01-19 15:34:34,913 - INFO - DTCK: 1wk change of 1.17%
2025-01-19 15:34:35,063 - INFO - DTCK: 1mo change of 15.90%
2025-01-19 15:34:35,063 - INFO - Processing DTCK - 2024-12-23 23:05:00 UTC
2025-01-19 15:34:35,130 - INFO - Retrieved article length: 6444 characters
2025-01-19 15:34:35,192 - INFO - DT: 1wk change of -4.17%
2025-01-19 15:34:35,242 - INFO - DT: 1mo change of -9.07%
2025-01-19 15:34:35,243 - INFO - Processing DT - 2025-01-16 12:06:31 UTC
2025-01-19 15:34:35,462 - INFO - Retrieved article length: 51093 characters
2025-01-19 15:34:35,469 - INFO - DRVN: 1h change of 3.72%
2025-01-19 15:34:35,476 - INFO - DRVN: 1wk change of 14.10%
2025-01-19 15:34:35,482 - INFO - DRVN: 1mo change of 17.40%
2025-01-19 15:34:35,482 - INFO - Processing DRVN - 2024-10-31 16:30:40 UTC
2025-01-19 15:34:35,571 - INFO - Retrieved article length: 2067 characters
2025-01-19 15:34:35,757 - INFO - DRTS: 1wk change of 3.57%
2025-01-19 15:34:35,810 - INFO - Retrieved article length: 4260 characters
2025-01-19 15:34:35,819 - INFO - DTCK: 1h change of 5.83%
2025-01-19 15:34:35,824 - INFO - DTCK: 1wk change of 1.17%
2025-01-19 15:34:35,847 - INFO - DRTS: 1mo change of 38.05%
2025-01-19 15:34:35,875 - INFO - DTCK: 1mo change of 15.90%
2025-01-19 15:34:35,875 - INFO - Processing DTCK - 2024-11-13 10:39:00 UTC
2025-01-19 15:34:35,896 - INFO - Retrieved article length: 6533 characters
2025-01-19 15:34:35,955 - INFO - DT: 1wk change of -4.17%
2025-01-19 15:34:36,009 - INFO - DT: 1mo change of -9.07%
2025-01-19 15:34:36,009 - INFO - Processing DT - 2025-01-15 21:37:00 UTC
2025-01-19 15:34:36,031 - INFO - Processing DTE - 2025-01-15 21:56:35 UTC
2025-01-19 15:34:36,313 - INFO - Retrieved article length: 3741 characters
2025-01-19 15:34:36,406 - INFO - DRVN: 1h change of 2.29%
2025-01-19 15:34:36,499 - INFO - DRVN: 1wk change of 14.26%
2025-01-19 15:34:36,586 - INFO - DRVN: 1mo change of 17.05%
2025-01-19 15:34:36,586 - INFO - Processing DRVN - 2024-10-31 15:25:07 UTC
2025-01-19 15:34:36,669 - INFO - Retrieved article length: 5353 characters
2025-01-19 15:34:36,713 - INFO - Retrieved article length: 18181 characters
2025-01-19 15:34:36,798 - INFO - DTCK: 1h change of -7.13%
2025-01-19 15:34:36,817 - INFO - Retrieved article length: 492 characters
2025-01-19 15:34:36,844 - INFO - DT: 1wk change of -4.17%
2025-01-19 15:34:36,887 - INFO - DTCK: 1wk change of -15.30%
2025-01-19 15:34:36,909 - INFO - DTE: 1h change of 4.57%
2025-01-19 15:34:36,930 - INFO - DT: 1mo change of -8.86%
2025-01-19 15:34:36,931 - INFO - Processing DT - 2025-01-15 02:15:23 UTC
2025-01-19 15:34:36,977 - INFO - DTCK: 1mo change of -9.48%
2025-01-19 15:34:37,079 - INFO - DTE: 1wk change of 3.33%
2025-01-19 15:34:37,108 - INFO - Processing DTI - 2025-01-03 00:15:00 UTC
2025-01-19 15:34:37,278 - INFO - DTE: 1mo change of 3.13%
2025-01-19 15:34:37,278 - INFO - Processing DTE - 2025-01-13 20:08:51 UTC
2025-01-19 15:34:37,378 - INFO - Retrieved article length: 4295 characters
2025-01-19 15:34:37,386 - INFO - DRVN: 1h change of 2.29%
2025-01-19 15:34:37,392 - INFO - DRVN: 1wk change of 14.26%
2025-01-19 15:34:37,399 - INFO - DRVN: 1mo change of 17.05%
2025-01-19 15:34:37,556 - INFO - Processing DTIL - 2025-01-10 23:15:10 UTC
2025-01-19 15:34:37,597 - INFO - Retrieved article length: 3629 characters
2025-01-19 15:34:37,662 - INFO - DT: 1wk change of -4.17%
2025-01-19 15:34:37,712 - INFO - DT: 1mo change of -8.86%
2025-01-19 15:34:37,713 - INFO - Processing DT - 2025-01-14 16:00:00 UTC
2025-01-19 15:34:37,877 - INFO - Retrieved article length: 8050 characters
2025-01-19 15:34:37,965 - INFO - DTI: 1h change of 3.30%
2025-01-19 15:34:37,990 - INFO - Retrieved article length: 497 characters
2025-01-19 15:34:38,058 - INFO - DTI: 1wk change of 3.13%
2025-01-19 15:34:38,080 - INFO - DTE: 1h change of 1.55%
2025-01-19 15:34:38,149 - INFO - Processing DTI - 2025-01-02 14:22:08 UTC
2025-01-19 15:34:38,238 - INFO - Retrieved article length: 551 characters
2025-01-19 15:34:38,287 - INFO - DTE: 1wk change of 1.71%
2025-01-19 15:34:38,332 - INFO - DTIL: 1h change of 26.48%
2025-01-19 15:34:38,385 - INFO - Retrieved article length: 6098 characters
2025-01-19 15:34:38,414 - INFO - DTIL: 1wk change of 30.18%
2025-01-19 15:34:38,452 - INFO - DTE: 1mo change of 2.45%
2025-01-19 15:34:38,452 - INFO - Processing DTE - 2025-01-13 15:52:00 UTC
2025-01-19 15:34:38,504 - INFO - DTIL: 1mo change of -15.36%
2025-01-19 15:34:38,504 - INFO - Processing DTIL - 2025-01-10 17:16:39 UTC
2025-01-19 15:34:38,565 - INFO - DT: 1wk change of -4.17%
2025-01-19 15:34:38,692 - INFO - DT: 1mo change of -9.89%
2025-01-19 15:34:38,818 - INFO - Processing DTM - 2025-01-16 00:06:07 UTC
2025-01-19 15:34:38,969 - INFO - Retrieved article length: 4986 characters
2025-01-19 15:34:39,063 - INFO - DTI: 1h change of 8.18%
2025-01-19 15:34:39,151 - INFO - DTI: 1wk change of 3.79%
2025-01-19 15:34:39,240 - INFO - Processing DTI - 2024-11-22 13:27:32 UTC
2025-01-19 15:34:39,265 - INFO - Retrieved article length: 5415 characters
2025-01-19 15:34:39,275 - INFO - DTE: 1h change of 1.55%
2025-01-19 15:34:39,302 - INFO - Retrieved article length: 535 characters
2025-01-19 15:34:39,310 - INFO - DTIL: 1h change of 26.48%
2025-01-19 15:34:39,324 - INFO - DTE: 1wk change of 1.71%
2025-01-19 15:34:39,358 - INFO - DTIL: 1wk change of 30.18%
2025-01-19 15:34:39,374 - INFO - DTE: 1mo change of 2.45%
2025-01-19 15:34:39,374 - INFO - Processing DTE - 2025-01-13 15:37:00 UTC
2025-01-19 15:34:39,406 - INFO - DTIL: 1mo change of -15.36%
2025-01-19 15:34:39,407 - INFO - Processing DTIL - 2025-01-09 18:01:00 UTC
2025-01-19 15:34:39,590 - INFO - Retrieved article length: 155 characters
2025-01-19 15:34:39,691 - INFO - DTM: 1h change of 3.71%
2025-01-19 15:34:39,790 - INFO - DTM: 1wk change of 9.08%
2025-01-19 15:34:39,886 - INFO - DTM: 1mo change of 11.48%
2025-01-19 15:34:39,886 - INFO - Processing DTM - 2025-01-11 16:00:14 UTC
2025-01-19 15:34:39,940 - INFO - Retrieved article length: 4283 characters
2025-01-19 15:34:39,974 - INFO - Retrieved article length: 3849 characters
2025-01-19 15:34:39,982 - INFO - DTE: 1h change of 1.55%
2025-01-19 15:34:40,030 - INFO - DTI: 1h change of 4.57%
2025-01-19 15:34:40,031 - INFO - DTE: 1wk change of 1.71%
2025-01-19 15:34:40,081 - INFO - DTE: 1mo change of 2.45%
2025-01-19 15:34:40,081 - INFO - Processing DTE - 2025-01-02 17:40:11 UTC
2025-01-19 15:34:40,116 - INFO - DTI: 1wk change of 1.14%
2025-01-19 15:34:40,125 - INFO - Retrieved article length: 14120 characters
2025-01-19 15:34:40,211 - INFO - DTI: 1mo change of -7.78%
2025-01-19 15:34:40,211 - INFO - Processing DTI - 2024-11-15 14:45:39 UTC
2025-01-19 15:34:40,213 - INFO - DTIL: 1h change of 22.85%
2025-01-19 15:34:40,302 - INFO - DTIL: 1wk change of 16.43%
2025-01-19 15:34:40,393 - INFO - DTIL: 1mo change of -18.42%
2025-01-19 15:34:40,394 - INFO - Processing DTIL - 2025-01-09 16:00:00 UTC
2025-01-19 15:34:40,575 - INFO - Retrieved article length: 150 characters
2025-01-19 15:34:40,763 - INFO - DTM: 1wk change of 10.55%
2025-01-19 15:34:40,767 - INFO - Retrieved article length: 2408 characters
2025-01-19 15:34:40,856 - INFO - DTM: 1mo change of 14.86%
2025-01-19 15:34:40,857 - INFO - Processing DTM - 2024-12-31 17:00:00 UTC
2025-01-19 15:34:41,016 - INFO - Retrieved article length: 2090 characters
2025-01-19 15:34:41,019 - INFO - DTE: 1wk change of -1.02%
2025-01-19 15:34:41,140 - INFO - Retrieved article length: 12349 characters
2025-01-19 15:34:41,147 - INFO - DTIL: 1h change of 22.85%
2025-01-19 15:34:41,154 - INFO - DTIL: 1wk change of 16.43%
2025-01-19 15:34:41,191 - INFO - DTI: 1wk change of 8.26%
2025-01-19 15:34:41,193 - INFO - Processing DTE - 2024-12-22 23:03:50 UTC
2025-01-19 15:34:41,200 - INFO - DTIL: 1mo change of -18.42%
2025-01-19 15:34:41,200 - INFO - Processing DTIL - 2024-12-19 13:42:57 UTC
2025-01-19 15:34:41,284 - INFO - DTI: 1mo change of -12.33%
2025-01-19 15:34:41,285 - INFO - Processing DTI - 2024-11-15 10:16:26 UTC
2025-01-19 15:34:41,520 - INFO - Retrieved article length: 6500 characters
2025-01-19 15:34:41,719 - INFO - DTM: 1wk change of 4.11%
2025-01-19 15:34:41,811 - INFO - DTM: 1mo change of 6.14%
2025-01-19 15:34:41,811 - INFO - Processing DTM - 2024-12-31 17:00:00 UTC
2025-01-19 15:34:41,879 - INFO - Retrieved article length: 2674 characters
2025-01-19 15:34:41,879 - INFO - Retrieved article length: 7756 characters
2025-01-19 15:34:41,968 - INFO - DTE: 1h change of 1.14%
2025-01-19 15:34:41,970 - INFO - DTIL: 1h change of 3.15%
2025-01-19 15:34:41,995 - INFO - Retrieved article length: 5760 characters
2025-01-19 15:34:42,008 - INFO - DTI: 1wk change of 8.26%
2025-01-19 15:34:42,013 - INFO - DTI: 1mo change of -12.33%
2025-01-19 15:34:42,014 - INFO - Processing DTI - 2024-11-14 00:15:00 UTC
2025-01-19 15:34:42,056 - INFO - DTIL: 1wk change of -21.85%
2025-01-19 15:34:42,169 - INFO - DTIL: 1mo change of -35.58%
2025-01-19 15:34:42,170 - INFO - Processing DTIL - 2024-12-18 15:01:00 UTC
2025-01-19 15:34:42,357 - INFO - DTE: 1mo change of 3.55%
2025-01-19 15:34:42,357 - INFO - Processing DTE - 2024-12-20 17:28:39 UTC
2025-01-19 15:34:42,923 - INFO - DTI: 1wk change of 9.94%
2025-01-19 15:34:42,987 - INFO - DTIL: 1h change of -12.27%
2025-01-19 15:34:43,012 - INFO - Retrieved article length: 8154 characters
2025-01-19 15:34:43,013 - INFO - Processing DTI - 2024-11-13 15:27:15 UTC
2025-01-19 15:34:43,024 - INFO - DTM: 1wk change of 4.11%
2025-01-19 15:34:43,073 - INFO - DTIL: 1wk change of -21.85%
2025-01-19 15:34:43,076 - INFO - DTM: 1mo change of 6.14%
2025-01-19 15:34:43,076 - INFO - Processing DTM - 2024-12-29 17:14:11 UTC
2025-01-19 15:34:43,161 - INFO - DTIL: 1mo change of -38.61%
2025-01-19 15:34:43,162 - INFO - Processing DTIL - 2024-11-21 15:01:00 UTC
2025-01-19 15:34:43,587 - INFO - Retrieved article length: 530 characters
2025-01-19 15:34:43,776 - INFO - DTI: 1h change of 2.05%
2025-01-19 15:34:43,863 - INFO - DTI: 1wk change of 9.94%
2025-01-19 15:34:43,952 - INFO - DTI: 1mo change of -3.89%
2025-01-19 15:34:43,952 - INFO - Processing DTI - 2024-10-31 15:00:00 UTC
2025-01-19 15:34:44,022 - INFO - DTE: 1mo change of 3.91%
2025-01-19 15:34:44,023 - INFO - Processing DTE - 2024-12-13 20:00:10 UTC
2025-01-19 15:34:44,039 - INFO - DTIL: 1wk change of -13.01%
2025-01-19 15:34:44,124 - INFO - DTIL: 1mo change of -49.78%
2025-01-19 15:34:44,124 - INFO - Processing DTIL - 2024-11-15 15:00:00 UTC
2025-01-19 15:34:44,267 - INFO - Retrieved article length: 5649 characters
2025-01-19 15:34:44,468 - INFO - DTM: 1wk change of 6.11%
2025-01-19 15:34:44,566 - INFO - DTM: 1mo change of 7.17%
2025-01-19 15:34:44,567 - INFO - Processing DTM - 2024-12-26 17:28:38 UTC
2025-01-19 15:34:44,757 - INFO - DTI: 1h change of 2.48%
2025-01-19 15:34:44,847 - INFO - DTI: 1wk change of -1.47%
2025-01-19 15:34:44,888 - INFO - DTIL: 1h change of -9.12%
2025-01-19 15:34:44,937 - INFO - DTI: 1mo change of -3.17%
2025-01-19 15:34:44,968 - INFO - DTE: 1wk change of -1.39%
2025-01-19 15:34:44,972 - INFO - DTIL: 1wk change of -14.18%
2025-01-19 15:34:45,058 - INFO - DTIL: 1mo change of -48.43%
2025-01-19 15:34:45,108 - INFO - Processing DTSS - 2025-01-17 21:23:30 UTC
2025-01-19 15:34:45,134 - INFO - DTE: 1mo change of 5.35%
2025-01-19 15:34:45,175 - INFO - Processing DTST - 2024-12-10 23:08:09 UTC
2025-01-19 15:34:45,379 - INFO - DTM: 1h change of -1.89%
2025-01-19 15:34:45,475 - INFO - Processing DUK - 2025-01-17 18:44:00 UTC
2025-01-19 15:34:45,481 - INFO - DTM: 1wk change of 4.29%
2025-01-19 15:34:45,572 - INFO - DTM: 1mo change of 4.52%
2025-01-19 15:34:45,572 - INFO - Processing DTM - 2024-12-07 00:01:00 UTC
2025-01-19 15:34:46,003 - INFO - DTST: 1h change of -5.02%
2025-01-19 15:34:46,092 - INFO - DTST: 1wk change of -5.75%
2025-01-19 15:34:46,181 - INFO - DTST: 1mo change of 22.70%
2025-01-19 15:34:46,182 - INFO - Processing DTST - 2024-11-19 12:00:00 UTC
2025-01-19 15:34:46,342 - INFO - Retrieved article length: 4983 characters
2025-01-19 15:34:46,438 - INFO - DTM: 1wk change of -5.44%
2025-01-19 15:34:46,441 - INFO - DTSS: 1h change of -3.23%
2025-01-19 15:34:46,534 - INFO - DTSS: 1wk change of -10.26%
2025-01-19 15:34:46,542 - INFO - DTM: 1mo change of 16.00%
2025-01-19 15:34:46,542 - INFO - Processing DTM - 2024-11-22 00:05:00 UTC
2025-01-19 15:34:46,625 - INFO - DTSS: 1mo change of -4.55%
2025-01-19 15:34:46,626 - INFO - Processing DTSS - 2025-01-06 20:21:38 UTC
2025-01-19 15:34:46,708 - INFO - Retrieved article length: 4666 characters
2025-01-19 15:34:46,815 - INFO - DUK: 1h change of 1.92%
2025-01-19 15:34:46,946 - INFO - DTST: 1h change of 2.40%
2025-01-19 15:34:46,951 - INFO - DUK: 1wk change of 2.29%
2025-01-19 15:34:47,041 - INFO - DTST: 1wk change of -21.69%
2025-01-19 15:34:47,084 - INFO - Processing DUK - 2025-01-17 18:01:00 UTC
2025-01-19 15:34:47,184 - INFO - DTST: 1mo change of 12.89%
2025-01-19 15:34:47,185 - INFO - Processing DTST - 2024-11-16 15:25:43 UTC
2025-01-19 15:34:47,316 - INFO - DTM: 1h change of 6.78%
2025-01-19 15:34:47,407 - INFO - DTM: 1wk change of 6.38%
2025-01-19 15:34:47,505 - INFO - DTM: 1mo change of 16.30%
2025-01-19 15:34:47,629 - INFO - Processing DUO - 2024-12-27 15:26:07 UTC
2025-01-19 15:34:47,883 - INFO - Retrieved article length: 504 characters
2025-01-19 15:34:47,974 - INFO - DTSS: 1h change of -3.33%
2025-01-19 15:34:47,975 - INFO - DTST: 1h change of -10.90%
2025-01-19 15:34:48,065 - INFO - DTST: 1wk change of 13.47%
2025-01-19 15:34:48,155 - INFO - DTST: 1mo change of 15.70%
2025-01-19 15:34:48,155 - INFO - DTSS: 1mo change of -17.65%
2025-01-19 15:34:48,155 - INFO - Processing DTST - 2024-11-15 12:00:00 UTC
2025-01-19 15:34:48,155 - INFO - Processing DTSS - 2025-01-06 17:45:00 UTC
2025-01-19 15:34:48,236 - INFO - Retrieved article length: 3387 characters
2025-01-19 15:34:48,245 - INFO - DUK: 1h change of 1.92%
2025-01-19 15:34:48,296 - INFO - DUK: 1wk change of 2.29%
2025-01-19 15:34:48,350 - INFO - Processing DUK - 2025-01-17 15:00:28 UTC
2025-01-19 15:34:48,887 - INFO - Retrieved article length: 528 characters
2025-01-19 15:34:48,923 - INFO - DTST: 1h change of -24.23%
2025-01-19 15:34:48,979 - INFO - DUO: 1h change of -8.17%
2025-01-19 15:34:49,010 - INFO - DTST: 1wk change of 13.79%
2025-01-19 15:34:49,069 - INFO - DUO: 1wk change of -15.33%
2025-01-19 15:34:49,103 - INFO - DTST: 1mo change of 14.21%
2025-01-19 15:34:49,103 - INFO - Processing DTST - 2024-11-14 12:00:00 UTC
2025-01-19 15:34:49,157 - INFO - DUO: 1mo change of 16.86%
2025-01-19 15:34:49,157 - INFO - Processing DUO - 2024-12-27 15:00:00 UTC
2025-01-19 15:34:49,335 - INFO - Retrieved article length: 8567 characters
2025-01-19 15:34:49,343 - INFO - DTSS: 1h change of -3.33%
2025-01-19 15:34:49,398 - INFO - DTSS: 1mo change of -17.65%
2025-01-19 15:34:49,398 - INFO - Processing DTSS - 2024-12-02 19:07:45 UTC
2025-01-19 15:34:49,586 - INFO - Retrieved article length: 4564 characters
2025-01-19 15:34:49,595 - INFO - DUK: 1h change of 1.92%
2025-01-19 15:34:49,644 - INFO - DUK: 1wk change of 2.29%
2025-01-19 15:34:49,696 - INFO - Processing DUK - 2025-01-16 19:55:00 UTC
2025-01-19 15:34:49,871 - INFO - DTST: 1h change of -25.13%
2025-01-19 15:34:49,975 - INFO - DTST: 1wk change of 13.14%
2025-01-19 15:34:50,064 - INFO - DTST: 1mo change of 16.39%
2025-01-19 15:34:50,064 - INFO - Processing DTST - 2024-11-12 12:00:00 UTC
2025-01-19 15:34:50,160 - INFO - DTSS: 1h change of -10.02%
2025-01-19 15:34:50,256 - INFO - DTSS: 1wk change of -12.83%
2025-01-19 15:34:50,341 - INFO - Retrieved article length: 4090 characters
2025-01-19 15:34:50,346 - INFO - DTSS: 1mo change of -2.10%
2025-01-19 15:34:50,346 - INFO - Processing DTSS - 2024-12-02 17:45:00 UTC
2025-01-19 15:34:50,350 - INFO - DUO: 1h change of -8.17%
2025-01-19 15:34:50,355 - INFO - DUO: 1wk change of -15.33%
2025-01-19 15:34:50,406 - INFO - DUO: 1mo change of 16.86%
2025-01-19 15:34:50,406 - INFO - Processing DUO - 2024-12-12 12:09:35 UTC
2025-01-19 15:34:50,840 - INFO - DTST: 1h change of 11.11%
2025-01-19 15:34:50,927 - INFO - DTST: 1wk change of 12.00%
2025-01-19 15:34:50,969 - INFO - Retrieved article length: 4863 characters
2025-01-19 15:34:51,015 - INFO - DTST: 1mo change of 25.00%
2025-01-19 15:34:51,015 - INFO - Processing DTST - 2024-11-11 23:08:20 UTC
2025-01-19 15:34:51,071 - INFO - DUK: 1h change of 3.12%
2025-01-19 15:34:51,158 - INFO - DTSS: 1h change of -10.02%
2025-01-19 15:34:51,162 - INFO - DTSS: 1wk change of -12.83%
2025-01-19 15:34:51,168 - INFO - DTSS: 1mo change of -2.10%
2025-01-19 15:34:51,169 - INFO - Processing DTSS - 2024-11-19 17:45:00 UTC
2025-01-19 15:34:51,184 - INFO - DUO: 1h change of 13.32%
2025-01-19 15:34:51,235 - INFO - DUK: 1wk change of 2.72%
2025-01-19 15:34:51,281 - INFO - DUO: 1wk change of 12.61%
2025-01-19 15:34:51,374 - INFO - DUO: 1mo change of -55.80%
2025-01-19 15:34:51,374 - INFO - Processing DUO - 2024-12-09 21:02:59 UTC
2025-01-19 15:34:51,397 - INFO - Processing DUK - 2025-01-16 19:00:00 UTC
2025-01-19 15:34:51,792 - INFO - DTST: 1h change of 7.63%
2025-01-19 15:34:51,887 - INFO - DTST: 1wk change of 15.04%
2025-01-19 15:34:51,945 - INFO - DTSS: 1h change of 5.00%
2025-01-19 15:34:51,971 - INFO - DTST: 1mo change of 24.73%
2025-01-19 15:34:51,972 - INFO - Processing DTST - 2024-11-06 12:00:00 UTC
2025-01-19 15:34:52,037 - INFO - DTSS: 1wk change of -4.96%
2025-01-19 15:34:52,127 - INFO - DTSS: 1mo change of -4.95%
2025-01-19 15:34:52,128 - INFO - Processing DTSS - 2024-11-15 05:02:25 UTC
2025-01-19 15:34:52,173 - INFO - DUO: 1h change of -42.82%
2025-01-19 15:34:52,264 - INFO - DUO: 1wk change of 18.31%
2025-01-19 15:34:52,358 - INFO - DUO: 1mo change of -55.17%
2025-01-19 15:34:52,359 - INFO - Processing DUO - 2024-12-09 20:30:00 UTC
2025-01-19 15:34:52,562 - INFO - Retrieved article length: 6290 characters
2025-01-19 15:34:52,570 - INFO - DUK: 1h change of 3.12%
2025-01-19 15:34:52,620 - INFO - DUK: 1wk change of 2.72%
2025-01-19 15:34:52,672 - INFO - Processing DUK - 2025-01-16 12:39:22 UTC
2025-01-19 15:34:52,801 - INFO - DTST: 1h change of 3.34%
2025-01-19 15:34:52,893 - INFO - DTST: 1wk change of 8.14%
2025-01-19 15:34:52,921 - INFO - DTSS: 1h change of -5.20%
2025-01-19 15:34:52,985 - INFO - DTST: 1mo change of 30.49%
2025-01-19 15:34:53,009 - INFO - DTSS: 1wk change of 9.50%
2025-01-19 15:34:53,062 - INFO - DUO: 1h change of -42.82%
2025-01-19 15:34:53,067 - INFO - DUO: 1wk change of 18.31%
2025-01-19 15:34:53,073 - INFO - DUO: 1mo change of -55.17%
2025-01-19 15:34:53,073 - INFO - Processing DUO - 2024-11-07 22:20:00 UTC
2025-01-19 15:34:53,094 - INFO - DTSS: 1mo change of -13.25%
2025-01-19 15:34:53,094 - INFO - Processing DTSS - 2024-11-13 17:30:00 UTC
2025-01-19 15:34:53,108 - INFO - Processing DUOL - 2025-01-18 17:04:00 UTC
2025-01-19 15:34:53,867 - INFO - DUO: 1h change of -11.60%
2025-01-19 15:34:53,882 - INFO - DUOL: 1h change of 3.33%
2025-01-19 15:34:53,887 - INFO - DTSS: 1h change of -8.62%
2025-01-19 15:34:53,891 - INFO - Retrieved article length: 8354 characters
2025-01-19 15:34:53,900 - INFO - DUK: 1h change of 3.12%
2025-01-19 15:34:53,955 - INFO - DUO: 1wk change of -44.92%
2025-01-19 15:34:53,968 - INFO - DUOL: 1wk change of 8.66%
2025-01-19 15:34:53,972 - INFO - DTSS: 1wk change of 3.80%
2025-01-19 15:34:54,014 - INFO - Processing DUK - 2025-01-15 22:58:40 UTC
2025-01-19 15:34:54,054 - INFO - DUO: 1mo change of -77.29%
2025-01-19 15:34:54,056 - INFO - Processing DUOL - 2025-01-17 23:33:00 UTC
2025-01-19 15:34:54,061 - INFO - DTSS: 1mo change of -5.36%
2025-01-19 15:34:54,164 - INFO - Processing DUOT - 2025-01-15 16:20:53 UTC
2025-01-19 15:34:54,334 - INFO - Processing DV - 2025-01-15 12:06:42 UTC
2025-01-19 15:34:55,239 - INFO - Retrieved article length: 176 characters
2025-01-19 15:34:55,247 - INFO - Retrieved article length: 501 characters
2025-01-19 15:34:55,334 - INFO - DUOL: 1h change of 9.05%
2025-01-19 15:34:55,379 - INFO - Retrieved article length: 5555 characters
2025-01-19 15:34:55,389 - INFO - DUK: 1h change of 3.28%
2025-01-19 15:34:55,445 - INFO - DUOL: 1wk change of 9.61%
2025-01-19 15:34:55,477 - INFO - DUOT: 1h change of 11.02%
2025-01-19 15:34:55,518 - INFO - DUK: 1wk change of 2.72%
2025-01-19 15:34:55,534 - INFO - DUOL: 1mo change of 3.86%
2025-01-19 15:34:55,534 - INFO - Processing DUOL - 2025-01-17 13:02:16 UTC
2025-01-19 15:34:55,549 - INFO - Retrieved article length: 6328 characters
2025-01-19 15:34:55,567 - INFO - DUOT: 1wk change of -26.02%
2025-01-19 15:34:55,637 - INFO - DV: 1h change of 1.78%
2025-01-19 15:34:55,657 - INFO - DUOT: 1mo change of 29.46%
2025-01-19 15:34:55,657 - INFO - Processing DUOT - 2025-01-06 16:00:00 UTC
2025-01-19 15:34:55,662 - INFO - Processing DUK - 2025-01-15 02:00:20 UTC
2025-01-19 15:34:55,822 - INFO - DV: 1mo change of -6.26%
2025-01-19 15:34:55,822 - INFO - Processing DV - 2025-01-13 20:45:05 UTC
2025-01-19 15:34:56,707 - INFO - Retrieved article length: 6721 characters
2025-01-19 15:34:56,717 - INFO - DUOL: 1h change of 9.05%
2025-01-19 15:34:56,767 - INFO - DUOL: 1wk change of 9.61%
2025-01-19 15:34:56,813 - INFO - DUOL: 1mo change of 3.86%
2025-01-19 15:34:56,814 - INFO - Processing DUOL - 2025-01-17 00:31:29 UTC
2025-01-19 15:34:56,843 - INFO - Retrieved article length: 6863 characters
2025-01-19 15:34:56,848 - INFO - Retrieved article length: 3276 characters
2025-01-19 15:34:56,857 - INFO - DUK: 1h change of 3.28%
2025-01-19 15:34:56,908 - INFO - DUK: 1wk change of 2.72%
2025-01-19 15:34:56,933 - INFO - DUOT: 1h change of -10.26%
2025-01-19 15:34:57,020 - INFO - DUOT: 1wk change of -17.71%
2025-01-19 15:34:57,108 - INFO - DUOT: 1mo change of 14.17%
2025-01-19 15:34:57,108 - INFO - Processing DUOT - 2024-12-19 16:00:00 UTC
2025-01-19 15:34:57,124 - INFO - Retrieved article length: 4271 characters
2025-01-19 15:34:57,400 - INFO - DV: 1mo change of -4.28%
2025-01-19 15:34:57,401 - INFO - Processing DV - 2025-01-13 20:00:11 UTC
2025-01-19 15:34:58,107 - INFO - Retrieved article length: 517 characters
2025-01-19 15:34:58,116 - INFO - DUOL: 1h change of 9.05%
2025-01-19 15:34:58,166 - INFO - DUOL: 1wk change of 9.61%
2025-01-19 15:34:58,217 - INFO - DUOL: 1mo change of 3.86%
2025-01-19 15:34:58,218 - INFO - Processing DUOL - 2025-01-17 00:16:22 UTC
2025-01-19 15:34:58,315 - INFO - Retrieved article length: 9734 characters
2025-01-19 15:34:58,411 - INFO - DUOT: 1h change of 28.17%
2025-01-19 15:34:58,509 - INFO - DUOT: 1wk change of 34.60%
2025-01-19 15:34:58,597 - INFO - DUOT: 1mo change of 47.21%
2025-01-19 15:34:58,597 - INFO - Processing DUOT - 2024-11-27 15:00:00 UTC
2025-01-19 15:34:58,615 - INFO - Retrieved article length: 4699 characters
2025-01-19 15:34:58,725 - INFO - DV: 1mo change of -4.28%
2025-01-19 15:34:58,726 - INFO - Processing DV - 2025-01-13 15:08:03 UTC
2025-01-19 15:34:59,397 - INFO - DUOT: 1h change of 17.72%
2025-01-19 15:34:59,483 - INFO - Retrieved article length: 964 characters
2025-01-19 15:34:59,487 - INFO - DUOT: 1wk change of 15.75%
2025-01-19 15:34:59,492 - INFO - DUOL: 1h change of 9.05%
2025-01-19 15:34:59,539 - INFO - DUOL: 1wk change of 9.61%
2025-01-19 15:34:59,572 - INFO - DUOT: 1mo change of 41.37%
2025-01-19 15:34:59,572 - INFO - Processing DUOT - 2024-11-20 16:10:00 UTC
2025-01-19 15:34:59,585 - INFO - DUOL: 1mo change of 3.86%
2025-01-19 15:34:59,585 - INFO - Processing DUOL - 2025-01-16 18:00:00 UTC
2025-01-19 15:35:00,002 - INFO - Retrieved article length: 3958 characters
2025-01-19 15:35:00,113 - INFO - DV: 1mo change of -4.28%
2025-01-19 15:35:00,113 - INFO - Processing DV - 2025-01-10 21:06:59 UTC
2025-01-19 15:35:00,337 - INFO - DUOT: 1h change of 26.94%
2025-01-19 15:35:00,422 - INFO - DUOT: 1wk change of 12.63%
2025-01-19 15:35:00,514 - INFO - DUOT: 1mo change of 29.71%
2025-01-19 15:35:00,514 - INFO - Processing DUOT - 2024-11-20 03:00:00 UTC
2025-01-19 15:35:00,788 - INFO - Retrieved article length: 2943 characters
2025-01-19 15:35:00,893 - INFO - DUOL: 1h change of 9.08%
2025-01-19 15:35:00,983 - INFO - DUOL: 1wk change of 4.28%
2025-01-19 15:35:01,073 - INFO - DUOL: 1mo change of 3.42%
2025-01-19 15:35:01,073 - INFO - Processing DUOL - 2025-01-16 02:20:33 UTC
2025-01-19 15:35:01,226 - INFO - DUOT: 1h change of 26.94%
2025-01-19 15:35:01,232 - INFO - DUOT: 1wk change of 12.63%
2025-01-19 15:35:01,238 - INFO - DUOT: 1mo change of 29.71%
2025-01-19 15:35:01,238 - INFO - Processing DUOT - 2024-11-12 16:00:00 UTC
2025-01-19 15:35:01,363 - INFO - Retrieved article length: 7433 characters
2025-01-19 15:35:01,460 - INFO - DV: 1h change of -3.69%
2025-01-19 15:35:01,551 - INFO - DV: 1wk change of 1.35%
2025-01-19 15:35:01,642 - INFO - DV: 1mo change of -5.81%
2025-01-19 15:35:01,642 - INFO - Processing DV - 2025-01-09 18:00:00 UTC
2025-01-19 15:35:01,778 - INFO - DUOL: 1h change of 9.08%
2025-01-19 15:35:01,832 - INFO - DUOL: 1wk change of 4.28%
2025-01-19 15:35:01,883 - INFO - DUOL: 1mo change of 3.42%
2025-01-19 15:35:01,883 - INFO - Processing DUOL - 2025-01-15 12:03:01 UTC
2025-01-19 15:35:02,015 - INFO - DUOT: 1h change of -4.80%
2025-01-19 15:35:02,158 - INFO - DUOT: 1wk change of 14.25%
2025-01-19 15:35:02,252 - INFO - DUOT: 1mo change of 32.50%
2025-01-19 15:35:02,252 - INFO - Processing DUOT - 2024-11-07 16:00:00 UTC
2025-01-19 15:35:02,855 - INFO - Retrieved article length: 1664 characters
2025-01-19 15:35:03,047 - INFO - DUOT: 1h change of 10.35%
2025-01-19 15:35:03,081 - INFO - Retrieved article length: 6423 characters
2025-01-19 15:35:03,145 - INFO - DUOT: 1wk change of -9.62%
2025-01-19 15:35:03,167 - INFO - DUOL: 1h change of 10.82%
2025-01-19 15:35:03,177 - INFO - DV: 1mo change of -5.30%
2025-01-19 15:35:03,177 - INFO - Processing DV - 2025-01-08 20:32:05 UTC
2025-01-19 15:35:03,240 - INFO - DUOT: 1mo change of 50.34%
2025-01-19 15:35:03,256 - INFO - DUOL: 1wk change of 4.28%
2025-01-19 15:35:03,344 - INFO - DUOL: 1mo change of 1.97%
2025-01-19 15:35:04,543 - INFO - Retrieved article length: 3270 characters
2025-01-19 15:35:04,640 - INFO - DV: 1h change of 1.73%
2025-01-19 15:35:04,828 - INFO - DV: 1mo change of -7.55%
2025-01-19 15:35:04,828 - INFO - Processing DV - 2025-01-04 15:21:33 UTC
2025-01-19 15:35:06,077 - INFO - Retrieved article length: 1931 characters
2025-01-19 15:35:06,272 - INFO - DV: 1wk change of -3.93%
2025-01-19 15:35:06,367 - INFO - DV: 1mo change of -6.08%
