2025-01-19 11:53:45,322 - INFO - Starting new training session. Logging to: logs/training_20250119_115345.log
2025-01-19 11:53:45,322 - INFO - Starting new training session. Logging to: logs/training_20250119_115345.log
2025-01-19 11:53:46,848 - INFO - Processing AEP - 2025-01-17 18:05:00 UTC
2025-01-19 11:53:46,868 - INFO - Processing AEO - 2025-01-17 12:02:37 UTC
2025-01-19 11:53:47,965 - INFO - Retrieved article length: 3651 characters
2025-01-19 11:53:47,965 - INFO - Retrieved article length: 8292 characters
2025-01-19 11:53:48,088 - INFO - AEO: 1h change of -1.17%
2025-01-19 11:53:48,111 - INFO - AEP: 1h change of 2.43%
2025-01-19 11:53:48,201 - INFO - AEO: 1wk change of -3.40%
2025-01-19 11:53:48,258 - INFO - AEP: 1wk change of 7.49%
2025-01-19 11:53:48,345 - INFO - AEO: 1mo change of -6.09%
2025-01-19 11:53:48,413 - INFO - AEP: 1mo change of 4.90%
2025-01-19 11:53:48,847 - INFO - Processing AEO - 2025-01-16 20:36:26 UTC
2025-01-19 11:53:48,916 - INFO - Processing AEP - 2025-01-17 14:00:28 UTC
2025-01-19 11:53:49,994 - INFO - Retrieved article length: 3781 characters
2025-01-19 11:53:50,004 - INFO - AEP: 1h change of 2.43%
2025-01-19 11:53:50,029 - INFO - Retrieved article length: 5124 characters
2025-01-19 11:53:50,051 - INFO - AEP: 1wk change of 7.49%
2025-01-19 11:53:50,092 - INFO - AEP: 1mo change of 4.90%
2025-01-19 11:53:50,128 - INFO - AEO: 1h change of 1.46%
2025-01-19 11:53:50,397 - INFO - AEO: 1wk change of -6.20%
2025-01-19 11:53:50,533 - INFO - AEO: 1mo change of -6.90%
2025-01-19 11:53:50,605 - INFO - Processing AEP - 2025-01-14 23:22:00 UTC
2025-01-19 11:53:51,034 - INFO - Processing AEO - 2025-01-16 14:28:00 UTC
2025-01-19 11:53:51,836 - INFO - Retrieved article length: 140 characters
2025-01-19 11:53:51,937 - INFO - AEP: 1h change of 2.03%
2025-01-19 11:53:52,119 - INFO - AEP: 1wk change of 7.67%
2025-01-19 11:53:52,196 - INFO - Retrieved article length: 1463 characters
2025-01-19 11:53:52,213 - INFO - AEO: 1h change of 1.46%
2025-01-19 11:53:52,262 - INFO - AEO: 1wk change of -6.20%
2025-01-19 11:53:52,310 - INFO - AEO: 1mo change of -6.90%
2025-01-19 11:53:52,317 - INFO - AEP: 1mo change of 2.26%
2025-01-19 11:53:52,812 - INFO - Processing AEO - 2025-01-15 17:00:12 UTC
2025-01-19 11:53:52,819 - INFO - Processing AEP - 2025-01-12 14:00:20 UTC
2025-01-19 11:53:53,969 - INFO - Retrieved article length: 5958 characters
2025-01-19 11:53:53,971 - INFO - Retrieved article length: 4853 characters
2025-01-19 11:53:54,181 - INFO - AEO: 1wk change of -6.20%
2025-01-19 11:53:54,213 - INFO - AEP: 1wk change of 5.78%
2025-01-19 11:53:54,292 - INFO - AEO: 1mo change of -8.49%
2025-01-19 11:53:54,419 - INFO - AEP: 1mo change of 1.75%
2025-01-19 11:53:54,795 - INFO - Processing AEO - 2025-01-15 00:09:46 UTC
2025-01-19 11:53:54,920 - INFO - Processing AEP - 2025-01-11 18:50:16 UTC
2025-01-19 11:53:55,948 - INFO - Retrieved article length: 1213 characters
2025-01-19 11:53:56,003 - INFO - AEO: 1wk change of -6.20%
2025-01-19 11:53:56,022 - INFO - Retrieved article length: 1707 characters
2025-01-19 11:53:56,051 - INFO - AEO: 1mo change of -8.49%
2025-01-19 11:53:56,270 - INFO - AEP: 1wk change of 5.78%
2025-01-19 11:53:56,423 - INFO - AEP: 1mo change of 1.75%
2025-01-19 11:53:56,551 - INFO - Processing AEO - 2025-01-14 19:38:00 UTC
2025-01-19 11:53:56,939 - INFO - Processing AEP - 2025-01-11 18:25:27 UTC
2025-01-19 11:53:57,663 - INFO - Retrieved article length: 4366 characters
2025-01-19 11:53:57,741 - INFO - AEO: 1h change of 3.67%
2025-01-19 11:53:57,876 - INFO - AEO: 1wk change of -6.20%
2025-01-19 11:53:57,987 - INFO - AEO: 1mo change of -8.74%
2025-01-19 11:53:58,026 - INFO - Retrieved article length: 1530 characters
2025-01-19 11:53:58,088 - INFO - AEP: 1wk change of 5.78%
2025-01-19 11:53:58,139 - INFO - AEP: 1mo change of 1.75%
2025-01-19 11:53:58,489 - INFO - Processing AEO - 2025-01-14 00:24:23 UTC
2025-01-19 11:53:58,640 - INFO - Processing AEP - 2025-01-11 17:50:18 UTC
2025-01-19 11:53:59,599 - INFO - Retrieved article length: 156 characters
2025-01-19 11:53:59,614 - INFO - AEO: 1h change of 3.67%
2025-01-19 11:53:59,669 - INFO - AEO: 1wk change of -6.20%
2025-01-19 11:53:59,713 - INFO - AEO: 1mo change of -8.74%
2025-01-19 11:53:59,810 - INFO - Retrieved article length: 2239 characters
2025-01-19 11:53:59,870 - INFO - AEP: 1wk change of 5.78%
2025-01-19 11:53:59,927 - INFO - AEP: 1mo change of 1.75%
2025-01-19 11:54:00,220 - INFO - Processing AEO - 2025-01-13 23:53:12 UTC
2025-01-19 11:54:00,429 - INFO - Processing AEP - 2025-01-09 23:37:00 UTC
2025-01-19 11:54:01,399 - INFO - Retrieved article length: 7841 characters
2025-01-19 11:54:01,475 - INFO - AEO: 1h change of 2.51%
2025-01-19 11:54:01,597 - INFO - AEO: 1wk change of -5.98%
2025-01-19 11:54:01,630 - INFO - Retrieved article length: 179 characters
2025-01-19 11:54:01,715 - INFO - AEO: 1mo change of -8.74%
2025-01-19 11:54:01,717 - INFO - AEP: 1h change of 2.34%
2025-01-19 11:54:01,871 - INFO - AEP: 1wk change of 5.64%
2025-01-19 11:54:03,339 - INFO - Processing AERT - 2024-11-20 01:18:00 UTC
2025-01-19 11:54:03,703 - INFO - Processing AES - 2025-01-17 17:40:05 UTC
2025-01-19 11:54:04,664 - INFO - Retrieved article length: 21329 characters
2025-01-19 11:54:04,759 - INFO - Retrieved article length: 2632 characters
2025-01-19 11:54:04,764 - INFO - AERT: 1h change of 1.32%
2025-01-19 11:54:04,853 - INFO - AERT: 1wk change of -23.39%
2025-01-19 11:54:04,858 - INFO - AES: 1h change of -2.52%
2025-01-19 11:54:04,933 - INFO - AERT: 1mo change of -54.46%
2025-01-19 11:54:05,000 - INFO - AES: 1wk change of -8.73%
2025-01-19 11:54:05,129 - INFO - AES: 1mo change of -11.46%
2025-01-19 11:54:05,442 - INFO - Processing AERT - 2024-10-31 15:30:00 UTC
2025-01-19 11:54:05,631 - INFO - Processing AES - 2025-01-12 13:48:00 UTC
2025-01-19 11:54:06,624 - INFO - Retrieved article length: 3696 characters
2025-01-19 11:54:06,721 - INFO - AERT: 1h change of -4.12%
2025-01-19 11:54:06,800 - INFO - Retrieved article length: 5013 characters
2025-01-19 11:54:06,800 - INFO - AERT: 1wk change of -25.29%
2025-01-19 11:54:06,884 - INFO - AERT: 1mo change of -56.83%
2025-01-19 11:54:06,884 - INFO - AES: 1h change of -4.02%
2025-01-19 11:54:07,026 - INFO - AES: 1wk change of -9.43%
2025-01-19 11:54:07,150 - INFO - AES: 1mo change of -13.09%
2025-01-19 11:54:07,398 - INFO - Processing AERT - 2024-10-24 23:05:00 UTC
2025-01-19 11:54:07,652 - INFO - Processing AES - 2025-01-09 23:05:21 UTC
2025-01-19 11:54:08,494 - INFO - Retrieved article length: 1998 characters
2025-01-19 11:54:08,666 - INFO - AERT: 1wk change of -22.01%
2025-01-19 11:54:08,740 - INFO - Retrieved article length: 6350 characters
2025-01-19 11:54:08,740 - INFO - AERT: 1mo change of -61.57%
2025-01-19 11:54:08,842 - INFO - AES: 1h change of -7.54%
2025-01-19 11:54:08,968 - INFO - AES: 1wk change of -6.56%
2025-01-19 11:54:09,087 - INFO - AES: 1mo change of -11.06%
2025-01-19 11:54:09,597 - INFO - Processing AES - 2025-01-02 08:01:00 UTC
2025-01-19 11:54:10,416 - INFO - Processing AESI - 2025-01-17 21:33:00 UTC
2025-01-19 11:54:10,755 - INFO - Retrieved article length: 420 characters
2025-01-19 11:54:10,847 - INFO - AES: 1h change of 1.61%
2025-01-19 11:54:10,962 - INFO - AES: 1wk change of -7.96%
2025-01-19 11:54:11,093 - INFO - AES: 1mo change of -9.36%
2025-01-19 11:54:11,596 - INFO - Processing AES - 2025-01-01 17:40:11 UTC
2025-01-19 11:54:11,702 - INFO - Retrieved article length: 3524 characters
2025-01-19 11:54:11,802 - INFO - AESI: 1h change of 4.90%
2025-01-19 11:54:11,891 - INFO - AESI: 1wk change of 7.99%
2025-01-19 11:54:11,981 - INFO - AESI: 1mo change of 4.49%
2025-01-19 11:54:12,483 - INFO - Processing AESI - 2025-01-17 19:40:10 UTC
2025-01-19 11:54:12,740 - INFO - Retrieved article length: 2519 characters
2025-01-19 11:54:12,838 - INFO - AES: 1h change of 5.53%
2025-01-19 11:54:12,963 - INFO - AES: 1wk change of -7.96%
2025-01-19 11:54:13,072 - INFO - AES: 1mo change of -9.01%
2025-01-19 11:54:13,543 - INFO - Retrieved article length: 2817 characters
2025-01-19 11:54:13,553 - INFO - AESI: 1h change of 4.90%
2025-01-19 11:54:13,588 - INFO - Processing AES - 2024-12-27 16:32:00 UTC
2025-01-19 11:54:13,600 - INFO - AESI: 1wk change of 7.99%
2025-01-19 11:54:13,643 - INFO - AESI: 1mo change of 4.49%
2025-01-19 11:54:14,157 - INFO - Processing AESI - 2025-01-15 14:01:34 UTC
2025-01-19 11:54:14,711 - INFO - Retrieved article length: 2503 characters
2025-01-19 11:54:14,930 - INFO - AES: 1wk change of 2.80%
2025-01-19 11:54:15,050 - INFO - AES: 1mo change of -9.36%
2025-01-19 11:54:15,279 - INFO - Retrieved article length: 6843 characters
2025-01-19 11:54:15,375 - INFO - AESI: 1h change of 14.35%
2025-01-19 11:54:15,462 - INFO - AESI: 1wk change of 8.81%
2025-01-19 11:54:15,556 - INFO - AESI: 1mo change of 6.14%
2025-01-19 11:54:15,557 - INFO - Processing AES - 2024-12-19 11:40:00 UTC
2025-01-19 11:54:16,057 - INFO - Processing AESI - 2025-01-14 00:30:00 UTC
2025-01-19 11:54:16,687 - INFO - Retrieved article length: 10713 characters
2025-01-19 11:54:16,896 - INFO - AES: 1wk change of -6.25%
2025-01-19 11:54:17,014 - INFO - AES: 1mo change of -15.57%
2025-01-19 11:54:17,231 - INFO - Retrieved article length: 9415 characters
2025-01-19 11:54:17,310 - INFO - AESI: 1h change of 11.05%
2025-01-19 11:54:17,396 - INFO - AESI: 1wk change of 8.81%
2025-01-19 11:54:17,498 - INFO - AESI: 1mo change of 4.18%
2025-01-19 11:54:17,529 - INFO - Processing AES - 2024-12-18 20:00:17 UTC
2025-01-19 11:54:17,999 - INFO - Processing AESI - 2025-01-13 17:59:07 UTC
2025-01-19 11:54:18,746 - INFO - Retrieved article length: 6031 characters
2025-01-19 11:54:18,822 - INFO - AES: 1h change of -6.04%
2025-01-19 11:54:18,945 - INFO - AES: 1wk change of -6.25%
2025-01-19 11:54:19,081 - INFO - AES: 1mo change of -13.22%
2025-01-19 11:54:19,141 - INFO - Retrieved article length: 520 characters
2025-01-19 11:54:19,226 - INFO - AESI: 1h change of 5.57%
2025-01-19 11:54:19,375 - INFO - AESI: 1wk change of 5.31%
2025-01-19 11:54:19,456 - INFO - AESI: 1mo change of 6.61%
2025-01-19 11:54:19,970 - INFO - Processing AESI - 2025-01-06 16:23:32 UTC
2025-01-19 11:54:20,713 - INFO - Processing AEYE - 2025-01-14 02:15:19 UTC
2025-01-19 11:54:21,230 - INFO - Retrieved article length: 518 characters
2025-01-19 11:54:21,335 - INFO - AESI: 1h change of -2.44%
2025-01-19 11:54:21,420 - INFO - AESI: 1wk change of 8.87%
2025-01-19 11:54:21,499 - INFO - AESI: 1mo change of 3.24%
2025-01-19 11:54:21,816 - INFO - Retrieved article length: 3421 characters
2025-01-19 11:54:21,904 - INFO - AEYE: 1h change of 8.23%
2025-01-19 11:54:21,997 - INFO - AEYE: 1wk change of 11.89%
2025-01-19 11:54:22,007 - INFO - Processing AESI - 2024-12-17 19:59:00 UTC
2025-01-19 11:54:22,096 - INFO - AEYE: 1mo change of -10.59%
2025-01-19 11:54:22,601 - INFO - Processing AEYE - 2025-01-08 16:22:00 UTC
2025-01-19 11:54:23,211 - INFO - Retrieved article length: 3883 characters
2025-01-19 11:54:23,299 - INFO - AESI: 1h change of -7.49%
2025-01-19 11:54:23,390 - INFO - AESI: 1wk change of -2.03%
2025-01-19 11:54:23,470 - INFO - AESI: 1mo change of 12.56%
2025-01-19 11:54:23,689 - INFO - Retrieved article length: 7991 characters
2025-01-19 11:54:23,778 - INFO - AEYE: 1h change of -9.32%
2025-01-19 11:54:23,865 - INFO - AEYE: 1wk change of 10.24%
2025-01-19 11:54:23,962 - INFO - AEYE: 1mo change of -36.60%
2025-01-19 11:54:23,984 - INFO - Processing AESI - 2024-12-16 14:05:53 UTC
2025-01-19 11:54:24,471 - INFO - Processing AEYE - 2025-01-08 14:24:15 UTC
2025-01-19 11:54:25,086 - INFO - Retrieved article length: 7305 characters
2025-01-19 11:54:25,222 - INFO - AESI: 1h change of -2.91%
2025-01-19 11:54:25,397 - INFO - AESI: 1mo change of 9.95%
2025-01-19 11:54:25,605 - INFO - Retrieved article length: 4311 characters
2025-01-19 11:54:25,605 - INFO - AEYE: 1h change of -9.32%
2025-01-19 11:54:25,624 - INFO - AEYE: 1wk change of 10.24%
2025-01-19 11:54:25,673 - INFO - AEYE: 1mo change of -36.60%
2025-01-19 11:54:26,174 - INFO - Processing AEYE - 2025-01-07 16:32:00 UTC
2025-01-19 11:54:27,050 - INFO - Processing AFBI - 2024-12-31 00:30:00 UTC
2025-01-19 11:54:27,219 - INFO - Retrieved article length: 6274 characters
2025-01-19 11:54:27,319 - INFO - AEYE: 1h change of -9.32%
2025-01-19 11:54:27,404 - INFO - AEYE: 1wk change of 2.75%
2025-01-19 11:54:27,485 - INFO - AEYE: 1mo change of -33.26%
2025-01-19 11:54:27,994 - INFO - Processing AEYE - 2025-01-07 16:00:09 UTC
2025-01-19 11:54:28,155 - INFO - Retrieved article length: 3915 characters
2025-01-19 11:54:28,255 - INFO - AFBI: 1h change of -19.98%
2025-01-19 11:54:28,339 - INFO - AFBI: 1wk change of -19.59%
2025-01-19 11:54:28,418 - INFO - AFBI: 1mo change of -15.08%
2025-01-19 11:54:28,929 - INFO - Processing AFBI - 2024-10-31 15:43:11 UTC
2025-01-19 11:54:29,055 - INFO - Retrieved article length: 491 characters
2025-01-19 11:54:29,059 - INFO - AEYE: 1h change of -9.32%
2025-01-19 11:54:29,071 - INFO - AEYE: 1wk change of 2.75%
2025-01-19 11:54:29,113 - INFO - AEYE: 1mo change of -33.26%
2025-01-19 11:54:29,620 - INFO - Processing AEYE - 2024-12-26 19:11:00 UTC
2025-01-19 11:54:30,052 - INFO - Retrieved article length: 5750 characters
2025-01-19 11:54:30,738 - INFO - Retrieved article length: 7437 characters
2025-01-19 11:54:30,840 - INFO - AEYE: 1h change of -2.93%
2025-01-19 11:54:30,928 - INFO - AEYE: 1wk change of -9.14%
2025-01-19 11:54:31,028 - INFO - AEYE: 1mo change of -31.77%
2025-01-19 11:54:31,530 - INFO - Processing AEYE - 2024-12-23 17:40:10 UTC
2025-01-19 11:54:31,943 - INFO - Processing AFL - 2025-01-16 18:05:00 UTC
2025-01-19 11:54:32,670 - INFO - Retrieved article length: 3108 characters
2025-01-19 11:54:32,759 - INFO - AEYE: 1h change of 4.89%
2025-01-19 11:54:32,861 - INFO - AEYE: 1wk change of -10.11%
2025-01-19 11:54:32,946 - INFO - AEYE: 1mo change of -33.07%
2025-01-19 11:54:33,047 - INFO - Retrieved article length: 5684 characters
2025-01-19 11:54:33,144 - INFO - AFL: 1h change of 2.93%
2025-01-19 11:54:33,278 - INFO - AFL: 1wk change of 4.62%
2025-01-19 11:54:33,456 - INFO - Processing AEYE - 2024-12-17 16:30:00 UTC
2025-01-19 11:54:33,504 - INFO - AFL: 1mo change of 2.02%
2025-01-19 11:54:34,015 - INFO - Processing AFL - 2025-01-15 16:31:23 UTC
2025-01-19 11:54:34,485 - INFO - Retrieved article length: 5675 characters
2025-01-19 11:54:34,587 - INFO - AEYE: 1h change of -2.67%
2025-01-19 11:54:34,680 - INFO - AEYE: 1wk change of -14.76%
2025-01-19 11:54:34,776 - INFO - AEYE: 1mo change of -39.85%
2025-01-19 11:54:35,173 - INFO - Retrieved article length: 499 characters
2025-01-19 11:54:35,262 - INFO - AFL: 1h change of 3.53%
2025-01-19 11:54:35,429 - INFO - AFL: 1wk change of 4.62%
2025-01-19 11:54:35,584 - INFO - AFL: 1mo change of 2.19%
2025-01-19 11:54:36,098 - INFO - Processing AFL - 2025-01-14 16:29:08 UTC
2025-01-19 11:54:36,448 - INFO - Processing AFRI - 2025-01-18 16:09:19 UTC
2025-01-19 11:54:37,193 - INFO - Retrieved article length: 524 characters
2025-01-19 11:54:37,279 - INFO - AFL: 1h change of 2.39%
2025-01-19 11:54:37,413 - INFO - AFL: 1wk change of 4.62%
2025-01-19 11:54:37,528 - INFO - AFL: 1mo change of 2.18%
2025-01-19 11:54:37,561 - INFO - Retrieved article length: 1643 characters
2025-01-19 11:54:37,846 - INFO - AFRI: 1mo change of -2.45%
2025-01-19 11:54:38,043 - INFO - Processing AFL - 2025-01-14 16:00:31 UTC
2025-01-19 11:54:39,193 - INFO - Retrieved article length: 4956 characters
2025-01-19 11:54:39,193 - INFO - AFL: 1h change of 2.39%
2025-01-19 11:54:39,249 - INFO - AFL: 1wk change of 4.62%
2025-01-19 11:54:39,291 - INFO - AFL: 1mo change of 2.18%
2025-01-19 11:54:39,518 - INFO - Processing AFRM - 2025-01-18 01:50:18 UTC
2025-01-19 11:54:39,799 - INFO - Processing AFL - 2025-01-10 15:07:04 UTC
2025-01-19 11:54:40,589 - INFO - Retrieved article length: 3169 characters
2025-01-19 11:54:40,701 - INFO - AFRM: 1h change of -1.97%
2025-01-19 11:54:40,787 - INFO - AFRM: 1wk change of -1.16%
2025-01-19 11:54:40,866 - INFO - Retrieved article length: 508 characters
2025-01-19 11:54:40,870 - INFO - AFRM: 1mo change of -20.41%
2025-01-19 11:54:40,961 - INFO - AFL: 1h change of -1.07%
2025-01-19 11:54:41,096 - INFO - AFL: 1wk change of 2.95%
2025-01-19 11:54:41,370 - INFO - Processing AFRM - 2025-01-17 17:26:00 UTC
2025-01-19 11:54:41,745 - INFO - Processing AFL - 2025-01-10 15:06:20 UTC
2025-01-19 11:54:42,496 - INFO - Retrieved article length: 6679 characters
2025-01-19 11:54:42,593 - INFO - AFRM: 1h change of -3.47%
2025-01-19 11:54:42,686 - INFO - AFRM: 1wk change of -5.38%
2025-01-19 11:54:42,765 - INFO - AFRM: 1mo change of -17.98%
2025-01-19 11:54:42,801 - INFO - Retrieved article length: 536 characters
2025-01-19 11:54:42,801 - INFO - AFL: 1h change of -1.07%
2025-01-19 11:54:42,856 - INFO - AFL: 1wk change of 2.95%
2025-01-19 11:54:43,272 - INFO - Processing AFRM - 2025-01-17 12:23:50 UTC
2025-01-19 11:54:43,413 - INFO - Processing AFL - 2025-01-09 16:00:33 UTC
2025-01-19 11:54:44,416 - INFO - Retrieved article length: 8022 characters
2025-01-19 11:54:44,426 - INFO - AFRM: 1h change of -3.47%
2025-01-19 11:54:44,445 - INFO - Retrieved article length: 5768 characters
2025-01-19 11:54:44,469 - INFO - AFRM: 1wk change of -5.38%
2025-01-19 11:54:44,511 - INFO - AFRM: 1mo change of -17.98%
2025-01-19 11:54:44,530 - INFO - AFL: 1h change of -1.88%
2025-01-19 11:54:44,673 - INFO - AFL: 1wk change of 3.42%
2025-01-19 11:54:44,820 - INFO - AFL: 1mo change of -1.17%
2025-01-19 11:54:45,020 - INFO - Processing AFRM - 2025-01-17 00:07:00 UTC
2025-01-19 11:54:45,322 - INFO - Processing AFL - 2025-01-08 00:35:00 UTC
2025-01-19 11:54:46,093 - INFO - Retrieved article length: 1628 characters
2025-01-19 11:54:46,093 - INFO - AFRM: 1h change of -3.47%
2025-01-19 11:54:46,148 - INFO - AFRM: 1wk change of -5.38%
2025-01-19 11:54:46,190 - INFO - AFRM: 1mo change of -17.98%
2025-01-19 11:54:46,401 - INFO - Retrieved article length: 3144 characters
2025-01-19 11:54:46,635 - INFO - AFL: 1wk change of 3.42%
2025-01-19 11:54:46,698 - INFO - Processing AFRM - 2025-01-15 20:09:54 UTC
2025-01-19 11:54:47,900 - INFO - Retrieved article length: 1506 characters
2025-01-19 11:54:47,995 - INFO - AFRM: 1h change of 8.82%
2025-01-19 11:54:48,082 - INFO - AFRM: 1wk change of -10.91%
2025-01-19 11:54:48,177 - INFO - AFRM: 1mo change of -17.07%
2025-01-19 11:54:48,444 - INFO - Processing AGAE - 2024-12-23 17:00:00 UTC
2025-01-19 11:54:48,678 - INFO - Processing AFRM - 2025-01-15 19:57:59 UTC
2025-01-19 11:54:49,616 - INFO - Retrieved article length: 3120 characters
2025-01-19 11:54:49,702 - INFO - AGAE: 1h change of 12.52%
2025-01-19 11:54:49,793 - INFO - AGAE: 1wk change of -5.37%
2025-01-19 11:54:49,810 - INFO - Retrieved article length: 1478 characters
2025-01-19 11:54:49,816 - INFO - AFRM: 1h change of 8.82%
2025-01-19 11:54:49,869 - INFO - AFRM: 1wk change of -10.91%
2025-01-19 11:54:49,881 - INFO - AGAE: 1mo change of -17.43%
2025-01-19 11:54:49,916 - INFO - AFRM: 1mo change of -17.07%
2025-01-19 11:54:50,383 - INFO - Processing AGAE - 2024-11-17 15:24:58 UTC
2025-01-19 11:54:50,417 - INFO - Processing AFRM - 2025-01-15 19:44:59 UTC
2025-01-19 11:54:51,533 - INFO - Retrieved article length: 1713 characters
2025-01-19 11:54:51,533 - INFO - Retrieved article length: 176 characters
2025-01-19 11:54:51,549 - INFO - AFRM: 1h change of 8.82%
2025-01-19 11:54:51,598 - INFO - AFRM: 1wk change of -10.91%
2025-01-19 11:54:51,644 - INFO - AGAE: 1h change of -3.93%
2025-01-19 11:54:51,648 - INFO - AFRM: 1mo change of -17.07%
2025-01-19 11:54:51,736 - INFO - AGAE: 1wk change of -11.30%
2025-01-19 11:54:51,826 - INFO - AGAE: 1mo change of -39.67%
2025-01-19 11:54:52,149 - INFO - Processing AFRM - 2025-01-15 17:51:00 UTC
2025-01-19 11:54:52,328 - INFO - Processing AGAE - 2024-11-15 07:55:00 UTC
2025-01-19 11:54:53,356 - INFO - Retrieved article length: 139 characters
2025-01-19 11:54:53,364 - INFO - AFRM: 1h change of 8.82%
2025-01-19 11:54:53,367 - INFO - Retrieved article length: 7031 characters
2025-01-19 11:54:53,410 - INFO - AFRM: 1wk change of -10.91%
2025-01-19 11:54:53,456 - INFO - AGAE: 1h change of -5.42%
2025-01-19 11:54:53,459 - INFO - AFRM: 1mo change of -17.07%
2025-01-19 11:54:53,547 - INFO - AGAE: 1wk change of -11.40%
2025-01-19 11:54:53,637 - INFO - AGAE: 1mo change of -42.82%
2025-01-19 11:54:54,139 - INFO - Processing AGAE - 2024-11-15 00:05:00 UTC
2025-01-19 11:54:55,330 - INFO - Retrieved article length: 20155 characters
2025-01-19 11:54:55,330 - INFO - AGAE: 1h change of -5.42%
2025-01-19 11:54:55,354 - INFO - AGAE: 1wk change of -11.40%
2025-01-19 11:54:55,363 - INFO - AGAE: 1mo change of -42.82%
2025-01-19 11:54:55,865 - INFO - Processing AGAE - 2024-11-12 17:00:00 UTC
2025-01-19 11:54:56,287 - INFO - Processing AGCO - 2025-01-17 16:20:49 UTC
2025-01-19 11:54:56,964 - INFO - Retrieved article length: 1846 characters
2025-01-19 11:54:57,050 - INFO - AGAE: 1h change of -2.80%
2025-01-19 11:54:57,151 - INFO - AGAE: 1wk change of -13.33%
2025-01-19 11:54:57,233 - INFO - AGAE: 1mo change of -36.72%
2025-01-19 11:54:57,390 - INFO - Retrieved article length: 1828 characters
2025-01-19 11:54:57,499 - INFO - AGCO: 1h change of 2.43%
2025-01-19 11:54:57,635 - INFO - AGCO: 1wk change of 10.98%
2025-01-19 11:54:57,736 - INFO - Processing AGAE - 2024-10-24 01:04:48 UTC
2025-01-19 11:54:57,758 - INFO - AGCO: 1mo change of 4.71%
2025-01-19 11:54:58,259 - INFO - Processing AGCO - 2025-01-17 01:16:00 UTC
2025-01-19 11:54:58,820 - INFO - Retrieved article length: 7238 characters
2025-01-19 11:54:59,151 - INFO - AGAE: 1mo change of -28.87%
2025-01-19 11:54:59,331 - INFO - Retrieved article length: 1458 characters
2025-01-19 11:54:59,342 - INFO - AGCO: 1h change of 2.43%
2025-01-19 11:54:59,387 - INFO - AGCO: 1wk change of 10.98%
2025-01-19 11:54:59,424 - INFO - AGCO: 1mo change of 4.71%
2025-01-19 11:54:59,655 - INFO - Processing AGAE - 2024-10-23 23:05:00 UTC
2025-01-19 11:54:59,938 - INFO - Processing AGCO - 2025-01-10 17:00:00 UTC
2025-01-19 11:55:00,718 - INFO - Retrieved article length: 7249 characters
2025-01-19 11:55:00,807 - INFO - AGAE: 1h change of 10.26%
2025-01-19 11:55:00,990 - INFO - AGAE: 1mo change of -27.66%
2025-01-19 11:55:01,090 - INFO - Retrieved article length: 1716 characters
2025-01-19 11:55:01,171 - INFO - AGCO: 1h change of 1.45%
2025-01-19 11:55:01,298 - INFO - AGCO: 1wk change of 8.78%
2025-01-19 11:55:01,483 - INFO - AGCO: 1mo change of 5.43%
2025-01-19 11:55:01,989 - INFO - Processing AGCO - 2025-01-08 20:55:00 UTC
2025-01-19 11:55:02,639 - INFO - Processing AGEN - 2024-12-18 15:30:00 UTC
2025-01-19 11:55:03,037 - INFO - Retrieved article length: 4657 characters
2025-01-19 11:55:03,147 - INFO - AGCO: 1h change of -2.82%
2025-01-19 11:55:03,267 - INFO - AGCO: 1wk change of 9.23%
2025-01-19 11:55:03,431 - INFO - AGCO: 1mo change of 2.27%
2025-01-19 11:55:03,649 - INFO - Retrieved article length: 7537 characters
2025-01-19 11:55:03,745 - INFO - AGEN: 1h change of -6.29%
2025-01-19 11:55:03,845 - INFO - AGEN: 1wk change of -21.43%
2025-01-19 11:55:03,935 - INFO - AGEN: 1mo change of 14.85%
2025-01-19 11:55:03,939 - INFO - Processing AGCO - 2025-01-08 20:27:26 UTC
2025-01-19 11:55:04,438 - INFO - Processing AGEN - 2024-12-06 14:07:00 UTC
2025-01-19 11:55:05,033 - INFO - Retrieved article length: 4658 characters
2025-01-19 11:55:05,033 - INFO - AGCO: 1h change of -2.82%
2025-01-19 11:55:05,047 - INFO - AGCO: 1wk change of 9.23%
2025-01-19 11:55:05,092 - INFO - AGCO: 1mo change of 2.27%
2025-01-19 11:55:05,597 - INFO - Processing AGCO - 2025-01-07 18:00:00 UTC
2025-01-19 11:55:05,953 - INFO - Retrieved article length: 3881 characters
2025-01-19 11:55:06,141 - INFO - AGEN: 1wk change of -9.76%
2025-01-19 11:55:06,232 - INFO - AGEN: 1mo change of -16.05%
2025-01-19 11:55:06,713 - INFO - Retrieved article length: 5990 characters
2025-01-19 11:55:06,733 - INFO - Processing AGEN - 2024-12-05 15:30:00 UTC
2025-01-19 11:55:06,810 - INFO - AGCO: 1h change of -2.82%
2025-01-19 11:55:06,934 - INFO - AGCO: 1wk change of 7.41%
2025-01-19 11:55:07,073 - INFO - AGCO: 1mo change of 1.12%
2025-01-19 11:55:07,575 - INFO - Processing AGCO - 2025-01-02 13:42:00 UTC
2025-01-19 11:55:07,822 - INFO - Retrieved article length: 5864 characters
2025-01-19 11:55:07,927 - INFO - AGEN: 1h change of -2.85%
2025-01-19 11:55:08,017 - INFO - AGEN: 1wk change of -14.08%
2025-01-19 11:55:08,108 - INFO - AGEN: 1mo change of -19.05%
2025-01-19 11:55:08,620 - INFO - Processing AGEN - 2024-11-27 18:20:43 UTC
2025-01-19 11:55:08,635 - INFO - Retrieved article length: 1352 characters
2025-01-19 11:55:08,725 - INFO - AGCO: 1h change of -1.72%
2025-01-19 11:55:08,845 - INFO - AGCO: 1wk change of -2.82%
2025-01-19 11:55:09,473 - INFO - Processing AGCO - 2024-12-27 12:07:38 UTC
2025-01-19 11:55:09,789 - INFO - Retrieved article length: 2803 characters
2025-01-19 11:55:09,893 - INFO - AGEN: 1h change of -8.03%
2025-01-19 11:55:09,989 - INFO - AGEN: 1wk change of 36.12%
2025-01-19 11:55:10,112 - INFO - AGEN: 1mo change of -38.98%
2025-01-19 11:55:10,524 - INFO - Retrieved article length: 6281 characters
2025-01-19 11:55:10,620 - INFO - Processing AGEN - 2024-11-27 18:12:38 UTC
2025-01-19 11:55:10,736 - INFO - AGCO: 1wk change of -4.71%
2025-01-19 11:55:10,873 - INFO - AGCO: 1mo change of 3.31%
2025-01-19 11:55:11,806 - INFO - Retrieved article length: 529 characters
2025-01-19 11:55:11,806 - INFO - AGEN: 1h change of -8.03%
2025-01-19 11:55:11,821 - INFO - AGEN: 1wk change of 36.12%
2025-01-19 11:55:11,821 - INFO - AGEN: 1mo change of -38.98%
2025-01-19 11:55:12,331 - INFO - Processing AGEN - 2024-11-27 16:15:00 UTC
2025-01-19 11:55:12,525 - INFO - Processing AGFY - 2025-01-13 03:58:55 UTC
2025-01-19 11:55:13,473 - INFO - Retrieved article length: 6192 characters
2025-01-19 11:55:13,489 - INFO - AGEN: 1h change of -8.03%
2025-01-19 11:55:13,498 - INFO - AGEN: 1wk change of 36.12%
2025-01-19 11:55:13,502 - INFO - AGEN: 1mo change of -38.98%
2025-01-19 11:55:13,618 - INFO - Retrieved article length: 13388 characters
2025-01-19 11:55:13,712 - INFO - AGFY: 1h change of 5.21%
2025-01-19 11:55:13,797 - INFO - AGFY: 1wk change of -14.71%
2025-01-19 11:55:13,882 - INFO - AGFY: 1mo change of -14.54%
2025-01-19 11:55:14,004 - INFO - Processing AGEN - 2024-11-19 17:35:07 UTC
2025-01-19 11:55:14,395 - INFO - Processing AGFY - 2025-01-10 15:00:00 UTC
2025-01-19 11:55:15,135 - INFO - Retrieved article length: 2917 characters
2025-01-19 11:55:15,227 - INFO - AGEN: 1h change of -1.47%
2025-01-19 11:55:15,312 - INFO - AGEN: 1wk change of -10.51%
2025-01-19 11:55:15,431 - INFO - Retrieved article length: 7232 characters
2025-01-19 11:55:15,470 - INFO - AGEN: 1mo change of -41.63%
2025-01-19 11:55:15,609 - INFO - AGFY: 1wk change of -9.80%
2025-01-19 11:55:15,698 - INFO - AGFY: 1mo change of -3.18%
2025-01-19 11:55:15,970 - INFO - Processing AGEN - 2024-11-18 17:35:06 UTC
2025-01-19 11:55:16,201 - INFO - Processing AGFY - 2025-01-06 18:38:10 UTC
2025-01-19 11:55:17,120 - INFO - Retrieved article length: 2986 characters
2025-01-19 11:55:17,207 - INFO - AGEN: 1h change of -4.97%
2025-01-19 11:55:17,263 - INFO - Retrieved article length: 478 characters
2025-01-19 11:55:17,296 - INFO - AGEN: 1wk change of -10.74%
2025-01-19 11:55:17,354 - INFO - AGFY: 1h change of -12.11%
2025-01-19 11:55:17,384 - INFO - AGEN: 1mo change of -40.17%
2025-01-19 11:55:17,440 - INFO - AGFY: 1wk change of -27.17%
2025-01-19 11:55:17,537 - INFO - AGFY: 1mo change of -49.40%
2025-01-19 11:55:18,043 - INFO - Processing AGFY - 2025-01-06 15:00:00 UTC
2025-01-19 11:55:19,006 - INFO - Processing AGG - 2025-01-03 00:40:00 UTC
2025-01-19 11:55:19,191 - INFO - Retrieved article length: 5581 characters
2025-01-19 11:55:19,191 - INFO - AGFY: 1h change of -12.11%
2025-01-19 11:55:19,205 - INFO - AGFY: 1wk change of -27.17%
2025-01-19 11:55:19,254 - INFO - AGFY: 1mo change of -49.40%
2025-01-19 11:55:19,755 - INFO - Processing AGFY - 2025-01-05 15:00:40 UTC
2025-01-19 11:55:20,100 - INFO - Retrieved article length: 2146 characters
2025-01-19 11:55:20,471 - INFO - AGG: 1mo change of -1.67%
2025-01-19 11:55:20,920 - INFO - Retrieved article length: 6680 characters
2025-01-19 11:55:20,973 - INFO - Processing AGG - 2024-11-09 01:14:32 UTC
2025-01-19 11:55:21,018 - INFO - AGFY: 1h change of -10.20%
2025-01-19 11:55:21,152 - INFO - AGFY: 1wk change of -27.60%
2025-01-19 11:55:21,231 - INFO - AGFY: 1mo change of -49.40%
2025-01-19 11:55:21,745 - INFO - Processing AGFY - 2024-12-16 17:44:10 UTC
2025-01-19 11:55:22,115 - INFO - Retrieved article length: 2415 characters
2025-01-19 11:55:22,424 - INFO - AGG: 1mo change of -1.08%
2025-01-19 11:55:22,839 - INFO - Retrieved article length: 508 characters
2025-01-19 11:55:22,928 - INFO - AGFY: 1h change of -3.69%
2025-01-19 11:55:22,940 - INFO - Processing AGG - 2024-11-08 17:00:00 UTC
2025-01-19 11:55:23,014 - INFO - AGFY: 1wk change of 25.47%
2025-01-19 11:55:23,102 - INFO - AGFY: 1mo change of 441.41%
2025-01-19 11:55:23,615 - INFO - Processing AGFY - 2024-12-16 15:00:00 UTC
2025-01-19 11:55:24,167 - INFO - Retrieved article length: 2297 characters
2025-01-19 11:55:24,255 - INFO - AGG: 1h change of 1.01%
2025-01-19 11:55:24,504 - INFO - AGG: 1mo change of -1.05%
2025-01-19 11:55:24,697 - INFO - Retrieved article length: 7290 characters
2025-01-19 11:55:24,697 - INFO - AGFY: 1h change of -3.69%
2025-01-19 11:55:24,713 - INFO - AGFY: 1wk change of 25.47%
2025-01-19 11:55:24,761 - INFO - AGFY: 1mo change of 441.41%
2025-01-19 11:55:25,008 - INFO - Processing AGG - 2024-11-01 22:30:25 UTC
2025-01-19 11:55:25,271 - INFO - Processing AGFY - 2024-11-26 01:35:04 UTC
2025-01-19 11:55:26,191 - INFO - Retrieved article length: 2345 characters
2025-01-19 11:55:26,290 - INFO - AGG: 1h change of -1.03%
2025-01-19 11:55:26,322 - INFO - Retrieved article length: 544 characters
2025-01-19 11:55:26,432 - INFO - AGFY: 1h change of 17.03%
2025-01-19 11:55:26,517 - INFO - AGFY: 1wk change of 71.11%
2025-01-19 11:55:26,519 - INFO - AGG: 1mo change of -1.50%
2025-01-19 11:55:26,597 - INFO - AGFY: 1mo change of 696.13%
2025-01-19 11:55:27,021 - INFO - Processing AGG - 2024-10-23 22:59:47 UTC
2025-01-19 11:55:28,153 - INFO - Retrieved article length: 2485 characters
2025-01-19 11:55:28,317 - INFO - Processing AGIO - 2025-01-14 00:29:14 UTC
2025-01-19 11:55:28,359 - INFO - AGG: 1wk change of -1.39%
2025-01-19 11:55:28,477 - INFO - AGG: 1mo change of -2.37%
2025-01-19 11:55:29,424 - INFO - Retrieved article length: 6442 characters
2025-01-19 11:55:29,512 - INFO - AGIO: 1h change of -2.26%
2025-01-19 11:55:29,597 - INFO - AGIO: 1wk change of -3.34%
2025-01-19 11:55:29,695 - INFO - AGIO: 1mo change of -29.55%
2025-01-19 11:55:30,156 - INFO - Processing AGL - 2025-01-17 14:35:48 UTC
2025-01-19 11:55:30,201 - INFO - Processing AGIO - 2025-01-13 15:00:00 UTC
2025-01-19 11:55:31,324 - INFO - Retrieved article length: 283 characters
2025-01-19 11:55:31,431 - INFO - AGL: 1h change of 10.36%
2025-01-19 11:55:31,510 - INFO - Retrieved article length: 14545 characters
2025-01-19 11:55:31,517 - INFO - AGL: 1wk change of 43.72%
2025-01-19 11:55:31,592 - INFO - AGIO: 1h change of -2.09%
2025-01-19 11:55:31,592 - INFO - AGL: 1mo change of 37.95%
2025-01-19 11:55:31,762 - INFO - AGIO: 1mo change of -33.35%
2025-01-19 11:55:32,103 - INFO - Processing AGL - 2025-01-13 22:41:23 UTC
2025-01-19 11:55:32,277 - INFO - Processing AGIO - 2025-01-09 16:14:00 UTC
2025-01-19 11:55:33,147 - INFO - Retrieved article length: 3016 characters
2025-01-19 11:55:33,302 - INFO - AGL: 1wk change of 47.85%
2025-01-19 11:55:33,397 - INFO - Retrieved article length: 5078 characters
2025-01-19 11:55:33,416 - INFO - AGL: 1mo change of 37.95%
2025-01-19 11:55:33,590 - INFO - AGIO: 1wk change of -1.85%
2025-01-19 11:55:33,683 - INFO - AGIO: 1mo change of -45.02%
2025-01-19 11:55:33,920 - INFO - Processing AGL - 2024-11-19 14:20:31 UTC
2025-01-19 11:55:34,185 - INFO - Processing AGIO - 2025-01-08 19:16:52 UTC
2025-01-19 11:55:34,966 - INFO - Retrieved article length: 1431 characters
2025-01-19 11:55:35,061 - INFO - AGL: 1h change of 8.39%
2025-01-19 11:55:35,149 - INFO - AGL: 1wk change of -2.31%
2025-01-19 11:55:35,235 - INFO - AGL: 1mo change of -44.28%
2025-01-19 11:55:35,322 - INFO - Retrieved article length: 523 characters
2025-01-19 11:55:35,410 - INFO - AGIO: 1h change of 7.36%
2025-01-19 11:55:35,493 - INFO - AGIO: 1wk change of -1.85%
2025-01-19 11:55:35,589 - INFO - AGIO: 1mo change of -45.47%
2025-01-19 11:55:35,739 - INFO - Processing AGL - 2024-11-12 16:30:00 UTC
2025-01-19 11:55:36,091 - INFO - Processing AGIO - 2025-01-08 15:00:00 UTC
2025-01-19 11:55:36,932 - INFO - Retrieved article length: 5131 characters
2025-01-19 11:55:37,024 - INFO - AGL: 1h change of -7.14%
2025-01-19 11:55:37,115 - INFO - AGL: 1wk change of -33.33%
2025-01-19 11:55:37,193 - INFO - Retrieved article length: 9417 characters
2025-01-19 11:55:37,201 - INFO - AGIO: 1h change of 7.36%
2025-01-19 11:55:37,205 - INFO - AGIO: 1wk change of -1.85%
2025-01-19 11:55:37,209 - INFO - AGL: 1mo change of -30.48%
2025-01-19 11:55:37,252 - INFO - AGIO: 1mo change of -45.47%
2025-01-19 11:55:37,710 - INFO - Processing AGL - 2024-11-08 10:29:50 UTC
2025-01-19 11:55:37,756 - INFO - Processing AGIO - 2025-01-07 18:35:56 UTC
2025-01-19 11:55:38,875 - INFO - Retrieved article length: 536 characters
2025-01-19 11:55:38,875 - INFO - Retrieved article length: 5958 characters
2025-01-19 11:55:38,963 - INFO - AGIO: 1h change of 7.36%
2025-01-19 11:55:38,963 - INFO - AGL: 1h change of -37.52%
2025-01-19 11:55:39,061 - INFO - AGIO: 1wk change of -3.66%
2025-01-19 11:55:39,061 - INFO - AGL: 1wk change of -37.30%
2025-01-19 11:55:39,150 - INFO - AGIO: 1mo change of -44.94%
2025-01-19 11:55:39,204 - INFO - AGL: 1mo change of -30.84%
2025-01-19 11:55:39,651 - INFO - Processing AGIO - 2025-01-03 18:00:00 UTC
2025-01-19 11:55:39,719 - INFO - Processing AGL - 2024-11-08 02:00:10 UTC
2025-01-19 11:55:40,780 - INFO - Retrieved article length: 2243 characters
2025-01-19 11:55:40,796 - INFO - AGL: 1h change of -37.52%
2025-01-19 11:55:40,805 - INFO - AGL: 1wk change of -37.30%
2025-01-19 11:55:40,811 - INFO - AGL: 1mo change of -30.84%
2025-01-19 11:55:40,943 - INFO - Retrieved article length: 156 characters
2025-01-19 11:55:41,035 - INFO - AGIO: 1h change of -3.34%
2025-01-19 11:55:41,215 - INFO - AGIO: 1mo change of -45.41%
2025-01-19 11:55:41,314 - INFO - Processing AGL - 2024-11-08 01:25:12 UTC
2025-01-19 11:55:41,720 - INFO - Processing AGIO - 2025-01-03 15:00:00 UTC
2025-01-19 11:55:42,411 - INFO - Retrieved article length: 4104 characters
2025-01-19 11:55:42,411 - INFO - AGL: 1h change of -37.52%
2025-01-19 11:55:42,423 - INFO - AGL: 1wk change of -37.30%
2025-01-19 11:55:42,432 - INFO - AGL: 1mo change of -30.84%
2025-01-19 11:55:42,780 - INFO - Retrieved article length: 2135 characters
2025-01-19 11:55:42,780 - INFO - AGIO: 1h change of -3.34%
2025-01-19 11:55:42,839 - INFO - AGIO: 1mo change of -45.41%
2025-01-19 11:55:42,933 - INFO - Processing AGL - 2024-11-08 00:00:00 UTC
2025-01-19 11:55:44,316 - INFO - Retrieved article length: 29758 characters
2025-01-19 11:55:44,331 - INFO - AGL: 1h change of -37.52%
2025-01-19 11:55:44,339 - INFO - AGL: 1wk change of -37.30%
2025-01-19 11:55:44,345 - INFO - AGL: 1mo change of -30.84%
2025-01-19 11:55:44,495 - INFO - Processing AGMH - 2024-12-21 15:55:30 UTC
2025-01-19 11:55:45,571 - INFO - Retrieved article length: 2222 characters
2025-01-19 11:55:45,664 - INFO - AGMH: 1h change of -7.37%
2025-01-19 11:55:45,750 - INFO - AGMH: 1wk change of -19.43%
2025-01-19 11:55:45,852 - INFO - AGMH: 1mo change of -26.69%
2025-01-19 11:55:46,019 - INFO - Processing AGNC - 2025-01-15 16:03:46 UTC
2025-01-19 11:55:46,355 - INFO - Processing AGMH - 2024-12-13 16:30:00 UTC
2025-01-19 11:55:47,128 - INFO - Retrieved article length: 7647 characters
2025-01-19 11:55:47,250 - INFO - AGNC: 1h change of 6.29%
2025-01-19 11:55:47,370 - INFO - AGNC: 1wk change of 3.11%
2025-01-19 11:55:47,462 - INFO - Retrieved article length: 4562 characters
2025-01-19 11:55:47,554 - INFO - AGMH: 1h change of -5.65%
2025-01-19 11:55:47,570 - INFO - AGNC: 1mo change of 1.31%
2025-01-19 11:55:47,639 - INFO - AGMH: 1wk change of -7.41%
2025-01-19 11:55:47,713 - INFO - AGMH: 1mo change of -29.94%
2025-01-19 11:55:48,073 - INFO - Processing AGNC - 2025-01-14 01:50:19 UTC
2025-01-19 11:55:48,228 - INFO - Processing AGMH - 2024-12-13 01:25:44 UTC
2025-01-19 11:55:49,263 - INFO - Retrieved article length: 3174 characters
2025-01-19 11:55:49,351 - INFO - AGNC: 1h change of 4.57%
2025-01-19 11:55:49,351 - INFO - Retrieved article length: 507 characters
2025-01-19 11:55:49,371 - INFO - AGMH: 1h change of -5.65%
2025-01-19 11:55:49,377 - INFO - AGMH: 1wk change of -7.41%
2025-01-19 11:55:49,383 - INFO - AGMH: 1mo change of -29.94%
2025-01-19 11:55:49,457 - INFO - AGNC: 1wk change of 3.11%
2025-01-19 11:55:49,551 - INFO - AGNC: 1mo change of 1.31%
2025-01-19 11:55:50,064 - INFO - Processing AGNC - 2025-01-13 13:06:00 UTC
2025-01-19 11:55:51,238 - INFO - Retrieved article length: 9145 characters
2025-01-19 11:55:51,333 - INFO - AGNC: 1h change of 2.78%
2025-01-19 11:55:51,453 - INFO - AGNC: 1wk change of 1.80%
2025-01-19 11:55:52,080 - INFO - Processing AGNC - 2025-01-12 14:53:00 UTC
2025-01-19 11:55:52,207 - INFO - Processing AGR - 2025-01-17 19:43:07 UTC
2025-01-19 11:55:53,278 - INFO - Retrieved article length: 6475 characters
2025-01-19 11:55:53,333 - INFO - Retrieved article length: 515 characters
2025-01-19 11:55:53,409 - ERROR - AGR: No price data found, symbol may be delisted (1h 2025-01-15 -> 2025-01-19)
2025-01-19 11:55:53,482 - INFO - AGNC: 1wk change of 3.56%
2025-01-19 11:55:53,482 - ERROR - AGR: No price data found, symbol may be delisted (1d 2025-01-07 -> 2025-01-27)
2025-01-19 11:55:53,644 - INFO - AGR: 1mo change of 1.21%
2025-01-19 11:55:54,106 - INFO - Processing AGNC - 2025-01-12 14:00:00 UTC
2025-01-19 11:55:54,145 - INFO - Processing AGR - 2025-01-17 16:57:00 UTC
2025-01-19 11:55:55,312 - INFO - Retrieved article length: 12067 characters
2025-01-19 11:55:55,326 - ERROR - AGR: No price data found, symbol may be delisted (1h 2025-01-15 -> 2025-01-19)
2025-01-19 11:55:55,328 - INFO - Retrieved article length: 5371 characters
2025-01-19 11:55:55,366 - ERROR - AGR: No price data found, symbol may be delisted (1d 2025-01-07 -> 2025-01-27)
2025-01-19 11:55:55,385 - INFO - AGNC: 1wk change of 3.56%
2025-01-19 11:55:55,414 - INFO - AGR: 1mo change of 1.21%
2025-01-19 11:55:55,915 - INFO - Processing AGR - 2025-01-16 16:13:11 UTC
2025-01-19 11:55:55,933 - INFO - Processing AGNC - 2025-01-09 00:01:00 UTC
2025-01-19 11:55:56,971 - INFO - Retrieved article length: 2028 characters
2025-01-19 11:55:57,015 - INFO - Retrieved article length: 516 characters
2025-01-19 11:55:57,062 - INFO - AGNC: 1h change of -2.25%
2025-01-19 11:55:57,099 - ERROR - AGR: No price data found, symbol may be delisted (1h 2025-01-14 -> 2025-01-18)
2025-01-19 11:55:57,158 - INFO - AGNC: 1wk change of 5.26%
2025-01-19 11:55:57,193 - ERROR - AGR: No price data found, symbol may be delisted (1d 2025-01-06 -> 2025-01-26)
2025-01-19 11:55:57,281 - INFO - AGR: 1mo change of 1.29%
2025-01-19 11:55:57,281 - INFO - AGNC: 1mo change of 1.95%
2025-01-19 11:55:57,792 - INFO - Processing AGR - 2025-01-15 00:05:00 UTC
2025-01-19 11:55:57,793 - INFO - Processing AGNC - 2025-01-08 14:15:00 UTC
2025-01-19 11:55:58,926 - INFO - Retrieved article length: 2044 characters
2025-01-19 11:55:59,004 - ERROR - AGR: No price data found, symbol may be delisted (1h 2025-01-13 -> 2025-01-17)
2025-01-19 11:55:59,068 - INFO - Retrieved article length: 5554 characters
2025-01-19 11:55:59,107 - ERROR - AGR: No price data found, symbol may be delisted (1d 2025-01-05 -> 2025-01-25)
2025-01-19 11:55:59,175 - INFO - AGNC: 1h change of -1.06%
2025-01-19 11:55:59,202 - INFO - AGR: 1mo change of 1.12%
2025-01-19 11:55:59,331 - INFO - AGNC: 1wk change of 5.26%
2025-01-19 11:55:59,427 - INFO - AGNC: 1mo change of 2.38%
2025-01-19 11:55:59,703 - INFO - Processing AGR - 2025-01-08 15:25:17 UTC
2025-01-19 11:55:59,939 - INFO - Processing AGNC - 2025-01-07 01:50:20 UTC
2025-01-19 11:56:00,738 - INFO - Retrieved article length: 1628 characters
2025-01-19 11:56:00,830 - ERROR - AGR: No price data found, symbol may be delisted (1h 2025-01-06 -> 2025-01-10)
2025-01-19 11:56:00,924 - ERROR - AGR: No price data found, symbol may be delisted (1d 2024-12-29 -> 2025-01-18)
2025-01-19 11:56:01,024 - INFO - AGR: 1mo change of 1.49%
2025-01-19 11:56:01,058 - INFO - Retrieved article length: 2924 characters
2025-01-19 11:56:01,150 - INFO - AGNC: 1h change of -1.06%
2025-01-19 11:56:01,261 - INFO - AGNC: 1wk change of 4.60%
2025-01-19 11:56:01,354 - INFO - AGNC: 1mo change of 2.70%
2025-01-19 11:56:01,526 - INFO - Processing AGR - 2025-01-08 00:05:00 UTC
2025-01-19 11:56:02,558 - INFO - Retrieved article length: 2179 characters
2025-01-19 11:56:02,558 - ERROR - AGR: No price data found, symbol may be delisted (1h 2025-01-06 -> 2025-01-10)
2025-01-19 11:56:02,558 - ERROR - AGR: No price data found, symbol may be delisted (1d 2024-12-29 -> 2025-01-18)
2025-01-19 11:56:02,616 - INFO - AGR: 1mo change of 1.49%
2025-01-19 11:56:03,051 - INFO - Processing AGRI - 2025-01-10 17:00:00 UTC
2025-01-19 11:56:03,122 - INFO - Processing AGR - 2025-01-07 14:49:34 UTC
2025-01-19 11:56:04,201 - INFO - Retrieved article length: 2788 characters
2025-01-19 11:56:04,241 - INFO - Retrieved article length: 515 characters
2025-01-19 11:56:04,283 - INFO - AGRI: 1h change of -6.31%
2025-01-19 11:56:04,314 - ERROR - AGR: No price data found, symbol may be delisted (1h 2025-01-05 -> 2025-01-09)
2025-01-19 11:56:04,378 - INFO - AGRI: 1wk change of 9.28%
2025-01-19 11:56:04,411 - ERROR - AGR: No price data found, symbol may be delisted (1d 2024-12-28 -> 2025-01-17)
2025-01-19 11:56:04,453 - INFO - AGRI: 1mo change of -10.69%
2025-01-19 11:56:04,965 - INFO - Processing AGRI - 2024-12-03 17:00:00 UTC
2025-01-19 11:56:05,006 - INFO - Processing AGR - 2025-01-07 00:32:49 UTC
2025-01-19 11:56:06,086 - INFO - Retrieved article length: 6036 characters
2025-01-19 11:56:06,162 - INFO - Retrieved article length: 491 characters
2025-01-19 11:56:06,162 - ERROR - AGR: No price data found, symbol may be delisted (1h 2025-01-05 -> 2025-01-09)
2025-01-19 11:56:06,162 - ERROR - AGR: No price data found, symbol may be delisted (1d 2024-12-28 -> 2025-01-17)
2025-01-19 11:56:06,181 - INFO - AGRI: 1h change of -18.42%
2025-01-19 11:56:06,271 - INFO - AGRI: 1wk change of -44.10%
2025-01-19 11:56:06,360 - INFO - AGRI: 1mo change of -57.24%
2025-01-19 11:56:06,861 - INFO - Processing AGRI - 2024-12-03 15:30:00 UTC
2025-01-19 11:56:07,911 - INFO - Processing AHCO - 2024-12-17 14:10:46 UTC
2025-01-19 11:56:07,999 - INFO - Retrieved article length: 3038 characters
2025-01-19 11:56:08,017 - INFO - AGRI: 1h change of -18.42%
2025-01-19 11:56:08,024 - INFO - AGRI: 1wk change of -44.10%
2025-01-19 11:56:08,032 - INFO - AGRI: 1mo change of -57.24%
2025-01-19 11:56:08,532 - INFO - Processing AGRI - 2024-10-22 16:00:00 UTC
2025-01-19 11:56:08,973 - INFO - Retrieved article length: 4098 characters
2025-01-19 11:56:09,075 - INFO - AHCO: 1h change of -2.47%
2025-01-19 11:56:09,165 - INFO - AHCO: 1wk change of 3.38%
2025-01-19 11:56:09,251 - INFO - AHCO: 1mo change of -1.59%
2025-01-19 11:56:09,702 - INFO - Retrieved article length: 3296 characters
2025-01-19 11:56:09,752 - INFO - Processing AHCO - 2024-12-03 16:00:00 UTC
2025-01-19 11:56:09,788 - INFO - AGRI: 1h change of 2.03%
2025-01-19 11:56:09,882 - INFO - AGRI: 1wk change of -16.13%
2025-01-19 11:56:09,985 - INFO - AGRI: 1mo change of -29.09%
2025-01-19 11:56:10,787 - INFO - Retrieved article length: 3515 characters
2025-01-19 11:56:10,878 - INFO - AHCO: 1h change of -1.93%
2025-01-19 11:56:10,959 - INFO - AHCO: 1wk change of -8.20%
2025-01-19 11:56:11,059 - INFO - AHCO: 1mo change of -12.07%
2025-01-19 11:56:11,559 - INFO - Processing AHCO - 2024-11-27 00:05:00 UTC
2025-01-19 11:56:11,678 - INFO - Processing AHG - 2024-11-15 14:47:59 UTC
2025-01-19 11:56:12,719 - INFO - Retrieved article length: 2515 characters
2025-01-19 11:56:12,719 - INFO - Retrieved article length: 7665 characters
2025-01-19 11:56:12,818 - INFO - AHCO: 1h change of 1.42%
2025-01-19 11:56:12,818 - INFO - AHG: 1h change of 20.36%
2025-01-19 11:56:12,906 - INFO - AHG: 1wk change of -4.24%
2025-01-19 11:56:12,968 - INFO - AHCO: 1wk change of 1.67%
2025-01-19 11:56:12,996 - INFO - AHG: 1mo change of 12.26%
2025-01-19 11:56:13,050 - INFO - AHCO: 1mo change of -10.44%
2025-01-19 11:56:13,559 - INFO - Processing AHCO - 2024-11-26 16:34:00 UTC
2025-01-19 11:56:14,661 - INFO - Processing AHH - 2025-01-14 20:57:00 UTC
2025-01-19 11:56:14,736 - INFO - Retrieved article length: 2500 characters
2025-01-19 11:56:14,825 - INFO - AHCO: 1h change of 1.42%
2025-01-19 11:56:14,926 - INFO - AHCO: 1wk change of 1.57%
2025-01-19 11:56:15,018 - INFO - AHCO: 1mo change of -14.52%
2025-01-19 11:56:15,521 - INFO - Processing AHCO - 2024-11-19 14:23:54 UTC
2025-01-19 11:56:15,719 - INFO - Retrieved article length: 3478 characters
2025-01-19 11:56:15,905 - INFO - AHH: 1wk change of -1.91%
2025-01-19 11:56:16,000 - INFO - AHH: 1mo change of -9.24%
2025-01-19 11:56:16,502 - INFO - Processing AHH - 2025-01-13 14:00:00 UTC
2025-01-19 11:56:16,668 - INFO - Retrieved article length: 492 characters
2025-01-19 11:56:16,764 - INFO - AHCO: 1h change of 2.64%
2025-01-19 11:56:16,849 - INFO - AHCO: 1wk change of -4.40%
2025-01-19 11:56:16,940 - INFO - AHCO: 1mo change of -3.88%
2025-01-19 11:56:17,443 - INFO - Processing AHCO - 2024-11-15 15:35:48 UTC
2025-01-19 11:56:17,560 - INFO - Retrieved article length: 4996 characters
2025-01-19 11:56:17,648 - INFO - AHH: 1h change of -2.35%
2025-01-19 11:56:17,751 - INFO - AHH: 1wk change of -4.31%
2025-01-19 11:56:17,847 - INFO - AHH: 1mo change of -8.57%
2025-01-19 11:56:18,358 - INFO - Processing AHH - 2025-01-10 14:00:00 UTC
2025-01-19 11:56:18,583 - INFO - Retrieved article length: 496 characters
2025-01-19 11:56:18,689 - INFO - AHCO: 1h change of -11.71%
2025-01-19 11:56:18,780 - INFO - AHCO: 1wk change of 7.35%
2025-01-19 11:56:18,866 - INFO - AHCO: 1mo change of -3.96%
2025-01-19 11:56:19,372 - INFO - Processing AHCO - 2024-11-13 00:05:00 UTC
2025-01-19 11:56:19,418 - INFO - Retrieved article length: 2951 characters
2025-01-19 11:56:19,610 - INFO - AHH: 1wk change of -4.59%
2025-01-19 11:56:19,713 - INFO - AHH: 1mo change of -8.40%
2025-01-19 11:56:20,213 - INFO - Processing AHH - 2025-01-07 00:15:00 UTC
2025-01-19 11:56:20,477 - INFO - Retrieved article length: 2472 characters
2025-01-19 11:56:20,576 - INFO - AHCO: 1h change of 1.21%
2025-01-19 11:56:20,665 - INFO - AHCO: 1wk change of -2.91%
2025-01-19 11:56:20,752 - INFO - AHCO: 1mo change of -2.05%
2025-01-19 11:56:21,254 - INFO - Processing AHCO - 2024-11-06 18:15:14 UTC
2025-01-19 11:56:21,345 - INFO - Retrieved article length: 4552 characters
2025-01-19 11:56:21,429 - INFO - AHH: 1h change of -3.35%
2025-01-19 11:56:21,523 - INFO - AHH: 1wk change of -2.68%
2025-01-19 11:56:21,636 - INFO - AHH: 1mo change of -9.32%
2025-01-19 11:56:22,137 - INFO - Processing AHH - 2024-12-29 17:10:52 UTC
2025-01-19 11:56:22,364 - INFO - Retrieved article length: 491 characters
2025-01-19 11:56:22,459 - INFO - AHCO: 1h change of -5.03%
2025-01-19 11:56:22,542 - INFO - AHCO: 1wk change of -10.91%
2025-01-19 11:56:22,623 - INFO - AHCO: 1mo change of -11.83%
2025-01-19 11:56:23,202 - INFO - Retrieved article length: 4622 characters
2025-01-19 11:56:23,400 - INFO - AHH: 1wk change of -1.56%
2025-01-19 11:56:23,486 - INFO - AHH: 1mo change of -9.48%
2025-01-19 11:56:24,000 - INFO - Processing AHH - 2024-12-19 01:06:00 UTC
2025-01-19 11:56:24,336 - INFO - Processing AHR - 2025-01-17 18:34:25 UTC
2025-01-19 11:56:25,090 - INFO - Retrieved article length: 2293 characters
2025-01-19 11:56:25,175 - INFO - AHH: 1h change of -5.52%
2025-01-19 11:56:25,280 - INFO - AHH: 1wk change of -5.76%
2025-01-19 11:56:25,367 - INFO - AHH: 1mo change of -8.40%
2025-01-19 11:56:25,435 - INFO - Retrieved article length: 538 characters
2025-01-19 11:56:25,732 - INFO - AHR: 1mo change of -1.13%
2025-01-19 11:56:25,877 - INFO - Processing AHH - 2024-12-14 00:15:00 UTC
2025-01-19 11:56:26,234 - INFO - Processing AHR - 2025-01-16 00:15:00 UTC
2025-01-19 11:56:26,971 - INFO - Retrieved article length: 1612 characters
2025-01-19 11:56:27,066 - INFO - AHH: 1h change of 1.02%
2025-01-19 11:56:27,162 - INFO - AHH: 1wk change of -7.00%
2025-01-19 11:56:27,259 - INFO - AHH: 1mo change of -10.14%
2025-01-19 11:56:27,336 - INFO - Retrieved article length: 2620 characters
2025-01-19 11:56:27,439 - INFO - AHR: 1h change of 2.16%
2025-01-19 11:56:27,767 - INFO - Processing AHH - 2024-12-05 20:02:00 UTC
2025-01-19 11:56:28,128 - INFO - Processing AHR - 2024-12-31 13:35:40 UTC
2025-01-19 11:56:28,947 - INFO - Retrieved article length: 2575 characters
2025-01-19 11:56:29,034 - INFO - AHH: 1h change of -1.59%
2025-01-19 11:56:29,242 - INFO - AHH: 1mo change of -9.33%
2025-01-19 11:56:29,344 - INFO - Retrieved article length: 541 characters
2025-01-19 11:56:29,434 - INFO - AHR: 1h change of 1.61%
2025-01-19 11:56:29,611 - INFO - AHR: 1mo change of -4.97%
2025-01-19 11:56:30,118 - INFO - Processing AHR - 2024-12-24 17:37:00 UTC
2025-01-19 11:56:31,330 - INFO - Retrieved article length: 6919 characters
2025-01-19 11:56:31,417 - INFO - AHR: 1h change of 4.05%
2025-01-19 11:56:31,510 - INFO - AHR: 1wk change of -1.49%
2025-01-19 11:56:32,005 - ERROR - Error getting news for AI: Expecting value: line 1 column 1 (char 0)
2025-01-19 11:56:32,109 - INFO - Processing AHR - 2024-12-22 18:00:20 UTC
2025-01-19 11:56:33,254 - INFO - Retrieved article length: 5619 characters
2025-01-19 11:56:33,338 - INFO - AHR: 1h change of 4.09%
2025-01-19 11:56:33,522 - INFO - AHR: 1mo change of 1.64%
2025-01-19 11:56:34,026 - INFO - Processing AHR - 2024-12-19 00:15:00 UTC
2025-01-19 11:56:35,190 - INFO - Retrieved article length: 1570 characters
2025-01-19 11:56:35,279 - INFO - AHR: 1h change of -1.28%
2025-01-19 11:56:35,442 - INFO - AHR: 1mo change of 6.41%
2025-01-19 11:56:35,951 - INFO - Processing AHR - 2024-12-18 12:11:00 UTC
2025-01-19 11:56:37,098 - INFO - Retrieved article length: 12883 characters
2025-01-19 11:56:37,190 - INFO - AHR: 1h change of -4.93%
2025-01-19 11:56:37,357 - INFO - AHR: 1mo change of 4.10%
2025-01-19 11:56:37,859 - INFO - Processing AHR - 2024-12-17 22:37:00 UTC
2025-01-19 11:56:38,958 - ERROR - Error getting news for AIEV: Expecting value: line 1 column 1 (char 0)
2025-01-19 11:56:39,207 - INFO - Retrieved article length: 360 characters
2025-01-19 11:56:39,309 - INFO - AHR: 1h change of -4.30%
2025-01-19 11:56:39,393 - INFO - AHR: 1wk change of 1.52%
2025-01-19 11:56:39,487 - INFO - AHR: 1mo change of 7.68%
2025-01-19 11:56:42,352 - ERROR - Error getting news for AIFF: Expecting value: line 1 column 1 (char 0)
2025-01-19 11:56:45,820 - ERROR - Error getting news for AIG: Expecting value: line 1 column 1 (char 0)
2025-01-19 11:56:49,198 - ERROR - Error getting news for AIHS: Expecting value: line 1 column 1 (char 0)
2025-01-19 11:56:52,886 - ERROR - Error getting news for AILE: Expecting value: line 1 column 1 (char 0)
2025-01-19 11:56:56,056 - ERROR - Error getting news for AIMD: Expecting value: line 1 column 1 (char 0)
2025-01-19 11:56:59,980 - ERROR - Error getting news for AIOT: Expecting value: line 1 column 1 (char 0)
2025-01-19 11:57:02,914 - ERROR - Error getting news for AIRE: Expecting value: line 1 column 1 (char 0)
2025-01-19 11:57:06,925 - ERROR - Error getting news for AIRG: Expecting value: line 1 column 1 (char 0)
2025-01-19 11:57:09,756 - ERROR - Error getting news for AIRJ: Expecting value: line 1 column 1 (char 0)
2025-01-19 11:57:13,879 - ERROR - Error getting news for AIRT: Expecting value: line 1 column 1 (char 0)
2025-01-19 11:57:16,744 - ERROR - Error getting news for AISP: Expecting value: line 1 column 1 (char 0)
