2025-01-19 16:11:18,978 - INFO - Starting new training session. Logging to: logs/training_20250119_161118.log
2025-01-19 16:11:18,982 - INFO - Starting new training session. Logging to: logs/training_20250119_161118.log
2025-01-19 16:11:18,982 - INFO - Starting new training session. Logging to: logs/training_20250119_161118.log
2025-01-19 16:11:18,990 - INFO - Starting new training session. Logging to: logs/training_20250119_161118.log
2025-01-19 16:11:19,529 - INFO - Processing NOVA - 2025-01-15 16:00:00 UTC
2025-01-19 16:11:19,546 - INFO - Processing NOV - 2024-12-24 17:40:13 UTC
2025-01-19 16:11:19,546 - INFO - Processing NOVV - 2025-01-19 16:06:08 UTC
2025-01-19 16:11:19,560 - INFO - Processing NOTV - 2024-12-31 00:37:25 UTC
2025-01-19 16:11:20,365 - INFO - Retrieved article length: 4804 characters
2025-01-19 16:11:20,377 - INFO - Retrieved article length: 504 characters
2025-01-19 16:11:20,513 - INFO - NOVA: 1h change of 3.15%
2025-01-19 16:11:20,521 - INFO - Retrieved article length: 2490 characters
2025-01-19 16:11:20,525 - INFO - NOTV: 1h change of -2.82%
2025-01-19 16:11:20,546 - INFO - Retrieved article length: 922 characters
2025-01-19 16:11:20,611 - INFO - NOVA: 1wk change of -29.60%
2025-01-19 16:11:20,626 - INFO - NOTV: 1wk change of 14.97%
2025-01-19 16:11:20,652 - INFO - NOV: 1h change of 2.20%
2025-01-19 16:11:20,709 - INFO - NOVA: 1mo change of -26.29%
2025-01-19 16:11:20,709 - INFO - Processing NOVA - 2025-01-10 23:17:45 UTC
2025-01-19 16:11:20,719 - INFO - NOTV: 1mo change of 33.86%
2025-01-19 16:11:20,719 - INFO - Processing NOTV - 2024-12-31 00:05:00 UTC
2025-01-19 16:11:20,880 - INFO - NOV: 1mo change of -1.84%
2025-01-19 16:11:20,880 - INFO - Processing NOV - 2024-12-23 16:53:58 UTC
2025-01-19 16:11:21,559 - INFO - Retrieved article length: 507 characters
2025-01-19 16:11:21,608 - INFO - Retrieved article length: 3195 characters
2025-01-19 16:11:21,619 - INFO - Retrieved article length: 3927 characters
2025-01-19 16:11:21,628 - INFO - NOTV: 1h change of -2.82%
2025-01-19 16:11:21,633 - INFO - NOTV: 1wk change of 14.97%
2025-01-19 16:11:21,659 - INFO - NOVA: 1h change of -17.75%
2025-01-19 16:11:21,686 - INFO - NOTV: 1mo change of 33.86%
2025-01-19 16:11:21,686 - INFO - Processing NOTV - 2024-12-24 00:43:45 UTC
2025-01-19 16:11:21,707 - INFO - NOV: 1h change of 2.20%
2025-01-19 16:11:21,761 - INFO - NOVA: 1wk change of -8.45%
2025-01-19 16:11:21,814 - INFO - NOV: 1wk change of -2.47%
2025-01-19 16:11:21,854 - INFO - NOVA: 1mo change of -29.75%
2025-01-19 16:11:21,855 - INFO - Processing NOVA - 2025-01-10 16:31:28 UTC
2025-01-19 16:11:21,927 - INFO - NOV: 1mo change of -1.90%
2025-01-19 16:11:21,928 - INFO - Processing NOV - 2024-12-23 14:30:00 UTC
2025-01-19 16:11:22,336 - ERROR - NOVV: No data found, symbol may be delisted
2025-01-19 16:11:22,475 - INFO - Retrieved article length: 500 characters
2025-01-19 16:11:22,565 - INFO - NOTV: 1h change of 13.91%
2025-01-19 16:11:22,650 - INFO - NOTV: 1wk change of -27.88%
2025-01-19 16:11:22,675 - INFO - Retrieved article length: 1345 characters
2025-01-19 16:11:22,685 - INFO - NOV: 1h change of 2.20%
2025-01-19 16:11:22,692 - INFO - NOV: 1wk change of -2.47%
2025-01-19 16:11:22,732 - INFO - NOTV: 1mo change of 53.05%
2025-01-19 16:11:22,732 - INFO - Processing NOTV - 2024-12-24 00:05:00 UTC
2025-01-19 16:11:22,755 - INFO - Retrieved article length: 544 characters
2025-01-19 16:11:22,759 - INFO - NOV: 1mo change of -1.90%
2025-01-19 16:11:22,759 - INFO - Processing NOV - 2024-12-16 14:30:00 UTC
2025-01-19 16:11:22,765 - INFO - NOVA: 1h change of -17.75%
2025-01-19 16:11:22,830 - INFO - NOVA: 1wk change of -8.45%
2025-01-19 16:11:22,896 - INFO - NOVA: 1mo change of -29.75%
2025-01-19 16:11:22,897 - INFO - Processing NOVA - 2025-01-06 18:49:48 UTC
2025-01-19 16:11:23,139 - ERROR - NOVV: No data found, symbol may be delisted
2025-01-19 16:11:23,499 - INFO - Retrieved article length: 4589 characters
2025-01-19 16:11:23,510 - INFO - NOTV: 1h change of 13.91%
2025-01-19 16:11:23,517 - INFO - NOTV: 1wk change of -27.88%
2025-01-19 16:11:23,569 - INFO - NOTV: 1mo change of 53.05%
2025-01-19 16:11:23,569 - INFO - Processing NOTV - 2024-12-18 16:37:55 UTC
2025-01-19 16:11:23,644 - INFO - Retrieved article length: 1341 characters
2025-01-19 16:11:23,672 - INFO - Retrieved article length: 2955 characters
2025-01-19 16:11:23,743 - INFO - NOVA: 1h change of 1.69%
2025-01-19 16:11:23,772 - INFO - NOV: 1h change of -3.48%
2025-01-19 16:11:23,838 - INFO - NOVA: 1wk change of -9.46%
2025-01-19 16:11:23,883 - INFO - NOV: 1wk change of -3.07%
2025-01-19 16:11:23,935 - INFO - NOVA: 1mo change of -41.64%
2025-01-19 16:11:23,935 - INFO - Processing NOVA - 2025-01-04 22:04:05 UTC
2025-01-19 16:11:23,993 - INFO - NOV: 1mo change of -5.05%
2025-01-19 16:11:23,993 - INFO - Processing NOV - 2024-12-06 17:40:11 UTC
2025-01-19 16:11:24,065 - ERROR - NOVV: No data found, symbol may be delisted
2025-01-19 16:11:24,066 - INFO - Processing NOVV - 2025-01-19 16:05:23 UTC
2025-01-19 16:11:24,401 - INFO - Retrieved article length: 492 characters
2025-01-19 16:11:24,492 - INFO - NOTV: 1h change of -36.38%
2025-01-19 16:11:24,548 - INFO - Retrieved article length: 6456 characters
2025-01-19 16:11:24,576 - INFO - NOTV: 1wk change of 21.17%
2025-01-19 16:11:24,648 - INFO - NOVA: 1h change of 10.51%
2025-01-19 16:11:24,661 - INFO - NOTV: 1mo change of 49.30%
2025-01-19 16:11:24,661 - INFO - Processing NOTV - 2024-12-18 16:00:00 UTC
2025-01-19 16:11:24,705 - INFO - Retrieved article length: 2429 characters
2025-01-19 16:11:24,749 - INFO - NOVA: 1wk change of -10.08%
2025-01-19 16:11:24,803 - INFO - NOV: 1h change of -6.23%
2025-01-19 16:11:24,832 - INFO - Retrieved article length: 5791 characters
2025-01-19 16:11:24,844 - INFO - NOVA: 1mo change of -41.64%
2025-01-19 16:11:24,844 - INFO - Processing NOVA - 2024-12-29 23:56:23 UTC
2025-01-19 16:11:24,919 - INFO - NOV: 1wk change of -5.99%
2025-01-19 16:11:25,031 - INFO - NOV: 1mo change of -3.16%
2025-01-19 16:11:25,032 - INFO - Processing NOV - 2024-12-03 17:45:13 UTC
2025-01-19 16:11:25,631 - INFO - Retrieved article length: 4513 characters
2025-01-19 16:11:25,640 - INFO - NOTV: 1h change of -36.38%
2025-01-19 16:11:25,646 - INFO - NOTV: 1wk change of 21.17%
2025-01-19 16:11:25,699 - INFO - NOTV: 1mo change of 49.30%
2025-01-19 16:11:25,699 - INFO - Processing NOTV - 2024-12-18 00:18:03 UTC
2025-01-19 16:11:25,975 - INFO - Retrieved article length: 2508 characters
2025-01-19 16:11:26,009 - ERROR - NOVV: No data found, symbol may be delisted
2025-01-19 16:11:26,039 - INFO - Retrieved article length: 7573 characters
2025-01-19 16:11:26,139 - INFO - NOVA: 1h change of -2.28%
2025-01-19 16:11:26,186 - INFO - NOV: 1wk change of -6.69%
2025-01-19 16:11:26,236 - INFO - NOVA: 1wk change of 33.83%
2025-01-19 16:11:26,334 - INFO - NOV: 1mo change of -3.31%
2025-01-19 16:11:26,334 - INFO - Processing NOV - 2024-12-02 13:11:36 UTC
2025-01-19 16:11:26,339 - INFO - NOVA: 1mo change of -41.20%
2025-01-19 16:11:26,339 - INFO - Processing NOVA - 2024-12-25 00:49:03 UTC
2025-01-19 16:11:26,455 - INFO - Retrieved article length: 473 characters
2025-01-19 16:11:26,463 - INFO - NOTV: 1h change of -36.38%
2025-01-19 16:11:26,469 - INFO - NOTV: 1wk change of 21.17%
2025-01-19 16:11:26,523 - INFO - NOTV: 1mo change of 49.30%
2025-01-19 16:11:26,524 - INFO - Processing NOTV - 2024-12-18 00:03:00 UTC
2025-01-19 16:11:26,842 - ERROR - NOVV: No data found, symbol may be delisted
2025-01-19 16:11:27,060 - INFO - Retrieved article length: 4884 characters
2025-01-19 16:11:27,157 - INFO - NOV: 1h change of 1.19%
2025-01-19 16:11:27,158 - INFO - Retrieved article length: 1868 characters
2025-01-19 16:11:27,239 - INFO - Retrieved article length: 4444 characters
2025-01-19 16:11:27,247 - INFO - NOTV: 1h change of -36.38%
2025-01-19 16:11:27,252 - INFO - NOTV: 1wk change of 21.17%
2025-01-19 16:11:27,276 - INFO - NOV: 1wk change of -6.96%
2025-01-19 16:11:27,307 - INFO - NOTV: 1mo change of 49.30%
2025-01-19 16:11:27,373 - INFO - NOVA: 1wk change of 6.50%
2025-01-19 16:11:27,388 - INFO - NOV: 1mo change of -3.50%
2025-01-19 16:11:27,388 - INFO - Processing NOV - 2024-11-28 13:36:01 UTC
2025-01-19 16:11:27,408 - INFO - Processing NOVVR - 2025-01-19 16:06:08 UTC
2025-01-19 16:11:27,469 - INFO - NOVA: 1mo change of -25.77%
2025-01-19 16:11:27,469 - INFO - Processing NOVA - 2024-12-24 18:05:20 UTC
2025-01-19 16:11:28,220 - INFO - Retrieved article length: 922 characters
2025-01-19 16:11:28,262 - INFO - Retrieved article length: 5338 characters
2025-01-19 16:11:28,358 - INFO - Retrieved article length: 5167 characters
2025-01-19 16:11:28,363 - INFO - NOVA: 1h change of 2.88%
2025-01-19 16:11:28,480 - ERROR - NOVV: No data found, symbol may be delisted
2025-01-19 16:11:28,481 - INFO - Processing NOVV - 2025-01-19 16:05:00 UTC
2025-01-19 16:11:28,561 - INFO - NOVA: 1mo change of -8.72%
2025-01-19 16:11:28,577 - INFO - NOV: 1wk change of -6.05%
2025-01-19 16:11:28,676 - INFO - Processing NOVVU - 2025-01-19 16:06:08 UTC
2025-01-19 16:11:28,695 - INFO - NOV: 1mo change of -3.86%
2025-01-19 16:11:28,842 - INFO - Processing NOW - 2025-01-19 13:00:00 UTC
2025-01-19 16:11:29,250 - INFO - Retrieved article length: 7323 characters
2025-01-19 16:11:29,339 - INFO - Retrieved article length: 922 characters
2025-01-19 16:11:29,417 - ERROR - NOVVR: No data found, symbol may be delisted
2025-01-19 16:11:29,564 - INFO - Retrieved article length: 172 characters
2025-01-19 16:11:29,777 - INFO - NOW: 1wk change of 4.58%
2025-01-19 16:11:29,877 - INFO - NOW: 1mo change of -5.17%
2025-01-19 16:11:29,877 - INFO - Processing NOW - 2025-01-18 19:58:18 UTC
2025-01-19 16:11:30,115 - ERROR - NOVV: No data found, symbol may be delisted
2025-01-19 16:11:30,256 - ERROR - NOVVR: No data found, symbol may be delisted
2025-01-19 16:11:30,490 - ERROR - NOVVU: No data found, symbol may be delisted
2025-01-19 16:11:30,563 - INFO - Retrieved article length: 150 characters
2025-01-19 16:11:30,668 - INFO - NOW: 1h change of 1.47%
2025-01-19 16:11:30,765 - INFO - NOW: 1wk change of 2.14%
2025-01-19 16:11:30,867 - INFO - NOW: 1mo change of -5.17%
2025-01-19 16:11:30,867 - INFO - Processing NOW - 2025-01-18 01:45:21 UTC
2025-01-19 16:11:30,958 - ERROR - NOVV: No data found, symbol may be delisted
2025-01-19 16:11:31,062 - ERROR - NOVVR: No data found, symbol may be delisted
2025-01-19 16:11:31,063 - INFO - Processing NOVVR - 2025-01-19 16:05:23 UTC
2025-01-19 16:11:31,608 - INFO - Retrieved article length: 3415 characters
2025-01-19 16:11:31,677 - INFO - NOW: 1h change of 1.47%
2025-01-19 16:11:31,727 - ERROR - NOVVU: No data found, symbol may be delisted
2025-01-19 16:11:31,745 - INFO - NOW: 1wk change of 2.14%
2025-01-19 16:11:31,809 - INFO - NOW: 1mo change of -5.17%
2025-01-19 16:11:31,809 - INFO - Processing NOW - 2025-01-18 00:42:53 UTC
2025-01-19 16:11:31,829 - INFO - Retrieved article length: 5791 characters
2025-01-19 16:11:31,833 - ERROR - NOVV: No data found, symbol may be delisted
2025-01-19 16:11:31,834 - INFO - Processing NOVV - 2025-01-19 16:03:17 UTC
2025-01-19 16:11:32,512 - INFO - Retrieved article length: 13268 characters
2025-01-19 16:11:32,535 - INFO - Retrieved article length: 148 characters
2025-01-19 16:11:32,561 - ERROR - NOVVU: No data found, symbol may be delisted
2025-01-19 16:11:32,562 - INFO - Processing NOVVU - 2025-01-19 16:05:23 UTC
2025-01-19 16:11:32,604 - INFO - NOW: 1h change of 1.47%
2025-01-19 16:11:32,671 - INFO - NOW: 1wk change of 2.14%
2025-01-19 16:11:32,718 - ERROR - NOVVR: No data found, symbol may be delisted
2025-01-19 16:11:32,738 - INFO - NOW: 1mo change of -5.17%
2025-01-19 16:11:32,738 - INFO - Processing NOW - 2025-01-17 23:57:03 UTC
2025-01-19 16:11:33,312 - INFO - Retrieved article length: 5791 characters
2025-01-19 16:11:33,392 - ERROR - NOVV: No data found, symbol may be delisted
2025-01-19 16:11:33,447 - INFO - Retrieved article length: 157 characters
2025-01-19 16:11:33,552 - INFO - NOW: 1h change of 1.43%
2025-01-19 16:11:33,646 - INFO - NOW: 1wk change of 1.64%
2025-01-19 16:11:33,748 - INFO - NOW: 1mo change of -4.43%
2025-01-19 16:11:33,750 - INFO - Processing NOW - 2025-01-17 20:10:10 UTC
2025-01-19 16:11:33,785 - ERROR - NOVVR: No data found, symbol may be delisted
2025-01-19 16:11:34,292 - ERROR - NOVVU: No data found, symbol may be delisted
2025-01-19 16:11:34,515 - ERROR - NOVV: No data found, symbol may be delisted
2025-01-19 16:11:34,727 - ERROR - NOVVR: No data found, symbol may be delisted
2025-01-19 16:11:34,727 - INFO - Processing NOVVR - 2025-01-19 16:05:00 UTC
2025-01-19 16:11:34,730 - INFO - Retrieved article length: 3501 characters
2025-01-19 16:11:34,740 - INFO - NOW: 1h change of 1.43%
2025-01-19 16:11:34,807 - INFO - NOW: 1wk change of 1.64%
2025-01-19 16:11:34,877 - INFO - NOW: 1mo change of -4.43%
2025-01-19 16:11:34,877 - INFO - Processing NOW - 2025-01-17 18:49:47 UTC
2025-01-19 16:11:35,097 - ERROR - NOVVU: No data found, symbol may be delisted
2025-01-19 16:11:35,416 - ERROR - NOVV: No data found, symbol may be delisted
2025-01-19 16:11:35,417 - INFO - Processing NOVV - 2025-01-19 16:03:04 UTC
2025-01-19 16:11:35,453 - INFO - Retrieved article length: 7323 characters
2025-01-19 16:11:35,579 - INFO - Retrieved article length: 5088 characters
2025-01-19 16:11:35,589 - INFO - NOW: 1h change of 1.43%
2025-01-19 16:11:35,654 - INFO - NOW: 1wk change of 1.64%
2025-01-19 16:11:35,721 - INFO - NOW: 1mo change of -4.43%
2025-01-19 16:11:35,721 - INFO - Processing NOW - 2025-01-17 18:44:52 UTC
2025-01-19 16:11:36,022 - ERROR - NOVVU: No data found, symbol may be delisted
2025-01-19 16:11:36,023 - INFO - Processing NOVVU - 2025-01-19 16:05:00 UTC
2025-01-19 16:11:36,235 - INFO - Retrieved article length: 5739 characters
2025-01-19 16:11:36,316 - ERROR - NOVVR: No data found, symbol may be delisted
2025-01-19 16:11:36,412 - INFO - Retrieved article length: 494 characters
2025-01-19 16:11:36,421 - INFO - NOW: 1h change of 1.43%
2025-01-19 16:11:36,492 - INFO - NOW: 1wk change of 1.64%
2025-01-19 16:11:36,560 - INFO - NOW: 1mo change of -4.43%
2025-01-19 16:11:36,718 - INFO - Processing NPKI - 2024-12-31 14:21:26 UTC
2025-01-19 16:11:36,759 - INFO - Retrieved article length: 7323 characters
2025-01-19 16:11:37,110 - ERROR - NOVV: No data found, symbol may be delisted
2025-01-19 16:11:37,323 - ERROR - NOVVR: No data found, symbol may be delisted
2025-01-19 16:11:37,555 - INFO - Retrieved article length: 4825 characters
2025-01-19 16:11:37,614 - ERROR - NOVVU: No data found, symbol may be delisted
2025-01-19 16:11:37,652 - INFO - NPKI: 1h change of 5.28%
2025-01-19 16:11:37,865 - INFO - NPKI: 1mo change of -5.88%
2025-01-19 16:11:38,000 - INFO - Processing NPWR - 2024-12-09 17:00:00 UTC
2025-01-19 16:11:38,187 - ERROR - NOVVR: No data found, symbol may be delisted
2025-01-19 16:11:38,188 - INFO - Processing NOVVR - 2025-01-19 16:03:17 UTC
2025-01-19 16:11:38,288 - ERROR - NOVV: No data found, symbol may be delisted
2025-01-19 16:11:38,462 - ERROR - NOVVU: No data found, symbol may be delisted
2025-01-19 16:11:38,799 - INFO - Retrieved article length: 15144 characters
2025-01-19 16:11:38,877 - INFO - Retrieved article length: 13268 characters
2025-01-19 16:11:38,902 - INFO - NPWR: 1h change of -4.28%
2025-01-19 16:11:38,999 - INFO - NPWR: 1wk change of -27.17%
2025-01-19 16:11:39,098 - INFO - NPWR: 1mo change of 9.82%
2025-01-19 16:11:39,099 - INFO - Processing NPWR - 2024-11-19 14:02:56 UTC
2025-01-19 16:11:39,293 - ERROR - NOVVU: No data found, symbol may be delisted
2025-01-19 16:11:39,294 - INFO - Processing NOVVU - 2025-01-19 16:03:17 UTC
2025-01-19 16:11:39,426 - ERROR - NOVV: No data found, symbol may be delisted
2025-01-19 16:11:39,427 - INFO - Processing NOVV - 2025-01-19 16:02:55 UTC
2025-01-19 16:11:39,762 - ERROR - NOVVR: No data found, symbol may be delisted
2025-01-19 16:11:39,841 - INFO - Retrieved article length: 3560 characters
2025-01-19 16:11:40,055 - INFO - NPWR: 1wk change of 42.90%
2025-01-19 16:11:40,079 - INFO - Retrieved article length: 13268 characters
2025-01-19 16:11:40,118 - INFO - Retrieved article length: 4249 characters
2025-01-19 16:11:40,150 - INFO - NPWR: 1mo change of 51.13%
2025-01-19 16:11:40,150 - INFO - Processing NPWR - 2024-11-19 00:03:00 UTC
2025-01-19 16:11:40,617 - ERROR - NOVVR: No data found, symbol may be delisted
2025-01-19 16:11:40,858 - INFO - Retrieved article length: 131 characters
2025-01-19 16:11:40,871 - INFO - NPWR: 1wk change of 42.90%
2025-01-19 16:11:40,877 - INFO - NPWR: 1mo change of 51.13%
2025-01-19 16:11:40,878 - INFO - Processing NPWR - 2024-11-12 00:15:00 UTC
2025-01-19 16:11:40,943 - ERROR - NOVVU: No data found, symbol may be delisted
2025-01-19 16:11:41,069 - ERROR - NOVV: No data found, symbol may be delisted
2025-01-19 16:11:41,484 - ERROR - NOVVR: No data found, symbol may be delisted
2025-01-19 16:11:41,485 - INFO - Processing NOVVR - 2025-01-19 16:03:04 UTC
2025-01-19 16:11:41,631 - INFO - Retrieved article length: 8446 characters
2025-01-19 16:11:41,738 - INFO - NPWR: 1h change of 38.96%
2025-01-19 16:11:41,834 - INFO - NPWR: 1wk change of 41.65%
2025-01-19 16:11:41,934 - ERROR - NOVV: No data found, symbol may be delisted
2025-01-19 16:11:41,936 - INFO - NPWR: 1mo change of 44.88%
2025-01-19 16:11:41,936 - INFO - Processing NPWR - 2024-10-22 23:15:00 UTC
2025-01-19 16:11:41,993 - ERROR - NOVVU: No data found, symbol may be delisted
2025-01-19 16:11:42,207 - INFO - Retrieved article length: 5739 characters
2025-01-19 16:11:42,689 - INFO - Retrieved article length: 3367 characters
2025-01-19 16:11:42,797 - INFO - NPWR: 1h change of 4.27%
2025-01-19 16:11:42,850 - ERROR - NOVVU: No data found, symbol may be delisted
2025-01-19 16:11:42,850 - INFO - Processing NOVVU - 2025-01-19 16:03:04 UTC
2025-01-19 16:11:42,895 - INFO - NPWR: 1wk change of 32.26%
2025-01-19 16:11:43,000 - INFO - NPWR: 1mo change of 89.05%
2025-01-19 16:11:43,075 - ERROR - NOVV: No data found, symbol may be delisted
2025-01-19 16:11:43,076 - INFO - Processing NOVV - 2025-01-19 16:02:47 UTC
2025-01-19 16:11:43,116 - ERROR - NOVVR: No data found, symbol may be delisted
2025-01-19 16:11:43,194 - INFO - Processing NRDS - 2025-01-02 17:00:00 UTC
2025-01-19 16:11:43,878 - INFO - Retrieved article length: 14558 characters
2025-01-19 16:11:43,910 - INFO - Retrieved article length: 5739 characters
2025-01-19 16:11:43,987 - ERROR - NOVVR: No data found, symbol may be delisted
2025-01-19 16:11:44,044 - INFO - Retrieved article length: 6918 characters
2025-01-19 16:11:44,150 - INFO - NRDS: 1h change of 3.48%
2025-01-19 16:11:44,250 - INFO - NRDS: 1wk change of 10.59%
2025-01-19 16:11:44,347 - INFO - NRDS: 1mo change of 1.57%
2025-01-19 16:11:44,347 - INFO - Processing NRDS - 2024-12-23 20:53:15 UTC
2025-01-19 16:11:44,752 - ERROR - NOVVU: No data found, symbol may be delisted
2025-01-19 16:11:44,820 - ERROR - NOVV: No data found, symbol may be delisted
2025-01-19 16:11:44,906 - ERROR - NOVVR: No data found, symbol may be delisted
2025-01-19 16:11:44,907 - INFO - Processing NOVVR - 2025-01-19 16:02:55 UTC
2025-01-19 16:11:45,248 - INFO - Retrieved article length: 516 characters
2025-01-19 16:11:45,344 - INFO - NRDS: 1h change of 2.09%
2025-01-19 16:11:45,585 - INFO - NRDS: 1mo change of 5.96%
2025-01-19 16:11:45,585 - INFO - Processing NRDS - 2024-12-20 01:13:34 UTC
2025-01-19 16:11:45,744 - INFO - Retrieved article length: 4249 characters
2025-01-19 16:11:45,882 - ERROR - NOVVU: No data found, symbol may be delisted
2025-01-19 16:11:45,922 - ERROR - NOVV: No data found, symbol may be delisted
2025-01-19 16:11:46,369 - INFO - Retrieved article length: 519 characters
2025-01-19 16:11:46,465 - INFO - NRDS: 1h change of -1.44%
2025-01-19 16:11:46,560 - INFO - NRDS: 1wk change of -8.80%
2025-01-19 16:11:46,628 - ERROR - NOVVR: No data found, symbol may be delisted
2025-01-19 16:11:46,664 - INFO - NRDS: 1mo change of 2.45%
2025-01-19 16:11:46,664 - INFO - Processing NRDS - 2024-12-17 23:15:14 UTC
2025-01-19 16:11:46,858 - ERROR - NOVVU: No data found, symbol may be delisted
2025-01-19 16:11:46,860 - INFO - Processing NOVVU - 2025-01-19 16:02:55 UTC
2025-01-19 16:11:46,884 - ERROR - NOVV: No data found, symbol may be delisted
2025-01-19 16:11:46,885 - INFO - Processing NOVV - 2025-01-19 16:02:38 UTC
2025-01-19 16:11:47,446 - INFO - Retrieved article length: 1353 characters
2025-01-19 16:11:47,450 - ERROR - NOVVR: No data found, symbol may be delisted
2025-01-19 16:11:47,542 - INFO - NRDS: 1h change of -4.36%
2025-01-19 16:11:47,607 - INFO - Retrieved article length: 4249 characters
2025-01-19 16:11:47,609 - INFO - Retrieved article length: 5676 characters
2025-01-19 16:11:47,636 - INFO - NRDS: 1wk change of -3.82%
2025-01-19 16:11:47,732 - INFO - NRDS: 1mo change of -5.14%
2025-01-19 16:11:47,732 - INFO - Processing NRDS - 2024-10-30 16:00:51 UTC
2025-01-19 16:11:48,247 - ERROR - NOVVR: No data found, symbol may be delisted
2025-01-19 16:11:48,247 - INFO - Processing NOVVR - 2025-01-19 16:02:47 UTC
2025-01-19 16:11:48,436 - ERROR - NOVVU: No data found, symbol may be delisted
2025-01-19 16:11:48,488 - ERROR - NOVV: No data found, symbol may be delisted
2025-01-19 16:11:48,513 - INFO - Retrieved article length: 5048 characters
2025-01-19 16:11:48,615 - INFO - NRDS: 1h change of 28.52%
2025-01-19 16:11:48,717 - INFO - NRDS: 1wk change of 28.80%
2025-01-19 16:11:48,811 - INFO - NRDS: 1mo change of 9.39%
2025-01-19 16:11:48,811 - INFO - Processing NRDS - 2024-10-30 14:50:07 UTC
2025-01-19 16:11:48,983 - INFO - Retrieved article length: 14558 characters
2025-01-19 16:11:49,302 - ERROR - NOVVU: No data found, symbol may be delisted
2025-01-19 16:11:49,336 - ERROR - NOVV: No data found, symbol may be delisted
2025-01-19 16:11:49,596 - INFO - Retrieved article length: 516 characters
2025-01-19 16:11:49,603 - INFO - NRDS: 1h change of 28.52%
2025-01-19 16:11:49,609 - INFO - NRDS: 1wk change of 28.80%
2025-01-19 16:11:49,616 - INFO - NRDS: 1mo change of 9.39%
2025-01-19 16:11:49,616 - INFO - Processing NRDS - 2024-10-30 14:45:06 UTC
2025-01-19 16:11:50,099 - ERROR - NOVVU: No data found, symbol may be delisted
2025-01-19 16:11:50,112 - INFO - Processing NOVVU - 2025-01-19 16:02:47 UTC
2025-01-19 16:11:50,189 - ERROR - NOVV: No data found, symbol may be delisted
2025-01-19 16:11:50,360 - INFO - Processing NRDY - 2025-01-15 15:00:00 UTC
2025-01-19 16:11:50,670 - INFO - Retrieved article length: 392 characters
2025-01-19 16:11:50,677 - INFO - NRDS: 1h change of 28.52%
2025-01-19 16:11:50,683 - INFO - NRDS: 1wk change of 28.80%
2025-01-19 16:11:50,690 - INFO - NRDS: 1mo change of 9.39%
2025-01-19 16:11:50,690 - INFO - Processing NRDS - 2024-10-30 14:14:44 UTC
2025-01-19 16:11:50,799 - INFO - Retrieved article length: 14558 characters
2025-01-19 16:11:51,113 - INFO - Retrieved article length: 8461 characters
2025-01-19 16:11:51,222 - INFO - NRDY: 1h change of 11.74%
2025-01-19 16:11:51,243 - ERROR - NOVVR: No data found, symbol may be delisted
2025-01-19 16:11:51,327 - INFO - NRDY: 1wk change of -14.43%
2025-01-19 16:11:51,424 - INFO - NRDY: 1mo change of 3.75%
2025-01-19 16:11:51,425 - INFO - Processing NRDY - 2025-01-06 15:00:00 UTC
2025-01-19 16:11:51,446 - INFO - Retrieved article length: 2056 characters
2025-01-19 16:11:51,455 - INFO - NRDS: 1h change of 28.52%
2025-01-19 16:11:51,460 - INFO - NRDS: 1wk change of 28.80%
2025-01-19 16:11:51,467 - INFO - NRDS: 1mo change of 9.39%
2025-01-19 16:11:51,612 - INFO - Processing NRG - 2025-01-19 00:06:54 UTC
2025-01-19 16:11:51,612 - ERROR - NOVVU: No data found, symbol may be delisted
2025-01-19 16:11:52,071 - ERROR - NOVVR: No data found, symbol may be delisted
2025-01-19 16:11:52,072 - INFO - Processing NOVVR - 2025-01-19 16:02:38 UTC
2025-01-19 16:11:52,183 - INFO - Retrieved article length: 5905 characters
2025-01-19 16:11:52,279 - INFO - NRDY: 1h change of -4.77%
2025-01-19 16:11:52,292 - INFO - Retrieved article length: 8607 characters
2025-01-19 16:11:52,424 - ERROR - NOVVU: No data found, symbol may be delisted
2025-01-19 16:11:52,478 - INFO - NRDY: 1mo change of 8.50%
2025-01-19 16:11:52,479 - INFO - Processing NRDY - 2025-01-06 14:00:35 UTC
2025-01-19 16:11:52,504 - INFO - NRG: 1wk change of 5.15%
2025-01-19 16:11:52,618 - INFO - NRG: 1mo change of 10.97%
2025-01-19 16:11:52,633 - INFO - Processing NRG - 2025-01-18 02:00:21 UTC
2025-01-19 16:11:52,838 - INFO - Retrieved article length: 5676 characters
2025-01-19 16:11:53,247 - INFO - Retrieved article length: 4139 characters
2025-01-19 16:11:53,255 - INFO - NRDY: 1h change of -4.77%
2025-01-19 16:11:53,329 - INFO - NRDY: 1mo change of 8.50%
2025-01-19 16:11:53,329 - INFO - Processing NRDY - 2024-12-18 15:00:00 UTC
2025-01-19 16:11:53,380 - ERROR - NOVVU: No data found, symbol may be delisted
2025-01-19 16:11:53,380 - INFO - Processing NOVVU - 2025-01-19 16:02:38 UTC
2025-01-19 16:11:53,396 - INFO - Retrieved article length: 3178 characters
2025-01-19 16:11:53,613 - INFO - NRG: 1wk change of 6.06%
2025-01-19 16:11:53,731 - INFO - NRG: 1mo change of 10.97%
2025-01-19 16:11:53,731 - INFO - Processing NRG - 2025-01-14 11:13:41 UTC
2025-01-19 16:11:53,756 - ERROR - NOVVR: No data found, symbol may be delisted
2025-01-19 16:11:54,080 - INFO - Retrieved article length: 5660 characters
2025-01-19 16:11:54,139 - INFO - Retrieved article length: 5676 characters
2025-01-19 16:11:54,180 - INFO - NRDY: 1h change of -9.92%
2025-01-19 16:11:54,279 - INFO - NRDY: 1wk change of 2.44%
2025-01-19 16:11:54,380 - INFO - NRDY: 1mo change of 102.69%
2025-01-19 16:11:54,380 - INFO - Processing NRDY - 2024-12-17 15:00:00 UTC
2025-01-19 16:11:54,481 - INFO - Retrieved article length: 518 characters
2025-01-19 16:11:54,582 - INFO - NRG: 1h change of 7.25%
2025-01-19 16:11:54,632 - ERROR - NOVVR: No data found, symbol may be delisted
2025-01-19 16:11:54,693 - INFO - NRG: 1wk change of 5.87%
2025-01-19 16:11:54,800 - INFO - NRG: 1mo change of 11.50%
2025-01-19 16:11:54,801 - INFO - Processing NRG - 2025-01-11 01:12:00 UTC
2025-01-19 16:11:54,952 - ERROR - NOVVU: No data found, symbol may be delisted
2025-01-19 16:11:55,220 - INFO - Retrieved article length: 5581 characters
2025-01-19 16:11:55,321 - INFO - NRDY: 1h change of -2.83%
2025-01-19 16:11:55,418 - INFO - NRDY: 1wk change of 6.71%
2025-01-19 16:11:55,462 - ERROR - NOVVR: No data found, symbol may be delisted
2025-01-19 16:11:55,515 - INFO - NRDY: 1mo change of 84.44%
2025-01-19 16:11:55,515 - INFO - Processing NRDY - 2024-12-17 03:09:10 UTC
2025-01-19 16:11:55,620 - INFO - Processing NRGV - 2025-01-15 16:00:00 UTC
2025-01-19 16:11:55,780 - ERROR - NOVVU: No data found, symbol may be delisted
2025-01-19 16:11:55,824 - INFO - Retrieved article length: 464 characters
2025-01-19 16:11:55,929 - INFO - NRG: 1h change of 1.18%
2025-01-19 16:11:56,047 - INFO - NRG: 1wk change of 12.68%
2025-01-19 16:11:56,162 - INFO - NRG: 1mo change of 8.79%
2025-01-19 16:11:56,162 - INFO - Processing NRG - 2025-01-09 23:13:26 UTC
2025-01-19 16:11:56,324 - INFO - Retrieved article length: 7050 characters
2025-01-19 16:11:56,332 - INFO - NRDY: 1h change of -2.83%
2025-01-19 16:11:56,338 - INFO - NRDY: 1wk change of 6.71%
2025-01-19 16:11:56,405 - INFO - NRDY: 1mo change of 84.44%
2025-01-19 16:11:56,405 - INFO - Processing NRDY - 2024-12-16 15:00:00 UTC
2025-01-19 16:11:56,410 - INFO - Retrieved article length: 12292 characters
2025-01-19 16:11:56,506 - INFO - NRGV: 1h change of -1.03%
2025-01-19 16:11:56,597 - INFO - NRGV: 1wk change of -17.81%
2025-01-19 16:11:56,626 - ERROR - NOVVU: No data found, symbol may be delisted
2025-01-19 16:11:56,684 - INFO - NRGV: 1mo change of 6.84%
2025-01-19 16:11:56,684 - INFO - Processing NRGV - 2024-12-26 16:05:53 UTC
2025-01-19 16:11:56,831 - INFO - Processing NRIX - 2025-01-19 15:45:14 UTC
2025-01-19 16:11:57,109 - INFO - Retrieved article length: 6315 characters
2025-01-19 16:11:57,211 - INFO - NRG: 1h change of 4.15%
2025-01-19 16:11:57,235 - INFO - Retrieved article length: 5928 characters
2025-01-19 16:11:57,334 - INFO - NRG: 1wk change of 13.41%
2025-01-19 16:11:57,336 - INFO - NRDY: 1h change of 4.53%
2025-01-19 16:11:57,442 - INFO - NRDY: 1wk change of 4.97%
2025-01-19 16:11:57,448 - INFO - NRG: 1mo change of 3.19%
2025-01-19 16:11:57,449 - INFO - Processing NRG - 2025-01-09 02:00:23 UTC
2025-01-19 16:11:57,494 - INFO - Retrieved article length: 4839 characters
2025-01-19 16:11:57,541 - INFO - NRDY: 1mo change of 86.52%
2025-01-19 16:11:57,541 - INFO - Processing NRDY - 2024-12-12 15:00:00 UTC
2025-01-19 16:11:57,595 - INFO - Retrieved article length: 7047 characters
2025-01-19 16:11:57,595 - INFO - NRIX: 1h change of -3.28%
2025-01-19 16:11:57,683 - INFO - NRGV: 1h change of 16.58%
2025-01-19 16:11:57,688 - INFO - NRIX: 1wk change of 4.93%
2025-01-19 16:11:57,769 - INFO - NRGV: 1wk change of 36.76%
2025-01-19 16:11:57,785 - INFO - NRIX: 1mo change of -8.02%
2025-01-19 16:11:57,785 - INFO - Processing NRIX - 2025-01-13 15:00:00 UTC
2025-01-19 16:11:57,859 - INFO - NRGV: 1mo change of 31.82%
2025-01-19 16:11:57,860 - INFO - Processing NRGV - 2024-12-24 18:05:20 UTC
2025-01-19 16:11:58,219 - INFO - Retrieved article length: 3288 characters
2025-01-19 16:11:58,226 - INFO - NRG: 1h change of 4.15%
2025-01-19 16:11:58,233 - INFO - NRG: 1wk change of 13.41%
2025-01-19 16:11:58,297 - INFO - NRG: 1mo change of 3.19%
2025-01-19 16:11:58,298 - INFO - Processing NRG - 2025-01-08 15:07:30 UTC
2025-01-19 16:11:58,321 - INFO - Retrieved article length: 5609 characters
2025-01-19 16:11:58,419 - INFO - NRDY: 1h change of -8.22%
2025-01-19 16:11:58,517 - INFO - NRDY: 1wk change of 11.76%
2025-01-19 16:11:58,592 - INFO - Retrieved article length: 5338 characters
2025-01-19 16:11:58,611 - INFO - NRDY: 1mo change of 88.76%
2025-01-19 16:11:58,631 - INFO - Retrieved article length: 22149 characters
2025-01-19 16:11:58,681 - INFO - NRGV: 1h change of 23.87%
2025-01-19 16:11:58,732 - INFO - NRIX: 1h change of 2.99%
2025-01-19 16:11:58,765 - INFO - NRGV: 1wk change of 24.32%
2025-01-19 16:11:58,810 - INFO - Processing NRSN - 2025-01-06 20:24:33 UTC
2025-01-19 16:11:58,829 - INFO - NRIX: 1wk change of -2.89%
2025-01-19 16:11:58,856 - INFO - NRGV: 1mo change of 26.09%
2025-01-19 16:11:58,856 - INFO - Processing NRGV - 2024-12-11 16:00:00 UTC
2025-01-19 16:11:58,926 - INFO - NRIX: 1mo change of -7.36%
2025-01-19 16:11:58,926 - INFO - Processing NRIX - 2025-01-08 11:36:00 UTC
2025-01-19 16:11:59,042 - INFO - Retrieved article length: 4074 characters
2025-01-19 16:11:59,275 - INFO - NRG: 1wk change of 13.41%
2025-01-19 16:11:59,385 - INFO - NRG: 1mo change of 3.55%
2025-01-19 16:11:59,385 - INFO - Processing NRG - 2025-01-07 17:50:11 UTC
2025-01-19 16:11:59,613 - INFO - Retrieved article length: 13144 characters
2025-01-19 16:11:59,697 - INFO - NRGV: 1h change of 7.90%
2025-01-19 16:11:59,729 - INFO - Retrieved article length: 2618 characters
2025-01-19 16:11:59,783 - INFO - NRGV: 1wk change of -10.58%
2025-01-19 16:11:59,827 - INFO - Retrieved article length: 512 characters
2025-01-19 16:11:59,869 - INFO - NRGV: 1mo change of -10.26%
2025-01-19 16:11:59,869 - INFO - Processing NRGV - 2024-11-29 21:05:00 UTC
2025-01-19 16:11:59,926 - INFO - NRSN: 1h change of -2.29%
2025-01-19 16:11:59,948 - INFO - NRIX: 1wk change of 2.68%
2025-01-19 16:12:00,022 - INFO - NRSN: 1wk change of -19.14%
2025-01-19 16:12:00,046 - INFO - NRIX: 1mo change of -8.07%
2025-01-19 16:12:00,046 - INFO - Processing NRIX - 2025-01-06 15:00:00 UTC
2025-01-19 16:12:00,117 - INFO - NRSN: 1mo change of -2.68%
2025-01-19 16:12:00,118 - INFO - Processing NRSN - 2025-01-06 17:00:00 UTC
2025-01-19 16:12:00,151 - INFO - Retrieved article length: 2400 characters
2025-01-19 16:12:00,362 - INFO - NRG: 1wk change of 15.03%
2025-01-19 16:12:00,473 - INFO - NRG: 1mo change of 5.45%
2025-01-19 16:12:00,628 - INFO - Processing NRXP - 2025-01-14 16:03:00 UTC
2025-01-19 16:12:00,734 - INFO - Retrieved article length: 3828 characters
2025-01-19 16:12:00,821 - INFO - Retrieved article length: 2442 characters
2025-01-19 16:12:00,827 - INFO - NRGV: 1h change of 8.81%
2025-01-19 16:12:00,915 - INFO - NRGV: 1wk change of 9.32%
2025-01-19 16:12:00,918 - INFO - NRIX: 1h change of -3.91%
2025-01-19 16:12:01,001 - INFO - NRGV: 1mo change of 38.55%
48 characters
2025-01-19 16:12:01,010 - INFO - Processing NRGV - 2024-11-20 20:07:32 UTC
2025-01-19 16:12:01,018 - INFO - NRSN: 1h change of -2.29%
2025-01-19 16:12:01,024 - INFO - NRSN: 1wk change of -19.14%
2025-01-19 16:12:01,028 - INFO - NRIX: 1wk change of 5.44%
2025-01-19 16:12:01,089 - INFO - NRSN: 1mo change of -2.68%
2025-01-19 16:12:01,089 - INFO - Processing NRSN - 2024-12-27 01:30:33 UTC
2025-01-19 16:12:01,126 - INFO - NRIX: 1mo change of -10.94%
2025-01-19 16:12:01,126 - INFO - Processing NRIX - 2024-12-19 17:33:36 UTC
2025-01-19 16:12:01,740 - INFO - Retrieved article length: 7426 characters
2025-01-19 16:12:01,746 - INFO - Retrieved article length: 7010 characters
2025-01-19 16:12:01,836 - INFO - NRGV: 1h change of 3.73%
2025-01-19 16:12:01,837 - INFO - NRXP: 1h change of -21.23%
2025-01-19 16:12:01,931 - INFO - NRXP: 1wk change of 14.25%
2025-01-19 16:12:01,951 - INFO - Retrieved article length: 509 characters
2025-01-19 16:12:02,005 - INFO - NRGV: 1mo change of 63.41%
2025-01-19 16:12:02,006 - INFO - Processing NRGV - 2024-11-14 16:25:06 UTC
2025-01-19 16:12:02,006 - INFO - Retrieved article length: 534 characters
2025-01-19 16:12:02,027 - INFO - NRXP: 1mo change of 231.40%
2025-01-19 16:12:02,027 - INFO - Processing NRXP - 2025-01-13 16:04:00 UTC
2025-01-19 16:12:02,048 - INFO - NRSN: 1h change of 4.92%
2025-01-19 16:12:02,103 - INFO - NRIX: 1h change of -3.60%
2025-01-19 16:12:02,148 - INFO - NRSN: 1wk change of 9.17%
2025-01-19 16:12:02,205 - INFO - NRIX: 1wk change of -7.50%
2025-01-19 16:12:02,246 - INFO - NRSN: 1mo change of 21.11%
2025-01-19 16:12:02,247 - INFO - Processing NRSN - 2024-12-23 17:44:08 UTC
2025-01-19 16:12:02,301 - INFO - NRIX: 1mo change of -28.74%
2025-01-19 16:12:02,301 - INFO - Processing NRIX - 2024-12-19 15:00:00 UTC
2025-01-19 16:12:02,762 - INFO - Retrieved article length: 2016 characters
2025-01-19 16:12:02,811 - INFO - Retrieved article length: 6047 characters
2025-01-19 16:12:02,851 - INFO - NRGV: 1h change of -24.09%
2025-01-19 16:12:02,910 - INFO - NRXP: 1h change of -11.23%
2025-01-19 16:12:02,935 - INFO - NRGV: 1wk change of -22.44%
2025-01-19 16:12:03,007 - INFO - NRXP: 1wk change of 49.07%
2025-01-19 16:12:03,022 - INFO - NRGV: 1mo change of 54.74%
2025-01-19 16:12:03,022 - INFO - Processing NRGV - 2024-11-13 00:05:00 UTC
2025-01-19 16:12:03,031 - INFO - Retrieved article length: 536 characters
2025-01-19 16:12:03,106 - INFO - NRXP: 1mo change of 231.40%
2025-01-19 16:12:03,106 - INFO - Processing NRXP - 2025-01-10 16:04:00 UTC
2025-01-19 16:12:03,130 - INFO - NRSN: 1h change of 19.28%
2025-01-19 16:12:03,197 - INFO - Retrieved article length: 10101 characters
2025-01-19 16:12:03,206 - INFO - NRIX: 1h change of -3.60%
2025-01-19 16:12:03,212 - INFO - NRIX: 1wk change of -7.50%
2025-01-19 16:12:03,225 - INFO - NRSN: 1wk change of 39.53%
2025-01-19 16:12:03,276 - INFO - NRIX: 1mo change of -28.74%
2025-01-19 16:12:03,276 - INFO - Processing NRIX - 2024-12-11 20:05:52 UTC
2025-01-19 16:12:03,323 - INFO - NRSN: 1mo change of -7.63%
2025-01-19 16:12:03,325 - INFO - Processing NRSN - 2024-12-23 17:00:00 UTC
2025-01-19 16:12:03,808 - INFO - Retrieved article length: 7865 characters
2025-01-19 16:12:03,907 - INFO - NRXP: 1h change of 21.17%
2025-01-19 16:12:03,986 - INFO - Retrieved article length: 27624 characters
2025-01-19 16:12:04,001 - INFO - NRXP: 1wk change of 82.27%
2025-01-19 16:12:04,063 - INFO - Retrieved article length: 7826 characters
2025-01-19 16:12:04,075 - INFO - NRGV: 1h change of -21.14%
2025-01-19 16:12:04,099 - INFO - NRXP: 1mo change of 228.69%
2025-01-19 16:12:04,099 - INFO - Processing NRXP - 2025-01-07 16:07:00 UTC
2025-01-19 16:12:04,163 - INFO - NRGV: 1wk change of -22.44%
2025-01-19 16:12:04,220 - INFO - Retrieved article length: 8814 characters
2025-01-19 16:12:04,229 - INFO - NRSN: 1h change of 19.28%
2025-01-19 16:12:04,234 - INFO - NRSN: 1wk change of 39.53%
2025-01-19 16:12:04,248 - INFO - NRGV: 1mo change of 90.03%
2025-01-19 16:12:04,260 - INFO - NRIX: 1wk change of -7.72%
2025-01-19 16:12:04,300 - INFO - NRSN: 1mo change of -7.63%
2025-01-19 16:12:04,301 - INFO - Processing NRSN - 2024-12-18 18:25:00 UTC
2025-01-19 16:12:04,359 - INFO - NRIX: 1mo change of -31.11%
2025-01-19 16:12:04,359 - INFO - Processing NRIX - 2024-12-10 02:00:00 UTC
2025-01-19 16:12:04,394 - INFO - Processing NSA - 2025-01-18 23:22:01 UTC
2025-01-19 16:12:04,817 - INFO - Retrieved article length: 10603 characters
2025-01-19 16:12:04,921 - INFO - NRXP: 1h change of 35.38%
2025-01-19 16:12:05,018 - INFO - NRXP: 1wk change of 178.43%
2025-01-19 16:12:05,114 - INFO - NRXP: 1mo change of 218.25%
2025-01-19 16:12:05,114 - INFO - Processing NRXP - 2025-01-06 18:16:00 UTC
2025-01-19 16:12:05,195 - INFO - Retrieved article length: 6312 characters
2025-01-19 16:12:05,205 - INFO - Retrieved article length: 18108 characters
2025-01-19 16:12:05,236 - INFO - Retrieved article length: 13454 characters
2025-01-19 16:12:05,289 - INFO - NSA: 1h change of 1.05%
2025-01-19 16:12:05,306 - INFO - NRSN: 1h change of 53.02%
2025-01-19 16:12:05,337 - INFO - NRIX: 1h change of 3.35%
2025-01-19 16:12:05,402 - INFO - NRSN: 1wk change of 25.49%
2025-01-19 16:12:05,435 - INFO - NRIX: 1wk change of -6.75%
2025-01-19 16:12:05,479 - INFO - NSA: 1mo change of -11.01%
2025-01-19 16:12:05,480 - INFO - Processing NSA - 2025-01-17 18:39:10 UTC
2025-01-19 16:12:05,499 - INFO - NRSN: 1mo change of -18.05%
2025-01-19 16:12:05,499 - INFO - Processing NRSN - 2024-12-11 17:25:00 UTC
2025-01-19 16:12:05,530 - INFO - NRIX: 1mo change of -25.25%
2025-01-19 16:12:05,695 - INFO - Processing NSC - 2025-01-03 14:50:15 UTC
2025-01-19 16:12:05,879 - INFO - Retrieved article length: 10185 characters
2025-01-19 16:12:05,990 - INFO - NRXP: 1h change of 68.12%
2025-01-19 16:12:06,087 - INFO - NRXP: 1wk change of 197.35%
2025-01-19 16:12:06,182 - INFO - NRXP: 1mo change of 197.04%
2025-01-19 16:12:06,183 - INFO - Processing NRXP - 2025-01-06 16:03:00 UTC
2025-01-19 16:12:06,214 - INFO - Retrieved article length: 540 characters
2025-01-19 16:12:06,225 - INFO - Retrieved article length: 9574 characters
2025-01-19 16:12:06,323 - INFO - NRSN: 1h change of -11.42%
2025-01-19 16:12:06,403 - INFO - NSA: 1wk change of -1.51%
2025-01-19 16:12:06,418 - INFO - NRSN: 1wk change of 21.43%
2025-01-19 16:12:06,430 - INFO - Retrieved article length: 7144 characters
2025-01-19 16:12:06,497 - INFO - NSA: 1mo change of -11.72%
2025-01-19 16:12:06,497 - INFO - Processing NSA - 2025-01-10 15:21:34 UTC
2025-01-19 16:12:06,516 - INFO - NRSN: 1mo change of -19.53%
2025-01-19 16:12:06,516 - INFO - Processing NRSN - 2024-12-07 01:03:50 UTC
2025-01-19 16:12:06,674 - INFO - NSC: 1wk change of -1.67%
2025-01-19 16:12:06,837 - INFO - NSC: 1mo change of -11.06%
2025-01-19 16:12:06,837 - INFO - Processing NSC - 2025-01-02 17:30:00 UTC
2025-01-19 16:12:06,963 - INFO - Retrieved article length: 8645 characters
2025-01-19 16:12:06,971 - INFO - NRXP: 1h change of 68.12%
2025-01-19 16:12:06,976 - INFO - NRXP: 1wk change of 197.35%
2025-01-19 16:12:07,046 - INFO - NRXP: 1mo change of 197.04%
2025-01-19 16:12:07,047 - INFO - Processing NRXP - 2025-01-03 16:03:00 UTC
2025-01-19 16:12:07,423 - INFO - Retrieved article length: 504 characters
2025-01-19 16:12:07,458 - INFO - Retrieved article length: 547 characters
2025-01-19 16:12:07,529 - INFO - NRSN: 1h change of -1.89%
2025-01-19 16:12:07,625 - INFO - NRSN: 1wk change of -4.95%
2025-01-19 16:12:07,641 - INFO - Retrieved article length: 2350 characters
2025-01-19 16:12:07,660 - INFO - NSA: 1wk change of -3.43%
2025-01-19 16:12:07,760 - INFO - NRSN: 1mo change of -15.45%
2025-01-19 16:12:07,769 - INFO - NSA: 1mo change of -14.49%
2025-01-19 16:12:07,770 - INFO - Processing NSA - 2025-01-08 00:05:00 UTC
2025-01-19 16:12:07,815 - INFO - Retrieved article length: 7397 characters
2025-01-19 16:12:07,917 - INFO - NRXP: 1h change of -5.15%
2025-01-19 16:12:07,954 - INFO - Processing NSPR - 2025-01-14 13:47:57 UTC
2025-01-19 16:12:08,023 - INFO - NRXP: 1wk change of 208.92%
2025-01-19 16:12:08,043 - INFO - NSC: 1mo change of -11.06%
2025-01-19 16:12:08,043 - INFO - Processing NSC - 2024-12-31 09:51:07 UTC
2025-01-19 16:12:08,122 - INFO - NRXP: 1mo change of 206.11%
2025-01-19 16:12:08,123 - INFO - Processing NRXP - 2025-01-02 16:03:00 UTC
2025-01-19 16:12:08,582 - INFO - Retrieved article length: 3258 characters
2025-01-19 16:12:08,681 - INFO - NSA: 1h change of -2.37%
2025-01-19 16:12:08,795 - INFO - NSA: 1wk change of -2.01%
2025-01-19 16:12:08,873 - INFO - Retrieved article length: 4583 characters
2025-01-19 16:12:08,887 - INFO - NSA: 1mo change of -14.34%
2025-01-19 16:12:08,888 - INFO - Processing NSA - 2025-01-06 18:53:33 UTC
2025-01-19 16:12:08,973 - INFO - NSPR: 1h change of 1.59%
2025-01-19 16:12:08,994 - INFO - Retrieved article length: 10683 characters
2025-01-19 16:12:09,001 - INFO - Retrieved article length: 6109 characters
2025-01-19 16:12:09,075 - INFO - NSPR: 1wk change of -1.81%
2025-01-19 16:12:09,093 - INFO - NRXP: 1h change of 78.33%
2025-01-19 16:12:09,099 - INFO - NSC: 1h change of 1.44%
2025-01-19 16:12:09,197 - INFO - NSPR: 1mo change of -13.38%
2025-01-19 16:12:09,198 - INFO - Processing NSPR - 2024-12-12 15:00:00 UTC
2025-01-19 16:12:09,298 - INFO - NRXP: 1mo change of 206.11%
2025-01-19 16:12:09,386 - INFO - NSC: 1mo change of -11.14%
2025-01-19 16:12:09,386 - INFO - Processing NSC - 2024-12-30 17:05:00 UTC
2025-01-19 16:12:09,588 - INFO - Retrieved article length: 539 characters
2025-01-19 16:12:09,645 - INFO - Processing NSYS - 2024-11-15 13:22:54 UTC
2025-01-19 16:12:09,719 - INFO - NSA: 1h change of -1.77%
2025-01-19 16:12:09,816 - INFO - NSA: 1wk change of -4.70%
2025-01-19 16:12:09,914 - INFO - NSA: 1mo change of -17.17%
2025-01-19 16:12:09,914 - INFO - Processing NSA - 2025-01-02 18:10:16 UTC
2025-01-19 16:12:10,016 - INFO - Retrieved article length: 7459 characters
2025-01-19 16:12:10,096 - INFO - Retrieved article length: 4985 characters
2025-01-19 16:12:10,114 - INFO - NSPR: 1h change of -5.95%
2025-01-19 16:12:10,203 - INFO - NSC: 1h change of 1.44%
2025-01-19 16:12:10,211 - INFO - NSPR: 1wk change of -1.64%
2025-01-19 16:12:10,317 - INFO - NSPR: 1mo change of 12.61%
2025-01-19 16:12:10,317 - INFO - Processing NSPR - 2024-12-09 15:00:00 UTC
2025-01-19 16:12:10,354 - INFO - NSC: 1wk change of 1.18%
2025-01-19 16:12:10,495 - INFO - Retrieved article length: 5340 characters
2025-01-19 16:12:10,499 - INFO - NSC: 1mo change of -11.09%
2025-01-19 16:12:10,500 - INFO - Processing NSC - 2024-12-27 13:30:00 UTC
2025-01-19 16:12:10,598 - INFO - NSYS: 1h change of -5.71%
2025-01-19 16:12:10,692 - INFO - NSYS: 1wk change of -10.02%
2025-01-19 16:12:10,717 - INFO - Retrieved article length: 1577 characters
2025-01-19 16:12:10,795 - INFO - NSYS: 1mo change of -14.93%
2025-01-19 16:12:10,795 - INFO - Processing NSYS - 2024-11-11 02:00:28 UTC
2025-01-19 16:12:10,894 - INFO - NSA: 1wk change of -3.72%
2025-01-19 16:12:10,989 - INFO - NSA: 1mo change of -17.72%
2025-01-19 16:12:10,990 - INFO - Processing NSA - 2024-11-15 00:05:00 UTC
2025-01-19 16:12:11,082 - INFO - Retrieved article length: 8534 characters
2025-01-19 16:12:11,298 - INFO - Retrieved article length: 602 characters
2025-01-19 16:12:11,309 - INFO - NSPR: 1wk change of -1.70%
2025-01-19 16:12:11,406 - INFO - NSPR: 1mo change of 11.74%
2025-01-19 16:12:11,407 - INFO - Processing NSPR - 2024-11-26 00:05:00 UTC
2025-01-19 16:12:11,716 - INFO - Retrieved article length: 5639 characters
2025-01-19 16:12:12,014 - INFO - Retrieved article length: 2289 characters
2025-01-19 16:12:12,273 - INFO - Retrieved article length: 8390 characters
2025-01-19 16:12:12,430 - INFO - NSC: 1wk change of -2.72%
2025-01-19 16:12:12,598 - INFO - NSC: 1mo change of -8.78%
2025-01-19 16:12:12,598 - INFO - Processing NSC - 2024-12-27 05:00:00 UTC
2025-01-19 16:12:13,299 - INFO - NSA: 1wk change of 1.91%
2025-01-19 16:12:13,322 - INFO - Retrieved article length: 382 characters
2025-01-19 16:12:13,335 - INFO - NSC: 1wk change of -2.72%
2025-01-19 16:12:13,383 - INFO - NSC: 1mo change of -8.78%
2025-01-19 16:12:13,383 - INFO - Processing NSC - 2024-12-20 23:52:30 UTC
2025-01-19 16:12:13,393 - INFO - NSA: 1mo change of -14.61%
2025-01-19 16:12:13,393 - INFO - Processing NSA - 2024-11-08 19:33:02 UTC
2025-01-19 16:12:13,458 - INFO - NSPR: 1h change of 6.86%
2025-01-19 16:12:13,552 - INFO - NSPR: 1wk change of 16.22%
2025-01-19 16:12:13,643 - INFO - NSPR: 1mo change of 6.02%
2025-01-19 16:12:13,644 - INFO - Processing NSPR - 2024-11-14 13:17:04 UTC
2025-01-19 16:12:13,723 - INFO - NSYS: 1h change of -2.30%
2025-01-19 16:12:13,816 - INFO - NSYS: 1wk change of -15.47%
2025-01-19 16:12:13,910 - INFO - NSYS: 1mo change of -4.56%
2025-01-19 16:12:13,911 - INFO - Processing NSYS - 2024-11-09 15:33:30 UTC
2025-01-19 16:12:14,092 - INFO - Retrieved article length: 1837 characters
2025-01-19 16:12:14,168 - INFO - Retrieved article length: 542 characters
2025-01-19 16:12:14,180 - INFO - NSC: 1h change of -3.47%
2025-01-19 16:12:14,262 - INFO - NSA: 1h change of 4.42%
2025-01-19 16:12:14,325 - INFO - NSC: 1wk change of -8.13%
2025-01-19 16:12:14,382 - INFO - NSA: 1wk change of 1.48%
2025-01-19 16:12:14,477 - INFO - NSA: 1mo change of -5.20%
2025-01-19 16:12:14,477 - INFO - NSC: 1mo change of -6.09%
2025-01-19 16:12:14,479 - INFO - Processing NSC - 2024-12-18 16:12:39 UTC
2025-01-19 16:12:14,510 - INFO - Retrieved article length: 1857 characters
2025-01-19 16:12:14,605 - INFO - NSPR: 1h change of 3.27%
2025-01-19 16:12:14,636 - INFO - Processing NTAP - 2025-01-18 02:00:22 UTC
2025-01-19 16:12:14,689 - INFO - Retrieved article length: 1627 characters
2025-01-19 16:12:14,692 - INFO - NSPR: 1wk change of 7.29%
2025-01-19 16:12:14,785 - INFO - NSPR: 1mo change of 11.58%
2025-01-19 16:12:14,785 - INFO - Processing NSPR - 2024-11-13 10:09:24 UTC
2025-01-19 16:12:14,787 - INFO - NSYS: 1h change of -10.41%
2025-01-19 16:12:14,881 - INFO - NSYS: 1wk change of -14.94%
2025-01-19 16:12:14,971 - INFO - NSYS: 1mo change of -4.56%
2025-01-19 16:12:14,971 - INFO - Processing NSYS - 2024-11-07 16:10:00 UTC
2025-01-19 16:12:15,298 - INFO - Retrieved article length: 7229 characters
2025-01-19 16:12:15,324 - INFO - Retrieved article length: 3544 characters
2025-01-19 16:12:15,396 - INFO - NSC: 1h change of -5.58%
2025-01-19 16:12:15,419 - INFO - NTAP: 1h change of 1.25%
2025-01-19 16:12:15,492 - INFO - Retrieved article length: 4901 characters
2025-01-19 16:12:15,520 - INFO - NTAP: 1wk change of 3.39%
2025-01-19 16:12:15,558 - INFO - NSC: 1wk change of -8.41%
2025-01-19 16:12:15,587 - INFO - NSPR: 1h change of 15.13%
2025-01-19 16:12:15,619 - INFO - NTAP: 1mo change of -2.74%
2025-01-19 16:12:15,619 - INFO - Processing NTAP - 2025-01-16 16:25:00 UTC
2025-01-19 16:12:15,677 - INFO - NSPR: 1wk change of 7.29%
2025-01-19 16:12:15,691 - INFO - NSC: 1mo change of -8.88%
2025-01-19 16:12:15,788 - INFO - NSPR: 1mo change of 10.27%
2025-01-19 16:12:15,789 - INFO - Processing NSPR - 2024-11-12 15:00:00 UTC
2025-01-19 16:12:15,967 - INFO - Processing NTCL - 2025-01-04 00:05:00 UTC
2025-01-19 16:12:15,987 - INFO - Retrieved article length: 15581 characters
2025-01-19 16:12:16,078 - INFO - NSYS: 1h change of -10.89%
2025-01-19 16:12:16,167 - INFO - NSYS: 1wk change of -19.42%
2025-01-19 16:12:16,255 - INFO - NSYS: 1mo change of -5.31%
2025-01-19 16:12:16,255 - INFO - Processing NSYS - 2024-10-24 16:15:00 UTC
2025-01-19 16:12:16,280 - INFO - Retrieved article length: 5548 characters
2025-01-19 16:12:16,373 - INFO - NTAP: 1h change of 3.92%
2025-01-19 16:12:16,478 - INFO - NTAP: 1wk change of 3.47%
2025-01-19 16:12:16,574 - INFO - Processing NTAP - 2025-01-15 16:25:13 UTC
2025-01-19 16:12:16,596 - INFO - Retrieved article length: 16555 characters
2025-01-19 16:12:16,687 - INFO - Retrieved article length: 5346 characters
2025-01-19 16:12:16,688 - INFO - NSPR: 1h change of 13.33%
2025-01-19 16:12:16,778 - INFO - NSPR: 1wk change of 4.45%
2025-01-19 16:12:16,780 - INFO - NTCL: 1h change of -2.36%
2025-01-19 16:12:16,870 - INFO - NSPR: 1mo change of 7.81%
2025-01-19 16:12:16,870 - INFO - NTCL: 1wk change of 34.29%
2025-01-19 16:12:16,871 - INFO - Processing NSPR - 2024-11-11 15:25:35 UTC
2025-01-19 16:12:16,958 - INFO - NTCL: 1mo change of 83.80%
2025-01-19 16:12:16,958 - INFO - Processing NTCL - 2024-12-17 00:15:00 UTC
2025-01-19 16:12:16,975 - INFO - Retrieved article length: 2254 characters
2025-01-19 16:12:17,071 - INFO - NSYS: 1h change of -4.06%
2025-01-19 16:12:17,155 - INFO - NSYS: 1wk change of -4.24%
2025-01-19 16:12:17,242 - INFO - NSYS: 1mo change of -7.73%
2025-01-19 16:12:17,262 - INFO - Retrieved article length: 477 characters
2025-01-19 16:12:17,351 - INFO - NTAP: 1h change of 4.96%
2025-01-19 16:12:17,359 - INFO - Processing NTLA - 2025-01-17 21:34:00 UTC
2025-01-19 16:12:17,449 - INFO - NTAP: 1wk change of 3.47%
2025-01-19 16:12:17,552 - INFO - Processing NTAP - 2025-01-15 16:20:02 UTC
2025-01-19 16:12:17,853 - INFO - Retrieved article length: 3097 characters
2025-01-19 16:12:17,879 - INFO - Retrieved article length: 5491 characters
2025-01-19 16:12:17,946 - INFO - NSPR: 1h change of 7.68%
2025-01-19 16:12:17,966 - INFO - NTCL: 1h change of 7.84%
2025-01-19 16:12:18,033 - INFO - NSPR: 1wk change of 6.45%
2025-01-19 16:12:18,053 - INFO - NTCL: 1wk change of 8.72%
2025-01-19 16:12:18,118 - INFO - NSPR: 1mo change of 7.66%
2025-01-19 16:12:18,131 - INFO - Retrieved article length: 5894 characters
2025-01-19 16:12:18,140 - INFO - NTCL: 1mo change of 83.80%
2025-01-19 16:12:18,141 - INFO - Processing NTCL - 2024-12-13 18:24:00 UTC
2025-01-19 16:12:18,237 - INFO - NTLA: 1h change of -6.82%
2025-01-19 16:12:18,257 - INFO - Retrieved article length: 2800 characters
2025-01-19 16:12:18,265 - INFO - NTAP: 1h change of 4.96%
2025-01-19 16:12:18,284 - INFO - Processing NTNX - 2025-01-17 17:55:07 UTC
2025-01-19 16:12:18,315 - INFO - NTAP: 1wk change of 3.47%
2025-01-19 16:12:18,319 - INFO - NTLA: 1wk change of -23.82%
2025-01-19 16:12:18,364 - INFO - Processing NTAP - 2025-01-15 16:00:00 UTC
2025-01-19 16:12:18,407 - INFO - NTLA: 1mo change of -26.36%
2025-01-19 16:12:18,408 - INFO - Processing NTLA - 2025-01-17 10:12:00 UTC
2025-01-19 16:12:18,912 - INFO - Retrieved article length: 5473 characters
2025-01-19 16:12:19,002 - INFO - NTCL: 1h change of 1.00%
2025-01-19 16:12:19,032 - INFO - Retrieved article length: 5992 characters
2025-01-19 16:12:19,041 - INFO - NTAP: 1h change of 4.96%
2025-01-19 16:12:19,088 - INFO - NTCL: 1wk change of 7.60%
2025-01-19 16:12:19,089 - INFO - NTAP: 1wk change of 3.47%
2025-01-19 16:12:19,110 - INFO - Retrieved article length: 9901 characters
2025-01-19 16:12:19,110 - INFO - Retrieved article length: 4773 characters
2025-01-19 16:12:19,119 - INFO - NTLA: 1h change of -6.82%
2025-01-19 16:12:19,136 - INFO - Processing NTAP - 2025-01-14 17:51:00 UTC
2025-01-19 16:12:19,167 - INFO - NTLA: 1wk change of -23.82%
2025-01-19 16:12:19,172 - INFO - NTCL: 1mo change of 55.20%
2025-01-19 16:12:19,212 - INFO - NTLA: 1mo change of -26.36%
2025-01-19 16:12:19,212 - INFO - Processing NTLA - 2025-01-16 20:00:00 UTC
2025-01-19 16:12:19,294 - INFO - Processing NTRA - 2025-01-17 17:00:00 UTC
2025-01-19 16:12:19,297 - INFO - NTNX: 1wk change of 4.78%
2025-01-19 16:12:19,388 - INFO - NTNX: 1mo change of -1.38%
2025-01-19 16:12:19,388 - INFO - Processing NTNX - 2025-01-17 17:30:14 UTC
2025-01-19 16:12:19,807 - INFO - Retrieved article length: 7611 characters
2025-01-19 16:12:19,904 - INFO - NTLA: 1h change of -4.71%
2025-01-19 16:12:19,985 - INFO - Retrieved article length: 13015 characters
2025-01-19 16:12:19,988 - INFO - NTLA: 1wk change of -25.78%
2025-01-19 16:12:20,055 - INFO - Retrieved article length: 4717 characters
2025-01-19 16:12:20,075 - INFO - NTAP: 1h change of 4.43%
2025-01-19 16:12:20,076 - INFO - NTLA: 1mo change of -29.94%
2025-01-19 16:12:20,076 - INFO - Processing NTLA - 2025-01-13 11:00:00 UTC
2025-01-19 16:12:20,152 - INFO - NTRA: 1h change of -7.40%
2025-01-19 16:12:20,171 - INFO - NTAP: 1wk change of 3.47%
2025-01-19 16:12:20,237 - INFO - NTRA: 1wk change of -7.07%
2025-01-19 16:12:20,239 - INFO - Retrieved article length: 5231 characters
2025-01-19 16:12:20,270 - INFO - NTAP: 1mo change of 1.17%
2025-01-19 16:12:20,270 - INFO - Processing NTAP - 2025-01-11 02:00:23 UTC
2025-01-19 16:12:20,297 - INFO - NTNX: 1wk change of 4.78%
2025-01-19 16:12:20,325 - INFO - NTRA: 1mo change of -4.92%
2025-01-19 16:12:20,325 - INFO - Processing NTRA - 2025-01-17 00:05:13 UTC
2025-01-19 16:12:20,348 - INFO - NTNX: 1mo change of -1.38%
2025-01-19 16:12:20,348 - INFO - Processing NTNX - 2025-01-15 19:04:00 UTC
2025-01-19 16:12:20,878 - INFO - Retrieved article length: 3596 characters
2025-01-19 16:12:20,993 - INFO - Retrieved article length: 3557 characters
2025-01-19 16:12:21,048 - INFO - NTLA: 1wk change of -21.68%
2025-01-19 16:12:21,063 - INFO - Retrieved article length: 4265 characters
2025-01-19 16:12:21,132 - INFO - NTLA: 1mo change of -35.02%
2025-01-19 16:12:21,133 - INFO - Processing NTLA - 2025-01-11 18:20:38 UTC
2025-01-19 16:12:21,141 - INFO - Retrieved article length: 151 characters
2025-01-19 16:12:21,151 - INFO - NTRA: 1h change of -7.40%
2025-01-19 16:12:21,151 - INFO - NTNX: 1h change of 7.96%
2025-01-19 16:12:21,186 - INFO - NTAP: 1wk change of 5.80%
2025-01-19 16:12:21,209 - INFO - NTRA: 1wk change of -7.07%
2025-01-19 16:12:21,238 - INFO - NTNX: 1wk change of 1.61%
2025-01-19 16:12:21,254 - INFO - NTRA: 1mo change of -4.92%
2025-01-19 16:12:21,254 - INFO - Processing NTRA - 2025-01-15 15:00:00 UTC
2025-01-19 16:12:21,288 - INFO - NTAP: 1mo change of -3.89%
2025-01-19 16:12:21,289 - INFO - Processing NTAP - 2025-01-10 17:00:11 UTC
2025-01-19 16:12:21,327 - INFO - Processing NTNX - 2025-01-15 01:50:22 UTC
2025-01-19 16:12:21,959 - INFO - Retrieved article length: 1600 characters
2025-01-19 16:12:21,988 - INFO - Retrieved article length: 6186 characters
2025-01-19 16:12:22,151 - INFO - NTLA: 1wk change of -22.26%
2025-01-19 16:12:22,162 - INFO - NTRA: 1wk change of -8.07%
2025-01-19 16:12:22,211 - INFO - Retrieved article length: 3717 characters
2025-01-19 16:12:22,220 - INFO - NTNX: 1h change of 7.96%
2025-01-19 16:12:22,239 - INFO - NTLA: 1mo change of -35.02%
2025-01-19 16:12:22,240 - INFO - Processing NTLA - 2025-01-11 15:36:06 UTC
2025-01-19 16:12:22,248 - INFO - NTRA: 1mo change of -5.24%
2025-01-19 16:12:22,248 - INFO - Processing NTRA - 2025-01-13 03:20:00 UTC
2025-01-19 16:12:22,259 - INFO - Retrieved article length: 5886 characters
2025-01-19 16:12:22,270 - INFO - NTNX: 1wk change of 1.61%
2025-01-19 16:12:22,324 - INFO - Processing NTNX - 2025-01-11 14:08:18 UTC
2025-01-19 16:12:22,455 - INFO - NTAP: 1wk change of 5.65%
2025-01-19 16:12:22,571 - INFO - NTAP: 1mo change of -6.46%
2025-01-19 16:12:22,684 - INFO - Processing NTRB - 2025-01-08 18:10:27 UTC
2025-01-19 16:12:22,924 - INFO - Retrieved article length: 1560 characters
2025-01-19 16:12:22,957 - INFO - Retrieved article length: 7861 characters
2025-01-19 16:12:22,978 - INFO - NTLA: 1wk change of -22.26%
2025-01-19 16:12:23,026 - INFO - NTLA: 1mo change of -35.02%
2025-01-19 16:12:23,026 - INFO - Processing NTLA - 2025-01-10 21:30:08 UTC
2025-01-19 16:12:23,074 - INFO - NTRA: 1h change of -2.07%
2025-01-19 16:12:23,119 - INFO - Retrieved article length: 7723 characters
2025-01-19 16:12:23,158 - INFO - NTRA: 1wk change of -5.51%
2025-01-19 16:12:23,242 - INFO - NTRA: 1mo change of -5.63%
2025-01-19 16:12:23,243 - INFO - Processing NTRA - 2025-01-09 16:15:00 UTC
2025-01-19 16:12:23,349 - INFO - NTNX: 1wk change of 6.30%
2025-01-19 16:12:23,386 - INFO - Retrieved article length: 3989 characters
2025-01-19 16:12:23,446 - INFO - Processing NTNX - 2025-01-10 16:30:00 UTC
2025-01-19 16:12:23,473 - INFO - NTRB: 1h change of -12.47%
2025-01-19 16:12:23,561 - INFO - NTRB: 1wk change of -1.65%
2025-01-19 16:12:23,648 - INFO - NTRB: 1mo change of -5.49%
2025-01-19 16:12:23,648 - INFO - Processing NTRB - 2024-12-31 15:00:00 UTC
2025-01-19 16:12:23,910 - INFO - Retrieved article length: 3114 characters
2025-01-19 16:12:23,915 - INFO - Retrieved article length: 2562 characters
2025-01-19 16:12:23,999 - INFO - NTRA: 1h change of 4.12%
2025-01-19 16:12:24,002 - INFO - NTLA: 1h change of -14.49%
2025-01-19 16:12:24,087 - INFO - NTLA: 1wk change of -18.52%
2025-01-19 16:12:24,091 - INFO - Retrieved article length: 1959 characters
2025-01-19 16:12:24,173 - INFO - NTLA: 1mo change of -35.46%
2025-01-19 16:12:24,187 - INFO - Processing NTRA - 2025-01-07 17:00:00 UTC
2025-01-19 16:12:24,187 - INFO - Processing NTLA - 2025-01-10 17:56:00 UTC
2025-01-19 16:12:24,272 - INFO - NTNX: 1wk change of 6.47%
2025-01-19 16:12:24,366 - INFO - NTNX: 1mo change of -3.88%
2025-01-19 16:12:24,366 - INFO - Processing NTNX - 2025-01-09 01:50:23 UTC
2025-01-19 16:12:24,462 - INFO - Retrieved article length: 10340 characters
2025-01-19 16:12:24,553 - INFO - NTRB: 1h change of 19.97%
2025-01-19 16:12:24,647 - INFO - NTRB: 1wk change of 7.29%
2025-01-19 16:12:24,738 - INFO - NTRB: 1mo change of -13.82%
2025-01-19 16:12:24,738 - INFO - Processing NTRB - 2024-12-28 17:30:21 UTC
2025-01-19 16:12:24,987 - INFO - Retrieved article length: 1782 characters
2025-01-19 16:12:25,021 - INFO - Retrieved article length: 4890 characters
2025-01-19 16:12:25,029 - INFO - NTLA: 1h change of -14.49%
2025-01-19 16:12:25,057 - INFO - Retrieved article length: 3510 characters
2025-01-19 16:12:25,074 - INFO - NTRA: 1h change of 4.83%
2025-01-19 16:12:25,075 - INFO - NTLA: 1wk change of -18.52%
2025-01-19 16:12:25,124 - INFO - NTLA: 1mo change of -35.46%
2025-01-19 16:12:25,155 - INFO - NTRA: 1wk change of 6.28%
2025-01-19 16:12:25,244 - INFO - NTNX: 1wk change of 5.80%
2025-01-19 16:12:25,244 - INFO - NTRA: 1mo change of -6.39%
2025-01-19 16:12:25,245 - INFO - Processing NTRA - 2025-01-03 22:03:29 UTC
2025-01-19 16:12:25,262 - INFO - Processing NTRP - 2024-12-03 17:01:00 UTC
2025-01-19 16:12:25,331 - INFO - NTNX: 1mo change of -4.56%
2025-01-19 16:12:25,331 - INFO - Processing NTNX - 2025-01-07 17:02:51 UTC
2025-01-19 16:12:25,458 - INFO - Retrieved article length: 1874 characters
2025-01-19 16:12:25,634 - INFO - NTRB: 1wk change of 11.72%
2025-01-19 16:12:25,720 - INFO - NTRB: 1mo change of -13.45%
2025-01-19 16:12:25,721 - INFO - Processing NTRB - 2024-12-27 17:25:00 UTC
2025-01-19 16:12:25,885 - INFO - Retrieved article length: 6920 characters
2025-01-19 16:12:25,980 - INFO - NTRP: 1h change of 3.68%
2025-01-19 16:12:26,002 - INFO - Retrieved article length: 174 characters
2025-01-19 16:12:26,063 - INFO - NTRP: 1wk change of 72.92%
2025-01-19 16:12:26,088 - INFO - Retrieved article length: 7134 characters
2025-01-19 16:12:26,097 - INFO - NTRA: 1h change of 3.43%
2025-01-19 16:12:26,148 - INFO - NTRP: 1mo change of 244.09%
2025-01-19 16:12:26,148 - INFO - Processing NTRP - 2024-11-05 17:01:00 UTC
2025-01-19 16:12:26,181 - INFO - NTNX: 1h change of -2.92%
2025-01-19 16:12:26,182 - INFO - NTRA: 1wk change of 7.77%
2025-01-19 16:12:26,269 - INFO - NTRA: 1mo change of -5.61%
2025-01-19 16:12:26,269 - INFO - Processing NTRA - 2025-01-03 17:05:06 UTC
2025-01-19 16:12:26,271 - INFO - NTNX: 1wk change of 8.09%
2025-01-19 16:12:26,359 - INFO - NTNX: 1mo change of -1.32%
2025-01-19 16:12:26,412 - INFO - Retrieved article length: 6493 characters
2025-01-19 16:12:26,516 - INFO - Processing NTRS - 2025-01-18 12:01:00 UTC
2025-01-19 16:12:26,595 - INFO - NTRB: 1wk change of 8.10%
2025-01-19 16:12:26,684 - INFO - NTRB: 1mo change of -14.53%
2025-01-19 16:12:26,684 - INFO - Processing NTRB - 2024-12-04 17:00:00 UTC
2025-01-19 16:12:26,836 - INFO - Retrieved article length: 11267 characters
2025-01-19 16:12:26,931 - INFO - NTRP: 1h change of -14.73%
2025-01-19 16:12:27,034 - INFO - NTRP: 1wk change of -20.71%
2025-01-19 16:12:27,121 - INFO - NTRP: 1mo change of 40.24%
2025-01-19 16:12:27,167 - INFO - Retrieved article length: 380 characters
2025-01-19 16:12:27,195 - INFO - Retrieved article length: 7077 characters
2025-01-19 16:12:27,203 - INFO - NTRA: 1h change of 3.43%
2025-01-19 16:12:27,208 - INFO - NTRA: 1wk change of 7.77%
2025-01-19 16:12:27,256 - INFO - NTRA: 1mo change of -5.61%
2025-01-19 16:12:27,309 - INFO - Processing NTST - 2025-01-17 19:42:35 UTC
2025-01-19 16:12:27,338 - INFO - Retrieved article length: 5222 characters
2025-01-19 16:12:27,399 - INFO - NTRS: 1wk change of 4.55%
2025-01-19 16:12:27,409 - INFO - Processing NTWK - 2025-01-15 15:46:03 UTC
2025-01-19 16:12:27,439 - INFO - NTRB: 1h change of -13.22%
2025-01-19 16:12:27,528 - INFO - NTRB: 1wk change of -12.84%
2025-01-19 16:12:27,529 - INFO - NTRS: 1mo change of 1.24%
2025-01-19 16:12:27,529 - INFO - Processing NTRS - 2025-01-17 17:15:28 UTC
2025-01-19 16:12:27,620 - INFO - NTRB: 1mo change of -27.88%
2025-01-19 16:12:27,620 - INFO - Processing NTRB - 2024-12-04 15:00:00 UTC
2025-01-19 16:12:27,982 - INFO - Retrieved article length: 520 characters
2025-01-19 16:12:28,127 - INFO - Retrieved article length: 2274 characters
2025-01-19 16:12:28,130 - INFO - NTST: 1h change of 3.59%
2025-01-19 16:12:28,219 - INFO - NTST: 1wk change of 5.89%
2025-01-19 16:12:28,233 - INFO - Retrieved article length: 4594 characters
2025-01-19 16:12:28,310 - INFO - NTST: 1mo change of -2.87%
2025-01-19 16:12:28,311 - INFO - Processing NTST - 2025-01-17 00:05:00 UTC
2025-01-19 16:12:28,311 - INFO - NTWK: 1wk change of 1.15%
2025-01-19 16:12:28,346 - INFO - NTRS: 1h change of 1.99%
2025-01-19 16:12:28,381 - INFO - Retrieved article length: 3781 characters
2025-01-19 16:12:28,390 - INFO - NTRB: 1h change of -13.22%
2025-01-19 16:12:28,396 - INFO - NTWK: 1mo change of -2.95%
2025-01-19 16:12:28,396 - INFO - Processing NTWK - 2024-12-11 18:44:04 UTC
2025-01-19 16:12:28,396 - INFO - NTRB: 1wk change of -12.84%
2025-01-19 16:12:28,402 - INFO - NTRB: 1mo change of -27.88%
2025-01-19 16:12:28,402 - INFO - Processing NTRB - 2024-11-27 16:48:04 UTC
2025-01-19 16:12:28,478 - INFO - NTRS: 1wk change of 4.01%
2025-01-19 16:12:28,646 - INFO - NTRS: 1mo change of 1.80%
2025-01-19 16:12:28,647 - INFO - Processing NTRS - 2025-01-17 14:20:06 UTC
2025-01-19 16:12:28,989 - INFO - Retrieved article length: 1930 characters
2025-01-19 16:12:28,998 - INFO - NTST: 1h change of 3.59%
2025-01-19 16:12:29,048 - INFO - NTST: 1wk change of 5.89%
2025-01-19 16:12:29,094 - INFO - NTST: 1mo change of -2.87%
2025-01-19 16:12:29,094 - INFO - Processing NTST - 2025-01-16 18:34:24 UTC
2025-01-19 16:12:29,101 - INFO - Retrieved article length: 2351 characters
2025-01-19 16:12:29,188 - INFO - NTWK: 1h change of 1.10%
2025-01-19 16:12:29,236 - INFO - Retrieved article length: 519 characters
2025-01-19 16:12:29,326 - INFO - NTRB: 1h change of 2.75%
2025-01-19 16:12:29,356 - INFO - NTWK: 1mo change of -10.65%
2025-01-19 16:12:29,356 - INFO - Processing NTWK - 2024-12-06 16:30:00 UTC
2025-01-19 16:12:29,377 - INFO - Retrieved article length: 5313 characters
2025-01-19 16:12:29,387 - INFO - NTRS: 1h change of 1.99%
2025-01-19 16:12:29,411 - INFO - NTRB: 1wk change of -16.94%
2025-01-19 16:12:29,436 - INFO - NTRS: 1wk change of 4.01%
2025-01-19 16:12:29,493 - INFO - NTRS: 1mo change of 1.80%
2025-01-19 16:12:29,493 - INFO - Processing NTRS - 2025-01-16 18:00:39 UTC
2025-01-19 16:12:29,500 - INFO - NTRB: 1mo change of -21.11%
2025-01-19 16:12:29,500 - INFO - Processing NTRB - 2024-11-27 15:00:00 UTC
2025-01-19 16:12:29,957 - INFO - Retrieved article length: 527 characters
2025-01-19 16:12:30,050 - INFO - NTST: 1h change of 5.54%
2025-01-19 16:12:30,110 - INFO - Retrieved article length: 2234 characters
2025-01-19 16:12:30,138 - INFO - NTST: 1wk change of 5.89%
2025-01-19 16:12:30,234 - INFO - NTST: 1mo change of -2.74%
2025-01-19 16:12:30,234 - INFO - Processing NTST - 2025-01-16 16:00:00 UTC
2025-01-19 16:12:30,270 - INFO - Retrieved article length: 6451 characters
2025-01-19 16:12:30,272 - INFO - Retrieved article length: 6977 characters
2025-01-19 16:12:30,280 - INFO - NTRB: 1h change of 2.75%
2025-01-19 16:12:30,286 - INFO - NTRB: 1wk change of -16.94%
2025-01-19 16:12:30,288 - INFO - NTWK: 1wk change of 3.76%
2025-01-19 16:12:30,292 - INFO - NTRB: 1mo change of -21.11%
2025-01-19 16:12:30,372 - INFO - NTWK: 1mo change of -10.89%
2025-01-19 16:12:30,373 - INFO - Processing NTWK - 2024-12-05 16:30:00 UTC
2025-01-19 16:12:30,374 - INFO - NTRS: 1h change of 5.73%
2025-01-19 16:12:30,418 - INFO - Processing NUE - 2025-01-19 04:49:36 UTC
2025-01-19 16:12:30,507 - INFO - NTRS: 1wk change of 3.55%
2025-01-19 16:12:30,670 - INFO - NTRS: 1mo change of 1.40%
2025-01-19 16:12:30,671 - INFO - Processing NTRS - 2025-01-15 01:00:00 UTC
2025-01-19 16:12:30,962 - INFO - Retrieved article length: 4416 characters
2025-01-19 16:12:30,971 - INFO - NTST: 1h change of 5.54%
2025-01-19 16:12:31,019 - INFO - NTST: 1wk change of 5.89%
2025-01-19 16:12:31,047 - INFO - Retrieved article length: 5360 characters
2025-01-19 16:12:31,065 - INFO - NTST: 1mo change of -2.74%
2025-01-19 16:12:31,066 - INFO - Processing NTST - 2025-01-06 18:54:01 UTC
2025-01-19 16:12:31,078 - INFO - Retrieved article length: 8181 characters
2025-01-19 16:12:31,133 - INFO - NTWK: 1h change of 1.86%
2025-01-19 16:12:31,237 - INFO - NTWK: 1wk change of 3.37%
2025-01-19 16:12:31,308 - INFO - NUE: 1wk change of 5.39%
2025-01-19 16:12:31,335 - INFO - NTWK: 1mo change of -9.09%
2025-01-19 16:12:31,336 - INFO - Processing NTWK - 2024-11-29 10:00:00 UTC
2025-01-19 16:12:31,368 - INFO - Retrieved article length: 3988 characters
2025-01-19 16:12:31,482 - INFO - NTRS: 1h change of 7.52%
2025-01-19 16:12:31,501 - INFO - Processing NUE - 2025-01-19 02:32:00 UTC
2025-01-19 16:12:31,646 - INFO - NTRS: 1wk change of 3.55%
2025-01-19 16:12:31,805 - INFO - Retrieved article length: 510 characters
2025-01-19 16:12:31,881 - INFO - NTRS: 1mo change of 1.64%
2025-01-19 16:12:31,881 - INFO - Processing NTRS - 2025-01-14 21:45:00 UTC
2025-01-19 16:12:32,043 - INFO - Retrieved article length: 6853 characters
2025-01-19 16:12:32,079 - INFO - NTST: 1mo change of -8.13%
2025-01-19 16:12:32,080 - INFO - Processing NTST - 2025-01-02 15:32:59 UTC
2025-01-19 16:12:32,169 - INFO - Retrieved article length: 5083 characters
2025-01-19 16:12:32,219 - INFO - NTWK: 1wk change of 6.20%
2025-01-19 16:12:32,270 - INFO - NUE: 1wk change of 5.39%
2025-01-19 16:12:32,306 - INFO - NTWK: 1mo change of -18.41%
2025-01-19 16:12:32,306 - INFO - Processing NTWK - 2024-11-28 16:01:00 UTC
2025-01-19 16:12:32,320 - INFO - Processing NUE - 2025-01-18 01:13:00 UTC
2025-01-19 16:12:32,573 - INFO - Retrieved article length: 960 characters
2025-01-19 16:12:32,699 - INFO - NTRS: 1h change of 7.11%
2025-01-19 16:12:32,839 - INFO - NTRS: 1wk change of 3.55%
2025-01-19 16:12:32,852 - INFO - Retrieved article length: 515 characters
2025-01-19 16:12:32,943 - INFO - NTST: 1h change of -1.20%
2025-01-19 16:12:32,970 - INFO - NTRS: 1mo change of -1.18%
2025-01-19 16:12:32,970 - INFO - Processing NTRS - 2025-01-13 04:00:00 UTC
2025-01-19 16:12:32,974 - INFO - Retrieved article length: 3649 characters
2025-01-19 16:12:32,983 - INFO - Retrieved article length: 337 characters
2025-01-19 16:12:33,034 - INFO - NTST: 1wk change of -3.81%
2025-01-19 16:12:33,123 - INFO - NTST: 1mo change of -8.94%
2025-01-19 16:12:33,124 - INFO - Processing NTST - 2024-12-05 15:22:54 UTC
2025-01-19 16:12:33,169 - INFO - NTWK: 1wk change of 5.38%
2025-01-19 16:12:33,217 - INFO - NUE: 1wk change of 5.37%
2025-01-19 16:12:33,254 - INFO - NTWK: 1mo change of -16.83%
2025-01-19 16:12:33,254 - INFO - Processing NTWK - 2024-11-27 21:24:00 UTC
2025-01-19 16:12:33,348 - INFO - Processing NUE - 2025-01-17 17:30:00 UTC
2025-01-19 16:12:33,602 - INFO - Retrieved article length: 9802 characters
2025-01-19 16:12:33,703 - INFO - NTRS: 1h change of 2.63%
2025-01-19 16:12:33,827 - INFO - NTRS: 1wk change of 3.48%
2025-01-19 16:12:33,927 - INFO - Retrieved article length: 513 characters
2025-01-19 16:12:33,953 - INFO - NTRS: 1mo change of -1.59%
2025-01-19 16:12:33,953 - INFO - Processing NTRS - 2025-01-10 18:00:00 UTC
2025-01-19 16:12:34,034 - INFO - Retrieved article length: 4729 characters
2025-01-19 16:12:34,130 - INFO - NUE: 1h change of 1.47%
2025-01-19 16:12:34,164 - INFO - Retrieved article length: 8618 characters
2025-01-19 16:12:34,190 - INFO - NTST: 1wk change of -6.77%
2025-01-19 16:12:34,257 - INFO - NUE: 1wk change of 2.68%
2025-01-19 16:12:34,287 - INFO - NTST: 1mo change of -10.32%
2025-01-19 16:12:34,287 - INFO - Processing NTST - 2024-11-11 15:38:42 UTC
2025-01-19 16:12:34,353 - INFO - NTWK: 1wk change of 5.38%
2025-01-19 16:12:34,387 - INFO - Processing NUE - 2025-01-17 14:28:17 UTC
2025-01-19 16:12:34,441 - INFO - NTWK: 1mo change of -16.03%
2025-01-19 16:12:34,441 - INFO - Processing NTWK - 2024-11-22 16:30:00 UTC
2025-01-19 16:12:34,785 - INFO - Retrieved article length: 6365 characters
2025-01-19 16:12:34,885 - INFO - NTRS: 1h change of -2.38%
2025-01-19 16:12:35,021 - INFO - NTRS: 1wk change of 4.26%
2025-01-19 16:12:35,084 - INFO - Retrieved article length: 518 characters
2025-01-19 16:12:35,100 - INFO - NUE: 1h change of 1.47%
2025-01-19 16:12:35,114 - INFO - Retrieved article length: 3066 characters
2025-01-19 16:12:35,128 - INFO - Retrieved article length: 552 characters
2025-01-19 16:12:35,148 - INFO - NUE: 1wk change of 2.68%
2025-01-19 16:12:35,201 - INFO - Processing NUE - 2025-01-16 23:00:00 UTC
2025-01-19 16:12:35,203 - INFO - NTWK: 1h change of 3.90%
2025-01-19 16:12:35,267 - INFO - NTST: 1h change of -3.83%
2025-01-19 16:12:35,289 - INFO - NTWK: 1wk change of -15.41%
2025-01-19 16:12:35,355 - INFO - NTST: 1wk change of 4.58%
2025-01-19 16:12:35,382 - INFO - NTWK: 1mo change of -15.76%
2025-01-19 16:12:35,450 - INFO - Processing NUKK - 2025-01-18 00:01:00 UTC
2025-01-19 16:12:35,456 - INFO - NTST: 1mo change of -2.02%
2025-01-19 16:12:35,558 - INFO - Processing NURO - 2025-01-06 17:06:07 UTC
2025-01-19 16:12:35,607 - INFO - Processing NUS - 2025-01-17 17:38:46 UTC
2025-01-19 16:12:35,884 - INFO - Retrieved article length: 8521 characters
2025-01-19 16:12:35,986 - INFO - NUE: 1h change of 2.32%
2025-01-19 16:12:36,057 - INFO - Retrieved article length: 5787 characters
2025-01-19 16:12:36,117 - INFO - NUE: 1wk change of 3.24%
2025-01-19 16:12:36,168 - INFO - NUKK: 1h change of 61.91%
2025-01-19 16:12:36,252 - INFO - NUE: 1mo change of -4.78%
2025-01-19 16:12:36,252 - INFO - Processing NUE - 2025-01-16 20:31:59 UTC
2025-01-19 16:12:36,254 - INFO - NUKK: 1wk change of 40.48%
2025-01-19 16:12:36,261 - INFO - Retrieved article length: 3801 characters
2025-01-19 16:12:36,314 - INFO - Retrieved article length: 7784 characters
2025-01-19 16:12:36,346 - INFO - NUKK: 1mo change of 2022.30%
2025-01-19 16:12:36,346 - INFO - Processing NUKK - 2025-01-17 00:01:00 UTC
2025-01-19 16:12:36,407 - INFO - NURO: 1h change of 2.53%
2025-01-19 16:12:36,465 - INFO - NUS: 1wk change of 2.19%
2025-01-19 16:12:36,496 - INFO - NURO: 1wk change of 2.03%
2025-01-19 16:12:36,569 - INFO - NUS: 1mo change of -6.41%
2025-01-19 16:12:36,569 - INFO - Processing NUS - 2025-01-14 21:54:00 UTC
2025-01-19 16:12:36,582 - INFO - NURO: 1mo change of -6.03%
2025-01-19 16:12:36,582 - INFO - Processing NURO - 2024-12-18 00:44:25 UTC
2025-01-19 16:12:36,962 - INFO - Retrieved article length: 3916 characters
2025-01-19 16:12:36,971 - INFO - NUE: 1h change of 2.32%
2025-01-19 16:12:37,022 - INFO - NUE: 1wk change of 3.24%
2025-01-19 16:12:37,072 - INFO - NUE: 1mo change of -4.78%
2025-01-19 16:12:37,072 - INFO - Processing NUE - 2025-01-16 18:25:25 UTC
2025-01-19 16:12:37,142 - INFO - Retrieved article length: 3870 characters
2025-01-19 16:12:37,241 - INFO - NUKK: 1h change of 47.57%
2025-01-19 16:12:37,343 - INFO - NUKK: 1wk change of 16.46%
2025-01-19 16:12:37,343 - INFO - Retrieved article length: 4112 characters
2025-01-19 16:12:37,429 - INFO - Retrieved article length: 561 characters
2025-01-19 16:12:37,489 - INFO - NUKK: 1mo change of 2022.30%
2025-01-19 16:12:37,489 - INFO - Processing NUKK - 2025-01-14 20:25:00 UTC
2025-01-19 16:12:37,522 - INFO - NURO: 1h change of 5.69%
2025-01-19 16:12:37,610 - INFO - NURO: 1wk change of -4.14%
2025-01-19 16:12:37,655 - INFO - NUS: 1mo change of -10.47%
2025-01-19 16:12:37,655 - INFO - Processing NUS - 2025-01-13 23:29:33 UTC
2025-01-19 16:12:37,698 - INFO - NURO: 1mo change of 12.81%
2025-01-19 16:12:37,698 - INFO - Processing NURO - 2024-12-18 00:05:00 UTC
2025-01-19 16:12:37,858 - INFO - Retrieved article length: 513 characters
2025-01-19 16:12:37,868 - INFO - NUE: 1h change of 2.32%
2025-01-19 16:12:37,917 - INFO - NUE: 1wk change of 3.24%
2025-01-19 16:12:37,970 - INFO - NUE: 1mo change of -4.78%
2025-01-19 16:12:38,146 - INFO - Processing NUTX - 2025-01-13 13:30:00 UTC
2025-01-19 16:12:38,219 - INFO - Retrieved article length: 5168 characters
2025-01-19 16:12:38,375 - INFO - Retrieved article length: 532 characters
2025-01-19 16:12:38,404 - INFO - NUKK: 1wk change of 4.80%
2025-01-19 16:12:38,485 - INFO - Retrieved article length: 10393 characters
2025-01-19 16:12:38,490 - INFO - NUKK: 1mo change of 1828.10%
2025-01-19 16:12:38,490 - INFO - Processing NUKK - 2024-12-19 02:23:00 UTC
2025-01-19 16:12:38,495 - INFO - NURO: 1h change of 5.69%
2025-01-19 16:12:38,500 - INFO - NURO: 1wk change of -4.14%
2025-01-19 16:12:38,549 - INFO - NURO: 1mo change of 12.81%
2025-01-19 16:12:38,549 - INFO - Processing NURO - 2024-11-06 21:36:00 UTC
2025-01-19 16:12:38,575 - INFO - NUS: 1wk change of -6.91%
2025-01-19 16:12:38,687 - INFO - NUS: 1mo change of -10.01%
2025-01-19 16:12:38,688 - INFO - Processing NUS - 2025-01-13 20:56:39 UTC
2025-01-19 16:12:38,881 - INFO - Retrieved article length: 5548 characters
2025-01-19 16:12:38,970 - INFO - NUTX: 1h change of 5.70%
2025-01-19 16:12:39,059 - INFO - NUTX: 1wk change of 11.60%
2025-01-19 16:12:39,144 - INFO - Processing NUTX - 2025-01-06 13:30:00 UTC
2025-01-19 16:12:39,195 - INFO - Retrieved article length: 5013 characters
2025-01-19 16:12:39,291 - INFO - NUKK: 1h change of 856.18%
2025-01-19 16:12:39,376 - INFO - NUKK: 1wk change of 2316.67%
2025-01-19 16:12:39,383 - INFO - Retrieved article length: 4760 characters
2025-01-19 16:12:39,445 - INFO - Retrieved article length: 2318 characters
2025-01-19 16:12:39,463 - INFO - NUKK: 1mo change of 1311.48%
2025-01-19 16:12:39,463 - INFO - Processing NUKK - 2024-12-17 23:19:00 UTC
2025-01-19 16:12:39,472 - INFO - NURO: 1h change of -4.73%
2025-01-19 16:12:39,504 - INFO - NUS: 1wk change of -6.91%
2025-01-19 16:12:39,554 - INFO - NUS: 1mo change of -10.01%
2025-01-19 16:12:39,555 - INFO - Processing NUS - 2025-01-13 15:00:00 UTC
2025-01-19 16:12:39,562 - INFO - NURO: 1wk change of -2.00%
2025-01-19 16:12:39,645 - INFO - NURO: 1mo change of -4.05%
2025-01-19 16:12:39,645 - INFO - Processing NURO - 2024-11-06 13:11:13 UTC
2025-01-19 16:12:39,849 - INFO - Retrieved article length: 4044 characters
2025-01-19 16:12:39,942 - INFO - NUTX: 1h change of -2.81%
2025-01-19 16:12:40,029 - INFO - NUTX: 1wk change of 2.64%
2025-01-19 16:12:40,112 - INFO - Processing NUTX - 2024-11-18 13:30:00 UTC
2025-01-19 16:12:40,212 - INFO - Retrieved article length: 4448 characters
2025-01-19 16:12:40,280 - INFO - Retrieved article length: 3818 characters
2025-01-19 16:12:40,302 - INFO - NUKK: 1h change of 3349.97%
2025-01-19 16:12:40,335 - INFO - NUS: 1wk change of -6.91%
2025-01-19 16:12:40,382 - INFO - NUS: 1mo change of -10.01%
2025-01-19 16:12:40,382 - INFO - Processing NUS - 2025-01-06 19:35:00 UTC
2025-01-19 16:12:40,389 - INFO - NUKK: 1wk change of 2465.38%
2025-01-19 16:12:40,389 - INFO - Retrieved article length: 1637 characters
2025-01-19 16:12:40,398 - INFO - NURO: 1h change of -4.73%
2025-01-19 16:12:40,403 - INFO - NURO: 1wk change of -2.00%
2025-01-19 16:12:40,408 - INFO - NURO: 1mo change of -4.05%
2025-01-19 16:12:40,409 - INFO - Processing NURO - 2024-11-05 15:00:00 UTC
2025-01-19 16:12:40,476 - INFO - NUKK: 1mo change of 870.39%
2025-01-19 16:12:40,476 - INFO - Processing NUKK - 2024-10-22 15:00:00 UTC
2025-01-19 16:12:40,858 - INFO - Retrieved article length: 5037 characters
2025-01-19 16:12:40,950 - INFO - NUTX: 1h change of -3.47%
2025-01-19 16:12:41,038 - INFO - NUTX: 1wk change of 16.98%
2025-01-19 16:12:41,128 - INFO - NUTX: 1mo change of 52.23%
2025-01-19 16:12:41,128 - INFO - Processing NUTX - 2024-11-08 01:09:00 UTC
2025-01-19 16:12:41,263 - INFO - Retrieved article length: 6762 characters
2025-01-19 16:12:41,264 - INFO - Retrieved article length: 4379 characters
2025-01-19 16:12:41,295 - INFO - Retrieved article length: 7478 characters
2025-01-19 16:12:41,352 - INFO - NUS: 1h change of -6.72%
2025-01-19 16:12:41,354 - INFO - NURO: 1h change of -10.20%
2025-01-19 16:12:41,385 - INFO - NUKK: 1h change of 7.04%
2025-01-19 16:12:41,448 - INFO - NURO: 1wk change of -5.49%
2025-01-19 16:12:41,454 - INFO - NUS: 1wk change of 1.78%
2025-01-19 16:12:41,473 - INFO - NUKK: 1wk change of -11.54%
2025-01-19 16:12:41,535 - INFO - NURO: 1mo change of -1.67%
2025-01-19 16:12:41,561 - INFO - NUS: 1mo change of -8.13%
2025-01-19 16:12:41,562 - INFO - Processing NUS - 2025-01-06 16:44:18 UTC
2025-01-19 16:12:41,565 - INFO - NUKK: 1mo change of 11.63%
2025-01-19 16:12:41,760 - INFO - Processing NUVB - 2025-01-07 15:48:36 UTC
2025-01-19 16:12:41,792 - INFO - Processing NUWE - 2025-01-13 16:00:00 UTC
2025-01-19 16:12:42,139 - INFO - Retrieved article length: 18649 characters
2025-01-19 16:12:42,233 - INFO - NUTX: 1h change of 25.50%
2025-01-19 16:12:42,314 - INFO - NUTX: 1wk change of 29.86%
2025-01-19 16:12:42,329 - INFO - Retrieved article length: 1421 characters
2025-01-19 16:12:42,337 - INFO - NUS: 1h change of -6.72%
2025-01-19 16:12:42,344 - INFO - NUS: 1wk change of 1.78%
2025-01-19 16:12:42,393 - INFO - NUS: 1mo change of -8.13%
2025-01-19 16:12:42,394 - INFO - Processing NUS - 2025-01-04 14:29:32 UTC
2025-01-19 16:12:42,397 - INFO - NUTX: 1mo change of 53.96%
2025-01-19 16:12:42,398 - INFO - Processing NUTX - 2024-11-07 15:11:24 UTC
2025-01-19 16:12:42,496 - INFO - Retrieved article length: 5502 characters
2025-01-19 16:12:42,538 - INFO - Retrieved article length: 526 characters
2025-01-19 16:12:42,585 - INFO - NUWE: 1h change of 4.06%
2025-01-19 16:12:42,638 - INFO - NUVB: 1h change of 3.80%
2025-01-19 16:12:42,673 - INFO - NUWE: 1wk change of 2.54%
2025-01-19 16:12:42,731 - INFO - NUVB: 1wk change of -3.05%
2025-01-19 16:12:42,765 - INFO - NUWE: 1mo change of -9.70%
2025-01-19 16:12:42,765 - INFO - Processing NUWE - 2024-12-19 17:00:00 UTC
2025-01-19 16:12:42,876 - INFO - NUVB: 1mo change of -13.15%
2025-01-19 16:12:42,876 - INFO - Processing NUVB - 2025-01-07 00:05:00 UTC
2025-01-19 16:12:43,128 - INFO - Retrieved article length: 1677 characters
2025-01-19 16:12:43,229 - INFO - NUS: 1h change of 11.56%
2025-01-19 16:12:43,274 - INFO - Retrieved article length: 3227 characters
2025-01-19 16:12:43,359 - INFO - NUTX: 1h change of 35.33%
2025-01-19 16:12:43,446 - INFO - NUTX: 1wk change of 19.58%
2025-01-19 16:12:43,466 - INFO - NUS: 1mo change of -8.13%
2025-01-19 16:12:43,511 - INFO - Retrieved article length: 4927 characters
2025-01-19 16:12:43,530 - INFO - NUTX: 1mo change of 61.80%
2025-01-19 16:12:43,530 - INFO - Processing NUTX - 2024-11-06 15:48:51 UTC
2025-01-19 16:12:43,601 - INFO - NUWE: 1h change of -4.73%
2025-01-19 16:12:43,619 - INFO - Processing NVA - 2025-01-17 14:30:00 UTC
2025-01-19 16:12:43,654 - INFO - Retrieved article length: 1745 characters
2025-01-19 16:12:43,662 - INFO - NUVB: 1h change of 3.80%
2025-01-19 16:12:43,667 - INFO - NUVB: 1wk change of -3.05%
2025-01-19 16:12:43,686 - INFO - NUWE: 1wk change of -12.69%
2025-01-19 16:12:43,716 - INFO - NUVB: 1mo change of -13.15%
2025-01-19 16:12:43,716 - INFO - Processing NUVB - 2025-01-06 19:13:22 UTC
2025-01-19 16:12:43,771 - INFO - NUWE: 1mo change of -32.02%
2025-01-19 16:12:43,771 - INFO - Processing NUWE - 2024-11-11 16:00:00 UTC
2025-01-19 16:12:44,349 - INFO - Retrieved article length: 3205 characters
2025-01-19 16:12:44,388 - INFO - Retrieved article length: 528 characters
2025-01-19 16:12:44,436 - INFO - NUTX: 1h change of 26.97%
2025-01-19 16:12:44,447 - INFO - Retrieved article length: 27535 characters
2025-01-19 16:12:44,480 - INFO - NUVB: 1h change of 12.26%
2025-01-19 16:12:44,526 - INFO - NUTX: 1wk change of 19.58%
2025-01-19 16:12:44,548 - INFO - NVA: 1h change of -6.42%
2025-01-19 16:12:44,575 - INFO - NUVB: 1wk change of -5.80%
2025-01-19 16:12:44,610 - INFO - NUTX: 1mo change of 66.31%
2025-01-19 16:12:44,610 - INFO - Processing NUTX - 2024-11-05 13:30:00 UTC
2025-01-19 16:12:44,689 - INFO - NUVB: 1mo change of -15.77%
2025-01-19 16:12:44,689 - INFO - Processing NUVB - 2025-01-06 16:00:00 UTC
2025-01-19 16:12:44,729 - INFO - NVA: 1wk change of -26.25%
2025-01-19 16:12:44,768 - INFO - Retrieved article length: 13208 characters
2025-01-19 16:12:44,855 - INFO - NVA: 1mo change of 1.82%
2025-01-19 16:12:44,855 - INFO - Processing NVA - 2025-01-13 14:30:00 UTC
2025-01-19 16:12:44,857 - INFO - NUWE: 1h change of -5.31%
2025-01-19 16:12:44,946 - INFO - NUWE: 1wk change of -4.41%
2025-01-19 16:12:45,035 - INFO - NUWE: 1mo change of -6.35%
2025-01-19 16:12:45,035 - INFO - Processing NUWE - 2024-11-05 17:28:00 UTC
2025-01-19 16:12:45,446 - INFO - Retrieved article length: 4149 characters
2025-01-19 16:12:45,538 - INFO - NUTX: 1h change of 19.11%
2025-01-19 16:12:45,622 - INFO - NUTX: 1wk change of 30.54%
2025-01-19 16:12:45,640 - INFO - Retrieved article length: 8141 characters
2025-01-19 16:12:45,648 - INFO - NUVB: 1h change of 12.26%
2025-01-19 16:12:45,654 - INFO - NUVB: 1wk change of -5.80%
2025-01-19 16:12:45,695 - INFO - Retrieved article length: 16080 characters
2025-01-19 16:12:45,703 - INFO - NUVB: 1mo change of -15.77%
2025-01-19 16:12:45,703 - INFO - Processing NUVB - 2024-12-30 23:00:33 UTC
2025-01-19 16:12:45,708 - INFO - NUTX: 1mo change of 85.75%
2025-01-19 16:12:45,740 - INFO - Retrieved article length: 6380 characters
2025-01-19 16:12:45,790 - INFO - NVA: 1h change of -17.37%
2025-01-19 16:12:45,834 - INFO - NUWE: 1h change of -44.86%
2025-01-19 16:12:45,862 - INFO - Processing NVAC - 2024-12-27 00:30:00 UTC
2025-01-19 16:12:45,872 - INFO - NVA: 1wk change of -32.94%
2025-01-19 16:12:45,918 - INFO - NUWE: 1wk change of -14.42%
2025-01-19 16:12:45,959 - INFO - NVA: 1mo change of 7.09%
2025-01-19 16:12:45,959 - INFO - Processing NVA - 2025-01-08 14:30:00 UTC
2025-01-19 16:12:46,006 - INFO - NUWE: 1mo change of -9.46%
2025-01-19 16:12:46,006 - INFO - Processing NUWE - 2024-11-04 21:43:43 UTC
2025-01-19 16:12:46,421 - INFO - Retrieved article length: 8426 characters
2025-01-19 16:12:46,538 - INFO - Retrieved article length: 3260 characters
2025-01-19 16:12:46,605 - INFO - NUVB: 1wk change of 12.31%
2025-01-19 16:12:46,621 - ERROR - NVAC: No price data found, symbol may be delisted (1h 2024-12-25 -> 2024-12-29)
2025-01-19 16:12:46,691 - INFO - NUVB: 1mo change of -13.15%
2025-01-19 16:12:46,691 - INFO - Processing NUVB - 2024-12-23 17:21:29 UTC
2025-01-19 16:12:46,740 - INFO - Retrieved article length: 8161 characters
2025-01-19 16:12:46,795 - INFO - Processing NVAC - 2024-12-12 02:30:00 UTC
2025-01-19 16:12:46,830 - INFO - NVA: 1h change of -16.51%
2025-01-19 16:12:46,846 - INFO - Retrieved article length: 2563 characters
2025-01-19 16:12:46,932 - INFO - NVA: 1wk change of -17.85%
2025-01-19 16:12:46,935 - INFO - NUWE: 1h change of -36.99%
2025-01-19 16:12:47,020 - INFO - NVA: 1mo change of 14.05%
2025-01-19 16:12:47,021 - INFO - Processing NVA - 2025-01-03 17:00:00 UTC
2025-01-19 16:12:47,022 - INFO - NUWE: 1wk change of 4.84%
2025-01-19 16:12:47,115 - INFO - NUWE: 1mo change of 6.72%
2025-01-19 16:12:47,116 - INFO - Processing NUWE - 2024-11-04 16:30:00 UTC
2025-01-19 16:12:47,493 - INFO - Retrieved article length: 515 characters
2025-01-19 16:12:47,527 - INFO - Retrieved article length: 2850 characters
2025-01-19 16:12:47,590 - INFO - NUVB: 1h change of 7.05%
2025-01-19 16:12:47,606 - ERROR - NVAC: No price data found, symbol may be delisted (1h 2024-12-10 -> 2024-12-14)
2025-01-19 16:12:47,685 - INFO - NUVB: 1wk change of 1.92%
2025-01-19 16:12:47,774 - INFO - NUVB: 1mo change of -1.95%
2025-01-19 16:12:47,774 - INFO - Processing NUVB - 2024-12-23 16:37:52 UTC
2025-01-19 16:12:47,803 - INFO - Retrieved article length: 7197 characters
2025-01-19 16:12:47,889 - INFO - NVA: 1h change of 9.87%
2025-01-19 16:12:47,894 - INFO - Retrieved article length: 5581 characters
2025-01-19 16:12:47,903 - INFO - NUWE: 1h change of -36.99%
2025-01-19 16:12:47,908 - INFO - NUWE: 1wk change of 4.84%
2025-01-19 16:12:47,914 - INFO - NUWE: 1mo change of 6.72%
2025-01-19 16:12:47,914 - INFO - Processing NUWE - 2024-11-01 23:15:00 UTC
2025-01-19 16:12:47,919 - INFO - Processing NVACR - 2024-12-27 00:30:00 UTC
2025-01-19 16:12:47,973 - INFO - NVA: 1wk change of 9.78%
2025-01-19 16:12:48,062 - INFO - NVA: 1mo change of 18.07%
2025-01-19 16:12:48,062 - INFO - Processing NVA - 2025-01-02 14:30:00 UTC
2025-01-19 16:12:48,521 - INFO - Retrieved article length: 3260 characters
2025-01-19 16:12:48,522 - INFO - Retrieved article length: 518 characters
2025-01-19 16:12:48,530 - INFO - NUVB: 1h change of 7.05%
2025-01-19 16:12:48,536 - INFO - NUVB: 1wk change of 1.92%
2025-01-19 16:12:48,590 - INFO - NUVB: 1mo change of -1.95%
2025-01-19 16:12:48,590 - INFO - Processing NUVB - 2024-12-23 16:00:00 UTC
2025-01-19 16:12:48,665 - INFO - NVACR: 1h change of -13.93%
2025-01-19 16:12:48,744 - ERROR - NVACR: Period '1mo' is invalid, must be one of ['1d', '5d']
2025-01-19 16:12:48,811 - INFO - Retrieved article length: 6252 characters
2025-01-19 16:12:48,836 - INFO - Retrieved article length: 5443 characters
2025-01-19 16:12:48,879 - INFO - Processing NVACR - 2024-12-12 02:30:00 UTC
2025-01-19 16:12:48,900 - INFO - NVA: 1h change of 18.73%
2025-01-19 16:12:48,927 - INFO - NUWE: 1h change of -28.14%
2025-01-19 16:12:48,989 - INFO - NVA: 1wk change of 6.42%
2025-01-19 16:12:49,016 - INFO - NUWE: 1wk change of -23.31%
2025-01-19 16:12:49,081 - INFO - NVA: 1mo change of 18.07%
2025-01-19 16:12:49,081 - INFO - Processing NVA - 2024-12-11 14:30:00 UTC
2025-01-19 16:12:49,105 - INFO - NUWE: 1mo change of 3.31%
2025-01-19 16:12:49,105 - INFO - Processing NUWE - 2024-10-31 15:00:00 UTC
2025-01-19 16:12:49,294 - INFO - Retrieved article length: 9028 characters
2025-01-19 16:12:49,302 - INFO - NUVB: 1h change of 7.05%
2025-01-19 16:12:49,308 - INFO - NUVB: 1wk change of 1.92%
2025-01-19 16:12:49,361 - INFO - NUVB: 1mo change of -1.95%
2025-01-19 16:12:49,447 - INFO - Retrieved article length: 2850 characters
2025-01-19 16:12:49,532 - INFO - Processing NVAX - 2025-01-17 21:55:46 UTC
2025-01-19 16:12:49,540 - INFO - NVACR: 1h change of -27.63%
2025-01-19 16:12:49,618 - ERROR - NVACR: Period '1mo' is invalid, must be one of ['1d', '5d']
2025-01-19 16:12:49,698 - ERROR - NVACR: Period '1mo' is invalid, must be one of ['1d', '5d']
2025-01-19 16:12:49,820 - INFO - Processing NVCT - 2025-01-04 17:14:50 UTC
2025-01-19 16:12:49,832 - INFO - Retrieved article length: 5871 characters
2025-01-19 16:12:49,858 - INFO - Retrieved article length: 13303 characters
2025-01-19 16:12:49,926 - INFO - NUWE: 1h change of -26.92%
2025-01-19 16:12:49,944 - INFO - NVA: 1h change of 7.10%
2025-01-19 16:12:50,013 - INFO - NUWE: 1wk change of -7.18%
2025-01-19 16:12:50,031 - INFO - NVA: 1wk change of 39.69%
2025-01-19 16:12:50,100 - INFO - NUWE: 1mo change of 2.38%
2025-01-19 16:12:50,116 - INFO - NVA: 1mo change of 42.96%
2025-01-19 16:12:50,117 - INFO - Processing NVA - 2024-12-05 14:30:00 UTC
2025-01-19 16:12:50,201 - INFO - Retrieved article length: 159 characters
2025-01-19 16:12:50,311 - INFO - NVAX: 1h change of -7.69%
2025-01-19 16:12:50,368 - INFO - Processing NVDA - 2025-01-19 16:05:00 UTC
2025-01-19 16:12:50,413 - INFO - NVAX: 1wk change of -22.37%
2025-01-19 16:12:50,504 - INFO - NVAX: 1mo change of -7.79%
2025-01-19 16:12:50,504 - INFO - Processing NVAX - 2025-01-16 01:45:19 UTC
2025-01-19 16:12:50,536 - INFO - Retrieved article length: 5560 characters
2025-01-19 16:12:50,627 - INFO - NVCT: 1h change of -1.59%
2025-01-19 16:12:50,763 - INFO - NVCT: 1wk change of 15.74%
2025-01-19 16:12:50,850 - INFO - NVCT: 1mo change of 11.59%
2025-01-19 16:12:50,850 - INFO - Processing NVCT - 2024-12-10 16:00:00 UTC
2025-01-19 16:12:50,890 - INFO - Retrieved article length: 14394 characters
2025-01-19 16:12:50,984 - INFO - NVA: 1h change of 6.87%
2025-01-19 16:12:51,077 - INFO - NVA: 1wk change of 22.16%
2025-01-19 16:12:51,109 - INFO - Retrieved article length: 7323 characters
2025-01-19 16:12:51,170 - INFO - Retrieved article length: 2967 characters
2025-01-19 16:12:51,215 - INFO - NVA: 1mo change of 48.67%
2025-01-19 16:12:51,215 - INFO - Processing NVA - 2024-12-04 15:00:00 UTC
2025-01-19 16:12:51,280 - INFO - NVAX: 1h change of -2.76%
2025-01-19 16:12:51,304 - INFO - NVDA: 1wk change of 1.32%
2025-01-19 16:12:51,381 - INFO - NVAX: 1wk change of -13.93%
2025-01-19 16:12:51,400 - INFO - NVDA: 1mo change of 4.33%
2025-01-19 16:12:51,400 - INFO - Processing NVDA - 2025-01-19 15:45:00 UTC
2025-01-19 16:12:51,468 - INFO - NVAX: 1mo change of -6.87%
2025-01-19 16:12:51,468 - INFO - Processing NVAX - 2025-01-09 00:03:04 UTC
2025-01-19 16:12:51,594 - INFO - Retrieved article length: 1977 characters
2025-01-19 16:12:51,687 - INFO - NVCT: 1h change of -4.82%
2025-01-19 16:12:51,687 - INFO - NVDA: 1wk change of 1.32%
2025-01-19 16:12:51,734 - INFO - NVDA: 1mo change of 4.33%
2025-01-19 16:12:51,734 - INFO - Processing NVDA - 2025-01-19 15:30:00 UTC
2025-01-19 16:12:51,773 - INFO - NVCT: 1wk change of -4.67%
2025-01-19 16:12:51,861 - INFO - NVCT: 1mo change of -21.80%
2025-01-19 16:12:51,861 - INFO - Processing NVCT - 2024-11-25 17:55:05 UTC
2025-01-19 16:12:52,003 - INFO - Retrieved article length: 7206 characters
2025-01-19 16:12:52,096 - INFO - NVA: 1h change of 8.57%
2025-01-19 16:12:52,188 - INFO - NVA: 1wk change of 22.16%
2025-01-19 16:12:52,268 - INFO - Retrieved article length: 3473 characters
2025-01-19 16:12:52,276 - INFO - NVA: 1mo change of 60.27%
2025-01-19 16:12:52,361 - INFO - NVAX: 1h change of -16.84%
2025-01-19 16:12:52,434 - INFO - Retrieved article length: 4791 characters
2025-01-19 16:12:52,450 - INFO - NVAX: 1wk change of 5.93%
2025-01-19 16:12:52,531 - INFO - NVDA: 1wk change of 1.32%
2025-01-19 16:12:52,537 - INFO - NVAX: 1mo change of 1.20%
2025-01-19 16:12:52,537 - INFO - Processing NVAX - 2025-01-08 17:00:21 UTC
2025-01-19 16:12:52,559 - INFO - Processing NVDL - 2024-11-21 01:24:40 UTC
2025-01-19 16:12:52,580 - INFO - NVDA: 1mo change of 4.33%
2025-01-19 16:12:52,580 - INFO - Processing NVDA - 2025-01-19 15:15:00 UTC
2025-01-19 16:12:52,581 - INFO - Retrieved article length: 4062 characters
2025-01-19 16:12:52,671 - INFO - NVCT: 1h change of 3.80%
2025-01-19 16:12:52,761 - INFO - NVCT: 1wk change of -2.63%
2025-01-19 16:12:52,851 - INFO - NVCT: 1mo change of -32.12%
2025-01-19 16:12:52,851 - INFO - Processing NVCT - 2024-11-15 15:45:18 UTC
2025-01-19 16:12:53,251 - INFO - Retrieved article length: 5932 characters
2025-01-19 16:12:53,285 - INFO - Retrieved article length: 5861 characters
2025-01-19 16:12:53,330 - INFO - Retrieved article length: 2720 characters
2025-01-19 16:12:53,342 - INFO - NVAX: 1h change of 5.84%
2025-01-19 16:12:53,382 - INFO - NVDA: 1wk change of 1.32%
2025-01-19 16:12:53,422 - INFO - NVDL: 1h change of -2.07%
2025-01-19 16:12:53,428 - INFO - NVAX: 1wk change of 5.93%
2025-01-19 16:12:53,429 - INFO - NVDA: 1mo change of 4.33%
2025-01-19 16:12:53,430 - INFO - Processing NVDA - 2025-01-19 15:13:00 UTC
2025-01-19 16:12:53,513 - INFO - NVDL: 1wk change of -10.78%
2025-01-19 16:12:53,517 - INFO - NVAX: 1mo change of 1.20%
2025-01-19 16:12:53,517 - INFO - Processing NVAX - 2025-01-08 16:47:27 UTC
2025-01-19 16:12:53,601 - INFO - Retrieved article length: 1955 characters
2025-01-19 16:12:53,605 - INFO - Processing NVDL - 2024-11-19 17:00:00 UTC
2025-01-19 16:12:53,692 - INFO - NVCT: 1h change of -53.98%
2025-01-19 16:12:53,779 - INFO - NVCT: 1wk change of -31.36%
2025-01-19 16:12:53,870 - INFO - NVCT: 1mo change of -26.72%
2025-01-19 16:12:53,870 - INFO - Processing NVCT - 2024-11-14 22:23:38 UTC
2025-01-19 16:12:54,248 - INFO - Retrieved article length: 8533 characters
2025-01-19 16:12:54,254 - INFO - Retrieved article length: 4085 characters
2025-01-19 16:12:54,263 - INFO - NVAX: 1h change of 5.84%
2025-01-19 16:12:54,268 - INFO - NVAX: 1wk change of 5.93%
2025-01-19 16:12:54,317 - INFO - NVAX: 1mo change of 1.20%
2025-01-19 16:12:54,318 - INFO - Processing NVAX - 2025-01-08 14:52:00 UTC
2025-01-19 16:12:54,348 - INFO - NVDA: 1wk change of 1.32%
2025-01-19 16:12:54,398 - INFO - NVDA: 1mo change of 4.33%
2025-01-19 16:12:54,399 - INFO - Processing NVDA - 2025-01-19 15:00:00 UTC
2025-01-19 16:12:54,622 - INFO - Retrieved article length: 2077 characters
2025-01-19 16:12:54,720 - INFO - NVDL: 1h change of 8.23%
2025-01-19 16:12:54,748 - INFO - Retrieved article length: 3273 characters
2025-01-19 16:12:54,815 - INFO - NVDL: 1wk change of -14.40%
2025-01-19 16:12:54,836 - INFO - NVCT: 1h change of -56.51%
2025-01-19 16:12:54,907 - INFO - NVDL: 1mo change of 6.96%
2025-01-19 16:12:54,907 - INFO - Processing NVDL - 2024-11-13 23:58:30 UTC
2025-01-19 16:12:54,920 - INFO - NVCT: 1wk change of -19.18%
2025-01-19 16:12:55,001 - INFO - NVCT: 1mo change of -24.07%
2025-01-19 16:12:55,002 - INFO - Processing NVCT - 2024-11-14 17:32:22 UTC
2025-01-19 16:12:55,032 - INFO - Retrieved article length: 3261 characters
2025-01-19 16:12:55,039 - INFO - NVAX: 1h change of 5.84%
2025-01-19 16:12:55,045 - INFO - NVAX: 1wk change of 5.93%
2025-01-19 16:12:55,095 - INFO - NVAX: 1mo change of 1.20%
2025-01-19 16:12:55,095 - INFO - Processing NVAX - 2025-01-08 14:09:00 UTC
2025-01-19 16:12:55,106 - INFO - Retrieved article length: 8872 characters
2025-01-19 16:12:55,216 - INFO - NVDA: 1wk change of 1.32%
2025-01-19 16:12:55,266 - INFO - NVDA: 1mo change of 4.33%
2025-01-19 16:12:55,266 - INFO - Processing NVDA - 2025-01-19 14:58:08 UTC
2025-01-19 16:12:55,607 - INFO - Retrieved article length: 2188 characters
2025-01-19 16:12:55,701 - INFO - NVDL: 1h change of 2.30%
2025-01-19 16:12:55,784 - ERROR - Error fetching article content: ('Connection broken: IncompleteRead(6500 bytes read, 3740 more expected)', IncompleteRead(6500 bytes read, 3740 more expected))
2025-01-19 16:12:55,791 - INFO - NVDL: 1wk change of 7.05%
2025-01-19 16:12:55,795 - INFO - NVAX: 1h change of 5.84%
2025-01-19 16:12:55,801 - INFO - NVAX: 1wk change of 5.93%
2025-01-19 16:12:55,850 - INFO - NVAX: 1mo change of 1.20%
2025-01-19 16:12:55,850 - INFO - Processing NVAX - 2025-01-08 00:12:26 UTC
2025-01-19 16:12:55,877 - INFO - NVDL: 1mo change of -8.15%
2025-01-19 16:12:55,877 - INFO - Processing NVDL - 2024-11-12 17:00:00 UTC
2025-01-19 16:12:55,896 - INFO - Retrieved article length: 492 characters
2025-01-19 16:12:55,904 - INFO - NVCT: 1h change of -56.51%
2025-01-19 16:12:55,910 - INFO - NVCT: 1wk change of -19.18%
2025-01-19 16:12:55,916 - INFO - NVCT: 1mo change of -24.07%
2025-01-19 16:12:55,916 - INFO - Processing NVCT - 2024-11-14 15:00:00 UTC
2025-01-19 16:12:56,033 - INFO - Retrieved article length: 168 characters
2025-01-19 16:12:56,135 - INFO - NVDA: 1wk change of 1.32%
2025-01-19 16:12:56,187 - INFO - NVDA: 1mo change of 4.33%
2025-01-19 16:12:56,188 - INFO - Processing NVDA - 2025-01-19 14:20:00 UTC
2025-01-19 16:12:56,623 - INFO - Retrieved article length: 10687 characters
2025-01-19 16:12:56,625 - INFO - Retrieved article length: 2285 characters
2025-01-19 16:12:56,631 - INFO - NVCT: 1h change of -56.51%
2025-01-19 16:12:56,648 - INFO - NVCT: 1wk change of -19.18%
2025-01-19 16:12:56,656 - INFO - NVCT: 1mo change of -24.07%
2025-01-19 16:12:56,656 - INFO - Processing NVCT - 2024-11-13 16:50:09 UTC
2025-01-19 16:12:56,682 - INFO - Retrieved article length: 160 characters
2025-01-19 16:12:56,690 - INFO - NVAX: 1h change of 5.84%
2025-01-19 16:12:56,696 - INFO - NVAX: 1wk change of 5.93%
2025-01-19 16:12:56,749 - INFO - NVAX: 1mo change of 1.20%
2025-01-19 16:12:56,764 - INFO - NVDL: 1h change of 1.69%
2025-01-19 16:12:56,852 - INFO - NVDL: 1wk change of 14.55%
2025-01-19 16:12:56,924 - INFO - Retrieved article length: 6834 characters
2025-01-19 16:12:56,935 - INFO - NVDL: 1mo change of -6.25%
2025-01-19 16:12:57,022 - INFO - NVDA: 1wk change of 1.32%
2025-01-19 16:12:57,073 - INFO - NVDA: 1mo change of 4.33%
2025-01-19 16:12:57,370 - INFO - Retrieved article length: 4180 characters
2025-01-19 16:12:57,468 - INFO - NVCT: 1h change of -43.99%
2025-01-19 16:12:57,559 - INFO - NVCT: 1wk change of -19.18%
2025-01-19 16:12:57,648 - INFO - NVCT: 1mo change of -15.82%
