2025-01-19 14:30:34,219 - INFO - Starting new training session. Logging to: logs/training_20250119_143034.log
2025-01-19 14:30:34,227 - INFO - Starting new training session. Logging to: logs/training_20250119_143034.log
2025-01-19 14:30:35,786 - INFO - Processing GLYC - 2025-01-14 17:34:11 UTC
2025-01-19 14:30:35,834 - INFO - Processing GM - 2025-01-18 18:30:06 UTC
2025-01-19 14:30:36,935 - INFO - Retrieved article length: 1703 characters
2025-01-19 14:30:36,945 - INFO - Retrieved article length: 5142 characters
2025-01-19 14:30:37,139 - INFO - GLYC: 1wk change of -7.14%
2025-01-19 14:30:37,222 - INFO - GLYC: 1mo change of -10.34%
2025-01-19 14:30:37,320 - INFO - GM: 1mo change of -2.43%
2025-01-19 14:30:37,724 - INFO - Processing GLYC - 2024-11-14 01:15:40 UTC
2025-01-19 14:30:37,820 - INFO - Processing GM - 2025-01-18 17:00:10 UTC
2025-01-19 14:30:38,934 - INFO - Retrieved article length: 621 characters
2025-01-19 14:30:39,036 - INFO - GLYC: 1h change of 6.91%
2025-01-19 14:30:39,120 - INFO - GLYC: 1wk change of -21.95%
2025-01-19 14:30:39,136 - INFO - Retrieved article length: 5742 characters
2025-01-19 14:30:39,205 - INFO - GLYC: 1mo change of 57.14%
2025-01-19 14:30:39,339 - INFO - GM: 1mo change of -2.43%
2025-01-19 14:30:39,707 - INFO - Processing GLYC - 2024-11-12 16:00:00 UTC
2025-01-19 14:30:39,840 - INFO - Processing GM - 2025-01-18 12:41:00 UTC
2025-01-19 14:30:40,938 - INFO - Retrieved article length: 2100 characters
2025-01-19 14:30:41,081 - INFO - Retrieved article length: 4593 characters
2025-01-19 14:30:41,111 - INFO - GLYC: 1wk change of -21.95%
2025-01-19 14:30:41,197 - INFO - GLYC: 1mo change of 60.00%
2025-01-19 14:30:41,283 - INFO - GM: 1mo change of -2.43%
2025-01-19 14:30:41,699 - INFO - Processing GLYC - 2024-11-06 15:00:00 UTC
2025-01-19 14:30:41,784 - INFO - Processing GM - 2025-01-17 21:44:30 UTC
2025-01-19 14:30:42,979 - INFO - Retrieved article length: 4147 characters
2025-01-19 14:30:43,013 - INFO - Retrieved article length: 4919 characters
2025-01-19 14:30:43,102 - INFO - GM: 1h change of -2.88%
2025-01-19 14:30:43,111 - INFO - GLYC: 1h change of 19.24%
2025-01-19 14:30:43,205 - INFO - GLYC: 1wk change of 147.06%
2025-01-19 14:30:43,211 - INFO - GM: 1wk change of -1.94%
2025-01-19 14:30:43,288 - INFO - GLYC: 1mo change of 93.33%
2025-01-19 14:30:43,328 - INFO - GM: 1mo change of -2.97%
2025-01-19 14:30:43,790 - INFO - Processing GLYC - 2024-10-30 20:07:56 UTC
2025-01-19 14:30:43,829 - INFO - Processing GM - 2025-01-17 20:47:00 UTC
2025-01-19 14:30:45,039 - INFO - Retrieved article length: 212 characters
2025-01-19 14:30:45,052 - INFO - GM: 1h change of -2.88%
2025-01-19 14:30:45,060 - INFO - Retrieved article length: 6926 characters
2025-01-19 14:30:45,118 - INFO - GM: 1wk change of -1.94%
2025-01-19 14:30:45,153 - INFO - GLYC: 1h change of 135.16%
2025-01-19 14:30:45,185 - INFO - GM: 1mo change of -2.97%
2025-01-19 14:30:45,239 - INFO - GLYC: 1wk change of 156.25%
2025-01-19 14:30:45,322 - INFO - GLYC: 1mo change of 93.75%
2025-01-19 14:30:45,686 - INFO - Processing GM - 2025-01-17 20:37:56 UTC
2025-01-19 14:30:45,823 - INFO - Processing GLYC - 2024-10-30 15:31:07 UTC
2025-01-19 14:30:46,881 - INFO - Retrieved article length: 2621 characters
2025-01-19 14:30:46,893 - INFO - GM: 1h change of -2.88%
2025-01-19 14:30:46,961 - INFO - GM: 1wk change of -1.94%
2025-01-19 14:30:47,025 - INFO - Retrieved article length: 941 characters
2025-01-19 14:30:47,029 - INFO - GM: 1mo change of -2.97%
2025-01-19 14:30:47,038 - INFO - GLYC: 1h change of 135.16%
2025-01-19 14:30:47,047 - INFO - GLYC: 1wk change of 156.25%
2025-01-19 14:30:47,057 - INFO - GLYC: 1mo change of 93.75%
2025-01-19 14:30:47,531 - INFO - Processing GM - 2025-01-17 18:39:03 UTC
2025-01-19 14:30:47,558 - INFO - Processing GLYC - 2024-10-29 16:44:48 UTC
2025-01-19 14:30:48,720 - INFO - Retrieved article length: 546 characters
2025-01-19 14:30:48,731 - INFO - GM: 1h change of -2.88%
2025-01-19 14:30:48,799 - INFO - GM: 1wk change of -1.94%
2025-01-19 14:30:48,866 - INFO - GM: 1mo change of -2.97%
2025-01-19 14:30:48,876 - INFO - Retrieved article length: 489 characters
2025-01-19 14:30:48,967 - INFO - GLYC: 1h change of 165.20%
2025-01-19 14:30:49,059 - INFO - GLYC: 1wk change of 162.50%
2025-01-19 14:30:49,144 - INFO - GLYC: 1mo change of 106.25%
2025-01-19 14:30:49,367 - INFO - Processing GM - 2025-01-17 16:35:00 UTC
2025-01-19 14:30:49,645 - INFO - Processing GLYC - 2024-10-29 14:00:00 UTC
2025-01-19 14:30:50,812 - INFO - Retrieved article length: 3584 characters
2025-01-19 14:30:50,823 - INFO - GM: 1h change of -2.88%
2025-01-19 14:30:50,890 - INFO - GM: 1wk change of -1.94%
2025-01-19 14:30:50,955 - INFO - GM: 1mo change of -2.97%
2025-01-19 14:30:51,061 - INFO - Retrieved article length: 19520 characters
2025-01-19 14:30:51,078 - INFO - GLYC: 1h change of 165.20%
2025-01-19 14:30:51,094 - INFO - GLYC: 1wk change of 162.50%
2025-01-19 14:30:51,113 - INFO - GLYC: 1mo change of 106.25%
2025-01-19 14:30:52,600 - INFO - Processing GME - 2025-01-16 00:27:00 UTC
2025-01-19 14:30:52,734 - INFO - Processing GMED - 2025-01-15 00:17:16 UTC
2025-01-19 14:30:53,758 - INFO - Retrieved article length: 170 characters
2025-01-19 14:30:53,866 - INFO - GME: 1h change of -11.11%
2025-01-19 14:30:53,955 - INFO - Retrieved article length: 524 characters
2025-01-19 14:30:53,971 - INFO - GME: 1wk change of -16.18%
2025-01-19 14:30:54,042 - INFO - GMED: 1h change of 4.37%
2025-01-19 14:30:54,076 - INFO - GME: 1mo change of -4.31%
2025-01-19 14:30:54,127 - INFO - GMED: 1wk change of 8.19%
2025-01-19 14:30:54,210 - INFO - GMED: 1mo change of 9.48%
2025-01-19 14:30:54,577 - INFO - Processing GME - 2025-01-14 21:58:04 UTC
2025-01-19 14:30:54,711 - INFO - Processing GMED - 2025-01-10 23:24:22 UTC
2025-01-19 14:30:55,717 - INFO - Retrieved article length: 2099 characters
2025-01-19 14:30:55,816 - INFO - GME: 1h change of -9.82%
2025-01-19 14:30:55,924 - INFO - GME: 1wk change of -16.18%
2025-01-19 14:30:56,024 - INFO - Retrieved article length: 166 characters
2025-01-19 14:30:56,028 - INFO - GME: 1mo change of 2.15%
2025-01-19 14:30:56,114 - INFO - GMED: 1h change of 2.40%
2025-01-19 14:30:56,201 - INFO - GMED: 1wk change of 9.78%
2025-01-19 14:30:56,286 - INFO - GMED: 1mo change of 8.98%
2025-01-19 14:30:56,529 - INFO - Processing GME - 2025-01-10 16:50:00 UTC
2025-01-19 14:30:56,786 - INFO - Processing GMED - 2025-01-10 21:28:58 UTC
2025-01-19 14:30:57,787 - INFO - Retrieved article length: 9958 characters
2025-01-19 14:30:57,889 - INFO - GME: 1h change of -2.24%
2025-01-19 14:30:57,991 - INFO - GME: 1wk change of -12.22%
2025-01-19 14:30:58,099 - INFO - GME: 1mo change of -5.33%
2025-01-19 14:30:58,126 - INFO - Retrieved article length: 169 characters
2025-01-19 14:30:58,135 - INFO - GMED: 1h change of 2.40%
2025-01-19 14:30:58,189 - INFO - GMED: 1wk change of 9.78%
2025-01-19 14:30:58,242 - INFO - GMED: 1mo change of 8.98%
2025-01-19 14:30:58,600 - INFO - Processing GME - 2025-01-09 19:30:11 UTC
2025-01-19 14:30:58,743 - INFO - Processing GMED - 2025-01-10 18:24:00 UTC
2025-01-19 14:30:59,868 - INFO - Retrieved article length: 4683 characters
2025-01-19 14:30:59,957 - INFO - Retrieved article length: 6725 characters
2025-01-19 14:30:59,967 - INFO - GMED: 1h change of 2.40%
2025-01-19 14:31:00,035 - INFO - GMED: 1wk change of 9.78%
2025-01-19 14:31:00,081 - INFO - GME: 1wk change of -14.06%
2025-01-19 14:31:00,088 - INFO - GMED: 1mo change of 8.98%
2025-01-19 14:31:00,183 - INFO - GME: 1mo change of -3.91%
2025-01-19 14:31:00,589 - INFO - Processing GMED - 2025-01-10 16:20:46 UTC
2025-01-19 14:31:00,683 - INFO - Processing GME - 2025-01-09 17:40:00 UTC
2025-01-19 14:31:01,886 - INFO - Retrieved article length: 1470 characters
2025-01-19 14:31:01,895 - INFO - GMED: 1h change of 2.40%
2025-01-19 14:31:01,951 - INFO - GMED: 1wk change of 9.78%
2025-01-19 14:31:02,005 - INFO - GMED: 1mo change of 8.98%
2025-01-19 14:31:02,051 - INFO - Retrieved article length: 7898 characters
2025-01-19 14:31:02,067 - INFO - GME: 1wk change of -14.06%
2025-01-19 14:31:02,133 - INFO - GME: 1mo change of -3.91%
2025-01-19 14:31:02,507 - INFO - Processing GMED - 2025-01-09 01:02:49 UTC
2025-01-19 14:31:02,634 - INFO - Processing GME - 2025-01-08 16:30:03 UTC
2025-01-19 14:31:03,768 - INFO - Retrieved article length: 4824 characters
2025-01-19 14:31:03,883 - INFO - GME: 1h change of 4.74%
2025-01-19 14:31:03,884 - INFO - Retrieved article length: 511 characters
2025-01-19 14:31:03,972 - INFO - GMED: 1h change of 3.53%
2025-01-19 14:31:04,054 - INFO - GMED: 1wk change of 9.83%
2025-01-19 14:31:04,071 - INFO - GME: 1wk change of -14.06%
2025-01-19 14:31:04,142 - INFO - GMED: 1mo change of 9.28%
2025-01-19 14:31:04,226 - INFO - GME: 1mo change of 1.78%
2025-01-19 14:31:04,644 - INFO - Processing GMED - 2025-01-09 00:30:00 UTC
2025-01-19 14:31:04,727 - INFO - Processing GME - 2025-01-04 00:16:00 UTC
2025-01-19 14:31:05,913 - INFO - Retrieved article length: 10189 characters
2025-01-19 14:31:05,924 - INFO - GMED: 1h change of 3.53%
2025-01-19 14:31:05,933 - INFO - GMED: 1wk change of 9.83%
2025-01-19 14:31:05,991 - INFO - GMED: 1mo change of 9.28%
2025-01-19 14:31:06,014 - INFO - Retrieved article length: 650 characters
2025-01-19 14:31:06,114 - INFO - GME: 1h change of 2.00%
2025-01-19 14:31:06,217 - INFO - GME: 1wk change of -5.97%
2025-01-19 14:31:06,492 - INFO - Processing GMED - 2025-01-07 17:50:10 UTC
2025-01-19 14:31:06,822 - INFO - Processing GME - 2025-01-02 22:10:00 UTC
2025-01-19 14:31:07,830 - INFO - Retrieved article length: 2546 characters
2025-01-19 14:31:07,920 - INFO - GMED: 1h change of 3.72%
2025-01-19 14:31:08,005 - INFO - GMED: 1wk change of 9.44%
2025-01-19 14:31:08,077 - INFO - Retrieved article length: 3160 characters
2025-01-19 14:31:08,091 - INFO - GMED: 1mo change of 6.70%
2025-01-19 14:31:08,179 - INFO - GME: 1h change of -2.32%
2025-01-19 14:31:08,283 - INFO - GME: 1wk change of 4.56%
2025-01-19 14:31:08,386 - INFO - GME: 1mo change of -5.30%
2025-01-19 14:31:09,707 - INFO - Processing GMGI - 2025-01-17 17:04:00 UTC
2025-01-19 14:31:10,018 - INFO - Processing GMM - 2025-01-16 16:30:00 UTC
2025-01-19 14:31:11,051 - INFO - Retrieved article length: 1878 characters
2025-01-19 14:31:11,145 - INFO - GMGI: 1h change of -10.64%
2025-01-19 14:31:11,188 - INFO - Retrieved article length: 5778 characters
2025-01-19 14:31:11,302 - INFO - GMM: 1h change of 3.75%
2025-01-19 14:31:11,407 - INFO - GMM: 1wk change of -11.85%
2025-01-19 14:31:11,519 - INFO - GMM: 1mo change of 19.08%
2025-01-19 14:31:11,820 - INFO - Processing GMGI - 2025-01-13 16:30:00 UTC
2025-01-19 14:31:12,020 - INFO - Processing GMM - 2025-01-07 16:30:00 UTC
2025-01-19 14:31:13,114 - INFO - Retrieved article length: 8063 characters
2025-01-19 14:31:13,216 - INFO - GMGI: 1h change of 26.39%
2025-01-19 14:31:13,344 - INFO - Retrieved article length: 15323 characters
2025-01-19 14:31:13,391 - INFO - GMGI: 1mo change of -5.99%
2025-01-19 14:31:13,450 - INFO - GMM: 1h change of -18.65%
2025-01-19 14:31:13,551 - INFO - GMM: 1wk change of -3.32%
2025-01-19 14:31:13,646 - INFO - GMM: 1mo change of -11.85%
2025-01-19 14:31:13,891 - INFO - Processing GMGI - 2025-01-02 18:31:55 UTC
2025-01-19 14:31:14,147 - INFO - Processing GMM - 2025-01-04 15:50:27 UTC
2025-01-19 14:31:15,085 - INFO - Retrieved article length: 503 characters
2025-01-19 14:31:15,258 - INFO - GMGI: 1wk change of -1.50%
2025-01-19 14:31:15,280 - INFO - Retrieved article length: 1687 characters
2025-01-19 14:31:15,342 - INFO - GMGI: 1mo change of -12.07%
2025-01-19 14:31:15,383 - INFO - GMM: 1h change of 18.95%
2025-01-19 14:31:15,483 - INFO - GMM: 1wk change of 3.13%
2025-01-19 14:31:15,590 - INFO - GMM: 1mo change of -15.87%
2025-01-19 14:31:15,843 - INFO - Processing GMGI - 2025-01-02 16:30:00 UTC
2025-01-19 14:31:16,091 - INFO - Processing GMM - 2024-12-12 17:00:00 UTC
2025-01-19 14:31:17,142 - INFO - Retrieved article length: 8807 characters
2025-01-19 14:31:17,159 - INFO - GMGI: 1wk change of -1.50%
2025-01-19 14:31:17,214 - INFO - GMGI: 1mo change of -12.07%
2025-01-19 14:31:17,329 - INFO - Retrieved article length: 4262 characters
2025-01-19 14:31:17,434 - INFO - GMM: 1h change of -16.09%
2025-01-19 14:31:17,531 - INFO - GMM: 1wk change of -27.39%
2025-01-19 14:31:17,626 - INFO - GMM: 1mo change of 875.19%
2025-01-19 14:31:17,715 - INFO - Processing GMGI - 2024-12-31 20:07:00 UTC
2025-01-19 14:31:18,128 - INFO - Processing GMM - 2024-11-22 15:00:00 UTC
2025-01-19 14:31:18,978 - INFO - Retrieved article length: 1864 characters
2025-01-19 14:31:19,071 - INFO - GMGI: 1h change of -2.23%
2025-01-19 14:31:19,239 - INFO - GMGI: 1mo change of -13.92%
2025-01-19 14:31:19,461 - INFO - Retrieved article length: 5407 characters
2025-01-19 14:31:19,560 - INFO - GMM: 1h change of -15.87%
2025-01-19 14:31:19,657 - INFO - GMM: 1wk change of 1458.14%
2025-01-19 14:31:19,740 - INFO - Processing GMGI - 2024-12-30 16:28:41 UTC
2025-01-19 14:31:19,754 - INFO - GMM: 1mo change of 740.10%
2025-01-19 14:31:20,255 - INFO - Processing GMM - 2024-11-12 17:00:00 UTC
2025-01-19 14:31:21,094 - INFO - Retrieved article length: 7476 characters
2025-01-19 14:31:21,186 - INFO - GMGI: 1h change of -2.23%
2025-01-19 14:31:21,268 - INFO - GMGI: 1wk change of 2.06%
2025-01-19 14:31:21,354 - INFO - GMGI: 1mo change of -8.11%
2025-01-19 14:31:21,558 - INFO - Retrieved article length: 4859 characters
2025-01-19 14:31:21,662 - INFO - GMM: 1h change of -19.09%
2025-01-19 14:31:21,756 - INFO - GMM: 1wk change of -27.42%
2025-01-19 14:31:21,853 - INFO - GMM: 1mo change of 438.34%
2025-01-19 14:31:21,856 - INFO - Processing GMGI - 2024-12-23 16:30:00 UTC
2025-01-19 14:31:22,354 - INFO - Processing GMM - 2024-11-07 00:30:00 UTC
2025-01-19 14:31:23,108 - INFO - Retrieved article length: 10900 characters
2025-01-19 14:31:23,223 - INFO - GMGI: 1h change of 4.64%
2025-01-19 14:31:23,349 - INFO - GMGI: 1wk change of -3.88%
2025-01-19 14:31:23,444 - INFO - GMGI: 1mo change of -21.84%
2025-01-19 14:31:23,576 - INFO - Retrieved article length: 5869 characters
2025-01-19 14:31:23,717 - INFO - GMM: 1h change of 1.71%
2025-01-19 14:31:23,815 - INFO - GMM: 1wk change of -49.15%
2025-01-19 14:31:23,911 - INFO - GMM: 1mo change of 427.99%
2025-01-19 14:31:23,946 - INFO - Processing GMGI - 2024-12-20 17:03:10 UTC
2025-01-19 14:31:24,411 - INFO - Processing GMM - 2024-10-28 16:00:00 UTC
2025-01-19 14:31:25,104 - INFO - Retrieved article length: 477 characters
2025-01-19 14:31:25,197 - INFO - GMGI: 1h change of -2.01%
2025-01-19 14:31:25,283 - INFO - GMGI: 1wk change of -4.23%
2025-01-19 14:31:25,368 - INFO - GMGI: 1mo change of -18.07%
2025-01-19 14:31:25,633 - INFO - Retrieved article length: 6351 characters
2025-01-19 14:31:25,732 - INFO - GMM: 1h change of -30.65%
2025-01-19 14:31:25,832 - INFO - GMM: 1wk change of -8.35%
2025-01-19 14:31:25,932 - INFO - GMM: 1mo change of 393.68%
2025-01-19 14:31:26,985 - INFO - Processing GNL - 2025-01-09 00:15:00 UTC
2025-01-19 14:31:27,563 - INFO - Processing GNLN - 2025-01-15 16:30:00 UTC
2025-01-19 14:31:28,167 - INFO - Retrieved article length: 4402 characters
2025-01-19 14:31:28,258 - INFO - GNL: 1h change of -4.69%
2025-01-19 14:31:28,368 - INFO - GNL: 1wk change of 4.60%
2025-01-19 14:31:28,471 - INFO - GNL: 1mo change of 4.74%
2025-01-19 14:31:28,910 - INFO - Retrieved article length: 6219 characters
2025-01-19 14:31:28,973 - INFO - Processing GNL - 2025-01-03 14:47:50 UTC
2025-01-19 14:31:29,010 - INFO - GNLN: 1h change of 8.56%
2025-01-19 14:31:29,104 - INFO - GNLN: 1wk change of -10.18%
2025-01-19 14:31:29,199 - INFO - GNLN: 1mo change of -6.25%
2025-01-19 14:31:29,700 - INFO - Processing GNLN - 2025-01-06 16:30:00 UTC
2025-01-19 14:31:30,119 - INFO - Retrieved article length: 1596 characters
2025-01-19 14:31:30,208 - INFO - GNL: 1h change of 1.49%
2025-01-19 14:31:30,316 - INFO - GNL: 1wk change of -1.93%
2025-01-19 14:31:30,412 - INFO - GNL: 1mo change of 1.35%
2025-01-19 14:31:30,854 - INFO - Retrieved article length: 6179 characters
2025-01-19 14:31:30,914 - INFO - Processing GNL - 2025-01-02 14:00:00 UTC
2025-01-19 14:31:30,955 - INFO - GNLN: 1h change of -5.78%
2025-01-19 14:31:31,054 - INFO - GNLN: 1wk change of -3.13%
2025-01-19 14:31:31,157 - INFO - GNLN: 1mo change of -19.35%
2025-01-19 14:31:31,659 - INFO - Processing GNLN - 2024-12-23 19:20:00 UTC
2025-01-19 14:31:32,272 - INFO - Retrieved article length: 3686 characters
2025-01-19 14:31:32,368 - INFO - GNL: 1h change of 2.87%
2025-01-19 14:31:32,565 - INFO - GNL: 1mo change of 1.35%
2025-01-19 14:31:32,924 - INFO - Retrieved article length: 6683 characters
2025-01-19 14:31:33,025 - INFO - GNLN: 1h change of -7.02%
2025-01-19 14:31:33,066 - INFO - Processing GNL - 2024-12-20 14:48:44 UTC
2025-01-19 14:31:33,122 - INFO - GNLN: 1wk change of 1.85%
2025-01-19 14:31:33,217 - INFO - GNLN: 1mo change of -18.92%
2025-01-19 14:31:33,718 - INFO - Processing GNLN - 2024-12-23 16:30:00 UTC
2025-01-19 14:31:34,317 - INFO - Retrieved article length: 5969 characters
2025-01-19 14:31:34,404 - INFO - GNL: 1h change of -3.18%
2025-01-19 14:31:34,629 - INFO - GNL: 1mo change of 3.16%
2025-01-19 14:31:34,887 - INFO - Retrieved article length: 6484 characters
2025-01-19 14:31:34,899 - INFO - GNLN: 1h change of -7.02%
2025-01-19 14:31:34,909 - INFO - GNLN: 1wk change of 1.85%
2025-01-19 14:31:34,974 - INFO - GNLN: 1mo change of -18.92%
2025-01-19 14:31:35,131 - INFO - Processing GNL - 2024-12-19 14:00:00 UTC
2025-01-19 14:31:35,475 - INFO - Processing GNLN - 2024-12-05 16:30:00 UTC
2025-01-19 14:31:36,323 - INFO - Retrieved article length: 4397 characters
2025-01-19 14:31:36,408 - INFO - GNL: 1h change of -2.05%
2025-01-19 14:31:36,598 - INFO - GNL: 1mo change of 3.16%
2025-01-19 14:31:36,793 - INFO - Retrieved article length: 5862 characters
2025-01-19 14:31:36,899 - INFO - GNLN: 1h change of -1.15%
2025-01-19 14:31:36,993 - INFO - GNLN: 1wk change of -14.29%
2025-01-19 14:31:37,090 - INFO - GNLN: 1mo change of -40.89%
2025-01-19 14:31:37,099 - INFO - Processing GNL - 2024-12-12 17:55:32 UTC
2025-01-19 14:31:37,591 - INFO - Processing GNLN - 2024-12-03 16:30:00 UTC
2025-01-19 14:31:38,401 - INFO - Retrieved article length: 485 characters
2025-01-19 14:31:38,583 - INFO - GNL: 1wk change of -2.85%
2025-01-19 14:31:38,681 - INFO - GNL: 1mo change of -6.70%
2025-01-19 14:31:38,838 - INFO - Retrieved article length: 8083 characters
2025-01-19 14:31:38,943 - INFO - GNLN: 1h change of -6.27%
2025-01-19 14:31:39,039 - INFO - GNLN: 1wk change of -17.46%
2025-01-19 14:31:39,134 - INFO - GNLN: 1mo change of -54.62%
2025-01-19 14:31:39,182 - INFO - Processing GNL - 2024-12-12 14:00:00 UTC
2025-01-19 14:31:39,635 - INFO - Processing GNLN - 2024-11-19 16:30:00 UTC
2025-01-19 14:31:40,501 - INFO - Retrieved article length: 5041 characters
2025-01-19 14:31:40,518 - INFO - GNL: 1wk change of -2.85%
2025-01-19 14:31:40,526 - INFO - GNL: 1mo change of -6.70%
2025-01-19 14:31:40,902 - INFO - Retrieved article length: 6351 characters
2025-01-19 14:31:41,002 - INFO - GNLN: 1h change of -8.43%
2025-01-19 14:31:41,027 - INFO - Processing GNL - 2024-11-13 15:59:05 UTC
2025-01-19 14:31:41,096 - INFO - GNLN: 1wk change of -12.86%
2025-01-19 14:31:41,194 - INFO - GNLN: 1mo change of -64.19%
2025-01-19 14:31:41,695 - INFO - Processing GNLN - 2024-11-15 16:30:00 UTC
2025-01-19 14:31:42,349 - INFO - Retrieved article length: 471 characters
2025-01-19 14:31:42,437 - INFO - GNL: 1h change of -6.79%
2025-01-19 14:31:42,530 - INFO - GNL: 1wk change of -3.92%
2025-01-19 14:31:42,624 - INFO - GNL: 1mo change of -12.05%
2025-01-19 14:31:43,310 - INFO - Retrieved article length: 13925 characters
2025-01-19 14:31:43,412 - INFO - GNLN: 1h change of -4.95%
2025-01-19 14:31:43,506 - INFO - GNLN: 1wk change of -32.33%
2025-01-19 14:31:43,601 - INFO - GNLN: 1mo change of -65.78%
2025-01-19 14:31:44,241 - INFO - Processing GNLX - 2024-12-13 15:01:00 UTC
2025-01-19 14:31:45,218 - INFO - Processing GNPX - 2025-01-14 17:28:22 UTC
2025-01-19 14:31:45,881 - INFO - Retrieved article length: 2415 characters
2025-01-19 14:31:45,976 - INFO - GNLX: 1h change of -9.77%
2025-01-19 14:31:46,062 - INFO - GNLX: 1wk change of -22.26%
2025-01-19 14:31:46,149 - INFO - GNLX: 1mo change of -15.36%
2025-01-19 14:31:46,369 - INFO - Retrieved article length: 1916 characters
2025-01-19 14:31:46,477 - INFO - GNPX: 1h change of -6.51%
2025-01-19 14:31:46,573 - INFO - GNPX: 1wk change of -17.71%
2025-01-19 14:31:46,651 - INFO - Processing GNLX - 2024-11-15 17:50:00 UTC
2025-01-19 14:31:46,671 - INFO - GNPX: 1mo change of -30.10%
2025-01-19 14:31:47,172 - INFO - Processing GNPX - 2025-01-06 17:15:00 UTC
2025-01-19 14:31:47,992 - INFO - Retrieved article length: 8481 characters
2025-01-19 14:31:48,083 - INFO - GNLX: 1h change of -18.79%
2025-01-19 14:31:48,177 - INFO - GNLX: 1wk change of -16.67%
2025-01-19 14:31:48,267 - INFO - GNLX: 1mo change of -16.09%
2025-01-19 14:31:48,374 - INFO - Retrieved article length: 7251 characters
2025-01-19 14:31:48,477 - INFO - GNPX: 1h change of -6.27%
2025-01-19 14:31:48,574 - INFO - GNPX: 1wk change of -20.00%
2025-01-19 14:31:48,670 - INFO - GNPX: 1mo change of -34.55%
2025-01-19 14:31:48,768 - INFO - Processing GNLX - 2024-11-15 00:05:00 UTC
2025-01-19 14:31:49,171 - INFO - Processing GNPX - 2024-12-16 17:58:09 UTC
2025-01-19 14:31:50,208 - INFO - Retrieved article length: 10622 characters
2025-01-19 14:31:50,222 - INFO - GNLX: 1h change of -18.79%
2025-01-19 14:31:50,230 - INFO - GNLX: 1wk change of -16.67%
2025-01-19 14:31:50,238 - INFO - GNLX: 1mo change of -16.09%
2025-01-19 14:31:50,543 - INFO - Retrieved article length: 533 characters
2025-01-19 14:31:50,638 - INFO - GNPX: 1h change of -4.25%
2025-01-19 14:31:50,739 - INFO - Processing GNLX - 2024-11-07 00:01:00 UTC
2025-01-19 14:31:50,748 - INFO - GNPX: 1wk change of -10.77%
2025-01-19 14:31:50,847 - INFO - GNPX: 1mo change of -46.27%
2025-01-19 14:31:51,348 - INFO - Processing GNPX - 2024-12-16 17:15:00 UTC
2025-01-19 14:31:52,006 - INFO - Retrieved article length: 2577 characters
2025-01-19 14:31:52,093 - INFO - GNLX: 1h change of -3.47%
2025-01-19 14:31:52,176 - INFO - GNLX: 1wk change of -20.27%
2025-01-19 14:31:52,260 - INFO - GNLX: 1mo change of 11.16%
2025-01-19 14:31:52,637 - INFO - Retrieved article length: 12395 characters
2025-01-19 14:31:52,647 - INFO - GNPX: 1h change of -4.25%
2025-01-19 14:31:52,653 - INFO - GNPX: 1wk change of -10.77%
2025-01-19 14:31:52,719 - INFO - GNPX: 1mo change of -46.27%
2025-01-19 14:31:52,761 - INFO - Processing GNLX - 2024-10-31 14:37:16 UTC
2025-01-19 14:31:53,220 - INFO - Processing GNPX - 2024-11-21 18:16:59 UTC
2025-01-19 14:31:54,234 - INFO - Retrieved article length: 5736 characters
2025-01-19 14:31:54,324 - INFO - GNLX: 1h change of 5.43%
2025-01-19 14:31:54,410 - INFO - GNLX: 1wk change of 10.57%
2025-01-19 14:31:54,493 - INFO - GNLX: 1mo change of 34.12%
2025-01-19 14:31:54,576 - INFO - Retrieved article length: 3017 characters
2025-01-19 14:31:54,672 - INFO - GNPX: 1h change of -17.05%
2025-01-19 14:31:54,769 - INFO - GNPX: 1wk change of -18.66%
2025-01-19 14:31:54,863 - INFO - GNPX: 1mo change of 172.94%
2025-01-19 14:31:55,006 - INFO - Processing GNLX - 2024-10-29 12:47:18 UTC
2025-01-19 14:31:55,364 - INFO - Processing GNPX - 2024-11-20 17:45:14 UTC
2025-01-19 14:31:56,359 - INFO - Retrieved article length: 451 characters
2025-01-19 14:31:56,446 - INFO - GNLX: 1h change of 25.94%
2025-01-19 14:31:56,539 - INFO - GNLX: 1wk change of 9.81%
2025-01-19 14:31:56,624 - INFO - GNLX: 1mo change of 30.28%
2025-01-19 14:31:56,698 - INFO - Retrieved article length: 516 characters
2025-01-19 14:31:56,796 - INFO - GNPX: 1h change of -20.07%
2025-01-19 14:31:56,894 - INFO - GNPX: 1wk change of -18.66%
2025-01-19 14:31:56,996 - INFO - GNPX: 1mo change of 168.99%
2025-01-19 14:31:57,126 - INFO - Processing GNLX - 2024-10-25 20:01:37 UTC
2025-01-19 14:31:57,497 - INFO - Processing GNPX - 2024-11-20 17:29:00 UTC
2025-01-19 14:31:58,323 - INFO - Retrieved article length: 4883 characters
2025-01-19 14:31:58,413 - INFO - GNLX: 1h change of 2.41%
2025-01-19 14:31:58,577 - INFO - GNLX: 1mo change of 21.17%
2025-01-19 14:31:58,797 - INFO - Retrieved article length: 10167 characters
2025-01-19 14:31:58,808 - INFO - GNPX: 1h change of -20.07%
2025-01-19 14:31:58,816 - INFO - GNPX: 1wk change of -18.66%
2025-01-19 14:31:58,823 - INFO - GNPX: 1mo change of 168.99%
2025-01-19 14:31:59,077 - INFO - Processing GNLX - 2024-10-23 18:27:30 UTC
2025-01-19 14:31:59,325 - INFO - Processing GNPX - 2024-11-05 20:19:13 UTC
2025-01-19 14:32:00,410 - INFO - Retrieved article length: 2715 characters
2025-01-19 14:32:00,499 - INFO - GNLX: 1h change of -8.03%
2025-01-19 14:32:00,552 - INFO - Retrieved article length: 532 characters
2025-01-19 14:32:00,584 - INFO - GNLX: 1wk change of 21.13%
2025-01-19 14:32:00,656 - INFO - GNPX: 1h change of -23.08%
2025-01-19 14:32:00,669 - INFO - GNLX: 1mo change of 1.63%
2025-01-19 14:32:00,755 - INFO - GNPX: 1wk change of -40.15%
2025-01-19 14:32:00,852 - INFO - GNPX: 1mo change of 197.45%
2025-01-19 14:32:02,281 - INFO - Processing GNRC - 2025-01-16 17:50:12 UTC
2025-01-19 14:32:02,481 - INFO - Processing GNSS - 2025-01-16 17:00:00 UTC
2025-01-19 14:32:03,514 - INFO - Retrieved article length: 2548 characters
2025-01-19 14:32:03,806 - INFO - Retrieved article length: 5103 characters
2025-01-19 14:32:03,823 - INFO - GNRC: 1mo change of -7.13%
2025-01-19 14:32:03,910 - INFO - GNSS: 1h change of 6.80%
2025-01-19 14:32:04,009 - INFO - GNSS: 1wk change of 2.46%
2025-01-19 14:32:04,108 - INFO - GNSS: 1mo change of 12.74%
2025-01-19 14:32:04,323 - INFO - Processing GNRC - 2025-01-16 17:04:00 UTC
2025-01-19 14:32:04,608 - INFO - Processing GNSS - 2025-01-15 14:51:05 UTC
2025-01-19 14:32:05,617 - INFO - Retrieved article length: 4628 characters
2025-01-19 14:32:05,741 - INFO - GNRC: 1mo change of -7.13%
2025-01-19 14:32:05,885 - INFO - Retrieved article length: 3803 characters
2025-01-19 14:32:05,988 - INFO - GNSS: 1h change of 5.47%
2025-01-19 14:32:06,088 - INFO - GNSS: 1wk change of 2.46%
2025-01-19 14:32:06,196 - INFO - GNSS: 1mo change of 10.19%
2025-01-19 14:32:06,242 - INFO - Processing GNRC - 2025-01-16 15:03:28 UTC
2025-01-19 14:32:06,698 - INFO - Processing GNSS - 2024-12-23 17:00:00 UTC
2025-01-19 14:32:07,540 - INFO - Retrieved article length: 520 characters
2025-01-19 14:32:07,657 - INFO - GNRC: 1mo change of -7.13%
2025-01-19 14:32:08,094 - INFO - Retrieved article length: 6183 characters
2025-01-19 14:32:08,158 - INFO - Processing GNRC - 2025-01-14 20:26:00 UTC
2025-01-19 14:32:08,197 - INFO - GNSS: 1h change of 2.34%
2025-01-19 14:32:08,293 - INFO - GNSS: 1wk change of -3.70%
2025-01-19 14:32:08,391 - INFO - GNSS: 1mo change of -23.96%
2025-01-19 14:32:08,893 - INFO - Processing GNSS - 2024-12-19 13:56:24 UTC
2025-01-19 14:32:09,391 - INFO - Retrieved article length: 4343 characters
2025-01-19 14:32:09,488 - INFO - GNRC: 1h change of 2.99%
2025-01-19 14:32:09,683 - INFO - GNRC: 1mo change of -5.90%
2025-01-19 14:32:10,043 - INFO - Retrieved article length: 4082 characters
2025-01-19 14:32:10,146 - INFO - GNSS: 1h change of -4.33%
2025-01-19 14:32:10,184 - INFO - Processing GNRC - 2025-01-14 18:47:00 UTC
2025-01-19 14:32:10,241 - INFO - GNSS: 1wk change of -34.18%
2025-01-19 14:32:10,338 - INFO - GNSS: 1mo change of -24.74%
2025-01-19 14:32:10,839 - INFO - Processing GNSS - 2024-12-16 13:11:18 UTC
2025-01-19 14:32:11,382 - INFO - Retrieved article length: 3851 characters
2025-01-19 14:32:11,393 - INFO - GNRC: 1h change of 2.99%
2025-01-19 14:32:11,501 - INFO - GNRC: 1mo change of -5.90%
2025-01-19 14:32:12,002 - INFO - Processing GNRC - 2025-01-13 17:00:00 UTC
2025-01-19 14:32:12,196 - INFO - Retrieved article length: 4105 characters
2025-01-19 14:32:12,300 - INFO - GNSS: 1h change of -4.09%
2025-01-19 14:32:12,400 - INFO - GNSS: 1wk change of -34.10%
2025-01-19 14:32:12,496 - INFO - GNSS: 1mo change of -22.96%
2025-01-19 14:32:12,996 - INFO - Processing GNSS - 2024-12-11 13:55:25 UTC
2025-01-19 14:32:13,137 - INFO - Retrieved article length: 5052 characters
2025-01-19 14:32:13,226 - INFO - GNRC: 1h change of 3.30%
2025-01-19 14:32:13,319 - INFO - GNRC: 1wk change of 1.49%
2025-01-19 14:32:13,409 - INFO - GNRC: 1mo change of -8.86%
2025-01-19 14:32:13,910 - INFO - Processing GNRC - 2025-01-09 18:57:00 UTC
2025-01-19 14:32:14,424 - INFO - Retrieved article length: 1949 characters
2025-01-19 14:32:14,525 - INFO - GNSS: 1h change of -32.90%
2025-01-19 14:32:14,624 - INFO - GNSS: 1wk change of -32.63%
2025-01-19 14:32:14,724 - INFO - GNSS: 1mo change of -25.49%
2025-01-19 14:32:15,216 - INFO - Retrieved article length: 3822 characters
2025-01-19 14:32:15,226 - INFO - Processing GNSS - 2024-12-10 10:00:36 UTC
2025-01-19 14:32:15,396 - INFO - GNRC: 1wk change of 4.20%
2025-01-19 14:32:15,488 - INFO - GNRC: 1mo change of -10.41%
2025-01-19 14:32:15,989 - INFO - Processing GNRC - 2025-01-09 15:40:00 UTC
2025-01-19 14:32:16,414 - INFO - Retrieved article length: 3607 characters
2025-01-19 14:32:16,517 - INFO - GNSS: 1h change of -31.62%
2025-01-19 14:32:16,616 - INFO - GNSS: 1wk change of -35.54%
2025-01-19 14:32:16,744 - INFO - GNSS: 1mo change of -25.61%
2025-01-19 14:32:17,245 - INFO - Processing GNSS - 2024-12-10 00:05:00 UTC
2025-01-19 14:32:17,280 - INFO - Retrieved article length: 8233 characters
2025-01-19 14:32:17,304 - INFO - GNRC: 1wk change of 4.20%
2025-01-19 14:32:17,358 - INFO - GNRC: 1mo change of -10.41%
2025-01-19 14:32:18,704 - INFO - Retrieved article length: 15474 characters
2025-01-19 14:32:18,718 - INFO - GNSS: 1h change of -31.62%
2025-01-19 14:32:18,727 - INFO - GNSS: 1wk change of -35.54%
2025-01-19 14:32:18,737 - INFO - GNSS: 1mo change of -25.61%
2025-01-19 14:32:18,969 - INFO - Processing GNTA - 2025-01-13 03:10:03 UTC
2025-01-19 14:32:20,308 - INFO - Retrieved article length: 7247 characters
2025-01-19 14:32:20,368 - INFO - Processing GNTX - 2025-01-16 16:34:00 UTC
2025-01-19 14:32:20,393 - INFO - GNTA: 1h change of -8.29%
2025-01-19 14:32:20,481 - INFO - GNTA: 1wk change of -13.36%
2025-01-19 14:32:20,567 - INFO - GNTA: 1mo change of -27.97%
2025-01-19 14:32:21,069 - INFO - Processing GNTA - 2025-01-10 14:51:43 UTC
2025-01-19 14:32:21,577 - INFO - Retrieved article length: 507 characters
2025-01-19 14:32:21,682 - INFO - GNTX: 1h change of 3.23%
2025-01-19 14:32:21,958 - INFO - GNTX: 1mo change of -8.14%
2025-01-19 14:32:22,273 - INFO - Retrieved article length: 2263 characters
2025-01-19 14:32:22,369 - INFO - GNTA: 1h change of -5.94%
2025-01-19 14:32:22,460 - INFO - Processing GNTX - 2025-01-11 00:36:16 UTC
2025-01-19 14:32:22,460 - INFO - GNTA: 1wk change of -13.56%
2025-01-19 14:32:22,547 - INFO - GNTA: 1mo change of -28.38%
2025-01-19 14:32:23,048 - INFO - Processing GNTA - 2025-01-09 23:03:01 UTC
2025-01-19 14:32:23,752 - INFO - Retrieved article length: 546 characters
2025-01-19 14:32:24,098 - INFO - GNTX: 1mo change of -8.44%
2025-01-19 14:32:24,399 - INFO - Retrieved article length: 531 characters
2025-01-19 14:32:24,487 - INFO - GNTA: 1h change of -5.94%
2025-01-19 14:32:24,580 - INFO - GNTA: 1wk change of -12.56%
2025-01-19 14:32:24,598 - INFO - Processing GNTX - 2025-01-08 15:32:11 UTC
2025-01-19 14:32:24,664 - INFO - GNTA: 1mo change of -28.46%
2025-01-19 14:32:25,165 - INFO - Processing GNTA - 2025-01-09 14:00:00 UTC
2025-01-19 14:32:25,926 - INFO - Retrieved article length: 4341 characters
2025-01-19 14:32:26,041 - INFO - GNTX: 1h change of -3.70%
2025-01-19 14:32:26,173 - INFO - GNTX: 1wk change of -1.78%
2025-01-19 14:32:26,295 - INFO - GNTX: 1mo change of -6.58%
2025-01-19 14:32:26,377 - INFO - Retrieved article length: 7227 characters
2025-01-19 14:32:26,389 - INFO - GNTA: 1h change of -5.94%
2025-01-19 14:32:26,397 - INFO - GNTA: 1wk change of -12.56%
2025-01-19 14:32:26,451 - INFO - GNTA: 1mo change of -28.46%
2025-01-19 14:32:26,796 - INFO - Processing GNTX - 2025-01-07 16:00:00 UTC
2025-01-19 14:32:26,952 - INFO - Processing GNTA - 2025-01-08 23:17:00 UTC
2025-01-19 14:32:28,255 - INFO - Retrieved article length: 6449 characters
2025-01-19 14:32:28,291 - INFO - Retrieved article length: 8548 characters
2025-01-19 14:32:28,346 - INFO - GNTA: 1h change of 11.54%
2025-01-19 14:32:28,399 - INFO - GNTX: 1h change of -3.70%
2025-01-19 14:32:28,432 - INFO - GNTA: 1wk change of -12.56%
2025-01-19 14:32:28,518 - INFO - GNTA: 1mo change of -28.38%
2025-01-19 14:32:28,536 - INFO - GNTX: 1wk change of -3.43%
2025-01-19 14:32:28,673 - INFO - GNTX: 1mo change of -6.70%
2025-01-19 14:32:29,019 - INFO - Processing GNTA - 2024-11-13 20:05:11 UTC
2025-01-19 14:32:29,173 - INFO - Processing GNTX - 2025-01-03 16:00:00 UTC
2025-01-19 14:32:30,294 - INFO - Retrieved article length: 6989 characters
2025-01-19 14:32:30,397 - INFO - GNTA: 1h change of -7.39%
2025-01-19 14:32:30,403 - INFO - Retrieved article length: 1624 characters
2025-01-19 14:32:30,479 - INFO - GNTA: 1wk change of -11.43%
2025-01-19 14:32:30,500 - INFO - GNTX: 1h change of -1.75%
2025-01-19 14:32:30,563 - INFO - GNTA: 1mo change of -8.77%
2025-01-19 14:32:30,618 - INFO - GNTX: 1wk change of -7.71%
2025-01-19 14:32:30,738 - INFO - GNTX: 1mo change of -8.08%
2025-01-19 14:32:31,064 - INFO - Processing GNTA - 2024-10-23 14:00:00 UTC
2025-01-19 14:32:31,239 - INFO - Processing GNTX - 2025-01-02 21:34:03 UTC
2025-01-19 14:32:32,353 - INFO - Retrieved article length: 5703 characters
2025-01-19 14:32:32,442 - INFO - GNTA: 1h change of 14.56%
2025-01-19 14:32:32,528 - INFO - GNTA: 1wk change of -6.03%
2025-01-19 14:32:32,534 - INFO - Retrieved article length: 3670 characters
2025-01-19 14:32:32,612 - INFO - GNTA: 1mo change of 44.85%
2025-01-19 14:32:32,635 - INFO - GNTX: 1h change of -2.88%
2025-01-19 14:32:32,756 - INFO - GNTX: 1wk change of -7.39%
2025-01-19 14:32:32,882 - INFO - GNTX: 1mo change of -8.08%
2025-01-19 14:32:33,383 - INFO - Processing GNTX - 2025-01-02 17:00:00 UTC
2025-01-19 14:32:34,233 - INFO - Processing GNW - 2025-01-10 00:15:00 UTC
2025-01-19 14:32:34,870 - INFO - Retrieved article length: 4796 characters
2025-01-19 14:32:34,880 - INFO - GNTX: 1h change of -2.88%
2025-01-19 14:32:34,889 - INFO - GNTX: 1wk change of -7.39%
2025-01-19 14:32:34,956 - INFO - GNTX: 1mo change of -8.08%
2025-01-19 14:32:35,457 - INFO - Processing GNTX - 2025-01-02 16:32:50 UTC
2025-01-19 14:32:35,485 - INFO - Retrieved article length: 2508 characters
2025-01-19 14:32:35,570 - INFO - GNW: 1h change of -2.67%
2025-01-19 14:32:35,747 - INFO - GNW: 1mo change of -6.67%
2025-01-19 14:32:36,248 - INFO - Processing GNW - 2025-01-09 22:45:22 UTC
2025-01-19 14:32:36,754 - INFO - Retrieved article length: 464 characters
2025-01-19 14:32:36,765 - INFO - GNTX: 1h change of -2.88%
2025-01-19 14:32:36,775 - INFO - GNTX: 1wk change of -7.39%
2025-01-19 14:32:36,843 - INFO - GNTX: 1mo change of -8.08%
2025-01-19 14:32:37,472 - INFO - Retrieved article length: 6609 characters
2025-01-19 14:32:37,558 - INFO - GNW: 1h change of -4.44%
2025-01-19 14:32:37,648 - INFO - GNW: 1wk change of 1.16%
2025-01-19 14:32:37,740 - INFO - GNW: 1mo change of -7.28%
2025-01-19 14:32:38,241 - INFO - Processing GNW - 2024-12-30 18:34:41 UTC
2025-01-19 14:32:38,484 - INFO - Processing GO - 2025-01-15 17:47:14 UTC
2025-01-19 14:32:39,483 - INFO - Retrieved article length: 6068 characters
2025-01-19 14:32:39,593 - INFO - GNW: 1h change of 2.47%
2025-01-19 14:32:39,681 - INFO - GNW: 1wk change of -3.13%
2025-01-19 14:32:39,698 - INFO - Retrieved article length: 1389 characters
2025-01-19 14:32:39,767 - INFO - GNW: 1mo change of -10.49%
2025-01-19 14:32:39,798 - INFO - GO: 1h change of -5.73%
2025-01-19 14:32:39,901 - INFO - GO: 1wk change of -2.21%
2025-01-19 14:32:39,996 - INFO - GO: 1mo change of -15.43%
2025-01-19 14:32:40,268 - INFO - Processing GNW - 2024-12-12 23:32:00 UTC
2025-01-19 14:32:40,497 - INFO - Processing GO - 2025-01-15 14:58:24 UTC
2025-01-19 14:32:41,562 - INFO - Retrieved article length: 143 characters
2025-01-19 14:32:41,650 - INFO - GNW: 1h change of 3.36%
2025-01-19 14:32:41,737 - INFO - GNW: 1wk change of -9.41%
2025-01-19 14:32:41,824 - INFO - GNW: 1mo change of -1.71%
2025-01-19 14:32:42,325 - INFO - Processing GNW - 2024-12-10 16:53:40 UTC
2025-01-19 14:32:43,533 - INFO - Retrieved article length: 2963 characters
2025-01-19 14:32:43,638 - INFO - Retrieved article length: 7538 characters
2025-01-19 14:32:43,649 - INFO - GO: 1h change of -5.73%
2025-01-19 14:32:43,711 - INFO - GNW: 1wk change of -10.31%
2025-01-19 14:32:43,716 - INFO - GO: 1wk change of -2.21%
2025-01-19 14:32:43,781 - INFO - GO: 1mo change of -15.43%
2025-01-19 14:32:44,282 - INFO - Processing GO - 2025-01-11 00:13:18 UTC
2025-01-19 14:32:44,308 - INFO - Processing GNW - 2024-11-08 18:01:45 UTC
2025-01-19 14:32:45,488 - INFO - Retrieved article length: 1493 characters
2025-01-19 14:32:45,546 - INFO - Retrieved article length: 5039 characters
2025-01-19 14:32:45,690 - INFO - GO: 1wk change of -2.15%
2025-01-19 14:32:45,724 - INFO - GNW: 1wk change of 7.77%
2025-01-19 14:32:45,787 - INFO - GO: 1mo change of -17.57%
2025-01-19 14:32:45,817 - INFO - GNW: 1mo change of 8.85%
2025-01-19 14:32:46,289 - INFO - Processing GO - 2025-01-10 19:54:36 UTC
2025-01-19 14:32:46,318 - INFO - Processing GNW - 2024-11-08 01:00:11 UTC
2025-01-19 14:32:47,662 - INFO - Retrieved article length: 39187 characters
2025-01-19 14:32:47,685 - INFO - GNW: 1wk change of 7.77%
2025-01-19 14:32:47,694 - INFO - GNW: 1mo change of 8.85%
2025-01-19 14:32:47,719 - INFO - Retrieved article length: 1427 characters
2025-01-19 14:32:47,818 - INFO - GO: 1h change of 3.25%
2025-01-19 14:32:47,912 - INFO - GO: 1wk change of 2.18%
2025-01-19 14:32:48,012 - INFO - GO: 1mo change of -16.58%
2025-01-19 14:32:48,195 - INFO - Processing GNW - 2024-11-07 12:50:42 UTC
2025-01-19 14:32:48,513 - INFO - Processing GO - 2025-01-10 13:34:25 UTC
2025-01-19 14:32:49,516 - INFO - Retrieved article length: 455 characters
2025-01-19 14:32:49,604 - INFO - GNW: 1h change of 7.75%
2025-01-19 14:32:49,696 - INFO - GNW: 1wk change of 8.09%
2025-01-19 14:32:49,719 - INFO - Retrieved article length: 2771 characters
2025-01-19 14:32:49,730 - INFO - GO: 1h change of 3.25%
2025-01-19 14:32:49,789 - INFO - GNW: 1mo change of 10.71%
2025-01-19 14:32:49,797 - INFO - GO: 1wk change of 2.18%
2025-01-19 14:32:49,863 - INFO - GO: 1mo change of -16.58%
2025-01-19 14:32:50,364 - INFO - Processing GO - 2025-01-06 18:54:00 UTC
2025-01-19 14:32:51,416 - INFO - Processing GOCO - 2024-11-11 16:00:00 UTC
2025-01-19 14:32:51,641 - INFO - Retrieved article length: 1265 characters
2025-01-19 14:32:51,740 - INFO - GO: 1h change of 2.59%
2025-01-19 14:32:51,836 - INFO - GO: 1wk change of 3.04%
2025-01-19 14:32:51,933 - INFO - GO: 1mo change of -20.17%
2025-01-19 14:32:52,434 - INFO - Processing GO - 2025-01-03 20:24:47 UTC
2025-01-19 14:32:52,623 - INFO - Retrieved article length: 4015 characters
2025-01-19 14:32:52,718 - INFO - GOCO: 1h change of 14.60%
2025-01-19 14:32:52,799 - INFO - GOCO: 1wk change of -3.46%
2025-01-19 14:32:52,884 - INFO - GOCO: 1mo change of 14.59%
2025-01-19 14:32:53,384 - INFO - Processing GOCO - 2024-11-11 16:00:00 UTC
2025-01-19 14:32:53,769 - INFO - Retrieved article length: 1967 characters
2025-01-19 14:32:53,877 - INFO - GO: 1h change of -1.72%
2025-01-19 14:32:53,973 - INFO - GO: 1wk change of 4.70%
2025-01-19 14:32:54,072 - INFO - GO: 1mo change of -24.05%
2025-01-19 14:32:54,572 - INFO - Processing GO - 2025-01-03 00:30:00 UTC
2025-01-19 14:32:54,655 - INFO - Retrieved article length: 1771 characters
2025-01-19 14:32:54,667 - INFO - GOCO: 1h change of 14.60%
2025-01-19 14:32:54,677 - INFO - GOCO: 1wk change of -3.46%
2025-01-19 14:32:54,685 - INFO - GOCO: 1mo change of 14.59%
2025-01-19 14:32:55,186 - INFO - Processing GOCO - 2024-11-08 10:10:47 UTC
2025-01-19 14:32:55,876 - INFO - Retrieved article length: 3347 characters
2025-01-19 14:32:55,890 - INFO - GO: 1h change of -1.72%
2025-01-19 14:32:55,898 - INFO - GO: 1wk change of 4.70%
2025-01-19 14:32:55,967 - INFO - GO: 1mo change of -24.05%
2025-01-19 14:32:56,414 - INFO - Retrieved article length: 5001 characters
2025-01-19 14:32:56,509 - INFO - GOCO: 1h change of -11.67%
2025-01-19 14:32:56,692 - INFO - GOCO: 1mo change of 16.68%
2025-01-19 14:32:57,193 - INFO - Processing GOCO - 2024-11-07 15:00:00 UTC
2025-01-19 14:32:57,603 - INFO - Processing GOEV - 2025-01-18 05:01:16 UTC
2025-01-19 14:32:58,789 - INFO - Retrieved article length: 29868 characters
2025-01-19 14:32:58,885 - INFO - GOCO: 1h change of -11.93%
2025-01-19 14:32:58,914 - INFO - Retrieved article length: 660 characters
2025-01-19 14:32:58,972 - INFO - GOCO: 1wk change of 2.76%
2025-01-19 14:32:59,019 - INFO - GOEV: 1h change of -3.05%
2025-01-19 14:32:59,059 - INFO - GOCO: 1mo change of 17.73%
2025-01-19 14:32:59,114 - INFO - GOEV: 1wk change of 6.30%
2025-01-19 14:32:59,229 - INFO - GOEV: 1mo change of -38.64%
2025-01-19 14:32:59,560 - INFO - Processing GOCO - 2024-11-06 15:48:33 UTC
2025-01-19 14:32:59,731 - INFO - Processing GOEV - 2025-01-18 04:15:00 UTC
2025-01-19 14:33:00,823 - INFO - Retrieved article length: 2127 characters
2025-01-19 14:33:00,892 - INFO - GOEV: 1h change of -3.05%
2025-01-19 14:33:00,958 - INFO - GOEV: 1wk change of 6.30%
2025-01-19 14:33:01,028 - INFO - GOEV: 1mo change of -38.64%
2025-01-19 14:33:01,029 - INFO - Retrieved article length: 3207 characters
2025-01-19 14:33:01,161 - INFO - GOCO: 1h change of -1.05%
2025-01-19 14:33:01,245 - INFO - GOCO: 1wk change of 2.76%
2025-01-19 14:33:01,328 - INFO - GOCO: 1mo change of 31.06%
2025-01-19 14:33:01,529 - INFO - Processing GOEV - 2025-01-03 17:30:12 UTC
2025-01-19 14:33:01,830 - INFO - Processing GOCO - 2024-10-24 15:00:00 UTC
2025-01-19 14:33:02,700 - INFO - Retrieved article length: 5139 characters
2025-01-19 14:33:02,799 - INFO - GOEV: 1h change of 4.27%
2025-01-19 14:33:02,899 - INFO - GOEV: 1wk change of -21.77%
2025-01-19 14:33:02,999 - INFO - GOEV: 1mo change of -82.38%
2025-01-19 14:33:03,202 - INFO - Retrieved article length: 2057 characters
2025-01-19 14:33:03,290 - INFO - GOCO: 1h change of -1.08%
2025-01-19 14:33:03,372 - INFO - GOCO: 1wk change of 30.35%
2025-01-19 14:33:03,455 - INFO - GOCO: 1mo change of 22.54%
2025-01-19 14:33:03,500 - INFO - Processing GOEV - 2024-12-31 17:32:18 UTC
2025-01-19 14:33:04,696 - INFO - Retrieved article length: 2763 characters
2025-01-19 14:33:04,795 - INFO - GOEV: 1h change of -6.33%
2025-01-19 14:33:04,894 - INFO - GOEV: 1wk change of -19.62%
2025-01-19 14:33:04,992 - INFO - GOEV: 1mo change of -83.08%
2025-01-19 14:33:05,120 - INFO - Processing GOF - 2025-01-03 00:53:00 UTC
2025-01-19 14:33:05,494 - INFO - Processing GOEV - 2024-12-31 13:21:41 UTC
2025-01-19 14:33:06,444 - INFO - Retrieved article length: 6108 characters
2025-01-19 14:33:06,689 - INFO - Retrieved article length: 503 characters
2025-01-19 14:33:06,704 - INFO - GOEV: 1h change of -6.33%
2025-01-19 14:33:06,714 - INFO - GOEV: 1wk change of -19.62%
2025-01-19 14:33:06,783 - INFO - GOEV: 1mo change of -83.08%
2025-01-19 14:33:07,259 - INFO - Processing GOF - 2024-12-03 00:52:00 UTC
2025-01-19 14:33:07,285 - INFO - Processing GOEV - 2024-12-30 10:15:00 UTC
2025-01-19 14:33:08,454 - INFO - Retrieved article length: 7406 characters
2025-01-19 14:33:08,458 - INFO - Retrieved article length: 6112 characters
2025-01-19 14:33:08,569 - INFO - GOEV: 1h change of -6.33%
2025-01-19 14:33:08,667 - INFO - GOEV: 1wk change of -26.16%
2025-01-19 14:33:08,770 - INFO - GOEV: 1mo change of -83.97%
2025-01-19 14:33:08,775 - INFO - GOF: 1mo change of 1.23%
2025-01-19 14:33:09,271 - INFO - Processing GOEV - 2024-12-20 14:00:00 UTC
2025-01-19 14:33:09,276 - INFO - Processing GOF - 2024-11-01 23:30:00 UTC
2025-01-19 14:33:10,573 - INFO - Retrieved article length: 6112 characters
2025-01-19 14:33:10,758 - INFO - GOF: 1wk change of 1.20%
2025-01-19 14:33:10,856 - INFO - GOF: 1mo change of 4.57%
2025-01-19 14:33:12,484 - INFO - Processing GOGO - 2024-12-05 15:05:09 UTC
2025-01-19 14:33:13,605 - INFO - Retrieved article length: 10429 characters
2025-01-19 14:33:13,706 - INFO - GOEV: 1h change of -30.30%
2025-01-19 14:33:13,803 - INFO - GOEV: 1wk change of -54.71%
2025-01-19 14:33:13,899 - INFO - Retrieved article length: 1465 characters
2025-01-19 14:33:13,902 - INFO - GOEV: 1mo change of -86.58%
2025-01-19 14:33:14,068 - INFO - GOGO: 1wk change of -6.06%
2025-01-19 14:33:14,151 - INFO - GOGO: 1mo change of 15.88%
2025-01-19 14:33:14,402 - INFO - Processing GOEV - 2024-12-19 14:27:36 UTC
2025-01-19 14:33:14,652 - INFO - Processing GOGO - 2024-12-04 15:53:59 UTC
2025-01-19 14:33:15,556 - INFO - Retrieved article length: 2783 characters
2025-01-19 14:33:15,655 - INFO - GOEV: 1h change of -41.63%
2025-01-19 14:33:15,752 - INFO - GOEV: 1wk change of -67.92%
2025-01-19 14:33:15,848 - INFO - GOEV: 1mo change of -87.41%
2025-01-19 14:33:15,913 - INFO - Retrieved article length: 528 characters
2025-01-19 14:33:15,999 - INFO - GOGO: 1h change of -9.39%
2025-01-19 14:33:16,082 - INFO - GOGO: 1wk change of -6.06%
2025-01-19 14:33:16,183 - INFO - GOGO: 1mo change of 9.63%
2025-01-19 14:33:16,684 - INFO - Processing GOGO - 2024-12-04 15:00:00 UTC
2025-01-19 14:33:17,480 - INFO - Processing GOOG - 2025-01-19 14:20:00 UTC
2025-01-19 14:33:18,016 - INFO - Retrieved article length: 12596 characters
2025-01-19 14:33:18,024 - INFO - GOGO: 1h change of -9.39%
2025-01-19 14:33:18,030 - INFO - GOGO: 1wk change of -6.06%
2025-01-19 14:33:18,036 - INFO - GOGO: 1mo change of 9.63%
2025-01-19 14:33:18,537 - INFO - Processing GOGO - 2024-12-03 15:20:55 UTC
2025-01-19 14:33:18,722 - INFO - Retrieved article length: 6834 characters
2025-01-19 14:33:18,928 - INFO - GOOG: 1wk change of 2.27%
2025-01-19 14:33:19,523 - INFO - Processing GOOG - 2025-01-19 13:15:00 UTC
2025-01-19 14:33:19,703 - INFO - Retrieved article length: 4338 characters
2025-01-19 14:33:19,791 - INFO - GOGO: 1h change of -7.36%
2025-01-19 14:33:19,872 - INFO - GOGO: 1wk change of -7.49%
2025-01-19 14:33:19,955 - INFO - GOGO: 1mo change of 8.15%
2025-01-19 14:33:20,456 - INFO - Processing GOGO - 2024-11-06 14:42:50 UTC
2025-01-19 14:33:20,696 - INFO - Retrieved article length: 7053 characters
2025-01-19 14:33:20,829 - INFO - GOOG: 1wk change of 2.27%
2025-01-19 14:33:21,396 - INFO - Processing GOOG - 2025-01-19 12:05:00 UTC
2025-01-19 14:33:21,671 - INFO - Retrieved article length: 2031 characters
2025-01-19 14:33:21,758 - INFO - GOGO: 1h change of 17.25%
2025-01-19 14:33:21,841 - INFO - GOGO: 1wk change of 4.43%
2025-01-19 14:33:21,923 - INFO - GOGO: 1mo change of 21.18%
2025-01-19 14:33:22,424 - INFO - Processing GOGO - 2024-11-06 10:11:37 UTC
2025-01-19 14:33:22,564 - INFO - Retrieved article length: 5560 characters
2025-01-19 14:33:22,698 - INFO - GOOG: 1wk change of 2.27%
2025-01-19 14:33:23,265 - INFO - Processing GOOG - 2025-01-19 12:00:00 UTC
2025-01-19 14:33:23,591 - INFO - Retrieved article length: 5147 characters
2025-01-19 14:33:23,601 - INFO - GOGO: 1h change of 17.25%
2025-01-19 14:33:23,606 - INFO - GOGO: 1wk change of 4.43%
2025-01-19 14:33:23,611 - INFO - GOGO: 1mo change of 21.18%
2025-01-19 14:33:24,112 - INFO - Processing GOGO - 2024-11-05 17:30:17 UTC
2025-01-19 14:33:24,504 - INFO - Retrieved article length: 3272 characters
2025-01-19 14:33:24,639 - INFO - GOOG: 1wk change of 2.27%
2025-01-19 14:33:25,207 - INFO - Processing GOOG - 2025-01-19 09:39:41 UTC
2025-01-19 14:33:25,524 - INFO - Retrieved article length: 3102 characters
2025-01-19 14:33:25,609 - INFO - GOGO: 1h change of 18.87%
2025-01-19 14:33:25,691 - INFO - GOGO: 1wk change of 10.94%
2025-01-19 14:33:25,772 - INFO - GOGO: 1mo change of 15.57%
2025-01-19 14:33:26,273 - INFO - Processing GOGO - 2024-11-05 16:15:04 UTC
2025-01-19 14:33:26,464 - INFO - Retrieved article length: 4898 characters
2025-01-19 14:33:26,598 - INFO - GOOG: 1wk change of 2.27%
2025-01-19 14:33:27,164 - INFO - Processing GOOG - 2025-01-19 08:06:02 UTC
2025-01-19 14:33:27,538 - INFO - Retrieved article length: 4179 characters
2025-01-19 14:33:27,547 - INFO - GOGO: 1h change of 18.87%
2025-01-19 14:33:27,554 - INFO - GOGO: 1wk change of 10.94%
2025-01-19 14:33:27,559 - INFO - GOGO: 1mo change of 15.57%
2025-01-19 14:33:28,457 - INFO - Retrieved article length: 4790 characters
2025-01-19 14:33:28,591 - INFO - GOOG: 1wk change of 2.27%
2025-01-19 14:33:29,178 - INFO - Processing GOOGL - 2025-01-19 14:20:00 UTC
2025-01-19 14:33:29,190 - INFO - Processing GOOG - 2025-01-19 06:14:12 UTC
2025-01-19 14:33:30,349 - INFO - Retrieved article length: 6834 characters
2025-01-19 14:33:30,582 - INFO - GOOGL: 1wk change of 2.06%
2025-01-19 14:33:30,706 - INFO - Retrieved article length: 196 characters
2025-01-19 14:33:30,911 - INFO - GOOG: 1wk change of 2.27%
2025-01-19 14:33:31,206 - INFO - Processing GOOGL - 2025-01-19 13:15:00 UTC
2025-01-19 14:33:31,477 - INFO - Processing GOOG - 2025-01-19 03:08:32 UTC
2025-01-19 14:33:32,404 - INFO - Retrieved article length: 7053 characters
2025-01-19 14:33:32,512 - INFO - GOOGL: 1wk change of 2.06%
2025-01-19 14:33:32,646 - INFO - Retrieved article length: 6844 characters
2025-01-19 14:33:32,789 - INFO - GOOG: 1wk change of 2.27%
2025-01-19 14:33:33,065 - INFO - Processing GOOGL - 2025-01-19 12:05:00 UTC
2025-01-19 14:33:34,248 - INFO - Retrieved article length: 5560 characters
2025-01-19 14:33:34,358 - INFO - GOOGL: 1wk change of 2.06%
2025-01-19 14:33:34,491 - INFO - Processing GORO - 2025-01-07 16:32:02 UTC
2025-01-19 14:33:34,912 - INFO - Processing GOOGL - 2025-01-19 12:00:00 UTC
2025-01-19 14:33:35,749 - INFO - Retrieved article length: 2389 characters
2025-01-19 14:33:35,872 - INFO - GORO: 1h change of 14.15%
2025-01-19 14:33:35,981 - INFO - GORO: 1wk change of 65.22%
2025-01-19 14:33:36,093 - INFO - GORO: 1mo change of 100.00%
2025-01-19 14:33:36,122 - INFO - Retrieved article length: 3272 characters
2025-01-19 14:33:36,231 - INFO - GOOGL: 1wk change of 2.06%
2025-01-19 14:33:36,595 - INFO - Processing GORO - 2025-01-07 11:00:00 UTC
2025-01-19 14:33:36,785 - INFO - Processing GOOGL - 2025-01-19 09:39:41 UTC
2025-01-19 14:33:37,802 - INFO - Retrieved article length: 4075 characters
2025-01-19 14:33:37,810 - INFO - GORO: 1h change of 14.15%
2025-01-19 14:33:37,817 - INFO - GORO: 1wk change of 65.22%
2025-01-19 14:33:37,882 - INFO - GORO: 1mo change of 100.00%
2025-01-19 14:33:37,918 - INFO - Retrieved article length: 4898 characters
2025-01-19 14:33:38,027 - INFO - GOOGL: 1wk change of 2.06%
2025-01-19 14:33:38,384 - INFO - Processing GORO - 2024-12-03 01:56:00 UTC
2025-01-19 14:33:38,582 - INFO - Processing GOOGL - 2025-01-19 08:06:02 UTC
2025-01-19 14:33:39,734 - INFO - Retrieved article length: 4790 characters
2025-01-19 14:33:39,772 - INFO - Retrieved article length: 5307 characters
2025-01-19 14:33:39,842 - INFO - GOOGL: 1wk change of 2.06%
2025-01-19 14:33:39,871 - INFO - GORO: 1h change of 14.03%
2025-01-19 14:33:39,980 - INFO - GORO: 1wk change of 13.33%
2025-01-19 14:33:40,092 - INFO - GORO: 1mo change of 43.75%
2025-01-19 14:33:40,395 - INFO - Processing GOOGL - 2025-01-19 06:14:12 UTC
2025-01-19 14:33:40,594 - INFO - Processing GORO - 2024-11-06 02:33:10 UTC
2025-01-19 14:33:41,593 - INFO - Retrieved article length: 196 characters
2025-01-19 14:33:41,779 - INFO - GOOGL: 1wk change of 2.06%
2025-01-19 14:33:41,795 - INFO - Retrieved article length: 664 characters
2025-01-19 14:33:41,898 - INFO - GORO: 1h change of 3.86%
2025-01-19 14:33:42,091 - INFO - GORO: 1wk change of -18.75%
2025-01-19 14:33:42,200 - INFO - GORO: 1mo change of -48.57%
2025-01-19 14:33:42,362 - INFO - Processing GOOGL - 2025-01-19 03:08:32 UTC
2025-01-19 14:33:42,702 - INFO - Processing GORO - 2024-11-06 01:19:00 UTC
2025-01-19 14:33:43,590 - INFO - Retrieved article length: 6844 characters
2025-01-19 14:33:43,701 - INFO - GOOGL: 1wk change of 2.06%
2025-01-19 14:33:44,000 - INFO - Retrieved article length: 12632 characters
2025-01-19 14:33:44,009 - INFO - GORO: 1h change of 3.86%
2025-01-19 14:33:44,014 - INFO - GORO: 1wk change of -18.75%
2025-01-19 14:33:44,021 - INFO - GORO: 1mo change of -48.57%
2025-01-19 14:33:44,521 - INFO - Processing GORO - 2024-10-24 01:58:00 UTC
2025-01-19 14:33:45,397 - INFO - Processing GORV - 2025-01-14 16:30:00 UTC
2025-01-19 14:33:45,883 - INFO - Retrieved article length: 8328 characters
2025-01-19 14:33:45,982 - INFO - GORO: 1h change of -58.47%
2025-01-19 14:33:46,096 - INFO - GORO: 1wk change of -62.16%
2025-01-19 14:33:46,208 - INFO - GORO: 1mo change of -48.48%
2025-01-19 14:33:46,858 - INFO - Retrieved article length: 9808 characters
2025-01-19 14:33:46,944 - INFO - GORV: 1h change of -3.42%
2025-01-19 14:33:47,027 - INFO - GORV: 1wk change of -11.11%
2025-01-19 14:33:47,109 - INFO - GORV: 1mo change of -18.37%
2025-01-19 14:33:47,610 - INFO - Processing GORV - 2025-01-06 21:54:19 UTC
2025-01-19 14:33:47,845 - INFO - Processing GOSS - 2025-01-08 01:30:00 UTC
2025-01-19 14:33:48,854 - INFO - Retrieved article length: 462 characters
2025-01-19 14:33:48,950 - INFO - GORV: 1h change of 5.75%
2025-01-19 14:33:49,034 - INFO - GORV: 1wk change of -7.03%
2025-01-19 14:33:49,115 - INFO - GORV: 1mo change of -20.79%
2025-01-19 14:33:49,143 - INFO - Retrieved article length: 2334 characters
2025-01-19 14:33:49,274 - INFO - GOSS: 1h change of -2.33%
2025-01-19 14:33:49,398 - INFO - GOSS: 1wk change of 9.57%
2025-01-19 14:33:49,495 - INFO - GOSS: 1mo change of 37.23%
2025-01-19 14:33:49,617 - INFO - Processing GORV - 2025-01-06 16:30:00 UTC
2025-01-19 14:33:49,996 - INFO - Processing GOSS - 2025-01-07 17:19:27 UTC
2025-01-19 14:33:50,909 - INFO - Retrieved article length: 6129 characters
2025-01-19 14:33:50,919 - INFO - GORV: 1h change of 5.75%
2025-01-19 14:33:50,927 - INFO - GORV: 1wk change of -7.03%
2025-01-19 14:33:50,981 - INFO - GORV: 1mo change of -20.79%
2025-01-19 14:33:51,219 - INFO - Retrieved article length: 5804 characters
2025-01-19 14:33:51,328 - INFO - GOSS: 1h change of -2.33%
2025-01-19 14:33:51,422 - INFO - GOSS: 1wk change of 13.90%
2025-01-19 14:33:51,482 - INFO - Processing GORV - 2025-01-03 01:57:00 UTC
2025-01-19 14:33:51,518 - INFO - GOSS: 1mo change of 37.43%
2025-01-19 14:33:52,020 - INFO - Processing GOSS - 2025-01-01 16:05:04 UTC
2025-01-19 14:33:52,712 - INFO - Retrieved article length: 8562 characters
2025-01-19 14:33:52,804 - INFO - GORV: 1h change of -8.79%
2025-01-19 14:33:52,973 - INFO - GORV: 1mo change of -25.23%
2025-01-19 14:33:53,294 - INFO - Retrieved article length: 7292 characters
2025-01-19 14:33:53,393 - INFO - GOSS: 1h change of 18.53%
2025-01-19 14:33:53,474 - INFO - Processing GORV - 2024-11-21 09:00:39 UTC
2025-01-19 14:33:53,519 - INFO - GOSS: 1wk change of 13.29%
2025-01-19 14:33:53,615 - INFO - GOSS: 1mo change of 37.04%
2025-01-19 14:33:54,117 - INFO - Processing GOSS - 2024-12-26 20:00:11 UTC
2025-01-19 14:33:54,844 - INFO - Retrieved article length: 1743 characters
2025-01-19 14:33:54,937 - INFO - GORV: 1h change of 4.07%
2025-01-19 14:33:55,019 - INFO - GORV: 1wk change of 5.94%
2025-01-19 14:33:55,103 - INFO - GORV: 1mo change of -30.40%
2025-01-19 14:33:55,325 - INFO - Retrieved article length: 4632 characters
2025-01-19 14:33:55,432 - INFO - GOSS: 1h change of 1.45%
2025-01-19 14:33:55,534 - INFO - GOSS: 1wk change of 18.88%
2025-01-19 14:33:55,604 - INFO - Processing GORV - 2024-11-20 10:14:16 UTC
2025-01-19 14:33:55,632 - INFO - GOSS: 1mo change of 44.66%
2025-01-19 14:33:56,133 - INFO - Processing GOSS - 2024-12-03 03:07:00 UTC
2025-01-19 14:33:57,063 - INFO - Retrieved article length: 12643 characters
2025-01-19 14:33:57,150 - INFO - GORV: 1h change of -20.84%
2025-01-19 14:33:57,232 - INFO - GORV: 1wk change of 5.94%
2025-01-19 14:33:57,317 - INFO - GORV: 1mo change of -33.08%
2025-01-19 14:33:57,441 - INFO - Retrieved article length: 6998 characters
2025-01-19 14:33:57,636 - INFO - GOSS: 1wk change of 30.19%
2025-01-19 14:33:57,736 - INFO - GOSS: 1mo change of 19.26%
2025-01-19 14:33:57,817 - INFO - Processing GORV - 2024-11-20 10:02:52 UTC
2025-01-19 14:33:58,237 - INFO - Processing GOSS - 2024-11-21 20:00:12 UTC
2025-01-19 14:33:59,343 - INFO - Retrieved article length: 4485 characters
2025-01-19 14:33:59,354 - INFO - GORV: 1h change of -20.84%
2025-01-19 14:33:59,362 - INFO - GORV: 1wk change of 5.94%
2025-01-19 14:33:59,372 - INFO - GORV: 1mo change of -33.08%
2025-01-19 14:33:59,512 - INFO - Retrieved article length: 4628 characters
2025-01-19 14:33:59,724 - INFO - GOSS: 1wk change of -18.65%
2025-01-19 14:33:59,833 - INFO - GOSS: 1mo change of -12.36%
2025-01-19 14:33:59,873 - INFO - Processing GORV - 2024-11-19 17:20:00 UTC
2025-01-19 14:34:00,335 - INFO - Processing GOSS - 2024-11-15 17:35:06 UTC
2025-01-19 14:34:01,349 - INFO - Retrieved article length: 3904 characters
2025-01-19 14:34:01,440 - INFO - GORV: 1h change of -22.49%
2025-01-19 14:34:01,607 - INFO - GORV: 1mo change of -32.56%
2025-01-19 14:34:01,710 - INFO - Retrieved article length: 2999 characters
2025-01-19 14:34:01,812 - INFO - GOSS: 1h change of -10.57%
2025-01-19 14:34:01,909 - INFO - GOSS: 1wk change of -20.73%
2025-01-19 14:34:02,014 - INFO - GOSS: 1mo change of -12.85%
2025-01-19 14:34:02,514 - INFO - Processing GOSS - 2024-11-14 17:35:06 UTC
2025-01-19 14:34:03,773 - INFO - Retrieved article length: 3021 characters
2025-01-19 14:34:03,883 - INFO - GOSS: 1h change of -13.00%
2025-01-19 14:34:03,979 - INFO - GOSS: 1wk change of -21.44%
2025-01-19 14:34:04,081 - INFO - GOSS: 1mo change of -18.29%
2025-01-19 14:34:04,352 - INFO - Processing GOVX - 2025-01-15 17:00:00 UTC
2025-01-19 14:34:05,621 - INFO - Retrieved article length: 7845 characters
2025-01-19 14:34:05,712 - INFO - GOVX: 1h change of 5.40%
2025-01-19 14:34:05,795 - INFO - GOVX: 1wk change of -14.62%
2025-01-19 14:34:05,878 - INFO - GOVX: 1mo change of -9.02%
2025-01-19 14:34:06,379 - INFO - Processing GOVX - 2025-01-15 15:00:00 UTC
2025-01-19 14:34:06,909 - INFO - Processing GP - 2025-01-10 20:00:12 UTC
2025-01-19 14:34:07,581 - INFO - Retrieved article length: 5953 characters
2025-01-19 14:34:07,594 - INFO - GOVX: 1h change of 5.40%
2025-01-19 14:34:07,648 - INFO - GOVX: 1wk change of -14.62%
2025-01-19 14:34:07,700 - INFO - GOVX: 1mo change of -9.02%
2025-01-19 14:34:08,201 - INFO - Processing GOVX - 2025-01-13 17:00:00 UTC
2025-01-19 14:34:08,273 - INFO - Retrieved article length: 4638 characters
2025-01-19 14:34:08,377 - INFO - GP: 1h change of 30.38%
2025-01-19 14:34:08,473 - INFO - GP: 1wk change of 4.68%
2025-01-19 14:34:08,573 - INFO - GP: 1mo change of -10.56%
2025-01-19 14:34:09,074 - INFO - Processing GP - 2024-12-19 16:40:18 UTC
2025-01-19 14:34:09,447 - INFO - Retrieved article length: 10539 characters
2025-01-19 14:34:09,635 - INFO - GOVX: 1wk change of -15.91%
2025-01-19 14:34:09,719 - INFO - GOVX: 1mo change of -14.62%
2025-01-19 14:34:10,220 - INFO - Processing GOVX - 2025-01-08 17:00:00 UTC
2025-01-19 14:34:10,220 - INFO - Retrieved article length: 524 characters
2025-01-19 14:34:10,322 - INFO - GP: 1h change of -5.18%
2025-01-19 14:34:10,467 - INFO - GP: 1wk change of -13.67%
2025-01-19 14:34:10,584 - INFO - GP: 1mo change of -2.19%
2025-01-19 14:34:11,086 - INFO - Processing GP - 2024-12-19 16:30:00 UTC
2025-01-19 14:34:11,396 - INFO - Retrieved article length: 3724 characters
2025-01-19 14:34:11,486 - INFO - GOVX: 1h change of -15.87%
2025-01-19 14:34:11,570 - INFO - GOVX: 1wk change of -9.02%
2025-01-19 14:34:11,653 - INFO - GOVX: 1mo change of -1.33%
2025-01-19 14:34:12,154 - INFO - Processing GOVX - 2025-01-06 17:00:00 UTC
2025-01-19 14:34:12,363 - INFO - Retrieved article length: 6068 characters
2025-01-19 14:34:12,375 - INFO - GP: 1h change of -5.18%
2025-01-19 14:34:12,396 - INFO - GP: 1wk change of -13.67%
2025-01-19 14:34:12,464 - INFO - GP: 1mo change of -2.19%
2025-01-19 14:34:12,966 - INFO - Processing GP - 2024-12-16 16:00:00 UTC
2025-01-19 14:34:13,350 - INFO - Retrieved article length: 3554 characters
2025-01-19 14:34:13,436 - INFO - GOVX: 1h change of -7.46%
2025-01-19 14:34:13,519 - INFO - GOVX: 1wk change of -8.54%
2025-01-19 14:34:13,604 - INFO - GOVX: 1mo change of -12.25%
2025-01-19 14:34:14,105 - INFO - Processing GOVX - 2024-12-09 17:00:00 UTC
2025-01-19 14:34:14,243 - INFO - Retrieved article length: 4254 characters
2025-01-19 14:34:14,439 - INFO - GP: 1wk change of -17.56%
2025-01-19 14:34:14,538 - INFO - GP: 1mo change of -12.97%
2025-01-19 14:34:15,039 - INFO - Processing GP - 2024-12-11 16:21:40 UTC
2025-01-19 14:34:15,287 - INFO - Retrieved article length: 7276 characters
2025-01-19 14:34:15,384 - INFO - GOVX: 1h change of -4.51%
2025-01-19 14:34:15,505 - INFO - GOVX: 1wk change of -15.15%
2025-01-19 14:34:15,600 - INFO - GOVX: 1mo change of 24.58%
2025-01-19 14:34:16,101 - INFO - Processing GOVX - 2024-11-26 17:00:00 UTC
2025-01-19 14:34:16,217 - INFO - Retrieved article length: 501 characters
2025-01-19 14:34:16,336 - INFO - GP: 1h change of -6.71%
2025-01-19 14:34:16,441 - INFO - GP: 1wk change of -22.68%
2025-01-19 14:34:17,041 - INFO - Processing GP - 2024-12-11 16:00:00 UTC
2025-01-19 14:34:17,485 - INFO - Retrieved article length: 3403 characters
2025-01-19 14:34:17,575 - INFO - GOVX: 1h change of -11.70%
2025-01-19 14:34:17,663 - INFO - GOVX: 1wk change of -27.72%
2025-01-19 14:34:17,769 - INFO - GOVX: 1mo change of 18.45%
2025-01-19 14:34:18,198 - INFO - Retrieved article length: 6208 characters
2025-01-19 14:34:18,207 - INFO - GP: 1h change of -6.71%
2025-01-19 14:34:18,215 - INFO - GP: 1wk change of -22.68%
2025-01-19 14:34:18,270 - INFO - Processing GOVX - 2024-11-19 17:00:00 UTC
2025-01-19 14:34:18,724 - INFO - Processing GP - 2024-12-09 22:19:11 UTC
2025-01-19 14:34:19,449 - INFO - Retrieved article length: 8006 characters
2025-01-19 14:34:19,543 - INFO - GOVX: 1h change of -3.69%
2025-01-19 14:34:19,629 - INFO - GOVX: 1wk change of -13.69%
2025-01-19 14:34:19,714 - INFO - GOVX: 1mo change of 4.74%
2025-01-19 14:34:20,118 - INFO - Retrieved article length: 550 characters
2025-01-19 14:34:20,225 - INFO - GP: 1h change of -1.72%
2025-01-19 14:34:20,323 - INFO - GP: 1wk change of -24.04%
2025-01-19 14:34:20,424 - INFO - GP: 1mo change of 7.59%
2025-01-19 14:34:20,925 - INFO - Processing GP - 2024-12-09 22:00:00 UTC
2025-01-19 14:34:22,259 - INFO - Retrieved article length: 6959 characters
2025-01-19 14:34:22,271 - INFO - GP: 1h change of -1.72%
2025-01-19 14:34:22,280 - INFO - GP: 1wk change of -24.04%
2025-01-19 14:34:22,288 - INFO - GP: 1mo change of 7.59%
2025-01-19 14:34:22,480 - INFO - Processing GPACU - 2025-01-19 14:23:00 UTC
2025-01-19 14:34:24,846 - ERROR - GPACU: No timezone found, symbol may be delisted
2025-01-19 14:34:24,847 - ERROR - GPACU: No timezone found, symbol may be delisted
2025-01-19 14:34:24,848 - ERROR - GPACU: No timezone found, symbol may be delisted
2025-01-19 14:34:25,059 - INFO - Processing GPC - 2025-01-13 21:30:13 UTC
2025-01-19 14:34:25,349 - INFO - Processing GPACU - 2025-01-19 14:22:06 UTC
2025-01-19 14:34:26,267 - INFO - Retrieved article length: 5939 characters
2025-01-19 14:34:26,520 - INFO - GPC: 1wk change of 1.42%
2025-01-19 14:34:26,581 - INFO - Retrieved article length: 3199 characters
2025-01-19 14:34:26,582 - ERROR - GPACU: No timezone found, symbol may be delisted
2025-01-19 14:34:26,583 - ERROR - GPACU: No timezone found, symbol may be delisted
2025-01-19 14:34:26,583 - ERROR - GPACU: No timezone found, symbol may be delisted
2025-01-19 14:34:26,666 - INFO - GPC: 1mo change of -5.88%
2025-01-19 14:34:27,085 - INFO - Processing GPACU - 2025-01-19 14:21:09 UTC
2025-01-19 14:34:27,167 - INFO - Processing GPC - 2024-12-30 12:04:12 UTC
2025-01-19 14:34:28,399 - INFO - Retrieved article length: 5494 characters
2025-01-19 14:34:28,401 - ERROR - GPACU: No timezone found, symbol may be delisted
2025-01-19 14:34:28,402 - ERROR - GPACU: No timezone found, symbol may be delisted
2025-01-19 14:34:28,403 - ERROR - GPACU: No timezone found, symbol may be delisted
2025-01-19 14:34:28,444 - INFO - Retrieved article length: 3736 characters
2025-01-19 14:34:28,833 - INFO - GPC: 1mo change of -7.72%
2025-01-19 14:34:28,905 - INFO - Processing GPACU - 2025-01-19 14:20:00 UTC
2025-01-19 14:34:29,333 - INFO - Processing GPC - 2024-12-29 23:21:52 UTC
2025-01-19 14:34:30,104 - INFO - Retrieved article length: 6834 characters
2025-01-19 14:34:30,105 - ERROR - GPACU: No timezone found, symbol may be delisted
2025-01-19 14:34:30,106 - ERROR - GPACU: No timezone found, symbol may be delisted
2025-01-19 14:34:30,107 - ERROR - GPACU: No timezone found, symbol may be delisted
2025-01-19 14:34:30,496 - INFO - Retrieved article length: 7428 characters
2025-01-19 14:34:30,609 - INFO - Processing GPACU - 2025-01-19 14:18:01 UTC
2025-01-19 14:34:30,816 - INFO - GPC: 1wk change of 1.74%
2025-01-19 14:34:30,971 - INFO - GPC: 1mo change of -7.72%
2025-01-19 14:34:31,473 - INFO - Processing GPC - 2024-12-27 15:11:51 UTC
2025-01-19 14:34:31,945 - INFO - Retrieved article length: 3986 characters
2025-01-19 14:34:31,946 - ERROR - GPACU: No timezone found, symbol may be delisted
2025-01-19 14:34:31,947 - ERROR - GPACU: No timezone found, symbol may be delisted
2025-01-19 14:34:31,948 - ERROR - GPACU: No timezone found, symbol may be delisted
2025-01-19 14:34:32,449 - INFO - Processing GPACU - 2025-01-19 14:17:39 UTC
2025-01-19 14:34:32,721 - INFO - Retrieved article length: 8608 characters
2025-01-19 14:34:32,959 - INFO - GPC: 1wk change of -1.38%
2025-01-19 14:34:33,091 - INFO - GPC: 1mo change of -4.26%
2025-01-19 14:34:33,593 - INFO - Processing GPC - 2024-12-20 14:07:50 UTC
2025-01-19 14:34:33,935 - INFO - Retrieved article length: 5230 characters
2025-01-19 14:34:33,936 - ERROR - GPACU: No timezone found, symbol may be delisted
2025-01-19 14:34:33,937 - ERROR - GPACU: No timezone found, symbol may be delisted
2025-01-19 14:34:33,938 - ERROR - GPACU: No timezone found, symbol may be delisted
2025-01-19 14:34:34,440 - INFO - Processing GPACU - 2025-01-19 14:15:00 UTC
2025-01-19 14:34:34,914 - INFO - Retrieved article length: 6681 characters
2025-01-19 14:34:35,028 - INFO - GPC: 1h change of -2.99%
2025-01-19 14:34:35,157 - INFO - GPC: 1wk change of -6.73%
2025-01-19 14:34:35,288 - INFO - GPC: 1mo change of -2.56%
2025-01-19 14:34:35,638 - INFO - Retrieved article length: 5278 characters
2025-01-19 14:34:35,639 - ERROR - GPACU: No timezone found, symbol may be delisted
2025-01-19 14:34:35,640 - ERROR - GPACU: No timezone found, symbol may be delisted
2025-01-19 14:34:35,640 - ERROR - GPACU: No timezone found, symbol may be delisted
2025-01-19 14:34:35,790 - INFO - Processing GPC - 2024-12-17 20:18:36 UTC
2025-01-19 14:34:36,141 - INFO - Processing GPACU - 2025-01-19 14:11:00 UTC
2025-01-19 14:34:37,072 - INFO - Retrieved article length: 4825 characters
2025-01-19 14:34:37,177 - INFO - GPC: 1h change of -4.60%
2025-01-19 14:34:37,329 - INFO - GPC: 1wk change of -7.44%
2025-01-19 14:34:37,465 - INFO - Retrieved article length: 5245 characters
2025-01-19 14:34:37,466 - ERROR - GPACU: No timezone found, symbol may be delisted
2025-01-19 14:34:37,467 - ERROR - GPACU: No timezone found, symbol may be delisted
2025-01-19 14:34:37,468 - ERROR - GPACU: No timezone found, symbol may be delisted
2025-01-19 14:34:37,475 - INFO - GPC: 1mo change of -2.63%
2025-01-19 14:34:37,977 - INFO - Processing GPC - 2024-12-12 20:00:00 UTC
2025-01-19 14:34:39,097 - INFO - Processing GPCR - 2024-12-18 18:25:00 UTC
2025-01-19 14:34:39,275 - INFO - Retrieved article length: 4316 characters
2025-01-19 14:34:39,378 - INFO - GPC: 1h change of -2.54%
2025-01-19 14:34:39,534 - INFO - GPC: 1wk change of -8.52%
2025-01-19 14:34:39,671 - INFO - GPC: 1mo change of -3.83%
2025-01-19 14:34:40,172 - INFO - Processing GPC - 2024-12-06 13:30:00 UTC
2025-01-19 14:34:40,330 - INFO - Retrieved article length: 163 characters
2025-01-19 14:34:40,418 - INFO - GPCR: 1h change of -5.04%
2025-01-19 14:34:40,504 - INFO - GPCR: 1wk change of -16.36%
2025-01-19 14:34:40,589 - INFO - GPCR: 1mo change of -25.60%
2025-01-19 14:34:41,090 - INFO - Processing GPCR - 2024-12-18 00:01:00 UTC
2025-01-19 14:34:41,469 - INFO - Retrieved article length: 162 characters
2025-01-19 14:34:41,572 - INFO - GPC: 1h change of -2.30%
2025-01-19 14:34:41,704 - INFO - GPC: 1wk change of -4.46%
2025-01-19 14:34:41,852 - INFO - GPC: 1mo change of 3.40%
2025-01-19 14:34:42,487 - INFO - Retrieved article length: 9672 characters
2025-01-19 14:34:42,498 - INFO - GPCR: 1h change of -5.04%
2025-01-19 14:34:42,506 - INFO - GPCR: 1wk change of -16.36%
2025-01-19 14:34:42,562 - INFO - GPCR: 1mo change of -25.60%
2025-01-19 14:34:43,062 - INFO - Processing GPCR - 2024-12-16 21:33:50 UTC
2025-01-19 14:34:43,489 - INFO - Processing GPK - 2025-01-16 12:02:49 UTC
2025-01-19 14:34:44,415 - INFO - Retrieved article length: 9821 characters
2025-01-19 14:34:44,587 - INFO - GPCR: 1wk change of -15.29%
2025-01-19 14:34:44,671 - INFO - GPCR: 1mo change of -30.08%
2025-01-19 14:34:44,724 - INFO - Retrieved article length: 6659 characters
2025-01-19 14:34:44,829 - INFO - GPK: 1h change of 3.60%
2025-01-19 14:34:44,959 - INFO - GPK: 1wk change of 5.64%
2025-01-19 14:34:45,109 - INFO - GPK: 1mo change of -5.10%
2025-01-19 14:34:45,172 - INFO - Processing GPCR - 2024-12-08 14:05:18 UTC
2025-01-19 14:34:45,610 - INFO - Processing GPK - 2025-01-13 17:40:51 UTC
2025-01-19 14:34:46,419 - INFO - Retrieved article length: 8182 characters
2025-01-19 14:34:46,506 - INFO - GPCR: 1h change of 5.96%
2025-01-19 14:34:46,591 - INFO - GPCR: 1wk change of -5.04%
2025-01-19 14:34:46,675 - INFO - GPCR: 1mo change of -36.44%
2025-01-19 14:34:46,789 - INFO - Retrieved article length: 2955 characters
2025-01-19 14:34:46,892 - INFO - GPK: 1h change of 3.37%
2025-01-19 14:34:47,028 - INFO - GPK: 1wk change of 5.44%
2025-01-19 14:34:47,165 - INFO - GPK: 1mo change of -5.29%
2025-01-19 14:34:47,177 - INFO - Processing GPCR - 2024-12-04 16:13:09 UTC
2025-01-19 14:34:47,666 - INFO - Processing GPK - 2025-01-08 17:35:07 UTC
2025-01-19 14:34:48,482 - INFO - Retrieved article length: 490 characters
2025-01-19 14:34:48,570 - INFO - GPCR: 1h change of -9.79%
2025-01-19 14:34:48,654 - INFO - GPCR: 1wk change of -8.12%
2025-01-19 14:34:48,741 - INFO - GPCR: 1mo change of -28.21%
2025-01-19 14:34:48,848 - INFO - Retrieved article length: 3038 characters
2025-01-19 14:34:49,073 - INFO - GPK: 1wk change of 2.99%
2025-01-19 14:34:49,192 - INFO - GPK: 1mo change of -5.96%
2025-01-19 14:34:49,242 - INFO - Processing GPCR - 2024-11-27 18:15:17 UTC
2025-01-19 14:34:49,693 - INFO - Processing GPK - 2025-01-06 20:30:54 UTC
2025-01-19 14:34:50,590 - INFO - Retrieved article length: 8501 characters
2025-01-19 14:34:50,780 - INFO - GPCR: 1wk change of 5.04%
2025-01-19 14:34:50,872 - INFO - GPCR: 1mo change of -28.76%
2025-01-19 14:34:50,958 - INFO - Retrieved article length: 498 characters
2025-01-19 14:34:51,314 - INFO - GPK: 1mo change of -7.45%
2025-01-19 14:34:51,373 - INFO - Processing GPCR - 2024-11-22 15:45:33 UTC
2025-01-19 14:34:51,816 - INFO - Processing GPK - 2025-01-06 16:54:48 UTC
2025-01-19 14:34:52,698 - INFO - Retrieved article length: 6939 characters
2025-01-19 14:34:52,786 - INFO - GPCR: 1h change of 3.40%
2025-01-19 14:34:52,870 - INFO - GPCR: 1wk change of -10.33%
2025-01-19 14:34:52,952 - INFO - GPCR: 1mo change of -25.22%
2025-01-19 14:34:53,116 - INFO - Retrieved article length: 532 characters
2025-01-19 14:34:53,202 - INFO - GPK: 1mo change of -7.45%
2025-01-19 14:34:53,454 - INFO - Processing GPCR - 2024-11-15 16:30:00 UTC
2025-01-19 14:34:53,703 - INFO - Processing GPK - 2025-01-06 16:29:07 UTC
2025-01-19 14:34:54,620 - INFO - Retrieved article length: 1861 characters
2025-01-19 14:34:54,708 - INFO - GPCR: 1h change of -7.72%
2025-01-19 14:34:54,792 - INFO - GPCR: 1wk change of -14.99%
2025-01-19 14:34:54,894 - INFO - GPCR: 1mo change of -21.79%
2025-01-19 14:34:55,017 - INFO - Retrieved article length: 543 characters
2025-01-19 14:34:55,100 - INFO - GPK: 1mo change of -7.45%
2025-01-19 14:34:55,602 - INFO - Processing GPK - 2024-12-30 14:03:00 UTC
2025-01-19 14:34:56,545 - INFO - Processing GPN - 2025-01-16 11:37:52 UTC
2025-01-19 14:34:56,867 - INFO - Retrieved article length: 1375 characters
2025-01-19 14:34:57,242 - INFO - GPK: 1mo change of -5.32%
2025-01-19 14:34:57,744 - INFO - Processing GPK - 2024-12-23 15:13:38 UTC
2025-01-19 14:34:57,784 - INFO - Retrieved article length: 6472 characters
2025-01-19 14:34:58,013 - INFO - GPN: 1wk change of -4.08%
2025-01-19 14:34:58,133 - INFO - GPN: 1mo change of -6.15%
2025-01-19 14:34:58,635 - INFO - Processing GPN - 2025-01-10 22:49:33 UTC
2025-01-19 14:34:58,947 - INFO - Retrieved article length: 4711 characters
2025-01-19 14:34:59,050 - INFO - GPK: 1h change of 2.03%
2025-01-19 14:34:59,184 - INFO - GPK: 1wk change of -7.52%
2025-01-19 14:34:59,328 - INFO - GPK: 1mo change of -1.15%
2025-01-19 14:34:59,933 - INFO - Retrieved article length: 1660 characters
2025-01-19 14:35:00,025 - INFO - GPN: 1h change of -4.35%
2025-01-19 14:35:00,134 - INFO - GPN: 1wk change of -3.25%
2025-01-19 14:35:00,244 - INFO - GPN: 1mo change of -7.79%
2025-01-19 14:35:00,745 - INFO - Processing GPN - 2025-01-10 16:25:47 UTC
2025-01-19 14:35:00,968 - INFO - Processing GPRE - 2025-01-16 18:34:31 UTC
2025-01-19 14:35:01,941 - INFO - Retrieved article length: 1547 characters
2025-01-19 14:35:01,951 - INFO - GPN: 1h change of -4.35%
2025-01-19 14:35:02,004 - INFO - GPN: 1wk change of -3.25%
2025-01-19 14:35:02,059 - INFO - GPN: 1mo change of -7.79%
2025-01-19 14:35:02,103 - INFO - Retrieved article length: 524 characters
2025-01-19 14:35:02,208 - INFO - GPRE: 1h change of 12.26%
2025-01-19 14:35:02,316 - INFO - GPRE: 1wk change of 2.19%
2025-01-19 14:35:02,419 - INFO - GPRE: 1mo change of -5.79%
2025-01-19 14:35:02,561 - INFO - Processing GPN - 2025-01-09 17:59:00 UTC
2025-01-19 14:35:02,920 - INFO - Processing GPRE - 2025-01-16 16:30:00 UTC
2025-01-19 14:35:03,684 - INFO - Retrieved article length: 5059 characters
2025-01-19 14:35:03,776 - INFO - GPN: 1h change of -7.03%
2025-01-19 14:35:03,888 - INFO - GPN: 1wk change of -2.17%
2025-01-19 14:35:03,993 - INFO - GPN: 1mo change of -6.21%
2025-01-19 14:35:04,039 - INFO - Retrieved article length: 4849 characters
2025-01-19 14:35:04,050 - INFO - GPRE: 1h change of 12.26%
2025-01-19 14:35:04,119 - INFO - GPRE: 1wk change of 2.19%
2025-01-19 14:35:04,186 - INFO - GPRE: 1mo change of -5.79%
2025-01-19 14:35:04,494 - INFO - Processing GPN - 2024-12-20 12:49:00 UTC
2025-01-19 14:35:04,687 - INFO - Processing GPRE - 2025-01-14 18:27:20 UTC
2025-01-19 14:35:05,713 - INFO - Retrieved article length: 13126 characters
2025-01-19 14:35:05,803 - INFO - GPN: 1h change of -3.03%
2025-01-19 14:35:05,834 - INFO - Retrieved article length: 513 characters
2025-01-19 14:35:05,913 - INFO - GPN: 1wk change of -2.74%
2025-01-19 14:35:05,938 - INFO - GPRE: 1h change of 2.11%
2025-01-19 14:35:06,047 - INFO - GPRE: 1wk change of 2.19%
2025-01-19 14:35:06,082 - INFO - GPN: 1mo change of -6.33%
2025-01-19 14:35:06,152 - INFO - GPRE: 1mo change of -4.74%
2025-01-19 14:35:06,583 - INFO - Processing GPN - 2024-12-19 21:23:00 UTC
2025-01-19 14:35:06,653 - INFO - Processing GPRE - 2024-12-27 12:33:13 UTC
2025-01-19 14:35:07,842 - INFO - Retrieved article length: 11843 characters
2025-01-19 14:35:07,930 - INFO - GPN: 1h change of -1.96%
2025-01-19 14:35:08,030 - INFO - Retrieved article length: 8390 characters
2025-01-19 14:35:08,041 - INFO - GPN: 1wk change of -3.59%
2025-01-19 14:35:08,152 - INFO - GPN: 1mo change of -6.50%
2025-01-19 14:35:08,241 - INFO - GPRE: 1wk change of -11.40%
2025-01-19 14:35:08,342 - INFO - GPRE: 1mo change of -9.36%
2025-01-19 14:35:08,654 - INFO - Processing GPN - 2024-12-18 14:21:07 UTC
2025-01-19 14:35:08,843 - INFO - Processing GPRE - 2024-12-23 22:21:46 UTC
2025-01-19 14:35:09,930 - INFO - Retrieved article length: 1592 characters
2025-01-19 14:35:10,009 - INFO - Retrieved article length: 7925 characters
2025-01-19 14:35:10,019 - INFO - GPN: 1h change of -3.36%
2025-01-19 14:35:10,113 - INFO - GPRE: 1h change of -1.18%
2025-01-19 14:35:10,149 - INFO - GPN: 1wk change of -3.59%
2025-01-19 14:35:10,244 - INFO - GPRE: 1wk change of -11.48%
2025-01-19 14:35:10,262 - INFO - GPN: 1mo change of -6.39%
2025-01-19 14:35:10,431 - INFO - GPRE: 1mo change of -3.30%
2025-01-19 14:35:10,764 - INFO - Processing GPN - 2024-12-17 14:03:34 UTC
2025-01-19 14:35:10,933 - INFO - Processing GPRE - 2024-12-13 20:54:40 UTC
2025-01-19 14:35:12,041 - INFO - Retrieved article length: 7007 characters
2025-01-19 14:35:12,133 - INFO - GPN: 1h change of -3.03%
2025-01-19 14:35:12,152 - INFO - Retrieved article length: 7523 characters
2025-01-19 14:35:12,245 - INFO - GPN: 1wk change of -2.38%
2025-01-19 14:35:12,256 - INFO - GPRE: 1h change of 1.28%
2025-01-19 14:35:12,356 - INFO - GPN: 1mo change of -6.62%
2025-01-19 14:35:12,362 - INFO - GPRE: 1wk change of -11.84%
2025-01-19 14:35:12,463 - INFO - GPRE: 1mo change of -11.87%
2025-01-19 14:35:12,964 - INFO - Processing GPRE - 2024-11-21 13:51:12 UTC
2025-01-19 14:35:13,987 - INFO - Processing GPRO - 2025-01-17 12:02:19 UTC
2025-01-19 14:35:14,146 - INFO - Retrieved article length: 8585 characters
2025-01-19 14:35:14,251 - INFO - GPRE: 1h change of 6.70%
2025-01-19 14:35:14,355 - INFO - GPRE: 1wk change of -4.51%
2025-01-19 14:35:14,467 - INFO - GPRE: 1mo change of -22.86%
2025-01-19 14:35:14,968 - INFO - Processing GPRE - 2024-11-14 00:15:00 UTC
2025-01-19 14:35:15,060 - INFO - Retrieved article length: 5320 characters
2025-01-19 14:35:15,159 - INFO - GPRO: 1h change of -1.41%
2025-01-19 14:35:15,241 - INFO - GPRO: 1wk change of -7.08%
2025-01-19 14:35:15,332 - INFO - GPRO: 1mo change of -12.50%
2025-01-19 14:35:15,833 - INFO - Processing GPRO - 2025-01-17 00:15:00 UTC
2025-01-19 14:35:16,157 - INFO - Retrieved article length: 1686 characters
2025-01-19 14:35:16,264 - INFO - GPRE: 1h change of -1.49%
2025-01-19 14:35:16,371 - INFO - GPRE: 1wk change of -13.59%
2025-01-19 14:35:16,479 - INFO - GPRE: 1mo change of -23.93%
2025-01-19 14:35:17,006 - INFO - Retrieved article length: 2292 characters
2025-01-19 14:35:17,020 - INFO - GPRO: 1h change of -1.41%
2025-01-19 14:35:17,076 - INFO - GPRO: 1wk change of -7.08%
2025-01-19 14:35:17,132 - INFO - GPRO: 1mo change of -12.50%
2025-01-19 14:35:17,633 - INFO - Processing GPRO - 2025-01-16 16:31:00 UTC
2025-01-19 14:35:18,149 - INFO - Processing GRAL - 2025-01-15 20:57:44 UTC
2025-01-19 14:35:18,844 - INFO - Retrieved article length: 12122 characters
2025-01-19 14:35:19,028 - INFO - GPRO: 1wk change of -8.70%
2025-01-19 14:35:19,111 - INFO - GPRO: 1mo change of -13.93%
2025-01-19 14:35:19,394 - INFO - Retrieved article length: 488 characters
2025-01-19 14:35:19,493 - INFO - GRAL: 1h change of -1.08%
2025-01-19 14:35:19,612 - INFO - Processing GPRO - 2025-01-08 14:12:24 UTC
2025-01-19 14:35:19,629 - INFO - GRAL: 1wk change of -11.44%
2025-01-19 14:35:19,724 - INFO - GRAL: 1mo change of -14.86%
2025-01-19 14:35:20,226 - INFO - Processing GRAL - 2025-01-14 02:49:00 UTC
2025-01-19 14:35:20,931 - INFO - Retrieved article length: 4039 characters
2025-01-19 14:35:21,018 - INFO - GPRO: 1h change of -5.63%
2025-01-19 14:35:21,101 - INFO - GPRO: 1wk change of -6.25%
2025-01-19 14:35:21,188 - INFO - GPRO: 1mo change of -16.00%
2025-01-19 14:35:21,488 - INFO - Retrieved article length: 10729 characters
2025-01-19 14:35:21,689 - INFO - Processing GPRO - 2025-01-06 16:38:00 UTC
2025-01-19 14:35:21,693 - INFO - GRAL: 1wk change of -11.44%
2025-01-19 14:35:21,793 - INFO - GRAL: 1mo change of -15.05%
2025-01-19 14:35:22,294 - INFO - Processing GRAL - 2024-12-25 14:02:20 UTC
2025-01-19 14:35:22,844 - INFO - Retrieved article length: 6109 characters
2025-01-19 14:35:22,932 - INFO - GPRO: 1h change of -2.16%
2025-01-19 14:35:23,017 - INFO - GPRO: 1wk change of -4.50%
2025-01-19 14:35:23,101 - INFO - GPRO: 1mo change of -16.00%
2025-01-19 14:35:23,520 - INFO - Retrieved article length: 6373 characters
2025-01-19 14:35:23,602 - INFO - Processing GPRO - 2024-12-20 12:08:36 UTC
2025-01-19 14:35:23,623 - INFO - GRAL: 1h change of 4.16%
2025-01-19 14:35:23,726 - INFO - GRAL: 1wk change of -14.47%
2025-01-19 14:35:23,823 - INFO - GRAL: 1mo change of 15.44%
2025-01-19 14:35:24,323 - INFO - Processing GRAL - 2024-12-19 00:01:00 UTC
2025-01-19 14:35:24,831 - INFO - Retrieved article length: 4484 characters
2025-01-19 14:35:24,917 - INFO - GPRO: 1h change of -4.17%
2025-01-19 14:35:25,008 - INFO - GPRO: 1wk change of -11.90%
2025-01-19 14:35:25,095 - INFO - GPRO: 1mo change of -13.22%
2025-01-19 14:35:25,455 - INFO - Retrieved article length: 1920 characters
2025-01-19 14:35:25,559 - INFO - GRAL: 1h change of -23.22%
2025-01-19 14:35:25,597 - INFO - Processing GPRO - 2024-12-13 13:31:00 UTC
2025-01-19 14:35:25,663 - INFO - GRAL: 1wk change of -10.17%
2025-01-19 14:35:25,761 - INFO - GRAL: 1mo change of 10.18%
2025-01-19 14:35:26,262 - INFO - Processing GRAL - 2024-12-16 21:43:18 UTC
2025-01-19 14:35:26,837 - INFO - Retrieved article length: 238 characters
2025-01-19 14:35:26,939 - INFO - GPRO: 1h change of -5.14%
2025-01-19 14:35:27,023 - INFO - GPRO: 1wk change of -12.80%
2025-01-19 14:35:27,110 - INFO - GPRO: 1mo change of -31.85%
2025-01-19 14:35:27,453 - INFO - Retrieved article length: 2676 characters
2025-01-19 14:35:27,556 - INFO - GRAL: 1h change of 3.14%
2025-01-19 14:35:27,612 - INFO - Processing GPRO - 2024-11-28 23:04:42 UTC
2025-01-19 14:35:27,660 - INFO - GRAL: 1wk change of -13.00%
2025-01-19 14:35:27,758 - INFO - GRAL: 1mo change of 13.86%
2025-01-19 14:35:28,260 - INFO - Processing GRAL - 2024-12-10 22:52:18 UTC
2025-01-19 14:35:28,838 - INFO - Retrieved article length: 6891 characters
2025-01-19 14:35:29,012 - INFO - GPRO: 1wk change of 5.04%
2025-01-19 14:35:29,101 - INFO - GPRO: 1mo change of -17.42%
2025-01-19 14:35:29,974 - INFO - Retrieved article length: 141 characters
2025-01-19 14:35:30,082 - INFO - GRAL: 1h change of -6.17%
2025-01-19 14:35:30,180 - INFO - GRAL: 1wk change of -8.49%
2025-01-19 14:35:30,282 - INFO - GRAL: 1mo change of 33.50%
2025-01-19 14:35:30,758 - INFO - Processing GRCE - 2025-01-07 16:00:00 UTC
2025-01-19 14:35:30,783 - INFO - Processing GRAL - 2024-12-04 00:01:00 UTC
2025-01-19 14:35:31,951 - INFO - Retrieved article length: 8325 characters
2025-01-19 14:35:32,040 - INFO - GRCE: 1h change of -1.69%
2025-01-19 14:35:32,044 - INFO - Retrieved article length: 2626 characters
2025-01-19 14:35:32,124 - INFO - GRCE: 1wk change of -12.73%
2025-01-19 14:35:32,144 - INFO - GRAL: 1h change of 16.39%
2025-01-19 14:35:32,208 - INFO - GRCE: 1mo change of 7.65%
2025-01-19 14:35:32,244 - INFO - GRAL: 1wk change of 25.34%
2025-01-19 14:35:32,344 - INFO - GRAL: 1mo change of 31.20%
2025-01-19 14:35:32,710 - INFO - Processing GRCE - 2024-12-20 20:10:32 UTC
2025-01-19 14:35:32,845 - INFO - Processing GRAL - 2024-11-27 19:21:42 UTC
2025-01-19 14:35:34,064 - INFO - Retrieved article length: 546 characters
2025-01-19 14:35:34,105 - INFO - Retrieved article length: 7041 characters
2025-01-19 14:35:34,165 - INFO - GRAL: 1h change of 4.67%
2025-01-19 14:35:34,195 - INFO - GRCE: 1h change of -1.54%
2025-01-19 14:35:34,264 - INFO - GRAL: 1wk change of 54.43%
2025-01-19 14:35:34,281 - INFO - GRCE: 1wk change of -10.17%
2025-01-19 14:35:34,360 - INFO - GRAL: 1mo change of 30.48%
2025-01-19 14:35:34,363 - INFO - GRCE: 1mo change of 17.68%
2025-01-19 14:35:34,864 - INFO - Processing GRCE - 2024-12-11 16:23:00 UTC
2025-01-19 14:35:36,230 - INFO - Retrieved article length: 7606 characters
2025-01-19 14:35:36,319 - INFO - GRCE: 1h change of -12.19%
2025-01-19 14:35:36,402 - INFO - GRCE: 1wk change of 15.76%
2025-01-19 14:35:36,487 - INFO - GRCE: 1mo change of 15.13%
2025-01-19 14:35:36,989 - INFO - Processing GRCE - 2024-12-04 16:00:00 UTC
2025-01-19 14:35:38,337 - INFO - Retrieved article length: 8598 characters
2025-01-19 14:35:38,424 - INFO - GRCE: 1h change of 24.93%
2025-01-19 14:35:38,527 - INFO - GRCE: 1wk change of 4.07%
2025-01-19 14:35:38,614 - INFO - GRCE: 1mo change of 36.13%
2025-01-19 14:35:39,116 - INFO - Processing GRCE - 2024-11-18 12:15:00 UTC
2025-01-19 14:35:40,369 - INFO - Retrieved article length: 10612 characters
2025-01-19 14:35:40,466 - INFO - GRCE: 1h change of 2.27%
2025-01-19 14:35:40,552 - INFO - GRCE: 1wk change of 14.24%
2025-01-19 14:35:40,637 - INFO - GRCE: 1mo change of 16.82%
2025-01-19 14:35:41,138 - INFO - Processing GRCE - 2024-11-15 20:09:09 UTC
2025-01-19 14:35:42,338 - INFO - Retrieved article length: 7061 characters
2025-01-19 14:35:42,428 - INFO - GRCE: 1h change of -1.32%
2025-01-19 14:35:42,512 - INFO - GRCE: 1wk change of 7.89%
2025-01-19 14:35:42,597 - INFO - GRCE: 1mo change of 21.56%
2025-01-19 14:35:43,098 - INFO - Processing GRCE - 2024-11-13 16:00:00 UTC
2025-01-19 14:35:44,414 - INFO - Retrieved article length: 16811 characters
2025-01-19 14:35:44,500 - INFO - GRCE: 1h change of 8.52%
2025-01-19 14:35:44,582 - INFO - GRCE: 1wk change of 4.46%
2025-01-19 14:35:44,665 - INFO - GRCE: 1mo change of 17.22%
2025-01-19 14:35:45,167 - INFO - Processing GRCE - 2024-11-04 11:00:00 UTC
2025-01-19 14:35:46,372 - INFO - Retrieved article length: 10501 characters
2025-01-19 14:35:46,466 - INFO - GRCE: 1h change of -3.21%
2025-01-19 14:35:46,548 - INFO - GRCE: 1wk change of -9.50%
2025-01-19 14:35:46,632 - INFO - GRCE: 1mo change of 50.00%
