2025-01-19 12:53:57,458 - INFO - Starting new training session. Logging to: logs/training_20250119_125357.log
2025-01-19 12:53:58,960 - INFO - Processing CCI - 2025-01-17 00:00:00 UTC
2025-01-19 12:53:58,978 - INFO - Processing CCK - 2025-01-16 12:02:49 UTC
2025-01-19 12:54:00,190 - INFO - Retrieved article length: 6659 characters
2025-01-19 12:54:00,212 - INFO - Retrieved article length: 8065 characters
2025-01-19 12:54:00,312 - INFO - CCK: 1h change of 3.17%
2025-01-19 12:54:00,352 - INFO - CCI: 1h change of 2.77%
2025-01-19 12:54:00,436 - INFO - CCK: 1wk change of 6.80%
2025-01-19 12:54:00,452 - INFO - CCI: 1wk change of 4.12%
2025-01-19 12:54:00,557 - INFO - CCI: 1mo change of -6.23%
2025-01-19 12:54:00,567 - INFO - CCK: 1mo change of -2.86%
2025-01-19 12:54:01,064 - INFO - Processing CCI - 2025-01-16 19:39:19 UTC
2025-01-19 12:54:01,069 - INFO - Processing CCK - 2025-01-15 00:08:11 UTC
2025-01-19 12:54:02,165 - INFO - Retrieved article length: 2864 characters
2025-01-19 12:54:02,213 - INFO - Retrieved article length: 5987 characters
2025-01-19 12:54:02,244 - INFO - CCK: 1h change of 5.98%
2025-01-19 12:54:02,302 - INFO - CCI: 1h change of 5.25%
2025-01-19 12:54:02,382 - INFO - CCK: 1wk change of 6.80%
2025-01-19 12:54:02,407 - INFO - CCI: 1wk change of 2.85%
2025-01-19 12:54:02,517 - INFO - CCK: 1mo change of -2.75%
2025-01-19 12:54:02,517 - INFO - CCI: 1mo change of -6.32%
2025-01-19 12:54:03,018 - INFO - Processing CCK - 2025-01-13 23:24:10 UTC
2025-01-19 12:54:03,019 - INFO - Processing CCI - 2025-01-16 17:10:00 UTC
2025-01-19 12:54:04,138 - INFO - Retrieved article length: 493 characters
2025-01-19 12:54:04,154 - INFO - Retrieved article length: 5211 characters
2025-01-19 12:54:04,165 - INFO - CCI: 1h change of 5.25%
2025-01-19 12:54:04,217 - INFO - CCI: 1wk change of 2.85%
2025-01-19 12:54:04,250 - INFO - CCK: 1h change of 4.53%
2025-01-19 12:54:04,268 - INFO - CCI: 1mo change of -6.32%
2025-01-19 12:54:04,371 - INFO - CCK: 1wk change of 6.23%
2025-01-19 12:54:04,488 - INFO - CCK: 1mo change of -3.02%
2025-01-19 12:54:04,770 - INFO - Processing CCI - 2025-01-15 16:11:51 UTC
2025-01-19 12:54:04,990 - INFO - Processing CCK - 2025-01-13 14:34:10 UTC
2025-01-19 12:54:06,073 - INFO - Retrieved article length: 524 characters
2025-01-19 12:54:06,159 - INFO - CCI: 1h change of 6.69%
2025-01-19 12:54:06,212 - INFO - Retrieved article length: 544 characters
2025-01-19 12:54:06,219 - INFO - CCK: 1h change of 4.53%
2025-01-19 12:54:06,263 - INFO - CCI: 1wk change of 2.85%
2025-01-19 12:54:06,263 - INFO - CCK: 1wk change of 6.23%
2025-01-19 12:54:06,315 - INFO - CCK: 1mo change of -3.02%
2025-01-19 12:54:06,418 - INFO - CCI: 1mo change of -6.71%
2025-01-19 12:54:06,816 - INFO - Processing CCK - 2025-01-13 12:03:32 UTC
2025-01-19 12:54:06,925 - INFO - Processing CCI - 2025-01-14 19:11:36 UTC
2025-01-19 12:54:08,021 - INFO - Retrieved article length: 6102 characters
2025-01-19 12:54:08,039 - INFO - CCK: 1h change of 4.53%
2025-01-19 12:54:08,087 - INFO - CCK: 1wk change of 6.23%
2025-01-19 12:54:08,133 - INFO - CCK: 1mo change of -3.02%
2025-01-19 12:54:08,172 - INFO - Retrieved article length: 5491 characters
2025-01-19 12:54:08,272 - INFO - CCI: 1h change of 1.93%
2025-01-19 12:54:08,376 - INFO - CCI: 1wk change of 2.85%
2025-01-19 12:54:08,488 - INFO - CCI: 1mo change of -7.99%
2025-01-19 12:54:08,635 - INFO - Processing CCK - 2025-01-10 18:07:54 UTC
2025-01-19 12:54:08,991 - INFO - Processing CCI - 2025-01-13 13:37:29 UTC
2025-01-19 12:54:09,881 - INFO - Retrieved article length: 514 characters
2025-01-19 12:54:10,105 - INFO - CCK: 1wk change of 3.47%
2025-01-19 12:54:10,152 - INFO - Retrieved article length: 538 characters
2025-01-19 12:54:10,223 - INFO - CCK: 1mo change of -3.19%
2025-01-19 12:54:10,254 - INFO - CCI: 1h change of 1.98%
2025-01-19 12:54:10,353 - INFO - CCI: 1wk change of 1.19%
2025-01-19 12:54:10,461 - INFO - CCI: 1mo change of -9.29%
2025-01-19 12:54:10,735 - INFO - Processing CCK - 2025-01-09 16:41:12 UTC
2025-01-19 12:54:10,968 - INFO - Processing CCI - 2025-01-08 13:56:55 UTC
2025-01-19 12:54:11,860 - INFO - Retrieved article length: 3102 characters
2025-01-19 12:54:11,939 - INFO - CCK: 1h change of -2.88%
2025-01-19 12:54:12,095 - INFO - CCK: 1wk change of 4.48%
2025-01-19 12:54:12,214 - INFO - CCK: 1mo change of -4.47%
2025-01-19 12:54:12,247 - INFO - Retrieved article length: 501 characters
2025-01-19 12:54:12,338 - INFO - CCI: 1h change of -2.06%
2025-01-19 12:54:12,444 - INFO - CCI: 1wk change of 1.43%
2025-01-19 12:54:12,546 - INFO - CCI: 1mo change of -10.56%
2025-01-19 12:54:12,716 - INFO - Processing CCK - 2025-01-08 17:40:11 UTC
2025-01-19 12:54:13,059 - INFO - Processing CCI - 2025-01-02 17:34:00 UTC
2025-01-19 12:54:13,880 - INFO - Retrieved article length: 2381 characters
2025-01-19 12:54:13,977 - INFO - CCK: 1h change of -1.40%
2025-01-19 12:54:14,143 - INFO - CCK: 1wk change of 4.48%
2025-01-19 12:54:14,240 - INFO - Retrieved article length: 4136 characters
2025-01-19 12:54:14,259 - INFO - CCK: 1mo change of -7.06%
2025-01-19 12:54:14,333 - INFO - CCI: 1h change of -1.01%
2025-01-19 12:54:14,441 - INFO - CCI: 1wk change of -7.07%
2025-01-19 12:54:14,546 - INFO - CCI: 1mo change of -12.92%
2025-01-19 12:54:15,909 - INFO - Processing CCL - 2025-01-18 23:44:00 UTC
2025-01-19 12:54:16,244 - INFO - Processing CCO - 2025-01-16 16:04:00 UTC
2025-01-19 12:54:17,085 - INFO - Retrieved article length: 6064 characters
2025-01-19 12:54:17,189 - INFO - CCL: 1h change of 4.47%
2025-01-19 12:54:17,308 - INFO - CCL: 1wk change of 6.91%
2025-01-19 12:54:17,372 - INFO - Retrieved article length: 5262 characters
2025-01-19 12:54:17,479 - INFO - CCO: 1h change of 1.71%
2025-01-19 12:54:17,568 - INFO - CCO: 1wk change of 1.36%
2025-01-19 12:54:17,934 - INFO - Processing CCL - 2025-01-18 00:19:51 UTC
2025-01-19 12:54:18,178 - INFO - Processing CCO - 2025-01-14 20:06:00 UTC
2025-01-19 12:54:19,101 - INFO - Retrieved article length: 173 characters
2025-01-19 12:54:19,157 - INFO - CCL: 1h change of 4.47%
2025-01-19 12:54:19,211 - INFO - CCL: 1wk change of 6.91%
2025-01-19 12:54:19,333 - INFO - Retrieved article length: 6494 characters
2025-01-19 12:54:19,445 - INFO - CCO: 1h change of 4.84%
2025-01-19 12:54:19,548 - INFO - CCO: 1wk change of 1.36%
2025-01-19 12:54:19,653 - INFO - CCO: 1mo change of -3.87%
2025-01-19 12:54:19,763 - INFO - Processing CCL - 2025-01-17 17:00:00 UTC
2025-01-19 12:54:20,163 - INFO - Processing CCO - 2025-01-10 14:51:30 UTC
2025-01-19 12:54:20,955 - INFO - Retrieved article length: 8592 characters
2025-01-19 12:54:21,068 - INFO - CCL: 1h change of 4.00%
2025-01-19 12:54:21,193 - INFO - CCL: 1wk change of 8.43%
2025-01-19 12:54:21,298 - INFO - Retrieved article length: 2284 characters
2025-01-19 12:54:21,380 - INFO - CCO: 1h change of 4.00%
2025-01-19 12:54:21,485 - INFO - CCO: 1wk change of 8.76%
2025-01-19 12:54:21,581 - INFO - CCO: 1mo change of -4.49%
2025-01-19 12:54:21,814 - INFO - Processing CCL - 2025-01-17 16:05:00 UTC
2025-01-19 12:54:22,084 - INFO - Processing CCO - 2025-01-09 21:18:11 UTC
2025-01-19 12:54:23,011 - INFO - Retrieved article length: 4660 characters
2025-01-19 12:54:23,017 - INFO - CCL: 1h change of 4.00%
2025-01-19 12:54:23,067 - INFO - CCL: 1wk change of 8.43%
2025-01-19 12:54:23,420 - INFO - Retrieved article length: 527 characters
2025-01-19 12:54:23,615 - INFO - CCO: 1wk change of 6.43%
2025-01-19 12:54:23,628 - INFO - Processing CCL - 2025-01-17 10:22:00 UTC
2025-01-19 12:54:23,706 - INFO - CCO: 1mo change of -3.87%
2025-01-19 12:54:24,213 - INFO - Processing CCO - 2025-01-09 18:23:18 UTC
2025-01-19 12:54:24,786 - INFO - Retrieved article length: 9322 characters
2025-01-19 12:54:24,797 - INFO - CCL: 1h change of 4.00%
2025-01-19 12:54:24,843 - INFO - CCL: 1wk change of 8.43%
2025-01-19 12:54:25,394 - INFO - Processing CCL - 2025-01-16 22:00:00 UTC
2025-01-19 12:54:25,396 - INFO - Retrieved article length: 3395 characters
2025-01-19 12:54:25,419 - INFO - CCO: 1wk change of 6.43%
2025-01-19 12:54:25,462 - INFO - CCO: 1mo change of -3.87%
2025-01-19 12:54:25,977 - INFO - Processing CCO - 2025-01-09 14:31:24 UTC
2025-01-19 12:54:26,449 - INFO - Retrieved article length: 7451 characters
2025-01-19 12:54:26,558 - INFO - CCL: 1h change of 6.36%
2025-01-19 12:54:26,679 - INFO - CCL: 1wk change of 7.13%
2025-01-19 12:54:26,798 - INFO - CCL: 1mo change of -1.26%
2025-01-19 12:54:27,243 - INFO - Retrieved article length: 539 characters
2025-01-19 12:54:27,268 - INFO - CCO: 1wk change of 6.43%
2025-01-19 12:54:27,311 - INFO - Processing CCL - 2025-01-16 19:30:00 UTC
2025-01-19 12:54:27,311 - INFO - CCO: 1mo change of -3.87%
2025-01-19 12:54:27,820 - INFO - Processing CCO - 2025-01-09 14:00:00 UTC
2025-01-19 12:54:28,471 - INFO - Retrieved article length: 4717 characters
2025-01-19 12:54:28,471 - INFO - CCL: 1h change of 6.36%
2025-01-19 12:54:28,523 - INFO - CCL: 1wk change of 7.13%
2025-01-19 12:54:28,571 - INFO - CCL: 1mo change of -1.26%
2025-01-19 12:54:28,941 - INFO - Retrieved article length: 8529 characters
2025-01-19 12:54:28,957 - INFO - CCO: 1wk change of 6.43%
2025-01-19 12:54:29,008 - INFO - CCO: 1mo change of -3.87%
2025-01-19 12:54:29,079 - INFO - Processing CCL - 2025-01-16 18:02:00 UTC
2025-01-19 12:54:29,522 - INFO - Processing CCO - 2025-01-06 13:53:26 UTC
2025-01-19 12:54:30,315 - INFO - Retrieved article length: 7547 characters
2025-01-19 12:54:30,315 - INFO - CCL: 1h change of 6.36%
2025-01-19 12:54:30,366 - INFO - CCL: 1wk change of 7.13%
2025-01-19 12:54:30,421 - INFO - CCL: 1mo change of -1.26%
2025-01-19 12:54:30,692 - INFO - Retrieved article length: 3817 characters
2025-01-19 12:54:30,790 - INFO - CCO: 1h change of -3.74%
2025-01-19 12:54:30,889 - INFO - CCO: 1wk change of 12.59%
2025-01-19 12:54:30,981 - INFO - CCO: 1mo change of -5.10%
2025-01-19 12:54:32,175 - INFO - Processing CCRN - 2024-12-27 12:00:00 UTC
2025-01-19 12:54:32,604 - INFO - Processing CCTG - 2024-12-28 00:00:00 UTC
2025-01-19 12:54:33,396 - INFO - Retrieved article length: 144 characters
2025-01-19 12:54:33,579 - INFO - CCRN: 1wk change of 1.73%
2025-01-19 12:54:33,662 - INFO - CCRN: 1mo change of 75.82%
2025-01-19 12:54:33,986 - INFO - Retrieved article length: 16909 characters
2025-01-19 12:54:34,130 - INFO - CCTG: 1h change of -4.00%
2025-01-19 12:54:34,168 - INFO - Processing CCRN - 2024-12-10 17:11:51 UTC
2025-01-19 12:54:34,232 - INFO - CCTG: 1wk change of 20.00%
2025-01-19 12:54:34,317 - INFO - CCTG: 1mo change of -2.26%
2025-01-19 12:54:35,395 - INFO - Retrieved article length: 518 characters
2025-01-19 12:54:35,577 - INFO - CCRN: 1wk change of 55.56%
2025-01-19 12:54:35,659 - INFO - CCRN: 1mo change of 58.86%
2025-01-19 12:54:35,997 - INFO - Processing CDE - 2025-01-15 18:08:58 UTC
2025-01-19 12:54:36,165 - INFO - Processing CCRN - 2024-12-05 18:37:26 UTC
2025-01-19 12:54:37,143 - INFO - Retrieved article length: 2527 characters
2025-01-19 12:54:37,242 - INFO - CDE: 1h change of 4.39%
2025-01-19 12:54:37,334 - INFO - CDE: 1wk change of 1.15%
2025-01-19 12:54:37,440 - INFO - Retrieved article length: 2698 characters
2025-01-19 12:54:37,440 - INFO - CDE: 1mo change of -16.26%
2025-01-19 12:54:37,577 - INFO - CCRN: 1h change of 60.84%
2025-01-19 12:54:37,676 - INFO - CCRN: 1wk change of 66.15%
2025-01-19 12:54:37,763 - INFO - CCRN: 1mo change of 59.86%
2025-01-19 12:54:37,953 - INFO - Processing CDE - 2025-01-15 00:30:00 UTC
2025-01-19 12:54:38,266 - INFO - Processing CCRN - 2024-12-04 21:56:24 UTC
2025-01-19 12:54:39,067 - INFO - Retrieved article length: 2015 characters
2025-01-19 12:54:39,067 - INFO - CDE: 1h change of 4.39%
2025-01-19 12:54:39,126 - INFO - CDE: 1wk change of 1.15%
2025-01-19 12:54:39,178 - INFO - CDE: 1mo change of -16.26%
2025-01-19 12:54:39,472 - INFO - Retrieved article length: 532 characters
2025-01-19 12:54:39,576 - INFO - CCRN: 1h change of 62.69%
2025-01-19 12:54:39,665 - INFO - CCRN: 1wk change of 66.15%
2025-01-19 12:54:39,685 - INFO - Processing CDE - 2025-01-10 00:30:00 UTC
2025-01-19 12:54:39,742 - INFO - CCRN: 1mo change of 55.73%
2025-01-19 12:54:40,254 - INFO - Processing CCRN - 2024-12-04 20:41:48 UTC
2025-01-19 12:54:40,912 - INFO - Retrieved article length: 1377 characters
2025-01-19 12:54:41,117 - INFO - CDE: 1wk change of 8.04%
2025-01-19 12:54:41,215 - INFO - CDE: 1mo change of -7.07%
2025-01-19 12:54:41,461 - INFO - Retrieved article length: 539 characters
2025-01-19 12:54:41,477 - INFO - CCRN: 1h change of 62.69%
2025-01-19 12:54:41,487 - INFO - CCRN: 1wk change of 66.15%
2025-01-19 12:54:41,493 - INFO - CCRN: 1mo change of 55.73%
2025-01-19 12:54:41,720 - INFO - Processing CDE - 2025-01-09 13:02:08 UTC
2025-01-19 12:54:41,996 - INFO - Processing CCRN - 2024-12-04 19:02:56 UTC
2025-01-19 12:54:42,882 - INFO - Retrieved article length: 6918 characters
2025-01-19 12:54:43,068 - INFO - CDE: 1wk change of 10.16%
2025-01-19 12:54:43,174 - INFO - CDE: 1mo change of -9.12%
2025-01-19 12:54:43,266 - INFO - Retrieved article length: 520 characters
2025-01-19 12:54:43,276 - INFO - CCRN: 1h change of 62.69%
2025-01-19 12:54:43,281 - INFO - CCRN: 1wk change of 66.15%
2025-01-19 12:54:43,287 - INFO - CCRN: 1mo change of 55.73%
2025-01-19 12:54:43,683 - INFO - Processing CDE - 2025-01-09 06:37:09 UTC
2025-01-19 12:54:43,787 - INFO - Processing CCRN - 2024-12-04 18:17:43 UTC
2025-01-19 12:54:44,915 - INFO - Retrieved article length: 499 characters
2025-01-19 12:54:44,915 - INFO - CCRN: 1h change of 62.69%
2025-01-19 12:54:44,928 - INFO - CCRN: 1wk change of 66.15%
2025-01-19 12:54:44,934 - INFO - CCRN: 1mo change of 55.73%
2025-01-19 12:54:44,952 - INFO - Retrieved article length: 2256 characters
2025-01-19 12:54:44,968 - INFO - CDE: 1wk change of 10.16%
2025-01-19 12:54:45,006 - INFO - CDE: 1mo change of -9.12%
2025-01-19 12:54:45,437 - INFO - Processing CCRN - 2024-12-04 17:14:50 UTC
2025-01-19 12:54:45,521 - INFO - Processing CDE - 2025-01-03 17:10:10 UTC
2025-01-19 12:54:46,600 - INFO - Retrieved article length: 507 characters
2025-01-19 12:54:46,615 - INFO - CCRN: 1h change of 62.69%
2025-01-19 12:54:46,627 - INFO - CCRN: 1wk change of 66.15%
2025-01-19 12:54:46,631 - INFO - CCRN: 1mo change of 55.73%
2025-01-19 12:54:46,677 - INFO - Retrieved article length: 5812 characters
2025-01-19 12:54:46,870 - INFO - CDE: 1wk change of 7.02%
2025-01-19 12:54:46,973 - INFO - CDE: 1mo change of -4.33%
2025-01-19 12:54:47,478 - INFO - Processing CDE - 2024-12-31 23:00:00 UTC
2025-01-19 12:54:48,280 - INFO - Processing CDIO - 2024-12-18 10:03:25 UTC
2025-01-19 12:54:48,739 - INFO - Retrieved article length: 6337 characters
2025-01-19 12:54:48,831 - INFO - CDE: 1h change of 3.16%
2025-01-19 12:54:48,941 - INFO - CDE: 1wk change of 10.09%
2025-01-19 12:54:49,056 - INFO - CDE: 1mo change of -3.13%
2025-01-19 12:54:49,542 - INFO - Retrieved article length: 5737 characters
2025-01-19 12:54:49,557 - INFO - Processing CDE - 2024-12-26 15:46:43 UTC
2025-01-19 12:54:49,633 - INFO - CDIO: 1h change of -23.02%
2025-01-19 12:54:49,722 - INFO - CDIO: 1wk change of 18.59%
2025-01-19 12:54:49,809 - INFO - CDIO: 1mo change of 72.08%
2025-01-19 12:54:50,323 - INFO - Processing CDIO - 2024-12-16 16:31:00 UTC
2025-01-19 12:54:50,723 - INFO - Retrieved article length: 2466 characters
2025-01-19 12:54:50,920 - INFO - CDE: 1wk change of -4.12%
2025-01-19 12:54:51,028 - INFO - CDE: 1mo change of -6.79%
2025-01-19 12:54:51,460 - INFO - Retrieved article length: 5453 characters
2025-01-19 12:54:51,544 - INFO - CDIO: 1h change of -35.09%
2025-01-19 12:54:51,630 - INFO - CDIO: 1wk change of 83.64%
2025-01-19 12:54:51,720 - INFO - CDIO: 1mo change of 30.54%
2025-01-19 12:54:52,222 - INFO - Processing CDIO - 2024-11-16 16:59:41 UTC
2025-01-19 12:54:52,719 - INFO - Processing CDLX - 2025-01-08 20:44:06 UTC
2025-01-19 12:54:53,391 - INFO - Retrieved article length: 1997 characters
2025-01-19 12:54:53,494 - INFO - CDIO: 1h change of -11.71%
2025-01-19 12:54:53,583 - INFO - CDIO: 1wk change of -25.07%
2025-01-19 12:54:53,668 - INFO - CDIO: 1mo change of 361.61%
2025-01-19 12:54:53,999 - INFO - Retrieved article length: 5877 characters
2025-01-19 12:54:54,103 - INFO - CDLX: 1h change of -5.90%
2025-01-19 12:54:54,173 - INFO - Processing CDIO - 2024-11-12 16:31:00 UTC
2025-01-19 12:54:54,205 - INFO - CDLX: 1wk change of -17.49%
2025-01-19 12:54:54,292 - INFO - CDLX: 1mo change of -17.28%
2025-01-19 12:54:54,794 - INFO - Processing CDLX - 2024-12-19 13:49:11 UTC
2025-01-19 12:54:55,348 - INFO - Retrieved article length: 5269 characters
2025-01-19 12:54:55,497 - INFO - CDIO: 1h change of -23.25%
2025-01-19 12:54:55,592 - INFO - CDIO: 1wk change of -11.47%
2025-01-19 12:54:55,669 - INFO - CDIO: 1mo change of 428.30%
2025-01-19 12:54:55,959 - INFO - Retrieved article length: 4190 characters
2025-01-19 12:54:56,056 - INFO - CDLX: 1h change of -2.12%
2025-01-19 12:54:56,148 - INFO - CDLX: 1wk change of -3.37%
2025-01-19 12:54:56,233 - INFO - CDLX: 1mo change of -12.10%
2025-01-19 12:54:56,740 - INFO - Processing CDLX - 2024-12-17 16:50:06 UTC
2025-01-19 12:54:57,342 - INFO - Processing CDMO - 2025-01-09 01:15:00 UTC
2025-01-19 12:54:57,954 - INFO - Retrieved article length: 4487 characters
2025-01-19 12:54:58,060 - INFO - CDLX: 1h change of -1.67%
2025-01-19 12:54:58,243 - INFO - CDLX: 1mo change of -25.30%
2025-01-19 12:54:58,538 - INFO - Retrieved article length: 11949 characters
2025-01-19 12:54:58,758 - INFO - Processing CDLX - 2024-12-06 23:33:41 UTC
2025-01-19 12:54:59,318 - INFO - Processing CDMO - 2024-12-30 17:47:37 UTC
2025-01-19 12:54:59,897 - INFO - Retrieved article length: 6378 characters
2025-01-19 12:55:00,011 - INFO - CDLX: 1h change of 1.41%
2025-01-19 12:55:00,095 - INFO - CDLX: 1wk change of -5.33%
2025-01-19 12:55:00,175 - INFO - CDLX: 1mo change of -19.86%
2025-01-19 12:55:00,641 - INFO - Retrieved article length: 512 characters
2025-01-19 12:55:00,689 - INFO - Processing CDLX - 2024-11-28 22:21:23 UTC
2025-01-19 12:55:01,410 - INFO - Processing CDMO - 2024-12-30 17:00:00 UTC
2025-01-19 12:55:01,834 - INFO - Retrieved article length: 7488 characters
2025-01-19 12:55:01,926 - INFO - CDLX: 1h change of 1.37%
2025-01-19 12:55:02,003 - INFO - CDLX: 1wk change of 14.83%
2025-01-19 12:55:02,104 - INFO - CDLX: 1mo change of -1.85%
2025-01-19 12:55:02,602 - INFO - Retrieved article length: 9573 characters
2025-01-19 12:55:02,619 - INFO - Processing CDLX - 2024-11-08 15:01:22 UTC
2025-01-19 12:55:03,176 - INFO - Processing CDMO - 2024-12-30 12:03:52 UTC
2025-01-19 12:55:03,802 - INFO - Retrieved article length: 2086 characters
2025-01-19 12:55:03,888 - INFO - CDLX: 1h change of -10.00%
2025-01-19 12:55:04,040 - INFO - CDLX: 1wk change of -15.29%
2025-01-19 12:55:04,140 - INFO - CDLX: 1mo change of 8.81%
2025-01-19 12:55:04,387 - INFO - Retrieved article length: 526 characters
2025-01-19 12:55:04,642 - INFO - Processing CDLX - 2024-11-07 20:01:19 UTC
2025-01-19 12:55:04,951 - INFO - Processing CDMO - 2024-12-30 12:03:20 UTC
2025-01-19 12:55:05,763 - INFO - Retrieved article length: 5030 characters
2025-01-19 12:55:05,860 - INFO - CDLX: 1h change of 1.99%
2025-01-19 12:55:05,954 - INFO - CDLX: 1wk change of -16.34%
2025-01-19 12:55:06,043 - INFO - CDLX: 1mo change of 28.43%
2025-01-19 12:55:06,227 - INFO - Retrieved article length: 524 characters
2025-01-19 12:55:06,554 - INFO - Processing CDLX - 2024-11-07 16:08:08 UTC
2025-01-19 12:55:06,800 - INFO - Processing CDMO - 2024-12-19 00:35:00 UTC
2025-01-19 12:55:07,699 - INFO - Retrieved article length: 395 characters
2025-01-19 12:55:07,699 - INFO - CDLX: 1h change of 1.99%
2025-01-19 12:55:07,715 - INFO - CDLX: 1wk change of -16.34%
2025-01-19 12:55:07,715 - INFO - CDLX: 1mo change of 28.43%
2025-01-19 12:55:08,082 - INFO - Retrieved article length: 16392 characters
2025-01-19 12:55:08,355 - INFO - CDMO: 1mo change of 3.86%
2025-01-19 12:55:08,856 - INFO - Processing CDMO - 2024-12-11 13:03:32 UTC
2025-01-19 12:55:09,380 - INFO - Processing CDNA - 2025-01-15 23:50:02 UTC
2025-01-19 12:55:09,960 - INFO - Retrieved article length: 909 characters
2025-01-19 12:55:10,303 - INFO - CDMO: 1mo change of 13.11%
2025-01-19 12:55:10,563 - INFO - Retrieved article length: 1974 characters
2025-01-19 12:55:10,664 - INFO - CDNA: 1h change of -7.62%
2025-01-19 12:55:10,751 - INFO - CDNA: 1wk change of -8.14%
2025-01-19 12:55:10,813 - INFO - Processing CDMO - 2024-12-11 00:05:00 UTC
2025-01-19 12:55:10,902 - INFO - CDNA: 1mo change of -11.33%
2025-01-19 12:55:11,403 - INFO - Processing CDNA - 2025-01-15 22:22:22 UTC
2025-01-19 12:55:11,928 - INFO - Retrieved article length: 11974 characters
2025-01-19 12:55:11,944 - INFO - CDMO: 1mo change of 13.11%
2025-01-19 12:55:12,509 - INFO - Retrieved article length: 492 characters
2025-01-19 12:55:12,511 - INFO - CDNA: 1h change of -7.62%
2025-01-19 12:55:12,571 - INFO - CDNA: 1wk change of -8.14%
2025-01-19 12:55:12,623 - INFO - CDNA: 1mo change of -11.33%
2025-01-19 12:55:13,125 - INFO - Processing CDNA - 2025-01-15 15:37:29 UTC
2025-01-19 12:55:13,580 - INFO - Processing CDNS - 2025-01-17 17:44:01 UTC
2025-01-19 12:55:14,336 - INFO - Retrieved article length: 535 characters
2025-01-19 12:55:14,336 - INFO - CDNA: 1h change of -7.62%
2025-01-19 12:55:14,389 - INFO - CDNA: 1wk change of -8.14%
2025-01-19 12:55:14,432 - INFO - CDNA: 1mo change of -11.33%
2025-01-19 12:55:14,836 - INFO - Retrieved article length: 535 characters
2025-01-19 12:55:14,946 - INFO - Processing CDNA - 2025-01-14 11:43:00 UTC
2025-01-19 12:55:15,010 - INFO - CDNS: 1wk change of 1.30%
2025-01-19 12:55:15,617 - INFO - Processing CDNS - 2025-01-17 02:00:19 UTC
2025-01-19 12:55:16,160 - INFO - Retrieved article length: 2742 characters
2025-01-19 12:55:16,265 - INFO - CDNA: 1h change of -5.06%
2025-01-19 12:55:16,355 - INFO - CDNA: 1wk change of -8.14%
2025-01-19 12:55:16,443 - INFO - CDNA: 1mo change of -10.93%
2025-01-19 12:55:16,770 - INFO - Retrieved article length: 3628 characters
2025-01-19 12:55:16,828 - INFO - CDNS: 1wk change of 1.30%
2025-01-19 12:55:16,955 - INFO - Processing CDNA - 2025-01-13 15:00:00 UTC
2025-01-19 12:55:17,381 - INFO - Processing CDNS - 2025-01-16 15:00:16 UTC
2025-01-19 12:55:18,175 - INFO - Retrieved article length: 6427 characters
2025-01-19 12:55:18,263 - INFO - CDNA: 1h change of -7.74%
2025-01-19 12:55:18,363 - INFO - CDNA: 1wk change of -3.99%
2025-01-19 12:55:18,450 - INFO - CDNA: 1mo change of -13.96%
2025-01-19 12:55:18,714 - INFO - Retrieved article length: 4644 characters
2025-01-19 12:55:18,811 - INFO - CDNS: 1h change of 3.86%
2025-01-19 12:55:18,958 - INFO - Processing CDNA - 2025-01-06 17:35:00 UTC
2025-01-19 12:55:19,503 - INFO - Processing CDNS - 2025-01-13 17:00:17 UTC
2025-01-19 12:55:20,165 - INFO - Retrieved article length: 2448 characters
2025-01-19 12:55:20,346 - INFO - CDNA: 1wk change of 7.63%
2025-01-19 12:55:20,451 - INFO - CDNA: 1mo change of -16.38%
2025-01-19 12:55:20,647 - INFO - Retrieved article length: 5972 characters
2025-01-19 12:55:20,933 - INFO - CDNS: 1mo change of -1.34%
2025-01-19 12:55:20,958 - INFO - Processing CDNA - 2025-01-02 21:07:29 UTC
2025-01-19 12:55:21,434 - INFO - Processing CDNS - 2025-01-10 17:30:11 UTC
2025-01-19 12:55:22,084 - INFO - Retrieved article length: 7316 characters
2025-01-19 12:55:22,172 - INFO - CDNA: 1h change of 4.86%
2025-01-19 12:55:22,257 - INFO - CDNA: 1wk change of 12.90%
2025-01-19 12:55:22,348 - INFO - CDNA: 1mo change of -12.63%
2025-01-19 12:55:22,637 - INFO - Retrieved article length: 5296 characters
2025-01-19 12:55:22,725 - INFO - CDNS: 1h change of -1.63%
2025-01-19 12:55:22,819 - INFO - CDNS: 1wk change of 1.71%
2025-01-19 12:55:22,856 - INFO - Processing CDNA - 2024-12-18 15:05:00 UTC
2025-01-19 12:55:23,412 - INFO - Processing CDNS - 2025-01-10 16:00:15 UTC
2025-01-19 12:55:24,016 - INFO - Retrieved article length: 1741 characters
2025-01-19 12:55:24,106 - INFO - CDNA: 1h change of -10.78%
2025-01-19 12:55:24,203 - INFO - CDNA: 1wk change of -15.37%
2025-01-19 12:55:24,296 - INFO - CDNA: 1mo change of -5.88%
2025-01-19 12:55:24,631 - INFO - Retrieved article length: 6054 characters
2025-01-19 12:55:24,631 - INFO - CDNS: 1h change of -1.63%
2025-01-19 12:55:24,683 - INFO - CDNS: 1wk change of 1.71%
2025-01-19 12:55:25,241 - INFO - Processing CDNS - 2025-01-10 01:50:21 UTC
2025-01-19 12:55:25,982 - INFO - Processing CDP - 2025-01-09 00:16:00 UTC
2025-01-19 12:55:26,412 - INFO - Retrieved article length: 3665 characters
2025-01-19 12:55:26,427 - INFO - CDNS: 1h change of -1.63%
2025-01-19 12:55:26,477 - INFO - CDNS: 1wk change of 1.71%
2025-01-19 12:55:27,036 - INFO - Processing CDNS - 2025-01-09 12:01:07 UTC
2025-01-19 12:55:27,147 - INFO - Retrieved article length: 4628 characters
2025-01-19 12:55:27,236 - INFO - CDP: 1h change of -1.78%
2025-01-19 12:55:27,369 - INFO - CDP: 1wk change of -3.19%
2025-01-19 12:55:27,496 - INFO - CDP: 1mo change of -8.45%
2025-01-19 12:55:27,999 - INFO - Processing CDP - 2024-11-19 21:30:00 UTC
2025-01-19 12:55:28,222 - INFO - Retrieved article length: 532 characters
2025-01-19 12:55:28,323 - INFO - CDNS: 1h change of -1.09%
2025-01-19 12:55:28,427 - INFO - CDNS: 1wk change of 1.24%
2025-01-19 12:55:29,210 - INFO - Retrieved article length: 2949 characters
2025-01-19 12:55:29,298 - INFO - CDP: 1h change of 4.18%
2025-01-19 12:55:29,436 - INFO - CDP: 1wk change of 1.23%
2025-01-19 12:55:29,593 - INFO - CDP: 1mo change of -3.33%
2025-01-19 12:55:30,102 - INFO - Processing CDP - 2024-11-15 00:16:00 UTC
2025-01-19 12:55:30,161 - INFO - Processing CDRO - 2024-12-28 17:47:12 UTC
2025-01-19 12:55:31,234 - INFO - Retrieved article length: 3105 characters
2025-01-19 12:55:31,320 - INFO - CDP: 1h change of -5.54%
2025-01-19 12:55:31,389 - INFO - Retrieved article length: 1737 characters
2025-01-19 12:55:31,446 - INFO - CDP: 1wk change of -2.00%
2025-01-19 12:55:31,485 - INFO - CDRO: 1h change of -4.55%
2025-01-19 12:55:31,577 - INFO - CDRO: 1wk change of -8.29%
2025-01-19 12:55:31,578 - INFO - CDP: 1mo change of -1.00%
2025-01-19 12:55:31,661 - INFO - CDRO: 1mo change of -17.49%
2025-01-19 12:55:32,079 - INFO - Processing CDP - 2024-10-30 12:00:50 UTC
2025-01-19 12:55:32,163 - INFO - Processing CDRO - 2024-11-28 15:20:10 UTC
2025-01-19 12:55:33,302 - INFO - Retrieved article length: 4695 characters
2025-01-19 12:55:33,400 - INFO - CDP: 1h change of -1.26%
2025-01-19 12:55:33,665 - INFO - CDP: 1mo change of 7.03%
2025-01-19 12:55:34,173 - INFO - Processing CDP - 2024-10-29 00:35:04 UTC
2025-01-19 12:55:34,462 - INFO - Retrieved article length: 1587 characters
2025-01-19 12:55:34,646 - INFO - CDRO: 1wk change of 4.22%
2025-01-19 12:55:34,723 - INFO - CDRO: 1mo change of -19.58%
2025-01-19 12:55:35,300 - INFO - Retrieved article length: 4305 characters
2025-01-19 12:55:35,531 - INFO - CDP: 1wk change of 1.50%
2025-01-19 12:55:35,667 - INFO - CDP: 1mo change of 7.58%
2025-01-19 12:55:36,169 - INFO - Processing CDP - 2024-10-28 23:17:00 UTC
2025-01-19 12:55:36,419 - INFO - Processing CDT - 2024-12-12 15:30:00 UTC
2025-01-19 12:55:37,667 - INFO - Retrieved article length: 6911 characters
2025-01-19 12:55:37,758 - INFO - CDT: 1h change of -10.33%
2025-01-19 12:55:37,773 - INFO - Retrieved article length: 26639 characters
2025-01-19 12:55:37,853 - INFO - CDT: 1wk change of -28.57%
2025-01-19 12:55:37,942 - INFO - CDT: 1mo change of -11.46%
2025-01-19 12:55:38,200 - INFO - CDP: 1mo change of 9.84%
2025-01-19 12:55:38,443 - INFO - Processing CDT - 2024-11-21 15:30:00 UTC
2025-01-19 12:55:38,715 - INFO - Processing CDP - 2024-10-28 23:16:00 UTC
2025-01-19 12:55:39,624 - INFO - Retrieved article length: 5433 characters
2025-01-19 12:55:39,714 - INFO - CDT: 1h change of 9.15%
2025-01-19 12:55:39,798 - INFO - CDT: 1wk change of 7.00%
2025-01-19 12:55:39,903 - INFO - CDT: 1mo change of -42.16%
2025-01-19 12:55:39,951 - INFO - Retrieved article length: 5088 characters
2025-01-19 12:55:39,972 - INFO - CDP: 1mo change of 9.84%
2025-01-19 12:55:40,404 - INFO - Processing CDT - 2024-11-20 00:30:00 UTC
2025-01-19 12:55:40,474 - INFO - Processing CDP - 2024-10-28 16:03:48 UTC
2025-01-19 12:55:41,558 - INFO - Retrieved article length: 6260 characters
2025-01-19 12:55:41,679 - INFO - CDT: 1h change of 19.77%
2025-01-19 12:55:41,717 - INFO - Retrieved article length: 3229 characters
2025-01-19 12:55:41,723 - INFO - CDP: 1mo change of 9.84%
2025-01-19 12:55:41,768 - INFO - CDT: 1wk change of 7.00%
2025-01-19 12:55:41,853 - INFO - CDT: 1mo change of -48.25%
2025-01-19 12:55:42,360 - INFO - Processing CDT - 2024-11-05 15:40:07 UTC
2025-01-19 12:55:43,368 - INFO - Processing CDTG - 2024-12-28 17:27:17 UTC
2025-01-19 12:55:43,760 - INFO - Retrieved article length: 1645 characters
2025-01-19 12:55:43,856 - INFO - CDT: 1h change of 17.84%
2025-01-19 12:55:43,947 - INFO - CDT: 1wk change of -12.96%
2025-01-19 12:55:44,033 - INFO - CDT: 1mo change of -15.09%
2025-01-19 12:55:44,491 - INFO - Retrieved article length: 2109 characters
2025-01-19 12:55:44,549 - INFO - Processing CDT - 2024-11-04 15:30:00 UTC
2025-01-19 12:55:44,591 - INFO - CDTG: 1h change of 5.20%
2025-01-19 12:55:44,674 - INFO - CDTG: 1wk change of 14.59%
2025-01-19 12:55:44,778 - INFO - CDTG: 1mo change of -50.90%
2025-01-19 12:55:45,279 - INFO - Processing CDTG - 2024-12-27 16:30:00 UTC
2025-01-19 12:55:45,726 - INFO - Retrieved article length: 6979 characters
2025-01-19 12:55:45,827 - INFO - CDT: 1h change of 21.26%
2025-01-19 12:55:45,917 - INFO - CDT: 1wk change of -15.18%
2025-01-19 12:55:46,009 - INFO - CDT: 1mo change of -21.85%
2025-01-19 12:55:46,510 - INFO - Processing CDT - 2024-11-01 23:45:00 UTC
2025-01-19 12:55:46,682 - INFO - Retrieved article length: 12112 characters
2025-01-19 12:55:46,781 - INFO - CDTG: 1h change of 5.20%
2025-01-19 12:55:46,870 - INFO - CDTG: 1wk change of 13.19%
2025-01-19 12:55:46,961 - INFO - CDTG: 1mo change of -57.19%
2025-01-19 12:55:47,816 - INFO - Retrieved article length: 5449 characters
2025-01-19 12:55:47,907 - INFO - CDT: 1h change of -20.36%
2025-01-19 12:55:47,992 - INFO - CDT: 1wk change of -3.54%
2025-01-19 12:55:48,077 - INFO - CDT: 1mo change of -24.00%
2025-01-19 12:55:48,622 - INFO - Processing CDTX - 2025-01-13 23:37:47 UTC
2025-01-19 12:55:49,703 - INFO - Retrieved article length: 2758 characters
2025-01-19 12:55:49,740 - INFO - Processing CDW - 2025-01-16 16:22:04 UTC
2025-01-19 12:55:49,780 - INFO - CDTX: 1h change of -10.67%
2025-01-19 12:55:49,882 - INFO - CDTX: 1wk change of -18.48%
2025-01-19 12:55:49,970 - INFO - CDTX: 1mo change of -3.60%
2025-01-19 12:55:50,472 - INFO - Processing CDTX - 2024-12-24 01:31:02 UTC
2025-01-19 12:55:50,965 - INFO - Retrieved article length: 3784 characters
2025-01-19 12:55:51,060 - INFO - CDW: 1h change of 2.64%
2025-01-19 12:55:51,156 - INFO - CDW: 1wk change of 5.27%
2025-01-19 12:55:51,265 - INFO - CDW: 1mo change of 6.00%
2025-01-19 12:55:51,755 - INFO - Retrieved article length: 494 characters
2025-01-19 12:55:51,768 - INFO - Processing CDW - 2024-12-27 16:51:27 UTC
2025-01-19 12:55:51,856 - INFO - CDTX: 1h change of -3.62%
2025-01-19 12:55:51,953 - INFO - CDTX: 1wk change of 17.37%
2025-01-19 12:55:52,039 - INFO - CDTX: 1mo change of 38.84%
2025-01-19 12:55:52,541 - INFO - Processing CDTX - 2024-12-13 14:24:01 UTC
2025-01-19 12:55:52,926 - INFO - Retrieved article length: 3148 characters
2025-01-19 12:55:53,125 - INFO - CDW: 1wk change of -1.38%
2025-01-19 12:55:53,237 - INFO - CDW: 1mo change of 5.83%
2025-01-19 12:55:53,709 - INFO - Retrieved article length: 526 characters
2025-01-19 12:55:53,738 - INFO - Processing CDW - 2024-12-24 20:14:00 UTC
2025-01-19 12:55:53,807 - INFO - CDTX: 1h change of 6.41%
2025-01-19 12:55:53,895 - INFO - CDTX: 1wk change of 31.11%
2025-01-19 12:55:53,999 - INFO - CDTX: 1mo change of 57.41%
2025-01-19 12:55:54,505 - INFO - Processing CDTX - 2024-12-05 19:07:21 UTC
2025-01-19 12:55:54,906 - INFO - Retrieved article length: 4383 characters
2025-01-19 12:55:55,098 - INFO - CDW: 1wk change of -4.36%
2025-01-19 12:55:55,203 - INFO - CDW: 1mo change of 8.81%
2025-01-19 12:55:55,706 - INFO - Processing CDW - 2024-12-22 16:51:09 UTC
2025-01-19 12:55:55,706 - INFO - Retrieved article length: 2462 characters
2025-01-19 12:55:55,806 - INFO - CDTX: 1h change of 29.73%
2025-01-19 12:55:55,923 - INFO - CDTX: 1wk change of 22.42%
2025-01-19 12:55:56,012 - INFO - CDTX: 1mo change of 91.38%
2025-01-19 12:55:56,515 - INFO - Processing CDTX - 2024-12-04 16:00:00 UTC
2025-01-19 12:55:56,787 - INFO - Retrieved article length: 4128 characters
2025-01-19 12:55:56,890 - INFO - CDW: 1h change of 1.39%
2025-01-19 12:55:57,000 - INFO - CDW: 1wk change of -2.25%
2025-01-19 12:55:57,094 - INFO - CDW: 1mo change of 6.36%
2025-01-19 12:55:57,605 - INFO - Processing CDW - 2024-12-05 14:06:29 UTC
2025-01-19 12:55:57,665 - INFO - Retrieved article length: 5838 characters
2025-01-19 12:55:57,865 - INFO - CDTX: 1wk change of 22.42%
2025-01-19 12:55:57,957 - INFO - CDTX: 1mo change of 110.44%
2025-01-19 12:55:58,458 - INFO - Processing CDTX - 2024-12-03 17:55:04 UTC
2025-01-19 12:55:58,815 - INFO - Retrieved article length: 4307 characters
2025-01-19 12:55:59,019 - INFO - CDW: 1wk change of -2.91%
2025-01-19 12:55:59,118 - INFO - CDW: 1mo change of -3.32%
2025-01-19 12:55:59,627 - INFO - Processing CDW - 2024-12-03 17:51:00 UTC
2025-01-19 12:55:59,661 - INFO - Retrieved article length: 2174 characters
2025-01-19 12:55:59,755 - INFO - CDTX: 1h change of -2.33%
2025-01-19 12:55:59,850 - INFO - CDTX: 1wk change of 15.78%
2025-01-19 12:55:59,948 - INFO - CDTX: 1mo change of 100.22%
2025-01-19 12:56:00,450 - INFO - Processing CDTX - 2024-11-21 17:35:38 UTC
2025-01-19 12:56:00,807 - INFO - Retrieved article length: 5811 characters
2025-01-19 12:56:00,996 - INFO - CDW: 1wk change of -1.81%
2025-01-19 12:56:01,100 - INFO - CDW: 1mo change of -18.18%
2025-01-19 12:56:01,584 - INFO - Retrieved article length: 493 characters
2025-01-19 12:56:01,601 - INFO - Processing CDW - 2024-12-02 16:30:00 UTC
2025-01-19 12:56:01,675 - INFO - CDTX: 1h change of 36.82%
2025-01-19 12:56:01,772 - INFO - CDTX: 1wk change of 51.39%
2025-01-19 12:56:01,863 - INFO - CDTX: 1mo change of 110.13%
2025-01-19 12:56:02,364 - INFO - Processing CDTX - 2024-11-21 16:30:00 UTC
2025-01-19 12:56:02,711 - INFO - Retrieved article length: 4205 characters
2025-01-19 12:56:02,807 - INFO - CDW: 1h change of 1.10%
2025-01-19 12:56:03,008 - INFO - CDW: 1mo change of -19.98%
2025-01-19 12:56:03,512 - INFO - Processing CDW - 2024-11-21 16:24:00 UTC
2025-01-19 12:56:03,559 - INFO - Retrieved article length: 6313 characters
2025-01-19 12:56:03,572 - INFO - CDTX: 1h change of 36.82%
2025-01-19 12:56:03,577 - INFO - CDTX: 1wk change of 51.39%
2025-01-19 12:56:03,583 - INFO - CDTX: 1mo change of 110.13%
2025-01-19 12:56:04,735 - INFO - Retrieved article length: 10530 characters
2025-01-19 12:56:04,851 - INFO - CDW: 1h change of 2.06%
2025-01-19 12:56:04,948 - INFO - CDW: 1wk change of -10.75%
2025-01-19 12:56:05,048 - INFO - CDW: 1mo change of -19.99%
2025-01-19 12:56:05,232 - INFO - Processing CDXC - 2025-01-06 16:32:00 UTC
2025-01-19 12:56:06,464 - INFO - Retrieved article length: 3562 characters
2025-01-19 12:56:06,560 - INFO - CDXC: 1h change of -2.36%
2025-01-19 12:56:06,644 - INFO - CDXC: 1wk change of 4.53%
2025-01-19 12:56:06,742 - INFO - Processing CDXS - 2025-01-17 00:05:00 UTC
2025-01-19 12:56:06,748 - INFO - CDXC: 1mo change of -21.43%
2025-01-19 12:56:07,249 - INFO - Processing CDXC - 2025-01-03 17:02:22 UTC
2025-01-19 12:56:07,888 - INFO - Retrieved article length: 6748 characters
2025-01-19 12:56:07,979 - INFO - CDXS: 1h change of 4.38%
2025-01-19 12:56:08,167 - INFO - CDXS: 1mo change of -9.58%
2025-01-19 12:56:08,449 - INFO - Retrieved article length: 6411 characters
2025-01-19 12:56:08,540 - INFO - CDXC: 1h change of 2.13%
2025-01-19 12:56:08,618 - INFO - CDXC: 1wk change of -3.13%
2025-01-19 12:56:08,671 - INFO - Processing CDXS - 2025-01-11 00:05:00 UTC
2025-01-19 12:56:08,719 - INFO - CDXC: 1mo change of -23.06%
2025-01-19 12:56:09,225 - INFO - Processing CDXC - 2024-12-26 17:48:00 UTC
2025-01-19 12:56:10,040 - INFO - Retrieved article length: 2530 characters
2025-01-19 12:56:10,131 - INFO - CDXS: 1h change of -3.91%
2025-01-19 12:56:10,302 - INFO - CDXS: 1mo change of -8.26%
2025-01-19 12:56:10,392 - INFO - Retrieved article length: 9346 characters
2025-01-19 12:56:10,476 - INFO - CDXC: 1h change of 3.27%
2025-01-19 12:56:10,567 - INFO - CDXC: 1wk change of -10.41%
2025-01-19 12:56:10,652 - INFO - CDXC: 1mo change of -22.15%
2025-01-19 12:56:10,802 - INFO - Processing CDXS - 2025-01-10 15:31:23 UTC
2025-01-19 12:56:11,157 - INFO - Processing CDXC - 2024-12-24 19:49:00 UTC
2025-01-19 12:56:11,955 - INFO - Retrieved article length: 7834 characters
2025-01-19 12:56:12,044 - INFO - CDXS: 1h change of -6.81%
2025-01-19 12:56:12,137 - INFO - CDXS: 1wk change of 4.82%
2025-01-19 12:56:12,224 - INFO - CDXS: 1mo change of 5.71%
2025-01-19 12:56:12,331 - INFO - Retrieved article length: 7345 characters
2025-01-19 12:56:12,431 - INFO - CDXC: 1h change of 3.71%
2025-01-19 12:56:12,518 - INFO - CDXC: 1wk change of -10.89%
2025-01-19 12:56:12,614 - INFO - CDXC: 1mo change of -21.01%
2025-01-19 12:56:12,726 - INFO - Processing CDXS - 2025-01-02 16:45:55 UTC
2025-01-19 12:56:13,116 - INFO - Processing CDXC - 2024-12-20 18:02:36 UTC
2025-01-19 12:56:14,011 - INFO - Retrieved article length: 485 characters
2025-01-19 12:56:14,150 - INFO - CDXS: 1h change of 13.60%
2025-01-19 12:56:14,237 - INFO - CDXS: 1wk change of -10.95%
2025-01-19 12:56:14,295 - INFO - Retrieved article length: 6878 characters
2025-01-19 12:56:14,323 - INFO - CDXS: 1mo change of 9.17%
2025-01-19 12:56:14,387 - INFO - CDXC: 1h change of -8.35%
2025-01-19 12:56:14,474 - INFO - CDXC: 1wk change of -17.73%
2025-01-19 12:56:14,564 - INFO - CDXC: 1mo change of -12.90%
2025-01-19 12:56:14,823 - INFO - Processing CDXS - 2024-12-14 15:14:29 UTC
2025-01-19 12:56:15,065 - INFO - Processing CDXC - 2024-12-20 13:04:04 UTC
2025-01-19 12:56:16,060 - INFO - Retrieved article length: 6226 characters
2025-01-19 12:56:16,151 - INFO - CDXS: 1h change of -4.24%
2025-01-19 12:56:16,320 - INFO - Retrieved article length: 7451 characters
2025-01-19 12:56:16,330 - INFO - CDXC: 1h change of -8.35%
2025-01-19 12:56:16,332 - INFO - CDXS: 1mo change of 23.15%
2025-01-19 12:56:16,338 - INFO - CDXC: 1wk change of -17.73%
2025-01-19 12:56:16,390 - INFO - CDXC: 1mo change of -12.90%
2025-01-19 12:56:16,833 - INFO - Processing CDXS - 2024-11-20 00:05:00 UTC
2025-01-19 12:56:16,891 - INFO - Processing CDXC - 2024-12-10 13:42:32 UTC
2025-01-19 12:56:18,030 - INFO - Retrieved article length: 4031 characters
2025-01-19 12:56:18,124 - INFO - CDXC: 1h change of -4.16%
2025-01-19 12:56:18,126 - INFO - Retrieved article length: 1860 characters
2025-01-19 12:56:18,215 - INFO - CDXC: 1wk change of -28.44%
2025-01-19 12:56:18,217 - INFO - CDXS: 1h change of 16.65%
2025-01-19 12:56:18,304 - INFO - CDXC: 1mo change of -13.91%
2025-01-19 12:56:18,309 - INFO - CDXS: 1wk change of 12.81%
2025-01-19 12:56:18,395 - INFO - CDXS: 1mo change of 42.05%
2025-01-19 12:56:18,808 - INFO - Processing CDXC - 2024-12-03 16:34:00 UTC
2025-01-19 12:56:18,896 - INFO - Processing CDXS - 2024-11-15 00:05:00 UTC
2025-01-19 12:56:20,014 - INFO - Retrieved article length: 7258 characters
2025-01-19 12:56:20,079 - INFO - Retrieved article length: 12509 characters
2025-01-19 12:56:20,097 - INFO - CDXC: 1h change of -1.57%
2025-01-19 12:56:20,175 - INFO - CDXS: 1h change of -3.47%
2025-01-19 12:56:20,191 - INFO - CDXC: 1wk change of -14.48%
2025-01-19 12:56:20,261 - INFO - CDXS: 1wk change of 20.68%
2025-01-19 12:56:20,282 - INFO - CDXC: 1mo change of 48.62%
2025-01-19 12:56:20,340 - INFO - CDXS: 1mo change of 62.54%
2025-01-19 12:56:20,850 - INFO - Processing CDXS - 2024-11-13 00:05:00 UTC
2025-01-19 12:56:21,939 - INFO - Processing CE - 2025-01-17 00:15:00 UTC
2025-01-19 12:56:22,068 - INFO - Retrieved article length: 6387 characters
2025-01-19 12:56:22,164 - INFO - CDXS: 1h change of -8.34%
2025-01-19 12:56:22,249 - INFO - CDXS: 1wk change of 32.09%
2025-01-19 12:56:22,333 - INFO - CDXS: 1mo change of 82.20%
2025-01-19 12:56:23,243 - INFO - Retrieved article length: 6581 characters
2025-01-19 12:56:23,350 - INFO - CE: 1h change of 2.35%
2025-01-19 12:56:23,466 - INFO - CE: 1wk change of 9.52%
2025-01-19 12:56:23,575 - INFO - CE: 1mo change of 5.88%
2025-01-19 12:56:24,002 - INFO - Processing CEAD - 2024-12-03 17:20:00 UTC
2025-01-19 12:56:24,076 - INFO - Processing CE - 2025-01-15 22:34:00 UTC
2025-01-19 12:56:25,188 - INFO - Retrieved article length: 2605 characters
2025-01-19 12:56:25,205 - INFO - Retrieved article length: 7065 characters
2025-01-19 12:56:25,280 - INFO - CE: 1h change of 8.34%
2025-01-19 12:56:25,292 - INFO - CEAD: 1h change of 21.35%
2025-01-19 12:56:25,377 - INFO - CE: 1wk change of 9.93%
2025-01-19 12:56:25,431 - INFO - CEAD: 1wk change of 38.93%
2025-01-19 12:56:25,492 - INFO - CE: 1mo change of 6.72%
2025-01-19 12:56:25,516 - INFO - CEAD: 1mo change of 12.46%
2025-01-19 12:56:25,993 - INFO - Processing CE - 2025-01-15 13:03:35 UTC
2025-01-19 12:56:26,016 - INFO - Processing CEAD - 2024-11-17 16:54:39 UTC
2025-01-19 12:56:27,100 - INFO - Retrieved article length: 508 characters
2025-01-19 12:56:27,116 - INFO - CE: 1h change of 8.34%
2025-01-19 12:56:27,116 - INFO - Retrieved article length: 1660 characters
2025-01-19 12:56:27,159 - INFO - CE: 1wk change of 9.93%
2025-01-19 12:56:27,210 - INFO - CEAD: 1h change of -3.29%
2025-01-19 12:56:27,221 - INFO - CE: 1mo change of 6.72%
2025-01-19 12:56:27,284 - INFO - CEAD: 1wk change of -11.81%
2025-01-19 12:56:27,380 - INFO - CEAD: 1mo change of 17.88%
2025-01-19 12:56:27,723 - INFO - Processing CE - 2025-01-15 01:45:00 UTC
2025-01-19 12:56:27,881 - INFO - Processing CEAD - 2024-11-15 00:15:00 UTC
2025-01-19 12:56:28,930 - INFO - Retrieved article length: 4013 characters
2025-01-19 12:56:28,967 - INFO - CE: 1h change of 8.34%
2025-01-19 12:56:29,015 - INFO - CE: 1wk change of 9.93%
2025-01-19 12:56:29,075 - INFO - CE: 1mo change of 6.72%
2025-01-19 12:56:29,266 - INFO - Retrieved article length: 10671 characters
2025-01-19 12:56:29,358 - INFO - CEAD: 1h change of 6.84%
2025-01-19 12:56:29,442 - INFO - CEAD: 1wk change of -12.71%
2025-01-19 12:56:29,537 - INFO - CEAD: 1mo change of 14.61%
2025-01-19 12:56:29,576 - INFO - Processing CE - 2025-01-15 00:30:14 UTC
2025-01-19 12:56:30,777 - INFO - Retrieved article length: 5625 characters
2025-01-19 12:56:30,787 - INFO - CE: 1h change of 8.34%
2025-01-19 12:56:30,843 - INFO - CE: 1wk change of 9.93%
2025-01-19 12:56:30,892 - INFO - CE: 1mo change of 6.72%
2025-01-19 12:56:31,167 - INFO - Processing CEG - 2025-01-17 15:05:51 UTC
2025-01-19 12:56:31,393 - INFO - Processing CE - 2025-01-14 21:46:31 UTC
2025-01-19 12:56:32,451 - INFO - Retrieved article length: 1602 characters
2025-01-19 12:56:32,546 - INFO - CEG: 1h change of 5.17%
2025-01-19 12:56:32,632 - INFO - CEG: 1wk change of 23.76%
2025-01-19 12:56:32,647 - INFO - Retrieved article length: 489 characters
2025-01-19 12:56:32,722 - INFO - CEG: 1mo change of 32.33%
2025-01-19 12:56:32,807 - INFO - CE: 1h change of 6.96%
2025-01-19 12:56:32,936 - INFO - CE: 1wk change of 9.93%
2025-01-19 12:56:33,048 - INFO - CE: 1mo change of 4.25%
2025-01-19 12:56:33,223 - INFO - Processing CEG - 2025-01-15 18:49:00 UTC
2025-01-19 12:56:33,549 - INFO - Processing CE - 2025-01-14 16:55:12 UTC
2025-01-19 12:56:34,387 - INFO - Retrieved article length: 4088 characters
2025-01-19 12:56:34,479 - INFO - CEG: 1h change of 11.05%
2025-01-19 12:56:34,568 - INFO - CEG: 1wk change of 19.71%
2025-01-19 12:56:34,655 - INFO - CEG: 1mo change of 33.71%
2025-01-19 12:56:34,688 - INFO - Retrieved article length: 1952 characters
2025-01-19 12:56:34,696 - INFO - CE: 1h change of 6.96%
2025-01-19 12:56:34,748 - INFO - CE: 1wk change of 9.93%
2025-01-19 12:56:34,799 - INFO - CE: 1mo change of 4.25%
2025-01-19 12:56:35,156 - INFO - Processing CEG - 2025-01-15 17:37:06 UTC
2025-01-19 12:56:35,300 - INFO - Processing CE - 2025-01-14 13:14:00 UTC
2025-01-19 12:56:36,289 - INFO - Retrieved article length: 459 characters
2025-01-19 12:56:36,298 - INFO - CEG: 1h change of 11.05%
2025-01-19 12:56:36,355 - INFO - CEG: 1wk change of 19.71%
2025-01-19 12:56:36,407 - INFO - CEG: 1mo change of 33.71%
2025-01-19 12:56:36,550 - INFO - Retrieved article length: 215 characters
2025-01-19 12:56:36,566 - INFO - CE: 1h change of 6.96%
2025-01-19 12:56:36,631 - INFO - CE: 1wk change of 9.93%
2025-01-19 12:56:36,690 - INFO - CE: 1mo change of 4.25%
2025-01-19 12:56:36,908 - INFO - Processing CEG - 2025-01-14 08:01:00 UTC
2025-01-19 12:56:38,129 - INFO - Retrieved article length: 462 characters
2025-01-19 12:56:38,219 - INFO - CEG: 1h change of 5.97%
2025-01-19 12:56:38,321 - INFO - CEG: 1wk change of 19.71%
2025-01-19 12:56:38,413 - INFO - CEG: 1mo change of 36.16%
2025-01-19 12:56:38,487 - INFO - Processing CELC - 2024-12-11 15:05:00 UTC
2025-01-19 12:56:38,914 - INFO - Processing CEG - 2025-01-13 01:15:10 UTC
2025-01-19 12:56:39,685 - INFO - Retrieved article length: 7442 characters
2025-01-19 12:56:39,787 - INFO - CELC: 1h change of -3.44%
2025-01-19 12:56:39,878 - INFO - CELC: 1wk change of -1.35%
2025-01-19 12:56:39,970 - INFO - CELC: 1mo change of -35.20%
2025-01-19 12:56:40,083 - INFO - Retrieved article length: 2916 characters
2025-01-19 12:56:40,181 - INFO - CEG: 1h change of 1.78%
2025-01-19 12:56:40,274 - INFO - CEG: 1wk change of 25.34%
2025-01-19 12:56:40,369 - INFO - CEG: 1mo change of 31.90%
2025-01-19 12:56:40,470 - INFO - Processing CELC - 2024-11-15 10:20:07 UTC
2025-01-19 12:56:40,870 - INFO - Processing CEG - 2025-01-12 16:00:00 UTC
2025-01-19 12:56:41,683 - INFO - Retrieved article length: 4815 characters
2025-01-19 12:56:41,785 - INFO - CELC: 1h change of -14.99%
2025-01-19 12:56:41,875 - INFO - CELC: 1wk change of -13.39%
2025-01-19 12:56:41,967 - INFO - CELC: 1mo change of -20.84%
2025-01-19 12:56:42,055 - INFO - Retrieved article length: 172 characters
2025-01-19 12:56:42,153 - INFO - CEG: 1h change of -5.45%
2025-01-19 12:56:42,246 - INFO - CEG: 1wk change of 30.40%
2025-01-19 12:56:42,342 - INFO - CEG: 1mo change of 31.90%
2025-01-19 12:56:42,467 - INFO - Processing CELC - 2024-11-15 00:01:00 UTC
2025-01-19 12:56:42,843 - INFO - Processing CEG - 2025-01-11 16:00:14 UTC
2025-01-19 12:56:44,036 - INFO - Retrieved article length: 15901 characters
2025-01-19 12:56:44,051 - INFO - CELC: 1h change of -14.99%
2025-01-19 12:56:44,061 - INFO - CELC: 1wk change of -13.39%
2025-01-19 12:56:44,071 - INFO - CELC: 1mo change of -20.84%
2025-01-19 12:56:44,089 - INFO - Retrieved article length: 150 characters
2025-01-19 12:56:44,189 - INFO - CEG: 1h change of 3.29%
2025-01-19 12:56:44,286 - INFO - CEG: 1wk change of 30.40%
2025-01-19 12:56:44,374 - INFO - CEG: 1mo change of 31.90%
2025-01-19 12:56:44,572 - INFO - Processing CELC - 2024-11-12 15:05:00 UTC
2025-01-19 12:56:44,875 - INFO - Processing CEG - 2025-01-11 01:28:04 UTC
2025-01-19 12:56:45,594 - INFO - CEG: 1h change of 3.29%
2025-01-19 12:56:45,656 - INFO - CEG: 1wk change of 30.40%
2025-01-19 12:56:45,711 - INFO - CEG: 1mo change of 31.90%
2025-01-19 12:56:45,969 - INFO - Retrieved article length: 2550 characters
2025-01-19 12:56:46,071 - INFO - CELC: 1h change of -5.99%
2025-01-19 12:56:46,160 - INFO - CELC: 1wk change of -17.12%
2025-01-19 12:56:46,247 - INFO - CELC: 1mo change of -17.76%
2025-01-19 12:56:46,749 - INFO - Processing CELC - 2024-11-07 15:05:00 UTC
2025-01-19 12:56:47,329 - INFO - Processing CELH - 2025-01-19 12:12:00 UTC
2025-01-19 12:56:48,047 - INFO - Retrieved article length: 2690 characters
2025-01-19 12:56:48,144 - INFO - CELC: 1h change of 5.83%
2025-01-19 12:56:48,247 - INFO - CELH: 1wk change of 1.76%
2025-01-19 12:56:48,288 - INFO - CELC: 1wk change of -19.57%
2025-01-19 12:56:48,342 - INFO - CELH: 1mo change of -11.99%
2025-01-19 12:56:48,379 - INFO - CELC: 1mo change of -13.29%
2025-01-19 12:56:48,842 - INFO - Processing CELH - 2025-01-16 17:28:38 UTC
2025-01-19 12:56:50,029 - INFO - Processing CELU - 2024-12-10 16:00:00 UTC
2025-01-19 12:56:50,113 - INFO - Retrieved article length: 513 characters
2025-01-19 12:56:50,325 - INFO - CELH: 1wk change of -5.88%
2025-01-19 12:56:50,412 - INFO - CELH: 1mo change of -14.88%
2025-01-19 12:56:50,913 - INFO - Processing CELH - 2025-01-16 11:25:00 UTC
2025-01-19 12:56:51,318 - INFO - Retrieved article length: 5926 characters
2025-01-19 12:56:51,414 - INFO - CELU: 1h change of -1.88%
2025-01-19 12:56:51,578 - INFO - CELU: 1wk change of 12.94%
2025-01-19 12:56:51,695 - INFO - CELU: 1mo change of 33.55%
2025-01-19 12:56:52,196 - INFO - Processing CELU - 2024-12-06 16:00:00 UTC
2025-01-19 12:56:52,384 - INFO - Retrieved article length: 5178 characters
2025-01-19 12:56:52,468 - INFO - CELH: 1wk change of -5.88%
2025-01-19 12:56:52,525 - INFO - CELH: 1mo change of -14.88%
2025-01-19 12:56:53,026 - INFO - Processing CELH - 2025-01-16 01:45:21 UTC
2025-01-19 12:56:53,360 - INFO - Retrieved article length: 7142 characters
2025-01-19 12:56:53,471 - INFO - CELU: 1h change of 10.48%
2025-01-19 12:56:53,634 - INFO - CELU: 1wk change of -22.11%
2025-01-19 12:56:53,793 - INFO - CELU: 1mo change of 50.69%
2025-01-19 12:56:54,146 - INFO - Retrieved article length: 3491 characters
2025-01-19 12:56:54,225 - INFO - CELH: 1wk change of -5.88%
2025-01-19 12:56:54,282 - INFO - CELH: 1mo change of -14.88%
2025-01-19 12:56:54,295 - INFO - Processing CELU - 2024-11-28 01:00:00 UTC
2025-01-19 12:56:54,785 - INFO - Processing CELH - 2025-01-14 15:55:00 UTC
2025-01-19 12:56:55,563 - INFO - Retrieved article length: 6606 characters
2025-01-19 12:56:55,736 - INFO - CELU: 1h change of -29.62%
2025-01-19 12:56:55,832 - INFO - CELU: 1wk change of -14.80%
2025-01-19 12:56:55,923 - INFO - CELU: 1mo change of -4.59%
2025-01-19 12:56:55,985 - INFO - Retrieved article length: 6766 characters
2025-01-19 12:56:56,092 - INFO - CELH: 1h change of 4.19%
2025-01-19 12:56:56,185 - INFO - CELH: 1wk change of -5.88%
2025-01-19 12:56:56,284 - INFO - CELH: 1mo change of -11.04%
2025-01-19 12:56:56,424 - INFO - Processing CELU - 2024-11-20 16:30:00 UTC
2025-01-19 12:56:56,785 - INFO - Processing CELH - 2025-01-12 16:39:00 UTC
2025-01-19 12:56:57,584 - INFO - CELH: 1h change of -1.38%
2025-01-19 12:56:57,712 - INFO - Retrieved article length: 8451 characters
2025-01-19 12:56:57,768 - INFO - CELH: 1mo change of -10.90%
2025-01-19 12:56:57,804 - INFO - CELU: 1h change of 14.17%
2025-01-19 12:56:57,949 - INFO - CELU: 1wk change of -40.35%
2025-01-19 12:56:58,047 - INFO - CELU: 1mo change of -17.99%
2025-01-19 12:56:58,270 - INFO - Processing CELH - 2025-01-11 22:21:56 UTC
2025-01-19 12:56:58,547 - INFO - Processing CELU - 2024-11-07 16:00:00 UTC
2025-01-19 12:56:59,519 - INFO - Retrieved article length: 2837 characters
2025-01-19 12:56:59,618 - INFO - CELH: 1h change of -2.76%
2025-01-19 12:56:59,817 - INFO - CELH: 1mo change of -10.90%
2025-01-19 12:56:59,892 - INFO - Retrieved article length: 8189 characters
2025-01-19 12:57:00,001 - INFO - CELU: 1h change of 137.16%
2025-01-19 12:57:00,127 - INFO - CELU: 1wk change of 43.94%
2025-01-19 12:57:00,222 - INFO - CELU: 1mo change of -14.07%
2025-01-19 12:57:00,318 - INFO - Processing CELH - 2025-01-09 17:00:16 UTC
2025-01-19 12:57:00,728 - INFO - Processing CELU - 2024-10-23 15:30:00 UTC
2025-01-19 12:57:01,639 - INFO - Retrieved article length: 5927 characters
2025-01-19 12:57:01,736 - INFO - CELH: 1h change of -8.13%
2025-01-19 12:57:01,823 - INFO - CELH: 1wk change of 5.34%
2025-01-19 12:57:01,921 - INFO - CELH: 1mo change of -2.37%
2025-01-19 12:57:01,958 - INFO - Retrieved article length: 6533 characters
2025-01-19 12:57:02,070 - INFO - CELU: 1h change of -13.11%
2025-01-19 12:57:02,164 - INFO - CELU: 1wk change of -48.01%
2025-01-19 12:57:02,255 - INFO - CELU: 1mo change of 11.33%
2025-01-19 12:57:02,756 - INFO - Processing CELU - 2024-10-22 15:30:00 UTC
2025-01-19 12:57:03,614 - INFO - Processing CELZ - 2024-11-13 17:00:00 UTC
2025-01-19 12:57:03,949 - INFO - Retrieved article length: 9117 characters
2025-01-19 12:57:04,052 - INFO - CELU: 1h change of -8.49%
2025-01-19 12:57:04,143 - INFO - CELU: 1wk change of -50.18%
2025-01-19 12:57:04,242 - INFO - CELU: 1mo change of 8.30%
2025-01-19 12:57:04,869 - INFO - Retrieved article length: 4385 characters
2025-01-19 12:57:04,967 - INFO - CELZ: 1h change of -6.32%
2025-01-19 12:57:05,084 - INFO - CELZ: 1wk change of -27.49%
2025-01-19 12:57:05,183 - INFO - CELZ: 1mo change of -36.91%
2025-01-19 12:57:05,684 - INFO - Processing CELZ - 2024-11-10 17:19:55 UTC
2025-01-19 12:57:05,906 - INFO - Processing CENN - 2025-01-14 16:31:00 UTC
2025-01-19 12:57:06,945 - INFO - Retrieved article length: 1894 characters
2025-01-19 12:57:07,044 - INFO - CELZ: 1h change of -9.53%
2025-01-19 12:57:07,133 - INFO - CELZ: 1wk change of -39.13%
2025-01-19 12:57:07,158 - INFO - Retrieved article length: 4650 characters
2025-01-19 12:57:07,239 - INFO - CELZ: 1mo change of -25.07%
2025-01-19 12:57:07,270 - INFO - CENN: 1h change of 4.27%
2025-01-19 12:57:07,361 - INFO - CENN: 1wk change of -6.98%
2025-01-19 12:57:07,452 - INFO - CENN: 1mo change of 4.35%
2025-01-19 12:57:07,740 - INFO - Processing CELZ - 2024-10-24 15:21:09 UTC
2025-01-19 12:57:07,953 - INFO - Processing CENN - 2025-01-02 16:31:00 UTC
2025-01-19 12:57:08,936 - INFO - Retrieved article length: 1791 characters
2025-01-19 12:57:09,041 - INFO - CELZ: 1h change of -29.35%
2025-01-19 12:57:09,132 - INFO - CELZ: 1wk change of -10.67%
2025-01-19 12:57:09,161 - INFO - Retrieved article length: 4370 characters
2025-01-19 12:57:09,232 - INFO - CELZ: 1mo change of -14.79%
2025-01-19 12:57:09,342 - INFO - CENN: 1h change of 11.82%
2025-01-19 12:57:09,437 - INFO - CENN: 1wk change of 12.26%
2025-01-19 12:57:09,531 - INFO - CENN: 1mo change of -7.69%
2025-01-19 12:57:09,735 - INFO - Processing CELZ - 2024-10-23 15:00:00 UTC
2025-01-19 12:57:10,034 - INFO - Processing CENN - 2024-11-15 16:11:24 UTC
2025-01-19 12:57:11,120 - INFO - Retrieved article length: 4951 characters
2025-01-19 12:57:11,216 - INFO - CELZ: 1h change of -20.93%
2025-01-19 12:57:11,308 - INFO - CELZ: 1wk change of -10.67%
2025-01-19 12:57:11,326 - INFO - Retrieved article length: 1597 characters
2025-01-19 12:57:11,406 - INFO - CELZ: 1mo change of -17.23%
2025-01-19 12:57:11,422 - INFO - CENN: 1h change of -1.48%
2025-01-19 12:57:11,517 - INFO - CENN: 1wk change of -1.97%
2025-01-19 12:57:11,609 - INFO - CENN: 1mo change of -10.26%
2025-01-19 12:57:12,110 - INFO - Processing CENN - 2024-11-12 16:31:00 UTC
2025-01-19 12:57:13,091 - INFO - Processing CENX - 2025-01-01 17:40:11 UTC
2025-01-19 12:57:13,737 - INFO - Retrieved article length: 23510 characters
2025-01-19 12:57:13,839 - INFO - CENN: 1h change of -7.95%
2025-01-19 12:57:13,931 - INFO - CENN: 1wk change of -3.15%
2025-01-19 12:57:14,021 - INFO - CENN: 1mo change of -9.24%
2025-01-19 12:57:14,396 - INFO - Retrieved article length: 3025 characters
2025-01-19 12:57:14,521 - INFO - Processing CENN - 2024-11-05 17:07:00 UTC
2025-01-19 12:57:14,588 - INFO - CENX: 1wk change of 2.38%
2025-01-19 12:57:14,685 - INFO - CENX: 1mo change of -10.03%
2025-01-19 12:57:15,186 - INFO - Processing CENX - 2024-12-31 02:00:41 UTC
2025-01-19 12:57:15,772 - INFO - Retrieved article length: 5198 characters
2025-01-19 12:57:15,868 - INFO - CENN: 1h change of 3.12%
2025-01-19 12:57:16,094 - INFO - CENN: 1mo change of 5.63%
2025-01-19 12:57:16,514 - INFO - Retrieved article length: 525 characters
2025-01-19 12:57:16,595 - INFO - Processing CENN - 2024-10-21 15:31:00 UTC
2025-01-19 12:57:16,608 - INFO - CENX: 1h change of 1.90%
2025-01-19 12:57:16,699 - INFO - CENX: 1wk change of 2.44%
2025-01-19 12:57:16,804 - INFO - CENX: 1mo change of -13.05%
2025-01-19 12:57:17,305 - INFO - Processing CENX - 2024-12-30 14:43:00 UTC
2025-01-19 12:57:18,147 - INFO - Retrieved article length: 4025 characters
2025-01-19 12:57:18,346 - INFO - CENN: 1wk change of 10.26%
2025-01-19 12:57:18,452 - INFO - CENN: 1mo change of 3.75%
2025-01-19 12:57:18,532 - INFO - Retrieved article length: 3565 characters
2025-01-19 12:57:18,629 - INFO - CENX: 1h change of 1.90%
2025-01-19 12:57:18,724 - INFO - CENX: 1wk change of 5.46%
2025-01-19 12:57:18,841 - INFO - CENX: 1mo change of -10.80%
2025-01-19 12:57:19,346 - INFO - Processing CENX - 2024-12-04 19:30:47 UTC
2025-01-19 12:57:20,119 - INFO - Processing CERE - 2025-01-15 15:22:20 UTC
2025-01-19 12:57:20,673 - INFO - Retrieved article length: 3110 characters
2025-01-19 12:57:20,777 - INFO - CENX: 1h change of 6.88%
2025-01-19 12:57:20,878 - INFO - CENX: 1wk change of -10.20%
2025-01-19 12:57:20,974 - INFO - CENX: 1mo change of 6.52%
2025-01-19 12:57:21,311 - INFO - Retrieved article length: 7477 characters
2025-01-19 12:57:21,475 - INFO - Processing CENX - 2024-12-04 19:00:00 UTC
2025-01-19 12:57:22,693 - INFO - Retrieved article length: 17965 characters
2025-01-19 12:57:22,710 - INFO - CENX: 1h change of 6.88%
2025-01-19 12:57:22,717 - INFO - CENX: 1wk change of -10.20%
2025-01-19 12:57:22,724 - INFO - CENX: 1mo change of 6.52%
2025-01-19 12:57:23,225 - INFO - Processing CENX - 2024-12-04 16:35:34 UTC
2025-01-19 12:57:23,344 - ERROR - CERE: No timezone found, symbol may be delisted
2025-01-19 12:57:23,344 - ERROR - CERE: No timezone found, symbol may be delisted
2025-01-19 12:57:23,344 - ERROR - CERE: No timezone found, symbol may be delisted
2025-01-19 12:57:23,848 - INFO - Processing CERE - 2025-01-06 16:00:00 UTC
2025-01-19 12:57:24,416 - INFO - Retrieved article length: 8201 characters
2025-01-19 12:57:24,427 - INFO - CENX: 1h change of 6.88%
2025-01-19 12:57:24,433 - INFO - CENX: 1wk change of -10.20%
2025-01-19 12:57:24,441 - INFO - CENX: 1mo change of 6.52%
2025-01-19 12:57:24,942 - INFO - Processing CENX - 2024-12-04 15:14:24 UTC
2025-01-19 12:57:24,969 - INFO - Retrieved article length: 1818 characters
2025-01-19 12:57:24,971 - ERROR - CERE: No timezone found, symbol may be delisted
2025-01-19 12:57:24,971 - ERROR - CERE: No timezone found, symbol may be delisted
2025-01-19 12:57:24,972 - ERROR - CERE: No timezone found, symbol may be delisted
2025-01-19 12:57:25,472 - INFO - Processing CERE - 2025-01-06 14:40:07 UTC
2025-01-19 12:57:26,157 - INFO - Retrieved article length: 4293 characters
2025-01-19 12:57:26,168 - INFO - CENX: 1h change of 6.88%
2025-01-19 12:57:26,171 - INFO - CENX: 1wk change of -10.20%
2025-01-19 12:57:26,182 - INFO - CENX: 1mo change of 6.52%
2025-01-19 12:57:26,682 - INFO - Processing CENX - 2024-12-03 20:00:10 UTC
2025-01-19 12:57:26,821 - INFO - Retrieved article length: 159 characters
2025-01-19 12:57:26,822 - ERROR - CERE: No timezone found, symbol may be delisted
2025-01-19 12:57:26,823 - ERROR - CERE: No timezone found, symbol may be delisted
2025-01-19 12:57:26,823 - ERROR - CERE: No timezone found, symbol may be delisted
2025-01-19 12:57:27,324 - INFO - Processing CERE - 2025-01-04 16:11:12 UTC
2025-01-19 12:57:27,854 - INFO - Retrieved article length: 4404 characters
2025-01-19 12:57:27,951 - INFO - CENX: 1h change of 6.30%
2025-01-19 12:57:28,040 - INFO - CENX: 1wk change of -7.83%
2025-01-19 12:57:28,138 - INFO - CENX: 1mo change of 4.88%
2025-01-19 12:57:28,553 - INFO - Retrieved article length: 2572 characters
2025-01-19 12:57:28,553 - ERROR - CERE: No timezone found, symbol may be delisted
2025-01-19 12:57:28,553 - ERROR - CERE: No timezone found, symbol may be delisted
2025-01-19 12:57:28,553 - ERROR - CERE: No timezone found, symbol may be delisted
2025-01-19 12:57:29,056 - INFO - Processing CERE - 2025-01-03 23:59:02 UTC
2025-01-19 12:57:29,791 - INFO - Processing CERO - 2025-01-07 16:13:13 UTC
2025-01-19 12:57:30,317 - INFO - Retrieved article length: 1134 characters
2025-01-19 12:57:30,317 - ERROR - CERE: No timezone found, symbol may be delisted
2025-01-19 12:57:30,321 - ERROR - CERE: No timezone found, symbol may be delisted
2025-01-19 12:57:30,321 - ERROR - CERE: No timezone found, symbol may be delisted
2025-01-19 12:57:30,823 - INFO - Processing CERE - 2025-01-03 16:00:00 UTC
2025-01-19 12:57:30,908 - INFO - Retrieved article length: 1910 characters
2025-01-19 12:57:31,000 - INFO - CERO: 1h change of -14.35%
2025-01-19 12:57:31,100 - INFO - CERO: 1wk change of -61.69%
2025-01-19 12:57:31,181 - INFO - CERO: 1mo change of -86.47%
2025-01-19 12:57:31,685 - INFO - Processing CERO - 2025-01-06 16:00:00 UTC
2025-01-19 12:57:31,946 - INFO - Retrieved article length: 4539 characters
2025-01-19 12:57:31,946 - ERROR - CERE: No timezone found, symbol may be delisted
2025-01-19 12:57:31,946 - ERROR - CERE: No timezone found, symbol may be delisted
2025-01-19 12:57:31,946 - ERROR - CERE: No timezone found, symbol may be delisted
2025-01-19 12:57:32,450 - INFO - Processing CERE - 2025-01-02 16:00:00 UTC
2025-01-19 12:57:32,895 - INFO - Retrieved article length: 8480 characters
2025-01-19 12:57:32,996 - INFO - CERO: 1h change of 19.21%
2025-01-19 12:57:33,077 - INFO - CERO: 1wk change of -57.00%
2025-01-19 12:57:33,176 - INFO - CERO: 1mo change of -86.85%
2025-01-19 12:57:33,547 - INFO - Retrieved article length: 3582 characters
2025-01-19 12:57:33,547 - ERROR - CERE: No timezone found, symbol may be delisted
2025-01-19 12:57:33,563 - ERROR - CERE: No timezone found, symbol may be delisted
2025-01-19 12:57:33,563 - ERROR - CERE: No timezone found, symbol may be delisted
2025-01-19 12:57:33,680 - INFO - Processing CERO - 2024-12-06 17:00:00 UTC
2025-01-19 12:57:34,065 - INFO - Processing CERE - 2024-12-25 15:26:16 UTC
2025-01-19 12:57:34,907 - INFO - Retrieved article length: 6874 characters
2025-01-19 12:57:34,995 - INFO - CERO: 1h change of -30.29%
2025-01-19 12:57:35,095 - INFO - CERO: 1wk change of -61.22%
2025-01-19 12:57:35,183 - INFO - CERO: 1mo change of -55.42%
2025-01-19 12:57:35,219 - INFO - Retrieved article length: 4077 characters
2025-01-19 12:57:35,219 - ERROR - CERE: No timezone found, symbol may be delisted
2025-01-19 12:57:35,219 - ERROR - CERE: No timezone found, symbol may be delisted
2025-01-19 12:57:35,219 - ERROR - CERE: No timezone found, symbol may be delisted
2025-01-19 12:57:35,686 - INFO - Processing CERO - 2024-11-15 16:45:00 UTC
2025-01-19 12:57:36,846 - INFO - Processing CERS - 2025-01-13 16:30:00 UTC
2025-01-19 12:57:36,983 - INFO - Retrieved article length: 5548 characters
2025-01-19 12:57:37,068 - INFO - CERO: 1h change of 54.47%
2025-01-19 12:57:37,161 - INFO - CERO: 1wk change of 198.63%
2025-01-19 12:57:37,249 - INFO - CERO: 1mo change of -43.16%
2025-01-19 12:57:37,750 - INFO - Processing CERO - 2024-11-11 16:15:00 UTC
2025-01-19 12:57:38,013 - INFO - Retrieved article length: 12877 characters
2025-01-19 12:57:38,105 - INFO - CERS: 1h change of 9.43%
2025-01-19 12:57:38,189 - INFO - CERS: 1wk change of 6.55%
2025-01-19 12:57:38,795 - INFO - Processing CERS - 2025-01-06 20:07:54 UTC
2025-01-19 12:57:38,965 - INFO - Retrieved article length: 5997 characters
2025-01-19 12:57:39,081 - INFO - CERO: 1h change of 19.96%
2025-01-19 12:57:39,185 - INFO - CERO: 1wk change of 200.00%
2025-01-19 12:57:39,269 - INFO - CERO: 1mo change of -39.36%
2025-01-19 12:57:39,772 - INFO - Processing CERO - 2024-10-21 16:00:00 UTC
2025-01-19 12:57:39,932 - INFO - Retrieved article length: 6964 characters
2025-01-19 12:57:40,070 - INFO - CERS: 1h change of -5.75%
2025-01-19 12:57:40,171 - INFO - CERS: 1wk change of 18.59%
2025-01-19 12:57:40,258 - INFO - CERS: 1mo change of -6.28%
2025-01-19 12:57:40,761 - INFO - Processing CERS - 2024-11-28 16:07:43 UTC
2025-01-19 12:57:40,898 - INFO - Retrieved article length: 6790 characters
2025-01-19 12:57:40,991 - INFO - CERO: 1h change of -2.46%
2025-01-19 12:57:41,087 - INFO - CERO: 1wk change of -13.68%
2025-01-19 12:57:41,166 - INFO - CERO: 1mo change of 159.52%
2025-01-19 12:57:41,943 - INFO - Retrieved article length: 6854 characters
2025-01-19 12:57:42,039 - INFO - CERS: 1h change of 7.52%
2025-01-19 12:57:42,119 - INFO - CERS: 1wk change of 6.59%
2025-01-19 12:57:42,204 - INFO - CERS: 1mo change of -5.52%
2025-01-19 12:57:42,708 - INFO - Processing CERS - 2024-11-13 16:30:00 UTC
2025-01-19 12:57:42,866 - INFO - Processing CERT - 2025-01-15 15:55:00 UTC
2025-01-19 12:57:43,868 - INFO - Retrieved article length: 2019 characters
2025-01-19 12:57:43,966 - INFO - CERS: 1h change of -6.98%
2025-01-19 12:57:43,986 - INFO - Retrieved article length: 13437 characters
2025-01-19 12:57:44,040 - INFO - CERS: 1wk change of 14.74%
2025-01-19 12:57:44,076 - INFO - CERT: 1h change of 9.81%
2025-01-19 12:57:44,149 - INFO - CERS: 1mo change of -9.63%
2025-01-19 12:57:44,157 - INFO - CERT: 1wk change of 2.91%
2025-01-19 12:57:44,247 - INFO - CERT: 1mo change of 2.55%
2025-01-19 12:57:44,650 - INFO - Processing CERS - 2024-11-01 13:13:34 UTC
2025-01-19 12:57:44,749 - INFO - Processing CERT - 2025-01-08 15:09:50 UTC
2025-01-19 12:57:45,852 - INFO - Retrieved article length: 1962 characters
2025-01-19 12:57:45,868 - INFO - Retrieved article length: 3781 characters
2025-01-19 12:57:45,950 - INFO - CERS: 1h change of -11.82%
2025-01-19 12:57:45,962 - INFO - CERT: 1h change of -3.29%
2025-01-19 12:57:46,044 - INFO - CERS: 1wk change of 9.20%
2025-01-19 12:57:46,052 - INFO - CERT: 1wk change of 10.63%
2025-01-19 12:57:46,138 - INFO - CERT: 1mo change of 7.17%
2025-01-19 12:57:46,631 - INFO - Processing CERS - 2024-10-31 21:11:53 UTC
2025-01-19 12:57:46,642 - INFO - Processing CERT - 2025-01-03 00:15:00 UTC
2025-01-19 12:57:47,819 - INFO - Retrieved article length: 40712 characters
2025-01-19 12:57:47,910 - INFO - CERS: 1h change of -12.07%
2025-01-19 12:57:47,990 - INFO - Retrieved article length: 1177 characters
2025-01-19 12:57:47,996 - INFO - CERS: 1wk change of 5.95%
2025-01-19 12:57:48,078 - INFO - CERT: 1h change of 2.00%
2025-01-19 12:57:48,248 - INFO - CERT: 1mo change of 4.01%
2025-01-19 12:57:48,584 - INFO - Processing CERS - 2024-10-31 12:01:08 UTC
2025-01-19 12:57:48,748 - INFO - Processing CERT - 2024-12-06 18:02:30 UTC
2025-01-19 12:57:49,791 - INFO - Retrieved article length: 4379 characters
2025-01-19 12:57:49,808 - INFO - CERS: 1h change of -12.07%
2025-01-19 12:57:49,823 - INFO - CERS: 1wk change of 5.95%
2025-01-19 12:57:50,123 - INFO - Retrieved article length: 4263 characters
2025-01-19 12:57:50,235 - INFO - CERT: 1h change of -1.45%
2025-01-19 12:57:50,330 - INFO - Processing CERS - 2024-10-31 00:10:07 UTC
2025-01-19 12:57:50,382 - INFO - CERT: 1wk change of 4.94%
2025-01-19 12:57:50,476 - INFO - CERT: 1mo change of 7.51%
2025-01-19 12:57:50,977 - INFO - Processing CERT - 2024-12-03 00:15:00 UTC
2025-01-19 12:57:51,739 - INFO - Retrieved article length: 4203 characters
2025-01-19 12:57:51,758 - INFO - CERS: 1h change of -12.07%
2025-01-19 12:57:51,765 - INFO - CERS: 1wk change of 5.95%
2025-01-19 12:57:52,370 - INFO - Retrieved article length: 4046 characters
2025-01-19 12:57:52,460 - INFO - CERT: 1h change of -3.55%
2025-01-19 12:57:52,550 - INFO - CERT: 1wk change of 5.97%
2025-01-19 12:57:52,642 - INFO - CERT: 1mo change of 9.47%
2025-01-19 12:57:53,143 - INFO - Processing CERT - 2024-11-28 21:02:42 UTC
2025-01-19 12:57:53,454 - INFO - Processing CETU - 2025-01-19 12:51:00 UTC
2025-01-19 12:57:54,395 - INFO - Retrieved article length: 7210 characters
2025-01-19 12:57:54,501 - INFO - CERT: 1h change of 1.67%
2025-01-19 12:57:54,595 - INFO - CERT: 1wk change of 8.61%
2025-01-19 12:57:54,736 - INFO - CERT: 1mo change of 5.24%
2025-01-19 12:57:54,784 - INFO - Retrieved article length: 9096 characters
2025-01-19 12:57:55,239 - INFO - Processing CERT - 2024-11-13 17:29:13 UTC
2025-01-19 12:57:55,700 - ERROR - CETU: No timezone found, symbol may be delisted
2025-01-19 12:57:55,705 - ERROR - CETU: No timezone found, symbol may be delisted
2025-01-19 12:57:55,711 - ERROR - CETU: No timezone found, symbol may be delisted
2025-01-19 12:57:56,215 - INFO - Processing CETU - 2025-01-19 12:50:00 UTC
2025-01-19 12:57:56,504 - INFO - Retrieved article length: 3795 characters
2025-01-19 12:57:56,622 - INFO - CERT: 1h change of -4.10%
2025-01-19 12:57:56,711 - INFO - CERT: 1wk change of 1.07%
2025-01-19 12:57:57,318 - INFO - Processing CERT - 2024-11-07 18:38:10 UTC
2025-01-19 12:57:57,421 - INFO - Retrieved article length: 4596 characters
2025-01-19 12:57:57,421 - ERROR - CETU: No timezone found, symbol may be delisted
2025-01-19 12:57:57,421 - ERROR - CETU: No timezone found, symbol may be delisted
2025-01-19 12:57:57,421 - ERROR - CETU: No timezone found, symbol may be delisted
2025-01-19 12:57:57,925 - INFO - Processing CETU - 2025-01-19 12:47:00 UTC
2025-01-19 12:57:58,732 - INFO - Retrieved article length: 35548 characters
2025-01-19 12:57:58,840 - INFO - CERT: 1h change of 7.45%
2025-01-19 12:57:58,925 - INFO - CERT: 1wk change of -4.41%
2025-01-19 12:57:59,019 - INFO - CERT: 1mo change of 3.46%
2025-01-19 12:57:59,157 - INFO - Retrieved article length: 5432 characters
2025-01-19 12:57:59,159 - ERROR - CETU: No timezone found, symbol may be delisted
2025-01-19 12:57:59,160 - ERROR - CETU: No timezone found, symbol may be delisted
2025-01-19 12:57:59,160 - ERROR - CETU: No timezone found, symbol may be delisted
2025-01-19 12:57:59,662 - INFO - Processing CETU - 2025-01-19 12:45:00 UTC
2025-01-19 12:58:00,631 - INFO - Processing CETUU - 2025-01-19 12:51:00 UTC
2025-01-19 12:58:00,901 - INFO - Retrieved article length: 4687 characters
2025-01-19 12:58:00,901 - ERROR - CETU: No timezone found, symbol may be delisted
2025-01-19 12:58:00,907 - ERROR - CETU: No timezone found, symbol may be delisted
2025-01-19 12:58:00,907 - ERROR - CETU: No timezone found, symbol may be delisted
2025-01-19 12:58:01,409 - INFO - Processing CETU - 2025-01-19 12:40:00 UTC
2025-01-19 12:58:01,872 - INFO - Retrieved article length: 9096 characters
2025-01-19 12:58:02,804 - INFO - Retrieved article length: 6409 characters
2025-01-19 12:58:02,806 - ERROR - CETU: No timezone found, symbol may be delisted
2025-01-19 12:58:02,807 - ERROR - CETU: No timezone found, symbol may be delisted
2025-01-19 12:58:02,808 - ERROR - CETU: No timezone found, symbol may be delisted
2025-01-19 12:58:03,218 - ERROR - CETUU: No timezone found, symbol may be delisted
2025-01-19 12:58:03,220 - ERROR - CETUU: No timezone found, symbol may be delisted
2025-01-19 12:58:03,221 - ERROR - CETUU: No timezone found, symbol may be delisted
2025-01-19 12:58:03,309 - INFO - Processing CETU - 2025-01-19 12:39:20 UTC
2025-01-19 12:58:03,722 - INFO - Processing CETUU - 2025-01-19 12:50:00 UTC
2025-01-19 12:58:04,391 - INFO - Retrieved article length: 5183 characters
2025-01-19 12:58:04,392 - ERROR - CETU: No timezone found, symbol may be delisted
2025-01-19 12:58:04,393 - ERROR - CETU: No timezone found, symbol may be delisted
2025-01-19 12:58:04,393 - ERROR - CETU: No timezone found, symbol may be delisted
2025-01-19 12:58:04,894 - INFO - Processing CETU - 2025-01-19 12:37:00 UTC
2025-01-19 12:58:04,910 - INFO - Retrieved article length: 4596 characters
2025-01-19 12:58:04,910 - ERROR - CETUU: No timezone found, symbol may be delisted
2025-01-19 12:58:04,917 - ERROR - CETUU: No timezone found, symbol may be delisted
2025-01-19 12:58:04,917 - ERROR - CETUU: No timezone found, symbol may be delisted
2025-01-19 12:58:05,420 - INFO - Processing CETUU - 2025-01-19 12:47:00 UTC
2025-01-19 12:58:06,129 - INFO - Retrieved article length: 5502 characters
2025-01-19 12:58:06,129 - ERROR - CETU: No timezone found, symbol may be delisted
2025-01-19 12:58:06,129 - ERROR - CETU: No timezone found, symbol may be delisted
2025-01-19 12:58:06,145 - ERROR - CETU: No timezone found, symbol may be delisted
2025-01-19 12:58:06,646 - INFO - Processing CETU - 2025-01-19 12:33:00 UTC
2025-01-19 12:58:06,933 - INFO - Retrieved article length: 5432 characters
2025-01-19 12:58:06,933 - ERROR - CETUU: No timezone found, symbol may be delisted
2025-01-19 12:58:06,933 - ERROR - CETUU: No timezone found, symbol may be delisted
2025-01-19 12:58:06,933 - ERROR - CETUU: No timezone found, symbol may be delisted
2025-01-19 12:58:07,440 - INFO - Processing CETUU - 2025-01-19 12:45:00 UTC
2025-01-19 12:58:08,625 - INFO - Retrieved article length: 4687 characters
2025-01-19 12:58:08,625 - ERROR - CETUU: No timezone found, symbol may be delisted
2025-01-19 12:58:08,625 - ERROR - CETUU: No timezone found, symbol may be delisted
2025-01-19 12:58:08,625 - ERROR - CETUU: No timezone found, symbol may be delisted
2025-01-19 12:58:08,630 - INFO - Retrieved article length: 6605 characters
2025-01-19 12:58:08,630 - ERROR - CETU: No timezone found, symbol may be delisted
2025-01-19 12:58:08,630 - ERROR - CETU: No timezone found, symbol may be delisted
2025-01-19 12:58:08,630 - ERROR - CETU: No timezone found, symbol may be delisted
2025-01-19 12:58:09,130 - INFO - Processing CETUU - 2025-01-19 12:40:00 UTC
2025-01-19 12:58:10,301 - INFO - Processing CETX - 2025-01-06 17:20:00 UTC
2025-01-19 12:58:10,349 - INFO - Retrieved article length: 6409 characters
2025-01-19 12:58:10,349 - ERROR - CETUU: No timezone found, symbol may be delisted
2025-01-19 12:58:10,349 - ERROR - CETUU: No timezone found, symbol may be delisted
2025-01-19 12:58:10,349 - ERROR - CETUU: No timezone found, symbol may be delisted
2025-01-19 12:58:10,863 - INFO - Processing CETUU - 2025-01-19 12:39:20 UTC
2025-01-19 12:58:11,495 - INFO - Retrieved article length: 4234 characters
2025-01-19 12:58:11,587 - INFO - CETX: 1h change of -2.09%
2025-01-19 12:58:11,775 - INFO - CETX: 1mo change of -6.11%
2025-01-19 12:58:11,945 - INFO - Retrieved article length: 5183 characters
2025-01-19 12:58:11,946 - ERROR - CETUU: No timezone found, symbol may be delisted
2025-01-19 12:58:11,947 - ERROR - CETUU: No timezone found, symbol may be delisted
2025-01-19 12:58:11,947 - ERROR - CETUU: No timezone found, symbol may be delisted
2025-01-19 12:58:12,291 - INFO - Processing CETX - 2025-01-01 13:45:57 UTC
2025-01-19 12:58:12,449 - INFO - Processing CETUU - 2025-01-19 12:37:00 UTC
2025-01-19 12:58:13,623 - INFO - Retrieved article length: 1468 characters
2025-01-19 12:58:13,721 - INFO - CETX: 1h change of -9.21%
2025-01-19 12:58:13,727 - INFO - Retrieved article length: 5502 characters
2025-01-19 12:58:13,728 - ERROR - CETUU: No timezone found, symbol may be delisted
2025-01-19 12:58:13,729 - ERROR - CETUU: No timezone found, symbol may be delisted
2025-01-19 12:58:13,732 - ERROR - CETUU: No timezone found, symbol may be delisted
2025-01-19 12:58:13,824 - INFO - CETX: 1wk change of 3.69%
2025-01-19 12:58:13,919 - INFO - CETX: 1mo change of -9.03%
2025-01-19 12:58:14,232 - INFO - Processing CETUU - 2025-01-19 12:33:00 UTC
2025-01-19 12:58:14,420 - INFO - Processing CETX - 2024-12-31 00:15:00 UTC
2025-01-19 12:58:15,441 - INFO - Retrieved article length: 6605 characters
2025-01-19 12:58:15,441 - ERROR - CETUU: No timezone found, symbol may be delisted
2025-01-19 12:58:15,456 - ERROR - CETUU: No timezone found, symbol may be delisted
2025-01-19 12:58:15,456 - ERROR - CETUU: No timezone found, symbol may be delisted
2025-01-19 12:58:16,202 - INFO - Retrieved article length: 21339 characters
2025-01-19 12:58:16,309 - INFO - CETX: 1h change of -5.69%
2025-01-19 12:58:16,418 - INFO - CETX: 1wk change of 6.38%
2025-01-19 12:58:16,511 - INFO - CETX: 1mo change of -8.75%
2025-01-19 12:58:17,012 - INFO - Processing CETX - 2024-12-17 15:35:56 UTC
2025-01-19 12:58:17,098 - INFO - Processing CETY - 2024-11-12 14:30:00 UTC
2025-01-19 12:58:18,190 - INFO - Retrieved article length: 1559 characters
2025-01-19 12:58:18,230 - INFO - Retrieved article length: 5453 characters
2025-01-19 12:58:18,335 - INFO - CETY: 1h change of -29.13%
2025-01-19 12:58:18,335 - INFO - CETX: 1h change of -11.68%
2025-01-19 12:58:18,429 - INFO - CETY: 1wk change of -11.58%
2025-01-19 12:58:18,434 - INFO - CETX: 1wk change of -16.76%
2025-01-19 12:58:18,527 - INFO - CETY: 1mo change of -19.76%
2025-01-19 12:58:18,527 - INFO - CETX: 1mo change of -57.65%
2025-01-19 12:58:19,031 - INFO - Processing CETY - 2024-10-29 15:30:00 UTC
2025-01-19 12:58:19,034 - INFO - Processing CETX - 2024-12-16 18:17:03 UTC
2025-01-19 12:58:20,315 - INFO - Retrieved article length: 549 characters
2025-01-19 12:58:20,315 - INFO - Retrieved article length: 7763 characters
2025-01-19 12:58:20,418 - INFO - CETX: 1h change of -5.39%
2025-01-19 12:58:20,418 - INFO - CETY: 1h change of 8.82%
2025-01-19 12:58:20,509 - INFO - CETX: 1wk change of -11.98%
2025-01-19 12:58:20,514 - INFO - CETY: 1wk change of 37.41%
2025-01-19 12:58:20,604 - INFO - CETX: 1mo change of -59.30%
2025-01-19 12:58:20,656 - INFO - CETY: 1mo change of -29.49%
2025-01-19 12:58:21,105 - INFO - Processing CETX - 2024-12-16 15:30:00 UTC
2025-01-19 12:58:22,419 - INFO - Retrieved article length: 5861 characters
2025-01-19 12:58:22,436 - INFO - CETX: 1h change of -5.39%
2025-01-19 12:58:22,442 - INFO - CETX: 1wk change of -11.98%
2025-01-19 12:58:22,505 - INFO - CETX: 1mo change of -59.30%
2025-01-19 12:58:23,006 - INFO - Processing CETX - 2024-12-13 19:40:21 UTC
2025-01-19 12:58:23,214 - ERROR - Error getting news for CF: Expecting value: line 1 column 1 (char 0)
2025-01-19 12:58:24,380 - INFO - Retrieved article length: 501 characters
2025-01-19 12:58:24,508 - INFO - CETX: 1h change of 3.40%
2025-01-19 12:58:24,621 - INFO - CETX: 1wk change of 4.70%
2025-01-19 12:58:24,713 - INFO - CETX: 1mo change of -58.10%
2025-01-19 12:58:25,215 - INFO - Processing CETX - 2024-12-13 17:35:00 UTC
2025-01-19 12:58:26,503 - INFO - Retrieved article length: 4633 characters
2025-01-19 12:58:26,518 - INFO - CETX: 1h change of 3.40%
2025-01-19 12:58:26,526 - INFO - CETX: 1wk change of 4.70%
2025-01-19 12:58:26,537 - INFO - CETX: 1mo change of -58.10%
2025-01-19 12:58:28,906 - ERROR - Error getting news for CFBK: Expecting value: line 1 column 1 (char 0)
2025-01-19 12:58:30,104 - ERROR - Error getting news for CFFN: Expecting value: line 1 column 1 (char 0)
