2025-01-19 11:49:06,605 - INFO - Starting new training session. Logging to: logs/training_20250119_114906.log
2025-01-19 11:49:06,605 - INFO - Starting new training session. Logging to: logs/training_20250119_114906.log
2025-01-19 11:49:08,025 - INFO - Processing ACM - 2025-01-17 18:36:11 UTC
2025-01-19 11:49:08,025 - INFO - Processing ACMR - 2025-01-17 01:45:21 UTC
2025-01-19 11:49:09,110 - INFO - Retrieved article length: 3098 characters
2025-01-19 11:49:09,238 - INFO - ACMR: 1h change of -3.24%
2025-01-19 11:49:09,260 - INFO - Retrieved article length: 210 characters
2025-01-19 11:49:09,322 - INFO - ACMR: 1wk change of 9.23%
2025-01-19 11:49:09,405 - INFO - ACM: 1h change of -1.05%
2025-01-19 11:49:09,411 - INFO - ACMR: 1mo change of 13.15%
2025-01-19 11:49:09,525 - INFO - ACM: 1wk change of 1.67%
2025-01-19 11:49:09,619 - INFO - ACM: 1mo change of -2.08%
2025-01-19 11:49:09,913 - INFO - Processing ACMR - 2025-01-16 19:34:00 UTC
2025-01-19 11:49:10,119 - INFO - Processing ACM - 2025-01-17 17:45:12 UTC
2025-01-19 11:49:10,984 - INFO - Retrieved article length: 5461 characters
2025-01-19 11:49:11,174 - INFO - ACMR: 1wk change of 11.15%
2025-01-19 11:49:11,190 - INFO - Retrieved article length: 1587 characters
2025-01-19 11:49:11,202 - INFO - ACM: 1h change of -1.05%
2025-01-19 11:49:11,251 - INFO - ACM: 1wk change of 1.67%
2025-01-19 11:49:11,261 - INFO - ACMR: 1mo change of 15.60%
2025-01-19 11:49:11,302 - INFO - ACM: 1mo change of -2.08%
2025-01-19 11:49:11,762 - INFO - Processing ACMR - 2025-01-14 17:07:05 UTC
2025-01-19 11:49:11,803 - INFO - Processing ACM - 2025-01-16 18:09:00 UTC
2025-01-19 11:49:12,887 - INFO - Retrieved article length: 4306 characters
2025-01-19 11:49:12,929 - INFO - Retrieved article length: 508 characters
2025-01-19 11:49:13,033 - INFO - ACMR: 1h change of 18.41%
2025-01-19 11:49:13,075 - INFO - ACM: 1wk change of 1.58%
2025-01-19 11:49:13,116 - INFO - ACMR: 1wk change of 11.15%
2025-01-19 11:49:13,165 - INFO - ACM: 1mo change of -2.53%
2025-01-19 11:49:13,202 - INFO - ACMR: 1mo change of 11.79%
2025-01-19 11:49:13,667 - INFO - Processing ACM - 2025-01-16 13:19:00 UTC
2025-01-19 11:49:13,703 - INFO - Processing ACMR - 2025-01-14 17:00:19 UTC
2025-01-19 11:49:14,793 - INFO - Retrieved article length: 5980 characters
2025-01-19 11:49:14,810 - INFO - ACMR: 1h change of 18.41%
2025-01-19 11:49:14,851 - INFO - ACMR: 1wk change of 11.15%
2025-01-19 11:49:14,899 - INFO - ACMR: 1mo change of 11.79%
2025-01-19 11:49:14,899 - INFO - Retrieved article length: 3215 characters
2025-01-19 11:49:14,969 - INFO - ACM: 1wk change of 1.58%
2025-01-19 11:49:15,021 - INFO - ACM: 1mo change of -2.53%
2025-01-19 11:49:15,408 - INFO - Processing ACMR - 2025-01-14 15:08:25 UTC
2025-01-19 11:49:15,522 - INFO - Processing ACM - 2025-01-15 17:40:14 UTC
2025-01-19 11:49:16,570 - INFO - Retrieved article length: 506 characters
2025-01-19 11:49:16,570 - INFO - ACMR: 1h change of 18.41%
2025-01-19 11:49:16,621 - INFO - ACMR: 1wk change of 11.15%
2025-01-19 11:49:16,669 - INFO - ACMR: 1mo change of 11.79%
2025-01-19 11:49:16,703 - INFO - Retrieved article length: 2359 characters
2025-01-19 11:49:16,900 - INFO - ACM: 1wk change of 1.58%
2025-01-19 11:49:16,994 - INFO - ACM: 1mo change of -3.17%
2025-01-19 11:49:17,181 - INFO - Processing ACMR - 2025-01-14 14:00:00 UTC
2025-01-19 11:49:17,505 - INFO - Processing ACM - 2025-01-14 18:16:00 UTC
2025-01-19 11:49:18,273 - INFO - Retrieved article length: 5126 characters
2025-01-19 11:49:18,289 - INFO - ACMR: 1h change of 18.41%
2025-01-19 11:49:18,340 - INFO - ACMR: 1wk change of 11.15%
2025-01-19 11:49:18,385 - INFO - ACMR: 1mo change of 11.79%
2025-01-19 11:49:18,566 - INFO - Retrieved article length: 4158 characters
2025-01-19 11:49:18,668 - INFO - ACM: 1h change of 1.72%
2025-01-19 11:49:18,774 - INFO - ACM: 1wk change of 1.58%
2025-01-19 11:49:18,871 - INFO - ACM: 1mo change of -2.91%
2025-01-19 11:49:18,896 - INFO - Processing ACMR - 2025-01-11 01:45:19 UTC
2025-01-19 11:49:19,373 - INFO - Processing ACM - 2025-01-13 19:40:12 UTC
2025-01-19 11:49:19,951 - INFO - Retrieved article length: 3235 characters
2025-01-19 11:49:20,139 - INFO - ACMR: 1wk change of 13.29%
2025-01-19 11:49:20,224 - INFO - ACMR: 1mo change of 10.11%
2025-01-19 11:49:20,512 - INFO - Retrieved article length: 2747 characters
2025-01-19 11:49:20,590 - INFO - ACM: 1h change of 2.31%
2025-01-19 11:49:20,690 - INFO - ACM: 1wk change of 1.10%
2025-01-19 11:49:20,731 - INFO - Processing ACMR - 2025-01-04 01:45:21 UTC
2025-01-19 11:49:20,784 - INFO - ACM: 1mo change of -2.95%
2025-01-19 11:49:21,291 - INFO - Processing ACM - 2025-01-13 14:55:00 UTC
2025-01-19 11:49:21,818 - INFO - Retrieved article length: 3153 characters
2025-01-19 11:49:22,049 - INFO - ACMR: 1wk change of -1.09%
2025-01-19 11:49:22,152 - INFO - ACMR: 1mo change of 12.64%
2025-01-19 11:49:22,346 - INFO - Retrieved article length: 2164 characters
2025-01-19 11:49:22,362 - INFO - ACM: 1h change of 2.31%
2025-01-19 11:49:22,411 - INFO - ACM: 1wk change of 1.10%
2025-01-19 11:49:22,459 - INFO - ACM: 1mo change of -2.95%
2025-01-19 11:49:23,775 - INFO - Processing ACNB - 2025-01-06 14:11:16 UTC
2025-01-19 11:49:24,130 - INFO - Processing ACOG - 2025-01-14 16:30:00 UTC
2025-01-19 11:49:24,969 - INFO - Retrieved article length: 6473 characters
2025-01-19 11:49:25,070 - INFO - ACNB: 1h change of -2.91%
2025-01-19 11:49:25,160 - INFO - Retrieved article length: 8352 characters
2025-01-19 11:49:25,251 - INFO - ACNB: 1wk change of -2.30%
2025-01-19 11:49:25,334 - INFO - ACOG: 1wk change of 1.62%
2025-01-19 11:49:25,375 - INFO - ACNB: 1mo change of -14.85%
2025-01-19 11:49:25,413 - INFO - ACOG: 1mo change of 3.83%
2025-01-19 11:49:25,880 - INFO - Processing ACNB - 2025-01-04 16:28:15 UTC
2025-01-19 11:49:25,922 - INFO - Processing ACOG - 2025-01-08 16:30:00 UTC
2025-01-19 11:49:27,104 - INFO - Retrieved article length: 7919 characters
2025-01-19 11:49:27,157 - INFO - Retrieved article length: 5707 characters
2025-01-19 11:49:27,193 - INFO - ACOG: 1h change of 2.88%
2025-01-19 11:49:27,251 - INFO - ACNB: 1h change of -3.65%
2025-01-19 11:49:27,275 - INFO - ACOG: 1wk change of 5.67%
2025-01-19 11:49:27,358 - INFO - ACOG: 1mo change of 3.76%
2025-01-19 11:49:27,363 - INFO - ACNB: 1wk change of -9.25%
2025-01-19 11:49:27,492 - INFO - ACNB: 1mo change of -14.85%
2025-01-19 11:49:27,860 - INFO - Processing ACOG - 2025-01-06 16:30:00 UTC
2025-01-19 11:49:27,994 - INFO - Processing ACNB - 2024-12-24 16:57:00 UTC
2025-01-19 11:49:28,989 - INFO - Retrieved article length: 9196 characters
2025-01-19 11:49:29,070 - INFO - ACOG: 1h change of 3.05%
2025-01-19 11:49:29,127 - INFO - Retrieved article length: 2324 characters
2025-01-19 11:49:29,165 - INFO - ACOG: 1wk change of 17.93%
2025-01-19 11:49:29,218 - INFO - ACNB: 1h change of -1.59%
2025-01-19 11:49:29,249 - INFO - ACOG: 1mo change of -2.30%
2025-01-19 11:49:29,347 - INFO - ACNB: 1wk change of -16.80%
2025-01-19 11:49:29,505 - INFO - ACNB: 1mo change of -15.44%
2025-01-19 11:49:29,751 - INFO - Processing ACOG - 2024-12-16 22:56:00 UTC
2025-01-19 11:49:30,008 - INFO - Processing ACNB - 2024-12-20 00:52:59 UTC
2025-01-19 11:49:30,856 - INFO - Retrieved article length: 5717 characters
2025-01-19 11:49:31,024 - INFO - ACOG: 1wk change of -11.13%
2025-01-19 11:49:31,118 - INFO - ACOG: 1mo change of 4.56%
2025-01-19 11:49:31,127 - INFO - Retrieved article length: 497 characters
2025-01-19 11:49:31,212 - INFO - ACNB: 1h change of -8.16%
2025-01-19 11:49:31,373 - INFO - ACNB: 1wk change of -14.05%
2025-01-19 11:49:31,504 - INFO - ACNB: 1mo change of -16.01%
2025-01-19 11:49:31,619 - INFO - Processing ACOG - 2024-12-13 02:41:00 UTC
2025-01-19 11:49:32,013 - INFO - Processing ACNB - 2024-12-20 00:17:00 UTC
2025-01-19 11:49:32,711 - INFO - Retrieved article length: 3136 characters
2025-01-19 11:49:32,790 - INFO - ACOG: 1h change of -4.47%
2025-01-19 11:49:32,887 - INFO - ACOG: 1wk change of -16.44%
2025-01-19 11:49:32,976 - INFO - ACOG: 1mo change of 4.39%
2025-01-19 11:49:33,072 - INFO - Retrieved article length: 6873 characters
2025-01-19 11:49:33,083 - INFO - ACNB: 1h change of -8.16%
2025-01-19 11:49:33,094 - INFO - ACNB: 1wk change of -14.05%
2025-01-19 11:49:33,145 - INFO - ACNB: 1mo change of -16.01%
2025-01-19 11:49:33,482 - INFO - Processing ACOG - 2024-12-11 16:30:00 UTC
2025-01-19 11:49:33,646 - INFO - Processing ACNB - 2024-11-24 17:08:31 UTC
2025-01-19 11:49:34,530 - INFO - Retrieved article length: 6414 characters
2025-01-19 11:49:34,719 - INFO - ACOG: 1wk change of -19.18%
2025-01-19 11:49:34,810 - INFO - ACOG: 1mo change of 3.16%
2025-01-19 11:49:34,867 - INFO - Retrieved article length: 4130 characters
2025-01-19 11:49:35,081 - INFO - ACNB: 1wk change of -4.61%
2025-01-19 11:49:35,203 - INFO - ACNB: 1mo change of -5.51%
2025-01-19 11:49:35,709 - INFO - Processing ACNB - 2024-11-20 13:05:08 UTC
2025-01-19 11:49:36,464 - INFO - Processing ACON - 2025-01-18 00:43:11 UTC
2025-01-19 11:49:36,816 - INFO - Retrieved article length: 7333 characters
2025-01-19 11:49:36,904 - INFO - ACNB: 1h change of 1.08%
2025-01-19 11:49:37,039 - INFO - ACNB: 1wk change of -4.02%
2025-01-19 11:49:37,161 - INFO - ACNB: 1mo change of -5.83%
2025-01-19 11:49:37,549 - INFO - Retrieved article length: 6349 characters
2025-01-19 11:49:37,653 - INFO - ACON: 1h change of -4.51%
2025-01-19 11:49:37,669 - INFO - Processing ACNB - 2024-11-13 17:59:00 UTC
2025-01-19 11:49:37,727 - INFO - ACON: 1wk change of -69.57%
2025-01-19 11:49:37,828 - INFO - ACON: 1mo change of -59.62%
2025-01-19 11:49:38,330 - INFO - Processing ACON - 2025-01-15 17:15:00 UTC
2025-01-19 11:49:38,778 - INFO - Retrieved article length: 4388 characters
2025-01-19 11:49:38,868 - INFO - ACNB: 1h change of -1.35%
2025-01-19 11:49:39,006 - INFO - ACNB: 1wk change of 14.76%
2025-01-19 11:49:39,145 - INFO - ACNB: 1mo change of 9.46%
2025-01-19 11:49:39,517 - INFO - Retrieved article length: 6342 characters
2025-01-19 11:49:39,603 - INFO - ACON: 1h change of -59.64%
2025-01-19 11:49:39,688 - INFO - ACON: 1wk change of -75.29%
2025-01-19 11:49:39,784 - INFO - ACON: 1mo change of -65.57%
2025-01-19 11:49:40,288 - INFO - Processing ACON - 2025-01-07 15:28:28 UTC
2025-01-19 11:49:40,843 - INFO - Processing ACP - 2025-01-16 00:37:00 UTC
2025-01-19 11:49:41,348 - INFO - Retrieved article length: 1756 characters
2025-01-19 11:49:41,438 - INFO - ACON: 1h change of -28.53%
2025-01-19 11:49:41,581 - INFO - ACON: 1wk change of -68.97%
2025-01-19 11:49:41,664 - INFO - ACON: 1mo change of -76.54%
2025-01-19 11:49:41,973 - INFO - Retrieved article length: 8179 characters
2025-01-19 11:49:42,134 - INFO - ACP: 1h change of 1.08%
2025-01-19 11:49:42,180 - INFO - Processing ACON - 2025-01-06 17:40:08 UTC
2025-01-19 11:49:42,241 - INFO - ACP: 1wk change of 2.87%
2025-01-19 11:49:42,361 - INFO - ACP: 1mo change of 2.65%
2025-01-19 11:49:42,871 - INFO - Processing ACP - 2025-01-11 00:17:00 UTC
2025-01-19 11:49:43,305 - INFO - Retrieved article length: 2475 characters
2025-01-19 11:49:43,393 - INFO - ACON: 1h change of -18.76%
2025-01-19 11:49:43,483 - INFO - ACON: 1wk change of -69.72%
2025-01-19 11:49:43,563 - INFO - ACON: 1mo change of -76.67%
2025-01-19 11:49:44,077 - INFO - Processing ACON - 2025-01-04 00:11:02 UTC
2025-01-19 11:49:44,159 - INFO - Retrieved article length: 11049 characters
2025-01-19 11:49:44,412 - INFO - ACP: 1wk change of 1.50%
2025-01-19 11:49:44,522 - INFO - ACP: 1mo change of -3.90%
2025-01-19 11:49:45,023 - INFO - Processing ACP - 2024-12-11 00:17:00 UTC
2025-01-19 11:49:45,275 - INFO - Retrieved article length: 5554 characters
2025-01-19 11:49:45,409 - INFO - ACON: 1h change of 107.51%
2025-01-19 11:49:45,496 - INFO - ACON: 1wk change of -23.24%
2025-01-19 11:49:45,588 - INFO - ACON: 1mo change of -76.67%
2025-01-19 11:49:46,096 - INFO - Processing ACON - 2025-01-04 00:05:18 UTC
2025-01-19 11:49:46,101 - INFO - Retrieved article length: 4157 characters
2025-01-19 11:49:46,205 - INFO - ACP: 1h change of -6.44%
2025-01-19 11:49:46,311 - INFO - ACP: 1wk change of -8.19%
2025-01-19 11:49:46,418 - INFO - ACP: 1mo change of -4.44%
2025-01-19 11:49:46,920 - INFO - Processing ACP - 2024-12-11 00:17:00 UTC
2025-01-19 11:49:47,166 - INFO - Retrieved article length: 492 characters
2025-01-19 11:49:47,166 - INFO - ACON: 1h change of 107.51%
2025-01-19 11:49:47,183 - INFO - ACON: 1wk change of -23.24%
2025-01-19 11:49:47,222 - INFO - ACON: 1mo change of -76.67%
2025-01-19 11:49:47,732 - INFO - Processing ACON - 2024-12-18 20:00:10 UTC
2025-01-19 11:49:48,011 - INFO - Retrieved article length: 2623 characters
2025-01-19 11:49:48,011 - INFO - ACP: 1h change of -6.44%
2025-01-19 11:49:48,023 - INFO - ACP: 1wk change of -8.19%
2025-01-19 11:49:48,033 - INFO - ACP: 1mo change of -4.44%
2025-01-19 11:49:48,534 - INFO - Processing ACP - 2024-11-12 00:17:00 UTC
2025-01-19 11:49:48,787 - INFO - Retrieved article length: 4521 characters
2025-01-19 11:49:48,878 - INFO - ACON: 1h change of 6.86%
2025-01-19 11:49:48,968 - INFO - ACON: 1wk change of -18.39%
2025-01-19 11:49:49,059 - INFO - ACON: 1mo change of -75.86%
2025-01-19 11:49:49,561 - INFO - Processing ACON - 2024-12-03 23:45:00 UTC
2025-01-19 11:49:49,668 - INFO - Retrieved article length: 4193 characters
2025-01-19 11:49:49,755 - INFO - ACP: 1h change of -1.59%
2025-01-19 11:49:49,862 - INFO - ACP: 1wk change of 1.40%
2025-01-19 11:49:49,978 - INFO - ACP: 1mo change of -6.21%
2025-01-19 11:49:50,669 - INFO - Retrieved article length: 3762 characters
2025-01-19 11:49:50,765 - INFO - ACON: 1h change of -1.27%
2025-01-19 11:49:50,841 - INFO - ACON: 1wk change of -35.59%
2025-01-19 11:49:50,935 - INFO - ACON: 1mo change of -14.57%
2025-01-19 11:49:51,676 - INFO - Processing ACRE - 2025-01-16 20:00:00 UTC
2025-01-19 11:49:52,628 - INFO - Processing ACRS - 2025-01-07 00:30:00 UTC
2025-01-19 11:49:52,810 - INFO - Retrieved article length: 3904 characters
2025-01-19 11:49:52,916 - INFO - ACRE: 1h change of 6.94%
2025-01-19 11:49:53,021 - INFO - ACRE: 1wk change of -2.47%
2025-01-19 11:49:53,137 - INFO - ACRE: 1mo change of -13.72%
2025-01-19 11:49:53,638 - INFO - Processing ACRE - 2025-01-10 16:45:32 UTC
2025-01-19 11:49:53,679 - INFO - Retrieved article length: 2169 characters
2025-01-19 11:49:53,875 - INFO - ACRS: 1wk change of 1.21%
2025-01-19 11:49:53,958 - INFO - ACRS: 1mo change of -33.16%
2025-01-19 11:49:54,470 - INFO - Processing ACRS - 2024-12-23 15:04:25 UTC
2025-01-19 11:49:54,879 - INFO - Retrieved article length: 527 characters
2025-01-19 11:49:54,976 - INFO - ACRE: 1h change of -6.46%
2025-01-19 11:49:55,180 - INFO - ACRE: 1mo change of -12.37%
2025-01-19 11:49:55,559 - INFO - Retrieved article length: 518 characters
2025-01-19 11:49:55,689 - INFO - Processing ACRE - 2024-12-19 15:37:08 UTC
2025-01-19 11:49:55,735 - INFO - ACRS: 1wk change of -22.98%
2025-01-19 11:49:55,828 - INFO - ACRS: 1mo change of -18.15%
2025-01-19 11:49:56,330 - INFO - Processing ACRS - 2024-12-20 01:24:11 UTC
2025-01-19 11:49:56,832 - INFO - Retrieved article length: 5743 characters
2025-01-19 11:49:56,921 - INFO - ACRE: 1h change of -3.47%
2025-01-19 11:49:57,055 - INFO - ACRE: 1wk change of -14.06%
2025-01-19 11:49:57,153 - INFO - ACRE: 1mo change of -11.50%
2025-01-19 11:49:57,387 - INFO - Retrieved article length: 532 characters
2025-01-19 11:49:57,539 - INFO - ACRS: 1h change of -9.00%
2025-01-19 11:49:57,618 - INFO - ACRS: 1wk change of -24.79%
2025-01-19 11:49:57,663 - INFO - Processing ACRE - 2024-11-08 20:04:30 UTC
2025-01-19 11:49:57,717 - INFO - ACRS: 1mo change of 25.37%
2025-01-19 11:49:58,224 - INFO - Processing ACRS - 2024-11-27 00:30:00 UTC
2025-01-19 11:49:58,841 - INFO - Retrieved article length: 4829 characters
2025-01-19 11:49:58,968 - INFO - ACRE: 1h change of 12.42%
2025-01-19 11:49:59,083 - INFO - ACRE: 1wk change of 7.64%
2025-01-19 11:49:59,188 - INFO - ACRE: 1mo change of 5.60%
2025-01-19 11:49:59,295 - INFO - Retrieved article length: 1437 characters
2025-01-19 11:49:59,377 - INFO - ACRS: 1h change of -4.85%
2025-01-19 11:49:59,509 - INFO - ACRS: 1wk change of 25.48%
2025-01-19 11:49:59,614 - INFO - ACRS: 1mo change of 96.83%
2025-01-19 11:49:59,698 - INFO - Processing ACRE - 2024-11-07 17:30:39 UTC
2025-01-19 11:50:00,116 - INFO - Processing ACRS - 2024-11-22 03:04:54 UTC
2025-01-19 11:50:00,891 - INFO - Retrieved article length: 2476 characters
2025-01-19 11:50:00,977 - INFO - ACRE: 1h change of 15.65%
2025-01-19 11:50:01,081 - INFO - ACRE: 1wk change of 6.81%
2025-01-19 11:50:01,170 - INFO - ACRE: 1mo change of 5.63%
2025-01-19 11:50:01,170 - INFO - Retrieved article length: 7120 characters
2025-01-19 11:50:01,257 - INFO - ACRS: 1h change of -9.06%
2025-01-19 11:50:01,358 - INFO - ACRS: 1wk change of 58.98%
2025-01-19 11:50:01,444 - INFO - ACRS: 1mo change of 144.96%
2025-01-19 11:50:01,681 - INFO - Processing ACRE - 2024-11-07 15:15:10 UTC
2025-01-19 11:50:01,950 - INFO - Processing ACRS - 2024-11-21 15:53:47 UTC
2025-01-19 11:50:02,814 - INFO - Retrieved article length: 4408 characters
2025-01-19 11:50:02,814 - INFO - ACRE: 1h change of 15.65%
2025-01-19 11:50:02,833 - INFO - ACRE: 1wk change of 6.81%
2025-01-19 11:50:02,841 - INFO - ACRE: 1mo change of 5.63%
2025-01-19 11:50:03,148 - INFO - Retrieved article length: 460 characters
2025-01-19 11:50:03,232 - INFO - ACRS: 1h change of -4.33%
2025-01-19 11:50:03,326 - INFO - ACRS: 1wk change of 54.75%
2025-01-19 11:50:03,342 - INFO - Processing ACRE - 2024-11-07 14:26:25 UTC
2025-01-19 11:50:03,412 - INFO - ACRS: 1mo change of 147.86%
2025-01-19 11:50:03,914 - INFO - Processing ACRS - 2024-11-20 13:11:03 UTC
2025-01-19 11:50:04,416 - INFO - Retrieved article length: 1196 characters
2025-01-19 11:50:04,427 - INFO - ACRE: 1h change of 15.65%
2025-01-19 11:50:04,445 - INFO - ACRE: 1wk change of 6.81%
2025-01-19 11:50:04,449 - INFO - ACRE: 1mo change of 5.63%
2025-01-19 11:50:04,951 - INFO - Processing ACRE - 2024-11-07 14:00:00 UTC
2025-01-19 11:50:05,017 - INFO - Retrieved article length: 1634 characters
2025-01-19 11:50:05,108 - INFO - ACRS: 1h change of 79.05%
2025-01-19 11:50:05,203 - INFO - ACRS: 1wk change of 54.75%
2025-01-19 11:50:05,299 - INFO - ACRS: 1mo change of 150.00%
2025-01-19 11:50:05,800 - INFO - Processing ACRS - 2024-11-20 05:30:12 UTC
2025-01-19 11:50:06,187 - INFO - Retrieved article length: 16663 characters
2025-01-19 11:50:06,187 - INFO - ACRE: 1h change of 15.65%
2025-01-19 11:50:06,201 - INFO - ACRE: 1wk change of 6.81%
2025-01-19 11:50:06,207 - INFO - ACRE: 1mo change of 5.63%
2025-01-19 11:50:06,937 - INFO - Retrieved article length: 1699 characters
2025-01-19 11:50:06,945 - INFO - ACRS: 1h change of 79.05%
2025-01-19 11:50:06,949 - INFO - ACRS: 1wk change of 54.75%
2025-01-19 11:50:06,956 - INFO - ACRS: 1mo change of 150.00%
2025-01-19 11:50:07,829 - INFO - Processing ACVA - 2025-01-11 00:19:44 UTC
2025-01-19 11:50:08,601 - INFO - Processing ACWI - 2024-12-17 19:43:49 UTC
2025-01-19 11:50:08,956 - INFO - Retrieved article length: 520 characters
2025-01-19 11:50:09,158 - INFO - ACVA: 1wk change of 2.82%
2025-01-19 11:50:09,236 - INFO - ACVA: 1mo change of -2.80%
2025-01-19 11:50:09,725 - INFO - Retrieved article length: 3364 characters
2025-01-19 11:50:09,741 - INFO - Processing ACVA - 2025-01-01 00:52:19 UTC
2025-01-19 11:50:09,819 - INFO - ACWI: 1h change of -4.25%
2025-01-19 11:50:09,922 - INFO - ACWI: 1wk change of -1.49%
2025-01-19 11:50:10,866 - INFO - Retrieved article length: 519 characters
2025-01-19 11:50:10,968 - INFO - ACVA: 1h change of -1.88%
2025-01-19 11:50:11,058 - INFO - ACVA: 1wk change of -3.13%
2025-01-19 11:50:11,194 - INFO - ACVA: 1mo change of -5.20%
2025-01-19 11:50:11,695 - INFO - Processing ACVA - 2024-12-22 23:20:49 UTC
2025-01-19 11:50:12,869 - INFO - Processing ACXP - 2025-01-08 01:00:00 UTC
2025-01-19 11:50:12,886 - INFO - Retrieved article length: 7932 characters
2025-01-19 11:50:12,975 - INFO - ACVA: 1h change of 2.00%
2025-01-19 11:50:13,050 - INFO - ACVA: 1wk change of 3.15%
2025-01-19 11:50:13,150 - INFO - ACVA: 1mo change of -2.09%
2025-01-19 11:50:13,651 - INFO - Processing ACVA - 2024-12-21 20:18:57 UTC
2025-01-19 11:50:13,942 - INFO - Retrieved article length: 6966 characters
2025-01-19 11:50:14,028 - INFO - ACXP: 1h change of -28.21%
2025-01-19 11:50:14,132 - INFO - ACXP: 1wk change of 3.52%
2025-01-19 11:50:14,217 - INFO - ACXP: 1mo change of 14.82%
2025-01-19 11:50:14,721 - INFO - Processing ACXP - 2025-01-07 02:00:30 UTC
2025-01-19 11:50:15,050 - INFO - Retrieved article length: 168 characters
2025-01-19 11:50:15,153 - INFO - ACVA: 1h change of 10.60%
2025-01-19 11:50:15,238 - INFO - ACVA: 1wk change of 1.15%
2025-01-19 11:50:15,326 - INFO - ACVA: 1mo change of -2.09%
2025-01-19 11:50:15,804 - INFO - Retrieved article length: 527 characters
2025-01-19 11:50:15,841 - INFO - Processing ACVA - 2024-12-13 00:20:55 UTC
2025-01-19 11:50:15,905 - INFO - ACXP: 1h change of -28.21%
2025-01-19 11:50:15,984 - INFO - ACXP: 1wk change of -7.74%
2025-01-19 11:50:16,084 - INFO - ACXP: 1mo change of -3.18%
2025-01-19 11:50:16,585 - INFO - Processing ACXP - 2025-01-07 01:35:00 UTC
2025-01-19 11:50:16,917 - INFO - Retrieved article length: 521 characters
2025-01-19 11:50:17,006 - INFO - ACVA: 1h change of -5.54%
2025-01-19 11:50:17,098 - INFO - ACVA: 1wk change of -4.12%
2025-01-19 11:50:17,184 - INFO - ACVA: 1mo change of 6.16%
2025-01-19 11:50:17,695 - INFO - Processing ACVA - 2024-11-28 15:10:54 UTC
2025-01-19 11:50:17,770 - INFO - Retrieved article length: 7322 characters
2025-01-19 11:50:17,787 - INFO - ACXP: 1h change of -28.21%
2025-01-19 11:50:17,792 - INFO - ACXP: 1wk change of -7.74%
2025-01-19 11:50:17,837 - INFO - ACXP: 1mo change of -3.18%
2025-01-19 11:50:18,340 - INFO - Processing ACXP - 2025-01-06 16:30:00 UTC
2025-01-19 11:50:18,841 - INFO - Retrieved article length: 1473 characters
2025-01-19 11:50:18,927 - INFO - ACVA: 1h change of 2.37%
2025-01-19 11:50:19,012 - INFO - ACVA: 1wk change of 1.59%
2025-01-19 11:50:19,099 - INFO - ACVA: 1mo change of 21.69%
2025-01-19 11:50:19,446 - INFO - Retrieved article length: 17072 characters
2025-01-19 11:50:19,546 - INFO - ACXP: 1h change of -21.70%
2025-01-19 11:50:19,615 - INFO - Processing ACVA - 2024-11-26 15:56:41 UTC
2025-01-19 11:50:19,643 - INFO - ACXP: 1wk change of -19.46%
2025-01-19 11:50:19,724 - INFO - ACXP: 1mo change of -21.16%
2025-01-19 11:50:20,233 - INFO - Processing ACXP - 2025-01-03 17:40:08 UTC
2025-01-19 11:50:20,782 - INFO - Retrieved article length: 494 characters
2025-01-19 11:50:21,068 - INFO - ACVA: 1mo change of 18.00%
2025-01-19 11:50:21,280 - INFO - Retrieved article length: 3038 characters
2025-01-19 11:50:21,369 - INFO - ACXP: 1h change of 5.12%
2025-01-19 11:50:21,451 - INFO - ACXP: 1wk change of -7.66%
2025-01-19 11:50:21,552 - INFO - ACXP: 1mo change of -29.36%
2025-01-19 11:50:21,572 - INFO - Processing ACVA - 2024-11-19 16:01:11 UTC
2025-01-19 11:50:22,053 - INFO - Processing ACXP - 2024-12-11 19:00:00 UTC
2025-01-19 11:50:22,644 - INFO - Retrieved article length: 570 characters
2025-01-19 11:50:22,831 - INFO - ACVA: 1wk change of 7.63%
2025-01-19 11:50:22,916 - INFO - ACVA: 1mo change of 13.57%
2025-01-19 11:50:23,135 - INFO - Retrieved article length: 4073 characters
2025-01-19 11:50:23,232 - INFO - ACXP: 1h change of 15.03%
2025-01-19 11:50:23,310 - INFO - ACXP: 1wk change of -26.34%
2025-01-19 11:50:23,397 - INFO - ACXP: 1mo change of -62.82%
2025-01-19 11:50:23,908 - INFO - Processing ACXP - 2024-12-09 16:00:00 UTC
2025-01-19 11:50:24,543 - INFO - Processing ADBE - 2025-01-18 22:50:58 UTC
2025-01-19 11:50:25,010 - INFO - Retrieved article length: 17464 characters
2025-01-19 11:50:25,099 - INFO - ACXP: 1h change of 18.30%
2025-01-19 11:50:25,191 - INFO - ACXP: 1wk change of -42.40%
2025-01-19 11:50:25,270 - INFO - ACXP: 1mo change of -56.32%
2025-01-19 11:50:25,723 - INFO - Retrieved article length: 6334 characters
2025-01-19 11:50:25,782 - INFO - Processing ACXP - 2024-11-28 17:55:07 UTC
2025-01-19 11:50:25,941 - INFO - ADBE: 1wk change of 2.48%
2025-01-19 11:50:26,049 - INFO - ADBE: 1mo change of -6.83%
2025-01-19 11:50:26,552 - INFO - Processing ADBE - 2025-01-18 01:45:18 UTC
2025-01-19 11:50:26,918 - INFO - Retrieved article length: 3977 characters
2025-01-19 11:50:27,017 - INFO - ACXP: 1h change of -4.64%
2025-01-19 11:50:27,107 - INFO - ACXP: 1wk change of -55.88%
2025-01-19 11:50:27,202 - INFO - ACXP: 1mo change of -56.24%
2025-01-19 11:50:27,683 - INFO - Retrieved article length: 3618 characters
2025-01-19 11:50:27,788 - INFO - ADBE: 1wk change of 2.48%
2025-01-19 11:50:27,833 - INFO - ADBE: 1mo change of -6.83%
2025-01-19 11:50:28,339 - INFO - Processing ADBE - 2025-01-17 21:29:00 UTC
2025-01-19 11:50:28,884 - INFO - Processing ADC - 2025-01-17 19:43:07 UTC
2025-01-19 11:50:29,496 - INFO - Retrieved article length: 41385 characters
2025-01-19 11:50:29,600 - INFO - ADBE: 1h change of 1.76%
2025-01-19 11:50:29,709 - INFO - ADBE: 1wk change of 1.74%
2025-01-19 11:50:29,812 - INFO - ADBE: 1mo change of -7.67%
2025-01-19 11:50:29,983 - INFO - Retrieved article length: 515 characters
2025-01-19 11:50:30,085 - INFO - ADC: 1h change of 1.66%
2025-01-19 11:50:30,199 - INFO - ADC: 1wk change of 3.43%
2025-01-19 11:50:30,315 - INFO - Processing ADBE - 2025-01-17 16:15:09 UTC
2025-01-19 11:50:30,343 - INFO - ADC: 1mo change of -2.62%
2025-01-19 11:50:30,844 - INFO - Processing ADC - 2025-01-15 00:05:00 UTC
2025-01-19 11:50:31,346 - INFO - Retrieved article length: 3873 characters
2025-01-19 11:50:31,356 - INFO - ADBE: 1h change of 1.76%
2025-01-19 11:50:31,398 - INFO - ADBE: 1wk change of 1.74%
2025-01-19 11:50:31,451 - INFO - ADBE: 1mo change of -7.67%
2025-01-19 11:50:31,917 - INFO - Retrieved article length: 2044 characters
2025-01-19 11:50:31,955 - INFO - Processing ADBE - 2025-01-17 12:04:09 UTC
2025-01-19 11:50:31,998 - INFO - ADC: 1h change of 5.92%
2025-01-19 11:50:32,124 - INFO - ADC: 1wk change of 2.87%
2025-01-19 11:50:32,276 - INFO - ADC: 1mo change of -2.18%
2025-01-19 11:50:32,779 - INFO - Processing ADC - 2025-01-08 15:25:17 UTC
2025-01-19 11:50:33,172 - INFO - Retrieved article length: 6443 characters
2025-01-19 11:50:33,181 - INFO - ADBE: 1h change of 1.76%
2025-01-19 11:50:33,222 - INFO - ADBE: 1wk change of 1.74%
2025-01-19 11:50:33,274 - INFO - ADBE: 1mo change of -7.67%
2025-01-19 11:50:33,777 - INFO - Processing ADBE - 2025-01-16 21:49:40 UTC
2025-01-19 11:50:33,896 - INFO - Retrieved article length: 1628 characters
2025-01-19 11:50:33,984 - INFO - ADC: 1h change of -1.80%
2025-01-19 11:50:34,096 - INFO - ADC: 1wk change of 4.00%
2025-01-19 11:50:34,219 - INFO - ADC: 1mo change of -3.73%
2025-01-19 11:50:34,732 - INFO - Processing ADC - 2025-01-08 00:05:00 UTC
2025-01-19 11:50:34,880 - INFO - Retrieved article length: 6435 characters
2025-01-19 11:50:34,983 - INFO - ADBE: 1h change of 5.60%
2025-01-19 11:50:35,204 - INFO - ADBE: 1mo change of -9.41%
2025-01-19 11:50:35,712 - INFO - Processing ADBE - 2025-01-16 16:55:01 UTC
2025-01-19 11:50:35,782 - INFO - Retrieved article length: 2179 characters
2025-01-19 11:50:35,793 - INFO - ADC: 1h change of -1.80%
2025-01-19 11:50:35,805 - INFO - ADC: 1wk change of 4.00%
2025-01-19 11:50:35,863 - INFO - ADC: 1mo change of -3.73%
2025-01-19 11:50:36,364 - INFO - Processing ADC - 2025-01-07 14:49:34 UTC
2025-01-19 11:50:36,743 - INFO - Retrieved article length: 526 characters
2025-01-19 11:50:36,760 - INFO - ADBE: 1h change of 5.60%
2025-01-19 11:50:36,847 - INFO - ADBE: 1mo change of -9.41%
2025-01-19 11:50:37,359 - INFO - Processing ADBE - 2025-01-16 15:13:31 UTC
2025-01-19 11:50:37,435 - INFO - Retrieved article length: 515 characters
2025-01-19 11:50:37,516 - INFO - ADC: 1h change of -1.80%
2025-01-19 11:50:37,652 - INFO - ADC: 1wk change of 3.58%
2025-01-19 11:50:37,783 - INFO - ADC: 1mo change of -2.45%
2025-01-19 11:50:38,291 - INFO - Processing ADC - 2025-01-07 00:32:49 UTC
2025-01-19 11:50:38,474 - INFO - Retrieved article length: 3971 characters
2025-01-19 11:50:38,489 - INFO - ADBE: 1h change of 5.60%
2025-01-19 11:50:38,589 - INFO - ADBE: 1mo change of -9.41%
2025-01-19 11:50:39,467 - INFO - Retrieved article length: 491 characters
2025-01-19 11:50:39,467 - INFO - ADC: 1h change of -1.80%
2025-01-19 11:50:39,479 - INFO - ADC: 1wk change of 3.58%
2025-01-19 11:50:39,527 - INFO - ADC: 1mo change of -2.45%
2025-01-19 11:50:40,036 - INFO - Processing ADC - 2025-01-07 00:05:00 UTC
2025-01-19 11:50:40,271 - INFO - Processing ADD - 2024-12-24 21:00:00 UTC
2025-01-19 11:50:41,231 - INFO - Retrieved article length: 10724 characters
2025-01-19 11:50:41,248 - INFO - ADC: 1h change of -1.80%
2025-01-19 11:50:41,261 - INFO - ADC: 1wk change of 3.58%
2025-01-19 11:50:41,303 - INFO - ADC: 1mo change of -2.45%
2025-01-19 11:50:41,371 - INFO - Retrieved article length: 6740 characters
2025-01-19 11:50:41,467 - INFO - ADD: 1h change of 129.85%
2025-01-19 11:50:41,557 - INFO - ADD: 1wk change of -19.86%
2025-01-19 11:50:41,649 - INFO - ADD: 1mo change of -68.86%
2025-01-19 11:50:41,811 - INFO - Processing ADC - 2024-12-30 19:00:13 UTC
2025-01-19 11:50:42,150 - INFO - Processing ADD - 2024-12-06 00:05:00 UTC
2025-01-19 11:50:42,879 - INFO - Retrieved article length: 5501 characters
2025-01-19 11:50:42,963 - INFO - ADC: 1h change of 1.43%
2025-01-19 11:50:43,221 - INFO - ADC: 1mo change of -4.53%
2025-01-19 11:50:43,271 - INFO - Retrieved article length: 4207 characters
2025-01-19 11:50:43,415 - INFO - ADD: 1h change of 17.83%
2025-01-19 11:50:43,525 - INFO - ADD: 1wk change of -26.01%
2025-01-19 11:50:43,631 - INFO - ADD: 1mo change of -89.63%
2025-01-19 11:50:44,132 - INFO - Processing ADD - 2024-11-21 00:05:00 UTC
2025-01-19 11:50:44,869 - INFO - Processing ADGM - 2024-12-16 16:00:00 UTC
2025-01-19 11:50:45,216 - INFO - Retrieved article length: 4050 characters
2025-01-19 11:50:45,310 - INFO - ADD: 1h change of -1.23%
2025-01-19 11:50:45,395 - INFO - ADD: 1wk change of -72.57%
2025-01-19 11:50:45,479 - INFO - ADD: 1mo change of -88.00%
2025-01-19 11:50:45,934 - INFO - Retrieved article length: 7531 characters
2025-01-19 11:50:45,982 - INFO - Processing ADD - 2024-11-13 17:00:00 UTC
2025-01-19 11:50:46,023 - INFO - ADGM: 1h change of -7.74%
2025-01-19 11:50:46,106 - INFO - ADGM: 1wk change of -57.78%
2025-01-19 11:50:46,203 - INFO - ADGM: 1mo change of -70.19%
2025-01-19 11:50:46,711 - INFO - Processing ADGM - 2024-11-16 16:12:52 UTC
2025-01-19 11:50:47,106 - INFO - Retrieved article length: 5961 characters
2025-01-19 11:50:47,201 - INFO - ADD: 1h change of -54.19%
2025-01-19 11:50:47,285 - INFO - ADD: 1wk change of -68.82%
2025-01-19 11:50:47,372 - INFO - ADD: 1mo change of -86.05%
2025-01-19 11:50:47,824 - INFO - Retrieved article length: 1533 characters
2025-01-19 11:50:47,905 - INFO - ADGM: 1h change of 27.12%
2025-01-19 11:50:47,997 - INFO - ADGM: 1wk change of -2.26%
2025-01-19 11:50:48,152 - INFO - ADGM: 1mo change of -41.07%
2025-01-19 11:50:48,653 - INFO - Processing ADGM - 2024-11-15 00:01:00 UTC
2025-01-19 11:50:49,036 - INFO - Processing ADI - 2025-01-17 16:53:43 UTC
2025-01-19 11:50:49,752 - INFO - Retrieved article length: 8537 characters
2025-01-19 11:50:49,838 - INFO - ADGM: 1h change of 25.00%
2025-01-19 11:50:49,924 - INFO - ADGM: 1wk change of -15.41%
2025-01-19 11:50:50,021 - INFO - ADGM: 1mo change of -34.87%
2025-01-19 11:50:50,154 - INFO - Retrieved article length: 530 characters
2025-01-19 11:50:50,528 - INFO - Processing ADGM - 2024-11-05 00:01:00 UTC
2025-01-19 11:50:50,664 - INFO - ADI: 1wk change of 1.52%
2025-01-19 11:50:51,035 - INFO - ADI: 1mo change of 1.18%
2025-01-19 11:50:51,537 - INFO - Processing ADI - 2025-01-16 21:05:04 UTC
2025-01-19 11:50:51,700 - INFO - Retrieved article length: 1449 characters
2025-01-19 11:50:51,805 - INFO - ADGM: 1h change of -2.21%
2025-01-19 11:50:51,943 - INFO - ADGM: 1wk change of 34.42%
2025-01-19 11:50:52,038 - INFO - ADGM: 1mo change of -16.55%
2025-01-19 11:50:52,542 - INFO - Processing ADGM - 2024-10-24 15:30:00 UTC
2025-01-19 11:50:52,585 - INFO - Retrieved article length: 7475 characters
2025-01-19 11:50:52,680 - INFO - ADI: 1h change of 2.55%
2025-01-19 11:50:53,426 - INFO - Processing ADI - 2025-01-16 12:30:00 UTC
2025-01-19 11:50:53,600 - INFO - Retrieved article length: 8110 characters
2025-01-19 11:50:53,684 - INFO - ADGM: 1h change of 7.41%
2025-01-19 11:50:53,775 - INFO - ADGM: 1wk change of -3.04%
2025-01-19 11:50:53,869 - INFO - ADGM: 1mo change of -37.19%
2025-01-19 11:50:54,532 - INFO - Retrieved article length: 7439 characters
2025-01-19 11:50:54,548 - INFO - ADI: 1h change of 2.55%
2025-01-19 11:50:55,161 - INFO - Processing ADI - 2025-01-16 02:00:19 UTC
2025-01-19 11:50:55,553 - INFO - Processing ADIL - 2024-12-21 01:00:09 UTC
2025-01-19 11:50:56,289 - INFO - Retrieved article length: 3591 characters
2025-01-19 11:50:56,305 - INFO - ADI: 1h change of 2.55%
2025-01-19 11:50:56,739 - INFO - Retrieved article length: 513 characters
2025-01-19 11:50:56,887 - INFO - ADIL: 1h change of -3.21%
2025-01-19 11:50:56,913 - INFO - Processing ADI - 2025-01-16 00:49:00 UTC
2025-01-19 11:50:56,968 - INFO - ADIL: 1wk change of -6.36%
2025-01-19 11:50:57,076 - INFO - ADIL: 1mo change of -4.95%
2025-01-19 11:50:57,578 - INFO - Processing ADIL - 2024-12-03 16:30:00 UTC
2025-01-19 11:50:57,998 - INFO - Retrieved article length: 9428 characters
2025-01-19 11:50:58,002 - INFO - ADI: 1h change of 2.55%
2025-01-19 11:50:58,609 - INFO - Processing ADI - 2025-01-14 02:15:20 UTC
2025-01-19 11:50:58,654 - INFO - Retrieved article length: 6529 characters
2025-01-19 11:50:58,747 - INFO - ADIL: 1h change of 15.47%
2025-01-19 11:50:58,837 - INFO - ADIL: 1wk change of 7.92%
2025-01-19 11:50:58,926 - INFO - ADIL: 1mo change of 5.88%
2025-01-19 11:50:59,428 - INFO - Processing ADIL - 2024-12-03 16:00:22 UTC
2025-01-19 11:51:00,626 - INFO - Retrieved article length: 3613 characters
2025-01-19 11:51:00,666 - INFO - Retrieved article length: 2995 characters
2025-01-19 11:51:00,682 - INFO - ADIL: 1h change of 15.47%
2025-01-19 11:51:00,690 - INFO - ADIL: 1wk change of 7.92%
2025-01-19 11:51:00,690 - INFO - ADIL: 1mo change of 5.88%
2025-01-19 11:51:00,755 - INFO - ADI: 1h change of 4.40%
2025-01-19 11:51:00,981 - INFO - ADI: 1mo change of 1.65%
2025-01-19 11:51:01,196 - INFO - Processing ADIL - 2024-11-25 20:00:11 UTC
2025-01-19 11:51:01,483 - INFO - Processing ADI - 2025-01-10 14:45:08 UTC
2025-01-19 11:51:02,335 - INFO - Retrieved article length: 4603 characters
2025-01-19 11:51:02,528 - INFO - ADIL: 1wk change of 12.26%
2025-01-19 11:51:02,614 - INFO - ADIL: 1mo change of -4.67%
2025-01-19 11:51:02,665 - INFO - Retrieved article length: 518 characters
2025-01-19 11:51:02,751 - INFO - ADI: 1h change of -2.47%
2025-01-19 11:51:02,856 - INFO - ADI: 1wk change of 3.15%
2025-01-19 11:51:03,116 - INFO - Processing ADIL - 2024-11-14 16:30:00 UTC
2025-01-19 11:51:03,483 - INFO - Processing ADI - 2025-01-07 16:01:35 UTC
2025-01-19 11:51:04,243 - INFO - Retrieved article length: 9498 characters
2025-01-19 11:51:04,347 - INFO - ADIL: 1h change of 3.96%
2025-01-19 11:51:04,521 - INFO - ADIL: 1mo change of 16.84%
2025-01-19 11:51:04,599 - INFO - Retrieved article length: 7547 characters
2025-01-19 11:51:04,862 - INFO - ADI: 1wk change of 1.16%
2025-01-19 11:51:05,023 - INFO - Processing ADIL - 2024-11-14 16:00:48 UTC
2025-01-19 11:51:06,096 - INFO - Retrieved article length: 3164 characters
2025-01-19 11:51:06,096 - INFO - ADIL: 1h change of 3.96%
2025-01-19 11:51:06,123 - INFO - ADIL: 1mo change of 16.84%
2025-01-19 11:51:06,592 - INFO - Processing ADM - 2025-01-17 16:57:00 UTC
2025-01-19 11:51:06,625 - INFO - Processing ADIL - 2024-11-13 16:30:00 UTC
2025-01-19 11:51:07,681 - INFO - Retrieved article length: 12067 characters
2025-01-19 11:51:07,738 - INFO - Retrieved article length: 9261 characters
2025-01-19 11:51:07,834 - INFO - ADIL: 1h change of 10.78%
2025-01-19 11:51:07,916 - INFO - ADM: 1wk change of 3.76%
2025-01-19 11:51:08,007 - INFO - ADIL: 1mo change of 18.95%
2025-01-19 11:51:08,094 - INFO - ADM: 1mo change of -2.12%
2025-01-19 11:51:08,509 - INFO - Processing ADIL - 2024-11-05 16:30:00 UTC
2025-01-19 11:51:08,601 - INFO - Processing ADM - 2025-01-16 02:15:21 UTC
2025-01-19 11:51:09,745 - INFO - Retrieved article length: 3207 characters
2025-01-19 11:51:09,745 - INFO - Retrieved article length: 7832 characters
2025-01-19 11:51:09,944 - INFO - ADIL: 1wk change of 9.62%
2025-01-19 11:51:10,010 - INFO - ADM: 1wk change of 3.34%
2025-01-19 11:51:10,042 - INFO - ADIL: 1mo change of 26.80%
2025-01-19 11:51:10,151 - INFO - ADM: 1mo change of -3.37%
2025-01-19 11:51:10,652 - INFO - Processing ADM - 2025-01-15 18:07:20 UTC
2025-01-19 11:51:11,677 - INFO - Processing ADMA - 2025-01-18 22:01:56 UTC
2025-01-19 11:51:11,817 - INFO - Retrieved article length: 6860 characters
2025-01-19 11:51:11,917 - INFO - ADM: 1h change of -2.43%
2025-01-19 11:51:12,057 - INFO - ADM: 1wk change of 3.34%
2025-01-19 11:51:12,227 - INFO - ADM: 1mo change of -3.08%
2025-01-19 11:51:12,728 - INFO - Processing ADM - 2025-01-14 15:47:21 UTC
2025-01-19 11:51:12,813 - INFO - Retrieved article length: 5853 characters
2025-01-19 11:51:12,899 - INFO - ADMA: 1h change of -3.00%
2025-01-19 11:51:12,986 - INFO - ADMA: 1wk change of -13.69%
2025-01-19 11:51:13,098 - INFO - ADMA: 1mo change of -15.60%
2025-01-19 11:51:13,600 - INFO - Processing ADMA - 2025-01-15 01:50:20 UTC
2025-01-19 11:51:13,880 - INFO - Retrieved article length: 503 characters
2025-01-19 11:51:13,968 - INFO - ADM: 1h change of -2.24%
2025-01-19 11:51:14,107 - INFO - ADM: 1wk change of 3.34%
2025-01-19 11:51:14,259 - INFO - ADM: 1mo change of -1.52%
2025-01-19 11:51:14,761 - INFO - Processing ADM - 2025-01-13 17:00:15 UTC
2025-01-19 11:51:14,860 - INFO - Retrieved article length: 3023 characters
2025-01-19 11:51:14,948 - INFO - ADMA: 1h change of -4.92%
2025-01-19 11:51:15,052 - INFO - ADMA: 1wk change of -16.26%
2025-01-19 11:51:15,144 - INFO - ADMA: 1mo change of -18.39%
2025-01-19 11:51:15,645 - INFO - Processing ADMA - 2025-01-13 15:00:00 UTC
2025-01-19 11:51:15,903 - INFO - Retrieved article length: 3047 characters
2025-01-19 11:51:15,990 - INFO - ADM: 1h change of -2.12%
2025-01-19 11:51:16,136 - INFO - ADM: 1wk change of 2.48%
2025-01-19 11:51:16,270 - INFO - ADM: 1mo change of -1.33%
2025-01-19 11:51:16,758 - INFO - Retrieved article length: 11843 characters
2025-01-19 11:51:16,773 - INFO - Processing ADM - 2025-01-12 15:28:00 UTC
2025-01-19 11:51:16,841 - INFO - ADMA: 1h change of -6.75%
2025-01-19 11:51:16,942 - INFO - ADMA: 1wk change of -13.12%
2025-01-19 11:51:17,033 - INFO - ADMA: 1mo change of -15.73%
2025-01-19 11:51:17,536 - INFO - Processing ADMA - 2025-01-11 18:00:00 UTC
2025-01-19 11:51:17,860 - INFO - Retrieved article length: 6852 characters
2025-01-19 11:51:17,993 - INFO - ADM: 1h change of 2.67%
2025-01-19 11:51:18,285 - INFO - ADM: 1wk change of 2.13%
2025-01-19 11:51:18,421 - INFO - ADM: 1mo change of -1.33%
2025-01-19 11:51:18,718 - INFO - Retrieved article length: 169 characters
2025-01-19 11:51:18,818 - INFO - ADMA: 1h change of 1.92%
2025-01-19 11:51:18,912 - INFO - ADMA: 1wk change of -10.85%
2025-01-19 11:51:18,923 - INFO - Processing ADM - 2025-01-11 05:00:00 UTC
2025-01-19 11:51:19,004 - INFO - ADMA: 1mo change of -15.73%
2025-01-19 11:51:19,505 - INFO - Processing ADMA - 2025-01-10 21:41:00 UTC
2025-01-19 11:51:20,165 - INFO - Retrieved article length: 168 characters
2025-01-19 11:51:20,398 - INFO - ADM: 1wk change of 2.13%
2025-01-19 11:51:20,562 - INFO - ADM: 1mo change of -1.33%
2025-01-19 11:51:20,604 - INFO - Retrieved article length: 5224 characters
2025-01-19 11:51:20,696 - INFO - ADMA: 1h change of 2.83%
2025-01-19 11:51:20,776 - INFO - ADMA: 1wk change of -6.59%
2025-01-19 11:51:20,880 - INFO - ADMA: 1mo change of -19.17%
2025-01-19 11:51:21,072 - INFO - Processing ADM - 2025-01-08 15:09:16 UTC
2025-01-19 11:51:21,382 - INFO - Processing ADMA - 2025-01-10 00:53:13 UTC
2025-01-19 11:51:22,200 - INFO - Retrieved article length: 531 characters
2025-01-19 11:51:22,283 - INFO - ADM: 1h change of -1.58%
2025-01-19 11:51:22,483 - INFO - ADM: 1wk change of 2.44%
2025-01-19 11:51:22,589 - INFO - Retrieved article length: 5225 characters
2025-01-19 11:51:22,607 - INFO - ADMA: 1h change of 2.83%
2025-01-19 11:51:22,648 - INFO - ADMA: 1wk change of -6.59%
2025-01-19 11:51:22,696 - INFO - ADMA: 1mo change of -19.17%
2025-01-19 11:51:23,208 - INFO - Processing ADMA - 2025-01-09 01:50:20 UTC
2025-01-19 11:51:24,294 - INFO - Processing ADN - 2024-12-19 16:00:00 UTC
2025-01-19 11:51:24,323 - INFO - Retrieved article length: 3061 characters
2025-01-19 11:51:24,417 - INFO - ADMA: 1h change of 1.75%
2025-01-19 11:51:24,510 - INFO - ADMA: 1wk change of -8.40%
2025-01-19 11:51:24,595 - INFO - ADMA: 1mo change of -17.06%
2025-01-19 11:51:25,104 - INFO - Processing ADMA - 2025-01-08 22:54:00 UTC
2025-01-19 11:51:25,483 - INFO - Retrieved article length: 4652 characters
2025-01-19 11:51:25,589 - INFO - ADN: 1h change of -20.64%
2025-01-19 11:51:25,661 - INFO - ADN: 1wk change of -16.26%
2025-01-19 11:51:25,769 - INFO - ADN: 1mo change of -4.26%
2025-01-19 11:51:26,272 - INFO - Processing ADN - 2024-12-03 16:48:00 UTC
2025-01-19 11:51:26,310 - INFO - Retrieved article length: 145 characters
2025-01-19 11:51:26,405 - INFO - ADMA: 1h change of -1.95%
2025-01-19 11:51:26,499 - INFO - ADMA: 1wk change of -8.40%
2025-01-19 11:51:26,592 - INFO - ADMA: 1mo change of -19.70%
2025-01-19 11:51:27,316 - INFO - Retrieved article length: 5399 characters
2025-01-19 11:51:27,405 - INFO - ADN: 1h change of 8.37%
2025-01-19 11:51:27,636 - INFO - ADN: 1mo change of 244.89%
2025-01-19 11:51:28,137 - INFO - Processing ADN - 2024-11-15 16:00:00 UTC
2025-01-19 11:51:28,302 - INFO - Processing ADNT - 2025-01-16 16:08:18 UTC
2025-01-19 11:51:29,331 - INFO - Retrieved article length: 5059 characters
2025-01-19 11:51:29,380 - INFO - Retrieved article length: 510 characters
2025-01-19 11:51:29,418 - INFO - ADN: 1h change of -20.55%
2025-01-19 11:51:29,501 - INFO - ADN: 1wk change of 105.06%
2025-01-19 11:51:29,572 - INFO - ADNT: 1wk change of -2.00%
2025-01-19 11:51:29,580 - INFO - ADN: 1mo change of 140.10%
2025-01-19 11:51:29,665 - INFO - ADNT: 1mo change of -10.12%
2025-01-19 11:51:30,084 - INFO - Processing ADN - 2024-11-06 16:00:00 UTC
2025-01-19 11:51:30,166 - INFO - Processing ADNT - 2025-01-06 16:00:00 UTC
2025-01-19 11:51:31,152 - INFO - Retrieved article length: 6403 characters
2025-01-19 11:51:31,211 - INFO - Retrieved article length: 1729 characters
2025-01-19 11:51:31,250 - INFO - ADN: 1h change of 17.56%
2025-01-19 11:51:31,308 - INFO - ADNT: 1h change of -1.02%
2025-01-19 11:51:31,346 - INFO - ADN: 1wk change of 229.89%
2025-01-19 11:51:31,421 - INFO - ADN: 1mo change of 205.53%
2025-01-19 11:51:31,480 - INFO - ADNT: 1mo change of -15.52%
2025-01-19 11:51:31,935 - INFO - Processing ADN - 2024-11-04 16:00:00 UTC
2025-01-19 11:51:31,982 - INFO - Processing ADNT - 2024-12-26 17:30:30 UTC
2025-01-19 11:51:33,025 - INFO - Retrieved article length: 6829 characters
2025-01-19 11:51:33,118 - INFO - ADN: 1h change of 8.61%
2025-01-19 11:51:33,165 - INFO - Retrieved article length: 3774 characters
2025-01-19 11:51:33,248 - INFO - ADN: 1wk change of 296.86%
2025-01-19 11:51:33,248 - INFO - ADNT: 1h change of 1.93%
2025-01-19 11:51:33,340 - INFO - ADN: 1mo change of 185.19%
2025-01-19 11:51:33,340 - INFO - ADNT: 1wk change of -4.26%
2025-01-19 11:51:33,437 - INFO - ADNT: 1mo change of -10.21%
2025-01-19 11:51:33,841 - INFO - Processing ADN - 2024-10-31 20:03:00 UTC
2025-01-19 11:51:33,938 - INFO - Processing ADNT - 2024-12-17 14:25:04 UTC
2025-01-19 11:51:34,936 - INFO - Retrieved article length: 6733 characters
2025-01-19 11:51:35,025 - INFO - ADN: 1h change of 3.85%
2025-01-19 11:51:35,061 - INFO - Retrieved article length: 7488 characters
2025-01-19 11:51:35,108 - INFO - ADN: 1wk change of 96.15%
2025-01-19 11:51:35,150 - INFO - ADNT: 1h change of -6.33%
2025-01-19 11:51:35,193 - INFO - ADN: 1mo change of 162.94%
2025-01-19 11:51:35,239 - INFO - ADNT: 1wk change of -11.07%
2025-01-19 11:51:35,324 - INFO - ADNT: 1mo change of -17.95%
2025-01-19 11:51:35,694 - INFO - Processing ADN - 2024-10-31 01:10:00 UTC
2025-01-19 11:51:35,825 - INFO - Processing ADNT - 2024-12-16 15:36:32 UTC
2025-01-19 11:51:36,834 - INFO - Retrieved article length: 6321 characters
2025-01-19 11:51:36,834 - INFO - ADN: 1h change of 3.85%
2025-01-19 11:51:36,851 - INFO - ADN: 1wk change of 96.15%
2025-01-19 11:51:36,858 - INFO - ADN: 1mo change of 162.94%
2025-01-19 11:51:36,905 - INFO - Retrieved article length: 533 characters
2025-01-19 11:51:37,007 - INFO - ADNT: 1h change of -4.43%
2025-01-19 11:51:37,148 - INFO - ADNT: 1wk change of -10.32%
2025-01-19 11:51:37,235 - INFO - ADNT: 1mo change of -18.96%
2025-01-19 11:51:37,737 - INFO - Processing ADNT - 2024-12-05 16:14:00 UTC
2025-01-19 11:51:38,557 - INFO - Processing ADP - 2025-01-16 21:19:18 UTC
2025-01-19 11:51:38,984 - INFO - Retrieved article length: 4553 characters
2025-01-19 11:51:39,087 - INFO - ADNT: 1h change of -3.60%
2025-01-19 11:51:39,214 - INFO - ADNT: 1wk change of -5.01%
2025-01-19 11:51:39,313 - INFO - ADNT: 1mo change of -12.85%
2025-01-19 11:51:39,779 - INFO - Retrieved article length: 7627 characters
2025-01-19 11:51:39,815 - INFO - Processing ADNT - 2024-12-02 18:46:18 UTC
2025-01-19 11:51:39,891 - INFO - ADP: 1h change of 2.09%
2025-01-19 11:51:40,026 - INFO - ADP: 1wk change of 3.15%
2025-01-19 11:51:40,666 - INFO - Processing ADP - 2025-01-15 22:53:00 UTC
2025-01-19 11:51:41,084 - INFO - Retrieved article length: 525 characters
2025-01-19 11:51:41,368 - INFO - ADNT: 1mo change of -21.47%
2025-01-19 11:51:41,872 - INFO - Processing ADNT - 2024-12-02 16:00:00 UTC
2025-01-19 11:51:41,872 - INFO - Retrieved article length: 1243 characters
2025-01-19 11:51:42,014 - INFO - ADP: 1h change of 2.97%
2025-01-19 11:51:42,165 - INFO - ADP: 1wk change of 3.15%
2025-01-19 11:51:42,297 - INFO - ADP: 1mo change of -1.01%
2025-01-19 11:51:42,798 - INFO - Processing ADP - 2025-01-15 16:50:23 UTC
2025-01-19 11:51:42,920 - INFO - Retrieved article length: 3547 characters
2025-01-19 11:51:42,953 - INFO - ADNT: 1mo change of -21.47%
2025-01-19 11:51:43,843 - INFO - Retrieved article length: 1206 characters
2025-01-19 11:51:43,859 - INFO - ADP: 1h change of 2.97%
2025-01-19 11:51:43,908 - INFO - ADP: 1wk change of 3.15%
2025-01-19 11:51:43,964 - INFO - ADP: 1mo change of -1.01%
2025-01-19 11:51:44,466 - INFO - Processing ADP - 2025-01-13 14:00:00 UTC
2025-01-19 11:51:44,625 - INFO - Processing ADPT - 2025-01-17 17:40:05 UTC
2025-01-19 11:51:45,567 - INFO - Retrieved article length: 9498 characters
2025-01-19 11:51:45,659 - INFO - ADP: 1h change of 1.37%
2025-01-19 11:51:45,695 - INFO - Retrieved article length: 3219 characters
2025-01-19 11:51:45,781 - INFO - ADP: 1wk change of 1.54%
2025-01-19 11:51:45,798 - INFO - ADPT: 1h change of -3.13%
2025-01-19 11:51:45,884 - INFO - ADPT: 1wk change of -4.08%
2025-01-19 11:51:45,977 - INFO - ADPT: 1mo change of 8.10%
2025-01-19 11:51:46,423 - INFO - Processing ADP - 2025-01-11 17:00:21 UTC
2025-01-19 11:51:46,485 - INFO - Processing ADPT - 2025-01-16 16:33:00 UTC
2025-01-19 11:51:47,476 - INFO - Retrieved article length: 4456 characters
2025-01-19 11:51:47,548 - INFO - Retrieved article length: 3088 characters
2025-01-19 11:51:47,653 - INFO - ADPT: 1h change of 5.91%
2025-01-19 11:51:47,738 - INFO - ADPT: 1wk change of -3.40%
2025-01-19 11:51:47,775 - INFO - ADP: 1wk change of 2.25%
2025-01-19 11:51:47,840 - INFO - ADPT: 1mo change of 10.55%
2025-01-19 11:51:48,344 - INFO - Processing ADPT - 2025-01-14 16:59:44 UTC
2025-01-19 11:51:48,416 - INFO - Processing ADP - 2025-01-08 16:15:00 UTC
2025-01-19 11:51:49,488 - INFO - Retrieved article length: 567 characters
2025-01-19 11:51:49,533 - INFO - Retrieved article length: 6608 characters
2025-01-19 11:51:49,591 - INFO - ADPT: 1h change of 12.49%
2025-01-19 11:51:49,624 - INFO - ADP: 1h change of 1.61%
2025-01-19 11:51:49,677 - INFO - ADPT: 1wk change of -3.40%
2025-01-19 11:51:49,747 - INFO - ADP: 1wk change of 1.10%
2025-01-19 11:51:49,764 - INFO - ADPT: 1mo change of 1.49%
2025-01-19 11:51:49,886 - INFO - ADP: 1mo change of -1.90%
2025-01-19 11:51:50,268 - INFO - Processing ADPT - 2025-01-14 15:30:00 UTC
2025-01-19 11:51:50,399 - INFO - Processing ADP - 2024-12-31 17:00:16 UTC
2025-01-19 11:51:51,374 - INFO - Retrieved article length: 10435 characters
2025-01-19 11:51:51,390 - INFO - ADPT: 1h change of 12.49%
2025-01-19 11:51:51,443 - INFO - ADPT: 1wk change of -3.40%
2025-01-19 11:51:51,485 - INFO - ADPT: 1mo change of 1.49%
2025-01-19 11:51:51,507 - INFO - Retrieved article length: 4596 characters
2025-01-19 11:51:51,855 - INFO - ADP: 1mo change of -3.33%
2025-01-19 11:51:51,992 - INFO - Processing ADPT - 2025-01-07 15:30:00 UTC
2025-01-19 11:51:52,358 - INFO - Processing ADP - 2024-12-30 12:39:10 UTC
2025-01-19 11:51:53,108 - INFO - Retrieved article length: 8095 characters
2025-01-19 11:51:53,200 - INFO - ADPT: 1h change of -7.84%
2025-01-19 11:51:53,269 - INFO - ADPT: 1wk change of 13.26%
2025-01-19 11:51:53,363 - INFO - ADPT: 1mo change of 8.10%
2025-01-19 11:51:53,503 - INFO - Retrieved article length: 7820 characters
2025-01-19 11:51:53,866 - INFO - Processing ADPT - 2025-01-03 00:05:00 UTC
2025-01-19 11:51:53,866 - INFO - ADP: 1mo change of -2.28%
2025-01-19 11:51:54,929 - INFO - Retrieved article length: 2287 characters
2025-01-19 11:51:55,105 - INFO - ADPT: 1h change of 11.80%
2025-01-19 11:51:55,178 - INFO - ADPT: 1wk change of 1.72%
2025-01-19 11:51:55,275 - INFO - ADPT: 1mo change of 14.65%
2025-01-19 11:51:55,518 - INFO - Processing ADSE - 2025-01-01 19:42:06 UTC
2025-01-19 11:51:55,778 - INFO - Processing ADPT - 2025-01-01 17:40:12 UTC
2025-01-19 11:51:56,704 - INFO - Retrieved article length: 4013 characters
2025-01-19 11:51:56,806 - INFO - ADSE: 1h change of 8.52%
2025-01-19 11:51:56,875 - INFO - Retrieved article length: 2867 characters
2025-01-19 11:51:56,891 - INFO - ADSE: 1wk change of 7.72%
2025-01-19 11:51:56,966 - INFO - ADPT: 1h change of 2.57%
2025-01-19 11:51:56,982 - INFO - ADSE: 1mo change of 12.46%
2025-01-19 11:51:57,077 - INFO - ADPT: 1wk change of 2.85%
2025-01-19 11:51:57,165 - INFO - ADPT: 1mo change of 18.85%
2025-01-19 11:51:57,483 - INFO - Processing ADSE - 2024-11-14 16:30:00 UTC
2025-01-19 11:51:57,668 - INFO - Processing ADPT - 2024-12-16 17:40:11 UTC
2025-01-19 11:51:58,520 - INFO - Retrieved article length: 3356 characters
2025-01-19 11:51:58,608 - INFO - ADSE: 1h change of -2.07%
2025-01-19 11:51:58,689 - INFO - ADSE: 1wk change of -1.37%
2025-01-19 11:51:58,724 - INFO - Retrieved article length: 3077 characters
2025-01-19 11:51:58,771 - INFO - ADSE: 1mo change of 6.14%
2025-01-19 11:51:58,887 - INFO - ADPT: 1wk change of 1.91%
2025-01-19 11:51:58,981 - INFO - ADPT: 1mo change of 4.93%
2025-01-19 11:51:59,280 - INFO - Processing ADSE - 2024-10-22 15:30:00 UTC
2025-01-19 11:52:00,447 - INFO - Retrieved article length: 10131 characters
2025-01-19 11:52:00,651 - INFO - ADSE: 1wk change of 6.30%
2025-01-19 11:52:00,670 - INFO - Processing ADSK - 2025-01-16 12:17:00 UTC
2025-01-19 11:52:00,728 - INFO - ADSE: 1mo change of 11.08%
2025-01-19 11:52:01,844 - INFO - Retrieved article length: 10651 characters
2025-01-19 11:52:01,935 - INFO - ADSK: 1h change of 1.16%
2025-01-19 11:52:02,149 - INFO - ADSK: 1mo change of -5.78%
2025-01-19 11:52:02,382 - INFO - Processing ADT - 2025-01-17 21:47:24 UTC
2025-01-19 11:52:02,653 - INFO - Processing ADSK - 2025-01-15 22:00:00 UTC
2025-01-19 11:52:03,490 - INFO - Retrieved article length: 4172 characters
2025-01-19 11:52:03,690 - INFO - ADT: 1wk change of 3.86%
2025-01-19 11:52:03,730 - INFO - Retrieved article length: 9004 characters
2025-01-19 11:52:03,833 - INFO - ADSK: 1h change of 2.09%
2025-01-19 11:52:04,045 - INFO - ADSK: 1mo change of -5.21%
2025-01-19 11:52:04,284 - INFO - Processing ADT - 2025-01-06 12:02:48 UTC
2025-01-19 11:52:04,556 - INFO - Processing ADSK - 2025-01-14 14:00:24 UTC
2025-01-19 11:52:05,380 - INFO - Retrieved article length: 3796 characters
2025-01-19 11:52:05,482 - INFO - ADT: 1h change of -2.98%
2025-01-19 11:52:05,646 - INFO - ADT: 1wk change of 3.59%
2025-01-19 11:52:05,682 - INFO - Retrieved article length: 3525 characters
2025-01-19 11:52:05,741 - INFO - ADT: 1mo change of -4.00%
2025-01-19 11:52:05,780 - INFO - ADSK: 1h change of 2.42%
2025-01-19 11:52:06,045 - INFO - ADSK: 1mo change of -4.13%
2025-01-19 11:52:06,249 - INFO - Processing ADT - 2024-12-20 15:31:00 UTC
2025-01-19 11:52:06,547 - INFO - Processing ADSK - 2025-01-10 17:00:17 UTC
2025-01-19 11:52:07,540 - INFO - Retrieved article length: 8146 characters
2025-01-19 11:52:07,646 - INFO - ADT: 1h change of -4.08%
2025-01-19 11:52:07,743 - INFO - ADT: 1wk change of -4.20%
2025-01-19 11:52:07,796 - INFO - Retrieved article length: 7377 characters
2025-01-19 11:52:07,898 - INFO - ADT: 1mo change of -2.21%
2025-01-19 11:52:07,901 - INFO - ADSK: 1h change of -3.52%
2025-01-19 11:52:08,005 - INFO - ADSK: 1wk change of -1.39%
2025-01-19 11:52:08,111 - INFO - ADSK: 1mo change of -5.28%
2025-01-19 11:52:08,401 - INFO - Processing ADT - 2024-12-13 17:40:11 UTC
2025-01-19 11:52:08,621 - INFO - Processing ADSK - 2025-01-10 15:40:00 UTC
2025-01-19 11:52:09,464 - INFO - Retrieved article length: 2630 characters
2025-01-19 11:52:09,556 - INFO - ADT: 1h change of -2.51%
2025-01-19 11:52:09,654 - INFO - ADT: 1wk change of -8.50%
2025-01-19 11:52:09,744 - INFO - ADT: 1mo change of -6.86%
2025-01-19 11:52:09,760 - INFO - Retrieved article length: 3390 characters
2025-01-19 11:52:09,768 - INFO - ADSK: 1h change of -3.52%
2025-01-19 11:52:09,811 - INFO - ADSK: 1wk change of -1.39%
2025-01-19 11:52:09,853 - INFO - ADSK: 1mo change of -5.28%
2025-01-19 11:52:10,248 - INFO - Processing ADT - 2024-12-12 12:11:29 UTC
2025-01-19 11:52:10,368 - INFO - Processing ADSK - 2025-01-09 12:06:18 UTC
2025-01-19 11:52:11,337 - INFO - Retrieved article length: 6052 characters
2025-01-19 11:52:11,437 - INFO - ADT: 1h change of -1.58%
2025-01-19 11:52:11,509 - INFO - Retrieved article length: 6043 characters
2025-01-19 11:52:11,527 - INFO - ADT: 1wk change of -9.81%
2025-01-19 11:52:11,600 - INFO - ADSK: 1h change of -2.68%
2025-01-19 11:52:11,618 - INFO - ADT: 1mo change of -6.26%
2025-01-19 11:52:11,717 - INFO - ADSK: 1wk change of -2.04%
2025-01-19 11:52:11,826 - INFO - ADSK: 1mo change of -4.50%
2025-01-19 11:52:12,121 - INFO - Processing ADT - 2024-12-04 13:00:00 UTC
2025-01-19 11:52:12,327 - INFO - Processing ADSK - 2025-01-08 22:48:51 UTC
2025-01-19 11:52:13,332 - INFO - Retrieved article length: 10750 characters
2025-01-19 11:52:13,464 - INFO - Retrieved article length: 486 characters
2025-01-19 11:52:13,534 - INFO - ADT: 1wk change of -5.18%
2025-01-19 11:52:13,649 - INFO - ADT: 1mo change of -4.31%
2025-01-19 11:52:13,656 - INFO - ADSK: 1wk change of -2.04%
2025-01-19 11:52:13,757 - INFO - ADSK: 1mo change of -4.20%
2025-01-19 11:52:14,150 - INFO - Processing ADT - 2024-12-03 19:23:00 UTC
2025-01-19 11:52:14,258 - INFO - Processing ADSK - 2025-01-08 13:28:20 UTC
2025-01-19 11:52:15,291 - INFO - Retrieved article length: 9000 characters
2025-01-19 11:52:15,468 - INFO - Retrieved article length: 535 characters
2025-01-19 11:52:15,468 - INFO - ADSK: 1wk change of -2.04%
2025-01-19 11:52:15,485 - INFO - ADT: 1wk change of -4.39%
2025-01-19 11:52:15,527 - INFO - ADSK: 1mo change of -4.20%
2025-01-19 11:52:15,586 - INFO - ADT: 1mo change of -2.54%
2025-01-19 11:52:16,092 - INFO - Processing ADT - 2024-11-05 16:46:00 UTC
2025-01-19 11:52:17,158 - INFO - Processing ADTN - 2025-01-16 19:39:00 UTC
2025-01-19 11:52:17,313 - INFO - Retrieved article length: 2455 characters
2025-01-19 11:52:17,389 - INFO - ADT: 1h change of 4.67%
2025-01-19 11:52:17,491 - INFO - ADT: 1wk change of 1.63%
2025-01-19 11:52:17,583 - INFO - ADT: 1mo change of 4.96%
2025-01-19 11:52:18,273 - INFO - Retrieved article length: 5022 characters
2025-01-19 11:52:18,484 - INFO - ADTN: 1wk change of 5.38%
2025-01-19 11:52:18,592 - INFO - ADTN: 1mo change of 15.01%
2025-01-19 11:52:19,108 - INFO - Processing ADTN - 2025-01-15 19:33:00 UTC
2025-01-19 11:52:19,237 - INFO - Processing ADTX - 2025-01-13 16:15:00 UTC
2025-01-19 11:52:20,146 - INFO - Retrieved article length: 6410 characters
2025-01-19 11:52:20,228 - INFO - ADTN: 1h change of 5.62%
2025-01-19 11:52:20,340 - INFO - ADTN: 1wk change of 5.38%
2025-01-19 11:52:20,387 - INFO - Retrieved article length: 7166 characters
2025-01-19 11:52:20,457 - INFO - ADTN: 1mo change of 17.53%
2025-01-19 11:52:20,480 - INFO - ADTX: 1h change of -9.58%
2025-01-19 11:52:20,555 - INFO - ADTX: 1wk change of -36.54%
2025-01-19 11:52:20,713 - INFO - ADTX: 1mo change of -62.39%
2025-01-19 11:52:20,959 - INFO - Processing ADTN - 2025-01-15 16:15:00 UTC
2025-01-19 11:52:21,214 - INFO - Processing ADTX - 2024-12-12 16:15:00 UTC
2025-01-19 11:52:22,047 - INFO - Retrieved article length: 5346 characters
2025-01-19 11:52:22,049 - INFO - ADTN: 1h change of 5.62%
2025-01-19 11:52:22,103 - INFO - ADTN: 1wk change of 5.38%
2025-01-19 11:52:22,154 - INFO - ADTN: 1mo change of 17.53%
2025-01-19 11:52:22,338 - INFO - Retrieved article length: 10869 characters
2025-01-19 11:52:22,440 - INFO - ADTX: 1h change of -2.93%
2025-01-19 11:52:22,530 - INFO - ADTX: 1wk change of -49.73%
2025-01-19 11:52:22,622 - INFO - ADTX: 1mo change of -64.59%
2025-01-19 11:52:22,655 - INFO - Processing ADTN - 2025-01-14 16:00:00 UTC
2025-01-19 11:52:23,123 - INFO - Processing ADTX - 2024-11-19 15:17:00 UTC
2025-01-19 11:52:23,683 - INFO - Retrieved article length: 5348 characters
2025-01-19 11:52:23,783 - INFO - ADTN: 1h change of 5.45%
2025-01-19 11:52:23,909 - INFO - ADTN: 1wk change of 5.38%
2025-01-19 11:52:24,043 - INFO - ADTN: 1mo change of 19.04%
2025-01-19 11:52:24,192 - INFO - Retrieved article length: 6359 characters
2025-01-19 11:52:24,281 - INFO - ADTX: 1h change of 4.28%
2025-01-19 11:52:24,374 - INFO - ADTX: 1wk change of -5.42%
2025-01-19 11:52:24,469 - INFO - ADTX: 1mo change of -83.30%
2025-01-19 11:52:24,547 - INFO - Processing ADTN - 2025-01-10 20:29:45 UTC
2025-01-19 11:52:24,970 - INFO - Processing ADTX - 2024-11-15 00:36:00 UTC
2025-01-19 11:52:25,725 - INFO - Retrieved article length: 2254 characters
2025-01-19 11:52:25,913 - INFO - ADTN: 1wk change of 22.33%
2025-01-19 11:52:26,025 - INFO - ADTN: 1mo change of 20.88%
2025-01-19 11:52:26,127 - INFO - Retrieved article length: 11725 characters
2025-01-19 11:52:26,214 - INFO - ADTX: 1h change of -9.04%
2025-01-19 11:52:26,299 - INFO - ADTX: 1wk change of -28.48%
2025-01-19 11:52:26,384 - INFO - ADTX: 1mo change of -80.52%
2025-01-19 11:52:26,528 - INFO - Processing ADTN - 2025-01-09 19:40:00 UTC
2025-01-19 11:52:26,889 - INFO - Processing ADTX - 2024-11-14 15:15:00 UTC
2025-01-19 11:52:27,677 - INFO - Retrieved article length: 5944 characters
2025-01-19 11:52:27,773 - INFO - ADTN: 1h change of 5.50%
2025-01-19 11:52:27,878 - INFO - ADTN: 1wk change of 22.77%
2025-01-19 11:52:27,935 - INFO - Retrieved article length: 11305 characters
2025-01-19 11:52:27,973 - INFO - ADTN: 1mo change of 21.31%
2025-01-19 11:52:28,027 - INFO - ADTX: 1h change of -9.57%
2025-01-19 11:52:28,112 - INFO - ADTX: 1wk change of -30.82%
2025-01-19 11:52:28,197 - INFO - ADTX: 1mo change of -80.57%
2025-01-19 11:52:28,490 - INFO - Processing ADTN - 2025-01-08 16:00:00 UTC
2025-01-19 11:52:28,700 - INFO - Processing ADTX - 2024-11-08 16:30:00 UTC
2025-01-19 11:52:29,609 - INFO - Retrieved article length: 5743 characters
2025-01-19 11:52:29,700 - INFO - ADTN: 1h change of 7.97%
2025-01-19 11:52:29,806 - INFO - ADTN: 1wk change of 22.77%
2025-01-19 11:52:29,846 - INFO - Retrieved article length: 7483 characters
2025-01-19 11:52:29,924 - INFO - ADTN: 1mo change of 16.19%
2025-01-19 11:52:29,937 - INFO - ADTX: 1h change of -24.96%
2025-01-19 11:52:30,012 - INFO - ADTX: 1wk change of -44.88%
2025-01-19 11:52:30,109 - INFO - ADTX: 1mo change of -78.56%
2025-01-19 11:52:30,425 - INFO - Processing ADTN - 2025-01-07 16:38:00 UTC
2025-01-19 11:52:30,616 - INFO - Processing ADTX - 2024-11-07 16:30:00 UTC
2025-01-19 11:52:31,608 - INFO - Retrieved article length: 3020 characters
2025-01-19 11:52:31,710 - INFO - ADTN: 1h change of 7.97%
2025-01-19 11:52:31,807 - INFO - Retrieved article length: 5607 characters
2025-01-19 11:52:31,816 - INFO - ADTN: 1wk change of 22.05%
2025-01-19 11:52:31,906 - INFO - ADTX: 1h change of -24.82%
2025-01-19 11:52:31,906 - INFO - ADTN: 1mo change of 18.08%
2025-01-19 11:52:31,994 - INFO - ADTX: 1wk change of -54.83%
2025-01-19 11:52:32,091 - INFO - ADTX: 1mo change of -81.65%
2025-01-19 11:52:32,596 - INFO - Processing ADTX - 2024-11-07 01:55:00 UTC
2025-01-19 11:52:33,529 - INFO - Processing ADUR - 2025-01-15 15:00:00 UTC
2025-01-19 11:52:33,701 - INFO - Retrieved article length: 8544 characters
2025-01-19 11:52:33,717 - INFO - ADTX: 1h change of -24.82%
2025-01-19 11:52:33,727 - INFO - ADTX: 1wk change of -54.83%
2025-01-19 11:52:33,733 - INFO - ADTX: 1mo change of -81.65%
2025-01-19 11:52:34,653 - INFO - Retrieved article length: 13953 characters
2025-01-19 11:52:34,746 - INFO - ADUR: 1h change of -7.86%
2025-01-19 11:52:34,822 - INFO - ADUR: 1wk change of -14.51%
2025-01-19 11:52:34,918 - INFO - ADUR: 1mo change of -6.13%
2025-01-19 11:52:35,396 - INFO - Processing ADVM - 2024-12-07 00:05:00 UTC
2025-01-19 11:52:35,419 - INFO - Processing ADUR - 2025-01-14 15:00:00 UTC
2025-01-19 11:52:36,522 - INFO - Retrieved article length: 2956 characters
2025-01-19 11:52:36,538 - INFO - Retrieved article length: 10918 characters
2025-01-19 11:52:36,616 - INFO - ADUR: 1h change of -7.31%
2025-01-19 11:52:36,714 - INFO - ADVM: 1wk change of -18.45%
2025-01-19 11:52:36,714 - INFO - ADUR: 1wk change of -14.51%
2025-01-19 11:52:36,795 - INFO - ADUR: 1mo change of -1.47%
2025-01-19 11:52:36,852 - INFO - ADVM: 1mo change of -43.37%
2025-01-19 11:52:37,301 - INFO - Processing ADUR - 2025-01-13 15:00:00 UTC
2025-01-19 11:52:37,367 - INFO - Processing ADVM - 2024-11-22 21:28:49 UTC
2025-01-19 11:52:38,441 - INFO - Retrieved article length: 554 characters
2025-01-19 11:52:38,441 - INFO - Retrieved article length: 4557 characters
2025-01-19 11:52:38,529 - INFO - ADVM: 1h change of -3.66%
2025-01-19 11:52:38,529 - INFO - ADUR: 1h change of -3.23%
2025-01-19 11:52:38,618 - INFO - ADUR: 1wk change of -11.70%
2025-01-19 11:52:38,667 - INFO - ADVM: 1wk change of -15.84%
2025-01-19 11:52:38,712 - INFO - ADUR: 1mo change of -5.80%
2025-01-19 11:52:38,764 - INFO - ADVM: 1mo change of -40.80%
2025-01-19 11:52:39,213 - INFO - Processing ADUR - 2025-01-09 15:00:00 UTC
2025-01-19 11:52:39,265 - INFO - Processing ADVM - 2024-11-21 00:05:00 UTC
2025-01-19 11:52:40,341 - INFO - Retrieved article length: 3836 characters
2025-01-19 11:52:40,404 - INFO - Retrieved article length: 2620 characters
2025-01-19 11:52:40,475 - INFO - ADUR: 1h change of -7.77%
2025-01-19 11:52:40,503 - INFO - ADVM: 1h change of -8.95%
2025-01-19 11:52:40,565 - INFO - ADUR: 1wk change of -14.24%
2025-01-19 11:52:40,578 - INFO - ADVM: 1wk change of -14.43%
2025-01-19 11:52:40,659 - INFO - ADUR: 1mo change of 1.13%
2025-01-19 11:52:40,675 - INFO - ADVM: 1mo change of -41.34%
2025-01-19 11:52:41,172 - INFO - Processing ADUR - 2024-12-12 01:11:00 UTC
2025-01-19 11:52:41,176 - INFO - Processing ADVM - 2024-11-18 16:16:56 UTC
2025-01-19 11:52:42,280 - INFO - Retrieved article length: 5627 characters
2025-01-19 11:52:42,311 - INFO - Retrieved article length: 549 characters
2025-01-19 11:52:42,396 - INFO - ADVM: 1h change of -11.03%
2025-01-19 11:52:42,454 - INFO - ADUR: 1wk change of -6.35%
2025-01-19 11:52:42,470 - INFO - ADVM: 1wk change of -19.38%
2025-01-19 11:52:42,553 - INFO - ADUR: 1mo change of 27.76%
2025-01-19 11:52:42,569 - INFO - ADVM: 1mo change of -38.68%
2025-01-19 11:52:43,055 - INFO - Processing ADUR - 2024-12-04 00:42:00 UTC
2025-01-19 11:52:43,071 - INFO - Processing ADVM - 2024-11-18 15:00:00 UTC
2025-01-19 11:52:44,122 - INFO - Retrieved article length: 19152 characters
2025-01-19 11:52:44,130 - INFO - Retrieved article length: 5597 characters
2025-01-19 11:52:44,132 - INFO - ADVM: 1h change of -11.03%
2025-01-19 11:52:44,135 - INFO - ADVM: 1wk change of -19.38%
2025-01-19 11:52:44,142 - INFO - ADVM: 1mo change of -38.68%
2025-01-19 11:52:44,222 - INFO - ADUR: 1h change of -8.78%
2025-01-19 11:52:44,311 - INFO - ADUR: 1wk change of 2.20%
2025-01-19 11:52:44,403 - INFO - ADUR: 1mo change of 33.49%
2025-01-19 11:52:44,645 - INFO - Processing ADVM - 2024-11-16 00:05:00 UTC
2025-01-19 11:52:44,905 - INFO - Processing ADUR - 2024-12-03 00:00:00 UTC
2025-01-19 11:52:45,832 - INFO - Retrieved article length: 4518 characters
2025-01-19 11:52:45,920 - INFO - ADVM: 1h change of -6.28%
2025-01-19 11:52:45,959 - INFO - Retrieved article length: 3960 characters
2025-01-19 11:52:46,008 - INFO - ADVM: 1wk change of -22.54%
2025-01-19 11:52:46,050 - INFO - ADUR: 1h change of -5.34%
2025-01-19 11:52:46,087 - INFO - ADVM: 1mo change of -38.68%
2025-01-19 11:52:46,130 - INFO - ADUR: 1wk change of 4.59%
2025-01-19 11:52:46,210 - INFO - ADUR: 1mo change of 32.42%
2025-01-19 11:52:46,592 - INFO - Processing ADVM - 2024-11-05 02:00:06 UTC
2025-01-19 11:52:46,719 - INFO - Processing ADUR - 2024-11-19 16:00:00 UTC
2025-01-19 11:52:47,767 - INFO - Retrieved article length: 4235 characters
2025-01-19 11:52:47,834 - INFO - Retrieved article length: 4817 characters
2025-01-19 11:52:47,851 - INFO - ADVM: 1h change of 6.94%
2025-01-19 11:52:47,937 - INFO - ADUR: 1h change of -13.81%
2025-01-19 11:52:47,937 - INFO - ADVM: 1wk change of -8.46%
2025-01-19 11:52:48,022 - INFO - ADUR: 1wk change of 20.74%
2025-01-19 11:52:48,022 - INFO - ADVM: 1mo change of -11.23%
2025-01-19 11:52:48,102 - INFO - ADUR: 1mo change of 23.45%
2025-01-19 11:52:48,530 - INFO - Processing ADVM - 2024-11-05 01:06:37 UTC
2025-01-19 11:52:49,601 - INFO - Retrieved article length: 1078 characters
2025-01-19 11:52:49,601 - INFO - ADVM: 1h change of 6.94%
2025-01-19 11:52:49,622 - INFO - ADVM: 1wk change of -8.46%
2025-01-19 11:52:49,628 - INFO - ADVM: 1mo change of -11.23%
2025-01-19 11:52:49,718 - INFO - Processing ADXN - 2025-01-08 09:00:00 UTC
2025-01-19 11:52:50,954 - INFO - Retrieved article length: 4094 characters
2025-01-19 11:52:51,038 - INFO - ADXN: 1h change of -17.26%
2025-01-19 11:52:51,136 - INFO - ADXN: 1wk change of -3.28%
2025-01-19 11:52:51,226 - INFO - ADXN: 1mo change of 10.69%
2025-01-19 11:52:51,729 - INFO - Processing ADXN - 2024-11-22 09:00:00 UTC
2025-01-19 11:52:52,825 - INFO - Retrieved article length: 11809 characters
2025-01-19 11:52:52,923 - INFO - ADXN: 1h change of -4.71%
2025-01-19 11:52:53,089 - INFO - ADXN: 1mo change of -25.19%
2025-01-19 11:52:53,601 - INFO - Processing ADXN - 2024-11-11 09:00:00 UTC
2025-01-19 11:52:53,614 - INFO - Processing AEE - 2025-01-17 16:00:00 UTC
2025-01-19 11:52:54,643 - INFO - Retrieved article length: 5807 characters
2025-01-19 11:52:54,650 - INFO - Retrieved article length: 2002 characters
2025-01-19 11:52:54,732 - INFO - ADXN: 1h change of -18.34%
2025-01-19 11:52:54,745 - INFO - AEE: 1h change of 3.80%
2025-01-19 11:52:54,821 - INFO - ADXN: 1wk change of -31.03%
2025-01-19 11:52:54,865 - INFO - AEE: 1wk change of 7.06%
2025-01-19 11:52:54,901 - INFO - ADXN: 1mo change of -14.30%
2025-01-19 11:52:54,985 - INFO - AEE: 1mo change of 4.82%
2025-01-19 11:52:55,500 - INFO - Processing AEE - 2025-01-15 14:19:34 UTC
2025-01-19 11:52:56,557 - INFO - Processing AEHL - 2024-11-21 17:31:13 UTC
2025-01-19 11:52:56,604 - INFO - Retrieved article length: 515 characters
2025-01-19 11:52:56,694 - INFO - AEE: 1h change of 6.78%
2025-01-19 11:52:56,824 - INFO - AEE: 1wk change of 8.40%
2025-01-19 11:52:56,951 - INFO - AEE: 1mo change of 4.81%
2025-01-19 11:52:57,452 - INFO - Processing AEE - 2025-01-15 14:19:26 UTC
2025-01-19 11:52:57,594 - INFO - Retrieved article length: 1275 characters
2025-01-19 11:52:57,698 - INFO - AEHL: 1h change of -5.07%
2025-01-19 11:52:57,780 - INFO - AEHL: 1wk change of -22.58%
2025-01-19 11:52:57,872 - INFO - AEHL: 1mo change of -67.24%
2025-01-19 11:52:58,378 - INFO - Processing AEHL - 2024-11-07 00:30:00 UTC
2025-01-19 11:52:58,604 - INFO - Retrieved article length: 512 characters
2025-01-19 11:52:58,619 - INFO - AEE: 1h change of 6.78%
2025-01-19 11:52:58,660 - INFO - AEE: 1wk change of 8.40%
2025-01-19 11:52:58,712 - INFO - AEE: 1mo change of 4.81%
2025-01-19 11:52:59,221 - INFO - Processing AEE - 2025-01-14 14:59:00 UTC
2025-01-19 11:52:59,499 - INFO - Retrieved article length: 7396 characters
2025-01-19 11:52:59,688 - INFO - AEHL: 1wk change of -20.51%
2025-01-19 11:52:59,786 - INFO - AEHL: 1mo change of -72.22%
2025-01-19 11:53:00,256 - INFO - Retrieved article length: 3829 characters
2025-01-19 11:53:00,287 - INFO - Processing AEHL - 2024-11-07 00:30:00 UTC
2025-01-19 11:53:00,397 - INFO - AEE: 1h change of 3.67%
2025-01-19 11:53:00,499 - INFO - AEE: 1wk change of 8.40%
2025-01-19 11:53:00,626 - INFO - AEE: 1mo change of 3.97%
2025-01-19 11:53:01,128 - INFO - Processing AEE - 2025-01-13 17:26:37 UTC
2025-01-19 11:53:01,378 - INFO - Retrieved article length: 5766 characters
2025-01-19 11:53:01,391 - INFO - AEHL: 1wk change of -20.51%
2025-01-19 11:53:01,394 - INFO - AEHL: 1mo change of -72.22%
2025-01-19 11:53:01,899 - INFO - Processing AEHL - 2024-11-06 00:30:00 UTC
2025-01-19 11:53:02,252 - INFO - Retrieved article length: 524 characters
2025-01-19 11:53:02,339 - INFO - AEE: 1h change of 1.71%
2025-01-19 11:53:02,456 - INFO - AEE: 1wk change of 5.99%
2025-01-19 11:53:02,610 - INFO - AEE: 1mo change of 4.05%
2025-01-19 11:53:03,100 - INFO - Retrieved article length: 7077 characters
2025-01-19 11:53:03,111 - INFO - Processing AEE - 2025-01-10 17:46:14 UTC
2025-01-19 11:53:03,191 - INFO - AEHL: 1h change of 14.07%
2025-01-19 11:53:03,320 - INFO - AEHL: 1wk change of -20.51%
2025-01-19 11:53:03,421 - INFO - AEHL: 1mo change of -67.12%
2025-01-19 11:53:04,339 - INFO - Retrieved article length: 2501 characters
2025-01-19 11:53:04,552 - INFO - AEE: 1wk change of 5.64%
2025-01-19 11:53:04,665 - INFO - AEE: 1mo change of 3.35%
2025-01-19 11:53:05,141 - INFO - Processing AEHR - 2025-01-17 16:44:50 UTC
2025-01-19 11:53:05,179 - INFO - Processing AEE - 2025-01-07 12:32:13 UTC
2025-01-19 11:53:06,305 - INFO - Retrieved article length: 3180 characters
2025-01-19 11:53:06,334 - INFO - Retrieved article length: 5239 characters
2025-01-19 11:53:06,403 - INFO - AEHR: 1h change of -8.69%
2025-01-19 11:53:06,420 - INFO - AEE: 1h change of 2.63%
2025-01-19 11:53:06,489 - INFO - AEHR: 1wk change of -29.92%
2025-01-19 11:53:06,548 - INFO - AEE: 1wk change of 4.73%
2025-01-19 11:53:06,572 - INFO - AEHR: 1mo change of 8.07%
2025-01-19 11:53:06,674 - INFO - AEE: 1mo change of 3.34%
2025-01-19 11:53:07,073 - INFO - Processing AEHR - 2025-01-15 22:22:24 UTC
2025-01-19 11:53:07,176 - INFO - Processing AEE - 2024-12-20 17:07:17 UTC
2025-01-19 11:53:08,191 - INFO - Retrieved article length: 526 characters
2025-01-19 11:53:08,302 - INFO - Retrieved article length: 5965 characters
2025-01-19 11:53:08,405 - INFO - AEHR: 1h change of -20.05%
2025-01-19 11:53:08,494 - INFO - AEHR: 1wk change of -26.05%
2025-01-19 11:53:08,523 - INFO - AEE: 1mo change of 4.00%
2025-01-19 11:53:08,582 - INFO - AEHR: 1mo change of 4.79%
2025-01-19 11:53:09,084 - INFO - Processing AEHR - 2025-01-15 13:42:27 UTC
2025-01-19 11:53:10,176 - INFO - Processing AEI - 2025-01-03 22:08:00 UTC
2025-01-19 11:53:10,248 - INFO - Retrieved article length: 1914 characters
2025-01-19 11:53:10,248 - INFO - AEHR: 1h change of -20.05%
2025-01-19 11:53:10,299 - INFO - AEHR: 1wk change of -26.05%
2025-01-19 11:53:10,356 - INFO - AEHR: 1mo change of 4.79%
2025-01-19 11:53:10,857 - INFO - Processing AEHR - 2025-01-15 00:22:00 UTC
2025-01-19 11:53:11,362 - INFO - Retrieved article length: 4848 characters
2025-01-19 11:53:11,456 - INFO - AEI: 1h change of -32.49%
2025-01-19 11:53:11,592 - INFO - AEI: 1wk change of 1.65%
2025-01-19 11:53:11,677 - INFO - AEI: 1mo change of -36.85%
2025-01-19 11:53:12,013 - INFO - Retrieved article length: 183 characters
2025-01-19 11:53:12,029 - INFO - AEHR: 1h change of -20.05%
2025-01-19 11:53:12,082 - INFO - AEHR: 1wk change of -26.05%
2025-01-19 11:53:12,131 - INFO - AEHR: 1mo change of 4.79%
2025-01-19 11:53:12,189 - INFO - Processing AEI - 2025-01-02 23:28:00 UTC
2025-01-19 11:53:12,634 - INFO - Processing AEHR - 2025-01-14 21:11:34 UTC
2025-01-19 11:53:13,296 - INFO - Retrieved article length: 5991 characters
2025-01-19 11:53:13,407 - INFO - AEI: 1h change of 19.49%
2025-01-19 11:53:13,587 - INFO - AEI: 1mo change of -36.85%
2025-01-19 11:53:13,728 - INFO - Retrieved article length: 1890 characters
2025-01-19 11:53:13,833 - INFO - AEHR: 1h change of -14.99%
2025-01-19 11:53:13,928 - INFO - AEHR: 1wk change of -26.05%
2025-01-19 11:53:14,020 - INFO - AEHR: 1mo change of 2.89%
2025-01-19 11:53:14,092 - INFO - Processing AEI - 2024-11-17 15:08:40 UTC
2025-01-19 11:53:14,523 - INFO - Processing AEHR - 2025-01-14 19:45:02 UTC
2025-01-19 11:53:15,187 - INFO - Retrieved article length: 1598 characters
2025-01-19 11:53:15,275 - INFO - AEI: 1h change of 6.00%
2025-01-19 11:53:15,375 - INFO - AEI: 1wk change of -23.94%
2025-01-19 11:53:15,468 - INFO - AEI: 1mo change of -36.71%
2025-01-19 11:53:15,690 - INFO - Retrieved article length: 3422 characters
2025-01-19 11:53:15,706 - INFO - AEHR: 1h change of -14.99%
2025-01-19 11:53:15,749 - INFO - AEHR: 1wk change of -26.05%
2025-01-19 11:53:15,803 - INFO - AEHR: 1mo change of 2.89%
2025-01-19 11:53:16,310 - INFO - Processing AEHR - 2025-01-14 15:30:00 UTC
2025-01-19 11:53:17,132 - INFO - Processing AEMD - 2024-12-20 16:01:00 UTC
2025-01-19 11:53:17,394 - INFO - Retrieved article length: 4906 characters
2025-01-19 11:53:17,396 - INFO - AEHR: 1h change of -14.99%
2025-01-19 11:53:17,441 - INFO - AEHR: 1wk change of -26.05%
2025-01-19 11:53:17,496 - INFO - AEHR: 1mo change of 2.89%
2025-01-19 11:53:17,997 - INFO - Processing AEHR - 2025-01-14 10:00:24 UTC
2025-01-19 11:53:18,203 - INFO - Retrieved article length: 7173 characters
2025-01-19 11:53:18,288 - INFO - AEMD: 1h change of 54.96%
2025-01-19 11:53:18,375 - INFO - AEMD: 1wk change of 60.53%
2025-01-19 11:53:18,465 - INFO - AEMD: 1mo change of 65.00%
2025-01-19 11:53:18,972 - INFO - Processing AEMD - 2024-12-03 15:00:00 UTC
2025-01-19 11:53:19,070 - INFO - Retrieved article length: 4686 characters
2025-01-19 11:53:19,091 - INFO - AEHR: 1h change of -14.99%
2025-01-19 11:53:19,139 - INFO - AEHR: 1wk change of -26.05%
2025-01-19 11:53:19,189 - INFO - AEHR: 1mo change of 2.89%
2025-01-19 11:53:20,080 - INFO - Retrieved article length: 7082 characters
2025-01-19 11:53:20,184 - INFO - AEMD: 1h change of -5.46%
2025-01-19 11:53:20,261 - INFO - AEMD: 1wk change of -7.50%
2025-01-19 11:53:20,353 - INFO - AEMD: 1mo change of 133.33%
2025-01-19 11:53:20,834 - INFO - Processing AENT - 2024-12-18 16:30:00 UTC
2025-01-19 11:53:20,868 - INFO - Processing AEMD - 2024-11-14 17:09:00 UTC
2025-01-19 11:53:21,951 - INFO - Retrieved article length: 7821 characters
2025-01-19 11:53:21,974 - INFO - Retrieved article length: 10580 characters
2025-01-19 11:53:22,030 - INFO - AEMD: 1h change of -3.68%
2025-01-19 11:53:22,061 - INFO - AENT: 1h change of 5.65%
2025-01-19 11:53:22,148 - INFO - AENT: 1wk change of 47.55%
2025-01-19 11:53:22,219 - INFO - AEMD: 1mo change of 69.23%
2025-01-19 11:53:22,294 - INFO - AENT: 1mo change of 4.75%
2025-01-19 11:53:22,721 - INFO - Processing AEMD - 2024-11-14 16:00:00 UTC
2025-01-19 11:53:22,796 - INFO - Processing AENT - 2024-12-04 00:15:00 UTC
2025-01-19 11:53:23,776 - INFO - Retrieved article length: 14211 characters
2025-01-19 11:53:23,792 - INFO - AEMD: 1h change of -3.68%
2025-01-19 11:53:23,810 - INFO - AEMD: 1mo change of 69.23%
2025-01-19 11:53:23,896 - INFO - Retrieved article length: 6745 characters
2025-01-19 11:53:23,980 - INFO - AENT: 1h change of 34.24%
2025-01-19 11:53:24,078 - INFO - AENT: 1wk change of 21.84%
2025-01-19 11:53:24,165 - INFO - AENT: 1mo change of 137.56%
2025-01-19 11:53:24,312 - INFO - Processing AEMD - 2024-11-14 10:14:11 UTC
2025-01-19 11:53:24,666 - INFO - Processing AENT - 2024-11-21 16:00:00 UTC
2025-01-19 11:53:25,566 - INFO - Retrieved article length: 3929 characters
2025-01-19 11:53:25,566 - INFO - AEMD: 1h change of -3.68%
2025-01-19 11:53:25,588 - INFO - AEMD: 1mo change of 69.23%
2025-01-19 11:53:25,746 - INFO - Retrieved article length: 9632 characters
2025-01-19 11:53:25,837 - INFO - AENT: 1h change of 29.17%
2025-01-19 11:53:25,928 - INFO - AENT: 1wk change of 6.37%
2025-01-19 11:53:26,007 - INFO - AENT: 1mo change of 117.39%
2025-01-19 11:53:26,089 - INFO - Processing AEMD - 2024-11-14 00:15:00 UTC
2025-01-19 11:53:26,515 - INFO - Processing AENT - 2024-11-13 00:01:00 UTC
2025-01-19 11:53:27,216 - INFO - Retrieved article length: 16611 characters
2025-01-19 11:53:27,237 - INFO - AEMD: 1h change of -3.68%
2025-01-19 11:53:27,247 - INFO - AEMD: 1mo change of 69.23%
2025-01-19 11:53:27,749 - INFO - Processing AEMD - 2024-11-12 16:00:00 UTC
2025-01-19 11:53:27,783 - INFO - Retrieved article length: 20076 characters
2025-01-19 11:53:27,937 - INFO - AENT: 1h change of -11.25%
2025-01-19 11:53:28,020 - INFO - AENT: 1wk change of 14.68%
2025-01-19 11:53:28,112 - INFO - AENT: 1mo change of 133.21%
2025-01-19 11:53:28,613 - INFO - Processing AENT - 2024-11-11 16:00:00 UTC
2025-01-19 11:53:28,868 - INFO - Retrieved article length: 12728 characters
2025-01-19 11:53:28,968 - INFO - AEMD: 1h change of -7.93%
2025-01-19 11:53:29,049 - INFO - AEMD: 1wk change of -2.50%
2025-01-19 11:53:29,153 - INFO - AEMD: 1mo change of -12.50%
2025-01-19 11:53:29,646 - INFO - Retrieved article length: 6722 characters
2025-01-19 11:53:29,658 - INFO - Processing AEMD - 2024-11-11 19:18:43 UTC
2025-01-19 11:53:29,739 - INFO - AENT: 1h change of -12.32%
2025-01-19 11:53:29,818 - INFO - AENT: 1wk change of 18.08%
2025-01-19 11:53:29,906 - INFO - AENT: 1mo change of 109.43%
2025-01-19 11:53:30,420 - INFO - Processing AENT - 2024-10-30 23:30:00 UTC
2025-01-19 11:53:30,865 - INFO - Retrieved article length: 3001 characters
2025-01-19 11:53:30,957 - INFO - AEMD: 1h change of -9.03%
2025-01-19 11:53:31,033 - INFO - AEMD: 1wk change of 2.63%
2025-01-19 11:53:31,135 - INFO - AEMD: 1mo change of -16.28%
2025-01-19 11:53:31,488 - INFO - Retrieved article length: 6965 characters
2025-01-19 11:53:31,578 - INFO - AENT: 1h change of 43.87%
2025-01-19 11:53:31,663 - INFO - AENT: 1wk change of 32.00%
2025-01-19 11:53:31,764 - INFO - AENT: 1mo change of 117.39%
2025-01-19 11:53:32,266 - INFO - Processing AENT - 2024-10-30 15:00:00 UTC
2025-01-19 11:53:33,556 - INFO - Retrieved article length: 8388 characters
2025-01-19 11:53:33,556 - INFO - AENT: 1h change of 43.87%
2025-01-19 11:53:33,578 - INFO - AENT: 1wk change of 32.00%
2025-01-19 11:53:33,585 - INFO - AENT: 1mo change of 117.39%
