2025-01-19 11:34:07,170 - INFO - Starting new training session. Logging to: logs/training_20250119_113407.log
2025-01-19 11:34:07,170 - INFO - Starting new training session. Logging to: logs/training_20250119_113407.log
2025-01-19 11:34:08,637 - INFO - Processing AMD - 2025-01-19 03:03:05 UTC
2025-01-19 11:34:09,768 - INFO - Processing AME - 2025-01-16 17:51:34 UTC
2025-01-19 11:34:09,846 - INFO - Retrieved article length: 5873 characters
2025-01-19 11:34:10,070 - INFO - AMD: 1wk change of 4.67%
2025-01-19 11:34:10,161 - INFO - AMD: 1mo change of -4.13%
2025-01-19 11:34:10,671 - INFO - Processing AMD - 2025-01-19 02:55:13 UTC
2025-01-19 11:34:10,912 - INFO - Retrieved article length: 522 characters
2025-01-19 11:34:11,320 - INFO - AME: 1mo change of -4.10%
2025-01-19 11:34:11,822 - INFO - Processing AME - 2025-01-16 16:00:00 UTC
2025-01-19 11:34:11,887 - INFO - Retrieved article length: 8537 characters
2025-01-19 11:34:11,996 - INFO - AMD: 1wk change of 4.67%
2025-01-19 11:34:12,050 - INFO - AMD: 1mo change of -4.13%
2025-01-19 11:34:12,552 - INFO - Processing AMD - 2025-01-18 19:49:51 UTC
2025-01-19 11:34:13,103 - INFO - Retrieved article length: 1936 characters
2025-01-19 11:34:13,204 - INFO - AME: 1mo change of -4.10%
2025-01-19 11:34:13,712 - INFO - Processing AME - 2025-01-16 15:21:50 UTC
2025-01-19 11:34:13,753 - INFO - Retrieved article length: 6749 characters
2025-01-19 11:34:13,890 - INFO - AMD: 1h change of 2.60%
2025-01-19 11:34:14,212 - INFO - AMD: 1mo change of -4.13%
2025-01-19 11:34:14,713 - INFO - Processing AMD - 2025-01-18 13:02:00 UTC
2025-01-19 11:34:14,889 - INFO - Retrieved article length: 537 characters
2025-01-19 11:34:15,000 - INFO - AME: 1mo change of -4.10%
2025-01-19 11:34:15,503 - INFO - Processing AME - 2025-01-15 20:10:15 UTC
2025-01-19 11:34:15,947 - INFO - Retrieved article length: 5643 characters
2025-01-19 11:34:16,005 - INFO - AMD: 1h change of 2.60%
2025-01-19 11:34:16,111 - INFO - AMD: 1mo change of -4.13%
2025-01-19 11:34:16,614 - INFO - Processing AMD - 2025-01-18 01:15:00 UTC
2025-01-19 11:34:16,661 - INFO - Retrieved article length: 3425 characters
2025-01-19 11:34:16,747 - INFO - AME: 1h change of 3.00%
2025-01-19 11:34:17,022 - INFO - AME: 1mo change of -4.20%
2025-01-19 11:34:17,523 - INFO - Processing AME - 2025-01-10 17:19:24 UTC
2025-01-19 11:34:17,848 - INFO - Retrieved article length: 8441 characters
2025-01-19 11:34:17,894 - INFO - AMD: 1h change of 2.60%
2025-01-19 11:34:17,995 - INFO - AMD: 1mo change of -4.13%
2025-01-19 11:34:18,507 - INFO - Processing AMD - 2025-01-17 18:33:49 UTC
2025-01-19 11:34:18,807 - INFO - Retrieved article length: 491 characters
2025-01-19 11:34:19,169 - INFO - AME: 1mo change of -5.64%
2025-01-19 11:34:19,618 - INFO - Retrieved article length: 539 characters
2025-01-19 11:34:19,677 - INFO - Processing AME - 2025-01-03 14:00:22 UTC
2025-01-19 11:34:19,724 - INFO - AMD: 1h change of 2.30%
2025-01-19 11:34:19,815 - INFO - AMD: 1wk change of -4.61%
2025-01-19 11:34:19,918 - INFO - AMD: 1mo change of -4.29%
2025-01-19 11:34:20,419 - INFO - Processing AMD - 2025-01-17 16:27:00 UTC
2025-01-19 11:34:20,869 - INFO - Retrieved article length: 7581 characters
2025-01-19 11:34:21,103 - INFO - AME: 1wk change of -4.29%
2025-01-19 11:34:21,212 - INFO - AME: 1mo change of -6.89%
2025-01-19 11:34:21,497 - INFO - Retrieved article length: 3666 characters
2025-01-19 11:34:21,515 - INFO - AMD: 1h change of 2.30%
2025-01-19 11:34:21,555 - INFO - AMD: 1wk change of -4.61%
2025-01-19 11:34:21,610 - INFO - AMD: 1mo change of -4.29%
2025-01-19 11:34:21,726 - INFO - Processing AME - 2025-01-03 12:07:14 UTC
2025-01-19 11:34:22,120 - INFO - Processing AMD - 2025-01-17 14:53:00 UTC
2025-01-19 11:34:22,913 - INFO - Retrieved article length: 3563 characters
2025-01-19 11:34:22,933 - INFO - AME: 1wk change of -4.29%
2025-01-19 11:34:22,979 - INFO - AME: 1mo change of -6.89%
2025-01-19 11:34:23,190 - INFO - Retrieved article length: 610 characters
2025-01-19 11:34:23,206 - INFO - AMD: 1h change of 2.30%
2025-01-19 11:34:23,252 - INFO - AMD: 1wk change of -4.61%
2025-01-19 11:34:23,304 - INFO - AMD: 1mo change of -4.29%
2025-01-19 11:34:23,485 - INFO - Processing AME - 2025-01-02 17:11:28 UTC
2025-01-19 11:34:24,663 - INFO - Retrieved article length: 502 characters
2025-01-19 11:34:24,910 - INFO - AME: 1wk change of -3.25%
2025-01-19 11:34:24,937 - INFO - Processing AMED - 2025-01-09 18:10:00 UTC
2025-01-19 11:34:25,058 - INFO - AME: 1mo change of -6.89%
2025-01-19 11:34:25,999 - INFO - Retrieved article length: 2874 characters
2025-01-19 11:34:26,239 - INFO - AMED: 1wk change of 1.57%
2025-01-19 11:34:26,342 - INFO - AMED: 1mo change of 8.41%
2025-01-19 11:34:26,683 - INFO - Processing AMGN - 2025-01-19 03:05:31 UTC
2025-01-19 11:34:26,844 - INFO - Processing AMED - 2025-01-09 02:18:00 UTC
2025-01-19 11:34:27,982 - INFO - Retrieved article length: 7207 characters
2025-01-19 11:34:28,103 - INFO - Retrieved article length: 202 characters
2025-01-19 11:34:28,144 - INFO - AMED: 1wk change of 1.57%
2025-01-19 11:34:28,206 - INFO - AMED: 1mo change of 8.41%
2025-01-19 11:34:28,235 - INFO - AMGN: 1wk change of 3.77%
2025-01-19 11:34:28,341 - INFO - AMGN: 1mo change of 2.11%
2025-01-19 11:34:28,708 - INFO - Processing AMED - 2025-01-07 12:37:17 UTC
2025-01-19 11:34:28,844 - INFO - Processing AMGN - 2025-01-18 19:03:36 UTC
2025-01-19 11:34:29,922 - INFO - Retrieved article length: 2934 characters
2025-01-19 11:34:29,978 - INFO - Retrieved article length: 5460 characters
2025-01-19 11:34:30,065 - INFO - AMGN: 1h change of 1.64%
2025-01-19 11:34:30,098 - INFO - AMED: 1wk change of 1.65%
2025-01-19 11:34:30,186 - INFO - AMGN: 1wk change of 2.99%
2025-01-19 11:34:30,186 - INFO - AMED: 1mo change of 6.54%
2025-01-19 11:34:30,287 - INFO - AMGN: 1mo change of 2.11%
2025-01-19 11:34:30,692 - INFO - Processing AMED - 2024-12-30 17:17:00 UTC
2025-01-19 11:34:30,796 - INFO - Processing AMGN - 2025-01-18 16:20:48 UTC
2025-01-19 11:34:31,794 - INFO - Retrieved article length: 1385 characters
2025-01-19 11:34:31,828 - INFO - Retrieved article length: 2169 characters
2025-01-19 11:34:31,882 - INFO - AMGN: 1h change of 1.64%
2025-01-19 11:34:31,921 - INFO - AMGN: 1wk change of 2.99%
2025-01-19 11:34:31,968 - INFO - AMED: 1wk change of 9.10%
2025-01-19 11:34:31,969 - INFO - AMGN: 1mo change of 2.11%
2025-01-19 11:34:32,058 - INFO - AMED: 1mo change of 1.03%
2025-01-19 11:34:32,479 - INFO - Processing AMGN - 2025-01-18 01:50:18 UTC
2025-01-19 11:34:32,559 - INFO - Processing AMED - 2024-12-30 15:17:00 UTC
2025-01-19 11:34:33,663 - INFO - Retrieved article length: 5495 characters
2025-01-19 11:34:33,672 - INFO - AMED: 1wk change of 9.10%
2025-01-19 11:34:33,697 - INFO - Retrieved article length: 3417 characters
2025-01-19 11:34:33,727 - INFO - AMED: 1mo change of 1.03%
2025-01-19 11:34:33,739 - INFO - AMGN: 1h change of 1.64%
2025-01-19 11:34:33,796 - INFO - AMGN: 1wk change of 2.99%
2025-01-19 11:34:33,836 - INFO - AMGN: 1mo change of 2.11%
2025-01-19 11:34:34,229 - INFO - Processing AMED - 2024-12-28 14:40:08 UTC
2025-01-19 11:34:34,350 - INFO - Processing AMGN - 2025-01-17 17:59:19 UTC
2025-01-19 11:34:35,369 - INFO - Retrieved article length: 2976 characters
2025-01-19 11:34:35,460 - INFO - AMED: 1h change of 5.82%
2025-01-19 11:34:35,523 - INFO - Retrieved article length: 531 characters
2025-01-19 11:34:35,546 - INFO - AMED: 1wk change of 8.03%
2025-01-19 11:34:35,621 - INFO - AMED: 1mo change of 1.03%
2025-01-19 11:34:35,772 - INFO - AMGN: 1wk change of 3.83%
2025-01-19 11:34:36,136 - INFO - Processing AMED - 2024-12-27 21:44:37 UTC
2025-01-19 11:34:36,384 - INFO - Processing AMGN - 2025-01-17 17:01:00 UTC
2025-01-19 11:34:37,333 - INFO - Retrieved article length: 535 characters
2025-01-19 11:34:37,420 - INFO - AMED: 1h change of 5.82%
2025-01-19 11:34:37,490 - INFO - Retrieved article length: 32557 characters
2025-01-19 11:34:37,517 - INFO - AMED: 1wk change of 6.92%
2025-01-19 11:34:37,546 - INFO - AMGN: 1wk change of 3.83%
2025-01-19 11:34:37,614 - INFO - AMED: 1mo change of 1.40%
2025-01-19 11:34:38,096 - INFO - Processing AMGN - 2025-01-17 16:11:12 UTC
2025-01-19 11:34:38,117 - INFO - Processing AMED - 2024-12-27 21:32:11 UTC
2025-01-19 11:34:39,219 - INFO - Retrieved article length: 475 characters
2025-01-19 11:34:39,237 - INFO - AMED: 1h change of 5.82%
2025-01-19 11:34:39,244 - INFO - AMED: 1wk change of 6.92%
2025-01-19 11:34:39,297 - INFO - AMED: 1mo change of 1.40%
2025-01-19 11:34:39,355 - INFO - Retrieved article length: 1394 characters
2025-01-19 11:34:39,412 - INFO - AMGN: 1wk change of 3.83%
2025-01-19 11:34:39,971 - INFO - Processing AMGN - 2025-01-17 15:00:00 UTC
2025-01-19 11:34:40,911 - INFO - Processing AMH - 2025-01-18 00:15:00 UTC
2025-01-19 11:34:41,246 - INFO - Retrieved article length: 3483 characters
2025-01-19 11:34:41,303 - INFO - AMGN: 1wk change of 3.83%
2025-01-19 11:34:42,052 - INFO - Retrieved article length: 2992 characters
2025-01-19 11:34:42,165 - INFO - AMH: 1h change of 2.10%
2025-01-19 11:34:42,256 - INFO - AMH: 1wk change of -2.71%
2025-01-19 11:34:42,359 - INFO - AMH: 1mo change of -5.96%
2025-01-19 11:34:42,872 - INFO - Processing AMH - 2025-01-16 13:30:00 UTC
2025-01-19 11:34:42,971 - INFO - Processing AMIX - 2025-01-17 16:00:00 UTC
2025-01-19 11:34:44,118 - INFO - Retrieved article length: 452 characters
2025-01-19 11:34:44,162 - INFO - Retrieved article length: 5026 characters
2025-01-19 11:34:44,251 - INFO - AMIX: 1h change of 17.98%
2025-01-19 11:34:44,335 - INFO - AMIX: 1wk change of 6.44%
2025-01-19 11:34:44,335 - INFO - AMH: 1wk change of -2.52%
2025-01-19 11:34:44,423 - INFO - AMIX: 1mo change of -1.57%
2025-01-19 11:34:44,439 - INFO - AMH: 1mo change of -6.66%
2025-01-19 11:34:44,936 - INFO - Processing AMIX - 2025-01-15 16:30:00 UTC
2025-01-19 11:34:44,945 - INFO - Processing AMH - 2025-01-10 14:51:23 UTC
2025-01-19 11:34:46,075 - INFO - Retrieved article length: 2662 characters
2025-01-19 11:34:46,161 - INFO - AMIX: 1h change of 3.39%
2025-01-19 11:34:46,199 - INFO - Retrieved article length: 1549 characters
2025-01-19 11:34:46,246 - INFO - AMIX: 1wk change of 5.19%
2025-01-19 11:34:46,290 - INFO - AMH: 1h change of -1.37%
2025-01-19 11:34:46,343 - INFO - AMIX: 1mo change of -6.27%
2025-01-19 11:34:46,385 - INFO - AMH: 1wk change of -5.96%
2025-01-19 11:34:46,490 - INFO - AMH: 1mo change of -4.90%
2025-01-19 11:34:46,848 - INFO - Processing AMIX - 2025-01-13 16:30:00 UTC
2025-01-19 11:34:46,991 - INFO - Processing AMH - 2025-01-09 14:27:12 UTC
2025-01-19 11:34:47,957 - INFO - Retrieved article length: 4261 characters
2025-01-19 11:34:48,057 - INFO - AMIX: 1h change of -3.39%
2025-01-19 11:34:48,126 - INFO - Retrieved article length: 524 characters
2025-01-19 11:34:48,152 - INFO - AMIX: 1wk change of -9.51%
2025-01-19 11:34:48,238 - INFO - AMH: 1h change of -2.87%
2025-01-19 11:34:48,238 - INFO - AMIX: 1mo change of -11.05%
2025-01-19 11:34:48,337 - INFO - AMH: 1wk change of -4.99%
2025-01-19 11:34:48,439 - INFO - AMH: 1mo change of -5.21%
2025-01-19 11:34:48,746 - INFO - Processing AMIX - 2024-12-30 16:30:00 UTC
2025-01-19 11:34:48,948 - INFO - Processing AMH - 2025-01-03 21:59:38 UTC
2025-01-19 11:34:49,869 - INFO - Retrieved article length: 6550 characters
2025-01-19 11:34:49,974 - INFO - AMIX: 1h change of -6.16%
2025-01-19 11:34:50,069 - INFO - AMIX: 1wk change of -20.56%
2025-01-19 11:34:50,117 - INFO - Retrieved article length: 5897 characters
2025-01-19 11:34:50,150 - INFO - AMIX: 1mo change of -50.39%
2025-01-19 11:34:50,310 - INFO - AMH: 1wk change of -5.03%
2025-01-19 11:34:50,415 - INFO - AMH: 1mo change of -7.46%
2025-01-19 11:34:50,656 - INFO - Processing AMIX - 2024-12-23 16:30:00 UTC
2025-01-19 11:34:50,931 - INFO - Processing AMH - 2024-12-18 14:25:34 UTC
2025-01-19 11:34:51,800 - INFO - Retrieved article length: 2173 characters
2025-01-19 11:34:52,017 - INFO - AMIX: 1wk change of 17.87%
2025-01-19 11:34:52,109 - INFO - AMIX: 1mo change of -74.66%
2025-01-19 11:34:52,148 - INFO - Retrieved article length: 1417 characters
2025-01-19 11:34:52,224 - INFO - AMH: 1h change of -5.01%
2025-01-19 11:34:52,447 - INFO - AMH: 1mo change of -6.66%
2025-01-19 11:34:52,620 - INFO - Processing AMIX - 2024-12-19 16:30:00 UTC
2025-01-19 11:34:52,949 - INFO - Processing AMH - 2024-12-17 17:03:00 UTC
2025-01-19 11:34:53,876 - INFO - Retrieved article length: 7196 characters
2025-01-19 11:34:53,961 - INFO - AMIX: 1h change of 15.96%
2025-01-19 11:34:54,043 - INFO - Retrieved article length: 6867 characters
2025-01-19 11:34:54,047 - INFO - AMIX: 1wk change of -6.52%
2025-01-19 11:34:54,140 - INFO - AMH: 1h change of -5.27%
2025-01-19 11:34:54,203 - INFO - AMIX: 1mo change of -67.19%
2025-01-19 11:34:54,337 - INFO - AMH: 1mo change of -5.08%
2025-01-19 11:34:54,705 - INFO - Processing AMIX - 2024-12-05 16:30:00 UTC
2025-01-19 11:34:54,848 - INFO - Processing AMH - 2024-12-11 00:20:51 UTC
2025-01-19 11:34:55,930 - INFO - Retrieved article length: 6148 characters
2025-01-19 11:34:55,930 - INFO - Retrieved article length: 530 characters
2025-01-19 11:34:56,027 - INFO - AMIX: 1h change of -11.59%
2025-01-19 11:34:56,035 - INFO - AMH: 1h change of 1.36%
2025-01-19 11:34:56,107 - INFO - AMIX: 1wk change of -49.61%
2025-01-19 11:34:56,123 - INFO - AMH: 1wk change of -2.44%
2025-01-19 11:34:56,207 - INFO - AMIX: 1mo change of -80.01%
2025-01-19 11:34:56,231 - INFO - AMH: 1mo change of -2.47%
2025-01-19 11:34:56,709 - INFO - Processing AMIX - 2024-11-26 00:00:00 UTC
2025-01-19 11:34:57,850 - INFO - Processing AMKR - 2025-01-17 02:00:19 UTC
2025-01-19 11:34:57,964 - INFO - Retrieved article length: 5701 characters
2025-01-19 11:34:58,062 - INFO - AMIX: 1h change of -11.82%
2025-01-19 11:34:58,141 - INFO - AMIX: 1wk change of -70.86%
2025-01-19 11:34:58,242 - INFO - AMIX: 1mo change of -62.45%
2025-01-19 11:34:59,135 - INFO - Retrieved article length: 3083 characters
2025-01-19 11:34:59,338 - INFO - AMKR: 1wk change of -2.45%
2025-01-19 11:34:59,430 - INFO - AMKR: 1mo change of -2.37%
2025-01-19 11:34:59,931 - INFO - Processing AMKR - 2025-01-16 17:30:15 UTC
2025-01-19 11:34:59,980 - INFO - Processing AMLI - 2025-01-16 01:25:01 UTC
2025-01-19 11:35:01,113 - INFO - Retrieved article length: 486 characters
2025-01-19 11:35:01,195 - INFO - Retrieved article length: 5286 characters
2025-01-19 11:35:01,291 - INFO - AMKR: 1h change of 1.11%
2025-01-19 11:35:01,376 - INFO - AMKR: 1wk change of -3.07%
2025-01-19 11:35:01,437 - INFO - AMLI: 1mo change of -10.05%
2025-01-19 11:35:01,468 - INFO - AMKR: 1mo change of -1.78%
2025-01-19 11:35:01,938 - INFO - Processing AMLI - 2025-01-16 01:00:00 UTC
2025-01-19 11:35:01,976 - INFO - Processing AMKR - 2025-01-15 17:00:14 UTC
2025-01-19 11:35:03,030 - INFO - Retrieved article length: 9125 characters
2025-01-19 11:35:03,132 - INFO - AMLI: 1mo change of -10.05%
2025-01-19 11:35:03,337 - INFO - Retrieved article length: 5977 characters
2025-01-19 11:35:03,431 - INFO - AMKR: 1h change of 1.67%
2025-01-19 11:35:03,522 - INFO - AMKR: 1wk change of -3.07%
2025-01-19 11:35:03,627 - INFO - AMKR: 1mo change of -2.92%
2025-01-19 11:35:03,644 - INFO - Processing AMLI - 2025-01-15 19:13:40 UTC
2025-01-19 11:35:04,129 - INFO - Processing AMKR - 2025-01-13 16:40:09 UTC
2025-01-19 11:35:04,855 - INFO - Retrieved article length: 528 characters
2025-01-19 11:35:05,134 - INFO - AMLI: 1mo change of -11.30%
2025-01-19 11:35:05,277 - INFO - Retrieved article length: 4101 characters
2025-01-19 11:35:05,365 - INFO - AMKR: 1h change of 1.11%
2025-01-19 11:35:05,466 - INFO - AMKR: 1wk change of -2.34%
2025-01-19 11:35:05,554 - INFO - AMKR: 1mo change of -3.28%
2025-01-19 11:35:05,636 - INFO - Processing AMLI - 2025-01-06 13:04:56 UTC
2025-01-19 11:35:06,063 - INFO - Processing AMKR - 2025-01-11 02:00:19 UTC
2025-01-19 11:35:06,849 - INFO - Retrieved article length: 7016 characters
2025-01-19 11:35:06,946 - ERROR - AMLI: No price data found, symbol may be delisted (1h 2025-01-04 -> 2025-01-08)
2025-01-19 11:35:07,124 - INFO - AMLI: 1mo change of -44.00%
2025-01-19 11:35:07,236 - INFO - Retrieved article length: 3140 characters
2025-01-19 11:35:07,497 - INFO - AMKR: 1mo change of -3.28%
2025-01-19 11:35:07,626 - INFO - Processing AMLI - 2024-12-30 19:08:44 UTC
2025-01-19 11:35:08,012 - INFO - Processing AMKR - 2025-01-03 02:00:19 UTC
2025-01-19 11:35:08,970 - INFO - Retrieved article length: 493 characters
2025-01-19 11:35:09,065 - ERROR - AMLI: No price data found, symbol may be delisted (1h 2024-12-28 -> 2025-01-01)
2025-01-19 11:35:09,154 - INFO - AMLI: 1wk change of 4.28%
2025-01-19 11:35:09,191 - INFO - Retrieved article length: 3205 characters
2025-01-19 11:35:09,253 - INFO - AMLI: 1mo change of -44.56%
2025-01-19 11:35:09,377 - INFO - AMKR: 1wk change of -3.36%
2025-01-19 11:35:09,755 - INFO - Processing AMLI - 2024-12-30 15:00:00 UTC
2025-01-19 11:35:09,980 - INFO - Processing AMKR - 2025-01-01 17:00:13 UTC
2025-01-19 11:35:10,963 - INFO - Retrieved article length: 2955 characters
2025-01-19 11:35:10,963 - ERROR - AMLI: No price data found, symbol may be delisted (1h 2024-12-28 -> 2025-01-01)
2025-01-19 11:35:10,969 - INFO - AMLI: 1wk change of 4.28%
2025-01-19 11:35:11,009 - INFO - AMLI: 1mo change of -44.56%
2025-01-19 11:35:11,190 - INFO - Retrieved article length: 6004 characters
2025-01-19 11:35:11,291 - INFO - AMKR: 1h change of 1.28%
2025-01-19 11:35:11,391 - INFO - AMKR: 1wk change of -2.63%
2025-01-19 11:35:11,482 - INFO - AMKR: 1mo change of 1.41%
2025-01-19 11:35:11,518 - INFO - Processing AMLI - 2024-12-30 15:00:00 UTC
2025-01-19 11:35:11,994 - INFO - Processing AMKR - 2024-12-31 17:30:13 UTC
2025-01-19 11:35:12,665 - INFO - Retrieved article length: 8304 characters
2025-01-19 11:35:12,665 - ERROR - AMLI: No price data found, symbol may be delisted (1h 2024-12-28 -> 2025-01-01)
2025-01-19 11:35:12,682 - INFO - AMLI: 1wk change of 4.28%
2025-01-19 11:35:12,731 - INFO - AMLI: 1mo change of -44.56%
2025-01-19 11:35:13,232 - INFO - Processing AMLI - 2024-12-12 01:56:39 UTC
2025-01-19 11:35:13,265 - INFO - Retrieved article length: 5314 characters
2025-01-19 11:35:14,432 - INFO - Retrieved article length: 511 characters
2025-01-19 11:35:14,529 - INFO - AMLI: 1h change of -36.90%
2025-01-19 11:35:14,617 - INFO - AMLI: 1wk change of -46.30%
2025-01-19 11:35:14,708 - INFO - AMLI: 1mo change of -48.95%
2025-01-19 11:35:15,215 - INFO - Processing AMLP - 2024-12-05 16:00:00 UTC
2025-01-19 11:35:16,400 - INFO - Processing AMLX - 2025-01-10 17:10:58 UTC
2025-01-19 11:35:16,467 - INFO - Retrieved article length: 4056 characters
2025-01-19 11:35:16,837 - INFO - AMLP: 1mo change of 8.52%
2025-01-19 11:35:17,339 - INFO - Processing AMLP - 2024-11-29 15:00:00 UTC
2025-01-19 11:35:17,591 - INFO - Retrieved article length: 512 characters
2025-01-19 11:35:17,703 - INFO - AMLX: 1h change of -5.52%
2025-01-19 11:35:17,797 - INFO - AMLX: 1wk change of -4.76%
2025-01-19 11:35:17,882 - INFO - AMLX: 1mo change of -29.96%
2025-01-19 11:35:18,383 - INFO - Processing AMLX - 2025-01-10 16:26:00 UTC
2025-01-19 11:35:18,589 - INFO - Retrieved article length: 1974 characters
2025-01-19 11:35:18,702 - INFO - AMLP: 1h change of 2.86%
2025-01-19 11:35:18,809 - INFO - AMLP: 1wk change of 2.95%
2025-01-19 11:35:18,976 - INFO - AMLP: 1mo change of 6.10%
2025-01-19 11:35:19,478 - INFO - Processing AMLP - 2024-11-13 17:30:00 UTC
2025-01-19 11:35:19,544 - INFO - Retrieved article length: 5488 characters
2025-01-19 11:35:19,546 - INFO - AMLX: 1h change of -5.52%
2025-01-19 11:35:19,600 - INFO - AMLX: 1wk change of -4.76%
2025-01-19 11:35:19,643 - INFO - AMLX: 1mo change of -29.96%
2025-01-19 11:35:20,151 - INFO - Processing AMLX - 2025-01-10 12:31:19 UTC
2025-01-19 11:35:20,697 - INFO - Retrieved article length: 7657 characters
2025-01-19 11:35:20,800 - INFO - AMLP: 1h change of -1.72%
2025-01-19 11:35:20,897 - INFO - AMLP: 1wk change of 8.22%
2025-01-19 11:35:21,014 - INFO - AMLP: 1mo change of 3.29%
2025-01-19 11:35:21,342 - INFO - Retrieved article length: 485 characters
2025-01-19 11:35:21,360 - INFO - AMLX: 1h change of -5.52%
2025-01-19 11:35:21,401 - INFO - AMLX: 1wk change of -4.76%
2025-01-19 11:35:21,449 - INFO - AMLX: 1mo change of -29.96%
2025-01-19 11:35:21,523 - INFO - Processing AMLP - 2024-11-06 21:22:00 UTC
2025-01-19 11:35:21,958 - INFO - Processing AMLX - 2025-01-10 03:30:00 UTC
2025-01-19 11:35:22,764 - INFO - Retrieved article length: 2357 characters
2025-01-19 11:35:22,855 - INFO - AMLP: 1h change of 3.26%
2025-01-19 11:35:22,960 - INFO - AMLP: 1wk change of 4.65%
2025-01-19 11:35:23,066 - INFO - AMLP: 1mo change of 5.27%
2025-01-19 11:35:23,119 - INFO - Retrieved article length: 4994 characters
2025-01-19 11:35:23,136 - INFO - AMLX: 1h change of -5.52%
2025-01-19 11:35:23,186 - INFO - AMLX: 1wk change of -4.76%
2025-01-19 11:35:23,236 - INFO - AMLX: 1mo change of -29.96%
2025-01-19 11:35:23,738 - INFO - Processing AMLX - 2025-01-06 20:07:54 UTC
2025-01-19 11:35:24,728 - INFO - Processing AMN - 2025-01-17 16:14:00 UTC
2025-01-19 11:35:24,957 - INFO - Retrieved article length: 6964 characters
2025-01-19 11:35:25,049 - INFO - AMLX: 1h change of -4.71%
2025-01-19 11:35:25,143 - INFO - AMLX: 1wk change of -12.92%
2025-01-19 11:35:25,238 - INFO - AMLX: 1mo change of -35.14%
2025-01-19 11:35:25,739 - INFO - Processing AMLX - 2025-01-06 17:00:00 UTC
2025-01-19 11:35:25,915 - INFO - Retrieved article length: 15335 characters
2025-01-19 11:35:26,112 - INFO - AMN: 1wk change of -1.37%
2025-01-19 11:35:26,201 - INFO - AMN: 1mo change of -4.18%
2025-01-19 11:35:26,703 - INFO - Processing AMN - 2025-01-17 14:09:00 UTC
2025-01-19 11:35:26,917 - INFO - Retrieved article length: 10376 characters
2025-01-19 11:35:26,932 - INFO - AMLX: 1h change of -4.71%
2025-01-19 11:35:26,945 - INFO - AMLX: 1wk change of -12.92%
2025-01-19 11:35:26,990 - INFO - AMLX: 1mo change of -35.14%
2025-01-19 11:35:27,493 - INFO - Processing AMLX - 2024-12-30 23:14:03 UTC
2025-01-19 11:35:27,917 - INFO - Retrieved article length: 4752 characters
2025-01-19 11:35:27,976 - INFO - AMN: 1wk change of -1.37%
2025-01-19 11:35:28,027 - INFO - AMN: 1mo change of -4.18%
2025-01-19 11:35:28,530 - INFO - Processing AMN - 2025-01-15 20:39:17 UTC
2025-01-19 11:35:28,699 - INFO - Retrieved article length: 520 characters
2025-01-19 11:35:28,953 - INFO - AMLX: 1wk change of -6.91%
2025-01-19 11:35:29,033 - INFO - AMLX: 1mo change of -36.40%
2025-01-19 11:35:29,540 - INFO - Processing AMLX - 2024-12-30 22:52:44 UTC
2025-01-19 11:35:29,696 - INFO - Retrieved article length: 3980 characters
2025-01-19 11:35:29,792 - INFO - AMN: 1h change of -2.76%
2025-01-19 11:35:29,880 - INFO - AMN: 1wk change of 1.37%
2025-01-19 11:35:29,972 - INFO - AMN: 1mo change of -3.90%
2025-01-19 11:35:30,473 - INFO - Processing AMN - 2025-01-15 15:14:58 UTC
2025-01-19 11:35:30,757 - INFO - Retrieved article length: 8192 characters
2025-01-19 11:35:30,757 - INFO - AMLX: 1wk change of -6.91%
2025-01-19 11:35:30,809 - INFO - AMLX: 1mo change of -36.40%
2025-01-19 11:35:31,615 - INFO - Retrieved article length: 4318 characters
2025-01-19 11:35:31,631 - INFO - AMN: 1h change of -2.76%
2025-01-19 11:35:31,688 - INFO - AMN: 1wk change of 1.37%
2025-01-19 11:35:31,736 - INFO - AMN: 1mo change of -3.90%
2025-01-19 11:35:32,242 - INFO - Processing AMN - 2024-11-29 16:21:00 UTC
2025-01-19 11:35:32,435 - INFO - Processing AMPG - 2025-01-10 17:15:00 UTC
2025-01-19 11:35:33,466 - INFO - Retrieved article length: 14920 characters
2025-01-19 11:35:33,578 - INFO - AMN: 1h change of -1.12%
2025-01-19 11:35:33,665 - INFO - AMN: 1wk change of 4.91%
2025-01-19 11:35:33,688 - INFO - Retrieved article length: 8775 characters
2025-01-19 11:35:33,754 - INFO - AMN: 1mo change of -38.11%
2025-01-19 11:35:33,778 - INFO - AMPG: 1h change of 6.76%
2025-01-19 11:35:33,863 - INFO - AMPG: 1wk change of -60.51%
2025-01-19 11:35:33,956 - INFO - AMPG: 1mo change of 133.87%
2025-01-19 11:35:34,257 - INFO - Processing AMN - 2024-11-11 17:06:00 UTC
2025-01-19 11:35:34,459 - INFO - Processing AMPG - 2025-01-09 05:20:00 UTC
2025-01-19 11:35:35,378 - INFO - Retrieved article length: 3702 characters
2025-01-19 11:35:35,474 - INFO - AMN: 1h change of -4.40%
2025-01-19 11:35:35,564 - INFO - AMN: 1wk change of -32.79%
2025-01-19 11:35:35,647 - INFO - AMN: 1mo change of -30.07%
2025-01-19 11:35:35,659 - INFO - Retrieved article length: 8782 characters
2025-01-19 11:35:35,755 - INFO - AMPG: 1h change of -29.70%
2025-01-19 11:35:35,849 - INFO - AMPG: 1wk change of -60.62%
2025-01-19 11:35:35,936 - INFO - AMPG: 1mo change of 136.32%
2025-01-19 11:35:36,150 - INFO - Processing AMN - 2024-11-09 15:03:01 UTC
2025-01-19 11:35:36,440 - INFO - Processing AMPG - 2025-01-07 17:28:39 UTC
2025-01-19 11:35:37,302 - INFO - Retrieved article length: 2080 characters
2025-01-19 11:35:37,435 - INFO - AMN: 1h change of -28.50%
2025-01-19 11:35:37,547 - INFO - AMN: 1wk change of -32.78%
2025-01-19 11:35:37,640 - INFO - AMN: 1mo change of -30.07%
2025-01-19 11:35:37,671 - INFO - Retrieved article length: 2597 characters
2025-01-19 11:35:37,761 - INFO - AMPG: 1h change of -46.74%
2025-01-19 11:35:37,837 - INFO - AMPG: 1wk change of -51.70%
2025-01-19 11:35:37,943 - INFO - AMPG: 1mo change of 128.60%
2025-01-19 11:35:38,142 - INFO - Processing AMN - 2024-11-08 20:12:00 UTC
2025-01-19 11:35:38,444 - INFO - Processing AMPG - 2025-01-06 16:30:00 UTC
2025-01-19 11:35:39,371 - INFO - Retrieved article length: 7649 characters
2025-01-19 11:35:39,474 - INFO - AMN: 1h change of -28.99%
2025-01-19 11:35:39,563 - INFO - AMN: 1wk change of -41.51%
2025-01-19 11:35:39,599 - INFO - Retrieved article length: 5136 characters
2025-01-19 11:35:39,657 - INFO - AMN: 1mo change of -29.07%
2025-01-19 11:35:39,685 - INFO - AMPG: 1h change of -16.58%
2025-01-19 11:35:39,824 - INFO - AMPG: 1wk change of -62.70%
2025-01-19 11:35:39,911 - INFO - AMPG: 1mo change of 133.33%
2025-01-19 11:35:40,413 - INFO - Processing AMPG - 2024-12-31 16:30:00 UTC
2025-01-19 11:35:41,336 - INFO - Processing AMPL - 2025-01-17 17:00:00 UTC
2025-01-19 11:35:41,675 - INFO - Retrieved article length: 9003 characters
2025-01-19 11:35:41,762 - INFO - AMPG: 1h change of -13.46%
2025-01-19 11:35:41,851 - INFO - AMPG: 1wk change of -7.69%
2025-01-19 11:35:41,946 - INFO - AMPG: 1mo change of 125.06%
2025-01-19 11:35:42,448 - INFO - Processing AMPG - 2024-12-30 17:15:00 UTC
2025-01-19 11:35:42,571 - INFO - Retrieved article length: 2495 characters
2025-01-19 11:35:42,814 - INFO - AMPL: 1wk change of 2.83%
2025-01-19 11:35:42,918 - INFO - AMPL: 1mo change of -7.31%
2025-01-19 11:35:43,421 - INFO - Processing AMPL - 2025-01-13 15:29:58 UTC
2025-01-19 11:35:43,645 - INFO - Retrieved article length: 4867 characters
2025-01-19 11:35:43,759 - INFO - AMPG: 1h change of -13.46%
2025-01-19 11:35:43,935 - INFO - AMPG: 1wk change of 15.15%
2025-01-19 11:35:44,030 - INFO - AMPG: 1mo change of 118.28%
2025-01-19 11:35:44,532 - INFO - Processing AMPG - 2024-12-26 17:15:00 UTC
2025-01-19 11:35:44,607 - INFO - Retrieved article length: 503 characters
2025-01-19 11:35:44,759 - INFO - AMPL: 1h change of 2.05%
2025-01-19 11:35:44,932 - INFO - AMPL: 1mo change of -5.30%
2025-01-19 11:35:45,438 - INFO - Processing AMPL - 2025-01-06 15:50:15 UTC
2025-01-19 11:35:45,698 - INFO - Retrieved article length: 4865 characters
2025-01-19 11:35:45,796 - INFO - AMPG: 1h change of 81.22%
2025-01-19 11:35:45,884 - INFO - AMPG: 1wk change of 56.41%
2025-01-19 11:35:45,969 - INFO - AMPG: 1mo change of 139.10%
2025-01-19 11:35:46,480 - INFO - Processing AMPG - 2024-12-25 14:40:47 UTC
2025-01-19 11:35:46,528 - INFO - Retrieved article length: 517 characters
2025-01-19 11:35:46,614 - INFO - AMPL: 1h change of -8.38%
2025-01-19 11:35:46,715 - INFO - AMPL: 1wk change of 1.50%
2025-01-19 11:35:46,808 - INFO - AMPL: 1mo change of 1.11%
2025-01-19 11:35:47,311 - INFO - Processing AMPL - 2025-01-01 12:06:21 UTC
2025-01-19 11:35:47,623 - INFO - Retrieved article length: 3919 characters
2025-01-19 11:35:47,721 - INFO - AMPG: 1h change of 127.88%
2025-01-19 11:35:47,797 - INFO - AMPG: 1wk change of 56.41%
2025-01-19 11:35:47,897 - INFO - AMPG: 1mo change of 146.06%
2025-01-19 11:35:48,441 - INFO - Retrieved article length: 6337 characters
2025-01-19 11:35:48,528 - INFO - AMPL: 1h change of 2.78%
2025-01-19 11:35:48,631 - INFO - AMPL: 1wk change of -6.50%
2025-01-19 11:35:48,728 - INFO - AMPL: 1mo change of 4.41%
2025-01-19 11:35:49,230 - INFO - Processing AMPL - 2024-12-16 19:40:13 UTC
2025-01-19 11:35:49,522 - INFO - Processing AMPS - 2025-01-17 18:37:53 UTC
2025-01-19 11:35:50,386 - INFO - Retrieved article length: 2746 characters
2025-01-19 11:35:50,580 - INFO - AMPL: 1wk change of -3.84%
2025-01-19 11:35:50,603 - INFO - Retrieved article length: 4704 characters
2025-01-19 11:35:50,669 - INFO - AMPL: 1mo change of 6.03%
2025-01-19 11:35:50,718 - INFO - AMPS: 1h change of -7.41%
2025-01-19 11:35:50,791 - INFO - AMPS: 1wk change of -13.41%
2025-01-19 11:35:51,170 - INFO - Processing AMPL - 2024-12-13 22:34:16 UTC
2025-01-19 11:35:51,397 - INFO - Processing AMPS - 2024-12-24 00:21:20 UTC
2025-01-19 11:35:52,428 - INFO - Retrieved article length: 482 characters
2025-01-19 11:35:52,528 - INFO - AMPL: 1h change of 5.95%
2025-01-19 11:35:52,632 - INFO - AMPL: 1wk change of 4.56%
2025-01-19 11:35:52,717 - INFO - AMPL: 1mo change of 7.58%
2025-01-19 11:35:52,766 - INFO - Retrieved article length: 1091 characters
2025-01-19 11:35:52,856 - INFO - AMPS: 1h change of 14.25%
2025-01-19 11:35:52,949 - INFO - AMPS: 1wk change of 11.81%
2025-01-19 11:35:53,038 - INFO - AMPS: 1mo change of -1.55%
2025-01-19 11:35:53,219 - INFO - Processing AMPL - 2024-12-13 15:10:44 UTC
2025-01-19 11:35:53,541 - INFO - Processing AMPS - 2024-12-19 16:30:00 UTC
2025-01-19 11:35:54,460 - INFO - Retrieved article length: 520 characters
2025-01-19 11:35:54,477 - INFO - AMPL: 1h change of 5.95%
2025-01-19 11:35:54,482 - INFO - AMPL: 1wk change of 4.56%
2025-01-19 11:35:54,488 - INFO - AMPL: 1mo change of 7.58%
2025-01-19 11:35:54,704 - INFO - Retrieved article length: 2159 characters
2025-01-19 11:35:54,796 - INFO - AMPS: 1h change of -5.22%
2025-01-19 11:35:54,887 - INFO - AMPS: 1wk change of 6.55%
2025-01-19 11:35:54,978 - INFO - AMPS: 1mo change of -7.07%
2025-01-19 11:35:54,990 - INFO - Processing AMPL - 2024-12-11 14:39:39 UTC
2025-01-19 11:35:55,479 - INFO - Processing AMPS - 2024-12-17 16:00:00 UTC
2025-01-19 11:35:56,181 - INFO - Retrieved article length: 4520 characters
2025-01-19 11:35:56,365 - INFO - AMPL: 1wk change of 2.13%
2025-01-19 11:35:56,469 - INFO - AMPL: 1mo change of 4.71%
2025-01-19 11:35:56,666 - INFO - Retrieved article length: 3848 characters
2025-01-19 11:35:56,761 - INFO - AMPS: 1h change of -6.76%
2025-01-19 11:35:56,843 - INFO - AMPS: 1wk change of 7.56%
2025-01-19 11:35:56,944 - INFO - AMPS: 1mo change of 22.51%
2025-01-19 11:35:57,445 - INFO - Processing AMPS - 2024-12-05 16:00:00 UTC
2025-01-19 11:35:58,100 - INFO - Processing AMPX - 2025-01-17 13:59:06 UTC
2025-01-19 11:35:58,638 - INFO - Retrieved article length: 2572 characters
2025-01-19 11:35:58,824 - INFO - AMPS: 1wk change of -11.21%
2025-01-19 11:35:58,916 - INFO - AMPS: 1mo change of 18.90%
2025-01-19 11:35:59,361 - INFO - Retrieved article length: 5851 characters
2025-01-19 11:35:59,417 - INFO - Processing AMPS - 2024-12-03 00:30:00 UTC
2025-01-19 11:35:59,480 - INFO - AMPX: 1h change of -8.94%
2025-01-19 11:35:59,562 - INFO - AMPX: 1wk change of -5.08%
2025-01-19 11:35:59,654 - INFO - AMPX: 1mo change of 96.49%
2025-01-19 11:36:00,169 - INFO - Processing AMPX - 2025-01-14 16:30:00 UTC
2025-01-19 11:36:00,558 - INFO - Retrieved article length: 2164 characters
2025-01-19 11:36:00,669 - INFO - AMPS: 1h change of -6.31%
2025-01-19 11:36:00,754 - INFO - AMPS: 1wk change of -12.85%
2025-01-19 11:36:00,843 - INFO - AMPS: 1mo change of 22.63%
2025-01-19 11:36:01,315 - INFO - Retrieved article length: 8313 characters
2025-01-19 11:36:01,345 - INFO - Processing AMPS - 2024-11-21 16:00:00 UTC
2025-01-19 11:36:01,418 - INFO - AMPX: 1h change of 7.02%
2025-01-19 11:36:01,511 - INFO - AMPX: 1wk change of -12.50%
2025-01-19 11:36:01,605 - INFO - AMPX: 1mo change of 72.31%
2025-01-19 11:36:02,114 - INFO - Processing AMPX - 2025-01-11 18:45:45 UTC
2025-01-19 11:36:02,486 - INFO - Retrieved article length: 3759 characters
2025-01-19 11:36:02,596 - INFO - AMPS: 1h change of 9.91%
2025-01-19 11:36:02,686 - INFO - AMPS: 1wk change of 26.32%
2025-01-19 11:36:02,775 - INFO - AMPS: 1mo change of 14.44%
2025-01-19 11:36:03,278 - INFO - Processing AMPS - 2024-11-14 14:37:18 UTC
2025-01-19 11:36:03,311 - INFO - Retrieved article length: 1350 characters
2025-01-19 11:36:03,412 - INFO - AMPX: 1h change of -7.73%
2025-01-19 11:36:03,502 - INFO - AMPX: 1wk change of 17.48%
2025-01-19 11:36:03,583 - INFO - AMPX: 1mo change of 52.04%
2025-01-19 11:36:04,092 - INFO - Processing AMPX - 2025-01-02 16:30:00 UTC
2025-01-19 11:36:04,527 - INFO - Retrieved article length: 4487 characters
2025-01-19 11:36:04,633 - INFO - AMPS: 1h change of 17.79%
2025-01-19 11:36:04,720 - INFO - AMPS: 1wk change of 17.80%
2025-01-19 11:36:04,814 - INFO - AMPS: 1mo change of 30.91%
2025-01-19 11:36:05,549 - INFO - Retrieved article length: 2205 characters
2025-01-19 11:36:05,646 - INFO - AMPX: 1h change of 22.34%
2025-01-19 11:36:05,727 - INFO - AMPX: 1wk change of 88.95%
2025-01-19 11:36:05,827 - INFO - AMPX: 1mo change of 57.01%
2025-01-19 11:36:06,329 - INFO - Processing AMPX - 2024-12-02 16:30:00 UTC
2025-01-19 11:36:06,449 - INFO - Processing AMRN - 2024-12-16 15:00:00 UTC
2025-01-19 11:36:07,604 - INFO - Retrieved article length: 3062 characters
2025-01-19 11:36:07,604 - INFO - Retrieved article length: 8255 characters
2025-01-19 11:36:07,708 - INFO - AMRN: 1h change of 1.72%
2025-01-19 11:36:07,708 - INFO - AMPX: 1h change of -5.62%
2025-01-19 11:36:07,798 - INFO - AMRN: 1wk change of -4.17%
2025-01-19 11:36:07,892 - INFO - AMPX: 1mo change of 135.97%
2025-01-19 11:36:08,393 - INFO - Processing AMRN - 2024-12-13 17:38:30 UTC
2025-01-19 11:36:08,395 - INFO - Processing AMPX - 2024-11-09 16:43:58 UTC
2025-01-19 11:36:09,588 - INFO - Retrieved article length: 1996 characters
2025-01-19 11:36:09,691 - INFO - AMPX: 1h change of 35.57%
2025-01-19 11:36:09,728 - INFO - Retrieved article length: 471 characters
2025-01-19 11:36:09,782 - INFO - AMPX: 1wk change of 27.81%
2025-01-19 11:36:09,819 - INFO - AMRN: 1h change of -3.26%
2025-01-19 11:36:09,872 - INFO - AMPX: 1mo change of 28.57%
2025-01-19 11:36:09,905 - INFO - AMRN: 1wk change of -9.80%
2025-01-19 11:36:09,980 - INFO - AMRN: 1mo change of -3.51%
2025-01-19 11:36:10,374 - INFO - Processing AMPX - 2024-11-08 00:05:00 UTC
2025-01-19 11:36:10,492 - INFO - Processing AMRN - 2024-12-13 17:00:00 UTC
2025-01-19 11:36:11,499 - INFO - Retrieved article length: 2490 characters
2025-01-19 11:36:11,593 - INFO - AMPX: 1h change of 35.17%
2025-01-19 11:36:11,629 - INFO - Retrieved article length: 5203 characters
2025-01-19 11:36:11,631 - INFO - AMRN: 1h change of -3.26%
2025-01-19 11:36:11,644 - INFO - AMRN: 1wk change of -9.80%
2025-01-19 11:36:11,649 - INFO - AMRN: 1mo change of -3.51%
2025-01-19 11:36:11,678 - INFO - AMPX: 1wk change of 41.33%
2025-01-19 11:36:11,769 - INFO - AMPX: 1mo change of 45.08%
2025-01-19 11:36:12,151 - INFO - Processing AMRN - 2024-11-19 17:35:06 UTC
2025-01-19 11:36:12,271 - INFO - Processing AMPX - 2024-11-04 16:30:00 UTC
2025-01-19 11:36:13,336 - INFO - Retrieved article length: 2922 characters
2025-01-19 11:36:13,469 - INFO - Retrieved article length: 7620 characters
2025-01-19 11:36:13,530 - INFO - AMRN: 1wk change of -12.50%
2025-01-19 11:36:13,568 - INFO - AMPX: 1h change of 1.61%
2025-01-19 11:36:13,652 - INFO - AMPX: 1wk change of 70.80%
2025-01-19 11:36:13,670 - INFO - AMRN: 1mo change of -24.14%
2025-01-19 11:36:13,733 - INFO - AMPX: 1mo change of 84.68%
2025-01-19 11:36:14,174 - INFO - Processing AMRN - 2024-11-11 16:00:00 UTC
2025-01-19 11:36:15,313 - INFO - Retrieved article length: 12710 characters
2025-01-19 11:36:15,401 - INFO - AMRN: 1h change of -2.81%
2025-01-19 11:36:15,434 - INFO - Processing AMRX - 2024-12-04 16:00:00 UTC
2025-01-19 11:36:15,497 - INFO - AMRN: 1wk change of -16.95%
2025-01-19 11:36:15,584 - INFO - AMRN: 1mo change of -20.69%
2025-01-19 11:36:16,097 - INFO - Processing AMRN - 2024-11-01 10:19:31 UTC
2025-01-19 11:36:16,789 - INFO - Retrieved article length: 3518 characters
2025-01-19 11:36:16,902 - INFO - AMRX: 1h change of 3.73%
2025-01-19 11:36:16,982 - INFO - AMRX: 1wk change of -6.56%
2025-01-19 11:36:17,088 - INFO - AMRX: 1mo change of -8.17%
2025-01-19 11:36:17,373 - INFO - Retrieved article length: 5017 characters
2025-01-19 11:36:17,468 - INFO - AMRN: 1h change of -5.23%
2025-01-19 11:36:17,553 - INFO - AMRN: 1wk change of -1.72%
2025-01-19 11:36:17,593 - INFO - Processing AMRX - 2024-11-22 00:05:00 UTC
2025-01-19 11:36:17,649 - INFO - AMRN: 1mo change of -18.33%
2025-01-19 11:36:18,156 - INFO - Processing AMRN - 2024-10-31 16:32:00 UTC
2025-01-19 11:36:18,908 - INFO - Retrieved article length: 7263 characters
2025-01-19 11:36:19,014 - INFO - AMRX: 1h change of 1.15%
2025-01-19 11:36:19,110 - INFO - AMRX: 1wk change of -10.59%
2025-01-19 11:36:19,205 - INFO - AMRX: 1mo change of -8.51%
2025-01-19 11:36:19,332 - INFO - Retrieved article length: 4848 characters
2025-01-19 11:36:19,474 - INFO - AMRN: 1h change of -9.78%
2025-01-19 11:36:19,656 - INFO - AMRN: 1mo change of -13.79%
2025-01-19 11:36:19,711 - INFO - Processing AMRX - 2024-11-10 00:01:03 UTC
2025-01-19 11:36:20,164 - INFO - Processing AMRN - 2024-10-31 09:00:15 UTC
2025-01-19 11:36:20,865 - INFO - Retrieved article length: 4791 characters
2025-01-19 11:36:20,966 - INFO - AMRX: 1h change of 7.73%
2025-01-19 11:36:21,148 - INFO - AMRX: 1mo change of -7.45%
2025-01-19 11:36:21,480 - INFO - Retrieved article length: 35022 characters
2025-01-19 11:36:21,480 - INFO - AMRN: 1h change of -9.78%
2025-01-19 11:36:21,501 - INFO - AMRN: 1mo change of -13.79%
2025-01-19 11:36:21,651 - INFO - Processing AMRX - 2024-11-08 14:00:00 UTC
2025-01-19 11:36:23,175 - INFO - Processing AMSC - 2025-01-17 16:56:00 UTC
2025-01-19 11:36:23,216 - INFO - Retrieved article length: 35804 characters
2025-01-19 11:36:23,315 - INFO - AMRX: 1h change of 2.89%
2025-01-19 11:36:23,502 - INFO - AMRX: 1mo change of -8.44%
2025-01-19 11:36:24,007 - INFO - Processing AMRX - 2024-11-07 15:04:19 UTC
2025-01-19 11:36:24,371 - INFO - Retrieved article length: 5451 characters
2025-01-19 11:36:24,480 - INFO - AMSC: 1h change of -1.42%
2025-01-19 11:36:24,565 - INFO - AMSC: 1wk change of -2.59%
2025-01-19 11:36:24,652 - INFO - AMSC: 1mo change of 7.67%
2025-01-19 11:36:25,165 - INFO - Processing AMSC - 2025-01-10 12:03:42 UTC
2025-01-19 11:36:25,274 - INFO - Retrieved article length: 3363 characters
2025-01-19 11:36:25,375 - INFO - AMRX: 1h change of 4.99%
2025-01-19 11:36:25,561 - INFO - AMRX: 1mo change of -5.26%
2025-01-19 11:36:26,063 - INFO - Processing AMRX - 2024-10-31 17:42:22 UTC
2025-01-19 11:36:26,453 - INFO - Retrieved article length: 6619 characters
2025-01-19 11:36:26,640 - INFO - AMSC: 1wk change of 12.91%
2025-01-19 11:36:26,709 - INFO - AMSC: 1mo change of -10.87%
2025-01-19 11:36:27,178 - INFO - Retrieved article length: 4028 characters
2025-01-19 11:36:27,225 - INFO - Processing AMSC - 2025-01-09 12:02:24 UTC
2025-01-19 11:36:27,360 - INFO - AMRX: 1wk change of 3.07%
2025-01-19 11:36:27,447 - INFO - AMRX: 1mo change of 5.51%
2025-01-19 11:36:27,948 - INFO - Processing AMRX - 2024-10-21 15:00:00 UTC
2025-01-19 11:36:28,482 - INFO - Retrieved article length: 6587 characters
2025-01-19 11:36:28,568 - INFO - AMSC: 1h change of -3.87%
2025-01-19 11:36:28,673 - INFO - AMSC: 1wk change of 10.36%
2025-01-19 11:36:28,760 - INFO - AMSC: 1mo change of -20.29%
2025-01-19 11:36:29,161 - INFO - Retrieved article length: 5755 characters
2025-01-19 11:36:29,264 - INFO - Processing AMSC - 2025-01-08 12:01:29 UTC
2025-01-19 11:36:29,266 - INFO - AMRX: 1h change of -1.74%
2025-01-19 11:36:29,442 - INFO - AMRX: 1mo change of -4.44%
2025-01-19 11:36:30,480 - INFO - Retrieved article length: 6299 characters
2025-01-19 11:36:30,580 - INFO - AMSC: 1h change of -9.52%
2025-01-19 11:36:30,665 - INFO - AMSC: 1wk change of 10.36%
2025-01-19 11:36:30,751 - INFO - AMSC: 1mo change of -21.06%
2025-01-19 11:36:31,061 - INFO - Processing AMST - 2025-01-11 15:34:18 UTC
2025-01-19 11:36:31,266 - INFO - Processing AMSC - 2025-01-02 12:03:08 UTC
2025-01-19 11:36:32,255 - INFO - Retrieved article length: 4229 characters
2025-01-19 11:36:32,352 - INFO - AMST: 1h change of 11.72%
2025-01-19 11:36:32,431 - INFO - AMST: 1wk change of -24.04%
2025-01-19 11:36:32,485 - INFO - Retrieved article length: 3612 characters
2025-01-19 11:36:32,531 - INFO - AMST: 1mo change of -14.32%
2025-01-19 11:36:32,586 - INFO - AMSC: 1h change of 14.04%
2025-01-19 11:36:32,668 - INFO - AMSC: 1wk change of 6.99%
2025-01-19 11:36:32,757 - INFO - AMSC: 1mo change of -18.35%
2025-01-19 11:36:33,033 - INFO - Processing AMST - 2025-01-09 01:54:01 UTC
2025-01-19 11:36:33,270 - INFO - Processing AMSC - 2024-12-25 12:06:56 UTC
2025-01-19 11:36:34,326 - INFO - Retrieved article length: 515 characters
2025-01-19 11:36:34,430 - INFO - AMST: 1h change of 15.71%
2025-01-19 11:36:34,522 - INFO - AMST: 1wk change of -32.87%
2025-01-19 11:36:34,564 - INFO - Retrieved article length: 6172 characters
2025-01-19 11:36:34,609 - INFO - AMST: 1mo change of 1.52%
2025-01-19 11:36:34,668 - INFO - AMSC: 1h change of 4.50%
2025-01-19 11:36:34,772 - INFO - AMSC: 1wk change of 11.25%
2025-01-19 11:36:34,855 - INFO - AMSC: 1mo change of -10.75%
2025-01-19 11:36:35,111 - INFO - Processing AMST - 2025-01-09 00:30:00 UTC
2025-01-19 11:36:35,360 - INFO - Processing AMSC - 2024-12-19 16:21:00 UTC
2025-01-19 11:36:36,263 - INFO - Retrieved article length: 4509 characters
2025-01-19 11:36:36,304 - INFO - AMST: 1h change of 15.71%
2025-01-19 11:36:36,315 - INFO - AMST: 1wk change of -32.87%
2025-01-19 11:36:36,364 - INFO - AMST: 1mo change of 1.52%
2025-01-19 11:36:36,579 - INFO - Retrieved article length: 5703 characters
2025-01-19 11:36:36,689 - INFO - AMSC: 1h change of 1.29%
2025-01-19 11:36:36,772 - INFO - AMSC: 1wk change of -12.77%
2025-01-19 11:36:36,872 - INFO - Processing AMST - 2025-01-07 23:38:35 UTC
2025-01-19 11:36:36,872 - INFO - AMSC: 1mo change of -12.85%
2025-01-19 11:36:37,375 - INFO - Processing AMSC - 2024-12-18 21:45:52 UTC
2025-01-19 11:36:38,120 - INFO - Retrieved article length: 505 characters
2025-01-19 11:36:38,223 - INFO - AMST: 1h change of -41.21%
2025-01-19 11:36:38,319 - INFO - AMST: 1wk change of -35.87%
2025-01-19 11:36:38,410 - INFO - AMST: 1mo change of 6.01%
2025-01-19 11:36:38,609 - INFO - Retrieved article length: 4178 characters
2025-01-19 11:36:38,706 - INFO - AMSC: 1h change of -8.08%
2025-01-19 11:36:38,804 - INFO - AMSC: 1wk change of -12.77%
2025-01-19 11:36:38,900 - INFO - AMSC: 1mo change of -24.12%
2025-01-19 11:36:38,916 - INFO - Processing AMST - 2025-01-07 21:45:02 UTC
2025-01-19 11:36:40,075 - INFO - Retrieved article length: 479 characters
2025-01-19 11:36:40,091 - INFO - AMST: 1h change of -41.21%
2025-01-19 11:36:40,100 - INFO - AMST: 1wk change of -35.87%
2025-01-19 11:36:40,153 - INFO - AMST: 1mo change of 6.01%
2025-01-19 11:36:40,521 - INFO - Processing AMT - 2025-01-16 19:00:00 UTC
2025-01-19 11:36:40,655 - INFO - Processing AMST - 2025-01-07 16:35:00 UTC
2025-01-19 11:36:41,657 - INFO - Retrieved article length: 4077 characters
2025-01-19 11:36:41,765 - INFO - AMT: 1h change of 6.11%
2025-01-19 11:36:41,867 - INFO - AMT: 1wk change of 5.62%
2025-01-19 11:36:41,987 - INFO - Retrieved article length: 4633 characters
2025-01-19 11:36:41,996 - INFO - AMST: 1h change of -41.21%
2025-01-19 11:36:42,000 - INFO - AMST: 1wk change of -35.87%
2025-01-19 11:36:42,015 - INFO - AMT: 1mo change of -2.92%
2025-01-19 11:36:42,051 - INFO - AMST: 1mo change of 6.01%
2025-01-19 11:36:42,521 - INFO - Processing AMT - 2025-01-15 16:18:27 UTC
2025-01-19 11:36:42,552 - INFO - Processing AMST - 2025-01-07 01:32:56 UTC
2025-01-19 11:36:43,621 - INFO - Retrieved article length: 523 characters
2025-01-19 11:36:43,720 - INFO - AMT: 1h change of 8.91%
2025-01-19 11:36:43,791 - INFO - Retrieved article length: 491 characters
2025-01-19 11:36:43,807 - INFO - AMST: 1h change of -41.21%
2025-01-19 11:36:43,818 - INFO - AMST: 1wk change of -35.87%
2025-01-19 11:36:43,823 - INFO - AMT: 1wk change of 5.62%
2025-01-19 11:36:43,870 - INFO - AMST: 1mo change of 6.01%
2025-01-19 11:36:43,919 - INFO - AMT: 1mo change of -3.76%
2025-01-19 11:36:44,372 - INFO - Processing AMST - 2025-01-07 00:59:00 UTC
2025-01-19 11:36:44,434 - INFO - Processing AMT - 2025-01-14 19:44:56 UTC
2025-01-19 11:36:45,526 - INFO - Retrieved article length: 5431 characters
2025-01-19 11:36:45,526 - INFO - Retrieved article length: 4509 characters
2025-01-19 11:36:45,543 - INFO - AMST: 1h change of -41.21%
2025-01-19 11:36:45,549 - INFO - AMST: 1wk change of -35.87%
2025-01-19 11:36:45,592 - INFO - AMST: 1mo change of 6.01%
2025-01-19 11:36:45,608 - INFO - AMT: 1h change of 3.33%
2025-01-19 11:36:45,710 - INFO - AMT: 1wk change of 5.62%
2025-01-19 11:36:45,835 - INFO - AMT: 1mo change of -3.73%
2025-01-19 11:36:46,338 - INFO - Processing AMT - 2025-01-13 18:41:02 UTC
2025-01-19 11:36:47,334 - INFO - Processing AMTM - 2025-01-09 16:15:00 UTC
2025-01-19 11:36:47,364 - INFO - Retrieved article length: 528 characters
2025-01-19 11:36:47,504 - INFO - AMT: 1h change of 2.45%
2025-01-19 11:36:47,604 - INFO - AMT: 1wk change of 4.29%
2025-01-19 11:36:47,716 - INFO - AMT: 1mo change of -8.11%
2025-01-19 11:36:48,219 - INFO - Processing AMT - 2025-01-10 17:44:12 UTC
2025-01-19 11:36:48,577 - INFO - Retrieved article length: 2498 characters
2025-01-19 11:36:48,685 - INFO - AMTM: 1h change of 3.37%
2025-01-19 11:36:48,769 - INFO - AMTM: 1wk change of 2.20%
2025-01-19 11:36:49,341 - INFO - Retrieved article length: 12302 characters
2025-01-19 11:36:49,362 - INFO - Processing AMTM - 2025-01-07 16:15:00 UTC
2025-01-19 11:36:49,431 - INFO - AMT: 1h change of -1.96%
2025-01-19 11:36:49,556 - INFO - AMT: 1wk change of 3.81%
2025-01-19 11:36:49,661 - INFO - AMT: 1mo change of -7.25%
2025-01-19 11:36:50,166 - INFO - Processing AMT - 2025-01-09 02:15:20 UTC
2025-01-19 11:36:50,556 - INFO - Retrieved article length: 3580 characters
2025-01-19 11:36:50,659 - INFO - AMTM: 1h change of -6.08%
2025-01-19 11:36:50,750 - INFO - AMTM: 1wk change of 3.36%
2025-01-19 11:36:50,847 - INFO - AMTM: 1mo change of -6.10%
2025-01-19 11:36:51,310 - INFO - Retrieved article length: 3394 characters
2025-01-19 11:36:51,352 - INFO - Processing AMTM - 2024-12-25 15:35:45 UTC
2025-01-19 11:36:51,397 - INFO - AMT: 1h change of -3.29%
2025-01-19 11:36:51,499 - INFO - AMT: 1wk change of 4.66%
2025-01-19 11:36:51,613 - INFO - AMT: 1mo change of -8.17%
2025-01-19 11:36:52,114 - INFO - Processing AMT - 2025-01-08 14:33:00 UTC
2025-01-19 11:36:52,517 - INFO - Retrieved article length: 5985 characters
2025-01-19 11:36:52,605 - INFO - AMTM: 1h change of 5.81%
2025-01-19 11:36:52,704 - INFO - AMTM: 1wk change of -5.09%
2025-01-19 11:36:52,793 - INFO - AMTM: 1mo change of 1.70%
2025-01-19 11:36:53,299 - INFO - Processing AMTM - 2024-12-19 16:15:00 UTC
2025-01-19 11:36:53,437 - INFO - Retrieved article length: 5469 characters
2025-01-19 11:36:53,519 - INFO - AMT: 1h change of -1.97%
2025-01-19 11:36:53,736 - INFO - AMT: 1wk change of 4.66%
2025-01-19 11:36:53,851 - INFO - AMT: 1mo change of -7.43%
2025-01-19 11:36:54,364 - INFO - Processing AMT - 2025-01-07 15:42:59 UTC
2025-01-19 11:36:54,499 - INFO - Retrieved article length: 5393 characters
2025-01-19 11:36:54,587 - INFO - AMTM: 1h change of -13.06%
2025-01-19 11:36:54,679 - INFO - AMTM: 1wk change of -13.77%
2025-01-19 11:36:54,775 - INFO - AMTM: 1mo change of -13.71%
2025-01-19 11:36:55,276 - INFO - Processing AMTM - 2024-12-17 00:30:00 UTC
2025-01-19 11:36:55,846 - INFO - Retrieved article length: 498 characters
2025-01-19 11:36:55,936 - INFO - AMT: 1h change of -1.97%
2025-01-19 11:36:56,048 - INFO - AMT: 1wk change of 4.48%
2025-01-19 11:36:56,202 - INFO - AMT: 1mo change of -7.56%
2025-01-19 11:36:57,056 - INFO - Retrieved article length: 31343 characters
2025-01-19 11:36:57,197 - INFO - AMTM: 1h change of -14.54%
2025-01-19 11:36:57,281 - INFO - AMTM: 1wk change of -13.31%
2025-01-19 11:36:57,381 - INFO - AMTM: 1mo change of -27.05%
2025-01-19 11:36:57,885 - INFO - Processing AMTM - 2024-12-11 16:15:00 UTC
2025-01-19 11:36:57,928 - INFO - Processing AMTX - 2025-01-13 16:00:00 UTC
2025-01-19 11:36:59,105 - INFO - Retrieved article length: 4983 characters
2025-01-19 11:36:59,168 - INFO - Retrieved article length: 6469 characters
2025-01-19 11:36:59,184 - INFO - AMTM: 1h change of 1.19%
2025-01-19 11:36:59,282 - INFO - AMTM: 1wk change of -19.66%
2025-01-19 11:36:59,289 - INFO - AMTX: 1h change of -7.83%
2025-01-19 11:36:59,360 - INFO - AMTX: 1wk change of -4.38%
2025-01-19 11:36:59,360 - INFO - AMTM: 1mo change of -25.16%
2025-01-19 11:36:59,448 - INFO - AMTX: 1mo change of -9.84%
2025-01-19 11:36:59,875 - INFO - Processing AMTM - 2024-12-10 17:34:08 UTC
2025-01-19 11:36:59,963 - INFO - Processing AMTX - 2025-01-07 16:00:00 UTC
2025-01-19 11:37:00,985 - INFO - Retrieved article length: 2129 characters
2025-01-19 11:37:01,074 - INFO - AMTM: 1h change of 2.22%
2025-01-19 11:37:01,163 - INFO - AMTM: 1wk change of -20.66%
2025-01-19 11:37:01,195 - INFO - Retrieved article length: 6139 characters
2025-01-19 11:37:01,248 - INFO - AMTM: 1mo change of -23.93%
2025-01-19 11:37:01,286 - INFO - AMTX: 1h change of -5.97%
2025-01-19 11:37:01,370 - INFO - AMTX: 1wk change of -2.85%
2025-01-19 11:37:01,478 - INFO - AMTX: 1mo change of -22.83%
2025-01-19 11:37:01,751 - INFO - Processing AMTM - 2024-12-10 00:03:11 UTC
2025-01-19 11:37:01,980 - INFO - Processing AMTX - 2024-12-26 13:12:08 UTC
2025-01-19 11:37:03,057 - INFO - Retrieved article length: 158 characters
2025-01-19 11:37:03,057 - INFO - AMTM: 1h change of 2.22%
2025-01-19 11:37:03,069 - INFO - AMTM: 1wk change of -20.66%
2025-01-19 11:37:03,076 - INFO - AMTM: 1mo change of -23.93%
2025-01-19 11:37:03,167 - INFO - Retrieved article length: 4126 characters
2025-01-19 11:37:03,246 - INFO - AMTX: 1h change of 6.03%
2025-01-19 11:37:03,331 - INFO - AMTX: 1wk change of 1.71%
2025-01-19 11:37:03,426 - INFO - AMTX: 1mo change of -30.56%
2025-01-19 11:37:03,928 - INFO - Processing AMTX - 2024-12-22 17:59:56 UTC
2025-01-19 11:37:04,698 - INFO - Processing AMZN - 2025-01-19 06:14:12 UTC
2025-01-19 11:37:05,126 - INFO - Retrieved article length: 7594 characters
2025-01-19 11:37:05,232 - INFO - AMTX: 1h change of -6.66%
2025-01-19 11:37:05,384 - INFO - AMTX: 1wk change of -11.80%
2025-01-19 11:37:05,513 - INFO - AMTX: 1mo change of -24.87%
2025-01-19 11:37:05,888 - INFO - Retrieved article length: 196 characters
2025-01-19 11:37:06,021 - INFO - Processing AMTX - 2024-12-17 19:04:28 UTC
2025-01-19 11:37:06,076 - INFO - AMZN: 1wk change of 3.20%
2025-01-19 11:37:06,174 - INFO - AMZN: 1mo change of -3.00%
2025-01-19 11:37:06,676 - INFO - Processing AMZN - 2025-01-19 03:00:39 UTC
2025-01-19 11:37:07,323 - INFO - Retrieved article length: 510 characters
2025-01-19 11:37:07,414 - INFO - AMTX: 1h change of -8.92%
2025-01-19 11:37:07,489 - INFO - AMTX: 1wk change of -9.21%
2025-01-19 11:37:07,591 - INFO - AMTX: 1mo change of -38.53%
2025-01-19 11:37:07,813 - INFO - Retrieved article length: 8511 characters
2025-01-19 11:37:07,920 - INFO - AMZN: 1wk change of 3.20%
2025-01-19 11:37:07,971 - INFO - AMZN: 1mo change of -3.00%
2025-01-19 11:37:08,093 - INFO - Processing AMTX - 2024-12-17 16:00:00 UTC
2025-01-19 11:37:08,483 - INFO - Processing AMZN - 2025-01-19 02:50:00 UTC
2025-01-19 11:37:09,380 - INFO - Retrieved article length: 7222 characters
2025-01-19 11:37:09,380 - INFO - AMTX: 1h change of -8.92%
2025-01-19 11:37:09,398 - INFO - AMTX: 1wk change of -9.21%
2025-01-19 11:37:09,440 - INFO - AMTX: 1mo change of -38.53%
2025-01-19 11:37:09,949 - INFO - Processing AMTX - 2024-12-12 02:20:00 UTC
2025-01-19 11:37:09,955 - INFO - Retrieved article length: 7606 characters
2025-01-19 11:37:10,061 - INFO - AMZN: 1wk change of 3.20%
2025-01-19 11:37:10,107 - INFO - AMZN: 1mo change of -3.00%
2025-01-19 11:37:10,618 - INFO - Processing AMZN - 2025-01-18 18:29:13 UTC
2025-01-19 11:37:11,137 - INFO - Retrieved article length: 2196 characters
2025-01-19 11:37:11,236 - INFO - AMTX: 1h change of -5.21%
2025-01-19 11:37:11,315 - INFO - AMTX: 1wk change of -34.34%
2025-01-19 11:37:11,404 - INFO - AMTX: 1mo change of -7.74%
2025-01-19 11:37:11,689 - INFO - Retrieved article length: 6946 characters
2025-01-19 11:37:11,806 - INFO - AMZN: 1h change of 1.26%
2025-01-19 11:37:11,895 - INFO - AMZN: 1wk change of 1.72%
2025-01-19 11:37:11,918 - INFO - Processing AMTX - 2024-12-10 16:00:00 UTC
2025-01-19 11:37:11,989 - INFO - AMZN: 1mo change of -3.00%
2025-01-19 11:37:12,500 - INFO - Processing AMZN - 2025-01-18 16:45:00 UTC
2025-01-19 11:37:13,101 - INFO - Retrieved article length: 7467 characters
2025-01-19 11:37:13,201 - INFO - AMTX: 1h change of -3.76%
2025-01-19 11:37:13,290 - INFO - AMTX: 1wk change of -32.46%
2025-01-19 11:37:13,373 - INFO - AMTX: 1mo change of -11.43%
2025-01-19 11:37:13,722 - INFO - Retrieved article length: 6356 characters
2025-01-19 11:37:13,772 - INFO - AMZN: 1h change of 1.26%
2025-01-19 11:37:13,827 - INFO - AMZN: 1wk change of 1.72%
2025-01-19 11:37:13,882 - INFO - AMZN: 1mo change of -3.00%
2025-01-19 11:37:14,387 - INFO - Processing AMZN - 2025-01-18 16:15:32 UTC
2025-01-19 11:37:15,599 - INFO - Retrieved article length: 2065 characters
2025-01-19 11:37:15,648 - INFO - AMZN: 1h change of 1.26%
2025-01-19 11:37:15,690 - INFO - AMZN: 1wk change of 1.72%
2025-01-19 11:37:15,745 - INFO - AMZN: 1mo change of -3.00%
2025-01-19 11:37:16,255 - INFO - Processing AMZN - 2025-01-18 15:55:47 UTC
2025-01-19 11:37:17,307 - INFO - Retrieved article length: 1773 characters
2025-01-19 11:37:17,361 - INFO - AMZN: 1h change of 1.26%
2025-01-19 11:37:17,399 - INFO - AMZN: 1wk change of 1.72%
2025-01-19 11:37:17,454 - INFO - AMZN: 1mo change of -3.00%
2025-01-19 11:37:17,966 - INFO - Processing AMZN - 2025-01-18 14:50:00 UTC
2025-01-19 11:37:19,243 - INFO - Retrieved article length: 6123 characters
2025-01-19 11:37:19,291 - INFO - AMZN: 1h change of 1.26%
2025-01-19 11:37:19,343 - INFO - AMZN: 1wk change of 1.72%
2025-01-19 11:37:19,395 - INFO - AMZN: 1mo change of -3.00%
